[2023-01-01 11:52:12,755] {taskinstance.py:1159} INFO - Dependencies all met for <TaskInstance: populating_platform.dag6_load_to_bigquery scheduled__2022-12-31T11:51:48.990648+00:00 [queued]>
[2023-01-01 11:52:12,763] {taskinstance.py:1159} INFO - Dependencies all met for <TaskInstance: populating_platform.dag6_load_to_bigquery scheduled__2022-12-31T11:51:48.990648+00:00 [queued]>
[2023-01-01 11:52:12,763] {taskinstance.py:1356} INFO - 
--------------------------------------------------------------------------------
[2023-01-01 11:52:12,763] {taskinstance.py:1357} INFO - Starting attempt 1 of 1
[2023-01-01 11:52:12,763] {taskinstance.py:1358} INFO - 
--------------------------------------------------------------------------------
[2023-01-01 11:52:12,774] {taskinstance.py:1377} INFO - Executing <Task(_PythonDecoratedOperator): dag6_load_to_bigquery> on 2022-12-31 11:51:48.990648+00:00
[2023-01-01 11:52:12,849] {standard_task_runner.py:52} INFO - Started process 4458 to run task
[2023-01-01 11:52:12,851] {standard_task_runner.py:79} INFO - Running: ['***', 'tasks', 'run', 'populating_platform', 'dag6_load_to_bigquery', 'scheduled__2022-12-31T11:51:48.990648+00:00', '--job-id', '8', '--raw', '--subdir', 'DAGS_FOLDER/populating_platform.py', '--cfg-path', '/tmp/tmpvr3n1mka', '--error-file', '/tmp/tmppiu2t3tj']
[2023-01-01 11:52:12,852] {standard_task_runner.py:80} INFO - Job 8: Subtask dag6_load_to_bigquery
[2023-01-01 11:52:12,892] {task_command.py:369} INFO - Running <TaskInstance: populating_platform.dag6_load_to_bigquery scheduled__2022-12-31T11:51:48.990648+00:00 [running]> on host fd91d50c498d
[2023-01-01 11:52:12,944] {taskinstance.py:1571} INFO - Exporting the following env vars:
AIRFLOW_CTX_DAG_OWNER=***
AIRFLOW_CTX_DAG_ID=populating_platform
AIRFLOW_CTX_TASK_ID=dag6_load_to_bigquery
AIRFLOW_CTX_EXECUTION_DATE=2022-12-31T11:51:48.990648+00:00
AIRFLOW_CTX_TRY_NUMBER=1
AIRFLOW_CTX_DAG_RUN_ID=scheduled__2022-12-31T11:51:48.990648+00:00
[2023-01-01 11:52:17,155] {python.py:173} INFO - Done. Returned value was: None
[2023-01-01 11:52:17,165] {taskinstance.py:1400} INFO - Marking task as SUCCESS. dag_id=populating_platform, task_id=dag6_load_to_bigquery, execution_date=20221231T115148, start_date=20230101T115212, end_date=20230101T115217
[2023-01-01 11:52:17,196] {local_task_job.py:156} INFO - Task exited with return code 0
[2023-01-01 11:52:17,219] {local_task_job.py:273} INFO - 0 downstream tasks scheduled from follow-on schedule check
