[2022-12-21 16:54:58,130] {processor.py:153} INFO - Started process (PID=22062) to work on /opt/airflow/dags/extract_data.py
[2022-12-21 16:54:58,130] {processor.py:641} INFO - Processing file /opt/airflow/dags/extract_data.py for tasks to queue
[2022-12-21 16:54:58,131] {logging_mixin.py:115} INFO - [2022-12-21 16:54:58,130] {dagbag.py:507} INFO - Filling up the DagBag from /opt/airflow/dags/extract_data.py
[2022-12-21 16:54:58,345] {processor.py:651} INFO - DAG(s) dict_keys(['load_rates']) retrieved from /opt/airflow/dags/extract_data.py
[2022-12-21 16:54:58,402] {logging_mixin.py:115} INFO - [2022-12-21 16:54:58,401] {dag.py:2371} INFO - Sync 1 DAGs
[2022-12-21 16:54:58,417] {logging_mixin.py:115} INFO - [2022-12-21 16:54:58,417] {dag.py:2919} INFO - Setting next_dagrun for load_rates to 2022-12-21T14:00:22.349681+00:00, run_after=2022-12-22T14:00:22.349681+00:00
[2022-12-21 16:54:58,430] {processor.py:161} INFO - Processing /opt/airflow/dags/extract_data.py took 0.302 seconds
[2022-12-21 16:55:28,789] {processor.py:153} INFO - Started process (PID=22128) to work on /opt/airflow/dags/extract_data.py
[2022-12-21 16:55:28,789] {processor.py:641} INFO - Processing file /opt/airflow/dags/extract_data.py for tasks to queue
[2022-12-21 16:55:28,790] {logging_mixin.py:115} INFO - [2022-12-21 16:55:28,789] {dagbag.py:507} INFO - Filling up the DagBag from /opt/airflow/dags/extract_data.py
[2022-12-21 16:55:28,960] {processor.py:651} INFO - DAG(s) dict_keys(['load_rates']) retrieved from /opt/airflow/dags/extract_data.py
[2022-12-21 16:55:29,005] {logging_mixin.py:115} INFO - [2022-12-21 16:55:29,004] {dag.py:2371} INFO - Sync 1 DAGs
[2022-12-21 16:55:29,017] {logging_mixin.py:115} INFO - [2022-12-21 16:55:29,017] {dag.py:2919} INFO - Setting next_dagrun for load_rates to 2022-12-21T14:00:22.349681+00:00, run_after=2022-12-22T14:00:22.349681+00:00
[2022-12-21 16:55:29,026] {processor.py:161} INFO - Processing /opt/airflow/dags/extract_data.py took 0.241 seconds
[2022-12-21 16:55:59,264] {processor.py:153} INFO - Started process (PID=22192) to work on /opt/airflow/dags/extract_data.py
[2022-12-21 16:55:59,265] {processor.py:641} INFO - Processing file /opt/airflow/dags/extract_data.py for tasks to queue
[2022-12-21 16:55:59,266] {logging_mixin.py:115} INFO - [2022-12-21 16:55:59,265] {dagbag.py:507} INFO - Filling up the DagBag from /opt/airflow/dags/extract_data.py
[2022-12-21 16:55:59,453] {processor.py:651} INFO - DAG(s) dict_keys(['load_rates']) retrieved from /opt/airflow/dags/extract_data.py
[2022-12-21 16:55:59,507] {logging_mixin.py:115} INFO - [2022-12-21 16:55:59,506] {dag.py:2371} INFO - Sync 1 DAGs
[2022-12-21 16:55:59,520] {logging_mixin.py:115} INFO - [2022-12-21 16:55:59,520] {dag.py:2919} INFO - Setting next_dagrun for load_rates to 2022-12-21T14:00:22.349681+00:00, run_after=2022-12-22T14:00:22.349681+00:00
[2022-12-21 16:55:59,530] {processor.py:161} INFO - Processing /opt/airflow/dags/extract_data.py took 0.268 seconds
[2022-12-21 16:56:29,594] {processor.py:153} INFO - Started process (PID=22251) to work on /opt/airflow/dags/extract_data.py
[2022-12-21 16:56:29,595] {processor.py:641} INFO - Processing file /opt/airflow/dags/extract_data.py for tasks to queue
[2022-12-21 16:56:29,595] {logging_mixin.py:115} INFO - [2022-12-21 16:56:29,595] {dagbag.py:507} INFO - Filling up the DagBag from /opt/airflow/dags/extract_data.py
[2022-12-21 16:56:29,770] {processor.py:651} INFO - DAG(s) dict_keys(['load_rates']) retrieved from /opt/airflow/dags/extract_data.py
[2022-12-21 16:56:29,813] {logging_mixin.py:115} INFO - [2022-12-21 16:56:29,812] {dag.py:2371} INFO - Sync 1 DAGs
[2022-12-21 16:56:29,828] {logging_mixin.py:115} INFO - [2022-12-21 16:56:29,828] {dag.py:2919} INFO - Setting next_dagrun for load_rates to 2022-12-21T14:00:22.349681+00:00, run_after=2022-12-22T14:00:22.349681+00:00
[2022-12-21 16:56:29,839] {processor.py:161} INFO - Processing /opt/airflow/dags/extract_data.py took 0.247 seconds
[2022-12-21 16:57:00,121] {processor.py:153} INFO - Started process (PID=22318) to work on /opt/airflow/dags/extract_data.py
[2022-12-21 16:57:00,121] {processor.py:641} INFO - Processing file /opt/airflow/dags/extract_data.py for tasks to queue
[2022-12-21 16:57:00,122] {logging_mixin.py:115} INFO - [2022-12-21 16:57:00,122] {dagbag.py:507} INFO - Filling up the DagBag from /opt/airflow/dags/extract_data.py
[2022-12-21 16:57:00,308] {processor.py:651} INFO - DAG(s) dict_keys(['load_rates']) retrieved from /opt/airflow/dags/extract_data.py
[2022-12-21 16:57:00,353] {logging_mixin.py:115} INFO - [2022-12-21 16:57:00,352] {dag.py:2371} INFO - Sync 1 DAGs
[2022-12-21 16:57:00,366] {logging_mixin.py:115} INFO - [2022-12-21 16:57:00,366] {dag.py:2919} INFO - Setting next_dagrun for load_rates to 2022-12-21T14:00:22.349681+00:00, run_after=2022-12-22T14:00:22.349681+00:00
[2022-12-21 16:57:00,375] {processor.py:161} INFO - Processing /opt/airflow/dags/extract_data.py took 0.258 seconds
[2022-12-21 16:57:30,496] {processor.py:153} INFO - Started process (PID=22385) to work on /opt/airflow/dags/extract_data.py
[2022-12-21 16:57:30,497] {processor.py:641} INFO - Processing file /opt/airflow/dags/extract_data.py for tasks to queue
[2022-12-21 16:57:30,497] {logging_mixin.py:115} INFO - [2022-12-21 16:57:30,497] {dagbag.py:507} INFO - Filling up the DagBag from /opt/airflow/dags/extract_data.py
[2022-12-21 16:57:30,669] {processor.py:651} INFO - DAG(s) dict_keys(['load_rates']) retrieved from /opt/airflow/dags/extract_data.py
[2022-12-21 16:57:30,714] {logging_mixin.py:115} INFO - [2022-12-21 16:57:30,713] {dag.py:2371} INFO - Sync 1 DAGs
[2022-12-21 16:57:30,728] {logging_mixin.py:115} INFO - [2022-12-21 16:57:30,728] {dag.py:2919} INFO - Setting next_dagrun for load_rates to 2022-12-21T14:00:22.349681+00:00, run_after=2022-12-22T14:00:22.349681+00:00
[2022-12-21 16:57:30,737] {processor.py:161} INFO - Processing /opt/airflow/dags/extract_data.py took 0.243 seconds
[2022-12-21 16:58:00,862] {processor.py:153} INFO - Started process (PID=22449) to work on /opt/airflow/dags/extract_data.py
[2022-12-21 16:58:00,862] {processor.py:641} INFO - Processing file /opt/airflow/dags/extract_data.py for tasks to queue
[2022-12-21 16:58:00,863] {logging_mixin.py:115} INFO - [2022-12-21 16:58:00,863] {dagbag.py:507} INFO - Filling up the DagBag from /opt/airflow/dags/extract_data.py
[2022-12-21 16:58:01,029] {processor.py:651} INFO - DAG(s) dict_keys(['load_rates']) retrieved from /opt/airflow/dags/extract_data.py
[2022-12-21 16:58:01,076] {logging_mixin.py:115} INFO - [2022-12-21 16:58:01,075] {dag.py:2371} INFO - Sync 1 DAGs
[2022-12-21 16:58:01,089] {logging_mixin.py:115} INFO - [2022-12-21 16:58:01,089] {dag.py:2919} INFO - Setting next_dagrun for load_rates to 2022-12-21T14:00:22.349681+00:00, run_after=2022-12-22T14:00:22.349681+00:00
[2022-12-21 16:58:01,100] {processor.py:161} INFO - Processing /opt/airflow/dags/extract_data.py took 0.240 seconds
[2022-12-21 16:58:31,318] {processor.py:153} INFO - Started process (PID=22508) to work on /opt/airflow/dags/extract_data.py
[2022-12-21 16:58:31,319] {processor.py:641} INFO - Processing file /opt/airflow/dags/extract_data.py for tasks to queue
[2022-12-21 16:58:31,319] {logging_mixin.py:115} INFO - [2022-12-21 16:58:31,319] {dagbag.py:507} INFO - Filling up the DagBag from /opt/airflow/dags/extract_data.py
[2022-12-21 16:58:31,504] {processor.py:651} INFO - DAG(s) dict_keys(['load_rates']) retrieved from /opt/airflow/dags/extract_data.py
[2022-12-21 16:58:31,554] {logging_mixin.py:115} INFO - [2022-12-21 16:58:31,554] {dag.py:2371} INFO - Sync 1 DAGs
[2022-12-21 16:58:31,571] {logging_mixin.py:115} INFO - [2022-12-21 16:58:31,570] {dag.py:2919} INFO - Setting next_dagrun for load_rates to 2022-12-21T14:00:22.349681+00:00, run_after=2022-12-22T14:00:22.349681+00:00
[2022-12-21 16:58:31,582] {processor.py:161} INFO - Processing /opt/airflow/dags/extract_data.py took 0.266 seconds
[2022-12-21 16:59:01,891] {processor.py:153} INFO - Started process (PID=22574) to work on /opt/airflow/dags/extract_data.py
[2022-12-21 16:59:01,892] {processor.py:641} INFO - Processing file /opt/airflow/dags/extract_data.py for tasks to queue
[2022-12-21 16:59:01,892] {logging_mixin.py:115} INFO - [2022-12-21 16:59:01,892] {dagbag.py:507} INFO - Filling up the DagBag from /opt/airflow/dags/extract_data.py
[2022-12-21 16:59:02,060] {processor.py:651} INFO - DAG(s) dict_keys(['load_rates']) retrieved from /opt/airflow/dags/extract_data.py
[2022-12-21 16:59:02,112] {logging_mixin.py:115} INFO - [2022-12-21 16:59:02,111] {dag.py:2371} INFO - Sync 1 DAGs
[2022-12-21 16:59:02,130] {logging_mixin.py:115} INFO - [2022-12-21 16:59:02,130] {dag.py:2919} INFO - Setting next_dagrun for load_rates to 2022-12-21T14:00:22.349681+00:00, run_after=2022-12-22T14:00:22.349681+00:00
[2022-12-21 16:59:02,141] {processor.py:161} INFO - Processing /opt/airflow/dags/extract_data.py took 0.252 seconds
[2022-12-21 16:59:32,290] {processor.py:153} INFO - Started process (PID=22642) to work on /opt/airflow/dags/extract_data.py
[2022-12-21 16:59:32,291] {processor.py:641} INFO - Processing file /opt/airflow/dags/extract_data.py for tasks to queue
[2022-12-21 16:59:32,291] {logging_mixin.py:115} INFO - [2022-12-21 16:59:32,291] {dagbag.py:507} INFO - Filling up the DagBag from /opt/airflow/dags/extract_data.py
[2022-12-21 16:59:32,445] {processor.py:651} INFO - DAG(s) dict_keys(['load_rates']) retrieved from /opt/airflow/dags/extract_data.py
[2022-12-21 16:59:32,490] {logging_mixin.py:115} INFO - [2022-12-21 16:59:32,490] {dag.py:2371} INFO - Sync 1 DAGs
[2022-12-21 16:59:32,506] {logging_mixin.py:115} INFO - [2022-12-21 16:59:32,506] {dag.py:2919} INFO - Setting next_dagrun for load_rates to 2022-12-21T14:00:22.349681+00:00, run_after=2022-12-22T14:00:22.349681+00:00
[2022-12-21 16:59:32,517] {processor.py:161} INFO - Processing /opt/airflow/dags/extract_data.py took 0.229 seconds
[2022-12-21 17:00:02,866] {processor.py:153} INFO - Started process (PID=22698) to work on /opt/airflow/dags/extract_data.py
[2022-12-21 17:00:02,867] {processor.py:641} INFO - Processing file /opt/airflow/dags/extract_data.py for tasks to queue
[2022-12-21 17:00:02,867] {logging_mixin.py:115} INFO - [2022-12-21 17:00:02,867] {dagbag.py:507} INFO - Filling up the DagBag from /opt/airflow/dags/extract_data.py
[2022-12-21 17:00:03,116] {processor.py:651} INFO - DAG(s) dict_keys(['load_rates']) retrieved from /opt/airflow/dags/extract_data.py
[2022-12-21 17:00:03,174] {logging_mixin.py:115} INFO - [2022-12-21 17:00:03,174] {dag.py:2371} INFO - Sync 1 DAGs
[2022-12-21 17:00:03,189] {logging_mixin.py:115} INFO - [2022-12-21 17:00:03,189] {dag.py:2919} INFO - Setting next_dagrun for load_rates to 2022-12-21T14:00:22.349681+00:00, run_after=2022-12-22T14:00:22.349681+00:00
[2022-12-21 17:00:03,201] {processor.py:161} INFO - Processing /opt/airflow/dags/extract_data.py took 0.337 seconds
[2022-12-21 17:00:33,508] {processor.py:153} INFO - Started process (PID=22765) to work on /opt/airflow/dags/extract_data.py
[2022-12-21 17:00:33,509] {processor.py:641} INFO - Processing file /opt/airflow/dags/extract_data.py for tasks to queue
[2022-12-21 17:00:33,510] {logging_mixin.py:115} INFO - [2022-12-21 17:00:33,509] {dagbag.py:507} INFO - Filling up the DagBag from /opt/airflow/dags/extract_data.py
[2022-12-21 17:00:33,678] {processor.py:651} INFO - DAG(s) dict_keys(['load_rates']) retrieved from /opt/airflow/dags/extract_data.py
[2022-12-21 17:00:33,728] {logging_mixin.py:115} INFO - [2022-12-21 17:00:33,728] {dag.py:2371} INFO - Sync 1 DAGs
[2022-12-21 17:00:33,741] {logging_mixin.py:115} INFO - [2022-12-21 17:00:33,741] {dag.py:2919} INFO - Setting next_dagrun for load_rates to 2022-12-21T14:00:22.349681+00:00, run_after=2022-12-22T14:00:22.349681+00:00
[2022-12-21 17:00:33,751] {processor.py:161} INFO - Processing /opt/airflow/dags/extract_data.py took 0.246 seconds
[2022-12-21 17:01:03,979] {processor.py:153} INFO - Started process (PID=22831) to work on /opt/airflow/dags/extract_data.py
[2022-12-21 17:01:03,979] {processor.py:641} INFO - Processing file /opt/airflow/dags/extract_data.py for tasks to queue
[2022-12-21 17:01:03,979] {logging_mixin.py:115} INFO - [2022-12-21 17:01:03,979] {dagbag.py:507} INFO - Filling up the DagBag from /opt/airflow/dags/extract_data.py
[2022-12-21 17:01:04,162] {processor.py:651} INFO - DAG(s) dict_keys(['load_rates']) retrieved from /opt/airflow/dags/extract_data.py
[2022-12-21 17:01:04,214] {logging_mixin.py:115} INFO - [2022-12-21 17:01:04,213] {dag.py:2371} INFO - Sync 1 DAGs
[2022-12-21 17:01:04,228] {logging_mixin.py:115} INFO - [2022-12-21 17:01:04,228] {dag.py:2919} INFO - Setting next_dagrun for load_rates to 2022-12-21T14:00:22.349681+00:00, run_after=2022-12-22T14:00:22.349681+00:00
[2022-12-21 17:01:04,239] {processor.py:161} INFO - Processing /opt/airflow/dags/extract_data.py took 0.263 seconds
[2022-12-21 17:01:34,582] {processor.py:153} INFO - Started process (PID=22897) to work on /opt/airflow/dags/extract_data.py
[2022-12-21 17:01:34,583] {processor.py:641} INFO - Processing file /opt/airflow/dags/extract_data.py for tasks to queue
[2022-12-21 17:01:34,584] {logging_mixin.py:115} INFO - [2022-12-21 17:01:34,584] {dagbag.py:507} INFO - Filling up the DagBag from /opt/airflow/dags/extract_data.py
[2022-12-21 17:01:34,759] {processor.py:651} INFO - DAG(s) dict_keys(['load_rates']) retrieved from /opt/airflow/dags/extract_data.py
[2022-12-21 17:01:34,820] {logging_mixin.py:115} INFO - [2022-12-21 17:01:34,820] {dag.py:2371} INFO - Sync 1 DAGs
[2022-12-21 17:01:34,841] {logging_mixin.py:115} INFO - [2022-12-21 17:01:34,841] {dag.py:2919} INFO - Setting next_dagrun for load_rates to 2022-12-21T14:00:22.349681+00:00, run_after=2022-12-22T14:00:22.349681+00:00
[2022-12-21 17:01:34,856] {processor.py:161} INFO - Processing /opt/airflow/dags/extract_data.py took 0.276 seconds
[2022-12-21 17:02:05,151] {processor.py:153} INFO - Started process (PID=22953) to work on /opt/airflow/dags/extract_data.py
[2022-12-21 17:02:05,152] {processor.py:641} INFO - Processing file /opt/airflow/dags/extract_data.py for tasks to queue
[2022-12-21 17:02:05,152] {logging_mixin.py:115} INFO - [2022-12-21 17:02:05,152] {dagbag.py:507} INFO - Filling up the DagBag from /opt/airflow/dags/extract_data.py
[2022-12-21 17:02:05,349] {processor.py:651} INFO - DAG(s) dict_keys(['load_rates']) retrieved from /opt/airflow/dags/extract_data.py
[2022-12-21 17:02:05,413] {logging_mixin.py:115} INFO - [2022-12-21 17:02:05,412] {dag.py:2371} INFO - Sync 1 DAGs
[2022-12-21 17:02:05,430] {logging_mixin.py:115} INFO - [2022-12-21 17:02:05,430] {dag.py:2919} INFO - Setting next_dagrun for load_rates to 2022-12-21T14:00:22.349681+00:00, run_after=2022-12-22T14:00:22.349681+00:00
[2022-12-21 17:02:05,442] {processor.py:161} INFO - Processing /opt/airflow/dags/extract_data.py took 0.293 seconds
[2022-12-21 17:02:35,800] {processor.py:153} INFO - Started process (PID=23019) to work on /opt/airflow/dags/extract_data.py
[2022-12-21 17:02:35,801] {processor.py:641} INFO - Processing file /opt/airflow/dags/extract_data.py for tasks to queue
[2022-12-21 17:02:35,801] {logging_mixin.py:115} INFO - [2022-12-21 17:02:35,801] {dagbag.py:507} INFO - Filling up the DagBag from /opt/airflow/dags/extract_data.py
[2022-12-21 17:02:35,971] {processor.py:651} INFO - DAG(s) dict_keys(['load_rates']) retrieved from /opt/airflow/dags/extract_data.py
[2022-12-21 17:02:36,030] {logging_mixin.py:115} INFO - [2022-12-21 17:02:36,030] {dag.py:2371} INFO - Sync 1 DAGs
[2022-12-21 17:02:36,051] {logging_mixin.py:115} INFO - [2022-12-21 17:02:36,051] {dag.py:2919} INFO - Setting next_dagrun for load_rates to 2022-12-21T14:00:22.349681+00:00, run_after=2022-12-22T14:00:22.349681+00:00
[2022-12-21 17:02:36,067] {processor.py:161} INFO - Processing /opt/airflow/dags/extract_data.py took 0.270 seconds
[2022-12-21 17:03:06,479] {processor.py:153} INFO - Started process (PID=23085) to work on /opt/airflow/dags/extract_data.py
[2022-12-21 17:03:06,479] {processor.py:641} INFO - Processing file /opt/airflow/dags/extract_data.py for tasks to queue
[2022-12-21 17:03:06,480] {logging_mixin.py:115} INFO - [2022-12-21 17:03:06,480] {dagbag.py:507} INFO - Filling up the DagBag from /opt/airflow/dags/extract_data.py
[2022-12-21 17:03:06,669] {processor.py:651} INFO - DAG(s) dict_keys(['load_rates']) retrieved from /opt/airflow/dags/extract_data.py
[2022-12-21 17:03:06,724] {logging_mixin.py:115} INFO - [2022-12-21 17:03:06,724] {dag.py:2371} INFO - Sync 1 DAGs
[2022-12-21 17:03:06,740] {logging_mixin.py:115} INFO - [2022-12-21 17:03:06,739] {dag.py:2919} INFO - Setting next_dagrun for load_rates to 2022-12-21T14:00:22.349681+00:00, run_after=2022-12-22T14:00:22.349681+00:00
[2022-12-21 17:03:06,751] {processor.py:161} INFO - Processing /opt/airflow/dags/extract_data.py took 0.275 seconds
[2022-12-21 17:03:37,271] {processor.py:153} INFO - Started process (PID=23152) to work on /opt/airflow/dags/extract_data.py
[2022-12-21 17:03:37,272] {processor.py:641} INFO - Processing file /opt/airflow/dags/extract_data.py for tasks to queue
[2022-12-21 17:03:37,273] {logging_mixin.py:115} INFO - [2022-12-21 17:03:37,273] {dagbag.py:507} INFO - Filling up the DagBag from /opt/airflow/dags/extract_data.py
[2022-12-21 17:03:37,465] {processor.py:651} INFO - DAG(s) dict_keys(['load_rates']) retrieved from /opt/airflow/dags/extract_data.py
[2022-12-21 17:03:37,526] {logging_mixin.py:115} INFO - [2022-12-21 17:03:37,525] {dag.py:2371} INFO - Sync 1 DAGs
[2022-12-21 17:03:37,542] {logging_mixin.py:115} INFO - [2022-12-21 17:03:37,542] {dag.py:2919} INFO - Setting next_dagrun for load_rates to 2022-12-21T14:00:22.349681+00:00, run_after=2022-12-22T14:00:22.349681+00:00
[2022-12-21 17:03:37,553] {processor.py:161} INFO - Processing /opt/airflow/dags/extract_data.py took 0.283 seconds
[2022-12-21 17:04:07,870] {processor.py:153} INFO - Started process (PID=23209) to work on /opt/airflow/dags/extract_data.py
[2022-12-21 17:04:07,871] {processor.py:641} INFO - Processing file /opt/airflow/dags/extract_data.py for tasks to queue
[2022-12-21 17:04:07,871] {logging_mixin.py:115} INFO - [2022-12-21 17:04:07,871] {dagbag.py:507} INFO - Filling up the DagBag from /opt/airflow/dags/extract_data.py
[2022-12-21 17:04:08,052] {processor.py:651} INFO - DAG(s) dict_keys(['load_rates']) retrieved from /opt/airflow/dags/extract_data.py
[2022-12-21 17:04:08,098] {logging_mixin.py:115} INFO - [2022-12-21 17:04:08,098] {dag.py:2371} INFO - Sync 1 DAGs
[2022-12-21 17:04:08,115] {logging_mixin.py:115} INFO - [2022-12-21 17:04:08,115] {dag.py:2919} INFO - Setting next_dagrun for load_rates to 2022-12-21T14:00:22.349681+00:00, run_after=2022-12-22T14:00:22.349681+00:00
[2022-12-21 17:04:08,128] {processor.py:161} INFO - Processing /opt/airflow/dags/extract_data.py took 0.261 seconds
[2022-12-21 17:04:38,408] {processor.py:153} INFO - Started process (PID=23275) to work on /opt/airflow/dags/extract_data.py
[2022-12-21 17:04:38,409] {processor.py:641} INFO - Processing file /opt/airflow/dags/extract_data.py for tasks to queue
[2022-12-21 17:04:38,409] {logging_mixin.py:115} INFO - [2022-12-21 17:04:38,409] {dagbag.py:507} INFO - Filling up the DagBag from /opt/airflow/dags/extract_data.py
[2022-12-21 17:04:38,587] {processor.py:651} INFO - DAG(s) dict_keys(['load_rates']) retrieved from /opt/airflow/dags/extract_data.py
[2022-12-21 17:04:38,638] {logging_mixin.py:115} INFO - [2022-12-21 17:04:38,638] {dag.py:2371} INFO - Sync 1 DAGs
[2022-12-21 17:04:38,658] {logging_mixin.py:115} INFO - [2022-12-21 17:04:38,658] {dag.py:2919} INFO - Setting next_dagrun for load_rates to 2022-12-21T14:00:22.349681+00:00, run_after=2022-12-22T14:00:22.349681+00:00
[2022-12-21 17:04:38,671] {processor.py:161} INFO - Processing /opt/airflow/dags/extract_data.py took 0.266 seconds
[2022-12-21 17:05:08,938] {processor.py:153} INFO - Started process (PID=23341) to work on /opt/airflow/dags/extract_data.py
[2022-12-21 17:05:08,940] {processor.py:641} INFO - Processing file /opt/airflow/dags/extract_data.py for tasks to queue
[2022-12-21 17:05:08,940] {logging_mixin.py:115} INFO - [2022-12-21 17:05:08,940] {dagbag.py:507} INFO - Filling up the DagBag from /opt/airflow/dags/extract_data.py
[2022-12-21 17:05:09,117] {processor.py:651} INFO - DAG(s) dict_keys(['load_rates']) retrieved from /opt/airflow/dags/extract_data.py
[2022-12-21 17:05:09,165] {logging_mixin.py:115} INFO - [2022-12-21 17:05:09,164] {dag.py:2371} INFO - Sync 1 DAGs
[2022-12-21 17:05:09,179] {logging_mixin.py:115} INFO - [2022-12-21 17:05:09,179] {dag.py:2919} INFO - Setting next_dagrun for load_rates to 2022-12-21T14:00:22.349681+00:00, run_after=2022-12-22T14:00:22.349681+00:00
[2022-12-21 17:05:09,190] {processor.py:161} INFO - Processing /opt/airflow/dags/extract_data.py took 0.255 seconds
[2022-12-21 17:05:39,609] {processor.py:153} INFO - Started process (PID=23406) to work on /opt/airflow/dags/extract_data.py
[2022-12-21 17:05:39,610] {processor.py:641} INFO - Processing file /opt/airflow/dags/extract_data.py for tasks to queue
[2022-12-21 17:05:39,610] {logging_mixin.py:115} INFO - [2022-12-21 17:05:39,610] {dagbag.py:507} INFO - Filling up the DagBag from /opt/airflow/dags/extract_data.py
[2022-12-21 17:05:39,786] {processor.py:651} INFO - DAG(s) dict_keys(['load_rates']) retrieved from /opt/airflow/dags/extract_data.py
[2022-12-21 17:05:39,853] {logging_mixin.py:115} INFO - [2022-12-21 17:05:39,852] {dag.py:2371} INFO - Sync 1 DAGs
[2022-12-21 17:05:39,883] {logging_mixin.py:115} INFO - [2022-12-21 17:05:39,883] {dag.py:2919} INFO - Setting next_dagrun for load_rates to 2022-12-21T14:00:22.349681+00:00, run_after=2022-12-22T14:00:22.349681+00:00
[2022-12-21 17:05:39,908] {processor.py:161} INFO - Processing /opt/airflow/dags/extract_data.py took 0.301 seconds
[2022-12-21 17:06:10,576] {processor.py:153} INFO - Started process (PID=23464) to work on /opt/airflow/dags/extract_data.py
[2022-12-21 17:06:10,576] {processor.py:641} INFO - Processing file /opt/airflow/dags/extract_data.py for tasks to queue
[2022-12-21 17:06:10,577] {logging_mixin.py:115} INFO - [2022-12-21 17:06:10,577] {dagbag.py:507} INFO - Filling up the DagBag from /opt/airflow/dags/extract_data.py
[2022-12-21 17:06:10,750] {processor.py:651} INFO - DAG(s) dict_keys(['load_rates']) retrieved from /opt/airflow/dags/extract_data.py
[2022-12-21 17:06:10,804] {logging_mixin.py:115} INFO - [2022-12-21 17:06:10,803] {dag.py:2371} INFO - Sync 1 DAGs
[2022-12-21 17:06:10,821] {logging_mixin.py:115} INFO - [2022-12-21 17:06:10,821] {dag.py:2919} INFO - Setting next_dagrun for load_rates to 2022-12-21T14:00:22.349681+00:00, run_after=2022-12-22T14:00:22.349681+00:00
[2022-12-21 17:06:10,833] {processor.py:161} INFO - Processing /opt/airflow/dags/extract_data.py took 0.260 seconds
[2022-12-21 17:06:41,108] {processor.py:153} INFO - Started process (PID=23531) to work on /opt/airflow/dags/extract_data.py
[2022-12-21 17:06:41,109] {processor.py:641} INFO - Processing file /opt/airflow/dags/extract_data.py for tasks to queue
[2022-12-21 17:06:41,109] {logging_mixin.py:115} INFO - [2022-12-21 17:06:41,109] {dagbag.py:507} INFO - Filling up the DagBag from /opt/airflow/dags/extract_data.py
[2022-12-21 17:06:41,294] {processor.py:651} INFO - DAG(s) dict_keys(['load_rates']) retrieved from /opt/airflow/dags/extract_data.py
[2022-12-21 17:06:41,341] {logging_mixin.py:115} INFO - [2022-12-21 17:06:41,340] {dag.py:2371} INFO - Sync 1 DAGs
[2022-12-21 17:06:41,355] {logging_mixin.py:115} INFO - [2022-12-21 17:06:41,355] {dag.py:2919} INFO - Setting next_dagrun for load_rates to 2022-12-21T14:00:22.349681+00:00, run_after=2022-12-22T14:00:22.349681+00:00
[2022-12-21 17:06:41,366] {processor.py:161} INFO - Processing /opt/airflow/dags/extract_data.py took 0.260 seconds
[2022-12-21 17:07:11,639] {processor.py:153} INFO - Started process (PID=23597) to work on /opt/airflow/dags/extract_data.py
[2022-12-21 17:07:11,640] {processor.py:641} INFO - Processing file /opt/airflow/dags/extract_data.py for tasks to queue
[2022-12-21 17:07:11,640] {logging_mixin.py:115} INFO - [2022-12-21 17:07:11,640] {dagbag.py:507} INFO - Filling up the DagBag from /opt/airflow/dags/extract_data.py
[2022-12-21 17:07:11,839] {processor.py:651} INFO - DAG(s) dict_keys(['load_rates']) retrieved from /opt/airflow/dags/extract_data.py
[2022-12-21 17:07:11,892] {logging_mixin.py:115} INFO - [2022-12-21 17:07:11,891] {dag.py:2371} INFO - Sync 1 DAGs
[2022-12-21 17:07:11,907] {logging_mixin.py:115} INFO - [2022-12-21 17:07:11,906] {dag.py:2919} INFO - Setting next_dagrun for load_rates to 2022-12-21T14:00:22.349681+00:00, run_after=2022-12-22T14:00:22.349681+00:00
[2022-12-21 17:07:11,917] {processor.py:161} INFO - Processing /opt/airflow/dags/extract_data.py took 0.281 seconds
[2022-12-21 17:07:42,212] {processor.py:153} INFO - Started process (PID=23662) to work on /opt/airflow/dags/extract_data.py
[2022-12-21 17:07:42,213] {processor.py:641} INFO - Processing file /opt/airflow/dags/extract_data.py for tasks to queue
[2022-12-21 17:07:42,213] {logging_mixin.py:115} INFO - [2022-12-21 17:07:42,213] {dagbag.py:507} INFO - Filling up the DagBag from /opt/airflow/dags/extract_data.py
[2022-12-21 17:07:42,411] {processor.py:651} INFO - DAG(s) dict_keys(['load_rates']) retrieved from /opt/airflow/dags/extract_data.py
[2022-12-21 17:07:42,461] {logging_mixin.py:115} INFO - [2022-12-21 17:07:42,461] {dag.py:2371} INFO - Sync 1 DAGs
[2022-12-21 17:07:42,476] {logging_mixin.py:115} INFO - [2022-12-21 17:07:42,476] {dag.py:2919} INFO - Setting next_dagrun for load_rates to 2022-12-21T14:00:22.349681+00:00, run_after=2022-12-22T14:00:22.349681+00:00
[2022-12-21 17:07:42,487] {processor.py:161} INFO - Processing /opt/airflow/dags/extract_data.py took 0.277 seconds
[2022-12-21 17:08:12,733] {processor.py:153} INFO - Started process (PID=23719) to work on /opt/airflow/dags/extract_data.py
[2022-12-21 17:08:12,734] {processor.py:641} INFO - Processing file /opt/airflow/dags/extract_data.py for tasks to queue
[2022-12-21 17:08:12,734] {logging_mixin.py:115} INFO - [2022-12-21 17:08:12,734] {dagbag.py:507} INFO - Filling up the DagBag from /opt/airflow/dags/extract_data.py
[2022-12-21 17:08:12,917] {processor.py:651} INFO - DAG(s) dict_keys(['load_rates']) retrieved from /opt/airflow/dags/extract_data.py
[2022-12-21 17:08:12,976] {logging_mixin.py:115} INFO - [2022-12-21 17:08:12,976] {dag.py:2371} INFO - Sync 1 DAGs
[2022-12-21 17:08:12,991] {logging_mixin.py:115} INFO - [2022-12-21 17:08:12,991] {dag.py:2919} INFO - Setting next_dagrun for load_rates to 2022-12-21T14:00:22.349681+00:00, run_after=2022-12-22T14:00:22.349681+00:00
[2022-12-21 17:08:13,004] {processor.py:161} INFO - Processing /opt/airflow/dags/extract_data.py took 0.272 seconds
[2022-12-21 17:08:43,355] {processor.py:153} INFO - Started process (PID=23786) to work on /opt/airflow/dags/extract_data.py
[2022-12-21 17:08:43,355] {processor.py:641} INFO - Processing file /opt/airflow/dags/extract_data.py for tasks to queue
[2022-12-21 17:08:43,356] {logging_mixin.py:115} INFO - [2022-12-21 17:08:43,356] {dagbag.py:507} INFO - Filling up the DagBag from /opt/airflow/dags/extract_data.py
[2022-12-21 17:08:43,538] {processor.py:651} INFO - DAG(s) dict_keys(['load_rates']) retrieved from /opt/airflow/dags/extract_data.py
[2022-12-21 17:08:43,593] {logging_mixin.py:115} INFO - [2022-12-21 17:08:43,593] {dag.py:2371} INFO - Sync 1 DAGs
[2022-12-21 17:08:43,608] {logging_mixin.py:115} INFO - [2022-12-21 17:08:43,608] {dag.py:2919} INFO - Setting next_dagrun for load_rates to 2022-12-21T14:00:22.349681+00:00, run_after=2022-12-22T14:00:22.349681+00:00
[2022-12-21 17:08:43,618] {processor.py:161} INFO - Processing /opt/airflow/dags/extract_data.py took 0.267 seconds
[2022-12-21 17:09:13,997] {processor.py:153} INFO - Started process (PID=23852) to work on /opt/airflow/dags/extract_data.py
[2022-12-21 17:09:13,998] {processor.py:641} INFO - Processing file /opt/airflow/dags/extract_data.py for tasks to queue
[2022-12-21 17:09:13,999] {logging_mixin.py:115} INFO - [2022-12-21 17:09:13,999] {dagbag.py:507} INFO - Filling up the DagBag from /opt/airflow/dags/extract_data.py
[2022-12-21 17:09:14,273] {processor.py:651} INFO - DAG(s) dict_keys(['load_rates']) retrieved from /opt/airflow/dags/extract_data.py
[2022-12-21 17:09:14,347] {logging_mixin.py:115} INFO - [2022-12-21 17:09:14,346] {dag.py:2371} INFO - Sync 1 DAGs
[2022-12-21 17:09:14,367] {logging_mixin.py:115} INFO - [2022-12-21 17:09:14,366] {dag.py:2919} INFO - Setting next_dagrun for load_rates to 2022-12-21T14:00:22.349681+00:00, run_after=2022-12-22T14:00:22.349681+00:00
[2022-12-21 17:09:14,380] {processor.py:161} INFO - Processing /opt/airflow/dags/extract_data.py took 0.386 seconds
[2022-12-21 17:09:44,762] {processor.py:153} INFO - Started process (PID=23920) to work on /opt/airflow/dags/extract_data.py
[2022-12-21 17:09:44,763] {processor.py:641} INFO - Processing file /opt/airflow/dags/extract_data.py for tasks to queue
[2022-12-21 17:09:44,763] {logging_mixin.py:115} INFO - [2022-12-21 17:09:44,763] {dagbag.py:507} INFO - Filling up the DagBag from /opt/airflow/dags/extract_data.py
[2022-12-21 17:09:44,959] {processor.py:651} INFO - DAG(s) dict_keys(['load_rates']) retrieved from /opt/airflow/dags/extract_data.py
[2022-12-21 17:09:45,030] {logging_mixin.py:115} INFO - [2022-12-21 17:09:45,029] {dag.py:2371} INFO - Sync 1 DAGs
[2022-12-21 17:09:45,045] {logging_mixin.py:115} INFO - [2022-12-21 17:09:45,045] {dag.py:2919} INFO - Setting next_dagrun for load_rates to 2022-12-21T14:00:22.349681+00:00, run_after=2022-12-22T14:00:22.349681+00:00
[2022-12-21 17:09:45,057] {processor.py:161} INFO - Processing /opt/airflow/dags/extract_data.py took 0.298 seconds
[2022-12-21 17:10:15,490] {processor.py:153} INFO - Started process (PID=23977) to work on /opt/airflow/dags/extract_data.py
[2022-12-21 17:10:15,491] {processor.py:641} INFO - Processing file /opt/airflow/dags/extract_data.py for tasks to queue
[2022-12-21 17:10:15,491] {logging_mixin.py:115} INFO - [2022-12-21 17:10:15,491] {dagbag.py:507} INFO - Filling up the DagBag from /opt/airflow/dags/extract_data.py
[2022-12-21 17:10:15,666] {processor.py:651} INFO - DAG(s) dict_keys(['load_rates']) retrieved from /opt/airflow/dags/extract_data.py
[2022-12-21 17:10:15,718] {logging_mixin.py:115} INFO - [2022-12-21 17:10:15,717] {dag.py:2371} INFO - Sync 1 DAGs
[2022-12-21 17:10:15,738] {logging_mixin.py:115} INFO - [2022-12-21 17:10:15,738] {dag.py:2919} INFO - Setting next_dagrun for load_rates to 2022-12-21T14:00:22.349681+00:00, run_after=2022-12-22T14:00:22.349681+00:00
[2022-12-21 17:10:15,749] {processor.py:161} INFO - Processing /opt/airflow/dags/extract_data.py took 0.262 seconds
[2022-12-21 17:10:46,041] {processor.py:153} INFO - Started process (PID=24044) to work on /opt/airflow/dags/extract_data.py
[2022-12-21 17:10:46,042] {processor.py:641} INFO - Processing file /opt/airflow/dags/extract_data.py for tasks to queue
[2022-12-21 17:10:46,042] {logging_mixin.py:115} INFO - [2022-12-21 17:10:46,042] {dagbag.py:507} INFO - Filling up the DagBag from /opt/airflow/dags/extract_data.py
[2022-12-21 17:10:46,259] {processor.py:651} INFO - DAG(s) dict_keys(['load_rates']) retrieved from /opt/airflow/dags/extract_data.py
[2022-12-21 17:10:46,315] {logging_mixin.py:115} INFO - [2022-12-21 17:10:46,314] {dag.py:2371} INFO - Sync 1 DAGs
[2022-12-21 17:10:46,330] {logging_mixin.py:115} INFO - [2022-12-21 17:10:46,330] {dag.py:2919} INFO - Setting next_dagrun for load_rates to 2022-12-21T14:00:22.349681+00:00, run_after=2022-12-22T14:00:22.349681+00:00
[2022-12-21 17:10:46,342] {processor.py:161} INFO - Processing /opt/airflow/dags/extract_data.py took 0.303 seconds
[2022-12-21 17:11:16,673] {processor.py:153} INFO - Started process (PID=24110) to work on /opt/airflow/dags/extract_data.py
[2022-12-21 17:11:16,673] {processor.py:641} INFO - Processing file /opt/airflow/dags/extract_data.py for tasks to queue
[2022-12-21 17:11:16,674] {logging_mixin.py:115} INFO - [2022-12-21 17:11:16,674] {dagbag.py:507} INFO - Filling up the DagBag from /opt/airflow/dags/extract_data.py
[2022-12-21 17:11:16,870] {processor.py:651} INFO - DAG(s) dict_keys(['load_rates']) retrieved from /opt/airflow/dags/extract_data.py
[2022-12-21 17:11:16,924] {logging_mixin.py:115} INFO - [2022-12-21 17:11:16,923] {dag.py:2371} INFO - Sync 1 DAGs
[2022-12-21 17:11:16,940] {logging_mixin.py:115} INFO - [2022-12-21 17:11:16,940] {dag.py:2919} INFO - Setting next_dagrun for load_rates to 2022-12-21T14:00:22.349681+00:00, run_after=2022-12-22T14:00:22.349681+00:00
[2022-12-21 17:11:16,951] {processor.py:161} INFO - Processing /opt/airflow/dags/extract_data.py took 0.281 seconds
[2022-12-21 17:11:47,274] {processor.py:153} INFO - Started process (PID=24174) to work on /opt/airflow/dags/extract_data.py
[2022-12-21 17:11:47,275] {processor.py:641} INFO - Processing file /opt/airflow/dags/extract_data.py for tasks to queue
[2022-12-21 17:11:47,276] {logging_mixin.py:115} INFO - [2022-12-21 17:11:47,275] {dagbag.py:507} INFO - Filling up the DagBag from /opt/airflow/dags/extract_data.py
[2022-12-21 17:11:47,479] {processor.py:651} INFO - DAG(s) dict_keys(['load_rates']) retrieved from /opt/airflow/dags/extract_data.py
[2022-12-21 17:11:47,530] {logging_mixin.py:115} INFO - [2022-12-21 17:11:47,530] {dag.py:2371} INFO - Sync 1 DAGs
[2022-12-21 17:11:47,550] {logging_mixin.py:115} INFO - [2022-12-21 17:11:47,550] {dag.py:2919} INFO - Setting next_dagrun for load_rates to 2022-12-21T14:00:22.349681+00:00, run_after=2022-12-22T14:00:22.349681+00:00
[2022-12-21 17:11:47,561] {processor.py:161} INFO - Processing /opt/airflow/dags/extract_data.py took 0.290 seconds
[2022-12-21 17:12:17,892] {processor.py:153} INFO - Started process (PID=24232) to work on /opt/airflow/dags/extract_data.py
[2022-12-21 17:12:17,893] {processor.py:641} INFO - Processing file /opt/airflow/dags/extract_data.py for tasks to queue
[2022-12-21 17:12:17,894] {logging_mixin.py:115} INFO - [2022-12-21 17:12:17,894] {dagbag.py:507} INFO - Filling up the DagBag from /opt/airflow/dags/extract_data.py
[2022-12-21 17:12:18,078] {processor.py:651} INFO - DAG(s) dict_keys(['load_rates']) retrieved from /opt/airflow/dags/extract_data.py
[2022-12-21 17:12:18,129] {logging_mixin.py:115} INFO - [2022-12-21 17:12:18,128] {dag.py:2371} INFO - Sync 1 DAGs
[2022-12-21 17:12:18,146] {logging_mixin.py:115} INFO - [2022-12-21 17:12:18,146] {dag.py:2919} INFO - Setting next_dagrun for load_rates to 2022-12-21T14:00:22.349681+00:00, run_after=2022-12-22T14:00:22.349681+00:00
[2022-12-21 17:12:18,159] {processor.py:161} INFO - Processing /opt/airflow/dags/extract_data.py took 0.270 seconds
[2022-12-21 17:12:48,421] {processor.py:153} INFO - Started process (PID=24299) to work on /opt/airflow/dags/extract_data.py
[2022-12-21 17:12:48,421] {processor.py:641} INFO - Processing file /opt/airflow/dags/extract_data.py for tasks to queue
[2022-12-21 17:12:48,422] {logging_mixin.py:115} INFO - [2022-12-21 17:12:48,422] {dagbag.py:507} INFO - Filling up the DagBag from /opt/airflow/dags/extract_data.py
[2022-12-21 17:12:48,593] {processor.py:651} INFO - DAG(s) dict_keys(['load_rates']) retrieved from /opt/airflow/dags/extract_data.py
[2022-12-21 17:12:48,650] {logging_mixin.py:115} INFO - [2022-12-21 17:12:48,649] {dag.py:2371} INFO - Sync 1 DAGs
[2022-12-21 17:12:48,669] {logging_mixin.py:115} INFO - [2022-12-21 17:12:48,669] {dag.py:2919} INFO - Setting next_dagrun for load_rates to 2022-12-21T14:00:22.349681+00:00, run_after=2022-12-22T14:00:22.349681+00:00
[2022-12-21 17:12:48,682] {processor.py:161} INFO - Processing /opt/airflow/dags/extract_data.py took 0.265 seconds
[2022-12-21 17:13:18,886] {processor.py:153} INFO - Started process (PID=24364) to work on /opt/airflow/dags/extract_data.py
[2022-12-21 17:13:18,887] {processor.py:641} INFO - Processing file /opt/airflow/dags/extract_data.py for tasks to queue
[2022-12-21 17:13:18,888] {logging_mixin.py:115} INFO - [2022-12-21 17:13:18,888] {dagbag.py:507} INFO - Filling up the DagBag from /opt/airflow/dags/extract_data.py
[2022-12-21 17:13:19,103] {processor.py:651} INFO - DAG(s) dict_keys(['load_rates']) retrieved from /opt/airflow/dags/extract_data.py
[2022-12-21 17:13:19,154] {logging_mixin.py:115} INFO - [2022-12-21 17:13:19,153] {dag.py:2371} INFO - Sync 1 DAGs
[2022-12-21 17:13:19,167] {logging_mixin.py:115} INFO - [2022-12-21 17:13:19,167] {dag.py:2919} INFO - Setting next_dagrun for load_rates to 2022-12-21T14:00:22.349681+00:00, run_after=2022-12-22T14:00:22.349681+00:00
[2022-12-21 17:13:19,177] {processor.py:161} INFO - Processing /opt/airflow/dags/extract_data.py took 0.295 seconds
[2022-12-21 17:13:49,506] {processor.py:153} INFO - Started process (PID=24421) to work on /opt/airflow/dags/extract_data.py
[2022-12-21 17:13:49,507] {processor.py:641} INFO - Processing file /opt/airflow/dags/extract_data.py for tasks to queue
[2022-12-21 17:13:49,508] {logging_mixin.py:115} INFO - [2022-12-21 17:13:49,508] {dagbag.py:507} INFO - Filling up the DagBag from /opt/airflow/dags/extract_data.py
[2022-12-21 17:13:49,693] {processor.py:651} INFO - DAG(s) dict_keys(['load_rates']) retrieved from /opt/airflow/dags/extract_data.py
[2022-12-21 17:13:49,755] {logging_mixin.py:115} INFO - [2022-12-21 17:13:49,754] {dag.py:2371} INFO - Sync 1 DAGs
[2022-12-21 17:13:49,770] {logging_mixin.py:115} INFO - [2022-12-21 17:13:49,770] {dag.py:2919} INFO - Setting next_dagrun for load_rates to 2022-12-21T14:00:22.349681+00:00, run_after=2022-12-22T14:00:22.349681+00:00
[2022-12-21 17:13:49,780] {processor.py:161} INFO - Processing /opt/airflow/dags/extract_data.py took 0.276 seconds
[2022-12-21 17:14:20,161] {processor.py:153} INFO - Started process (PID=24488) to work on /opt/airflow/dags/extract_data.py
[2022-12-21 17:14:20,162] {processor.py:641} INFO - Processing file /opt/airflow/dags/extract_data.py for tasks to queue
[2022-12-21 17:14:20,163] {logging_mixin.py:115} INFO - [2022-12-21 17:14:20,163] {dagbag.py:507} INFO - Filling up the DagBag from /opt/airflow/dags/extract_data.py
[2022-12-21 17:14:20,358] {processor.py:651} INFO - DAG(s) dict_keys(['load_rates']) retrieved from /opt/airflow/dags/extract_data.py
[2022-12-21 17:14:20,428] {logging_mixin.py:115} INFO - [2022-12-21 17:14:20,427] {dag.py:2371} INFO - Sync 1 DAGs
[2022-12-21 17:14:20,446] {logging_mixin.py:115} INFO - [2022-12-21 17:14:20,446] {dag.py:2919} INFO - Setting next_dagrun for load_rates to 2022-12-21T14:00:22.349681+00:00, run_after=2022-12-22T14:00:22.349681+00:00
[2022-12-21 17:14:20,459] {processor.py:161} INFO - Processing /opt/airflow/dags/extract_data.py took 0.300 seconds
[2022-12-21 17:14:50,982] {processor.py:153} INFO - Started process (PID=24554) to work on /opt/airflow/dags/extract_data.py
[2022-12-21 17:14:50,983] {processor.py:641} INFO - Processing file /opt/airflow/dags/extract_data.py for tasks to queue
[2022-12-21 17:14:50,983] {logging_mixin.py:115} INFO - [2022-12-21 17:14:50,983] {dagbag.py:507} INFO - Filling up the DagBag from /opt/airflow/dags/extract_data.py
[2022-12-21 17:14:51,167] {processor.py:651} INFO - DAG(s) dict_keys(['load_rates']) retrieved from /opt/airflow/dags/extract_data.py
[2022-12-21 17:14:51,234] {logging_mixin.py:115} INFO - [2022-12-21 17:14:51,233] {dag.py:2371} INFO - Sync 1 DAGs
[2022-12-21 17:14:51,253] {logging_mixin.py:115} INFO - [2022-12-21 17:14:51,253] {dag.py:2919} INFO - Setting next_dagrun for load_rates to 2022-12-21T14:00:22.349681+00:00, run_after=2022-12-22T14:00:22.349681+00:00
[2022-12-21 17:14:51,266] {processor.py:161} INFO - Processing /opt/airflow/dags/extract_data.py took 0.286 seconds
[2022-12-21 17:15:21,549] {processor.py:153} INFO - Started process (PID=24620) to work on /opt/airflow/dags/extract_data.py
[2022-12-21 17:15:21,550] {processor.py:641} INFO - Processing file /opt/airflow/dags/extract_data.py for tasks to queue
[2022-12-21 17:15:21,550] {logging_mixin.py:115} INFO - [2022-12-21 17:15:21,550] {dagbag.py:507} INFO - Filling up the DagBag from /opt/airflow/dags/extract_data.py
[2022-12-21 17:15:21,721] {processor.py:651} INFO - DAG(s) dict_keys(['load_rates']) retrieved from /opt/airflow/dags/extract_data.py
[2022-12-21 17:15:21,774] {logging_mixin.py:115} INFO - [2022-12-21 17:15:21,773] {dag.py:2371} INFO - Sync 1 DAGs
[2022-12-21 17:15:21,791] {logging_mixin.py:115} INFO - [2022-12-21 17:15:21,791] {dag.py:2919} INFO - Setting next_dagrun for load_rates to 2022-12-21T14:00:22.349681+00:00, run_after=2022-12-22T14:00:22.349681+00:00
[2022-12-21 17:15:21,801] {processor.py:161} INFO - Processing /opt/airflow/dags/extract_data.py took 0.256 seconds
[2022-12-21 17:15:52,216] {processor.py:153} INFO - Started process (PID=24676) to work on /opt/airflow/dags/extract_data.py
[2022-12-21 17:15:52,217] {processor.py:641} INFO - Processing file /opt/airflow/dags/extract_data.py for tasks to queue
[2022-12-21 17:15:52,217] {logging_mixin.py:115} INFO - [2022-12-21 17:15:52,217] {dagbag.py:507} INFO - Filling up the DagBag from /opt/airflow/dags/extract_data.py
[2022-12-21 17:15:52,423] {processor.py:651} INFO - DAG(s) dict_keys(['load_rates']) retrieved from /opt/airflow/dags/extract_data.py
[2022-12-21 17:15:52,478] {logging_mixin.py:115} INFO - [2022-12-21 17:15:52,477] {dag.py:2371} INFO - Sync 1 DAGs
[2022-12-21 17:15:52,495] {logging_mixin.py:115} INFO - [2022-12-21 17:15:52,495] {dag.py:2919} INFO - Setting next_dagrun for load_rates to 2022-12-21T14:00:22.349681+00:00, run_after=2022-12-22T14:00:22.349681+00:00
[2022-12-21 17:15:52,509] {processor.py:161} INFO - Processing /opt/airflow/dags/extract_data.py took 0.296 seconds
[2022-12-21 17:16:22,905] {processor.py:153} INFO - Started process (PID=24742) to work on /opt/airflow/dags/extract_data.py
[2022-12-21 17:16:22,906] {processor.py:641} INFO - Processing file /opt/airflow/dags/extract_data.py for tasks to queue
[2022-12-21 17:16:22,906] {logging_mixin.py:115} INFO - [2022-12-21 17:16:22,906] {dagbag.py:507} INFO - Filling up the DagBag from /opt/airflow/dags/extract_data.py
[2022-12-21 17:16:23,133] {processor.py:651} INFO - DAG(s) dict_keys(['load_rates']) retrieved from /opt/airflow/dags/extract_data.py
[2022-12-21 17:16:23,182] {logging_mixin.py:115} INFO - [2022-12-21 17:16:23,182] {dag.py:2371} INFO - Sync 1 DAGs
[2022-12-21 17:16:23,198] {logging_mixin.py:115} INFO - [2022-12-21 17:16:23,198] {dag.py:2919} INFO - Setting next_dagrun for load_rates to 2022-12-21T14:00:22.349681+00:00, run_after=2022-12-22T14:00:22.349681+00:00
[2022-12-21 17:16:23,211] {processor.py:161} INFO - Processing /opt/airflow/dags/extract_data.py took 0.309 seconds
[2022-12-21 17:16:53,551] {processor.py:153} INFO - Started process (PID=24809) to work on /opt/airflow/dags/extract_data.py
[2022-12-21 17:16:53,552] {processor.py:641} INFO - Processing file /opt/airflow/dags/extract_data.py for tasks to queue
[2022-12-21 17:16:53,552] {logging_mixin.py:115} INFO - [2022-12-21 17:16:53,552] {dagbag.py:507} INFO - Filling up the DagBag from /opt/airflow/dags/extract_data.py
[2022-12-21 17:16:53,741] {processor.py:651} INFO - DAG(s) dict_keys(['load_rates']) retrieved from /opt/airflow/dags/extract_data.py
[2022-12-21 17:16:53,795] {logging_mixin.py:115} INFO - [2022-12-21 17:16:53,794] {dag.py:2371} INFO - Sync 1 DAGs
[2022-12-21 17:16:53,812] {logging_mixin.py:115} INFO - [2022-12-21 17:16:53,812] {dag.py:2919} INFO - Setting next_dagrun for load_rates to 2022-12-21T14:00:22.349681+00:00, run_after=2022-12-22T14:00:22.349681+00:00
[2022-12-21 17:16:53,824] {processor.py:161} INFO - Processing /opt/airflow/dags/extract_data.py took 0.276 seconds
[2022-12-21 17:17:24,211] {processor.py:153} INFO - Started process (PID=24875) to work on /opt/airflow/dags/extract_data.py
[2022-12-21 17:17:24,212] {processor.py:641} INFO - Processing file /opt/airflow/dags/extract_data.py for tasks to queue
[2022-12-21 17:17:24,212] {logging_mixin.py:115} INFO - [2022-12-21 17:17:24,212] {dagbag.py:507} INFO - Filling up the DagBag from /opt/airflow/dags/extract_data.py
[2022-12-21 17:17:24,383] {processor.py:651} INFO - DAG(s) dict_keys(['load_rates']) retrieved from /opt/airflow/dags/extract_data.py
[2022-12-21 17:17:24,437] {logging_mixin.py:115} INFO - [2022-12-21 17:17:24,437] {dag.py:2371} INFO - Sync 1 DAGs
[2022-12-21 17:17:24,453] {logging_mixin.py:115} INFO - [2022-12-21 17:17:24,453] {dag.py:2919} INFO - Setting next_dagrun for load_rates to 2022-12-21T14:00:22.349681+00:00, run_after=2022-12-22T14:00:22.349681+00:00
[2022-12-21 17:17:24,466] {processor.py:161} INFO - Processing /opt/airflow/dags/extract_data.py took 0.258 seconds
[2022-12-21 17:17:54,792] {processor.py:153} INFO - Started process (PID=24932) to work on /opt/airflow/dags/extract_data.py
[2022-12-21 17:17:54,793] {processor.py:641} INFO - Processing file /opt/airflow/dags/extract_data.py for tasks to queue
[2022-12-21 17:17:54,793] {logging_mixin.py:115} INFO - [2022-12-21 17:17:54,793] {dagbag.py:507} INFO - Filling up the DagBag from /opt/airflow/dags/extract_data.py
[2022-12-21 17:17:54,970] {processor.py:651} INFO - DAG(s) dict_keys(['load_rates']) retrieved from /opt/airflow/dags/extract_data.py
[2022-12-21 17:17:55,020] {logging_mixin.py:115} INFO - [2022-12-21 17:17:55,019] {dag.py:2371} INFO - Sync 1 DAGs
[2022-12-21 17:17:55,036] {logging_mixin.py:115} INFO - [2022-12-21 17:17:55,035] {dag.py:2919} INFO - Setting next_dagrun for load_rates to 2022-12-21T14:00:22.349681+00:00, run_after=2022-12-22T14:00:22.349681+00:00
[2022-12-21 17:17:55,049] {processor.py:161} INFO - Processing /opt/airflow/dags/extract_data.py took 0.260 seconds
[2022-12-21 17:18:25,640] {processor.py:153} INFO - Started process (PID=25002) to work on /opt/airflow/dags/extract_data.py
[2022-12-21 17:18:25,641] {processor.py:641} INFO - Processing file /opt/airflow/dags/extract_data.py for tasks to queue
[2022-12-21 17:18:25,642] {logging_mixin.py:115} INFO - [2022-12-21 17:18:25,642] {dagbag.py:507} INFO - Filling up the DagBag from /opt/airflow/dags/extract_data.py
[2022-12-21 17:18:25,897] {processor.py:651} INFO - DAG(s) dict_keys(['load_rates']) retrieved from /opt/airflow/dags/extract_data.py
[2022-12-21 17:18:25,968] {logging_mixin.py:115} INFO - [2022-12-21 17:18:25,968] {dag.py:2371} INFO - Sync 1 DAGs
[2022-12-21 17:18:25,987] {logging_mixin.py:115} INFO - [2022-12-21 17:18:25,987] {dag.py:2919} INFO - Setting next_dagrun for load_rates to 2022-12-21T14:00:22.349681+00:00, run_after=2022-12-22T14:00:22.349681+00:00
[2022-12-21 17:18:26,002] {processor.py:161} INFO - Processing /opt/airflow/dags/extract_data.py took 0.364 seconds
[2022-12-21 17:18:56,465] {processor.py:153} INFO - Started process (PID=25069) to work on /opt/airflow/dags/extract_data.py
[2022-12-21 17:18:56,465] {processor.py:641} INFO - Processing file /opt/airflow/dags/extract_data.py for tasks to queue
[2022-12-21 17:18:56,465] {logging_mixin.py:115} INFO - [2022-12-21 17:18:56,465] {dagbag.py:507} INFO - Filling up the DagBag from /opt/airflow/dags/extract_data.py
[2022-12-21 17:18:56,638] {processor.py:651} INFO - DAG(s) dict_keys(['load_rates']) retrieved from /opt/airflow/dags/extract_data.py
[2022-12-21 17:18:56,691] {logging_mixin.py:115} INFO - [2022-12-21 17:18:56,690] {dag.py:2371} INFO - Sync 1 DAGs
[2022-12-21 17:18:56,705] {logging_mixin.py:115} INFO - [2022-12-21 17:18:56,705] {dag.py:2919} INFO - Setting next_dagrun for load_rates to 2022-12-21T14:00:22.349681+00:00, run_after=2022-12-22T14:00:22.349681+00:00
[2022-12-21 17:18:56,716] {processor.py:161} INFO - Processing /opt/airflow/dags/extract_data.py took 0.253 seconds
[2022-12-21 17:19:27,115] {processor.py:153} INFO - Started process (PID=25137) to work on /opt/airflow/dags/extract_data.py
[2022-12-21 17:19:27,116] {processor.py:641} INFO - Processing file /opt/airflow/dags/extract_data.py for tasks to queue
[2022-12-21 17:19:27,116] {logging_mixin.py:115} INFO - [2022-12-21 17:19:27,116] {dagbag.py:507} INFO - Filling up the DagBag from /opt/airflow/dags/extract_data.py
[2022-12-21 17:19:27,293] {processor.py:651} INFO - DAG(s) dict_keys(['load_rates']) retrieved from /opt/airflow/dags/extract_data.py
[2022-12-21 17:19:27,341] {logging_mixin.py:115} INFO - [2022-12-21 17:19:27,341] {dag.py:2371} INFO - Sync 1 DAGs
[2022-12-21 17:19:27,358] {logging_mixin.py:115} INFO - [2022-12-21 17:19:27,357] {dag.py:2919} INFO - Setting next_dagrun for load_rates to 2022-12-21T14:00:22.349681+00:00, run_after=2022-12-22T14:00:22.349681+00:00
[2022-12-21 17:19:27,368] {processor.py:161} INFO - Processing /opt/airflow/dags/extract_data.py took 0.256 seconds
[2022-12-21 17:19:57,806] {processor.py:153} INFO - Started process (PID=25196) to work on /opt/airflow/dags/extract_data.py
[2022-12-21 17:19:57,807] {processor.py:641} INFO - Processing file /opt/airflow/dags/extract_data.py for tasks to queue
[2022-12-21 17:19:57,807] {logging_mixin.py:115} INFO - [2022-12-21 17:19:57,807] {dagbag.py:507} INFO - Filling up the DagBag from /opt/airflow/dags/extract_data.py
[2022-12-21 17:19:57,992] {processor.py:651} INFO - DAG(s) dict_keys(['load_rates']) retrieved from /opt/airflow/dags/extract_data.py
[2022-12-21 17:19:58,046] {logging_mixin.py:115} INFO - [2022-12-21 17:19:58,045] {dag.py:2371} INFO - Sync 1 DAGs
[2022-12-21 17:19:58,062] {logging_mixin.py:115} INFO - [2022-12-21 17:19:58,062] {dag.py:2919} INFO - Setting next_dagrun for load_rates to 2022-12-21T14:00:22.349681+00:00, run_after=2022-12-22T14:00:22.349681+00:00
[2022-12-21 17:19:58,076] {processor.py:161} INFO - Processing /opt/airflow/dags/extract_data.py took 0.273 seconds
[2022-12-21 17:20:28,464] {processor.py:153} INFO - Started process (PID=25262) to work on /opt/airflow/dags/extract_data.py
[2022-12-21 17:20:28,465] {processor.py:641} INFO - Processing file /opt/airflow/dags/extract_data.py for tasks to queue
[2022-12-21 17:20:28,465] {logging_mixin.py:115} INFO - [2022-12-21 17:20:28,465] {dagbag.py:507} INFO - Filling up the DagBag from /opt/airflow/dags/extract_data.py
[2022-12-21 17:20:28,669] {processor.py:651} INFO - DAG(s) dict_keys(['load_rates']) retrieved from /opt/airflow/dags/extract_data.py
[2022-12-21 17:20:28,719] {logging_mixin.py:115} INFO - [2022-12-21 17:20:28,718] {dag.py:2371} INFO - Sync 1 DAGs
[2022-12-21 17:20:28,734] {logging_mixin.py:115} INFO - [2022-12-21 17:20:28,734] {dag.py:2919} INFO - Setting next_dagrun for load_rates to 2022-12-21T14:00:22.349681+00:00, run_after=2022-12-22T14:00:22.349681+00:00
[2022-12-21 17:20:28,745] {processor.py:161} INFO - Processing /opt/airflow/dags/extract_data.py took 0.284 seconds
[2022-12-21 17:20:39,012] {processor.py:153} INFO - Started process (PID=25284) to work on /opt/airflow/dags/extract_data.py
[2022-12-21 17:20:39,013] {processor.py:641} INFO - Processing file /opt/airflow/dags/extract_data.py for tasks to queue
[2022-12-21 17:20:39,014] {logging_mixin.py:115} INFO - [2022-12-21 17:20:39,014] {dagbag.py:507} INFO - Filling up the DagBag from /opt/airflow/dags/extract_data.py
[2022-12-21 17:20:39,226] {processor.py:651} INFO - DAG(s) dict_keys(['load_rates']) retrieved from /opt/airflow/dags/extract_data.py
[2022-12-21 17:20:39,238] {logging_mixin.py:115} INFO - [2022-12-21 17:20:39,237] {dag.py:2371} INFO - Sync 1 DAGs
[2022-12-21 17:20:39,259] {logging_mixin.py:115} INFO - [2022-12-21 17:20:39,259] {dag.py:2919} INFO - Setting next_dagrun for load_rates to 2022-12-21T14:00:22.349681+00:00, run_after=2022-12-22T14:00:22.349681+00:00
[2022-12-21 17:20:39,270] {processor.py:161} INFO - Processing /opt/airflow/dags/extract_data.py took 0.261 seconds
[2022-12-21 17:21:09,744] {processor.py:153} INFO - Started process (PID=25350) to work on /opt/airflow/dags/extract_data.py
[2022-12-21 17:21:09,745] {processor.py:641} INFO - Processing file /opt/airflow/dags/extract_data.py for tasks to queue
[2022-12-21 17:21:09,746] {logging_mixin.py:115} INFO - [2022-12-21 17:21:09,746] {dagbag.py:507} INFO - Filling up the DagBag from /opt/airflow/dags/extract_data.py
[2022-12-21 17:21:09,941] {processor.py:651} INFO - DAG(s) dict_keys(['load_rates']) retrieved from /opt/airflow/dags/extract_data.py
[2022-12-21 17:21:09,987] {logging_mixin.py:115} INFO - [2022-12-21 17:21:09,986] {dag.py:2371} INFO - Sync 1 DAGs
[2022-12-21 17:21:10,007] {logging_mixin.py:115} INFO - [2022-12-21 17:21:10,007] {dag.py:2919} INFO - Setting next_dagrun for load_rates to 2022-12-21T14:00:22.349681+00:00, run_after=2022-12-22T14:00:22.349681+00:00
[2022-12-21 17:21:10,022] {processor.py:161} INFO - Processing /opt/airflow/dags/extract_data.py took 0.280 seconds
[2022-12-21 17:21:40,177] {processor.py:153} INFO - Started process (PID=25416) to work on /opt/airflow/dags/extract_data.py
[2022-12-21 17:21:40,178] {processor.py:641} INFO - Processing file /opt/airflow/dags/extract_data.py for tasks to queue
[2022-12-21 17:21:40,178] {logging_mixin.py:115} INFO - [2022-12-21 17:21:40,178] {dagbag.py:507} INFO - Filling up the DagBag from /opt/airflow/dags/extract_data.py
[2022-12-21 17:21:40,474] {processor.py:651} INFO - DAG(s) dict_keys(['load_rates']) retrieved from /opt/airflow/dags/extract_data.py
[2022-12-21 17:21:40,537] {logging_mixin.py:115} INFO - [2022-12-21 17:21:40,537] {dag.py:2371} INFO - Sync 1 DAGs
[2022-12-21 17:21:40,553] {logging_mixin.py:115} INFO - [2022-12-21 17:21:40,553] {dag.py:2919} INFO - Setting next_dagrun for load_rates to 2022-12-21T14:00:22.349681+00:00, run_after=2022-12-22T14:00:22.349681+00:00
[2022-12-21 17:21:40,563] {processor.py:161} INFO - Processing /opt/airflow/dags/extract_data.py took 0.390 seconds
[2022-12-21 17:22:10,651] {processor.py:153} INFO - Started process (PID=25473) to work on /opt/airflow/dags/extract_data.py
[2022-12-21 17:22:10,653] {processor.py:641} INFO - Processing file /opt/airflow/dags/extract_data.py for tasks to queue
[2022-12-21 17:22:10,653] {logging_mixin.py:115} INFO - [2022-12-21 17:22:10,653] {dagbag.py:507} INFO - Filling up the DagBag from /opt/airflow/dags/extract_data.py
[2022-12-21 17:22:10,848] {processor.py:651} INFO - DAG(s) dict_keys(['load_rates']) retrieved from /opt/airflow/dags/extract_data.py
[2022-12-21 17:22:10,895] {logging_mixin.py:115} INFO - [2022-12-21 17:22:10,895] {dag.py:2371} INFO - Sync 1 DAGs
[2022-12-21 17:22:10,909] {logging_mixin.py:115} INFO - [2022-12-21 17:22:10,909] {dag.py:2919} INFO - Setting next_dagrun for load_rates to 2022-12-21T14:00:22.349681+00:00, run_after=2022-12-22T14:00:22.349681+00:00
[2022-12-21 17:22:10,919] {processor.py:161} INFO - Processing /opt/airflow/dags/extract_data.py took 0.271 seconds
[2022-12-21 17:22:41,293] {processor.py:153} INFO - Started process (PID=25540) to work on /opt/airflow/dags/extract_data.py
[2022-12-21 17:22:41,293] {processor.py:641} INFO - Processing file /opt/airflow/dags/extract_data.py for tasks to queue
[2022-12-21 17:22:41,294] {logging_mixin.py:115} INFO - [2022-12-21 17:22:41,293] {dagbag.py:507} INFO - Filling up the DagBag from /opt/airflow/dags/extract_data.py
[2022-12-21 17:22:41,461] {processor.py:651} INFO - DAG(s) dict_keys(['load_rates']) retrieved from /opt/airflow/dags/extract_data.py
[2022-12-21 17:22:41,519] {logging_mixin.py:115} INFO - [2022-12-21 17:22:41,518] {dag.py:2371} INFO - Sync 1 DAGs
[2022-12-21 17:22:41,534] {logging_mixin.py:115} INFO - [2022-12-21 17:22:41,534] {dag.py:2919} INFO - Setting next_dagrun for load_rates to 2022-12-21T14:00:22.349681+00:00, run_after=2022-12-22T14:00:22.349681+00:00
[2022-12-21 17:22:41,545] {processor.py:161} INFO - Processing /opt/airflow/dags/extract_data.py took 0.254 seconds
[2022-12-21 17:23:11,622] {processor.py:153} INFO - Started process (PID=25607) to work on /opt/airflow/dags/extract_data.py
[2022-12-21 17:23:11,623] {processor.py:641} INFO - Processing file /opt/airflow/dags/extract_data.py for tasks to queue
[2022-12-21 17:23:11,624] {logging_mixin.py:115} INFO - [2022-12-21 17:23:11,624] {dagbag.py:507} INFO - Filling up the DagBag from /opt/airflow/dags/extract_data.py
[2022-12-21 17:23:11,812] {processor.py:651} INFO - DAG(s) dict_keys(['load_rates']) retrieved from /opt/airflow/dags/extract_data.py
[2022-12-21 17:23:11,862] {logging_mixin.py:115} INFO - [2022-12-21 17:23:11,861] {dag.py:2371} INFO - Sync 1 DAGs
[2022-12-21 17:23:11,880] {logging_mixin.py:115} INFO - [2022-12-21 17:23:11,880] {dag.py:2919} INFO - Setting next_dagrun for load_rates to 2022-12-21T14:00:22.349681+00:00, run_after=2022-12-22T14:00:22.349681+00:00
[2022-12-21 17:23:11,894] {processor.py:161} INFO - Processing /opt/airflow/dags/extract_data.py took 0.274 seconds
[2022-12-21 17:23:42,366] {processor.py:153} INFO - Started process (PID=25664) to work on /opt/airflow/dags/extract_data.py
[2022-12-21 17:23:42,367] {processor.py:641} INFO - Processing file /opt/airflow/dags/extract_data.py for tasks to queue
[2022-12-21 17:23:42,368] {logging_mixin.py:115} INFO - [2022-12-21 17:23:42,368] {dagbag.py:507} INFO - Filling up the DagBag from /opt/airflow/dags/extract_data.py
[2022-12-21 17:23:42,529] {processor.py:651} INFO - DAG(s) dict_keys(['load_rates']) retrieved from /opt/airflow/dags/extract_data.py
[2022-12-21 17:23:42,579] {logging_mixin.py:115} INFO - [2022-12-21 17:23:42,578] {dag.py:2371} INFO - Sync 1 DAGs
[2022-12-21 17:23:42,598] {logging_mixin.py:115} INFO - [2022-12-21 17:23:42,598] {dag.py:2919} INFO - Setting next_dagrun for load_rates to 2022-12-21T14:00:22.349681+00:00, run_after=2022-12-22T14:00:22.349681+00:00
[2022-12-21 17:23:42,611] {processor.py:161} INFO - Processing /opt/airflow/dags/extract_data.py took 0.248 seconds
