[2022-12-21 16:54:58,135] {processor.py:153} INFO - Started process (PID=22063) to work on /opt/airflow/dags/python/Helper.py
[2022-12-21 16:54:58,135] {processor.py:641} INFO - Processing file /opt/airflow/dags/python/Helper.py for tasks to queue
[2022-12-21 16:54:58,135] {logging_mixin.py:115} INFO - [2022-12-21 16:54:58,135] {dagbag.py:507} INFO - Filling up the DagBag from /opt/airflow/dags/python/Helper.py
[2022-12-21 16:54:58,308] {processor.py:653} WARNING - No viable dags retrieved from /opt/airflow/dags/python/Helper.py
[2022-12-21 16:54:58,318] {processor.py:161} INFO - Processing /opt/airflow/dags/python/Helper.py took 0.186 seconds
[2022-12-21 16:55:28,793] {processor.py:153} INFO - Started process (PID=22129) to work on /opt/airflow/dags/python/Helper.py
[2022-12-21 16:55:28,793] {processor.py:641} INFO - Processing file /opt/airflow/dags/python/Helper.py for tasks to queue
[2022-12-21 16:55:28,793] {logging_mixin.py:115} INFO - [2022-12-21 16:55:28,793] {dagbag.py:507} INFO - Filling up the DagBag from /opt/airflow/dags/python/Helper.py
[2022-12-21 16:55:28,960] {processor.py:653} WARNING - No viable dags retrieved from /opt/airflow/dags/python/Helper.py
[2022-12-21 16:55:28,970] {processor.py:161} INFO - Processing /opt/airflow/dags/python/Helper.py took 0.180 seconds
[2022-12-21 16:55:59,269] {processor.py:153} INFO - Started process (PID=22193) to work on /opt/airflow/dags/python/Helper.py
[2022-12-21 16:55:59,270] {processor.py:641} INFO - Processing file /opt/airflow/dags/python/Helper.py for tasks to queue
[2022-12-21 16:55:59,270] {logging_mixin.py:115} INFO - [2022-12-21 16:55:59,270] {dagbag.py:507} INFO - Filling up the DagBag from /opt/airflow/dags/python/Helper.py
[2022-12-21 16:55:59,458] {processor.py:653} WARNING - No viable dags retrieved from /opt/airflow/dags/python/Helper.py
[2022-12-21 16:55:59,468] {processor.py:161} INFO - Processing /opt/airflow/dags/python/Helper.py took 0.202 seconds
[2022-12-21 16:56:29,598] {processor.py:153} INFO - Started process (PID=22252) to work on /opt/airflow/dags/python/Helper.py
[2022-12-21 16:56:29,598] {processor.py:641} INFO - Processing file /opt/airflow/dags/python/Helper.py for tasks to queue
[2022-12-21 16:56:29,599] {logging_mixin.py:115} INFO - [2022-12-21 16:56:29,598] {dagbag.py:507} INFO - Filling up the DagBag from /opt/airflow/dags/python/Helper.py
[2022-12-21 16:56:29,766] {processor.py:653} WARNING - No viable dags retrieved from /opt/airflow/dags/python/Helper.py
[2022-12-21 16:56:29,776] {processor.py:161} INFO - Processing /opt/airflow/dags/python/Helper.py took 0.180 seconds
[2022-12-21 16:57:00,128] {processor.py:153} INFO - Started process (PID=22319) to work on /opt/airflow/dags/python/Helper.py
[2022-12-21 16:57:00,128] {processor.py:641} INFO - Processing file /opt/airflow/dags/python/Helper.py for tasks to queue
[2022-12-21 16:57:00,129] {logging_mixin.py:115} INFO - [2022-12-21 16:57:00,129] {dagbag.py:507} INFO - Filling up the DagBag from /opt/airflow/dags/python/Helper.py
[2022-12-21 16:57:00,302] {processor.py:653} WARNING - No viable dags retrieved from /opt/airflow/dags/python/Helper.py
[2022-12-21 16:57:00,312] {processor.py:161} INFO - Processing /opt/airflow/dags/python/Helper.py took 0.188 seconds
[2022-12-21 16:57:30,500] {processor.py:153} INFO - Started process (PID=22386) to work on /opt/airflow/dags/python/Helper.py
[2022-12-21 16:57:30,501] {processor.py:641} INFO - Processing file /opt/airflow/dags/python/Helper.py for tasks to queue
[2022-12-21 16:57:30,501] {logging_mixin.py:115} INFO - [2022-12-21 16:57:30,501] {dagbag.py:507} INFO - Filling up the DagBag from /opt/airflow/dags/python/Helper.py
[2022-12-21 16:57:30,664] {processor.py:653} WARNING - No viable dags retrieved from /opt/airflow/dags/python/Helper.py
[2022-12-21 16:57:30,676] {processor.py:161} INFO - Processing /opt/airflow/dags/python/Helper.py took 0.179 seconds
[2022-12-21 16:58:00,867] {processor.py:153} INFO - Started process (PID=22450) to work on /opt/airflow/dags/python/Helper.py
[2022-12-21 16:58:00,867] {processor.py:641} INFO - Processing file /opt/airflow/dags/python/Helper.py for tasks to queue
[2022-12-21 16:58:00,867] {logging_mixin.py:115} INFO - [2022-12-21 16:58:00,867] {dagbag.py:507} INFO - Filling up the DagBag from /opt/airflow/dags/python/Helper.py
[2022-12-21 16:58:01,038] {processor.py:653} WARNING - No viable dags retrieved from /opt/airflow/dags/python/Helper.py
[2022-12-21 16:58:01,050] {processor.py:161} INFO - Processing /opt/airflow/dags/python/Helper.py took 0.186 seconds
[2022-12-21 16:58:31,324] {processor.py:153} INFO - Started process (PID=22509) to work on /opt/airflow/dags/python/Helper.py
[2022-12-21 16:58:31,325] {processor.py:641} INFO - Processing file /opt/airflow/dags/python/Helper.py for tasks to queue
[2022-12-21 16:58:31,326] {logging_mixin.py:115} INFO - [2022-12-21 16:58:31,326] {dagbag.py:507} INFO - Filling up the DagBag from /opt/airflow/dags/python/Helper.py
[2022-12-21 16:58:31,514] {processor.py:653} WARNING - No viable dags retrieved from /opt/airflow/dags/python/Helper.py
[2022-12-21 16:58:31,526] {processor.py:161} INFO - Processing /opt/airflow/dags/python/Helper.py took 0.205 seconds
[2022-12-21 16:59:01,895] {processor.py:153} INFO - Started process (PID=22575) to work on /opt/airflow/dags/python/Helper.py
[2022-12-21 16:59:01,895] {processor.py:641} INFO - Processing file /opt/airflow/dags/python/Helper.py for tasks to queue
[2022-12-21 16:59:01,896] {logging_mixin.py:115} INFO - [2022-12-21 16:59:01,896] {dagbag.py:507} INFO - Filling up the DagBag from /opt/airflow/dags/python/Helper.py
[2022-12-21 16:59:02,055] {processor.py:653} WARNING - No viable dags retrieved from /opt/airflow/dags/python/Helper.py
[2022-12-21 16:59:02,066] {processor.py:161} INFO - Processing /opt/airflow/dags/python/Helper.py took 0.173 seconds
[2022-12-21 16:59:32,295] {processor.py:153} INFO - Started process (PID=22643) to work on /opt/airflow/dags/python/Helper.py
[2022-12-21 16:59:32,296] {processor.py:641} INFO - Processing file /opt/airflow/dags/python/Helper.py for tasks to queue
[2022-12-21 16:59:32,297] {logging_mixin.py:115} INFO - [2022-12-21 16:59:32,297] {dagbag.py:507} INFO - Filling up the DagBag from /opt/airflow/dags/python/Helper.py
[2022-12-21 16:59:32,503] {processor.py:653} WARNING - No viable dags retrieved from /opt/airflow/dags/python/Helper.py
[2022-12-21 16:59:32,515] {processor.py:161} INFO - Processing /opt/airflow/dags/python/Helper.py took 0.222 seconds
[2022-12-21 17:00:02,870] {processor.py:153} INFO - Started process (PID=22699) to work on /opt/airflow/dags/python/Helper.py
[2022-12-21 17:00:02,870] {processor.py:641} INFO - Processing file /opt/airflow/dags/python/Helper.py for tasks to queue
[2022-12-21 17:00:02,871] {logging_mixin.py:115} INFO - [2022-12-21 17:00:02,871] {dagbag.py:507} INFO - Filling up the DagBag from /opt/airflow/dags/python/Helper.py
[2022-12-21 17:00:03,078] {processor.py:653} WARNING - No viable dags retrieved from /opt/airflow/dags/python/Helper.py
[2022-12-21 17:00:03,089] {processor.py:161} INFO - Processing /opt/airflow/dags/python/Helper.py took 0.222 seconds
[2022-12-21 17:00:33,512] {processor.py:153} INFO - Started process (PID=22766) to work on /opt/airflow/dags/python/Helper.py
[2022-12-21 17:00:33,512] {processor.py:641} INFO - Processing file /opt/airflow/dags/python/Helper.py for tasks to queue
[2022-12-21 17:00:33,513] {logging_mixin.py:115} INFO - [2022-12-21 17:00:33,513] {dagbag.py:507} INFO - Filling up the DagBag from /opt/airflow/dags/python/Helper.py
[2022-12-21 17:00:33,667] {processor.py:653} WARNING - No viable dags retrieved from /opt/airflow/dags/python/Helper.py
[2022-12-21 17:00:33,678] {processor.py:161} INFO - Processing /opt/airflow/dags/python/Helper.py took 0.169 seconds
[2022-12-21 17:01:03,985] {processor.py:153} INFO - Started process (PID=22832) to work on /opt/airflow/dags/python/Helper.py
[2022-12-21 17:01:03,985] {processor.py:641} INFO - Processing file /opt/airflow/dags/python/Helper.py for tasks to queue
[2022-12-21 17:01:03,986] {logging_mixin.py:115} INFO - [2022-12-21 17:01:03,986] {dagbag.py:507} INFO - Filling up the DagBag from /opt/airflow/dags/python/Helper.py
[2022-12-21 17:01:04,161] {processor.py:653} WARNING - No viable dags retrieved from /opt/airflow/dags/python/Helper.py
[2022-12-21 17:01:04,174] {processor.py:161} INFO - Processing /opt/airflow/dags/python/Helper.py took 0.193 seconds
[2022-12-21 17:01:34,588] {processor.py:153} INFO - Started process (PID=22898) to work on /opt/airflow/dags/python/Helper.py
[2022-12-21 17:01:34,589] {processor.py:641} INFO - Processing file /opt/airflow/dags/python/Helper.py for tasks to queue
[2022-12-21 17:01:34,590] {logging_mixin.py:115} INFO - [2022-12-21 17:01:34,590] {dagbag.py:507} INFO - Filling up the DagBag from /opt/airflow/dags/python/Helper.py
[2022-12-21 17:01:34,753] {processor.py:653} WARNING - No viable dags retrieved from /opt/airflow/dags/python/Helper.py
[2022-12-21 17:01:34,763] {processor.py:161} INFO - Processing /opt/airflow/dags/python/Helper.py took 0.178 seconds
[2022-12-21 17:02:05,156] {processor.py:153} INFO - Started process (PID=22954) to work on /opt/airflow/dags/python/Helper.py
[2022-12-21 17:02:05,156] {processor.py:641} INFO - Processing file /opt/airflow/dags/python/Helper.py for tasks to queue
[2022-12-21 17:02:05,157] {logging_mixin.py:115} INFO - [2022-12-21 17:02:05,157] {dagbag.py:507} INFO - Filling up the DagBag from /opt/airflow/dags/python/Helper.py
[2022-12-21 17:02:05,339] {processor.py:653} WARNING - No viable dags retrieved from /opt/airflow/dags/python/Helper.py
[2022-12-21 17:02:05,369] {processor.py:161} INFO - Processing /opt/airflow/dags/python/Helper.py took 0.216 seconds
[2022-12-21 17:02:35,804] {processor.py:153} INFO - Started process (PID=23020) to work on /opt/airflow/dags/python/Helper.py
[2022-12-21 17:02:35,805] {processor.py:641} INFO - Processing file /opt/airflow/dags/python/Helper.py for tasks to queue
[2022-12-21 17:02:35,805] {logging_mixin.py:115} INFO - [2022-12-21 17:02:35,805] {dagbag.py:507} INFO - Filling up the DagBag from /opt/airflow/dags/python/Helper.py
[2022-12-21 17:02:35,968] {processor.py:653} WARNING - No viable dags retrieved from /opt/airflow/dags/python/Helper.py
[2022-12-21 17:02:35,979] {processor.py:161} INFO - Processing /opt/airflow/dags/python/Helper.py took 0.178 seconds
[2022-12-21 17:03:06,483] {processor.py:153} INFO - Started process (PID=23086) to work on /opt/airflow/dags/python/Helper.py
[2022-12-21 17:03:06,483] {processor.py:641} INFO - Processing file /opt/airflow/dags/python/Helper.py for tasks to queue
[2022-12-21 17:03:06,484] {logging_mixin.py:115} INFO - [2022-12-21 17:03:06,484] {dagbag.py:507} INFO - Filling up the DagBag from /opt/airflow/dags/python/Helper.py
[2022-12-21 17:03:06,669] {processor.py:653} WARNING - No viable dags retrieved from /opt/airflow/dags/python/Helper.py
[2022-12-21 17:03:06,680] {processor.py:161} INFO - Processing /opt/airflow/dags/python/Helper.py took 0.200 seconds
[2022-12-21 17:03:37,276] {processor.py:153} INFO - Started process (PID=23153) to work on /opt/airflow/dags/python/Helper.py
[2022-12-21 17:03:37,277] {processor.py:641} INFO - Processing file /opt/airflow/dags/python/Helper.py for tasks to queue
[2022-12-21 17:03:37,277] {logging_mixin.py:115} INFO - [2022-12-21 17:03:37,277] {dagbag.py:507} INFO - Filling up the DagBag from /opt/airflow/dags/python/Helper.py
[2022-12-21 17:03:37,445] {processor.py:653} WARNING - No viable dags retrieved from /opt/airflow/dags/python/Helper.py
[2022-12-21 17:03:37,458] {processor.py:161} INFO - Processing /opt/airflow/dags/python/Helper.py took 0.184 seconds
[2022-12-21 17:04:07,875] {processor.py:153} INFO - Started process (PID=23210) to work on /opt/airflow/dags/python/Helper.py
[2022-12-21 17:04:07,875] {processor.py:641} INFO - Processing file /opt/airflow/dags/python/Helper.py for tasks to queue
[2022-12-21 17:04:07,876] {logging_mixin.py:115} INFO - [2022-12-21 17:04:07,876] {dagbag.py:507} INFO - Filling up the DagBag from /opt/airflow/dags/python/Helper.py
[2022-12-21 17:04:08,055] {processor.py:653} WARNING - No viable dags retrieved from /opt/airflow/dags/python/Helper.py
[2022-12-21 17:04:08,067] {processor.py:161} INFO - Processing /opt/airflow/dags/python/Helper.py took 0.195 seconds
[2022-12-21 17:04:38,413] {processor.py:153} INFO - Started process (PID=23276) to work on /opt/airflow/dags/python/Helper.py
[2022-12-21 17:04:38,413] {processor.py:641} INFO - Processing file /opt/airflow/dags/python/Helper.py for tasks to queue
[2022-12-21 17:04:38,414] {logging_mixin.py:115} INFO - [2022-12-21 17:04:38,414] {dagbag.py:507} INFO - Filling up the DagBag from /opt/airflow/dags/python/Helper.py
[2022-12-21 17:04:38,575] {processor.py:653} WARNING - No viable dags retrieved from /opt/airflow/dags/python/Helper.py
[2022-12-21 17:04:38,586] {processor.py:161} INFO - Processing /opt/airflow/dags/python/Helper.py took 0.176 seconds
[2022-12-21 17:05:08,942] {processor.py:153} INFO - Started process (PID=23342) to work on /opt/airflow/dags/python/Helper.py
[2022-12-21 17:05:08,943] {processor.py:641} INFO - Processing file /opt/airflow/dags/python/Helper.py for tasks to queue
[2022-12-21 17:05:08,943] {logging_mixin.py:115} INFO - [2022-12-21 17:05:08,943] {dagbag.py:507} INFO - Filling up the DagBag from /opt/airflow/dags/python/Helper.py
[2022-12-21 17:05:09,120] {processor.py:653} WARNING - No viable dags retrieved from /opt/airflow/dags/python/Helper.py
[2022-12-21 17:05:09,130] {processor.py:161} INFO - Processing /opt/airflow/dags/python/Helper.py took 0.192 seconds
[2022-12-21 17:05:39,614] {processor.py:153} INFO - Started process (PID=23407) to work on /opt/airflow/dags/python/Helper.py
[2022-12-21 17:05:39,614] {processor.py:641} INFO - Processing file /opt/airflow/dags/python/Helper.py for tasks to queue
[2022-12-21 17:05:39,614] {logging_mixin.py:115} INFO - [2022-12-21 17:05:39,614] {dagbag.py:507} INFO - Filling up the DagBag from /opt/airflow/dags/python/Helper.py
[2022-12-21 17:05:39,798] {processor.py:653} WARNING - No viable dags retrieved from /opt/airflow/dags/python/Helper.py
[2022-12-21 17:05:39,816] {processor.py:161} INFO - Processing /opt/airflow/dags/python/Helper.py took 0.205 seconds
[2022-12-21 17:06:10,580] {processor.py:153} INFO - Started process (PID=23465) to work on /opt/airflow/dags/python/Helper.py
[2022-12-21 17:06:10,581] {processor.py:641} INFO - Processing file /opt/airflow/dags/python/Helper.py for tasks to queue
[2022-12-21 17:06:10,581] {logging_mixin.py:115} INFO - [2022-12-21 17:06:10,581] {dagbag.py:507} INFO - Filling up the DagBag from /opt/airflow/dags/python/Helper.py
[2022-12-21 17:06:10,747] {processor.py:653} WARNING - No viable dags retrieved from /opt/airflow/dags/python/Helper.py
[2022-12-21 17:06:10,760] {processor.py:161} INFO - Processing /opt/airflow/dags/python/Helper.py took 0.182 seconds
[2022-12-21 17:06:41,113] {processor.py:153} INFO - Started process (PID=23532) to work on /opt/airflow/dags/python/Helper.py
[2022-12-21 17:06:41,114] {processor.py:641} INFO - Processing file /opt/airflow/dags/python/Helper.py for tasks to queue
[2022-12-21 17:06:41,114] {logging_mixin.py:115} INFO - [2022-12-21 17:06:41,114] {dagbag.py:507} INFO - Filling up the DagBag from /opt/airflow/dags/python/Helper.py
[2022-12-21 17:06:41,298] {processor.py:653} WARNING - No viable dags retrieved from /opt/airflow/dags/python/Helper.py
[2022-12-21 17:06:41,309] {processor.py:161} INFO - Processing /opt/airflow/dags/python/Helper.py took 0.199 seconds
[2022-12-21 17:07:11,643] {processor.py:153} INFO - Started process (PID=23598) to work on /opt/airflow/dags/python/Helper.py
[2022-12-21 17:07:11,643] {processor.py:641} INFO - Processing file /opt/airflow/dags/python/Helper.py for tasks to queue
[2022-12-21 17:07:11,643] {logging_mixin.py:115} INFO - [2022-12-21 17:07:11,643] {dagbag.py:507} INFO - Filling up the DagBag from /opt/airflow/dags/python/Helper.py
[2022-12-21 17:07:11,845] {processor.py:653} WARNING - No viable dags retrieved from /opt/airflow/dags/python/Helper.py
[2022-12-21 17:07:11,858] {processor.py:161} INFO - Processing /opt/airflow/dags/python/Helper.py took 0.218 seconds
[2022-12-21 17:07:42,213] {processor.py:153} INFO - Started process (PID=23663) to work on /opt/airflow/dags/python/Helper.py
[2022-12-21 17:07:42,214] {processor.py:641} INFO - Processing file /opt/airflow/dags/python/Helper.py for tasks to queue
[2022-12-21 17:07:42,214] {logging_mixin.py:115} INFO - [2022-12-21 17:07:42,214] {dagbag.py:507} INFO - Filling up the DagBag from /opt/airflow/dags/python/Helper.py
[2022-12-21 17:07:42,383] {processor.py:653} WARNING - No viable dags retrieved from /opt/airflow/dags/python/Helper.py
[2022-12-21 17:07:42,396] {processor.py:161} INFO - Processing /opt/airflow/dags/python/Helper.py took 0.185 seconds
[2022-12-21 17:08:12,739] {processor.py:153} INFO - Started process (PID=23720) to work on /opt/airflow/dags/python/Helper.py
[2022-12-21 17:08:12,739] {processor.py:641} INFO - Processing file /opt/airflow/dags/python/Helper.py for tasks to queue
[2022-12-21 17:08:12,740] {logging_mixin.py:115} INFO - [2022-12-21 17:08:12,740] {dagbag.py:507} INFO - Filling up the DagBag from /opt/airflow/dags/python/Helper.py
[2022-12-21 17:08:12,934] {processor.py:653} WARNING - No viable dags retrieved from /opt/airflow/dags/python/Helper.py
[2022-12-21 17:08:12,948] {processor.py:161} INFO - Processing /opt/airflow/dags/python/Helper.py took 0.212 seconds
[2022-12-21 17:08:43,358] {processor.py:153} INFO - Started process (PID=23787) to work on /opt/airflow/dags/python/Helper.py
[2022-12-21 17:08:43,359] {processor.py:641} INFO - Processing file /opt/airflow/dags/python/Helper.py for tasks to queue
[2022-12-21 17:08:43,359] {logging_mixin.py:115} INFO - [2022-12-21 17:08:43,359] {dagbag.py:507} INFO - Filling up the DagBag from /opt/airflow/dags/python/Helper.py
[2022-12-21 17:08:43,540] {processor.py:653} WARNING - No viable dags retrieved from /opt/airflow/dags/python/Helper.py
[2022-12-21 17:08:43,553] {processor.py:161} INFO - Processing /opt/airflow/dags/python/Helper.py took 0.197 seconds
[2022-12-21 17:09:14,003] {processor.py:153} INFO - Started process (PID=23853) to work on /opt/airflow/dags/python/Helper.py
[2022-12-21 17:09:14,003] {processor.py:641} INFO - Processing file /opt/airflow/dags/python/Helper.py for tasks to queue
[2022-12-21 17:09:14,004] {logging_mixin.py:115} INFO - [2022-12-21 17:09:14,004] {dagbag.py:507} INFO - Filling up the DagBag from /opt/airflow/dags/python/Helper.py
[2022-12-21 17:09:14,261] {processor.py:653} WARNING - No viable dags retrieved from /opt/airflow/dags/python/Helper.py
[2022-12-21 17:09:14,274] {processor.py:161} INFO - Processing /opt/airflow/dags/python/Helper.py took 0.275 seconds
[2022-12-21 17:09:44,768] {processor.py:153} INFO - Started process (PID=23921) to work on /opt/airflow/dags/python/Helper.py
[2022-12-21 17:09:44,769] {processor.py:641} INFO - Processing file /opt/airflow/dags/python/Helper.py for tasks to queue
[2022-12-21 17:09:44,770] {logging_mixin.py:115} INFO - [2022-12-21 17:09:44,769] {dagbag.py:507} INFO - Filling up the DagBag from /opt/airflow/dags/python/Helper.py
[2022-12-21 17:09:44,981] {processor.py:653} WARNING - No viable dags retrieved from /opt/airflow/dags/python/Helper.py
[2022-12-21 17:09:45,005] {processor.py:161} INFO - Processing /opt/airflow/dags/python/Helper.py took 0.241 seconds
[2022-12-21 17:10:15,494] {processor.py:153} INFO - Started process (PID=23978) to work on /opt/airflow/dags/python/Helper.py
[2022-12-21 17:10:15,495] {processor.py:641} INFO - Processing file /opt/airflow/dags/python/Helper.py for tasks to queue
[2022-12-21 17:10:15,495] {logging_mixin.py:115} INFO - [2022-12-21 17:10:15,495] {dagbag.py:507} INFO - Filling up the DagBag from /opt/airflow/dags/python/Helper.py
[2022-12-21 17:10:15,665] {processor.py:653} WARNING - No viable dags retrieved from /opt/airflow/dags/python/Helper.py
[2022-12-21 17:10:15,678] {processor.py:161} INFO - Processing /opt/airflow/dags/python/Helper.py took 0.187 seconds
[2022-12-21 17:10:46,046] {processor.py:153} INFO - Started process (PID=24045) to work on /opt/airflow/dags/python/Helper.py
[2022-12-21 17:10:46,046] {processor.py:641} INFO - Processing file /opt/airflow/dags/python/Helper.py for tasks to queue
[2022-12-21 17:10:46,047] {logging_mixin.py:115} INFO - [2022-12-21 17:10:46,047] {dagbag.py:507} INFO - Filling up the DagBag from /opt/airflow/dags/python/Helper.py
[2022-12-21 17:10:46,232] {processor.py:653} WARNING - No viable dags retrieved from /opt/airflow/dags/python/Helper.py
[2022-12-21 17:10:46,243] {processor.py:161} INFO - Processing /opt/airflow/dags/python/Helper.py took 0.200 seconds
[2022-12-21 17:11:16,677] {processor.py:153} INFO - Started process (PID=24111) to work on /opt/airflow/dags/python/Helper.py
[2022-12-21 17:11:16,677] {processor.py:641} INFO - Processing file /opt/airflow/dags/python/Helper.py for tasks to queue
[2022-12-21 17:11:16,678] {logging_mixin.py:115} INFO - [2022-12-21 17:11:16,678] {dagbag.py:507} INFO - Filling up the DagBag from /opt/airflow/dags/python/Helper.py
[2022-12-21 17:11:16,868] {processor.py:653} WARNING - No viable dags retrieved from /opt/airflow/dags/python/Helper.py
[2022-12-21 17:11:16,879] {processor.py:161} INFO - Processing /opt/airflow/dags/python/Helper.py took 0.204 seconds
[2022-12-21 17:11:47,279] {processor.py:153} INFO - Started process (PID=24175) to work on /opt/airflow/dags/python/Helper.py
[2022-12-21 17:11:47,280] {processor.py:641} INFO - Processing file /opt/airflow/dags/python/Helper.py for tasks to queue
[2022-12-21 17:11:47,281] {logging_mixin.py:115} INFO - [2022-12-21 17:11:47,281] {dagbag.py:507} INFO - Filling up the DagBag from /opt/airflow/dags/python/Helper.py
[2022-12-21 17:11:47,483] {processor.py:653} WARNING - No viable dags retrieved from /opt/airflow/dags/python/Helper.py
[2022-12-21 17:11:47,495] {processor.py:161} INFO - Processing /opt/airflow/dags/python/Helper.py took 0.218 seconds
[2022-12-21 17:12:17,896] {processor.py:153} INFO - Started process (PID=24233) to work on /opt/airflow/dags/python/Helper.py
[2022-12-21 17:12:17,897] {processor.py:641} INFO - Processing file /opt/airflow/dags/python/Helper.py for tasks to queue
[2022-12-21 17:12:17,897] {logging_mixin.py:115} INFO - [2022-12-21 17:12:17,897] {dagbag.py:507} INFO - Filling up the DagBag from /opt/airflow/dags/python/Helper.py
[2022-12-21 17:12:18,075] {processor.py:653} WARNING - No viable dags retrieved from /opt/airflow/dags/python/Helper.py
[2022-12-21 17:12:18,085] {processor.py:161} INFO - Processing /opt/airflow/dags/python/Helper.py took 0.191 seconds
[2022-12-21 17:12:48,425] {processor.py:153} INFO - Started process (PID=24300) to work on /opt/airflow/dags/python/Helper.py
[2022-12-21 17:12:48,425] {processor.py:641} INFO - Processing file /opt/airflow/dags/python/Helper.py for tasks to queue
[2022-12-21 17:12:48,426] {logging_mixin.py:115} INFO - [2022-12-21 17:12:48,426] {dagbag.py:507} INFO - Filling up the DagBag from /opt/airflow/dags/python/Helper.py
[2022-12-21 17:12:48,599] {processor.py:653} WARNING - No viable dags retrieved from /opt/airflow/dags/python/Helper.py
[2022-12-21 17:12:48,612] {processor.py:161} INFO - Processing /opt/airflow/dags/python/Helper.py took 0.189 seconds
[2022-12-21 17:13:18,890] {processor.py:153} INFO - Started process (PID=24365) to work on /opt/airflow/dags/python/Helper.py
[2022-12-21 17:13:18,891] {processor.py:641} INFO - Processing file /opt/airflow/dags/python/Helper.py for tasks to queue
[2022-12-21 17:13:18,891] {logging_mixin.py:115} INFO - [2022-12-21 17:13:18,891] {dagbag.py:507} INFO - Filling up the DagBag from /opt/airflow/dags/python/Helper.py
[2022-12-21 17:13:19,063] {processor.py:653} WARNING - No viable dags retrieved from /opt/airflow/dags/python/Helper.py
[2022-12-21 17:13:19,076] {processor.py:161} INFO - Processing /opt/airflow/dags/python/Helper.py took 0.189 seconds
[2022-12-21 17:13:49,512] {processor.py:153} INFO - Started process (PID=24422) to work on /opt/airflow/dags/python/Helper.py
[2022-12-21 17:13:49,513] {processor.py:641} INFO - Processing file /opt/airflow/dags/python/Helper.py for tasks to queue
[2022-12-21 17:13:49,513] {logging_mixin.py:115} INFO - [2022-12-21 17:13:49,513] {dagbag.py:507} INFO - Filling up the DagBag from /opt/airflow/dags/python/Helper.py
[2022-12-21 17:13:49,689] {processor.py:653} WARNING - No viable dags retrieved from /opt/airflow/dags/python/Helper.py
[2022-12-21 17:13:49,702] {processor.py:161} INFO - Processing /opt/airflow/dags/python/Helper.py took 0.193 seconds
[2022-12-21 17:14:20,165] {processor.py:153} INFO - Started process (PID=24489) to work on /opt/airflow/dags/python/Helper.py
[2022-12-21 17:14:20,166] {processor.py:641} INFO - Processing file /opt/airflow/dags/python/Helper.py for tasks to queue
[2022-12-21 17:14:20,166] {logging_mixin.py:115} INFO - [2022-12-21 17:14:20,166] {dagbag.py:507} INFO - Filling up the DagBag from /opt/airflow/dags/python/Helper.py
[2022-12-21 17:14:20,343] {processor.py:653} WARNING - No viable dags retrieved from /opt/airflow/dags/python/Helper.py
[2022-12-21 17:14:20,364] {processor.py:161} INFO - Processing /opt/airflow/dags/python/Helper.py took 0.201 seconds
[2022-12-21 17:14:50,987] {processor.py:153} INFO - Started process (PID=24555) to work on /opt/airflow/dags/python/Helper.py
[2022-12-21 17:14:50,988] {processor.py:641} INFO - Processing file /opt/airflow/dags/python/Helper.py for tasks to queue
[2022-12-21 17:14:50,988] {logging_mixin.py:115} INFO - [2022-12-21 17:14:50,988] {dagbag.py:507} INFO - Filling up the DagBag from /opt/airflow/dags/python/Helper.py
[2022-12-21 17:14:51,164] {processor.py:653} WARNING - No viable dags retrieved from /opt/airflow/dags/python/Helper.py
[2022-12-21 17:14:51,176] {processor.py:161} INFO - Processing /opt/airflow/dags/python/Helper.py took 0.191 seconds
[2022-12-21 17:15:21,552] {processor.py:153} INFO - Started process (PID=24621) to work on /opt/airflow/dags/python/Helper.py
[2022-12-21 17:15:21,553] {processor.py:641} INFO - Processing file /opt/airflow/dags/python/Helper.py for tasks to queue
[2022-12-21 17:15:21,553] {logging_mixin.py:115} INFO - [2022-12-21 17:15:21,553] {dagbag.py:507} INFO - Filling up the DagBag from /opt/airflow/dags/python/Helper.py
[2022-12-21 17:15:21,713] {processor.py:653} WARNING - No viable dags retrieved from /opt/airflow/dags/python/Helper.py
[2022-12-21 17:15:21,724] {processor.py:161} INFO - Processing /opt/airflow/dags/python/Helper.py took 0.174 seconds
[2022-12-21 17:15:52,221] {processor.py:153} INFO - Started process (PID=24677) to work on /opt/airflow/dags/python/Helper.py
[2022-12-21 17:15:52,222] {processor.py:641} INFO - Processing file /opt/airflow/dags/python/Helper.py for tasks to queue
[2022-12-21 17:15:52,223] {logging_mixin.py:115} INFO - [2022-12-21 17:15:52,222] {dagbag.py:507} INFO - Filling up the DagBag from /opt/airflow/dags/python/Helper.py
[2022-12-21 17:15:52,430] {processor.py:653} WARNING - No viable dags retrieved from /opt/airflow/dags/python/Helper.py
[2022-12-21 17:15:52,444] {processor.py:161} INFO - Processing /opt/airflow/dags/python/Helper.py took 0.226 seconds
[2022-12-21 17:16:22,912] {processor.py:153} INFO - Started process (PID=24743) to work on /opt/airflow/dags/python/Helper.py
[2022-12-21 17:16:22,913] {processor.py:641} INFO - Processing file /opt/airflow/dags/python/Helper.py for tasks to queue
[2022-12-21 17:16:22,913] {logging_mixin.py:115} INFO - [2022-12-21 17:16:22,913] {dagbag.py:507} INFO - Filling up the DagBag from /opt/airflow/dags/python/Helper.py
[2022-12-21 17:16:23,129] {processor.py:653} WARNING - No viable dags retrieved from /opt/airflow/dags/python/Helper.py
[2022-12-21 17:16:23,141] {processor.py:161} INFO - Processing /opt/airflow/dags/python/Helper.py took 0.233 seconds
[2022-12-21 17:16:53,555] {processor.py:153} INFO - Started process (PID=24810) to work on /opt/airflow/dags/python/Helper.py
[2022-12-21 17:16:53,556] {processor.py:641} INFO - Processing file /opt/airflow/dags/python/Helper.py for tasks to queue
[2022-12-21 17:16:53,556] {logging_mixin.py:115} INFO - [2022-12-21 17:16:53,556] {dagbag.py:507} INFO - Filling up the DagBag from /opt/airflow/dags/python/Helper.py
[2022-12-21 17:16:53,754] {processor.py:653} WARNING - No viable dags retrieved from /opt/airflow/dags/python/Helper.py
[2022-12-21 17:16:53,766] {processor.py:161} INFO - Processing /opt/airflow/dags/python/Helper.py took 0.214 seconds
[2022-12-21 17:17:24,215] {processor.py:153} INFO - Started process (PID=24876) to work on /opt/airflow/dags/python/Helper.py
[2022-12-21 17:17:24,215] {processor.py:641} INFO - Processing file /opt/airflow/dags/python/Helper.py for tasks to queue
[2022-12-21 17:17:24,216] {logging_mixin.py:115} INFO - [2022-12-21 17:17:24,216] {dagbag.py:507} INFO - Filling up the DagBag from /opt/airflow/dags/python/Helper.py
[2022-12-21 17:17:24,380] {processor.py:653} WARNING - No viable dags retrieved from /opt/airflow/dags/python/Helper.py
[2022-12-21 17:17:24,391] {processor.py:161} INFO - Processing /opt/airflow/dags/python/Helper.py took 0.179 seconds
[2022-12-21 17:17:54,795] {processor.py:153} INFO - Started process (PID=24933) to work on /opt/airflow/dags/python/Helper.py
[2022-12-21 17:17:54,795] {processor.py:641} INFO - Processing file /opt/airflow/dags/python/Helper.py for tasks to queue
[2022-12-21 17:17:54,795] {logging_mixin.py:115} INFO - [2022-12-21 17:17:54,795] {dagbag.py:507} INFO - Filling up the DagBag from /opt/airflow/dags/python/Helper.py
[2022-12-21 17:17:54,963] {processor.py:653} WARNING - No viable dags retrieved from /opt/airflow/dags/python/Helper.py
[2022-12-21 17:17:54,975] {processor.py:161} INFO - Processing /opt/airflow/dags/python/Helper.py took 0.182 seconds
[2022-12-21 17:18:01,408] {processor.py:153} INFO - Started process (PID=24956) to work on /opt/airflow/dags/python/Helper.py
[2022-12-21 17:18:01,408] {processor.py:641} INFO - Processing file /opt/airflow/dags/python/Helper.py for tasks to queue
[2022-12-21 17:18:01,409] {logging_mixin.py:115} INFO - [2022-12-21 17:18:01,409] {dagbag.py:507} INFO - Filling up the DagBag from /opt/airflow/dags/python/Helper.py
[2022-12-21 17:18:01,585] {processor.py:653} WARNING - No viable dags retrieved from /opt/airflow/dags/python/Helper.py
[2022-12-21 17:18:01,598] {processor.py:161} INFO - Processing /opt/airflow/dags/python/Helper.py took 0.194 seconds
[2022-12-21 17:18:17,782] {processor.py:153} INFO - Started process (PID=24973) to work on /opt/airflow/dags/python/Helper.py
[2022-12-21 17:18:17,783] {processor.py:641} INFO - Processing file /opt/airflow/dags/python/Helper.py for tasks to queue
[2022-12-21 17:18:17,783] {logging_mixin.py:115} INFO - [2022-12-21 17:18:17,783] {dagbag.py:507} INFO - Filling up the DagBag from /opt/airflow/dags/python/Helper.py
[2022-12-21 17:18:17,955] {processor.py:653} WARNING - No viable dags retrieved from /opt/airflow/dags/python/Helper.py
[2022-12-21 17:18:17,981] {processor.py:161} INFO - Processing /opt/airflow/dags/python/Helper.py took 0.201 seconds
[2022-12-21 17:18:48,579] {processor.py:153} INFO - Started process (PID=25040) to work on /opt/airflow/dags/python/Helper.py
[2022-12-21 17:18:48,580] {processor.py:641} INFO - Processing file /opt/airflow/dags/python/Helper.py for tasks to queue
[2022-12-21 17:18:48,580] {logging_mixin.py:115} INFO - [2022-12-21 17:18:48,580] {dagbag.py:507} INFO - Filling up the DagBag from /opt/airflow/dags/python/Helper.py
[2022-12-21 17:18:48,781] {processor.py:653} WARNING - No viable dags retrieved from /opt/airflow/dags/python/Helper.py
[2022-12-21 17:18:48,793] {processor.py:161} INFO - Processing /opt/airflow/dags/python/Helper.py took 0.216 seconds
[2022-12-21 17:19:19,262] {processor.py:153} INFO - Started process (PID=25107) to work on /opt/airflow/dags/python/Helper.py
[2022-12-21 17:19:19,263] {processor.py:641} INFO - Processing file /opt/airflow/dags/python/Helper.py for tasks to queue
[2022-12-21 17:19:19,264] {logging_mixin.py:115} INFO - [2022-12-21 17:19:19,264] {dagbag.py:507} INFO - Filling up the DagBag from /opt/airflow/dags/python/Helper.py
[2022-12-21 17:19:19,425] {processor.py:653} WARNING - No viable dags retrieved from /opt/airflow/dags/python/Helper.py
[2022-12-21 17:19:19,436] {processor.py:161} INFO - Processing /opt/airflow/dags/python/Helper.py took 0.176 seconds
[2022-12-21 17:19:22,709] {processor.py:153} INFO - Started process (PID=25118) to work on /opt/airflow/dags/python/Helper.py
[2022-12-21 17:19:22,709] {processor.py:641} INFO - Processing file /opt/airflow/dags/python/Helper.py for tasks to queue
[2022-12-21 17:19:22,710] {logging_mixin.py:115} INFO - [2022-12-21 17:19:22,710] {dagbag.py:507} INFO - Filling up the DagBag from /opt/airflow/dags/python/Helper.py
[2022-12-21 17:19:22,882] {processor.py:653} WARNING - No viable dags retrieved from /opt/airflow/dags/python/Helper.py
[2022-12-21 17:19:22,893] {processor.py:161} INFO - Processing /opt/airflow/dags/python/Helper.py took 0.187 seconds
[2022-12-21 17:19:53,294] {processor.py:153} INFO - Started process (PID=25184) to work on /opt/airflow/dags/python/Helper.py
[2022-12-21 17:19:53,295] {processor.py:641} INFO - Processing file /opt/airflow/dags/python/Helper.py for tasks to queue
[2022-12-21 17:19:53,295] {logging_mixin.py:115} INFO - [2022-12-21 17:19:53,295] {dagbag.py:507} INFO - Filling up the DagBag from /opt/airflow/dags/python/Helper.py
[2022-12-21 17:19:53,513] {processor.py:653} WARNING - No viable dags retrieved from /opt/airflow/dags/python/Helper.py
[2022-12-21 17:19:53,527] {processor.py:161} INFO - Processing /opt/airflow/dags/python/Helper.py took 0.235 seconds
[2022-12-21 17:19:54,448] {processor.py:153} INFO - Started process (PID=25188) to work on /opt/airflow/dags/python/Helper.py
[2022-12-21 17:19:54,449] {processor.py:641} INFO - Processing file /opt/airflow/dags/python/Helper.py for tasks to queue
[2022-12-21 17:19:54,449] {logging_mixin.py:115} INFO - [2022-12-21 17:19:54,449] {dagbag.py:507} INFO - Filling up the DagBag from /opt/airflow/dags/python/Helper.py
[2022-12-21 17:19:54,668] {processor.py:653} WARNING - No viable dags retrieved from /opt/airflow/dags/python/Helper.py
[2022-12-21 17:19:54,681] {processor.py:161} INFO - Processing /opt/airflow/dags/python/Helper.py took 0.235 seconds
[2022-12-21 17:20:25,115] {processor.py:153} INFO - Started process (PID=25254) to work on /opt/airflow/dags/python/Helper.py
[2022-12-21 17:20:25,115] {processor.py:641} INFO - Processing file /opt/airflow/dags/python/Helper.py for tasks to queue
[2022-12-21 17:20:25,115] {logging_mixin.py:115} INFO - [2022-12-21 17:20:25,115] {dagbag.py:507} INFO - Filling up the DagBag from /opt/airflow/dags/python/Helper.py
[2022-12-21 17:20:25,286] {processor.py:653} WARNING - No viable dags retrieved from /opt/airflow/dags/python/Helper.py
[2022-12-21 17:20:25,297] {processor.py:161} INFO - Processing /opt/airflow/dags/python/Helper.py took 0.185 seconds
[2022-12-21 17:20:55,959] {processor.py:153} INFO - Started process (PID=25322) to work on /opt/airflow/dags/python/Helper.py
[2022-12-21 17:20:55,960] {processor.py:641} INFO - Processing file /opt/airflow/dags/python/Helper.py for tasks to queue
[2022-12-21 17:20:55,961] {logging_mixin.py:115} INFO - [2022-12-21 17:20:55,960] {dagbag.py:507} INFO - Filling up the DagBag from /opt/airflow/dags/python/Helper.py
[2022-12-21 17:20:56,164] {processor.py:653} WARNING - No viable dags retrieved from /opt/airflow/dags/python/Helper.py
[2022-12-21 17:20:56,174] {processor.py:161} INFO - Processing /opt/airflow/dags/python/Helper.py took 0.217 seconds
[2022-12-21 17:21:26,407] {processor.py:153} INFO - Started process (PID=25378) to work on /opt/airflow/dags/python/Helper.py
[2022-12-21 17:21:26,408] {processor.py:641} INFO - Processing file /opt/airflow/dags/python/Helper.py for tasks to queue
[2022-12-21 17:21:26,408] {logging_mixin.py:115} INFO - [2022-12-21 17:21:26,408] {dagbag.py:507} INFO - Filling up the DagBag from /opt/airflow/dags/python/Helper.py
[2022-12-21 17:21:26,593] {processor.py:653} WARNING - No viable dags retrieved from /opt/airflow/dags/python/Helper.py
[2022-12-21 17:21:26,605] {processor.py:161} INFO - Processing /opt/airflow/dags/python/Helper.py took 0.201 seconds
[2022-12-21 17:21:56,901] {processor.py:153} INFO - Started process (PID=25444) to work on /opt/airflow/dags/python/Helper.py
[2022-12-21 17:21:56,902] {processor.py:641} INFO - Processing file /opt/airflow/dags/python/Helper.py for tasks to queue
[2022-12-21 17:21:56,902] {logging_mixin.py:115} INFO - [2022-12-21 17:21:56,902] {dagbag.py:507} INFO - Filling up the DagBag from /opt/airflow/dags/python/Helper.py
[2022-12-21 17:21:57,062] {processor.py:653} WARNING - No viable dags retrieved from /opt/airflow/dags/python/Helper.py
[2022-12-21 17:21:57,073] {processor.py:161} INFO - Processing /opt/airflow/dags/python/Helper.py took 0.176 seconds
[2022-12-21 17:22:27,348] {processor.py:153} INFO - Started process (PID=25512) to work on /opt/airflow/dags/python/Helper.py
[2022-12-21 17:22:27,350] {processor.py:641} INFO - Processing file /opt/airflow/dags/python/Helper.py for tasks to queue
[2022-12-21 17:22:27,351] {logging_mixin.py:115} INFO - [2022-12-21 17:22:27,350] {dagbag.py:507} INFO - Filling up the DagBag from /opt/airflow/dags/python/Helper.py
[2022-12-21 17:22:27,601] {processor.py:653} WARNING - No viable dags retrieved from /opt/airflow/dags/python/Helper.py
[2022-12-21 17:22:27,613] {processor.py:161} INFO - Processing /opt/airflow/dags/python/Helper.py took 0.269 seconds
[2022-12-21 17:22:57,649] {processor.py:153} INFO - Started process (PID=25569) to work on /opt/airflow/dags/python/Helper.py
[2022-12-21 17:22:57,650] {processor.py:641} INFO - Processing file /opt/airflow/dags/python/Helper.py for tasks to queue
[2022-12-21 17:22:57,651] {logging_mixin.py:115} INFO - [2022-12-21 17:22:57,651] {dagbag.py:507} INFO - Filling up the DagBag from /opt/airflow/dags/python/Helper.py
[2022-12-21 17:22:57,813] {processor.py:653} WARNING - No viable dags retrieved from /opt/airflow/dags/python/Helper.py
[2022-12-21 17:22:57,827] {processor.py:161} INFO - Processing /opt/airflow/dags/python/Helper.py took 0.180 seconds
[2022-12-21 17:23:28,616] {processor.py:153} INFO - Started process (PID=25636) to work on /opt/airflow/dags/python/Helper.py
[2022-12-21 17:23:28,617] {processor.py:641} INFO - Processing file /opt/airflow/dags/python/Helper.py for tasks to queue
[2022-12-21 17:23:28,617] {logging_mixin.py:115} INFO - [2022-12-21 17:23:28,617] {dagbag.py:507} INFO - Filling up the DagBag from /opt/airflow/dags/python/Helper.py
[2022-12-21 17:23:28,804] {processor.py:653} WARNING - No viable dags retrieved from /opt/airflow/dags/python/Helper.py
[2022-12-21 17:23:28,819] {processor.py:161} INFO - Processing /opt/airflow/dags/python/Helper.py took 0.206 seconds
