[2022-12-30 14:24:32,656] {taskinstance.py:1159} INFO - Dependencies all met for <TaskInstance: insert_new_rates.dag1_extract_rates manual__2022-12-30T14:24:31.500039+00:00 [queued]>
[2022-12-30 14:24:32,662] {taskinstance.py:1159} INFO - Dependencies all met for <TaskInstance: insert_new_rates.dag1_extract_rates manual__2022-12-30T14:24:31.500039+00:00 [queued]>
[2022-12-30 14:24:32,662] {taskinstance.py:1356} INFO - 
--------------------------------------------------------------------------------
[2022-12-30 14:24:32,662] {taskinstance.py:1357} INFO - Starting attempt 1 of 1
[2022-12-30 14:24:32,662] {taskinstance.py:1358} INFO - 
--------------------------------------------------------------------------------
[2022-12-30 14:24:32,671] {taskinstance.py:1377} INFO - Executing <Task(_PythonDecoratedOperator): dag1_extract_rates> on 2022-12-30 14:24:31.500039+00:00
[2022-12-30 14:24:32,676] {standard_task_runner.py:52} INFO - Started process 8783 to run task
[2022-12-30 14:24:32,679] {standard_task_runner.py:79} INFO - Running: ['***', 'tasks', 'run', 'insert_new_rates', 'dag1_extract_rates', 'manual__2022-12-30T14:24:31.500039+00:00', '--job-id', '96', '--raw', '--subdir', 'DAGS_FOLDER/insert_new_rates.py', '--cfg-path', '/tmp/tmpqh1i7vnq', '--error-file', '/tmp/tmpaf4uhr0f']
[2022-12-30 14:24:32,679] {standard_task_runner.py:80} INFO - Job 96: Subtask dag1_extract_rates
[2022-12-30 14:24:32,715] {task_command.py:369} INFO - Running <TaskInstance: insert_new_rates.dag1_extract_rates manual__2022-12-30T14:24:31.500039+00:00 [running]> on host 99c1092660ad
[2022-12-30 14:24:32,764] {taskinstance.py:1571} INFO - Exporting the following env vars:
AIRFLOW_CTX_DAG_OWNER=***
AIRFLOW_CTX_DAG_ID=insert_new_rates
AIRFLOW_CTX_TASK_ID=dag1_extract_rates
AIRFLOW_CTX_EXECUTION_DATE=2022-12-30T14:24:31.500039+00:00
AIRFLOW_CTX_TRY_NUMBER=1
AIRFLOW_CTX_DAG_RUN_ID=manual__2022-12-30T14:24:31.500039+00:00
[2022-12-30 14:24:33,380] {python.py:173} INFO - Done. Returned value was: {
    "success": true,
    "timeseries": true,
    "start_date": "2022-03-04",
    "end_date": "2022-03-04",
    "base": "EUR",
    "rates": {
        "2022-03-04": {
            "AED": 4.021199,
            "AFN": 98.761801,
            "ALL": 123.557487,
            "AMD": 553.533133,
            "ANG": 1.982552,
            "AOA": 521.360624,
            "ARS": 118.846708,
            "AUD": 1.485238,
            "AWG": 1.970857,
            "AZN": 1.865453,
            "BAM": 1.960232,
            "BBD": 2.221088,
            "BDT": 94.761717,
            "BGN": 1.960555,
            "BHD": 0.412827,
            "BIF": 2199.49967,
            "BMD": 1.094769,
            "BND": 1.495759,
            "BOB": 7.562684,
            "BRL": 5.542612,
            "BSD": 1.100071,
            "BTC": 2.7982815e-05,
            "BTN": 83.803407,
            "BWP": 12.858277,
            "BYN": 3.407152,
            "BYR": 21457.465501,
            "BZD": 2.21728,
            "CAD": 1.39432,
            "CDF": 2207.053991,
            "CHF": 1.003277,
            "CLF": 0.031944,
            "CLP": 881.422913,
            "CNY": 6.916424,
            "COP": 4135.487541,
            "CRC": 707.799587,
            "CUC": 1.094769,
            "CUP": 29.011369,
            "CVE": 110.513192,
            "CZK": 25.774303,
            "DJF": 195.829798,
            "DKK": 7.446972,
            "DOP": 60.314455,
            "DZD": 156.190776,
            "EGP": 17.182589,
            "ERN": 16.421551,
            "ETB": 56.405176,
            "EUR": 1,
            "FJD": 2.3092,
            "FKP": 0.796904,
            "GBP": 0.82749,
            "GEL": 3.667903,
            "GGP": 0.796904,
            "GHS": 7.755217,
            "GIP": 0.796904,
            "GMD": 58.296857,
            "GNF": 9871.068595,
            "GTQ": 8.481147,
            "GYD": 230.146867,
            "HKD": 8.554829,
            "HNL": 27.086832,
            "HRK": 7.573723,
            "HTG": 115.102499,
            "HUF": 388.199532,
            "IDR": 15746.276418,
            "ILS": 3.593113,
            "IMP": 0.796904,
            "INR": 83.668246,
            "IQD": 1605.505669,
            "IRR": 46336.083413,
            "ISK": 144.203349,
            "JEP": 0.796904,
            "JMD": 169.816376,
            "JOD": 0.776234,
            "JPY": 125.695906,
            "KES": 125.402932,
            "KGS": 106.930109,
            "KHR": 4471.642482,
            "KMF": 493.686342,
            "KPW": 985.291955,
            "KRW": 1332.25138,
            "KWD": 0.332175,
            "KYD": 0.916759,
            "KZT": 561.360712,
            "LAK": 12610.721349,
            "LBP": 1663.435769,
            "LKR": 221.655197,
            "LRD": 168.868482,
            "LSL": 16.761326,
            "LTL": 3.232568,
            "LVL": 0.662215,
            "LYD": 5.086323,
            "MAD": 10.661444,
            "MDL": 20.212995,
            "MGA": 4398.999339,
            "MKD": 61.753687,
            "MMK": 1956.010438,
            "MNT": 3129.758728,
            "MOP": 8.854385,
            "MRO": 390.832219,
            "MUR": 48.45883,
            "MVR": 16.91459,
            "MWK": 884.03538,
            "MXN": 22.933488,
            "MYR": 4.573986,
            "MZN": 69.879496,
            "NAD": 16.761321,
            "NGN": 458.150144,
            "NIO": 39.331331,
            "NOK": 9.799707,
            "NPR": 134.08513,
            "NZD": 1.59625,
            "OMR": 0.421667,
            "PAB": 1.100071,
            "PEN": 4.103616,
            "PGK": 3.876005,
            "PHP": 56.873642,
            "PKR": 196.052097,
            "PLN": 4.916169,
            "PYG": 7660.403851,
            "QAR": 3.986095,
            "RON": 4.956569,
            "RSD": 117.871718,
            "RUB": 135.751685,
            "RWF": 1133.024564,
            "SAR": 4.107711,
            "SBD": 8.821717,
            "SCR": 15.770417,
            "SDG": 488.267189,
            "SEK": 10.730649,
            "SGD": 1.489159,
            "SHP": 1.507939,
            "SLL": 12726.685904,
            "SOS": 639.345261,
            "SRD": 22.410466,
            "STD": 22659.500685,
            "SVC": 9.625617,
            "SYP": 2750.058598,
            "SZL": 16.884119,
            "THB": 35.78146,
            "TJS": 12.413779,
            "TMT": 3.842638,
            "TND": 3.226835,
            "TOP": 2.488523,
            "TRY": 15.53094,
            "TTD": 7.465967,
            "TWD": 30.803547,
            "TZS": 2546.559101,
            "UAH": 33.055737,
            "UGX": 3938.044119,
            "USD": 1.094769,
            "UYU": 47.009575,
            "UZS": 11990.548556,
            "VEF": 234094623413.89682,
            "VND": 25004.515921,
            "VUV": 124.4439,
            "WST": 2.859911,
            "XAF": 657.433474,
            "XAG": 0.048616,
            "XAU": 0.000606,
            "XCD": 2.958667,
            "XDR": 0.791578,
            "XOF": 657.433474,
            "XPF": 120.014054,
            "YER": 273.966253,
            "ZAR": 16.879778,
            "ZMK": 9854.235488,
            "ZMW": 19.783931,
            "ZWL": 352.515058
        }
    }
}

[2022-12-30 14:24:33,398] {taskinstance.py:1400} INFO - Marking task as SUCCESS. dag_id=insert_new_rates, task_id=dag1_extract_rates, execution_date=20221230T142431, start_date=20221230T142432, end_date=20221230T142433
[2022-12-30 14:24:33,413] {local_task_job.py:156} INFO - Task exited with return code 0
[2022-12-30 14:24:33,441] {local_task_job.py:273} INFO - 1 downstream tasks scheduled from follow-on schedule check
