[2022-12-14 12:31:24,391] {taskinstance.py:1159} INFO - Dependencies all met for <TaskInstance: load_rates.dag3_create_dataframe scheduled__2022-12-13T12:13:10.766184+00:00 [queued]>
[2022-12-14 12:31:24,396] {taskinstance.py:1159} INFO - Dependencies all met for <TaskInstance: load_rates.dag3_create_dataframe scheduled__2022-12-13T12:13:10.766184+00:00 [queued]>
[2022-12-14 12:31:24,397] {taskinstance.py:1356} INFO - 
--------------------------------------------------------------------------------
[2022-12-14 12:31:24,397] {taskinstance.py:1357} INFO - Starting attempt 1 of 1
[2022-12-14 12:31:24,397] {taskinstance.py:1358} INFO - 
--------------------------------------------------------------------------------
[2022-12-14 12:31:24,405] {taskinstance.py:1377} INFO - Executing <Task(_PythonDecoratedOperator): dag3_create_dataframe> on 2022-12-13 12:13:10.766184+00:00
[2022-12-14 12:31:24,409] {standard_task_runner.py:52} INFO - Started process 7346 to run task
[2022-12-14 12:31:24,412] {standard_task_runner.py:79} INFO - Running: ['***', 'tasks', 'run', 'load_rates', 'dag3_create_dataframe', 'scheduled__2022-12-13T12:13:10.766184+00:00', '--job-id', '82', '--raw', '--subdir', 'DAGS_FOLDER/extract_data.py', '--cfg-path', '/tmp/tmprrwtt38s', '--error-file', '/tmp/tmpp23jfnls']
[2022-12-14 12:31:24,412] {standard_task_runner.py:80} INFO - Job 82: Subtask dag3_create_dataframe
[2022-12-14 12:31:24,446] {task_command.py:369} INFO - Running <TaskInstance: load_rates.dag3_create_dataframe scheduled__2022-12-13T12:13:10.766184+00:00 [running]> on host a25e5c0223cd
[2022-12-14 12:31:24,559] {taskinstance.py:1571} INFO - Exporting the following env vars:
AIRFLOW_CTX_DAG_OWNER=***
AIRFLOW_CTX_DAG_ID=load_rates
AIRFLOW_CTX_TASK_ID=dag3_create_dataframe
AIRFLOW_CTX_EXECUTION_DATE=2022-12-13T12:13:10.766184+00:00
AIRFLOW_CTX_TRY_NUMBER=1
AIRFLOW_CTX_DAG_RUN_ID=scheduled__2022-12-13T12:13:10.766184+00:00
[2022-12-14 12:31:24,573] {python.py:173} INFO - Done. Returned value was: None
[2022-12-14 12:31:24,581] {taskinstance.py:1400} INFO - Marking task as SUCCESS. dag_id=load_rates, task_id=dag3_create_dataframe, execution_date=20221213T121310, start_date=20221214T123124, end_date=20221214T123124
[2022-12-14 12:31:24,623] {local_task_job.py:156} INFO - Task exited with return code 0
[2022-12-14 12:31:24,648] {local_task_job.py:273} INFO - 1 downstream tasks scheduled from follow-on schedule check
