[2023-01-01 11:52:07,656] {taskinstance.py:1159} INFO - Dependencies all met for <TaskInstance: populating_platform.dag3_create_dataframe scheduled__2022-12-31T11:51:48.990648+00:00 [queued]>
[2023-01-01 11:52:07,662] {taskinstance.py:1159} INFO - Dependencies all met for <TaskInstance: populating_platform.dag3_create_dataframe scheduled__2022-12-31T11:51:48.990648+00:00 [queued]>
[2023-01-01 11:52:07,662] {taskinstance.py:1356} INFO - 
--------------------------------------------------------------------------------
[2023-01-01 11:52:07,662] {taskinstance.py:1357} INFO - Starting attempt 1 of 1
[2023-01-01 11:52:07,663] {taskinstance.py:1358} INFO - 
--------------------------------------------------------------------------------
[2023-01-01 11:52:07,673] {taskinstance.py:1377} INFO - Executing <Task(_PythonDecoratedOperator): dag3_create_dataframe> on 2022-12-31 11:51:48.990648+00:00
[2023-01-01 11:52:07,677] {standard_task_runner.py:52} INFO - Started process 4447 to run task
[2023-01-01 11:52:07,679] {standard_task_runner.py:79} INFO - Running: ['***', 'tasks', 'run', 'populating_platform', 'dag3_create_dataframe', 'scheduled__2022-12-31T11:51:48.990648+00:00', '--job-id', '5', '--raw', '--subdir', 'DAGS_FOLDER/populating_platform.py', '--cfg-path', '/tmp/tmpbsusjfrd', '--error-file', '/tmp/tmpbrqvx76m']
[2023-01-01 11:52:07,680] {standard_task_runner.py:80} INFO - Job 5: Subtask dag3_create_dataframe
[2023-01-01 11:52:07,720] {task_command.py:369} INFO - Running <TaskInstance: populating_platform.dag3_create_dataframe scheduled__2022-12-31T11:51:48.990648+00:00 [running]> on host fd91d50c498d
[2023-01-01 11:52:07,960] {taskinstance.py:1571} INFO - Exporting the following env vars:
AIRFLOW_CTX_DAG_OWNER=***
AIRFLOW_CTX_DAG_ID=populating_platform
AIRFLOW_CTX_TASK_ID=dag3_create_dataframe
AIRFLOW_CTX_EXECUTION_DATE=2022-12-31T11:51:48.990648+00:00
AIRFLOW_CTX_TRY_NUMBER=1
AIRFLOW_CTX_DAG_RUN_ID=scheduled__2022-12-31T11:51:48.990648+00:00
[2023-01-01 11:52:08,053] {python.py:173} INFO - Done. Returned value was: None
[2023-01-01 11:52:08,062] {taskinstance.py:1400} INFO - Marking task as SUCCESS. dag_id=populating_platform, task_id=dag3_create_dataframe, execution_date=20221231T115148, start_date=20230101T115207, end_date=20230101T115208
[2023-01-01 11:52:08,092] {local_task_job.py:156} INFO - Task exited with return code 0
[2023-01-01 11:52:08,129] {local_task_job.py:273} INFO - 2 downstream tasks scheduled from follow-on schedule check
