[2022-12-21 16:55:23,216] {processor.py:153} INFO - Started process (PID=22104) to work on /home/airflow/.local/lib/python3.7/site-packages/airflow/example_dags/example_dag_decorator.py
[2022-12-21 16:55:23,216] {processor.py:641} INFO - Processing file /home/airflow/.local/lib/python3.7/site-packages/airflow/example_dags/example_dag_decorator.py for tasks to queue
[2022-12-21 16:55:23,217] {logging_mixin.py:115} INFO - [2022-12-21 16:55:23,217] {dagbag.py:507} INFO - Filling up the DagBag from /home/airflow/.local/lib/python3.7/site-packages/airflow/example_dags/example_dag_decorator.py
[2022-12-21 16:55:23,234] {processor.py:651} INFO - DAG(s) dict_keys(['example_dag_decorator']) retrieved from /home/airflow/.local/lib/python3.7/site-packages/airflow/example_dags/example_dag_decorator.py
[2022-12-21 16:55:23,284] {logging_mixin.py:115} INFO - [2022-12-21 16:55:23,284] {dag.py:2371} INFO - Sync 1 DAGs
[2022-12-21 16:55:23,301] {logging_mixin.py:115} INFO - [2022-12-21 16:55:23,301] {dag.py:2919} INFO - Setting next_dagrun for example_dag_decorator to None, run_after=None
[2022-12-21 16:55:23,311] {processor.py:161} INFO - Processing /home/airflow/.local/lib/python3.7/site-packages/airflow/example_dags/example_dag_decorator.py took 0.098 seconds
[2022-12-21 16:55:53,744] {processor.py:153} INFO - Started process (PID=22170) to work on /home/airflow/.local/lib/python3.7/site-packages/airflow/example_dags/example_dag_decorator.py
[2022-12-21 16:55:53,744] {processor.py:641} INFO - Processing file /home/airflow/.local/lib/python3.7/site-packages/airflow/example_dags/example_dag_decorator.py for tasks to queue
[2022-12-21 16:55:53,745] {logging_mixin.py:115} INFO - [2022-12-21 16:55:53,744] {dagbag.py:507} INFO - Filling up the DagBag from /home/airflow/.local/lib/python3.7/site-packages/airflow/example_dags/example_dag_decorator.py
[2022-12-21 16:55:53,760] {processor.py:651} INFO - DAG(s) dict_keys(['example_dag_decorator']) retrieved from /home/airflow/.local/lib/python3.7/site-packages/airflow/example_dags/example_dag_decorator.py
[2022-12-21 16:55:53,803] {logging_mixin.py:115} INFO - [2022-12-21 16:55:53,803] {dag.py:2371} INFO - Sync 1 DAGs
[2022-12-21 16:55:53,816] {logging_mixin.py:115} INFO - [2022-12-21 16:55:53,816] {dag.py:2919} INFO - Setting next_dagrun for example_dag_decorator to None, run_after=None
[2022-12-21 16:55:53,825] {processor.py:161} INFO - Processing /home/airflow/.local/lib/python3.7/site-packages/airflow/example_dags/example_dag_decorator.py took 0.084 seconds
[2022-12-21 16:56:24,097] {processor.py:153} INFO - Started process (PID=22236) to work on /home/airflow/.local/lib/python3.7/site-packages/airflow/example_dags/example_dag_decorator.py
[2022-12-21 16:56:24,098] {processor.py:641} INFO - Processing file /home/airflow/.local/lib/python3.7/site-packages/airflow/example_dags/example_dag_decorator.py for tasks to queue
[2022-12-21 16:56:24,098] {logging_mixin.py:115} INFO - [2022-12-21 16:56:24,098] {dagbag.py:507} INFO - Filling up the DagBag from /home/airflow/.local/lib/python3.7/site-packages/airflow/example_dags/example_dag_decorator.py
[2022-12-21 16:56:24,113] {processor.py:651} INFO - DAG(s) dict_keys(['example_dag_decorator']) retrieved from /home/airflow/.local/lib/python3.7/site-packages/airflow/example_dags/example_dag_decorator.py
[2022-12-21 16:56:24,164] {logging_mixin.py:115} INFO - [2022-12-21 16:56:24,164] {dag.py:2371} INFO - Sync 1 DAGs
[2022-12-21 16:56:24,179] {logging_mixin.py:115} INFO - [2022-12-21 16:56:24,179] {dag.py:2919} INFO - Setting next_dagrun for example_dag_decorator to None, run_after=None
[2022-12-21 16:56:24,189] {processor.py:161} INFO - Processing /home/airflow/.local/lib/python3.7/site-packages/airflow/example_dags/example_dag_decorator.py took 0.094 seconds
[2022-12-21 16:56:54,404] {processor.py:153} INFO - Started process (PID=22293) to work on /home/airflow/.local/lib/python3.7/site-packages/airflow/example_dags/example_dag_decorator.py
[2022-12-21 16:56:54,404] {processor.py:641} INFO - Processing file /home/airflow/.local/lib/python3.7/site-packages/airflow/example_dags/example_dag_decorator.py for tasks to queue
[2022-12-21 16:56:54,405] {logging_mixin.py:115} INFO - [2022-12-21 16:56:54,405] {dagbag.py:507} INFO - Filling up the DagBag from /home/airflow/.local/lib/python3.7/site-packages/airflow/example_dags/example_dag_decorator.py
[2022-12-21 16:56:54,421] {processor.py:651} INFO - DAG(s) dict_keys(['example_dag_decorator']) retrieved from /home/airflow/.local/lib/python3.7/site-packages/airflow/example_dags/example_dag_decorator.py
[2022-12-21 16:56:54,520] {logging_mixin.py:115} INFO - [2022-12-21 16:56:54,520] {dag.py:2371} INFO - Sync 1 DAGs
[2022-12-21 16:56:54,538] {logging_mixin.py:115} INFO - [2022-12-21 16:56:54,537] {dag.py:2919} INFO - Setting next_dagrun for example_dag_decorator to None, run_after=None
[2022-12-21 16:56:54,549] {processor.py:161} INFO - Processing /home/airflow/.local/lib/python3.7/site-packages/airflow/example_dags/example_dag_decorator.py took 0.148 seconds
[2022-12-21 16:57:25,029] {processor.py:153} INFO - Started process (PID=22360) to work on /home/airflow/.local/lib/python3.7/site-packages/airflow/example_dags/example_dag_decorator.py
[2022-12-21 16:57:25,030] {processor.py:641} INFO - Processing file /home/airflow/.local/lib/python3.7/site-packages/airflow/example_dags/example_dag_decorator.py for tasks to queue
[2022-12-21 16:57:25,030] {logging_mixin.py:115} INFO - [2022-12-21 16:57:25,030] {dagbag.py:507} INFO - Filling up the DagBag from /home/airflow/.local/lib/python3.7/site-packages/airflow/example_dags/example_dag_decorator.py
[2022-12-21 16:57:25,045] {processor.py:651} INFO - DAG(s) dict_keys(['example_dag_decorator']) retrieved from /home/airflow/.local/lib/python3.7/site-packages/airflow/example_dags/example_dag_decorator.py
[2022-12-21 16:57:25,095] {logging_mixin.py:115} INFO - [2022-12-21 16:57:25,095] {dag.py:2371} INFO - Sync 1 DAGs
[2022-12-21 16:57:25,107] {logging_mixin.py:115} INFO - [2022-12-21 16:57:25,107] {dag.py:2919} INFO - Setting next_dagrun for example_dag_decorator to None, run_after=None
[2022-12-21 16:57:25,116] {processor.py:161} INFO - Processing /home/airflow/.local/lib/python3.7/site-packages/airflow/example_dags/example_dag_decorator.py took 0.089 seconds
[2022-12-21 16:57:55,338] {processor.py:153} INFO - Started process (PID=22427) to work on /home/airflow/.local/lib/python3.7/site-packages/airflow/example_dags/example_dag_decorator.py
[2022-12-21 16:57:55,339] {processor.py:641} INFO - Processing file /home/airflow/.local/lib/python3.7/site-packages/airflow/example_dags/example_dag_decorator.py for tasks to queue
[2022-12-21 16:57:55,339] {logging_mixin.py:115} INFO - [2022-12-21 16:57:55,339] {dagbag.py:507} INFO - Filling up the DagBag from /home/airflow/.local/lib/python3.7/site-packages/airflow/example_dags/example_dag_decorator.py
[2022-12-21 16:57:55,353] {processor.py:651} INFO - DAG(s) dict_keys(['example_dag_decorator']) retrieved from /home/airflow/.local/lib/python3.7/site-packages/airflow/example_dags/example_dag_decorator.py
[2022-12-21 16:57:55,398] {logging_mixin.py:115} INFO - [2022-12-21 16:57:55,398] {dag.py:2371} INFO - Sync 1 DAGs
[2022-12-21 16:57:55,411] {logging_mixin.py:115} INFO - [2022-12-21 16:57:55,411] {dag.py:2919} INFO - Setting next_dagrun for example_dag_decorator to None, run_after=None
[2022-12-21 16:57:55,422] {processor.py:161} INFO - Processing /home/airflow/.local/lib/python3.7/site-packages/airflow/example_dags/example_dag_decorator.py took 0.086 seconds
[2022-12-21 16:58:25,746] {processor.py:153} INFO - Started process (PID=22493) to work on /home/airflow/.local/lib/python3.7/site-packages/airflow/example_dags/example_dag_decorator.py
[2022-12-21 16:58:25,747] {processor.py:641} INFO - Processing file /home/airflow/.local/lib/python3.7/site-packages/airflow/example_dags/example_dag_decorator.py for tasks to queue
[2022-12-21 16:58:25,747] {logging_mixin.py:115} INFO - [2022-12-21 16:58:25,747] {dagbag.py:507} INFO - Filling up the DagBag from /home/airflow/.local/lib/python3.7/site-packages/airflow/example_dags/example_dag_decorator.py
[2022-12-21 16:58:25,765] {processor.py:651} INFO - DAG(s) dict_keys(['example_dag_decorator']) retrieved from /home/airflow/.local/lib/python3.7/site-packages/airflow/example_dags/example_dag_decorator.py
[2022-12-21 16:58:25,822] {logging_mixin.py:115} INFO - [2022-12-21 16:58:25,822] {dag.py:2371} INFO - Sync 1 DAGs
[2022-12-21 16:58:25,840] {logging_mixin.py:115} INFO - [2022-12-21 16:58:25,840] {dag.py:2919} INFO - Setting next_dagrun for example_dag_decorator to None, run_after=None
[2022-12-21 16:58:25,853] {processor.py:161} INFO - Processing /home/airflow/.local/lib/python3.7/site-packages/airflow/example_dags/example_dag_decorator.py took 0.110 seconds
[2022-12-21 16:58:56,315] {processor.py:153} INFO - Started process (PID=22557) to work on /home/airflow/.local/lib/python3.7/site-packages/airflow/example_dags/example_dag_decorator.py
[2022-12-21 16:58:56,315] {processor.py:641} INFO - Processing file /home/airflow/.local/lib/python3.7/site-packages/airflow/example_dags/example_dag_decorator.py for tasks to queue
[2022-12-21 16:58:56,316] {logging_mixin.py:115} INFO - [2022-12-21 16:58:56,316] {dagbag.py:507} INFO - Filling up the DagBag from /home/airflow/.local/lib/python3.7/site-packages/airflow/example_dags/example_dag_decorator.py
[2022-12-21 16:58:56,333] {processor.py:651} INFO - DAG(s) dict_keys(['example_dag_decorator']) retrieved from /home/airflow/.local/lib/python3.7/site-packages/airflow/example_dags/example_dag_decorator.py
[2022-12-21 16:58:56,383] {logging_mixin.py:115} INFO - [2022-12-21 16:58:56,382] {dag.py:2371} INFO - Sync 1 DAGs
[2022-12-21 16:58:56,397] {logging_mixin.py:115} INFO - [2022-12-21 16:58:56,397] {dag.py:2919} INFO - Setting next_dagrun for example_dag_decorator to None, run_after=None
[2022-12-21 16:58:56,409] {processor.py:161} INFO - Processing /home/airflow/.local/lib/python3.7/site-packages/airflow/example_dags/example_dag_decorator.py took 0.097 seconds
[2022-12-21 16:59:26,778] {processor.py:153} INFO - Started process (PID=22617) to work on /home/airflow/.local/lib/python3.7/site-packages/airflow/example_dags/example_dag_decorator.py
[2022-12-21 16:59:26,779] {processor.py:641} INFO - Processing file /home/airflow/.local/lib/python3.7/site-packages/airflow/example_dags/example_dag_decorator.py for tasks to queue
[2022-12-21 16:59:26,780] {logging_mixin.py:115} INFO - [2022-12-21 16:59:26,779] {dagbag.py:507} INFO - Filling up the DagBag from /home/airflow/.local/lib/python3.7/site-packages/airflow/example_dags/example_dag_decorator.py
[2022-12-21 16:59:26,796] {processor.py:651} INFO - DAG(s) dict_keys(['example_dag_decorator']) retrieved from /home/airflow/.local/lib/python3.7/site-packages/airflow/example_dags/example_dag_decorator.py
[2022-12-21 16:59:26,850] {logging_mixin.py:115} INFO - [2022-12-21 16:59:26,850] {dag.py:2371} INFO - Sync 1 DAGs
[2022-12-21 16:59:26,865] {logging_mixin.py:115} INFO - [2022-12-21 16:59:26,865] {dag.py:2919} INFO - Setting next_dagrun for example_dag_decorator to None, run_after=None
[2022-12-21 16:59:26,875] {processor.py:161} INFO - Processing /home/airflow/.local/lib/python3.7/site-packages/airflow/example_dags/example_dag_decorator.py took 0.100 seconds
[2022-12-21 16:59:57,292] {processor.py:153} INFO - Started process (PID=22683) to work on /home/airflow/.local/lib/python3.7/site-packages/airflow/example_dags/example_dag_decorator.py
[2022-12-21 16:59:57,293] {processor.py:641} INFO - Processing file /home/airflow/.local/lib/python3.7/site-packages/airflow/example_dags/example_dag_decorator.py for tasks to queue
[2022-12-21 16:59:57,293] {logging_mixin.py:115} INFO - [2022-12-21 16:59:57,293] {dagbag.py:507} INFO - Filling up the DagBag from /home/airflow/.local/lib/python3.7/site-packages/airflow/example_dags/example_dag_decorator.py
[2022-12-21 16:59:57,314] {processor.py:651} INFO - DAG(s) dict_keys(['example_dag_decorator']) retrieved from /home/airflow/.local/lib/python3.7/site-packages/airflow/example_dags/example_dag_decorator.py
[2022-12-21 16:59:57,362] {logging_mixin.py:115} INFO - [2022-12-21 16:59:57,362] {dag.py:2371} INFO - Sync 1 DAGs
[2022-12-21 16:59:57,377] {logging_mixin.py:115} INFO - [2022-12-21 16:59:57,377] {dag.py:2919} INFO - Setting next_dagrun for example_dag_decorator to None, run_after=None
[2022-12-21 16:59:57,388] {processor.py:161} INFO - Processing /home/airflow/.local/lib/python3.7/site-packages/airflow/example_dags/example_dag_decorator.py took 0.099 seconds
[2022-12-21 17:00:27,904] {processor.py:153} INFO - Started process (PID=22750) to work on /home/airflow/.local/lib/python3.7/site-packages/airflow/example_dags/example_dag_decorator.py
[2022-12-21 17:00:27,904] {processor.py:641} INFO - Processing file /home/airflow/.local/lib/python3.7/site-packages/airflow/example_dags/example_dag_decorator.py for tasks to queue
[2022-12-21 17:00:27,905] {logging_mixin.py:115} INFO - [2022-12-21 17:00:27,905] {dagbag.py:507} INFO - Filling up the DagBag from /home/airflow/.local/lib/python3.7/site-packages/airflow/example_dags/example_dag_decorator.py
[2022-12-21 17:00:27,921] {processor.py:651} INFO - DAG(s) dict_keys(['example_dag_decorator']) retrieved from /home/airflow/.local/lib/python3.7/site-packages/airflow/example_dags/example_dag_decorator.py
[2022-12-21 17:00:27,975] {logging_mixin.py:115} INFO - [2022-12-21 17:00:27,975] {dag.py:2371} INFO - Sync 1 DAGs
[2022-12-21 17:00:27,991] {logging_mixin.py:115} INFO - [2022-12-21 17:00:27,991] {dag.py:2919} INFO - Setting next_dagrun for example_dag_decorator to None, run_after=None
[2022-12-21 17:00:28,002] {processor.py:161} INFO - Processing /home/airflow/.local/lib/python3.7/site-packages/airflow/example_dags/example_dag_decorator.py took 0.101 seconds
[2022-12-21 17:00:58,408] {processor.py:153} INFO - Started process (PID=22806) to work on /home/airflow/.local/lib/python3.7/site-packages/airflow/example_dags/example_dag_decorator.py
[2022-12-21 17:00:58,409] {processor.py:641} INFO - Processing file /home/airflow/.local/lib/python3.7/site-packages/airflow/example_dags/example_dag_decorator.py for tasks to queue
[2022-12-21 17:00:58,409] {logging_mixin.py:115} INFO - [2022-12-21 17:00:58,409] {dagbag.py:507} INFO - Filling up the DagBag from /home/airflow/.local/lib/python3.7/site-packages/airflow/example_dags/example_dag_decorator.py
[2022-12-21 17:00:58,432] {processor.py:651} INFO - DAG(s) dict_keys(['example_dag_decorator']) retrieved from /home/airflow/.local/lib/python3.7/site-packages/airflow/example_dags/example_dag_decorator.py
[2022-12-21 17:00:58,488] {logging_mixin.py:115} INFO - [2022-12-21 17:00:58,488] {dag.py:2371} INFO - Sync 1 DAGs
[2022-12-21 17:00:58,504] {logging_mixin.py:115} INFO - [2022-12-21 17:00:58,504] {dag.py:2919} INFO - Setting next_dagrun for example_dag_decorator to None, run_after=None
[2022-12-21 17:00:58,516] {processor.py:161} INFO - Processing /home/airflow/.local/lib/python3.7/site-packages/airflow/example_dags/example_dag_decorator.py took 0.112 seconds
[2022-12-21 17:01:28,894] {processor.py:153} INFO - Started process (PID=22873) to work on /home/airflow/.local/lib/python3.7/site-packages/airflow/example_dags/example_dag_decorator.py
[2022-12-21 17:01:28,895] {processor.py:641} INFO - Processing file /home/airflow/.local/lib/python3.7/site-packages/airflow/example_dags/example_dag_decorator.py for tasks to queue
[2022-12-21 17:01:28,896] {logging_mixin.py:115} INFO - [2022-12-21 17:01:28,895] {dagbag.py:507} INFO - Filling up the DagBag from /home/airflow/.local/lib/python3.7/site-packages/airflow/example_dags/example_dag_decorator.py
[2022-12-21 17:01:28,911] {processor.py:651} INFO - DAG(s) dict_keys(['example_dag_decorator']) retrieved from /home/airflow/.local/lib/python3.7/site-packages/airflow/example_dags/example_dag_decorator.py
[2022-12-21 17:01:28,972] {logging_mixin.py:115} INFO - [2022-12-21 17:01:28,972] {dag.py:2371} INFO - Sync 1 DAGs
[2022-12-21 17:01:28,991] {logging_mixin.py:115} INFO - [2022-12-21 17:01:28,991] {dag.py:2919} INFO - Setting next_dagrun for example_dag_decorator to None, run_after=None
[2022-12-21 17:01:29,004] {processor.py:161} INFO - Processing /home/airflow/.local/lib/python3.7/site-packages/airflow/example_dags/example_dag_decorator.py took 0.113 seconds
[2022-12-21 17:01:59,547] {processor.py:153} INFO - Started process (PID=22938) to work on /home/airflow/.local/lib/python3.7/site-packages/airflow/example_dags/example_dag_decorator.py
[2022-12-21 17:01:59,547] {processor.py:641} INFO - Processing file /home/airflow/.local/lib/python3.7/site-packages/airflow/example_dags/example_dag_decorator.py for tasks to queue
[2022-12-21 17:01:59,547] {logging_mixin.py:115} INFO - [2022-12-21 17:01:59,547] {dagbag.py:507} INFO - Filling up the DagBag from /home/airflow/.local/lib/python3.7/site-packages/airflow/example_dags/example_dag_decorator.py
[2022-12-21 17:01:59,566] {processor.py:651} INFO - DAG(s) dict_keys(['example_dag_decorator']) retrieved from /home/airflow/.local/lib/python3.7/site-packages/airflow/example_dags/example_dag_decorator.py
[2022-12-21 17:01:59,614] {logging_mixin.py:115} INFO - [2022-12-21 17:01:59,614] {dag.py:2371} INFO - Sync 1 DAGs
[2022-12-21 17:01:59,629] {logging_mixin.py:115} INFO - [2022-12-21 17:01:59,629] {dag.py:2919} INFO - Setting next_dagrun for example_dag_decorator to None, run_after=None
[2022-12-21 17:01:59,640] {processor.py:161} INFO - Processing /home/airflow/.local/lib/python3.7/site-packages/airflow/example_dags/example_dag_decorator.py took 0.096 seconds
[2022-12-21 17:02:30,114] {processor.py:153} INFO - Started process (PID=23004) to work on /home/airflow/.local/lib/python3.7/site-packages/airflow/example_dags/example_dag_decorator.py
[2022-12-21 17:02:30,115] {processor.py:641} INFO - Processing file /home/airflow/.local/lib/python3.7/site-packages/airflow/example_dags/example_dag_decorator.py for tasks to queue
[2022-12-21 17:02:30,115] {logging_mixin.py:115} INFO - [2022-12-21 17:02:30,115] {dagbag.py:507} INFO - Filling up the DagBag from /home/airflow/.local/lib/python3.7/site-packages/airflow/example_dags/example_dag_decorator.py
[2022-12-21 17:02:30,135] {processor.py:651} INFO - DAG(s) dict_keys(['example_dag_decorator']) retrieved from /home/airflow/.local/lib/python3.7/site-packages/airflow/example_dags/example_dag_decorator.py
[2022-12-21 17:02:30,185] {logging_mixin.py:115} INFO - [2022-12-21 17:02:30,185] {dag.py:2371} INFO - Sync 1 DAGs
[2022-12-21 17:02:30,198] {logging_mixin.py:115} INFO - [2022-12-21 17:02:30,198] {dag.py:2919} INFO - Setting next_dagrun for example_dag_decorator to None, run_after=None
[2022-12-21 17:02:30,209] {processor.py:161} INFO - Processing /home/airflow/.local/lib/python3.7/site-packages/airflow/example_dags/example_dag_decorator.py took 0.097 seconds
[2022-12-21 17:03:00,859] {processor.py:153} INFO - Started process (PID=23061) to work on /home/airflow/.local/lib/python3.7/site-packages/airflow/example_dags/example_dag_decorator.py
[2022-12-21 17:03:00,859] {processor.py:641} INFO - Processing file /home/airflow/.local/lib/python3.7/site-packages/airflow/example_dags/example_dag_decorator.py for tasks to queue
[2022-12-21 17:03:00,860] {logging_mixin.py:115} INFO - [2022-12-21 17:03:00,860] {dagbag.py:507} INFO - Filling up the DagBag from /home/airflow/.local/lib/python3.7/site-packages/airflow/example_dags/example_dag_decorator.py
[2022-12-21 17:03:00,880] {processor.py:651} INFO - DAG(s) dict_keys(['example_dag_decorator']) retrieved from /home/airflow/.local/lib/python3.7/site-packages/airflow/example_dags/example_dag_decorator.py
[2022-12-21 17:03:00,935] {logging_mixin.py:115} INFO - [2022-12-21 17:03:00,935] {dag.py:2371} INFO - Sync 1 DAGs
[2022-12-21 17:03:00,956] {logging_mixin.py:115} INFO - [2022-12-21 17:03:00,956] {dag.py:2919} INFO - Setting next_dagrun for example_dag_decorator to None, run_after=None
[2022-12-21 17:03:00,969] {processor.py:161} INFO - Processing /home/airflow/.local/lib/python3.7/site-packages/airflow/example_dags/example_dag_decorator.py took 0.112 seconds
[2022-12-21 17:03:31,671] {processor.py:153} INFO - Started process (PID=23127) to work on /home/airflow/.local/lib/python3.7/site-packages/airflow/example_dags/example_dag_decorator.py
[2022-12-21 17:03:31,672] {processor.py:641} INFO - Processing file /home/airflow/.local/lib/python3.7/site-packages/airflow/example_dags/example_dag_decorator.py for tasks to queue
[2022-12-21 17:03:31,673] {logging_mixin.py:115} INFO - [2022-12-21 17:03:31,673] {dagbag.py:507} INFO - Filling up the DagBag from /home/airflow/.local/lib/python3.7/site-packages/airflow/example_dags/example_dag_decorator.py
[2022-12-21 17:03:31,691] {processor.py:651} INFO - DAG(s) dict_keys(['example_dag_decorator']) retrieved from /home/airflow/.local/lib/python3.7/site-packages/airflow/example_dags/example_dag_decorator.py
[2022-12-21 17:03:31,739] {logging_mixin.py:115} INFO - [2022-12-21 17:03:31,739] {dag.py:2371} INFO - Sync 1 DAGs
[2022-12-21 17:03:31,753] {logging_mixin.py:115} INFO - [2022-12-21 17:03:31,753] {dag.py:2919} INFO - Setting next_dagrun for example_dag_decorator to None, run_after=None
[2022-12-21 17:03:31,763] {processor.py:161} INFO - Processing /home/airflow/.local/lib/python3.7/site-packages/airflow/example_dags/example_dag_decorator.py took 0.096 seconds
[2022-12-21 17:04:02,196] {processor.py:153} INFO - Started process (PID=23194) to work on /home/airflow/.local/lib/python3.7/site-packages/airflow/example_dags/example_dag_decorator.py
[2022-12-21 17:04:02,197] {processor.py:641} INFO - Processing file /home/airflow/.local/lib/python3.7/site-packages/airflow/example_dags/example_dag_decorator.py for tasks to queue
[2022-12-21 17:04:02,197] {logging_mixin.py:115} INFO - [2022-12-21 17:04:02,197] {dagbag.py:507} INFO - Filling up the DagBag from /home/airflow/.local/lib/python3.7/site-packages/airflow/example_dags/example_dag_decorator.py
[2022-12-21 17:04:02,217] {processor.py:651} INFO - DAG(s) dict_keys(['example_dag_decorator']) retrieved from /home/airflow/.local/lib/python3.7/site-packages/airflow/example_dags/example_dag_decorator.py
[2022-12-21 17:04:02,271] {logging_mixin.py:115} INFO - [2022-12-21 17:04:02,271] {dag.py:2371} INFO - Sync 1 DAGs
[2022-12-21 17:04:02,287] {logging_mixin.py:115} INFO - [2022-12-21 17:04:02,287] {dag.py:2919} INFO - Setting next_dagrun for example_dag_decorator to None, run_after=None
[2022-12-21 17:04:02,299] {processor.py:161} INFO - Processing /home/airflow/.local/lib/python3.7/site-packages/airflow/example_dags/example_dag_decorator.py took 0.106 seconds
[2022-12-21 17:04:32,839] {processor.py:153} INFO - Started process (PID=23260) to work on /home/airflow/.local/lib/python3.7/site-packages/airflow/example_dags/example_dag_decorator.py
[2022-12-21 17:04:32,840] {processor.py:641} INFO - Processing file /home/airflow/.local/lib/python3.7/site-packages/airflow/example_dags/example_dag_decorator.py for tasks to queue
[2022-12-21 17:04:32,841] {logging_mixin.py:115} INFO - [2022-12-21 17:04:32,841] {dagbag.py:507} INFO - Filling up the DagBag from /home/airflow/.local/lib/python3.7/site-packages/airflow/example_dags/example_dag_decorator.py
[2022-12-21 17:04:32,866] {processor.py:651} INFO - DAG(s) dict_keys(['example_dag_decorator']) retrieved from /home/airflow/.local/lib/python3.7/site-packages/airflow/example_dags/example_dag_decorator.py
[2022-12-21 17:04:32,927] {logging_mixin.py:115} INFO - [2022-12-21 17:04:32,927] {dag.py:2371} INFO - Sync 1 DAGs
[2022-12-21 17:04:32,943] {logging_mixin.py:115} INFO - [2022-12-21 17:04:32,942] {dag.py:2919} INFO - Setting next_dagrun for example_dag_decorator to None, run_after=None
[2022-12-21 17:04:32,954] {processor.py:161} INFO - Processing /home/airflow/.local/lib/python3.7/site-packages/airflow/example_dags/example_dag_decorator.py took 0.117 seconds
[2022-12-21 17:05:03,324] {processor.py:153} INFO - Started process (PID=23317) to work on /home/airflow/.local/lib/python3.7/site-packages/airflow/example_dags/example_dag_decorator.py
[2022-12-21 17:05:03,324] {processor.py:641} INFO - Processing file /home/airflow/.local/lib/python3.7/site-packages/airflow/example_dags/example_dag_decorator.py for tasks to queue
[2022-12-21 17:05:03,325] {logging_mixin.py:115} INFO - [2022-12-21 17:05:03,324] {dagbag.py:507} INFO - Filling up the DagBag from /home/airflow/.local/lib/python3.7/site-packages/airflow/example_dags/example_dag_decorator.py
[2022-12-21 17:05:03,341] {processor.py:651} INFO - DAG(s) dict_keys(['example_dag_decorator']) retrieved from /home/airflow/.local/lib/python3.7/site-packages/airflow/example_dags/example_dag_decorator.py
[2022-12-21 17:05:03,392] {logging_mixin.py:115} INFO - [2022-12-21 17:05:03,392] {dag.py:2371} INFO - Sync 1 DAGs
[2022-12-21 17:05:03,408] {logging_mixin.py:115} INFO - [2022-12-21 17:05:03,408] {dag.py:2919} INFO - Setting next_dagrun for example_dag_decorator to None, run_after=None
[2022-12-21 17:05:03,419] {processor.py:161} INFO - Processing /home/airflow/.local/lib/python3.7/site-packages/airflow/example_dags/example_dag_decorator.py took 0.098 seconds
[2022-12-21 17:05:33,890] {processor.py:153} INFO - Started process (PID=23382) to work on /home/airflow/.local/lib/python3.7/site-packages/airflow/example_dags/example_dag_decorator.py
[2022-12-21 17:05:33,891] {processor.py:641} INFO - Processing file /home/airflow/.local/lib/python3.7/site-packages/airflow/example_dags/example_dag_decorator.py for tasks to queue
[2022-12-21 17:05:33,892] {logging_mixin.py:115} INFO - [2022-12-21 17:05:33,891] {dagbag.py:507} INFO - Filling up the DagBag from /home/airflow/.local/lib/python3.7/site-packages/airflow/example_dags/example_dag_decorator.py
[2022-12-21 17:05:33,910] {processor.py:651} INFO - DAG(s) dict_keys(['example_dag_decorator']) retrieved from /home/airflow/.local/lib/python3.7/site-packages/airflow/example_dags/example_dag_decorator.py
[2022-12-21 17:05:33,965] {logging_mixin.py:115} INFO - [2022-12-21 17:05:33,965] {dag.py:2371} INFO - Sync 1 DAGs
[2022-12-21 17:05:33,980] {logging_mixin.py:115} INFO - [2022-12-21 17:05:33,980] {dag.py:2919} INFO - Setting next_dagrun for example_dag_decorator to None, run_after=None
[2022-12-21 17:05:33,991] {processor.py:161} INFO - Processing /home/airflow/.local/lib/python3.7/site-packages/airflow/example_dags/example_dag_decorator.py took 0.104 seconds
[2022-12-21 17:06:04,830] {processor.py:153} INFO - Started process (PID=23449) to work on /home/airflow/.local/lib/python3.7/site-packages/airflow/example_dags/example_dag_decorator.py
[2022-12-21 17:06:04,831] {processor.py:641} INFO - Processing file /home/airflow/.local/lib/python3.7/site-packages/airflow/example_dags/example_dag_decorator.py for tasks to queue
[2022-12-21 17:06:04,831] {logging_mixin.py:115} INFO - [2022-12-21 17:06:04,831] {dagbag.py:507} INFO - Filling up the DagBag from /home/airflow/.local/lib/python3.7/site-packages/airflow/example_dags/example_dag_decorator.py
[2022-12-21 17:06:04,854] {processor.py:651} INFO - DAG(s) dict_keys(['example_dag_decorator']) retrieved from /home/airflow/.local/lib/python3.7/site-packages/airflow/example_dags/example_dag_decorator.py
[2022-12-21 17:06:04,919] {logging_mixin.py:115} INFO - [2022-12-21 17:06:04,919] {dag.py:2371} INFO - Sync 1 DAGs
[2022-12-21 17:06:04,943] {logging_mixin.py:115} INFO - [2022-12-21 17:06:04,943] {dag.py:2919} INFO - Setting next_dagrun for example_dag_decorator to None, run_after=None
[2022-12-21 17:06:04,958] {processor.py:161} INFO - Processing /home/airflow/.local/lib/python3.7/site-packages/airflow/example_dags/example_dag_decorator.py took 0.131 seconds
[2022-12-21 17:06:35,483] {processor.py:153} INFO - Started process (PID=23516) to work on /home/airflow/.local/lib/python3.7/site-packages/airflow/example_dags/example_dag_decorator.py
[2022-12-21 17:06:35,484] {processor.py:641} INFO - Processing file /home/airflow/.local/lib/python3.7/site-packages/airflow/example_dags/example_dag_decorator.py for tasks to queue
[2022-12-21 17:06:35,485] {logging_mixin.py:115} INFO - [2022-12-21 17:06:35,485] {dagbag.py:507} INFO - Filling up the DagBag from /home/airflow/.local/lib/python3.7/site-packages/airflow/example_dags/example_dag_decorator.py
[2022-12-21 17:06:35,508] {processor.py:651} INFO - DAG(s) dict_keys(['example_dag_decorator']) retrieved from /home/airflow/.local/lib/python3.7/site-packages/airflow/example_dags/example_dag_decorator.py
[2022-12-21 17:06:35,566] {logging_mixin.py:115} INFO - [2022-12-21 17:06:35,565] {dag.py:2371} INFO - Sync 1 DAGs
[2022-12-21 17:06:35,582] {logging_mixin.py:115} INFO - [2022-12-21 17:06:35,582] {dag.py:2919} INFO - Setting next_dagrun for example_dag_decorator to None, run_after=None
[2022-12-21 17:06:35,594] {processor.py:161} INFO - Processing /home/airflow/.local/lib/python3.7/site-packages/airflow/example_dags/example_dag_decorator.py took 0.113 seconds
[2022-12-21 17:07:06,008] {processor.py:153} INFO - Started process (PID=23573) to work on /home/airflow/.local/lib/python3.7/site-packages/airflow/example_dags/example_dag_decorator.py
[2022-12-21 17:07:06,009] {processor.py:641} INFO - Processing file /home/airflow/.local/lib/python3.7/site-packages/airflow/example_dags/example_dag_decorator.py for tasks to queue
[2022-12-21 17:07:06,009] {logging_mixin.py:115} INFO - [2022-12-21 17:07:06,009] {dagbag.py:507} INFO - Filling up the DagBag from /home/airflow/.local/lib/python3.7/site-packages/airflow/example_dags/example_dag_decorator.py
[2022-12-21 17:07:06,025] {processor.py:651} INFO - DAG(s) dict_keys(['example_dag_decorator']) retrieved from /home/airflow/.local/lib/python3.7/site-packages/airflow/example_dags/example_dag_decorator.py
[2022-12-21 17:07:06,076] {logging_mixin.py:115} INFO - [2022-12-21 17:07:06,075] {dag.py:2371} INFO - Sync 1 DAGs
[2022-12-21 17:07:06,093] {logging_mixin.py:115} INFO - [2022-12-21 17:07:06,093] {dag.py:2919} INFO - Setting next_dagrun for example_dag_decorator to None, run_after=None
[2022-12-21 17:07:06,106] {processor.py:161} INFO - Processing /home/airflow/.local/lib/python3.7/site-packages/airflow/example_dags/example_dag_decorator.py took 0.101 seconds
[2022-12-21 17:07:36,597] {processor.py:153} INFO - Started process (PID=23638) to work on /home/airflow/.local/lib/python3.7/site-packages/airflow/example_dags/example_dag_decorator.py
[2022-12-21 17:07:36,598] {processor.py:641} INFO - Processing file /home/airflow/.local/lib/python3.7/site-packages/airflow/example_dags/example_dag_decorator.py for tasks to queue
[2022-12-21 17:07:36,598] {logging_mixin.py:115} INFO - [2022-12-21 17:07:36,598] {dagbag.py:507} INFO - Filling up the DagBag from /home/airflow/.local/lib/python3.7/site-packages/airflow/example_dags/example_dag_decorator.py
[2022-12-21 17:07:36,619] {processor.py:651} INFO - DAG(s) dict_keys(['example_dag_decorator']) retrieved from /home/airflow/.local/lib/python3.7/site-packages/airflow/example_dags/example_dag_decorator.py
[2022-12-21 17:07:36,668] {logging_mixin.py:115} INFO - [2022-12-21 17:07:36,667] {dag.py:2371} INFO - Sync 1 DAGs
[2022-12-21 17:07:36,683] {logging_mixin.py:115} INFO - [2022-12-21 17:07:36,683] {dag.py:2919} INFO - Setting next_dagrun for example_dag_decorator to None, run_after=None
[2022-12-21 17:07:36,693] {processor.py:161} INFO - Processing /home/airflow/.local/lib/python3.7/site-packages/airflow/example_dags/example_dag_decorator.py took 0.100 seconds
[2022-12-21 17:08:07,187] {processor.py:153} INFO - Started process (PID=23704) to work on /home/airflow/.local/lib/python3.7/site-packages/airflow/example_dags/example_dag_decorator.py
[2022-12-21 17:08:07,188] {processor.py:641} INFO - Processing file /home/airflow/.local/lib/python3.7/site-packages/airflow/example_dags/example_dag_decorator.py for tasks to queue
[2022-12-21 17:08:07,188] {logging_mixin.py:115} INFO - [2022-12-21 17:08:07,188] {dagbag.py:507} INFO - Filling up the DagBag from /home/airflow/.local/lib/python3.7/site-packages/airflow/example_dags/example_dag_decorator.py
[2022-12-21 17:08:07,207] {processor.py:651} INFO - DAG(s) dict_keys(['example_dag_decorator']) retrieved from /home/airflow/.local/lib/python3.7/site-packages/airflow/example_dags/example_dag_decorator.py
[2022-12-21 17:08:07,261] {logging_mixin.py:115} INFO - [2022-12-21 17:08:07,261] {dag.py:2371} INFO - Sync 1 DAGs
[2022-12-21 17:08:07,278] {logging_mixin.py:115} INFO - [2022-12-21 17:08:07,278] {dag.py:2919} INFO - Setting next_dagrun for example_dag_decorator to None, run_after=None
[2022-12-21 17:08:07,289] {processor.py:161} INFO - Processing /home/airflow/.local/lib/python3.7/site-packages/airflow/example_dags/example_dag_decorator.py took 0.105 seconds
[2022-12-21 17:08:37,743] {processor.py:153} INFO - Started process (PID=23771) to work on /home/airflow/.local/lib/python3.7/site-packages/airflow/example_dags/example_dag_decorator.py
[2022-12-21 17:08:37,743] {processor.py:641} INFO - Processing file /home/airflow/.local/lib/python3.7/site-packages/airflow/example_dags/example_dag_decorator.py for tasks to queue
[2022-12-21 17:08:37,743] {logging_mixin.py:115} INFO - [2022-12-21 17:08:37,743] {dagbag.py:507} INFO - Filling up the DagBag from /home/airflow/.local/lib/python3.7/site-packages/airflow/example_dags/example_dag_decorator.py
[2022-12-21 17:08:37,760] {processor.py:651} INFO - DAG(s) dict_keys(['example_dag_decorator']) retrieved from /home/airflow/.local/lib/python3.7/site-packages/airflow/example_dags/example_dag_decorator.py
[2022-12-21 17:08:37,818] {logging_mixin.py:115} INFO - [2022-12-21 17:08:37,818] {dag.py:2371} INFO - Sync 1 DAGs
[2022-12-21 17:08:37,838] {logging_mixin.py:115} INFO - [2022-12-21 17:08:37,837] {dag.py:2919} INFO - Setting next_dagrun for example_dag_decorator to None, run_after=None
[2022-12-21 17:08:37,850] {processor.py:161} INFO - Processing /home/airflow/.local/lib/python3.7/site-packages/airflow/example_dags/example_dag_decorator.py took 0.109 seconds
[2022-12-21 17:09:08,437] {processor.py:153} INFO - Started process (PID=23828) to work on /home/airflow/.local/lib/python3.7/site-packages/airflow/example_dags/example_dag_decorator.py
[2022-12-21 17:09:08,438] {processor.py:641} INFO - Processing file /home/airflow/.local/lib/python3.7/site-packages/airflow/example_dags/example_dag_decorator.py for tasks to queue
[2022-12-21 17:09:08,438] {logging_mixin.py:115} INFO - [2022-12-21 17:09:08,438] {dagbag.py:507} INFO - Filling up the DagBag from /home/airflow/.local/lib/python3.7/site-packages/airflow/example_dags/example_dag_decorator.py
[2022-12-21 17:09:08,454] {processor.py:651} INFO - DAG(s) dict_keys(['example_dag_decorator']) retrieved from /home/airflow/.local/lib/python3.7/site-packages/airflow/example_dags/example_dag_decorator.py
[2022-12-21 17:09:08,506] {logging_mixin.py:115} INFO - [2022-12-21 17:09:08,506] {dag.py:2371} INFO - Sync 1 DAGs
[2022-12-21 17:09:08,523] {logging_mixin.py:115} INFO - [2022-12-21 17:09:08,523] {dag.py:2919} INFO - Setting next_dagrun for example_dag_decorator to None, run_after=None
[2022-12-21 17:09:08,537] {processor.py:161} INFO - Processing /home/airflow/.local/lib/python3.7/site-packages/airflow/example_dags/example_dag_decorator.py took 0.102 seconds
[2022-12-21 17:09:39,140] {processor.py:153} INFO - Started process (PID=23895) to work on /home/airflow/.local/lib/python3.7/site-packages/airflow/example_dags/example_dag_decorator.py
[2022-12-21 17:09:39,140] {processor.py:641} INFO - Processing file /home/airflow/.local/lib/python3.7/site-packages/airflow/example_dags/example_dag_decorator.py for tasks to queue
[2022-12-21 17:09:39,141] {logging_mixin.py:115} INFO - [2022-12-21 17:09:39,140] {dagbag.py:507} INFO - Filling up the DagBag from /home/airflow/.local/lib/python3.7/site-packages/airflow/example_dags/example_dag_decorator.py
[2022-12-21 17:09:39,160] {processor.py:651} INFO - DAG(s) dict_keys(['example_dag_decorator']) retrieved from /home/airflow/.local/lib/python3.7/site-packages/airflow/example_dags/example_dag_decorator.py
[2022-12-21 17:09:39,215] {logging_mixin.py:115} INFO - [2022-12-21 17:09:39,215] {dag.py:2371} INFO - Sync 1 DAGs
[2022-12-21 17:09:39,232] {logging_mixin.py:115} INFO - [2022-12-21 17:09:39,232] {dag.py:2919} INFO - Setting next_dagrun for example_dag_decorator to None, run_after=None
[2022-12-21 17:09:39,244] {processor.py:161} INFO - Processing /home/airflow/.local/lib/python3.7/site-packages/airflow/example_dags/example_dag_decorator.py took 0.107 seconds
[2022-12-21 17:10:09,897] {processor.py:153} INFO - Started process (PID=23962) to work on /home/airflow/.local/lib/python3.7/site-packages/airflow/example_dags/example_dag_decorator.py
[2022-12-21 17:10:09,898] {processor.py:641} INFO - Processing file /home/airflow/.local/lib/python3.7/site-packages/airflow/example_dags/example_dag_decorator.py for tasks to queue
[2022-12-21 17:10:09,899] {logging_mixin.py:115} INFO - [2022-12-21 17:10:09,899] {dagbag.py:507} INFO - Filling up the DagBag from /home/airflow/.local/lib/python3.7/site-packages/airflow/example_dags/example_dag_decorator.py
[2022-12-21 17:10:09,918] {processor.py:651} INFO - DAG(s) dict_keys(['example_dag_decorator']) retrieved from /home/airflow/.local/lib/python3.7/site-packages/airflow/example_dags/example_dag_decorator.py
[2022-12-21 17:10:09,970] {logging_mixin.py:115} INFO - [2022-12-21 17:10:09,970] {dag.py:2371} INFO - Sync 1 DAGs
[2022-12-21 17:10:09,984] {logging_mixin.py:115} INFO - [2022-12-21 17:10:09,984] {dag.py:2919} INFO - Setting next_dagrun for example_dag_decorator to None, run_after=None
[2022-12-21 17:10:09,995] {processor.py:161} INFO - Processing /home/airflow/.local/lib/python3.7/site-packages/airflow/example_dags/example_dag_decorator.py took 0.100 seconds
[2022-12-21 17:10:40,483] {processor.py:153} INFO - Started process (PID=24027) to work on /home/airflow/.local/lib/python3.7/site-packages/airflow/example_dags/example_dag_decorator.py
[2022-12-21 17:10:40,484] {processor.py:641} INFO - Processing file /home/airflow/.local/lib/python3.7/site-packages/airflow/example_dags/example_dag_decorator.py for tasks to queue
[2022-12-21 17:10:40,484] {logging_mixin.py:115} INFO - [2022-12-21 17:10:40,484] {dagbag.py:507} INFO - Filling up the DagBag from /home/airflow/.local/lib/python3.7/site-packages/airflow/example_dags/example_dag_decorator.py
[2022-12-21 17:10:40,506] {processor.py:651} INFO - DAG(s) dict_keys(['example_dag_decorator']) retrieved from /home/airflow/.local/lib/python3.7/site-packages/airflow/example_dags/example_dag_decorator.py
[2022-12-21 17:10:40,567] {logging_mixin.py:115} INFO - [2022-12-21 17:10:40,567] {dag.py:2371} INFO - Sync 1 DAGs
[2022-12-21 17:10:40,585] {logging_mixin.py:115} INFO - [2022-12-21 17:10:40,585] {dag.py:2919} INFO - Setting next_dagrun for example_dag_decorator to None, run_after=None
[2022-12-21 17:10:40,598] {processor.py:161} INFO - Processing /home/airflow/.local/lib/python3.7/site-packages/airflow/example_dags/example_dag_decorator.py took 0.118 seconds
[2022-12-21 17:11:11,005] {processor.py:153} INFO - Started process (PID=24085) to work on /home/airflow/.local/lib/python3.7/site-packages/airflow/example_dags/example_dag_decorator.py
[2022-12-21 17:11:11,005] {processor.py:641} INFO - Processing file /home/airflow/.local/lib/python3.7/site-packages/airflow/example_dags/example_dag_decorator.py for tasks to queue
[2022-12-21 17:11:11,006] {logging_mixin.py:115} INFO - [2022-12-21 17:11:11,006] {dagbag.py:507} INFO - Filling up the DagBag from /home/airflow/.local/lib/python3.7/site-packages/airflow/example_dags/example_dag_decorator.py
[2022-12-21 17:11:11,025] {processor.py:651} INFO - DAG(s) dict_keys(['example_dag_decorator']) retrieved from /home/airflow/.local/lib/python3.7/site-packages/airflow/example_dags/example_dag_decorator.py
[2022-12-21 17:11:11,081] {logging_mixin.py:115} INFO - [2022-12-21 17:11:11,081] {dag.py:2371} INFO - Sync 1 DAGs
[2022-12-21 17:11:11,096] {logging_mixin.py:115} INFO - [2022-12-21 17:11:11,096] {dag.py:2919} INFO - Setting next_dagrun for example_dag_decorator to None, run_after=None
[2022-12-21 17:11:11,110] {processor.py:161} INFO - Processing /home/airflow/.local/lib/python3.7/site-packages/airflow/example_dags/example_dag_decorator.py took 0.108 seconds
[2022-12-21 17:11:41,621] {processor.py:153} INFO - Started process (PID=24151) to work on /home/airflow/.local/lib/python3.7/site-packages/airflow/example_dags/example_dag_decorator.py
[2022-12-21 17:11:41,622] {processor.py:641} INFO - Processing file /home/airflow/.local/lib/python3.7/site-packages/airflow/example_dags/example_dag_decorator.py for tasks to queue
[2022-12-21 17:11:41,622] {logging_mixin.py:115} INFO - [2022-12-21 17:11:41,622] {dagbag.py:507} INFO - Filling up the DagBag from /home/airflow/.local/lib/python3.7/site-packages/airflow/example_dags/example_dag_decorator.py
[2022-12-21 17:11:41,638] {processor.py:651} INFO - DAG(s) dict_keys(['example_dag_decorator']) retrieved from /home/airflow/.local/lib/python3.7/site-packages/airflow/example_dags/example_dag_decorator.py
[2022-12-21 17:11:41,700] {logging_mixin.py:115} INFO - [2022-12-21 17:11:41,700] {dag.py:2371} INFO - Sync 1 DAGs
[2022-12-21 17:11:41,717] {logging_mixin.py:115} INFO - [2022-12-21 17:11:41,717] {dag.py:2919} INFO - Setting next_dagrun for example_dag_decorator to None, run_after=None
[2022-12-21 17:11:41,730] {processor.py:161} INFO - Processing /home/airflow/.local/lib/python3.7/site-packages/airflow/example_dags/example_dag_decorator.py took 0.111 seconds
[2022-12-21 17:12:12,289] {processor.py:153} INFO - Started process (PID=24217) to work on /home/airflow/.local/lib/python3.7/site-packages/airflow/example_dags/example_dag_decorator.py
[2022-12-21 17:12:12,289] {processor.py:641} INFO - Processing file /home/airflow/.local/lib/python3.7/site-packages/airflow/example_dags/example_dag_decorator.py for tasks to queue
[2022-12-21 17:12:12,290] {logging_mixin.py:115} INFO - [2022-12-21 17:12:12,290] {dagbag.py:507} INFO - Filling up the DagBag from /home/airflow/.local/lib/python3.7/site-packages/airflow/example_dags/example_dag_decorator.py
[2022-12-21 17:12:12,309] {processor.py:651} INFO - DAG(s) dict_keys(['example_dag_decorator']) retrieved from /home/airflow/.local/lib/python3.7/site-packages/airflow/example_dags/example_dag_decorator.py
[2022-12-21 17:12:12,368] {logging_mixin.py:115} INFO - [2022-12-21 17:12:12,368] {dag.py:2371} INFO - Sync 1 DAGs
[2022-12-21 17:12:12,388] {logging_mixin.py:115} INFO - [2022-12-21 17:12:12,388] {dag.py:2919} INFO - Setting next_dagrun for example_dag_decorator to None, run_after=None
[2022-12-21 17:12:12,400] {processor.py:161} INFO - Processing /home/airflow/.local/lib/python3.7/site-packages/airflow/example_dags/example_dag_decorator.py took 0.114 seconds
[2022-12-21 17:12:42,831] {processor.py:153} INFO - Started process (PID=24275) to work on /home/airflow/.local/lib/python3.7/site-packages/airflow/example_dags/example_dag_decorator.py
[2022-12-21 17:12:42,832] {processor.py:641} INFO - Processing file /home/airflow/.local/lib/python3.7/site-packages/airflow/example_dags/example_dag_decorator.py for tasks to queue
[2022-12-21 17:12:42,832] {logging_mixin.py:115} INFO - [2022-12-21 17:12:42,832] {dagbag.py:507} INFO - Filling up the DagBag from /home/airflow/.local/lib/python3.7/site-packages/airflow/example_dags/example_dag_decorator.py
[2022-12-21 17:12:42,852] {processor.py:651} INFO - DAG(s) dict_keys(['example_dag_decorator']) retrieved from /home/airflow/.local/lib/python3.7/site-packages/airflow/example_dags/example_dag_decorator.py
[2022-12-21 17:12:42,915] {logging_mixin.py:115} INFO - [2022-12-21 17:12:42,915] {dag.py:2371} INFO - Sync 1 DAGs
[2022-12-21 17:12:42,932] {logging_mixin.py:115} INFO - [2022-12-21 17:12:42,932] {dag.py:2919} INFO - Setting next_dagrun for example_dag_decorator to None, run_after=None
[2022-12-21 17:12:42,943] {processor.py:161} INFO - Processing /home/airflow/.local/lib/python3.7/site-packages/airflow/example_dags/example_dag_decorator.py took 0.116 seconds
[2022-12-21 17:13:13,266] {processor.py:153} INFO - Started process (PID=24340) to work on /home/airflow/.local/lib/python3.7/site-packages/airflow/example_dags/example_dag_decorator.py
[2022-12-21 17:13:13,267] {processor.py:641} INFO - Processing file /home/airflow/.local/lib/python3.7/site-packages/airflow/example_dags/example_dag_decorator.py for tasks to queue
[2022-12-21 17:13:13,267] {logging_mixin.py:115} INFO - [2022-12-21 17:13:13,267] {dagbag.py:507} INFO - Filling up the DagBag from /home/airflow/.local/lib/python3.7/site-packages/airflow/example_dags/example_dag_decorator.py
[2022-12-21 17:13:13,283] {processor.py:651} INFO - DAG(s) dict_keys(['example_dag_decorator']) retrieved from /home/airflow/.local/lib/python3.7/site-packages/airflow/example_dags/example_dag_decorator.py
[2022-12-21 17:13:13,344] {logging_mixin.py:115} INFO - [2022-12-21 17:13:13,343] {dag.py:2371} INFO - Sync 1 DAGs
[2022-12-21 17:13:13,359] {logging_mixin.py:115} INFO - [2022-12-21 17:13:13,359] {dag.py:2919} INFO - Setting next_dagrun for example_dag_decorator to None, run_after=None
[2022-12-21 17:13:13,370] {processor.py:161} INFO - Processing /home/airflow/.local/lib/python3.7/site-packages/airflow/example_dags/example_dag_decorator.py took 0.106 seconds
[2022-12-21 17:13:43,905] {processor.py:153} INFO - Started process (PID=24406) to work on /home/airflow/.local/lib/python3.7/site-packages/airflow/example_dags/example_dag_decorator.py
[2022-12-21 17:13:43,906] {processor.py:641} INFO - Processing file /home/airflow/.local/lib/python3.7/site-packages/airflow/example_dags/example_dag_decorator.py for tasks to queue
[2022-12-21 17:13:43,906] {logging_mixin.py:115} INFO - [2022-12-21 17:13:43,906] {dagbag.py:507} INFO - Filling up the DagBag from /home/airflow/.local/lib/python3.7/site-packages/airflow/example_dags/example_dag_decorator.py
[2022-12-21 17:13:43,926] {processor.py:651} INFO - DAG(s) dict_keys(['example_dag_decorator']) retrieved from /home/airflow/.local/lib/python3.7/site-packages/airflow/example_dags/example_dag_decorator.py
[2022-12-21 17:13:43,974] {logging_mixin.py:115} INFO - [2022-12-21 17:13:43,974] {dag.py:2371} INFO - Sync 1 DAGs
[2022-12-21 17:13:43,988] {logging_mixin.py:115} INFO - [2022-12-21 17:13:43,988] {dag.py:2919} INFO - Setting next_dagrun for example_dag_decorator to None, run_after=None
[2022-12-21 17:13:44,000] {processor.py:161} INFO - Processing /home/airflow/.local/lib/python3.7/site-packages/airflow/example_dags/example_dag_decorator.py took 0.098 seconds
[2022-12-21 17:14:14,550] {processor.py:153} INFO - Started process (PID=24473) to work on /home/airflow/.local/lib/python3.7/site-packages/airflow/example_dags/example_dag_decorator.py
[2022-12-21 17:14:14,551] {processor.py:641} INFO - Processing file /home/airflow/.local/lib/python3.7/site-packages/airflow/example_dags/example_dag_decorator.py for tasks to queue
[2022-12-21 17:14:14,551] {logging_mixin.py:115} INFO - [2022-12-21 17:14:14,551] {dagbag.py:507} INFO - Filling up the DagBag from /home/airflow/.local/lib/python3.7/site-packages/airflow/example_dags/example_dag_decorator.py
[2022-12-21 17:14:14,568] {processor.py:651} INFO - DAG(s) dict_keys(['example_dag_decorator']) retrieved from /home/airflow/.local/lib/python3.7/site-packages/airflow/example_dags/example_dag_decorator.py
[2022-12-21 17:14:14,619] {logging_mixin.py:115} INFO - [2022-12-21 17:14:14,619] {dag.py:2371} INFO - Sync 1 DAGs
[2022-12-21 17:14:14,633] {logging_mixin.py:115} INFO - [2022-12-21 17:14:14,633] {dag.py:2919} INFO - Setting next_dagrun for example_dag_decorator to None, run_after=None
[2022-12-21 17:14:14,644] {processor.py:161} INFO - Processing /home/airflow/.local/lib/python3.7/site-packages/airflow/example_dags/example_dag_decorator.py took 0.097 seconds
[2022-12-21 17:14:45,340] {processor.py:153} INFO - Started process (PID=24529) to work on /home/airflow/.local/lib/python3.7/site-packages/airflow/example_dags/example_dag_decorator.py
[2022-12-21 17:14:45,341] {processor.py:641} INFO - Processing file /home/airflow/.local/lib/python3.7/site-packages/airflow/example_dags/example_dag_decorator.py for tasks to queue
[2022-12-21 17:14:45,341] {logging_mixin.py:115} INFO - [2022-12-21 17:14:45,341] {dagbag.py:507} INFO - Filling up the DagBag from /home/airflow/.local/lib/python3.7/site-packages/airflow/example_dags/example_dag_decorator.py
[2022-12-21 17:14:45,357] {processor.py:651} INFO - DAG(s) dict_keys(['example_dag_decorator']) retrieved from /home/airflow/.local/lib/python3.7/site-packages/airflow/example_dags/example_dag_decorator.py
[2022-12-21 17:14:45,407] {logging_mixin.py:115} INFO - [2022-12-21 17:14:45,407] {dag.py:2371} INFO - Sync 1 DAGs
[2022-12-21 17:14:45,422] {logging_mixin.py:115} INFO - [2022-12-21 17:14:45,422] {dag.py:2919} INFO - Setting next_dagrun for example_dag_decorator to None, run_after=None
[2022-12-21 17:14:45,432] {processor.py:161} INFO - Processing /home/airflow/.local/lib/python3.7/site-packages/airflow/example_dags/example_dag_decorator.py took 0.094 seconds
[2022-12-21 17:15:15,956] {processor.py:153} INFO - Started process (PID=24595) to work on /home/airflow/.local/lib/python3.7/site-packages/airflow/example_dags/example_dag_decorator.py
[2022-12-21 17:15:15,957] {processor.py:641} INFO - Processing file /home/airflow/.local/lib/python3.7/site-packages/airflow/example_dags/example_dag_decorator.py for tasks to queue
[2022-12-21 17:15:15,957] {logging_mixin.py:115} INFO - [2022-12-21 17:15:15,957] {dagbag.py:507} INFO - Filling up the DagBag from /home/airflow/.local/lib/python3.7/site-packages/airflow/example_dags/example_dag_decorator.py
[2022-12-21 17:15:15,975] {processor.py:651} INFO - DAG(s) dict_keys(['example_dag_decorator']) retrieved from /home/airflow/.local/lib/python3.7/site-packages/airflow/example_dags/example_dag_decorator.py
[2022-12-21 17:15:16,038] {logging_mixin.py:115} INFO - [2022-12-21 17:15:16,037] {dag.py:2371} INFO - Sync 1 DAGs
[2022-12-21 17:15:16,055] {logging_mixin.py:115} INFO - [2022-12-21 17:15:16,055] {dag.py:2919} INFO - Setting next_dagrun for example_dag_decorator to None, run_after=None
[2022-12-21 17:15:16,067] {processor.py:161} INFO - Processing /home/airflow/.local/lib/python3.7/site-packages/airflow/example_dags/example_dag_decorator.py took 0.114 seconds
[2022-12-21 17:15:46,557] {processor.py:153} INFO - Started process (PID=24661) to work on /home/airflow/.local/lib/python3.7/site-packages/airflow/example_dags/example_dag_decorator.py
[2022-12-21 17:15:46,558] {processor.py:641} INFO - Processing file /home/airflow/.local/lib/python3.7/site-packages/airflow/example_dags/example_dag_decorator.py for tasks to queue
[2022-12-21 17:15:46,558] {logging_mixin.py:115} INFO - [2022-12-21 17:15:46,558] {dagbag.py:507} INFO - Filling up the DagBag from /home/airflow/.local/lib/python3.7/site-packages/airflow/example_dags/example_dag_decorator.py
[2022-12-21 17:15:46,576] {processor.py:651} INFO - DAG(s) dict_keys(['example_dag_decorator']) retrieved from /home/airflow/.local/lib/python3.7/site-packages/airflow/example_dags/example_dag_decorator.py
[2022-12-21 17:15:46,627] {logging_mixin.py:115} INFO - [2022-12-21 17:15:46,626] {dag.py:2371} INFO - Sync 1 DAGs
[2022-12-21 17:15:46,645] {logging_mixin.py:115} INFO - [2022-12-21 17:15:46,645] {dag.py:2919} INFO - Setting next_dagrun for example_dag_decorator to None, run_after=None
[2022-12-21 17:15:46,655] {processor.py:161} INFO - Processing /home/airflow/.local/lib/python3.7/site-packages/airflow/example_dags/example_dag_decorator.py took 0.101 seconds
[2022-12-21 17:16:17,272] {processor.py:153} INFO - Started process (PID=24727) to work on /home/airflow/.local/lib/python3.7/site-packages/airflow/example_dags/example_dag_decorator.py
[2022-12-21 17:16:17,273] {processor.py:641} INFO - Processing file /home/airflow/.local/lib/python3.7/site-packages/airflow/example_dags/example_dag_decorator.py for tasks to queue
[2022-12-21 17:16:17,274] {logging_mixin.py:115} INFO - [2022-12-21 17:16:17,274] {dagbag.py:507} INFO - Filling up the DagBag from /home/airflow/.local/lib/python3.7/site-packages/airflow/example_dags/example_dag_decorator.py
[2022-12-21 17:16:17,295] {processor.py:651} INFO - DAG(s) dict_keys(['example_dag_decorator']) retrieved from /home/airflow/.local/lib/python3.7/site-packages/airflow/example_dags/example_dag_decorator.py
[2022-12-21 17:16:17,360] {logging_mixin.py:115} INFO - [2022-12-21 17:16:17,360] {dag.py:2371} INFO - Sync 1 DAGs
[2022-12-21 17:16:17,380] {logging_mixin.py:115} INFO - [2022-12-21 17:16:17,379] {dag.py:2919} INFO - Setting next_dagrun for example_dag_decorator to None, run_after=None
[2022-12-21 17:16:17,393] {processor.py:161} INFO - Processing /home/airflow/.local/lib/python3.7/site-packages/airflow/example_dags/example_dag_decorator.py took 0.125 seconds
[2022-12-21 17:16:47,928] {processor.py:153} INFO - Started process (PID=24785) to work on /home/airflow/.local/lib/python3.7/site-packages/airflow/example_dags/example_dag_decorator.py
[2022-12-21 17:16:47,929] {processor.py:641} INFO - Processing file /home/airflow/.local/lib/python3.7/site-packages/airflow/example_dags/example_dag_decorator.py for tasks to queue
[2022-12-21 17:16:47,929] {logging_mixin.py:115} INFO - [2022-12-21 17:16:47,929] {dagbag.py:507} INFO - Filling up the DagBag from /home/airflow/.local/lib/python3.7/site-packages/airflow/example_dags/example_dag_decorator.py
[2022-12-21 17:16:47,946] {processor.py:651} INFO - DAG(s) dict_keys(['example_dag_decorator']) retrieved from /home/airflow/.local/lib/python3.7/site-packages/airflow/example_dags/example_dag_decorator.py
[2022-12-21 17:16:47,998] {logging_mixin.py:115} INFO - [2022-12-21 17:16:47,998] {dag.py:2371} INFO - Sync 1 DAGs
[2022-12-21 17:16:48,013] {logging_mixin.py:115} INFO - [2022-12-21 17:16:48,013] {dag.py:2919} INFO - Setting next_dagrun for example_dag_decorator to None, run_after=None
[2022-12-21 17:16:48,026] {processor.py:161} INFO - Processing /home/airflow/.local/lib/python3.7/site-packages/airflow/example_dags/example_dag_decorator.py took 0.101 seconds
[2022-12-21 17:17:18,595] {processor.py:153} INFO - Started process (PID=24850) to work on /home/airflow/.local/lib/python3.7/site-packages/airflow/example_dags/example_dag_decorator.py
[2022-12-21 17:17:18,596] {processor.py:641} INFO - Processing file /home/airflow/.local/lib/python3.7/site-packages/airflow/example_dags/example_dag_decorator.py for tasks to queue
[2022-12-21 17:17:18,596] {logging_mixin.py:115} INFO - [2022-12-21 17:17:18,596] {dagbag.py:507} INFO - Filling up the DagBag from /home/airflow/.local/lib/python3.7/site-packages/airflow/example_dags/example_dag_decorator.py
[2022-12-21 17:17:18,616] {processor.py:651} INFO - DAG(s) dict_keys(['example_dag_decorator']) retrieved from /home/airflow/.local/lib/python3.7/site-packages/airflow/example_dags/example_dag_decorator.py
[2022-12-21 17:17:18,666] {logging_mixin.py:115} INFO - [2022-12-21 17:17:18,666] {dag.py:2371} INFO - Sync 1 DAGs
[2022-12-21 17:17:18,686] {logging_mixin.py:115} INFO - [2022-12-21 17:17:18,686] {dag.py:2919} INFO - Setting next_dagrun for example_dag_decorator to None, run_after=None
[2022-12-21 17:17:18,698] {processor.py:161} INFO - Processing /home/airflow/.local/lib/python3.7/site-packages/airflow/example_dags/example_dag_decorator.py took 0.106 seconds
[2022-12-21 17:17:49,172] {processor.py:153} INFO - Started process (PID=24917) to work on /home/airflow/.local/lib/python3.7/site-packages/airflow/example_dags/example_dag_decorator.py
[2022-12-21 17:17:49,173] {processor.py:641} INFO - Processing file /home/airflow/.local/lib/python3.7/site-packages/airflow/example_dags/example_dag_decorator.py for tasks to queue
[2022-12-21 17:17:49,174] {logging_mixin.py:115} INFO - [2022-12-21 17:17:49,173] {dagbag.py:507} INFO - Filling up the DagBag from /home/airflow/.local/lib/python3.7/site-packages/airflow/example_dags/example_dag_decorator.py
[2022-12-21 17:17:49,195] {processor.py:651} INFO - DAG(s) dict_keys(['example_dag_decorator']) retrieved from /home/airflow/.local/lib/python3.7/site-packages/airflow/example_dags/example_dag_decorator.py
[2022-12-21 17:17:49,250] {logging_mixin.py:115} INFO - [2022-12-21 17:17:49,250] {dag.py:2371} INFO - Sync 1 DAGs
[2022-12-21 17:17:49,268] {logging_mixin.py:115} INFO - [2022-12-21 17:17:49,268] {dag.py:2919} INFO - Setting next_dagrun for example_dag_decorator to None, run_after=None
[2022-12-21 17:17:49,279] {processor.py:161} INFO - Processing /home/airflow/.local/lib/python3.7/site-packages/airflow/example_dags/example_dag_decorator.py took 0.109 seconds
[2022-12-21 17:18:20,005] {processor.py:153} INFO - Started process (PID=24987) to work on /home/airflow/.local/lib/python3.7/site-packages/airflow/example_dags/example_dag_decorator.py
[2022-12-21 17:18:20,006] {processor.py:641} INFO - Processing file /home/airflow/.local/lib/python3.7/site-packages/airflow/example_dags/example_dag_decorator.py for tasks to queue
[2022-12-21 17:18:20,006] {logging_mixin.py:115} INFO - [2022-12-21 17:18:20,006] {dagbag.py:507} INFO - Filling up the DagBag from /home/airflow/.local/lib/python3.7/site-packages/airflow/example_dags/example_dag_decorator.py
[2022-12-21 17:18:20,022] {processor.py:651} INFO - DAG(s) dict_keys(['example_dag_decorator']) retrieved from /home/airflow/.local/lib/python3.7/site-packages/airflow/example_dags/example_dag_decorator.py
[2022-12-21 17:18:20,073] {logging_mixin.py:115} INFO - [2022-12-21 17:18:20,073] {dag.py:2371} INFO - Sync 1 DAGs
[2022-12-21 17:18:20,090] {logging_mixin.py:115} INFO - [2022-12-21 17:18:20,090] {dag.py:2919} INFO - Setting next_dagrun for example_dag_decorator to None, run_after=None
[2022-12-21 17:18:20,100] {processor.py:161} INFO - Processing /home/airflow/.local/lib/python3.7/site-packages/airflow/example_dags/example_dag_decorator.py took 0.099 seconds
[2022-12-21 17:18:50,753] {processor.py:153} INFO - Started process (PID=25044) to work on /home/airflow/.local/lib/python3.7/site-packages/airflow/example_dags/example_dag_decorator.py
[2022-12-21 17:18:50,754] {processor.py:641} INFO - Processing file /home/airflow/.local/lib/python3.7/site-packages/airflow/example_dags/example_dag_decorator.py for tasks to queue
[2022-12-21 17:18:50,754] {logging_mixin.py:115} INFO - [2022-12-21 17:18:50,754] {dagbag.py:507} INFO - Filling up the DagBag from /home/airflow/.local/lib/python3.7/site-packages/airflow/example_dags/example_dag_decorator.py
[2022-12-21 17:18:50,774] {processor.py:651} INFO - DAG(s) dict_keys(['example_dag_decorator']) retrieved from /home/airflow/.local/lib/python3.7/site-packages/airflow/example_dags/example_dag_decorator.py
[2022-12-21 17:18:50,830] {logging_mixin.py:115} INFO - [2022-12-21 17:18:50,829] {dag.py:2371} INFO - Sync 1 DAGs
[2022-12-21 17:18:50,847] {logging_mixin.py:115} INFO - [2022-12-21 17:18:50,847] {dag.py:2919} INFO - Setting next_dagrun for example_dag_decorator to None, run_after=None
[2022-12-21 17:18:50,858] {processor.py:161} INFO - Processing /home/airflow/.local/lib/python3.7/site-packages/airflow/example_dags/example_dag_decorator.py took 0.108 seconds
[2022-12-21 17:19:21,420] {processor.py:153} INFO - Started process (PID=25111) to work on /home/airflow/.local/lib/python3.7/site-packages/airflow/example_dags/example_dag_decorator.py
[2022-12-21 17:19:21,421] {processor.py:641} INFO - Processing file /home/airflow/.local/lib/python3.7/site-packages/airflow/example_dags/example_dag_decorator.py for tasks to queue
[2022-12-21 17:19:21,422] {logging_mixin.py:115} INFO - [2022-12-21 17:19:21,422] {dagbag.py:507} INFO - Filling up the DagBag from /home/airflow/.local/lib/python3.7/site-packages/airflow/example_dags/example_dag_decorator.py
[2022-12-21 17:19:21,443] {processor.py:651} INFO - DAG(s) dict_keys(['example_dag_decorator']) retrieved from /home/airflow/.local/lib/python3.7/site-packages/airflow/example_dags/example_dag_decorator.py
[2022-12-21 17:19:21,491] {logging_mixin.py:115} INFO - [2022-12-21 17:19:21,491] {dag.py:2371} INFO - Sync 1 DAGs
[2022-12-21 17:19:21,507] {logging_mixin.py:115} INFO - [2022-12-21 17:19:21,506] {dag.py:2919} INFO - Setting next_dagrun for example_dag_decorator to None, run_after=None
[2022-12-21 17:19:21,518] {processor.py:161} INFO - Processing /home/airflow/.local/lib/python3.7/site-packages/airflow/example_dags/example_dag_decorator.py took 0.101 seconds
[2022-12-21 17:19:52,016] {processor.py:153} INFO - Started process (PID=25177) to work on /home/airflow/.local/lib/python3.7/site-packages/airflow/example_dags/example_dag_decorator.py
[2022-12-21 17:19:52,017] {processor.py:641} INFO - Processing file /home/airflow/.local/lib/python3.7/site-packages/airflow/example_dags/example_dag_decorator.py for tasks to queue
[2022-12-21 17:19:52,018] {logging_mixin.py:115} INFO - [2022-12-21 17:19:52,017] {dagbag.py:507} INFO - Filling up the DagBag from /home/airflow/.local/lib/python3.7/site-packages/airflow/example_dags/example_dag_decorator.py
[2022-12-21 17:19:52,040] {processor.py:651} INFO - DAG(s) dict_keys(['example_dag_decorator']) retrieved from /home/airflow/.local/lib/python3.7/site-packages/airflow/example_dags/example_dag_decorator.py
[2022-12-21 17:19:52,096] {logging_mixin.py:115} INFO - [2022-12-21 17:19:52,096] {dag.py:2371} INFO - Sync 1 DAGs
[2022-12-21 17:19:52,112] {logging_mixin.py:115} INFO - [2022-12-21 17:19:52,112] {dag.py:2919} INFO - Setting next_dagrun for example_dag_decorator to None, run_after=None
[2022-12-21 17:19:52,124] {processor.py:161} INFO - Processing /home/airflow/.local/lib/python3.7/site-packages/airflow/example_dags/example_dag_decorator.py took 0.112 seconds
[2022-12-21 17:20:22,753] {processor.py:153} INFO - Started process (PID=25245) to work on /home/airflow/.local/lib/python3.7/site-packages/airflow/example_dags/example_dag_decorator.py
[2022-12-21 17:20:22,754] {processor.py:641} INFO - Processing file /home/airflow/.local/lib/python3.7/site-packages/airflow/example_dags/example_dag_decorator.py for tasks to queue
[2022-12-21 17:20:22,754] {logging_mixin.py:115} INFO - [2022-12-21 17:20:22,754] {dagbag.py:507} INFO - Filling up the DagBag from /home/airflow/.local/lib/python3.7/site-packages/airflow/example_dags/example_dag_decorator.py
[2022-12-21 17:20:22,770] {processor.py:651} INFO - DAG(s) dict_keys(['example_dag_decorator']) retrieved from /home/airflow/.local/lib/python3.7/site-packages/airflow/example_dags/example_dag_decorator.py
[2022-12-21 17:20:22,826] {logging_mixin.py:115} INFO - [2022-12-21 17:20:22,826] {dag.py:2371} INFO - Sync 1 DAGs
[2022-12-21 17:20:22,843] {logging_mixin.py:115} INFO - [2022-12-21 17:20:22,842] {dag.py:2919} INFO - Setting next_dagrun for example_dag_decorator to None, run_after=None
[2022-12-21 17:20:22,854] {processor.py:161} INFO - Processing /home/airflow/.local/lib/python3.7/site-packages/airflow/example_dags/example_dag_decorator.py took 0.103 seconds
[2022-12-21 17:20:53,429] {processor.py:153} INFO - Started process (PID=25303) to work on /home/airflow/.local/lib/python3.7/site-packages/airflow/example_dags/example_dag_decorator.py
[2022-12-21 17:20:53,429] {processor.py:641} INFO - Processing file /home/airflow/.local/lib/python3.7/site-packages/airflow/example_dags/example_dag_decorator.py for tasks to queue
[2022-12-21 17:20:53,430] {logging_mixin.py:115} INFO - [2022-12-21 17:20:53,430] {dagbag.py:507} INFO - Filling up the DagBag from /home/airflow/.local/lib/python3.7/site-packages/airflow/example_dags/example_dag_decorator.py
[2022-12-21 17:20:53,463] {processor.py:651} INFO - DAG(s) dict_keys(['example_dag_decorator']) retrieved from /home/airflow/.local/lib/python3.7/site-packages/airflow/example_dags/example_dag_decorator.py
[2022-12-21 17:20:53,527] {logging_mixin.py:115} INFO - [2022-12-21 17:20:53,527] {dag.py:2371} INFO - Sync 1 DAGs
[2022-12-21 17:20:53,543] {logging_mixin.py:115} INFO - [2022-12-21 17:20:53,543] {dag.py:2919} INFO - Setting next_dagrun for example_dag_decorator to None, run_after=None
[2022-12-21 17:20:53,557] {processor.py:161} INFO - Processing /home/airflow/.local/lib/python3.7/site-packages/airflow/example_dags/example_dag_decorator.py took 0.131 seconds
[2022-12-21 17:21:24,044] {processor.py:153} INFO - Started process (PID=25369) to work on /home/airflow/.local/lib/python3.7/site-packages/airflow/example_dags/example_dag_decorator.py
[2022-12-21 17:21:24,045] {processor.py:641} INFO - Processing file /home/airflow/.local/lib/python3.7/site-packages/airflow/example_dags/example_dag_decorator.py for tasks to queue
[2022-12-21 17:21:24,046] {logging_mixin.py:115} INFO - [2022-12-21 17:21:24,046] {dagbag.py:507} INFO - Filling up the DagBag from /home/airflow/.local/lib/python3.7/site-packages/airflow/example_dags/example_dag_decorator.py
[2022-12-21 17:21:24,067] {processor.py:651} INFO - DAG(s) dict_keys(['example_dag_decorator']) retrieved from /home/airflow/.local/lib/python3.7/site-packages/airflow/example_dags/example_dag_decorator.py
[2022-12-21 17:21:24,120] {logging_mixin.py:115} INFO - [2022-12-21 17:21:24,120] {dag.py:2371} INFO - Sync 1 DAGs
[2022-12-21 17:21:24,134] {logging_mixin.py:115} INFO - [2022-12-21 17:21:24,134] {dag.py:2919} INFO - Setting next_dagrun for example_dag_decorator to None, run_after=None
[2022-12-21 17:21:24,144] {processor.py:161} INFO - Processing /home/airflow/.local/lib/python3.7/site-packages/airflow/example_dags/example_dag_decorator.py took 0.103 seconds
[2022-12-21 17:21:54,519] {processor.py:153} INFO - Started process (PID=25435) to work on /home/airflow/.local/lib/python3.7/site-packages/airflow/example_dags/example_dag_decorator.py
[2022-12-21 17:21:54,520] {processor.py:641} INFO - Processing file /home/airflow/.local/lib/python3.7/site-packages/airflow/example_dags/example_dag_decorator.py for tasks to queue
[2022-12-21 17:21:54,520] {logging_mixin.py:115} INFO - [2022-12-21 17:21:54,520] {dagbag.py:507} INFO - Filling up the DagBag from /home/airflow/.local/lib/python3.7/site-packages/airflow/example_dags/example_dag_decorator.py
[2022-12-21 17:21:54,537] {processor.py:651} INFO - DAG(s) dict_keys(['example_dag_decorator']) retrieved from /home/airflow/.local/lib/python3.7/site-packages/airflow/example_dags/example_dag_decorator.py
[2022-12-21 17:21:54,593] {logging_mixin.py:115} INFO - [2022-12-21 17:21:54,593] {dag.py:2371} INFO - Sync 1 DAGs
[2022-12-21 17:21:54,609] {logging_mixin.py:115} INFO - [2022-12-21 17:21:54,609] {dag.py:2919} INFO - Setting next_dagrun for example_dag_decorator to None, run_after=None
[2022-12-21 17:21:54,622] {processor.py:161} INFO - Processing /home/airflow/.local/lib/python3.7/site-packages/airflow/example_dags/example_dag_decorator.py took 0.105 seconds
[2022-12-21 17:22:25,026] {processor.py:153} INFO - Started process (PID=25503) to work on /home/airflow/.local/lib/python3.7/site-packages/airflow/example_dags/example_dag_decorator.py
[2022-12-21 17:22:25,027] {processor.py:641} INFO - Processing file /home/airflow/.local/lib/python3.7/site-packages/airflow/example_dags/example_dag_decorator.py for tasks to queue
[2022-12-21 17:22:25,027] {logging_mixin.py:115} INFO - [2022-12-21 17:22:25,027] {dagbag.py:507} INFO - Filling up the DagBag from /home/airflow/.local/lib/python3.7/site-packages/airflow/example_dags/example_dag_decorator.py
[2022-12-21 17:22:25,047] {processor.py:651} INFO - DAG(s) dict_keys(['example_dag_decorator']) retrieved from /home/airflow/.local/lib/python3.7/site-packages/airflow/example_dags/example_dag_decorator.py
[2022-12-21 17:22:25,104] {logging_mixin.py:115} INFO - [2022-12-21 17:22:25,104] {dag.py:2371} INFO - Sync 1 DAGs
[2022-12-21 17:22:25,123] {logging_mixin.py:115} INFO - [2022-12-21 17:22:25,123] {dag.py:2919} INFO - Setting next_dagrun for example_dag_decorator to None, run_after=None
[2022-12-21 17:22:25,137] {processor.py:161} INFO - Processing /home/airflow/.local/lib/python3.7/site-packages/airflow/example_dags/example_dag_decorator.py took 0.114 seconds
[2022-12-21 17:22:55,973] {processor.py:153} INFO - Started process (PID=25560) to work on /home/airflow/.local/lib/python3.7/site-packages/airflow/example_dags/example_dag_decorator.py
[2022-12-21 17:22:56,109] {processor.py:641} INFO - Processing file /home/airflow/.local/lib/python3.7/site-packages/airflow/example_dags/example_dag_decorator.py for tasks to queue
[2022-12-21 17:22:56,111] {logging_mixin.py:115} INFO - [2022-12-21 17:22:56,110] {dagbag.py:507} INFO - Filling up the DagBag from /home/airflow/.local/lib/python3.7/site-packages/airflow/example_dags/example_dag_decorator.py
[2022-12-21 17:22:56,135] {processor.py:651} INFO - DAG(s) dict_keys(['example_dag_decorator']) retrieved from /home/airflow/.local/lib/python3.7/site-packages/airflow/example_dags/example_dag_decorator.py
[2022-12-21 17:22:56,218] {logging_mixin.py:115} INFO - [2022-12-21 17:22:56,218] {dag.py:2371} INFO - Sync 1 DAGs
[2022-12-21 17:22:56,233] {logging_mixin.py:115} INFO - [2022-12-21 17:22:56,233] {dag.py:2919} INFO - Setting next_dagrun for example_dag_decorator to None, run_after=None
[2022-12-21 17:22:56,244] {processor.py:161} INFO - Processing /home/airflow/.local/lib/python3.7/site-packages/airflow/example_dags/example_dag_decorator.py took 0.274 seconds
[2022-12-21 17:23:26,268] {processor.py:153} INFO - Started process (PID=25627) to work on /home/airflow/.local/lib/python3.7/site-packages/airflow/example_dags/example_dag_decorator.py
[2022-12-21 17:23:26,269] {processor.py:641} INFO - Processing file /home/airflow/.local/lib/python3.7/site-packages/airflow/example_dags/example_dag_decorator.py for tasks to queue
[2022-12-21 17:23:26,269] {logging_mixin.py:115} INFO - [2022-12-21 17:23:26,269] {dagbag.py:507} INFO - Filling up the DagBag from /home/airflow/.local/lib/python3.7/site-packages/airflow/example_dags/example_dag_decorator.py
[2022-12-21 17:23:26,288] {processor.py:651} INFO - DAG(s) dict_keys(['example_dag_decorator']) retrieved from /home/airflow/.local/lib/python3.7/site-packages/airflow/example_dags/example_dag_decorator.py
[2022-12-21 17:23:26,338] {logging_mixin.py:115} INFO - [2022-12-21 17:23:26,338] {dag.py:2371} INFO - Sync 1 DAGs
[2022-12-21 17:23:26,352] {logging_mixin.py:115} INFO - [2022-12-21 17:23:26,352] {dag.py:2919} INFO - Setting next_dagrun for example_dag_decorator to None, run_after=None
[2022-12-21 17:23:26,368] {processor.py:161} INFO - Processing /home/airflow/.local/lib/python3.7/site-packages/airflow/example_dags/example_dag_decorator.py took 0.104 seconds
