[2022-12-21 16:55:15,798] {processor.py:153} INFO - Started process (PID=22097) to work on /home/airflow/.local/lib/python3.7/site-packages/airflow/example_dags/example_short_circuit_operator.py
[2022-12-21 16:55:15,799] {processor.py:641} INFO - Processing file /home/airflow/.local/lib/python3.7/site-packages/airflow/example_dags/example_short_circuit_operator.py for tasks to queue
[2022-12-21 16:55:15,799] {logging_mixin.py:115} INFO - [2022-12-21 16:55:15,799] {dagbag.py:507} INFO - Filling up the DagBag from /home/airflow/.local/lib/python3.7/site-packages/airflow/example_dags/example_short_circuit_operator.py
[2022-12-21 16:55:15,807] {processor.py:651} INFO - DAG(s) dict_keys(['example_short_circuit_operator']) retrieved from /home/airflow/.local/lib/python3.7/site-packages/airflow/example_dags/example_short_circuit_operator.py
[2022-12-21 16:55:15,828] {logging_mixin.py:115} INFO - [2022-12-21 16:55:15,828] {dag.py:2371} INFO - Sync 1 DAGs
[2022-12-21 16:55:15,844] {logging_mixin.py:115} INFO - [2022-12-21 16:55:15,844] {dag.py:2919} INFO - Setting next_dagrun for example_short_circuit_operator to 2022-12-20T16:55:15.844557+00:00, run_after=2022-12-21T16:55:15.844557+00:00
[2022-12-21 16:55:15,855] {processor.py:161} INFO - Processing /home/airflow/.local/lib/python3.7/site-packages/airflow/example_dags/example_short_circuit_operator.py took 0.059 seconds
[2022-12-21 16:55:46,445] {processor.py:153} INFO - Started process (PID=22153) to work on /home/airflow/.local/lib/python3.7/site-packages/airflow/example_dags/example_short_circuit_operator.py
[2022-12-21 16:55:46,445] {processor.py:641} INFO - Processing file /home/airflow/.local/lib/python3.7/site-packages/airflow/example_dags/example_short_circuit_operator.py for tasks to queue
[2022-12-21 16:55:46,446] {logging_mixin.py:115} INFO - [2022-12-21 16:55:46,445] {dagbag.py:507} INFO - Filling up the DagBag from /home/airflow/.local/lib/python3.7/site-packages/airflow/example_dags/example_short_circuit_operator.py
[2022-12-21 16:55:46,452] {processor.py:651} INFO - DAG(s) dict_keys(['example_short_circuit_operator']) retrieved from /home/airflow/.local/lib/python3.7/site-packages/airflow/example_dags/example_short_circuit_operator.py
[2022-12-21 16:55:46,472] {logging_mixin.py:115} INFO - [2022-12-21 16:55:46,472] {dag.py:2371} INFO - Sync 1 DAGs
[2022-12-21 16:55:46,486] {logging_mixin.py:115} INFO - [2022-12-21 16:55:46,486] {dag.py:2919} INFO - Setting next_dagrun for example_short_circuit_operator to 2022-12-20T16:55:46.486531+00:00, run_after=2022-12-21T16:55:46.486531+00:00
[2022-12-21 16:55:46,495] {processor.py:161} INFO - Processing /home/airflow/.local/lib/python3.7/site-packages/airflow/example_dags/example_short_circuit_operator.py took 0.052 seconds
[2022-12-21 16:56:16,908] {processor.py:153} INFO - Started process (PID=22219) to work on /home/airflow/.local/lib/python3.7/site-packages/airflow/example_dags/example_short_circuit_operator.py
[2022-12-21 16:56:16,909] {processor.py:641} INFO - Processing file /home/airflow/.local/lib/python3.7/site-packages/airflow/example_dags/example_short_circuit_operator.py for tasks to queue
[2022-12-21 16:56:16,909] {logging_mixin.py:115} INFO - [2022-12-21 16:56:16,909] {dagbag.py:507} INFO - Filling up the DagBag from /home/airflow/.local/lib/python3.7/site-packages/airflow/example_dags/example_short_circuit_operator.py
[2022-12-21 16:56:16,915] {processor.py:651} INFO - DAG(s) dict_keys(['example_short_circuit_operator']) retrieved from /home/airflow/.local/lib/python3.7/site-packages/airflow/example_dags/example_short_circuit_operator.py
[2022-12-21 16:56:16,937] {logging_mixin.py:115} INFO - [2022-12-21 16:56:16,937] {dag.py:2371} INFO - Sync 1 DAGs
[2022-12-21 16:56:16,954] {logging_mixin.py:115} INFO - [2022-12-21 16:56:16,954] {dag.py:2919} INFO - Setting next_dagrun for example_short_circuit_operator to 2022-12-20T16:56:16.954361+00:00, run_after=2022-12-21T16:56:16.954361+00:00
[2022-12-21 16:56:16,965] {processor.py:161} INFO - Processing /home/airflow/.local/lib/python3.7/site-packages/airflow/example_dags/example_short_circuit_operator.py took 0.059 seconds
[2022-12-21 16:56:47,208] {processor.py:153} INFO - Started process (PID=22286) to work on /home/airflow/.local/lib/python3.7/site-packages/airflow/example_dags/example_short_circuit_operator.py
[2022-12-21 16:56:47,208] {processor.py:641} INFO - Processing file /home/airflow/.local/lib/python3.7/site-packages/airflow/example_dags/example_short_circuit_operator.py for tasks to queue
[2022-12-21 16:56:47,209] {logging_mixin.py:115} INFO - [2022-12-21 16:56:47,209] {dagbag.py:507} INFO - Filling up the DagBag from /home/airflow/.local/lib/python3.7/site-packages/airflow/example_dags/example_short_circuit_operator.py
[2022-12-21 16:56:47,216] {processor.py:651} INFO - DAG(s) dict_keys(['example_short_circuit_operator']) retrieved from /home/airflow/.local/lib/python3.7/site-packages/airflow/example_dags/example_short_circuit_operator.py
[2022-12-21 16:56:47,237] {logging_mixin.py:115} INFO - [2022-12-21 16:56:47,237] {dag.py:2371} INFO - Sync 1 DAGs
[2022-12-21 16:56:47,251] {logging_mixin.py:115} INFO - [2022-12-21 16:56:47,251] {dag.py:2919} INFO - Setting next_dagrun for example_short_circuit_operator to 2022-12-20T16:56:47.250849+00:00, run_after=2022-12-21T16:56:47.250849+00:00
[2022-12-21 16:56:47,260] {processor.py:161} INFO - Processing /home/airflow/.local/lib/python3.7/site-packages/airflow/example_dags/example_short_circuit_operator.py took 0.054 seconds
[2022-12-21 16:57:17,738] {processor.py:153} INFO - Started process (PID=22353) to work on /home/airflow/.local/lib/python3.7/site-packages/airflow/example_dags/example_short_circuit_operator.py
[2022-12-21 16:57:17,739] {processor.py:641} INFO - Processing file /home/airflow/.local/lib/python3.7/site-packages/airflow/example_dags/example_short_circuit_operator.py for tasks to queue
[2022-12-21 16:57:17,739] {logging_mixin.py:115} INFO - [2022-12-21 16:57:17,739] {dagbag.py:507} INFO - Filling up the DagBag from /home/airflow/.local/lib/python3.7/site-packages/airflow/example_dags/example_short_circuit_operator.py
[2022-12-21 16:57:17,745] {processor.py:651} INFO - DAG(s) dict_keys(['example_short_circuit_operator']) retrieved from /home/airflow/.local/lib/python3.7/site-packages/airflow/example_dags/example_short_circuit_operator.py
[2022-12-21 16:57:17,765] {logging_mixin.py:115} INFO - [2022-12-21 16:57:17,765] {dag.py:2371} INFO - Sync 1 DAGs
[2022-12-21 16:57:17,780] {logging_mixin.py:115} INFO - [2022-12-21 16:57:17,780] {dag.py:2919} INFO - Setting next_dagrun for example_short_circuit_operator to 2022-12-20T16:57:17.780308+00:00, run_after=2022-12-21T16:57:17.780308+00:00
[2022-12-21 16:57:17,789] {processor.py:161} INFO - Processing /home/airflow/.local/lib/python3.7/site-packages/airflow/example_dags/example_short_circuit_operator.py took 0.052 seconds
[2022-12-21 16:57:48,096] {processor.py:153} INFO - Started process (PID=22411) to work on /home/airflow/.local/lib/python3.7/site-packages/airflow/example_dags/example_short_circuit_operator.py
[2022-12-21 16:57:48,096] {processor.py:641} INFO - Processing file /home/airflow/.local/lib/python3.7/site-packages/airflow/example_dags/example_short_circuit_operator.py for tasks to queue
[2022-12-21 16:57:48,097] {logging_mixin.py:115} INFO - [2022-12-21 16:57:48,097] {dagbag.py:507} INFO - Filling up the DagBag from /home/airflow/.local/lib/python3.7/site-packages/airflow/example_dags/example_short_circuit_operator.py
[2022-12-21 16:57:48,107] {processor.py:651} INFO - DAG(s) dict_keys(['example_short_circuit_operator']) retrieved from /home/airflow/.local/lib/python3.7/site-packages/airflow/example_dags/example_short_circuit_operator.py
[2022-12-21 16:57:48,128] {logging_mixin.py:115} INFO - [2022-12-21 16:57:48,128] {dag.py:2371} INFO - Sync 1 DAGs
[2022-12-21 16:57:48,144] {logging_mixin.py:115} INFO - [2022-12-21 16:57:48,144] {dag.py:2919} INFO - Setting next_dagrun for example_short_circuit_operator to 2022-12-20T16:57:48.144071+00:00, run_after=2022-12-21T16:57:48.144071+00:00
[2022-12-21 16:57:48,152] {processor.py:161} INFO - Processing /home/airflow/.local/lib/python3.7/site-packages/airflow/example_dags/example_short_circuit_operator.py took 0.061 seconds
[2022-12-21 16:58:18,501] {processor.py:153} INFO - Started process (PID=22477) to work on /home/airflow/.local/lib/python3.7/site-packages/airflow/example_dags/example_short_circuit_operator.py
[2022-12-21 16:58:18,502] {processor.py:641} INFO - Processing file /home/airflow/.local/lib/python3.7/site-packages/airflow/example_dags/example_short_circuit_operator.py for tasks to queue
[2022-12-21 16:58:18,502] {logging_mixin.py:115} INFO - [2022-12-21 16:58:18,502] {dagbag.py:507} INFO - Filling up the DagBag from /home/airflow/.local/lib/python3.7/site-packages/airflow/example_dags/example_short_circuit_operator.py
[2022-12-21 16:58:18,508] {processor.py:651} INFO - DAG(s) dict_keys(['example_short_circuit_operator']) retrieved from /home/airflow/.local/lib/python3.7/site-packages/airflow/example_dags/example_short_circuit_operator.py
[2022-12-21 16:58:18,530] {logging_mixin.py:115} INFO - [2022-12-21 16:58:18,530] {dag.py:2371} INFO - Sync 1 DAGs
[2022-12-21 16:58:18,548] {logging_mixin.py:115} INFO - [2022-12-21 16:58:18,548] {dag.py:2919} INFO - Setting next_dagrun for example_short_circuit_operator to 2022-12-20T16:58:18.548211+00:00, run_after=2022-12-21T16:58:18.548211+00:00
[2022-12-21 16:58:18,557] {processor.py:161} INFO - Processing /home/airflow/.local/lib/python3.7/site-packages/airflow/example_dags/example_short_circuit_operator.py took 0.059 seconds
[2022-12-21 16:58:49,003] {processor.py:153} INFO - Started process (PID=22543) to work on /home/airflow/.local/lib/python3.7/site-packages/airflow/example_dags/example_short_circuit_operator.py
[2022-12-21 16:58:49,003] {processor.py:641} INFO - Processing file /home/airflow/.local/lib/python3.7/site-packages/airflow/example_dags/example_short_circuit_operator.py for tasks to queue
[2022-12-21 16:58:49,004] {logging_mixin.py:115} INFO - [2022-12-21 16:58:49,004] {dagbag.py:507} INFO - Filling up the DagBag from /home/airflow/.local/lib/python3.7/site-packages/airflow/example_dags/example_short_circuit_operator.py
[2022-12-21 16:58:49,011] {processor.py:651} INFO - DAG(s) dict_keys(['example_short_circuit_operator']) retrieved from /home/airflow/.local/lib/python3.7/site-packages/airflow/example_dags/example_short_circuit_operator.py
[2022-12-21 16:58:49,034] {logging_mixin.py:115} INFO - [2022-12-21 16:58:49,033] {dag.py:2371} INFO - Sync 1 DAGs
[2022-12-21 16:58:49,049] {logging_mixin.py:115} INFO - [2022-12-21 16:58:49,049] {dag.py:2919} INFO - Setting next_dagrun for example_short_circuit_operator to 2022-12-20T16:58:49.049565+00:00, run_after=2022-12-21T16:58:49.049565+00:00
[2022-12-21 16:58:49,059] {processor.py:161} INFO - Processing /home/airflow/.local/lib/python3.7/site-packages/airflow/example_dags/example_short_circuit_operator.py took 0.058 seconds
[2022-12-21 16:59:19,518] {processor.py:153} INFO - Started process (PID=22610) to work on /home/airflow/.local/lib/python3.7/site-packages/airflow/example_dags/example_short_circuit_operator.py
[2022-12-21 16:59:19,519] {processor.py:641} INFO - Processing file /home/airflow/.local/lib/python3.7/site-packages/airflow/example_dags/example_short_circuit_operator.py for tasks to queue
[2022-12-21 16:59:19,519] {logging_mixin.py:115} INFO - [2022-12-21 16:59:19,519] {dagbag.py:507} INFO - Filling up the DagBag from /home/airflow/.local/lib/python3.7/site-packages/airflow/example_dags/example_short_circuit_operator.py
[2022-12-21 16:59:19,527] {processor.py:651} INFO - DAG(s) dict_keys(['example_short_circuit_operator']) retrieved from /home/airflow/.local/lib/python3.7/site-packages/airflow/example_dags/example_short_circuit_operator.py
[2022-12-21 16:59:19,552] {logging_mixin.py:115} INFO - [2022-12-21 16:59:19,552] {dag.py:2371} INFO - Sync 1 DAGs
[2022-12-21 16:59:19,569] {logging_mixin.py:115} INFO - [2022-12-21 16:59:19,568] {dag.py:2919} INFO - Setting next_dagrun for example_short_circuit_operator to 2022-12-20T16:59:19.568716+00:00, run_after=2022-12-21T16:59:19.568716+00:00
[2022-12-21 16:59:19,580] {processor.py:161} INFO - Processing /home/airflow/.local/lib/python3.7/site-packages/airflow/example_dags/example_short_circuit_operator.py took 0.065 seconds
[2022-12-21 16:59:50,016] {processor.py:153} INFO - Started process (PID=22667) to work on /home/airflow/.local/lib/python3.7/site-packages/airflow/example_dags/example_short_circuit_operator.py
[2022-12-21 16:59:50,016] {processor.py:641} INFO - Processing file /home/airflow/.local/lib/python3.7/site-packages/airflow/example_dags/example_short_circuit_operator.py for tasks to queue
[2022-12-21 16:59:50,017] {logging_mixin.py:115} INFO - [2022-12-21 16:59:50,016] {dagbag.py:507} INFO - Filling up the DagBag from /home/airflow/.local/lib/python3.7/site-packages/airflow/example_dags/example_short_circuit_operator.py
[2022-12-21 16:59:50,024] {processor.py:651} INFO - DAG(s) dict_keys(['example_short_circuit_operator']) retrieved from /home/airflow/.local/lib/python3.7/site-packages/airflow/example_dags/example_short_circuit_operator.py
[2022-12-21 16:59:50,050] {logging_mixin.py:115} INFO - [2022-12-21 16:59:50,050] {dag.py:2371} INFO - Sync 1 DAGs
[2022-12-21 16:59:50,068] {logging_mixin.py:115} INFO - [2022-12-21 16:59:50,068] {dag.py:2919} INFO - Setting next_dagrun for example_short_circuit_operator to 2022-12-20T16:59:50.068124+00:00, run_after=2022-12-21T16:59:50.068124+00:00
[2022-12-21 16:59:50,077] {processor.py:161} INFO - Processing /home/airflow/.local/lib/python3.7/site-packages/airflow/example_dags/example_short_circuit_operator.py took 0.064 seconds
[2022-12-21 17:00:20,589] {processor.py:153} INFO - Started process (PID=22733) to work on /home/airflow/.local/lib/python3.7/site-packages/airflow/example_dags/example_short_circuit_operator.py
[2022-12-21 17:00:20,590] {processor.py:641} INFO - Processing file /home/airflow/.local/lib/python3.7/site-packages/airflow/example_dags/example_short_circuit_operator.py for tasks to queue
[2022-12-21 17:00:20,590] {logging_mixin.py:115} INFO - [2022-12-21 17:00:20,590] {dagbag.py:507} INFO - Filling up the DagBag from /home/airflow/.local/lib/python3.7/site-packages/airflow/example_dags/example_short_circuit_operator.py
[2022-12-21 17:00:20,597] {processor.py:651} INFO - DAG(s) dict_keys(['example_short_circuit_operator']) retrieved from /home/airflow/.local/lib/python3.7/site-packages/airflow/example_dags/example_short_circuit_operator.py
[2022-12-21 17:00:20,618] {logging_mixin.py:115} INFO - [2022-12-21 17:00:20,618] {dag.py:2371} INFO - Sync 1 DAGs
[2022-12-21 17:00:20,636] {logging_mixin.py:115} INFO - [2022-12-21 17:00:20,635] {dag.py:2919} INFO - Setting next_dagrun for example_short_circuit_operator to 2022-12-20T17:00:20.635793+00:00, run_after=2022-12-21T17:00:20.635793+00:00
[2022-12-21 17:00:20,644] {processor.py:161} INFO - Processing /home/airflow/.local/lib/python3.7/site-packages/airflow/example_dags/example_short_circuit_operator.py took 0.057 seconds
[2022-12-21 17:00:51,137] {processor.py:153} INFO - Started process (PID=22799) to work on /home/airflow/.local/lib/python3.7/site-packages/airflow/example_dags/example_short_circuit_operator.py
[2022-12-21 17:00:51,138] {processor.py:641} INFO - Processing file /home/airflow/.local/lib/python3.7/site-packages/airflow/example_dags/example_short_circuit_operator.py for tasks to queue
[2022-12-21 17:00:51,138] {logging_mixin.py:115} INFO - [2022-12-21 17:00:51,138] {dagbag.py:507} INFO - Filling up the DagBag from /home/airflow/.local/lib/python3.7/site-packages/airflow/example_dags/example_short_circuit_operator.py
[2022-12-21 17:00:51,145] {processor.py:651} INFO - DAG(s) dict_keys(['example_short_circuit_operator']) retrieved from /home/airflow/.local/lib/python3.7/site-packages/airflow/example_dags/example_short_circuit_operator.py
[2022-12-21 17:00:51,167] {logging_mixin.py:115} INFO - [2022-12-21 17:00:51,167] {dag.py:2371} INFO - Sync 1 DAGs
[2022-12-21 17:00:51,183] {logging_mixin.py:115} INFO - [2022-12-21 17:00:51,183] {dag.py:2919} INFO - Setting next_dagrun for example_short_circuit_operator to 2022-12-20T17:00:51.182838+00:00, run_after=2022-12-21T17:00:51.182838+00:00
[2022-12-21 17:00:51,193] {processor.py:161} INFO - Processing /home/airflow/.local/lib/python3.7/site-packages/airflow/example_dags/example_short_circuit_operator.py took 0.058 seconds
[2022-12-21 17:01:21,644] {processor.py:153} INFO - Started process (PID=22866) to work on /home/airflow/.local/lib/python3.7/site-packages/airflow/example_dags/example_short_circuit_operator.py
[2022-12-21 17:01:21,645] {processor.py:641} INFO - Processing file /home/airflow/.local/lib/python3.7/site-packages/airflow/example_dags/example_short_circuit_operator.py for tasks to queue
[2022-12-21 17:01:21,645] {logging_mixin.py:115} INFO - [2022-12-21 17:01:21,645] {dagbag.py:507} INFO - Filling up the DagBag from /home/airflow/.local/lib/python3.7/site-packages/airflow/example_dags/example_short_circuit_operator.py
[2022-12-21 17:01:21,654] {processor.py:651} INFO - DAG(s) dict_keys(['example_short_circuit_operator']) retrieved from /home/airflow/.local/lib/python3.7/site-packages/airflow/example_dags/example_short_circuit_operator.py
[2022-12-21 17:01:21,673] {logging_mixin.py:115} INFO - [2022-12-21 17:01:21,673] {dag.py:2371} INFO - Sync 1 DAGs
[2022-12-21 17:01:21,688] {logging_mixin.py:115} INFO - [2022-12-21 17:01:21,688] {dag.py:2919} INFO - Setting next_dagrun for example_short_circuit_operator to 2022-12-20T17:01:21.688515+00:00, run_after=2022-12-21T17:01:21.688515+00:00
[2022-12-21 17:01:21,698] {processor.py:161} INFO - Processing /home/airflow/.local/lib/python3.7/site-packages/airflow/example_dags/example_short_circuit_operator.py took 0.057 seconds
[2022-12-21 17:01:52,223] {processor.py:153} INFO - Started process (PID=22922) to work on /home/airflow/.local/lib/python3.7/site-packages/airflow/example_dags/example_short_circuit_operator.py
[2022-12-21 17:01:52,223] {processor.py:641} INFO - Processing file /home/airflow/.local/lib/python3.7/site-packages/airflow/example_dags/example_short_circuit_operator.py for tasks to queue
[2022-12-21 17:01:52,224] {logging_mixin.py:115} INFO - [2022-12-21 17:01:52,224] {dagbag.py:507} INFO - Filling up the DagBag from /home/airflow/.local/lib/python3.7/site-packages/airflow/example_dags/example_short_circuit_operator.py
[2022-12-21 17:01:52,231] {processor.py:651} INFO - DAG(s) dict_keys(['example_short_circuit_operator']) retrieved from /home/airflow/.local/lib/python3.7/site-packages/airflow/example_dags/example_short_circuit_operator.py
[2022-12-21 17:01:52,254] {logging_mixin.py:115} INFO - [2022-12-21 17:01:52,253] {dag.py:2371} INFO - Sync 1 DAGs
[2022-12-21 17:01:52,271] {logging_mixin.py:115} INFO - [2022-12-21 17:01:52,271] {dag.py:2919} INFO - Setting next_dagrun for example_short_circuit_operator to 2022-12-20T17:01:52.271241+00:00, run_after=2022-12-21T17:01:52.271241+00:00
[2022-12-21 17:01:52,281] {processor.py:161} INFO - Processing /home/airflow/.local/lib/python3.7/site-packages/airflow/example_dags/example_short_circuit_operator.py took 0.061 seconds
[2022-12-21 17:02:22,871] {processor.py:153} INFO - Started process (PID=22987) to work on /home/airflow/.local/lib/python3.7/site-packages/airflow/example_dags/example_short_circuit_operator.py
[2022-12-21 17:02:22,872] {processor.py:641} INFO - Processing file /home/airflow/.local/lib/python3.7/site-packages/airflow/example_dags/example_short_circuit_operator.py for tasks to queue
[2022-12-21 17:02:22,872] {logging_mixin.py:115} INFO - [2022-12-21 17:02:22,872] {dagbag.py:507} INFO - Filling up the DagBag from /home/airflow/.local/lib/python3.7/site-packages/airflow/example_dags/example_short_circuit_operator.py
[2022-12-21 17:02:22,882] {processor.py:651} INFO - DAG(s) dict_keys(['example_short_circuit_operator']) retrieved from /home/airflow/.local/lib/python3.7/site-packages/airflow/example_dags/example_short_circuit_operator.py
[2022-12-21 17:02:22,906] {logging_mixin.py:115} INFO - [2022-12-21 17:02:22,906] {dag.py:2371} INFO - Sync 1 DAGs
[2022-12-21 17:02:22,937] {logging_mixin.py:115} INFO - [2022-12-21 17:02:22,936] {dag.py:2919} INFO - Setting next_dagrun for example_short_circuit_operator to 2022-12-20T17:02:22.936723+00:00, run_after=2022-12-21T17:02:22.936723+00:00
[2022-12-21 17:02:22,958] {processor.py:161} INFO - Processing /home/airflow/.local/lib/python3.7/site-packages/airflow/example_dags/example_short_circuit_operator.py took 0.090 seconds
[2022-12-21 17:02:53,537] {processor.py:153} INFO - Started process (PID=23054) to work on /home/airflow/.local/lib/python3.7/site-packages/airflow/example_dags/example_short_circuit_operator.py
[2022-12-21 17:02:53,537] {processor.py:641} INFO - Processing file /home/airflow/.local/lib/python3.7/site-packages/airflow/example_dags/example_short_circuit_operator.py for tasks to queue
[2022-12-21 17:02:53,538] {logging_mixin.py:115} INFO - [2022-12-21 17:02:53,538] {dagbag.py:507} INFO - Filling up the DagBag from /home/airflow/.local/lib/python3.7/site-packages/airflow/example_dags/example_short_circuit_operator.py
[2022-12-21 17:02:53,545] {processor.py:651} INFO - DAG(s) dict_keys(['example_short_circuit_operator']) retrieved from /home/airflow/.local/lib/python3.7/site-packages/airflow/example_dags/example_short_circuit_operator.py
[2022-12-21 17:02:53,568] {logging_mixin.py:115} INFO - [2022-12-21 17:02:53,568] {dag.py:2371} INFO - Sync 1 DAGs
[2022-12-21 17:02:53,585] {logging_mixin.py:115} INFO - [2022-12-21 17:02:53,585] {dag.py:2919} INFO - Setting next_dagrun for example_short_circuit_operator to 2022-12-20T17:02:53.585389+00:00, run_after=2022-12-21T17:02:53.585389+00:00
[2022-12-21 17:02:53,596] {processor.py:161} INFO - Processing /home/airflow/.local/lib/python3.7/site-packages/airflow/example_dags/example_short_circuit_operator.py took 0.061 seconds
[2022-12-21 17:03:24,218] {processor.py:153} INFO - Started process (PID=23118) to work on /home/airflow/.local/lib/python3.7/site-packages/airflow/example_dags/example_short_circuit_operator.py
[2022-12-21 17:03:24,218] {processor.py:641} INFO - Processing file /home/airflow/.local/lib/python3.7/site-packages/airflow/example_dags/example_short_circuit_operator.py for tasks to queue
[2022-12-21 17:03:24,219] {logging_mixin.py:115} INFO - [2022-12-21 17:03:24,219] {dagbag.py:507} INFO - Filling up the DagBag from /home/airflow/.local/lib/python3.7/site-packages/airflow/example_dags/example_short_circuit_operator.py
[2022-12-21 17:03:24,228] {processor.py:651} INFO - DAG(s) dict_keys(['example_short_circuit_operator']) retrieved from /home/airflow/.local/lib/python3.7/site-packages/airflow/example_dags/example_short_circuit_operator.py
[2022-12-21 17:03:24,253] {logging_mixin.py:115} INFO - [2022-12-21 17:03:24,253] {dag.py:2371} INFO - Sync 1 DAGs
[2022-12-21 17:03:24,272] {logging_mixin.py:115} INFO - [2022-12-21 17:03:24,271] {dag.py:2919} INFO - Setting next_dagrun for example_short_circuit_operator to 2022-12-20T17:03:24.271716+00:00, run_after=2022-12-21T17:03:24.271716+00:00
[2022-12-21 17:03:24,289] {processor.py:161} INFO - Processing /home/airflow/.local/lib/python3.7/site-packages/airflow/example_dags/example_short_circuit_operator.py took 0.074 seconds
[2022-12-21 17:03:54,945] {processor.py:153} INFO - Started process (PID=23177) to work on /home/airflow/.local/lib/python3.7/site-packages/airflow/example_dags/example_short_circuit_operator.py
[2022-12-21 17:03:54,946] {processor.py:641} INFO - Processing file /home/airflow/.local/lib/python3.7/site-packages/airflow/example_dags/example_short_circuit_operator.py for tasks to queue
[2022-12-21 17:03:54,946] {logging_mixin.py:115} INFO - [2022-12-21 17:03:54,946] {dagbag.py:507} INFO - Filling up the DagBag from /home/airflow/.local/lib/python3.7/site-packages/airflow/example_dags/example_short_circuit_operator.py
[2022-12-21 17:03:54,953] {processor.py:651} INFO - DAG(s) dict_keys(['example_short_circuit_operator']) retrieved from /home/airflow/.local/lib/python3.7/site-packages/airflow/example_dags/example_short_circuit_operator.py
[2022-12-21 17:03:54,977] {logging_mixin.py:115} INFO - [2022-12-21 17:03:54,977] {dag.py:2371} INFO - Sync 1 DAGs
[2022-12-21 17:03:55,001] {logging_mixin.py:115} INFO - [2022-12-21 17:03:55,001] {dag.py:2919} INFO - Setting next_dagrun for example_short_circuit_operator to 2022-12-20T17:03:55.000766+00:00, run_after=2022-12-21T17:03:55.000766+00:00
[2022-12-21 17:03:55,014] {processor.py:161} INFO - Processing /home/airflow/.local/lib/python3.7/site-packages/airflow/example_dags/example_short_circuit_operator.py took 0.072 seconds
[2022-12-21 17:04:25,574] {processor.py:153} INFO - Started process (PID=23244) to work on /home/airflow/.local/lib/python3.7/site-packages/airflow/example_dags/example_short_circuit_operator.py
[2022-12-21 17:04:25,575] {processor.py:641} INFO - Processing file /home/airflow/.local/lib/python3.7/site-packages/airflow/example_dags/example_short_circuit_operator.py for tasks to queue
[2022-12-21 17:04:25,575] {logging_mixin.py:115} INFO - [2022-12-21 17:04:25,575] {dagbag.py:507} INFO - Filling up the DagBag from /home/airflow/.local/lib/python3.7/site-packages/airflow/example_dags/example_short_circuit_operator.py
[2022-12-21 17:04:25,582] {processor.py:651} INFO - DAG(s) dict_keys(['example_short_circuit_operator']) retrieved from /home/airflow/.local/lib/python3.7/site-packages/airflow/example_dags/example_short_circuit_operator.py
[2022-12-21 17:04:25,603] {logging_mixin.py:115} INFO - [2022-12-21 17:04:25,603] {dag.py:2371} INFO - Sync 1 DAGs
[2022-12-21 17:04:25,625] {logging_mixin.py:115} INFO - [2022-12-21 17:04:25,625] {dag.py:2919} INFO - Setting next_dagrun for example_short_circuit_operator to 2022-12-20T17:04:25.625102+00:00, run_after=2022-12-21T17:04:25.625102+00:00
[2022-12-21 17:04:25,636] {processor.py:161} INFO - Processing /home/airflow/.local/lib/python3.7/site-packages/airflow/example_dags/example_short_circuit_operator.py took 0.065 seconds
[2022-12-21 17:04:56,060] {processor.py:153} INFO - Started process (PID=23310) to work on /home/airflow/.local/lib/python3.7/site-packages/airflow/example_dags/example_short_circuit_operator.py
[2022-12-21 17:04:56,061] {processor.py:641} INFO - Processing file /home/airflow/.local/lib/python3.7/site-packages/airflow/example_dags/example_short_circuit_operator.py for tasks to queue
[2022-12-21 17:04:56,061] {logging_mixin.py:115} INFO - [2022-12-21 17:04:56,061] {dagbag.py:507} INFO - Filling up the DagBag from /home/airflow/.local/lib/python3.7/site-packages/airflow/example_dags/example_short_circuit_operator.py
[2022-12-21 17:04:56,070] {processor.py:651} INFO - DAG(s) dict_keys(['example_short_circuit_operator']) retrieved from /home/airflow/.local/lib/python3.7/site-packages/airflow/example_dags/example_short_circuit_operator.py
[2022-12-21 17:04:56,093] {logging_mixin.py:115} INFO - [2022-12-21 17:04:56,093] {dag.py:2371} INFO - Sync 1 DAGs
[2022-12-21 17:04:56,109] {logging_mixin.py:115} INFO - [2022-12-21 17:04:56,109] {dag.py:2919} INFO - Setting next_dagrun for example_short_circuit_operator to 2022-12-20T17:04:56.109190+00:00, run_after=2022-12-21T17:04:56.109190+00:00
[2022-12-21 17:04:56,118] {processor.py:161} INFO - Processing /home/airflow/.local/lib/python3.7/site-packages/airflow/example_dags/example_short_circuit_operator.py took 0.060 seconds
[2022-12-21 17:05:26,593] {processor.py:153} INFO - Started process (PID=23373) to work on /home/airflow/.local/lib/python3.7/site-packages/airflow/example_dags/example_short_circuit_operator.py
[2022-12-21 17:05:26,594] {processor.py:641} INFO - Processing file /home/airflow/.local/lib/python3.7/site-packages/airflow/example_dags/example_short_circuit_operator.py for tasks to queue
[2022-12-21 17:05:26,594] {logging_mixin.py:115} INFO - [2022-12-21 17:05:26,594] {dagbag.py:507} INFO - Filling up the DagBag from /home/airflow/.local/lib/python3.7/site-packages/airflow/example_dags/example_short_circuit_operator.py
[2022-12-21 17:05:26,607] {processor.py:651} INFO - DAG(s) dict_keys(['example_short_circuit_operator']) retrieved from /home/airflow/.local/lib/python3.7/site-packages/airflow/example_dags/example_short_circuit_operator.py
[2022-12-21 17:05:26,632] {logging_mixin.py:115} INFO - [2022-12-21 17:05:26,632] {dag.py:2371} INFO - Sync 1 DAGs
[2022-12-21 17:05:26,654] {logging_mixin.py:115} INFO - [2022-12-21 17:05:26,654] {dag.py:2919} INFO - Setting next_dagrun for example_short_circuit_operator to 2022-12-20T17:05:26.653863+00:00, run_after=2022-12-21T17:05:26.653863+00:00
[2022-12-21 17:05:26,666] {processor.py:161} INFO - Processing /home/airflow/.local/lib/python3.7/site-packages/airflow/example_dags/example_short_circuit_operator.py took 0.075 seconds
[2022-12-21 17:05:57,408] {processor.py:153} INFO - Started process (PID=23432) to work on /home/airflow/.local/lib/python3.7/site-packages/airflow/example_dags/example_short_circuit_operator.py
[2022-12-21 17:05:57,409] {processor.py:641} INFO - Processing file /home/airflow/.local/lib/python3.7/site-packages/airflow/example_dags/example_short_circuit_operator.py for tasks to queue
[2022-12-21 17:05:57,410] {logging_mixin.py:115} INFO - [2022-12-21 17:05:57,410] {dagbag.py:507} INFO - Filling up the DagBag from /home/airflow/.local/lib/python3.7/site-packages/airflow/example_dags/example_short_circuit_operator.py
[2022-12-21 17:05:57,422] {processor.py:651} INFO - DAG(s) dict_keys(['example_short_circuit_operator']) retrieved from /home/airflow/.local/lib/python3.7/site-packages/airflow/example_dags/example_short_circuit_operator.py
[2022-12-21 17:05:57,451] {logging_mixin.py:115} INFO - [2022-12-21 17:05:57,451] {dag.py:2371} INFO - Sync 1 DAGs
[2022-12-21 17:05:57,481] {logging_mixin.py:115} INFO - [2022-12-21 17:05:57,481] {dag.py:2919} INFO - Setting next_dagrun for example_short_circuit_operator to 2022-12-20T17:05:57.481189+00:00, run_after=2022-12-21T17:05:57.481189+00:00
[2022-12-21 17:05:57,497] {processor.py:161} INFO - Processing /home/airflow/.local/lib/python3.7/site-packages/airflow/example_dags/example_short_circuit_operator.py took 0.091 seconds
[2022-12-21 17:06:28,229] {processor.py:153} INFO - Started process (PID=23499) to work on /home/airflow/.local/lib/python3.7/site-packages/airflow/example_dags/example_short_circuit_operator.py
[2022-12-21 17:06:28,230] {processor.py:641} INFO - Processing file /home/airflow/.local/lib/python3.7/site-packages/airflow/example_dags/example_short_circuit_operator.py for tasks to queue
[2022-12-21 17:06:28,230] {logging_mixin.py:115} INFO - [2022-12-21 17:06:28,230] {dagbag.py:507} INFO - Filling up the DagBag from /home/airflow/.local/lib/python3.7/site-packages/airflow/example_dags/example_short_circuit_operator.py
[2022-12-21 17:06:28,238] {processor.py:651} INFO - DAG(s) dict_keys(['example_short_circuit_operator']) retrieved from /home/airflow/.local/lib/python3.7/site-packages/airflow/example_dags/example_short_circuit_operator.py
[2022-12-21 17:06:28,258] {logging_mixin.py:115} INFO - [2022-12-21 17:06:28,258] {dag.py:2371} INFO - Sync 1 DAGs
[2022-12-21 17:06:28,277] {logging_mixin.py:115} INFO - [2022-12-21 17:06:28,277] {dag.py:2919} INFO - Setting next_dagrun for example_short_circuit_operator to 2022-12-20T17:06:28.277399+00:00, run_after=2022-12-21T17:06:28.277399+00:00
[2022-12-21 17:06:28,287] {processor.py:161} INFO - Processing /home/airflow/.local/lib/python3.7/site-packages/airflow/example_dags/example_short_circuit_operator.py took 0.060 seconds
[2022-12-21 17:06:58,772] {processor.py:153} INFO - Started process (PID=23566) to work on /home/airflow/.local/lib/python3.7/site-packages/airflow/example_dags/example_short_circuit_operator.py
[2022-12-21 17:06:58,772] {processor.py:641} INFO - Processing file /home/airflow/.local/lib/python3.7/site-packages/airflow/example_dags/example_short_circuit_operator.py for tasks to queue
[2022-12-21 17:06:58,773] {logging_mixin.py:115} INFO - [2022-12-21 17:06:58,772] {dagbag.py:507} INFO - Filling up the DagBag from /home/airflow/.local/lib/python3.7/site-packages/airflow/example_dags/example_short_circuit_operator.py
[2022-12-21 17:06:58,780] {processor.py:651} INFO - DAG(s) dict_keys(['example_short_circuit_operator']) retrieved from /home/airflow/.local/lib/python3.7/site-packages/airflow/example_dags/example_short_circuit_operator.py
[2022-12-21 17:06:58,802] {logging_mixin.py:115} INFO - [2022-12-21 17:06:58,802] {dag.py:2371} INFO - Sync 1 DAGs
[2022-12-21 17:06:58,819] {logging_mixin.py:115} INFO - [2022-12-21 17:06:58,819] {dag.py:2919} INFO - Setting next_dagrun for example_short_circuit_operator to 2022-12-20T17:06:58.819442+00:00, run_after=2022-12-21T17:06:58.819442+00:00
[2022-12-21 17:06:58,829] {processor.py:161} INFO - Processing /home/airflow/.local/lib/python3.7/site-packages/airflow/example_dags/example_short_circuit_operator.py took 0.060 seconds
[2022-12-21 17:07:29,323] {processor.py:153} INFO - Started process (PID=23622) to work on /home/airflow/.local/lib/python3.7/site-packages/airflow/example_dags/example_short_circuit_operator.py
[2022-12-21 17:07:29,323] {processor.py:641} INFO - Processing file /home/airflow/.local/lib/python3.7/site-packages/airflow/example_dags/example_short_circuit_operator.py for tasks to queue
[2022-12-21 17:07:29,323] {logging_mixin.py:115} INFO - [2022-12-21 17:07:29,323] {dagbag.py:507} INFO - Filling up the DagBag from /home/airflow/.local/lib/python3.7/site-packages/airflow/example_dags/example_short_circuit_operator.py
[2022-12-21 17:07:29,330] {processor.py:651} INFO - DAG(s) dict_keys(['example_short_circuit_operator']) retrieved from /home/airflow/.local/lib/python3.7/site-packages/airflow/example_dags/example_short_circuit_operator.py
[2022-12-21 17:07:29,352] {logging_mixin.py:115} INFO - [2022-12-21 17:07:29,352] {dag.py:2371} INFO - Sync 1 DAGs
[2022-12-21 17:07:29,369] {logging_mixin.py:115} INFO - [2022-12-21 17:07:29,369] {dag.py:2919} INFO - Setting next_dagrun for example_short_circuit_operator to 2022-12-20T17:07:29.369493+00:00, run_after=2022-12-21T17:07:29.369493+00:00
[2022-12-21 17:07:29,382] {processor.py:161} INFO - Processing /home/airflow/.local/lib/python3.7/site-packages/airflow/example_dags/example_short_circuit_operator.py took 0.061 seconds
[2022-12-21 17:07:59,864] {processor.py:153} INFO - Started process (PID=23688) to work on /home/airflow/.local/lib/python3.7/site-packages/airflow/example_dags/example_short_circuit_operator.py
[2022-12-21 17:07:59,864] {processor.py:641} INFO - Processing file /home/airflow/.local/lib/python3.7/site-packages/airflow/example_dags/example_short_circuit_operator.py for tasks to queue
[2022-12-21 17:07:59,865] {logging_mixin.py:115} INFO - [2022-12-21 17:07:59,865] {dagbag.py:507} INFO - Filling up the DagBag from /home/airflow/.local/lib/python3.7/site-packages/airflow/example_dags/example_short_circuit_operator.py
[2022-12-21 17:07:59,872] {processor.py:651} INFO - DAG(s) dict_keys(['example_short_circuit_operator']) retrieved from /home/airflow/.local/lib/python3.7/site-packages/airflow/example_dags/example_short_circuit_operator.py
[2022-12-21 17:07:59,897] {logging_mixin.py:115} INFO - [2022-12-21 17:07:59,897] {dag.py:2371} INFO - Sync 1 DAGs
[2022-12-21 17:07:59,915] {logging_mixin.py:115} INFO - [2022-12-21 17:07:59,915] {dag.py:2919} INFO - Setting next_dagrun for example_short_circuit_operator to 2022-12-20T17:07:59.914925+00:00, run_after=2022-12-21T17:07:59.914925+00:00
[2022-12-21 17:07:59,926] {processor.py:161} INFO - Processing /home/airflow/.local/lib/python3.7/site-packages/airflow/example_dags/example_short_circuit_operator.py took 0.064 seconds
[2022-12-21 17:08:30,491] {processor.py:153} INFO - Started process (PID=23755) to work on /home/airflow/.local/lib/python3.7/site-packages/airflow/example_dags/example_short_circuit_operator.py
[2022-12-21 17:08:30,491] {processor.py:641} INFO - Processing file /home/airflow/.local/lib/python3.7/site-packages/airflow/example_dags/example_short_circuit_operator.py for tasks to queue
[2022-12-21 17:08:30,492] {logging_mixin.py:115} INFO - [2022-12-21 17:08:30,492] {dagbag.py:507} INFO - Filling up the DagBag from /home/airflow/.local/lib/python3.7/site-packages/airflow/example_dags/example_short_circuit_operator.py
[2022-12-21 17:08:30,499] {processor.py:651} INFO - DAG(s) dict_keys(['example_short_circuit_operator']) retrieved from /home/airflow/.local/lib/python3.7/site-packages/airflow/example_dags/example_short_circuit_operator.py
[2022-12-21 17:08:30,522] {logging_mixin.py:115} INFO - [2022-12-21 17:08:30,522] {dag.py:2371} INFO - Sync 1 DAGs
[2022-12-21 17:08:30,541] {logging_mixin.py:115} INFO - [2022-12-21 17:08:30,541] {dag.py:2919} INFO - Setting next_dagrun for example_short_circuit_operator to 2022-12-20T17:08:30.541145+00:00, run_after=2022-12-21T17:08:30.541145+00:00
[2022-12-21 17:08:30,550] {processor.py:161} INFO - Processing /home/airflow/.local/lib/python3.7/site-packages/airflow/example_dags/example_short_circuit_operator.py took 0.062 seconds
[2022-12-21 17:09:01,069] {processor.py:153} INFO - Started process (PID=23821) to work on /home/airflow/.local/lib/python3.7/site-packages/airflow/example_dags/example_short_circuit_operator.py
[2022-12-21 17:09:01,069] {processor.py:641} INFO - Processing file /home/airflow/.local/lib/python3.7/site-packages/airflow/example_dags/example_short_circuit_operator.py for tasks to queue
[2022-12-21 17:09:01,070] {logging_mixin.py:115} INFO - [2022-12-21 17:09:01,070] {dagbag.py:507} INFO - Filling up the DagBag from /home/airflow/.local/lib/python3.7/site-packages/airflow/example_dags/example_short_circuit_operator.py
[2022-12-21 17:09:01,078] {processor.py:651} INFO - DAG(s) dict_keys(['example_short_circuit_operator']) retrieved from /home/airflow/.local/lib/python3.7/site-packages/airflow/example_dags/example_short_circuit_operator.py
[2022-12-21 17:09:01,102] {logging_mixin.py:115} INFO - [2022-12-21 17:09:01,102] {dag.py:2371} INFO - Sync 1 DAGs
[2022-12-21 17:09:01,128] {logging_mixin.py:115} INFO - [2022-12-21 17:09:01,128] {dag.py:2919} INFO - Setting next_dagrun for example_short_circuit_operator to 2022-12-20T17:09:01.127978+00:00, run_after=2022-12-21T17:09:01.127978+00:00
[2022-12-21 17:09:01,144] {processor.py:161} INFO - Processing /home/airflow/.local/lib/python3.7/site-packages/airflow/example_dags/example_short_circuit_operator.py took 0.078 seconds
[2022-12-21 17:09:31,816] {processor.py:153} INFO - Started process (PID=23878) to work on /home/airflow/.local/lib/python3.7/site-packages/airflow/example_dags/example_short_circuit_operator.py
[2022-12-21 17:09:31,817] {processor.py:641} INFO - Processing file /home/airflow/.local/lib/python3.7/site-packages/airflow/example_dags/example_short_circuit_operator.py for tasks to queue
[2022-12-21 17:09:31,818] {logging_mixin.py:115} INFO - [2022-12-21 17:09:31,818] {dagbag.py:507} INFO - Filling up the DagBag from /home/airflow/.local/lib/python3.7/site-packages/airflow/example_dags/example_short_circuit_operator.py
[2022-12-21 17:09:31,830] {processor.py:651} INFO - DAG(s) dict_keys(['example_short_circuit_operator']) retrieved from /home/airflow/.local/lib/python3.7/site-packages/airflow/example_dags/example_short_circuit_operator.py
[2022-12-21 17:09:31,858] {logging_mixin.py:115} INFO - [2022-12-21 17:09:31,858] {dag.py:2371} INFO - Sync 1 DAGs
[2022-12-21 17:09:31,880] {logging_mixin.py:115} INFO - [2022-12-21 17:09:31,880] {dag.py:2919} INFO - Setting next_dagrun for example_short_circuit_operator to 2022-12-20T17:09:31.879763+00:00, run_after=2022-12-21T17:09:31.879763+00:00
[2022-12-21 17:09:31,891] {processor.py:161} INFO - Processing /home/airflow/.local/lib/python3.7/site-packages/airflow/example_dags/example_short_circuit_operator.py took 0.079 seconds
[2022-12-21 17:10:02,563] {processor.py:153} INFO - Started process (PID=23946) to work on /home/airflow/.local/lib/python3.7/site-packages/airflow/example_dags/example_short_circuit_operator.py
[2022-12-21 17:10:02,564] {processor.py:641} INFO - Processing file /home/airflow/.local/lib/python3.7/site-packages/airflow/example_dags/example_short_circuit_operator.py for tasks to queue
[2022-12-21 17:10:02,564] {logging_mixin.py:115} INFO - [2022-12-21 17:10:02,564] {dagbag.py:507} INFO - Filling up the DagBag from /home/airflow/.local/lib/python3.7/site-packages/airflow/example_dags/example_short_circuit_operator.py
[2022-12-21 17:10:02,571] {processor.py:651} INFO - DAG(s) dict_keys(['example_short_circuit_operator']) retrieved from /home/airflow/.local/lib/python3.7/site-packages/airflow/example_dags/example_short_circuit_operator.py
[2022-12-21 17:10:02,594] {logging_mixin.py:115} INFO - [2022-12-21 17:10:02,594] {dag.py:2371} INFO - Sync 1 DAGs
[2022-12-21 17:10:02,613] {logging_mixin.py:115} INFO - [2022-12-21 17:10:02,613] {dag.py:2919} INFO - Setting next_dagrun for example_short_circuit_operator to 2022-12-20T17:10:02.613152+00:00, run_after=2022-12-21T17:10:02.613152+00:00
[2022-12-21 17:10:02,624] {processor.py:161} INFO - Processing /home/airflow/.local/lib/python3.7/site-packages/airflow/example_dags/example_short_circuit_operator.py took 0.064 seconds
[2022-12-21 17:10:33,189] {processor.py:153} INFO - Started process (PID=24012) to work on /home/airflow/.local/lib/python3.7/site-packages/airflow/example_dags/example_short_circuit_operator.py
[2022-12-21 17:10:33,190] {processor.py:641} INFO - Processing file /home/airflow/.local/lib/python3.7/site-packages/airflow/example_dags/example_short_circuit_operator.py for tasks to queue
[2022-12-21 17:10:33,190] {logging_mixin.py:115} INFO - [2022-12-21 17:10:33,190] {dagbag.py:507} INFO - Filling up the DagBag from /home/airflow/.local/lib/python3.7/site-packages/airflow/example_dags/example_short_circuit_operator.py
[2022-12-21 17:10:33,198] {processor.py:651} INFO - DAG(s) dict_keys(['example_short_circuit_operator']) retrieved from /home/airflow/.local/lib/python3.7/site-packages/airflow/example_dags/example_short_circuit_operator.py
[2022-12-21 17:10:33,221] {logging_mixin.py:115} INFO - [2022-12-21 17:10:33,221] {dag.py:2371} INFO - Sync 1 DAGs
[2022-12-21 17:10:33,242] {logging_mixin.py:115} INFO - [2022-12-21 17:10:33,242] {dag.py:2919} INFO - Setting next_dagrun for example_short_circuit_operator to 2022-12-20T17:10:33.242157+00:00, run_after=2022-12-21T17:10:33.242157+00:00
[2022-12-21 17:10:33,252] {processor.py:161} INFO - Processing /home/airflow/.local/lib/python3.7/site-packages/airflow/example_dags/example_short_circuit_operator.py took 0.066 seconds
[2022-12-21 17:11:03,748] {processor.py:153} INFO - Started process (PID=24078) to work on /home/airflow/.local/lib/python3.7/site-packages/airflow/example_dags/example_short_circuit_operator.py
[2022-12-21 17:11:03,748] {processor.py:641} INFO - Processing file /home/airflow/.local/lib/python3.7/site-packages/airflow/example_dags/example_short_circuit_operator.py for tasks to queue
[2022-12-21 17:11:03,748] {logging_mixin.py:115} INFO - [2022-12-21 17:11:03,748] {dagbag.py:507} INFO - Filling up the DagBag from /home/airflow/.local/lib/python3.7/site-packages/airflow/example_dags/example_short_circuit_operator.py
[2022-12-21 17:11:03,757] {processor.py:651} INFO - DAG(s) dict_keys(['example_short_circuit_operator']) retrieved from /home/airflow/.local/lib/python3.7/site-packages/airflow/example_dags/example_short_circuit_operator.py
[2022-12-21 17:11:03,782] {logging_mixin.py:115} INFO - [2022-12-21 17:11:03,782] {dag.py:2371} INFO - Sync 1 DAGs
[2022-12-21 17:11:03,800] {logging_mixin.py:115} INFO - [2022-12-21 17:11:03,800] {dag.py:2919} INFO - Setting next_dagrun for example_short_circuit_operator to 2022-12-20T17:11:03.800141+00:00, run_after=2022-12-21T17:11:03.800141+00:00
[2022-12-21 17:11:03,809] {processor.py:161} INFO - Processing /home/airflow/.local/lib/python3.7/site-packages/airflow/example_dags/example_short_circuit_operator.py took 0.064 seconds
[2022-12-21 17:11:34,375] {processor.py:153} INFO - Started process (PID=24135) to work on /home/airflow/.local/lib/python3.7/site-packages/airflow/example_dags/example_short_circuit_operator.py
[2022-12-21 17:11:34,376] {processor.py:641} INFO - Processing file /home/airflow/.local/lib/python3.7/site-packages/airflow/example_dags/example_short_circuit_operator.py for tasks to queue
[2022-12-21 17:11:34,377] {logging_mixin.py:115} INFO - [2022-12-21 17:11:34,376] {dagbag.py:507} INFO - Filling up the DagBag from /home/airflow/.local/lib/python3.7/site-packages/airflow/example_dags/example_short_circuit_operator.py
[2022-12-21 17:11:34,384] {processor.py:651} INFO - DAG(s) dict_keys(['example_short_circuit_operator']) retrieved from /home/airflow/.local/lib/python3.7/site-packages/airflow/example_dags/example_short_circuit_operator.py
[2022-12-21 17:11:34,406] {logging_mixin.py:115} INFO - [2022-12-21 17:11:34,406] {dag.py:2371} INFO - Sync 1 DAGs
[2022-12-21 17:11:34,426] {logging_mixin.py:115} INFO - [2022-12-21 17:11:34,426] {dag.py:2919} INFO - Setting next_dagrun for example_short_circuit_operator to 2022-12-20T17:11:34.425932+00:00, run_after=2022-12-21T17:11:34.425932+00:00
[2022-12-21 17:11:34,435] {processor.py:161} INFO - Processing /home/airflow/.local/lib/python3.7/site-packages/airflow/example_dags/example_short_circuit_operator.py took 0.062 seconds
[2022-12-21 17:12:05,019] {processor.py:153} INFO - Started process (PID=24201) to work on /home/airflow/.local/lib/python3.7/site-packages/airflow/example_dags/example_short_circuit_operator.py
[2022-12-21 17:12:05,019] {processor.py:641} INFO - Processing file /home/airflow/.local/lib/python3.7/site-packages/airflow/example_dags/example_short_circuit_operator.py for tasks to queue
[2022-12-21 17:12:05,020] {logging_mixin.py:115} INFO - [2022-12-21 17:12:05,020] {dagbag.py:507} INFO - Filling up the DagBag from /home/airflow/.local/lib/python3.7/site-packages/airflow/example_dags/example_short_circuit_operator.py
[2022-12-21 17:12:05,028] {processor.py:651} INFO - DAG(s) dict_keys(['example_short_circuit_operator']) retrieved from /home/airflow/.local/lib/python3.7/site-packages/airflow/example_dags/example_short_circuit_operator.py
[2022-12-21 17:12:05,050] {logging_mixin.py:115} INFO - [2022-12-21 17:12:05,050] {dag.py:2371} INFO - Sync 1 DAGs
[2022-12-21 17:12:05,069] {logging_mixin.py:115} INFO - [2022-12-21 17:12:05,069] {dag.py:2919} INFO - Setting next_dagrun for example_short_circuit_operator to 2022-12-20T17:12:05.069250+00:00, run_after=2022-12-21T17:12:05.069250+00:00
[2022-12-21 17:12:05,078] {processor.py:161} INFO - Processing /home/airflow/.local/lib/python3.7/site-packages/airflow/example_dags/example_short_circuit_operator.py took 0.062 seconds
[2022-12-21 17:12:35,556] {processor.py:153} INFO - Started process (PID=24268) to work on /home/airflow/.local/lib/python3.7/site-packages/airflow/example_dags/example_short_circuit_operator.py
[2022-12-21 17:12:35,557] {processor.py:641} INFO - Processing file /home/airflow/.local/lib/python3.7/site-packages/airflow/example_dags/example_short_circuit_operator.py for tasks to queue
[2022-12-21 17:12:35,558] {logging_mixin.py:115} INFO - [2022-12-21 17:12:35,557] {dagbag.py:507} INFO - Filling up the DagBag from /home/airflow/.local/lib/python3.7/site-packages/airflow/example_dags/example_short_circuit_operator.py
[2022-12-21 17:12:35,569] {processor.py:651} INFO - DAG(s) dict_keys(['example_short_circuit_operator']) retrieved from /home/airflow/.local/lib/python3.7/site-packages/airflow/example_dags/example_short_circuit_operator.py
[2022-12-21 17:12:35,591] {logging_mixin.py:115} INFO - [2022-12-21 17:12:35,591] {dag.py:2371} INFO - Sync 1 DAGs
[2022-12-21 17:12:35,607] {logging_mixin.py:115} INFO - [2022-12-21 17:12:35,606] {dag.py:2919} INFO - Setting next_dagrun for example_short_circuit_operator to 2022-12-20T17:12:35.606744+00:00, run_after=2022-12-21T17:12:35.606744+00:00
[2022-12-21 17:12:35,617] {processor.py:161} INFO - Processing /home/airflow/.local/lib/python3.7/site-packages/airflow/example_dags/example_short_circuit_operator.py took 0.064 seconds
[2022-12-21 17:13:06,094] {processor.py:153} INFO - Started process (PID=24333) to work on /home/airflow/.local/lib/python3.7/site-packages/airflow/example_dags/example_short_circuit_operator.py
[2022-12-21 17:13:06,095] {processor.py:641} INFO - Processing file /home/airflow/.local/lib/python3.7/site-packages/airflow/example_dags/example_short_circuit_operator.py for tasks to queue
[2022-12-21 17:13:06,095] {logging_mixin.py:115} INFO - [2022-12-21 17:13:06,095] {dagbag.py:507} INFO - Filling up the DagBag from /home/airflow/.local/lib/python3.7/site-packages/airflow/example_dags/example_short_circuit_operator.py
[2022-12-21 17:13:06,102] {processor.py:651} INFO - DAG(s) dict_keys(['example_short_circuit_operator']) retrieved from /home/airflow/.local/lib/python3.7/site-packages/airflow/example_dags/example_short_circuit_operator.py
[2022-12-21 17:13:06,126] {logging_mixin.py:115} INFO - [2022-12-21 17:13:06,126] {dag.py:2371} INFO - Sync 1 DAGs
[2022-12-21 17:13:06,142] {logging_mixin.py:115} INFO - [2022-12-21 17:13:06,141] {dag.py:2919} INFO - Setting next_dagrun for example_short_circuit_operator to 2022-12-20T17:13:06.141653+00:00, run_after=2022-12-21T17:13:06.141653+00:00
[2022-12-21 17:13:06,153] {processor.py:161} INFO - Processing /home/airflow/.local/lib/python3.7/site-packages/airflow/example_dags/example_short_circuit_operator.py took 0.061 seconds
[2022-12-21 17:13:36,560] {processor.py:153} INFO - Started process (PID=24390) to work on /home/airflow/.local/lib/python3.7/site-packages/airflow/example_dags/example_short_circuit_operator.py
[2022-12-21 17:13:36,560] {processor.py:641} INFO - Processing file /home/airflow/.local/lib/python3.7/site-packages/airflow/example_dags/example_short_circuit_operator.py for tasks to queue
[2022-12-21 17:13:36,561] {logging_mixin.py:115} INFO - [2022-12-21 17:13:36,561] {dagbag.py:507} INFO - Filling up the DagBag from /home/airflow/.local/lib/python3.7/site-packages/airflow/example_dags/example_short_circuit_operator.py
[2022-12-21 17:13:36,567] {processor.py:651} INFO - DAG(s) dict_keys(['example_short_circuit_operator']) retrieved from /home/airflow/.local/lib/python3.7/site-packages/airflow/example_dags/example_short_circuit_operator.py
[2022-12-21 17:13:36,589] {logging_mixin.py:115} INFO - [2022-12-21 17:13:36,589] {dag.py:2371} INFO - Sync 1 DAGs
[2022-12-21 17:13:36,607] {logging_mixin.py:115} INFO - [2022-12-21 17:13:36,607] {dag.py:2919} INFO - Setting next_dagrun for example_short_circuit_operator to 2022-12-20T17:13:36.606915+00:00, run_after=2022-12-21T17:13:36.606915+00:00
[2022-12-21 17:13:36,618] {processor.py:161} INFO - Processing /home/airflow/.local/lib/python3.7/site-packages/airflow/example_dags/example_short_circuit_operator.py took 0.060 seconds
[2022-12-21 17:14:07,189] {processor.py:153} INFO - Started process (PID=24456) to work on /home/airflow/.local/lib/python3.7/site-packages/airflow/example_dags/example_short_circuit_operator.py
[2022-12-21 17:14:07,190] {processor.py:641} INFO - Processing file /home/airflow/.local/lib/python3.7/site-packages/airflow/example_dags/example_short_circuit_operator.py for tasks to queue
[2022-12-21 17:14:07,190] {logging_mixin.py:115} INFO - [2022-12-21 17:14:07,190] {dagbag.py:507} INFO - Filling up the DagBag from /home/airflow/.local/lib/python3.7/site-packages/airflow/example_dags/example_short_circuit_operator.py
[2022-12-21 17:14:07,198] {processor.py:651} INFO - DAG(s) dict_keys(['example_short_circuit_operator']) retrieved from /home/airflow/.local/lib/python3.7/site-packages/airflow/example_dags/example_short_circuit_operator.py
[2022-12-21 17:14:07,220] {logging_mixin.py:115} INFO - [2022-12-21 17:14:07,220] {dag.py:2371} INFO - Sync 1 DAGs
[2022-12-21 17:14:07,242] {logging_mixin.py:115} INFO - [2022-12-21 17:14:07,242] {dag.py:2919} INFO - Setting next_dagrun for example_short_circuit_operator to 2022-12-20T17:14:07.242408+00:00, run_after=2022-12-21T17:14:07.242408+00:00
[2022-12-21 17:14:07,254] {processor.py:161} INFO - Processing /home/airflow/.local/lib/python3.7/site-packages/airflow/example_dags/example_short_circuit_operator.py took 0.067 seconds
[2022-12-21 17:14:37,975] {processor.py:153} INFO - Started process (PID=24522) to work on /home/airflow/.local/lib/python3.7/site-packages/airflow/example_dags/example_short_circuit_operator.py
[2022-12-21 17:14:37,976] {processor.py:641} INFO - Processing file /home/airflow/.local/lib/python3.7/site-packages/airflow/example_dags/example_short_circuit_operator.py for tasks to queue
[2022-12-21 17:14:37,976] {logging_mixin.py:115} INFO - [2022-12-21 17:14:37,976] {dagbag.py:507} INFO - Filling up the DagBag from /home/airflow/.local/lib/python3.7/site-packages/airflow/example_dags/example_short_circuit_operator.py
[2022-12-21 17:14:37,983] {processor.py:651} INFO - DAG(s) dict_keys(['example_short_circuit_operator']) retrieved from /home/airflow/.local/lib/python3.7/site-packages/airflow/example_dags/example_short_circuit_operator.py
[2022-12-21 17:14:38,005] {logging_mixin.py:115} INFO - [2022-12-21 17:14:38,005] {dag.py:2371} INFO - Sync 1 DAGs
[2022-12-21 17:14:38,023] {logging_mixin.py:115} INFO - [2022-12-21 17:14:38,022] {dag.py:2919} INFO - Setting next_dagrun for example_short_circuit_operator to 2022-12-20T17:14:38.022715+00:00, run_after=2022-12-21T17:14:38.022715+00:00
[2022-12-21 17:14:38,034] {processor.py:161} INFO - Processing /home/airflow/.local/lib/python3.7/site-packages/airflow/example_dags/example_short_circuit_operator.py took 0.061 seconds
[2022-12-21 17:15:08,672] {processor.py:153} INFO - Started process (PID=24588) to work on /home/airflow/.local/lib/python3.7/site-packages/airflow/example_dags/example_short_circuit_operator.py
[2022-12-21 17:15:08,673] {processor.py:641} INFO - Processing file /home/airflow/.local/lib/python3.7/site-packages/airflow/example_dags/example_short_circuit_operator.py for tasks to queue
[2022-12-21 17:15:08,673] {logging_mixin.py:115} INFO - [2022-12-21 17:15:08,673] {dagbag.py:507} INFO - Filling up the DagBag from /home/airflow/.local/lib/python3.7/site-packages/airflow/example_dags/example_short_circuit_operator.py
[2022-12-21 17:15:08,682] {processor.py:651} INFO - DAG(s) dict_keys(['example_short_circuit_operator']) retrieved from /home/airflow/.local/lib/python3.7/site-packages/airflow/example_dags/example_short_circuit_operator.py
[2022-12-21 17:15:08,705] {logging_mixin.py:115} INFO - [2022-12-21 17:15:08,705] {dag.py:2371} INFO - Sync 1 DAGs
[2022-12-21 17:15:08,725] {logging_mixin.py:115} INFO - [2022-12-21 17:15:08,725] {dag.py:2919} INFO - Setting next_dagrun for example_short_circuit_operator to 2022-12-20T17:15:08.725432+00:00, run_after=2022-12-21T17:15:08.725432+00:00
[2022-12-21 17:15:08,737] {processor.py:161} INFO - Processing /home/airflow/.local/lib/python3.7/site-packages/airflow/example_dags/example_short_circuit_operator.py took 0.068 seconds
[2022-12-21 17:15:39,218] {processor.py:153} INFO - Started process (PID=24645) to work on /home/airflow/.local/lib/python3.7/site-packages/airflow/example_dags/example_short_circuit_operator.py
[2022-12-21 17:15:39,219] {processor.py:641} INFO - Processing file /home/airflow/.local/lib/python3.7/site-packages/airflow/example_dags/example_short_circuit_operator.py for tasks to queue
[2022-12-21 17:15:39,219] {logging_mixin.py:115} INFO - [2022-12-21 17:15:39,219] {dagbag.py:507} INFO - Filling up the DagBag from /home/airflow/.local/lib/python3.7/site-packages/airflow/example_dags/example_short_circuit_operator.py
[2022-12-21 17:15:39,228] {processor.py:651} INFO - DAG(s) dict_keys(['example_short_circuit_operator']) retrieved from /home/airflow/.local/lib/python3.7/site-packages/airflow/example_dags/example_short_circuit_operator.py
[2022-12-21 17:15:39,252] {logging_mixin.py:115} INFO - [2022-12-21 17:15:39,252] {dag.py:2371} INFO - Sync 1 DAGs
[2022-12-21 17:15:39,272] {logging_mixin.py:115} INFO - [2022-12-21 17:15:39,272] {dag.py:2919} INFO - Setting next_dagrun for example_short_circuit_operator to 2022-12-20T17:15:39.272240+00:00, run_after=2022-12-21T17:15:39.272240+00:00
[2022-12-21 17:15:39,285] {processor.py:161} INFO - Processing /home/airflow/.local/lib/python3.7/site-packages/airflow/example_dags/example_short_circuit_operator.py took 0.070 seconds
[2022-12-21 17:16:09,929] {processor.py:153} INFO - Started process (PID=24710) to work on /home/airflow/.local/lib/python3.7/site-packages/airflow/example_dags/example_short_circuit_operator.py
[2022-12-21 17:16:09,930] {processor.py:641} INFO - Processing file /home/airflow/.local/lib/python3.7/site-packages/airflow/example_dags/example_short_circuit_operator.py for tasks to queue
[2022-12-21 17:16:09,930] {logging_mixin.py:115} INFO - [2022-12-21 17:16:09,930] {dagbag.py:507} INFO - Filling up the DagBag from /home/airflow/.local/lib/python3.7/site-packages/airflow/example_dags/example_short_circuit_operator.py
[2022-12-21 17:16:09,937] {processor.py:651} INFO - DAG(s) dict_keys(['example_short_circuit_operator']) retrieved from /home/airflow/.local/lib/python3.7/site-packages/airflow/example_dags/example_short_circuit_operator.py
[2022-12-21 17:16:09,963] {logging_mixin.py:115} INFO - [2022-12-21 17:16:09,963] {dag.py:2371} INFO - Sync 1 DAGs
[2022-12-21 17:16:09,986] {logging_mixin.py:115} INFO - [2022-12-21 17:16:09,986] {dag.py:2919} INFO - Setting next_dagrun for example_short_circuit_operator to 2022-12-20T17:16:09.985801+00:00, run_after=2022-12-21T17:16:09.985801+00:00
[2022-12-21 17:16:09,997] {processor.py:161} INFO - Processing /home/airflow/.local/lib/python3.7/site-packages/airflow/example_dags/example_short_circuit_operator.py took 0.071 seconds
[2022-12-21 17:16:40,645] {processor.py:153} INFO - Started process (PID=24778) to work on /home/airflow/.local/lib/python3.7/site-packages/airflow/example_dags/example_short_circuit_operator.py
[2022-12-21 17:16:40,646] {processor.py:641} INFO - Processing file /home/airflow/.local/lib/python3.7/site-packages/airflow/example_dags/example_short_circuit_operator.py for tasks to queue
[2022-12-21 17:16:40,646] {logging_mixin.py:115} INFO - [2022-12-21 17:16:40,646] {dagbag.py:507} INFO - Filling up the DagBag from /home/airflow/.local/lib/python3.7/site-packages/airflow/example_dags/example_short_circuit_operator.py
[2022-12-21 17:16:40,654] {processor.py:651} INFO - DAG(s) dict_keys(['example_short_circuit_operator']) retrieved from /home/airflow/.local/lib/python3.7/site-packages/airflow/example_dags/example_short_circuit_operator.py
[2022-12-21 17:16:40,676] {logging_mixin.py:115} INFO - [2022-12-21 17:16:40,676] {dag.py:2371} INFO - Sync 1 DAGs
[2022-12-21 17:16:40,694] {logging_mixin.py:115} INFO - [2022-12-21 17:16:40,694] {dag.py:2919} INFO - Setting next_dagrun for example_short_circuit_operator to 2022-12-20T17:16:40.693908+00:00, run_after=2022-12-21T17:16:40.693908+00:00
[2022-12-21 17:16:40,705] {processor.py:161} INFO - Processing /home/airflow/.local/lib/python3.7/site-packages/airflow/example_dags/example_short_circuit_operator.py took 0.064 seconds
[2022-12-21 17:17:11,240] {processor.py:153} INFO - Started process (PID=24843) to work on /home/airflow/.local/lib/python3.7/site-packages/airflow/example_dags/example_short_circuit_operator.py
[2022-12-21 17:17:11,241] {processor.py:641} INFO - Processing file /home/airflow/.local/lib/python3.7/site-packages/airflow/example_dags/example_short_circuit_operator.py for tasks to queue
[2022-12-21 17:17:11,241] {logging_mixin.py:115} INFO - [2022-12-21 17:17:11,241] {dagbag.py:507} INFO - Filling up the DagBag from /home/airflow/.local/lib/python3.7/site-packages/airflow/example_dags/example_short_circuit_operator.py
[2022-12-21 17:17:11,250] {processor.py:651} INFO - DAG(s) dict_keys(['example_short_circuit_operator']) retrieved from /home/airflow/.local/lib/python3.7/site-packages/airflow/example_dags/example_short_circuit_operator.py
[2022-12-21 17:17:11,275] {logging_mixin.py:115} INFO - [2022-12-21 17:17:11,275] {dag.py:2371} INFO - Sync 1 DAGs
[2022-12-21 17:17:11,298] {logging_mixin.py:115} INFO - [2022-12-21 17:17:11,297] {dag.py:2919} INFO - Setting next_dagrun for example_short_circuit_operator to 2022-12-20T17:17:11.297729+00:00, run_after=2022-12-21T17:17:11.297729+00:00
[2022-12-21 17:17:11,310] {processor.py:161} INFO - Processing /home/airflow/.local/lib/python3.7/site-packages/airflow/example_dags/example_short_circuit_operator.py took 0.073 seconds
[2022-12-21 17:17:41,892] {processor.py:153} INFO - Started process (PID=24900) to work on /home/airflow/.local/lib/python3.7/site-packages/airflow/example_dags/example_short_circuit_operator.py
[2022-12-21 17:17:41,893] {processor.py:641} INFO - Processing file /home/airflow/.local/lib/python3.7/site-packages/airflow/example_dags/example_short_circuit_operator.py for tasks to queue
[2022-12-21 17:17:41,893] {logging_mixin.py:115} INFO - [2022-12-21 17:17:41,893] {dagbag.py:507} INFO - Filling up the DagBag from /home/airflow/.local/lib/python3.7/site-packages/airflow/example_dags/example_short_circuit_operator.py
[2022-12-21 17:17:41,905] {processor.py:651} INFO - DAG(s) dict_keys(['example_short_circuit_operator']) retrieved from /home/airflow/.local/lib/python3.7/site-packages/airflow/example_dags/example_short_circuit_operator.py
[2022-12-21 17:17:41,927] {logging_mixin.py:115} INFO - [2022-12-21 17:17:41,927] {dag.py:2371} INFO - Sync 1 DAGs
[2022-12-21 17:17:41,949] {logging_mixin.py:115} INFO - [2022-12-21 17:17:41,949] {dag.py:2919} INFO - Setting next_dagrun for example_short_circuit_operator to 2022-12-20T17:17:41.949362+00:00, run_after=2022-12-21T17:17:41.949362+00:00
[2022-12-21 17:17:41,959] {processor.py:161} INFO - Processing /home/airflow/.local/lib/python3.7/site-packages/airflow/example_dags/example_short_circuit_operator.py took 0.071 seconds
[2022-12-21 17:18:12,544] {processor.py:153} INFO - Started process (PID=24968) to work on /home/airflow/.local/lib/python3.7/site-packages/airflow/example_dags/example_short_circuit_operator.py
[2022-12-21 17:18:12,545] {processor.py:641} INFO - Processing file /home/airflow/.local/lib/python3.7/site-packages/airflow/example_dags/example_short_circuit_operator.py for tasks to queue
[2022-12-21 17:18:12,545] {logging_mixin.py:115} INFO - [2022-12-21 17:18:12,545] {dagbag.py:507} INFO - Filling up the DagBag from /home/airflow/.local/lib/python3.7/site-packages/airflow/example_dags/example_short_circuit_operator.py
[2022-12-21 17:18:12,552] {processor.py:651} INFO - DAG(s) dict_keys(['example_short_circuit_operator']) retrieved from /home/airflow/.local/lib/python3.7/site-packages/airflow/example_dags/example_short_circuit_operator.py
[2022-12-21 17:18:12,574] {logging_mixin.py:115} INFO - [2022-12-21 17:18:12,574] {dag.py:2371} INFO - Sync 1 DAGs
[2022-12-21 17:18:12,591] {logging_mixin.py:115} INFO - [2022-12-21 17:18:12,591] {dag.py:2919} INFO - Setting next_dagrun for example_short_circuit_operator to 2022-12-20T17:18:12.591409+00:00, run_after=2022-12-21T17:18:12.591409+00:00
[2022-12-21 17:18:12,601] {processor.py:161} INFO - Processing /home/airflow/.local/lib/python3.7/site-packages/airflow/example_dags/example_short_circuit_operator.py took 0.060 seconds
[2022-12-21 17:18:43,335] {processor.py:153} INFO - Started process (PID=25035) to work on /home/airflow/.local/lib/python3.7/site-packages/airflow/example_dags/example_short_circuit_operator.py
[2022-12-21 17:18:43,335] {processor.py:641} INFO - Processing file /home/airflow/.local/lib/python3.7/site-packages/airflow/example_dags/example_short_circuit_operator.py for tasks to queue
[2022-12-21 17:18:43,335] {logging_mixin.py:115} INFO - [2022-12-21 17:18:43,335] {dagbag.py:507} INFO - Filling up the DagBag from /home/airflow/.local/lib/python3.7/site-packages/airflow/example_dags/example_short_circuit_operator.py
[2022-12-21 17:18:43,342] {processor.py:651} INFO - DAG(s) dict_keys(['example_short_circuit_operator']) retrieved from /home/airflow/.local/lib/python3.7/site-packages/airflow/example_dags/example_short_circuit_operator.py
[2022-12-21 17:18:43,363] {logging_mixin.py:115} INFO - [2022-12-21 17:18:43,363] {dag.py:2371} INFO - Sync 1 DAGs
[2022-12-21 17:18:43,385] {logging_mixin.py:115} INFO - [2022-12-21 17:18:43,384] {dag.py:2919} INFO - Setting next_dagrun for example_short_circuit_operator to 2022-12-20T17:18:43.384726+00:00, run_after=2022-12-21T17:18:43.384726+00:00
[2022-12-21 17:18:43,395] {processor.py:161} INFO - Processing /home/airflow/.local/lib/python3.7/site-packages/airflow/example_dags/example_short_circuit_operator.py took 0.063 seconds
[2022-12-21 17:19:14,018] {processor.py:153} INFO - Started process (PID=25093) to work on /home/airflow/.local/lib/python3.7/site-packages/airflow/example_dags/example_short_circuit_operator.py
[2022-12-21 17:19:14,018] {processor.py:641} INFO - Processing file /home/airflow/.local/lib/python3.7/site-packages/airflow/example_dags/example_short_circuit_operator.py for tasks to queue
[2022-12-21 17:19:14,019] {logging_mixin.py:115} INFO - [2022-12-21 17:19:14,019] {dagbag.py:507} INFO - Filling up the DagBag from /home/airflow/.local/lib/python3.7/site-packages/airflow/example_dags/example_short_circuit_operator.py
[2022-12-21 17:19:14,027] {processor.py:651} INFO - DAG(s) dict_keys(['example_short_circuit_operator']) retrieved from /home/airflow/.local/lib/python3.7/site-packages/airflow/example_dags/example_short_circuit_operator.py
[2022-12-21 17:19:14,049] {logging_mixin.py:115} INFO - [2022-12-21 17:19:14,049] {dag.py:2371} INFO - Sync 1 DAGs
[2022-12-21 17:19:14,064] {logging_mixin.py:115} INFO - [2022-12-21 17:19:14,064] {dag.py:2919} INFO - Setting next_dagrun for example_short_circuit_operator to 2022-12-20T17:19:14.064688+00:00, run_after=2022-12-21T17:19:14.064688+00:00
[2022-12-21 17:19:14,076] {processor.py:161} INFO - Processing /home/airflow/.local/lib/python3.7/site-packages/airflow/example_dags/example_short_circuit_operator.py took 0.061 seconds
[2022-12-21 17:19:44,681] {processor.py:153} INFO - Started process (PID=25160) to work on /home/airflow/.local/lib/python3.7/site-packages/airflow/example_dags/example_short_circuit_operator.py
[2022-12-21 17:19:44,682] {processor.py:641} INFO - Processing file /home/airflow/.local/lib/python3.7/site-packages/airflow/example_dags/example_short_circuit_operator.py for tasks to queue
[2022-12-21 17:19:44,682] {logging_mixin.py:115} INFO - [2022-12-21 17:19:44,682] {dagbag.py:507} INFO - Filling up the DagBag from /home/airflow/.local/lib/python3.7/site-packages/airflow/example_dags/example_short_circuit_operator.py
[2022-12-21 17:19:44,691] {processor.py:651} INFO - DAG(s) dict_keys(['example_short_circuit_operator']) retrieved from /home/airflow/.local/lib/python3.7/site-packages/airflow/example_dags/example_short_circuit_operator.py
[2022-12-21 17:19:44,716] {logging_mixin.py:115} INFO - [2022-12-21 17:19:44,716] {dag.py:2371} INFO - Sync 1 DAGs
[2022-12-21 17:19:44,744] {logging_mixin.py:115} INFO - [2022-12-21 17:19:44,744] {dag.py:2919} INFO - Setting next_dagrun for example_short_circuit_operator to 2022-12-20T17:19:44.743994+00:00, run_after=2022-12-21T17:19:44.743994+00:00
[2022-12-21 17:19:44,760] {processor.py:161} INFO - Processing /home/airflow/.local/lib/python3.7/site-packages/airflow/example_dags/example_short_circuit_operator.py took 0.081 seconds
[2022-12-21 17:20:15,366] {processor.py:153} INFO - Started process (PID=25229) to work on /home/airflow/.local/lib/python3.7/site-packages/airflow/example_dags/example_short_circuit_operator.py
[2022-12-21 17:20:15,367] {processor.py:641} INFO - Processing file /home/airflow/.local/lib/python3.7/site-packages/airflow/example_dags/example_short_circuit_operator.py for tasks to queue
[2022-12-21 17:20:15,367] {logging_mixin.py:115} INFO - [2022-12-21 17:20:15,367] {dagbag.py:507} INFO - Filling up the DagBag from /home/airflow/.local/lib/python3.7/site-packages/airflow/example_dags/example_short_circuit_operator.py
[2022-12-21 17:20:15,375] {processor.py:651} INFO - DAG(s) dict_keys(['example_short_circuit_operator']) retrieved from /home/airflow/.local/lib/python3.7/site-packages/airflow/example_dags/example_short_circuit_operator.py
[2022-12-21 17:20:15,398] {logging_mixin.py:115} INFO - [2022-12-21 17:20:15,398] {dag.py:2371} INFO - Sync 1 DAGs
[2022-12-21 17:20:15,417] {logging_mixin.py:115} INFO - [2022-12-21 17:20:15,417] {dag.py:2919} INFO - Setting next_dagrun for example_short_circuit_operator to 2022-12-20T17:20:15.417106+00:00, run_after=2022-12-21T17:20:15.417106+00:00
[2022-12-21 17:20:15,428] {processor.py:161} INFO - Processing /home/airflow/.local/lib/python3.7/site-packages/airflow/example_dags/example_short_circuit_operator.py took 0.064 seconds
[2022-12-21 17:20:46,093] {processor.py:153} INFO - Started process (PID=25296) to work on /home/airflow/.local/lib/python3.7/site-packages/airflow/example_dags/example_short_circuit_operator.py
[2022-12-21 17:20:46,093] {processor.py:641} INFO - Processing file /home/airflow/.local/lib/python3.7/site-packages/airflow/example_dags/example_short_circuit_operator.py for tasks to queue
[2022-12-21 17:20:46,094] {logging_mixin.py:115} INFO - [2022-12-21 17:20:46,093] {dagbag.py:507} INFO - Filling up the DagBag from /home/airflow/.local/lib/python3.7/site-packages/airflow/example_dags/example_short_circuit_operator.py
[2022-12-21 17:20:46,100] {processor.py:651} INFO - DAG(s) dict_keys(['example_short_circuit_operator']) retrieved from /home/airflow/.local/lib/python3.7/site-packages/airflow/example_dags/example_short_circuit_operator.py
[2022-12-21 17:20:46,124] {logging_mixin.py:115} INFO - [2022-12-21 17:20:46,124] {dag.py:2371} INFO - Sync 1 DAGs
[2022-12-21 17:20:46,142] {logging_mixin.py:115} INFO - [2022-12-21 17:20:46,142] {dag.py:2919} INFO - Setting next_dagrun for example_short_circuit_operator to 2022-12-20T17:20:46.142357+00:00, run_after=2022-12-21T17:20:46.142357+00:00
[2022-12-21 17:20:46,153] {processor.py:161} INFO - Processing /home/airflow/.local/lib/python3.7/site-packages/airflow/example_dags/example_short_circuit_operator.py took 0.063 seconds
[2022-12-21 17:21:16,846] {processor.py:153} INFO - Started process (PID=25353) to work on /home/airflow/.local/lib/python3.7/site-packages/airflow/example_dags/example_short_circuit_operator.py
[2022-12-21 17:21:16,847] {processor.py:641} INFO - Processing file /home/airflow/.local/lib/python3.7/site-packages/airflow/example_dags/example_short_circuit_operator.py for tasks to queue
[2022-12-21 17:21:16,847] {logging_mixin.py:115} INFO - [2022-12-21 17:21:16,847] {dagbag.py:507} INFO - Filling up the DagBag from /home/airflow/.local/lib/python3.7/site-packages/airflow/example_dags/example_short_circuit_operator.py
[2022-12-21 17:21:16,857] {processor.py:651} INFO - DAG(s) dict_keys(['example_short_circuit_operator']) retrieved from /home/airflow/.local/lib/python3.7/site-packages/airflow/example_dags/example_short_circuit_operator.py
[2022-12-21 17:21:16,886] {logging_mixin.py:115} INFO - [2022-12-21 17:21:16,886] {dag.py:2371} INFO - Sync 1 DAGs
[2022-12-21 17:21:16,909] {logging_mixin.py:115} INFO - [2022-12-21 17:21:16,909] {dag.py:2919} INFO - Setting next_dagrun for example_short_circuit_operator to 2022-12-20T17:21:16.909153+00:00, run_after=2022-12-21T17:21:16.909153+00:00
[2022-12-21 17:21:16,920] {processor.py:161} INFO - Processing /home/airflow/.local/lib/python3.7/site-packages/airflow/example_dags/example_short_circuit_operator.py took 0.077 seconds
[2022-12-21 17:21:47,300] {processor.py:153} INFO - Started process (PID=25419) to work on /home/airflow/.local/lib/python3.7/site-packages/airflow/example_dags/example_short_circuit_operator.py
[2022-12-21 17:21:47,300] {processor.py:641} INFO - Processing file /home/airflow/.local/lib/python3.7/site-packages/airflow/example_dags/example_short_circuit_operator.py for tasks to queue
[2022-12-21 17:21:47,301] {logging_mixin.py:115} INFO - [2022-12-21 17:21:47,300] {dagbag.py:507} INFO - Filling up the DagBag from /home/airflow/.local/lib/python3.7/site-packages/airflow/example_dags/example_short_circuit_operator.py
[2022-12-21 17:21:47,310] {processor.py:651} INFO - DAG(s) dict_keys(['example_short_circuit_operator']) retrieved from /home/airflow/.local/lib/python3.7/site-packages/airflow/example_dags/example_short_circuit_operator.py
[2022-12-21 17:21:47,340] {logging_mixin.py:115} INFO - [2022-12-21 17:21:47,340] {dag.py:2371} INFO - Sync 1 DAGs
[2022-12-21 17:21:47,361] {logging_mixin.py:115} INFO - [2022-12-21 17:21:47,361] {dag.py:2919} INFO - Setting next_dagrun for example_short_circuit_operator to 2022-12-20T17:21:47.360966+00:00, run_after=2022-12-21T17:21:47.360966+00:00
[2022-12-21 17:21:47,372] {processor.py:161} INFO - Processing /home/airflow/.local/lib/python3.7/site-packages/airflow/example_dags/example_short_circuit_operator.py took 0.076 seconds
[2022-12-21 17:22:17,753] {processor.py:153} INFO - Started process (PID=25486) to work on /home/airflow/.local/lib/python3.7/site-packages/airflow/example_dags/example_short_circuit_operator.py
[2022-12-21 17:22:17,754] {processor.py:641} INFO - Processing file /home/airflow/.local/lib/python3.7/site-packages/airflow/example_dags/example_short_circuit_operator.py for tasks to queue
[2022-12-21 17:22:17,754] {logging_mixin.py:115} INFO - [2022-12-21 17:22:17,754] {dagbag.py:507} INFO - Filling up the DagBag from /home/airflow/.local/lib/python3.7/site-packages/airflow/example_dags/example_short_circuit_operator.py
[2022-12-21 17:22:17,762] {processor.py:651} INFO - DAG(s) dict_keys(['example_short_circuit_operator']) retrieved from /home/airflow/.local/lib/python3.7/site-packages/airflow/example_dags/example_short_circuit_operator.py
[2022-12-21 17:22:17,784] {logging_mixin.py:115} INFO - [2022-12-21 17:22:17,784] {dag.py:2371} INFO - Sync 1 DAGs
[2022-12-21 17:22:17,804] {logging_mixin.py:115} INFO - [2022-12-21 17:22:17,804] {dag.py:2919} INFO - Setting next_dagrun for example_short_circuit_operator to 2022-12-20T17:22:17.804271+00:00, run_after=2022-12-21T17:22:17.804271+00:00
[2022-12-21 17:22:17,815] {processor.py:161} INFO - Processing /home/airflow/.local/lib/python3.7/site-packages/airflow/example_dags/example_short_circuit_operator.py took 0.065 seconds
[2022-12-21 17:22:48,562] {processor.py:153} INFO - Started process (PID=25553) to work on /home/airflow/.local/lib/python3.7/site-packages/airflow/example_dags/example_short_circuit_operator.py
[2022-12-21 17:22:48,563] {processor.py:641} INFO - Processing file /home/airflow/.local/lib/python3.7/site-packages/airflow/example_dags/example_short_circuit_operator.py for tasks to queue
[2022-12-21 17:22:48,563] {logging_mixin.py:115} INFO - [2022-12-21 17:22:48,563] {dagbag.py:507} INFO - Filling up the DagBag from /home/airflow/.local/lib/python3.7/site-packages/airflow/example_dags/example_short_circuit_operator.py
[2022-12-21 17:22:48,571] {processor.py:651} INFO - DAG(s) dict_keys(['example_short_circuit_operator']) retrieved from /home/airflow/.local/lib/python3.7/site-packages/airflow/example_dags/example_short_circuit_operator.py
[2022-12-21 17:22:48,598] {logging_mixin.py:115} INFO - [2022-12-21 17:22:48,598] {dag.py:2371} INFO - Sync 1 DAGs
[2022-12-21 17:22:48,616] {logging_mixin.py:115} INFO - [2022-12-21 17:22:48,616] {dag.py:2919} INFO - Setting next_dagrun for example_short_circuit_operator to 2022-12-20T17:22:48.616210+00:00, run_after=2022-12-21T17:22:48.616210+00:00
[2022-12-21 17:22:48,628] {processor.py:161} INFO - Processing /home/airflow/.local/lib/python3.7/site-packages/airflow/example_dags/example_short_circuit_operator.py took 0.068 seconds
[2022-12-21 17:23:18,928] {processor.py:153} INFO - Started process (PID=25610) to work on /home/airflow/.local/lib/python3.7/site-packages/airflow/example_dags/example_short_circuit_operator.py
[2022-12-21 17:23:18,928] {processor.py:641} INFO - Processing file /home/airflow/.local/lib/python3.7/site-packages/airflow/example_dags/example_short_circuit_operator.py for tasks to queue
[2022-12-21 17:23:18,929] {logging_mixin.py:115} INFO - [2022-12-21 17:23:18,928] {dagbag.py:507} INFO - Filling up the DagBag from /home/airflow/.local/lib/python3.7/site-packages/airflow/example_dags/example_short_circuit_operator.py
[2022-12-21 17:23:18,936] {processor.py:651} INFO - DAG(s) dict_keys(['example_short_circuit_operator']) retrieved from /home/airflow/.local/lib/python3.7/site-packages/airflow/example_dags/example_short_circuit_operator.py
[2022-12-21 17:23:18,961] {logging_mixin.py:115} INFO - [2022-12-21 17:23:18,961] {dag.py:2371} INFO - Sync 1 DAGs
[2022-12-21 17:23:18,980] {logging_mixin.py:115} INFO - [2022-12-21 17:23:18,980] {dag.py:2919} INFO - Setting next_dagrun for example_short_circuit_operator to 2022-12-20T17:23:18.980286+00:00, run_after=2022-12-21T17:23:18.980286+00:00
[2022-12-21 17:23:18,992] {processor.py:161} INFO - Processing /home/airflow/.local/lib/python3.7/site-packages/airflow/example_dags/example_short_circuit_operator.py took 0.067 seconds
[2022-12-21 17:23:49,469] {processor.py:153} INFO - Started process (PID=25677) to work on /home/airflow/.local/lib/python3.7/site-packages/airflow/example_dags/example_short_circuit_operator.py
[2022-12-21 17:23:49,470] {processor.py:641} INFO - Processing file /home/airflow/.local/lib/python3.7/site-packages/airflow/example_dags/example_short_circuit_operator.py for tasks to queue
[2022-12-21 17:23:49,470] {logging_mixin.py:115} INFO - [2022-12-21 17:23:49,470] {dagbag.py:507} INFO - Filling up the DagBag from /home/airflow/.local/lib/python3.7/site-packages/airflow/example_dags/example_short_circuit_operator.py
[2022-12-21 17:23:49,479] {processor.py:651} INFO - DAG(s) dict_keys(['example_short_circuit_operator']) retrieved from /home/airflow/.local/lib/python3.7/site-packages/airflow/example_dags/example_short_circuit_operator.py
[2022-12-21 17:23:49,505] {logging_mixin.py:115} INFO - [2022-12-21 17:23:49,505] {dag.py:2371} INFO - Sync 1 DAGs
[2022-12-21 17:23:49,528] {logging_mixin.py:115} INFO - [2022-12-21 17:23:49,527] {dag.py:2919} INFO - Setting next_dagrun for example_short_circuit_operator to 2022-12-20T17:23:49.527749+00:00, run_after=2022-12-21T17:23:49.527749+00:00
[2022-12-21 17:23:49,538] {processor.py:161} INFO - Processing /home/airflow/.local/lib/python3.7/site-packages/airflow/example_dags/example_short_circuit_operator.py took 0.072 seconds
