[2022-12-21 16:55:23,447] {processor.py:153} INFO - Started process (PID=22110) to work on /home/airflow/.local/lib/python3.7/site-packages/airflow/example_dags/example_latest_only.py
[2022-12-21 16:55:23,447] {processor.py:641} INFO - Processing file /home/airflow/.local/lib/python3.7/site-packages/airflow/example_dags/example_latest_only.py for tasks to queue
[2022-12-21 16:55:23,448] {logging_mixin.py:115} INFO - [2022-12-21 16:55:23,448] {dagbag.py:507} INFO - Filling up the DagBag from /home/airflow/.local/lib/python3.7/site-packages/airflow/example_dags/example_latest_only.py
[2022-12-21 16:55:23,452] {processor.py:651} INFO - DAG(s) dict_keys(['latest_only']) retrieved from /home/airflow/.local/lib/python3.7/site-packages/airflow/example_dags/example_latest_only.py
[2022-12-21 16:55:23,475] {logging_mixin.py:115} INFO - [2022-12-21 16:55:23,475] {dag.py:2371} INFO - Sync 1 DAGs
[2022-12-21 16:55:23,493] {logging_mixin.py:115} INFO - [2022-12-21 16:55:23,493] {dag.py:2919} INFO - Setting next_dagrun for latest_only to 2022-12-21T12:55:23.493175+00:00, run_after=2022-12-21T16:55:23.493175+00:00
[2022-12-21 16:55:23,502] {processor.py:161} INFO - Processing /home/airflow/.local/lib/python3.7/site-packages/airflow/example_dags/example_latest_only.py took 0.058 seconds
[2022-12-21 16:55:53,927] {processor.py:153} INFO - Started process (PID=22176) to work on /home/airflow/.local/lib/python3.7/site-packages/airflow/example_dags/example_latest_only.py
[2022-12-21 16:55:53,927] {processor.py:641} INFO - Processing file /home/airflow/.local/lib/python3.7/site-packages/airflow/example_dags/example_latest_only.py for tasks to queue
[2022-12-21 16:55:53,928] {logging_mixin.py:115} INFO - [2022-12-21 16:55:53,928] {dagbag.py:507} INFO - Filling up the DagBag from /home/airflow/.local/lib/python3.7/site-packages/airflow/example_dags/example_latest_only.py
[2022-12-21 16:55:53,932] {processor.py:651} INFO - DAG(s) dict_keys(['latest_only']) retrieved from /home/airflow/.local/lib/python3.7/site-packages/airflow/example_dags/example_latest_only.py
[2022-12-21 16:55:53,953] {logging_mixin.py:115} INFO - [2022-12-21 16:55:53,953] {dag.py:2371} INFO - Sync 1 DAGs
[2022-12-21 16:55:53,968] {logging_mixin.py:115} INFO - [2022-12-21 16:55:53,968] {dag.py:2919} INFO - Setting next_dagrun for latest_only to 2022-12-21T12:55:53.968074+00:00, run_after=2022-12-21T16:55:53.968074+00:00
[2022-12-21 16:55:53,976] {processor.py:161} INFO - Processing /home/airflow/.local/lib/python3.7/site-packages/airflow/example_dags/example_latest_only.py took 0.052 seconds
[2022-12-21 16:56:24,290] {processor.py:153} INFO - Started process (PID=22242) to work on /home/airflow/.local/lib/python3.7/site-packages/airflow/example_dags/example_latest_only.py
[2022-12-21 16:56:24,290] {processor.py:641} INFO - Processing file /home/airflow/.local/lib/python3.7/site-packages/airflow/example_dags/example_latest_only.py for tasks to queue
[2022-12-21 16:56:24,291] {logging_mixin.py:115} INFO - [2022-12-21 16:56:24,291] {dagbag.py:507} INFO - Filling up the DagBag from /home/airflow/.local/lib/python3.7/site-packages/airflow/example_dags/example_latest_only.py
[2022-12-21 16:56:24,294] {processor.py:651} INFO - DAG(s) dict_keys(['latest_only']) retrieved from /home/airflow/.local/lib/python3.7/site-packages/airflow/example_dags/example_latest_only.py
[2022-12-21 16:56:24,311] {logging_mixin.py:115} INFO - [2022-12-21 16:56:24,311] {dag.py:2371} INFO - Sync 1 DAGs
[2022-12-21 16:56:24,325] {logging_mixin.py:115} INFO - [2022-12-21 16:56:24,325] {dag.py:2919} INFO - Setting next_dagrun for latest_only to 2022-12-21T12:56:24.325455+00:00, run_after=2022-12-21T16:56:24.325455+00:00
[2022-12-21 16:56:24,333] {processor.py:161} INFO - Processing /home/airflow/.local/lib/python3.7/site-packages/airflow/example_dags/example_latest_only.py took 0.045 seconds
[2022-12-21 16:56:54,719] {processor.py:153} INFO - Started process (PID=22307) to work on /home/airflow/.local/lib/python3.7/site-packages/airflow/example_dags/example_latest_only.py
[2022-12-21 16:56:54,719] {processor.py:641} INFO - Processing file /home/airflow/.local/lib/python3.7/site-packages/airflow/example_dags/example_latest_only.py for tasks to queue
[2022-12-21 16:56:54,720] {logging_mixin.py:115} INFO - [2022-12-21 16:56:54,720] {dagbag.py:507} INFO - Filling up the DagBag from /home/airflow/.local/lib/python3.7/site-packages/airflow/example_dags/example_latest_only.py
[2022-12-21 16:56:54,723] {processor.py:651} INFO - DAG(s) dict_keys(['latest_only']) retrieved from /home/airflow/.local/lib/python3.7/site-packages/airflow/example_dags/example_latest_only.py
[2022-12-21 16:56:54,743] {logging_mixin.py:115} INFO - [2022-12-21 16:56:54,743] {dag.py:2371} INFO - Sync 1 DAGs
[2022-12-21 16:56:54,759] {logging_mixin.py:115} INFO - [2022-12-21 16:56:54,759] {dag.py:2919} INFO - Setting next_dagrun for latest_only to 2022-12-21T12:56:54.758790+00:00, run_after=2022-12-21T16:56:54.758790+00:00
[2022-12-21 16:56:54,769] {processor.py:161} INFO - Processing /home/airflow/.local/lib/python3.7/site-packages/airflow/example_dags/example_latest_only.py took 0.052 seconds
[2022-12-21 16:57:25,222] {processor.py:153} INFO - Started process (PID=22366) to work on /home/airflow/.local/lib/python3.7/site-packages/airflow/example_dags/example_latest_only.py
[2022-12-21 16:57:25,223] {processor.py:641} INFO - Processing file /home/airflow/.local/lib/python3.7/site-packages/airflow/example_dags/example_latest_only.py for tasks to queue
[2022-12-21 16:57:25,223] {logging_mixin.py:115} INFO - [2022-12-21 16:57:25,223] {dagbag.py:507} INFO - Filling up the DagBag from /home/airflow/.local/lib/python3.7/site-packages/airflow/example_dags/example_latest_only.py
[2022-12-21 16:57:25,227] {processor.py:651} INFO - DAG(s) dict_keys(['latest_only']) retrieved from /home/airflow/.local/lib/python3.7/site-packages/airflow/example_dags/example_latest_only.py
[2022-12-21 16:57:25,243] {logging_mixin.py:115} INFO - [2022-12-21 16:57:25,243] {dag.py:2371} INFO - Sync 1 DAGs
[2022-12-21 16:57:25,257] {logging_mixin.py:115} INFO - [2022-12-21 16:57:25,257] {dag.py:2919} INFO - Setting next_dagrun for latest_only to 2022-12-21T12:57:25.257484+00:00, run_after=2022-12-21T16:57:25.257484+00:00
[2022-12-21 16:57:25,266] {processor.py:161} INFO - Processing /home/airflow/.local/lib/python3.7/site-packages/airflow/example_dags/example_latest_only.py took 0.046 seconds
[2022-12-21 16:57:55,523] {processor.py:153} INFO - Started process (PID=22433) to work on /home/airflow/.local/lib/python3.7/site-packages/airflow/example_dags/example_latest_only.py
[2022-12-21 16:57:55,524] {processor.py:641} INFO - Processing file /home/airflow/.local/lib/python3.7/site-packages/airflow/example_dags/example_latest_only.py for tasks to queue
[2022-12-21 16:57:55,524] {logging_mixin.py:115} INFO - [2022-12-21 16:57:55,524] {dagbag.py:507} INFO - Filling up the DagBag from /home/airflow/.local/lib/python3.7/site-packages/airflow/example_dags/example_latest_only.py
[2022-12-21 16:57:55,528] {processor.py:651} INFO - DAG(s) dict_keys(['latest_only']) retrieved from /home/airflow/.local/lib/python3.7/site-packages/airflow/example_dags/example_latest_only.py
[2022-12-21 16:57:55,544] {logging_mixin.py:115} INFO - [2022-12-21 16:57:55,544] {dag.py:2371} INFO - Sync 1 DAGs
[2022-12-21 16:57:55,557] {logging_mixin.py:115} INFO - [2022-12-21 16:57:55,557] {dag.py:2919} INFO - Setting next_dagrun for latest_only to 2022-12-21T12:57:55.557618+00:00, run_after=2022-12-21T16:57:55.557618+00:00
[2022-12-21 16:57:55,565] {processor.py:161} INFO - Processing /home/airflow/.local/lib/python3.7/site-packages/airflow/example_dags/example_latest_only.py took 0.044 seconds
[2022-12-21 16:58:25,972] {processor.py:153} INFO - Started process (PID=22499) to work on /home/airflow/.local/lib/python3.7/site-packages/airflow/example_dags/example_latest_only.py
[2022-12-21 16:58:25,972] {processor.py:641} INFO - Processing file /home/airflow/.local/lib/python3.7/site-packages/airflow/example_dags/example_latest_only.py for tasks to queue
[2022-12-21 16:58:25,973] {logging_mixin.py:115} INFO - [2022-12-21 16:58:25,972] {dagbag.py:507} INFO - Filling up the DagBag from /home/airflow/.local/lib/python3.7/site-packages/airflow/example_dags/example_latest_only.py
[2022-12-21 16:58:25,976] {processor.py:651} INFO - DAG(s) dict_keys(['latest_only']) retrieved from /home/airflow/.local/lib/python3.7/site-packages/airflow/example_dags/example_latest_only.py
[2022-12-21 16:58:25,995] {logging_mixin.py:115} INFO - [2022-12-21 16:58:25,995] {dag.py:2371} INFO - Sync 1 DAGs
[2022-12-21 16:58:26,010] {logging_mixin.py:115} INFO - [2022-12-21 16:58:26,010] {dag.py:2919} INFO - Setting next_dagrun for latest_only to 2022-12-21T12:58:26.010555+00:00, run_after=2022-12-21T16:58:26.010555+00:00
[2022-12-21 16:58:26,021] {processor.py:161} INFO - Processing /home/airflow/.local/lib/python3.7/site-packages/airflow/example_dags/example_latest_only.py took 0.051 seconds
[2022-12-21 16:58:56,602] {processor.py:153} INFO - Started process (PID=22565) to work on /home/airflow/.local/lib/python3.7/site-packages/airflow/example_dags/example_latest_only.py
[2022-12-21 16:58:56,602] {processor.py:641} INFO - Processing file /home/airflow/.local/lib/python3.7/site-packages/airflow/example_dags/example_latest_only.py for tasks to queue
[2022-12-21 16:58:56,603] {logging_mixin.py:115} INFO - [2022-12-21 16:58:56,602] {dagbag.py:507} INFO - Filling up the DagBag from /home/airflow/.local/lib/python3.7/site-packages/airflow/example_dags/example_latest_only.py
[2022-12-21 16:58:56,607] {processor.py:651} INFO - DAG(s) dict_keys(['latest_only']) retrieved from /home/airflow/.local/lib/python3.7/site-packages/airflow/example_dags/example_latest_only.py
[2022-12-21 16:58:56,625] {logging_mixin.py:115} INFO - [2022-12-21 16:58:56,625] {dag.py:2371} INFO - Sync 1 DAGs
[2022-12-21 16:58:56,642] {logging_mixin.py:115} INFO - [2022-12-21 16:58:56,642] {dag.py:2919} INFO - Setting next_dagrun for latest_only to 2022-12-21T12:58:56.642614+00:00, run_after=2022-12-21T16:58:56.642614+00:00
[2022-12-21 16:58:56,653] {processor.py:161} INFO - Processing /home/airflow/.local/lib/python3.7/site-packages/airflow/example_dags/example_latest_only.py took 0.053 seconds
[2022-12-21 16:59:26,989] {processor.py:153} INFO - Started process (PID=22623) to work on /home/airflow/.local/lib/python3.7/site-packages/airflow/example_dags/example_latest_only.py
[2022-12-21 16:59:26,989] {processor.py:641} INFO - Processing file /home/airflow/.local/lib/python3.7/site-packages/airflow/example_dags/example_latest_only.py for tasks to queue
[2022-12-21 16:59:26,990] {logging_mixin.py:115} INFO - [2022-12-21 16:59:26,990] {dagbag.py:507} INFO - Filling up the DagBag from /home/airflow/.local/lib/python3.7/site-packages/airflow/example_dags/example_latest_only.py
[2022-12-21 16:59:26,993] {processor.py:651} INFO - DAG(s) dict_keys(['latest_only']) retrieved from /home/airflow/.local/lib/python3.7/site-packages/airflow/example_dags/example_latest_only.py
[2022-12-21 16:59:27,012] {logging_mixin.py:115} INFO - [2022-12-21 16:59:27,012] {dag.py:2371} INFO - Sync 1 DAGs
[2022-12-21 16:59:27,026] {logging_mixin.py:115} INFO - [2022-12-21 16:59:27,026] {dag.py:2919} INFO - Setting next_dagrun for latest_only to 2022-12-21T12:59:27.026498+00:00, run_after=2022-12-21T16:59:27.026498+00:00
[2022-12-21 16:59:27,035] {processor.py:161} INFO - Processing /home/airflow/.local/lib/python3.7/site-packages/airflow/example_dags/example_latest_only.py took 0.048 seconds
[2022-12-21 16:59:57,509] {processor.py:153} INFO - Started process (PID=22689) to work on /home/airflow/.local/lib/python3.7/site-packages/airflow/example_dags/example_latest_only.py
[2022-12-21 16:59:57,509] {processor.py:641} INFO - Processing file /home/airflow/.local/lib/python3.7/site-packages/airflow/example_dags/example_latest_only.py for tasks to queue
[2022-12-21 16:59:57,510] {logging_mixin.py:115} INFO - [2022-12-21 16:59:57,510] {dagbag.py:507} INFO - Filling up the DagBag from /home/airflow/.local/lib/python3.7/site-packages/airflow/example_dags/example_latest_only.py
[2022-12-21 16:59:57,514] {processor.py:651} INFO - DAG(s) dict_keys(['latest_only']) retrieved from /home/airflow/.local/lib/python3.7/site-packages/airflow/example_dags/example_latest_only.py
[2022-12-21 16:59:57,533] {logging_mixin.py:115} INFO - [2022-12-21 16:59:57,533] {dag.py:2371} INFO - Sync 1 DAGs
[2022-12-21 16:59:57,553] {logging_mixin.py:115} INFO - [2022-12-21 16:59:57,553] {dag.py:2919} INFO - Setting next_dagrun for latest_only to 2022-12-21T12:59:57.552759+00:00, run_after=2022-12-21T16:59:57.552759+00:00
[2022-12-21 16:59:57,564] {processor.py:161} INFO - Processing /home/airflow/.local/lib/python3.7/site-packages/airflow/example_dags/example_latest_only.py took 0.058 seconds
[2022-12-21 17:00:28,121] {processor.py:153} INFO - Started process (PID=22756) to work on /home/airflow/.local/lib/python3.7/site-packages/airflow/example_dags/example_latest_only.py
[2022-12-21 17:00:28,122] {processor.py:641} INFO - Processing file /home/airflow/.local/lib/python3.7/site-packages/airflow/example_dags/example_latest_only.py for tasks to queue
[2022-12-21 17:00:28,122] {logging_mixin.py:115} INFO - [2022-12-21 17:00:28,122] {dagbag.py:507} INFO - Filling up the DagBag from /home/airflow/.local/lib/python3.7/site-packages/airflow/example_dags/example_latest_only.py
[2022-12-21 17:00:28,127] {processor.py:651} INFO - DAG(s) dict_keys(['latest_only']) retrieved from /home/airflow/.local/lib/python3.7/site-packages/airflow/example_dags/example_latest_only.py
[2022-12-21 17:00:28,147] {logging_mixin.py:115} INFO - [2022-12-21 17:00:28,146] {dag.py:2371} INFO - Sync 1 DAGs
[2022-12-21 17:00:28,166] {logging_mixin.py:115} INFO - [2022-12-21 17:00:28,166] {dag.py:2919} INFO - Setting next_dagrun for latest_only to 2022-12-21T13:00:28.166200+00:00, run_after=2022-12-21T17:00:28.166200+00:00
[2022-12-21 17:00:28,176] {processor.py:161} INFO - Processing /home/airflow/.local/lib/python3.7/site-packages/airflow/example_dags/example_latest_only.py took 0.057 seconds
[2022-12-21 17:00:58,639] {processor.py:153} INFO - Started process (PID=22812) to work on /home/airflow/.local/lib/python3.7/site-packages/airflow/example_dags/example_latest_only.py
[2022-12-21 17:00:58,640] {processor.py:641} INFO - Processing file /home/airflow/.local/lib/python3.7/site-packages/airflow/example_dags/example_latest_only.py for tasks to queue
[2022-12-21 17:00:58,640] {logging_mixin.py:115} INFO - [2022-12-21 17:00:58,640] {dagbag.py:507} INFO - Filling up the DagBag from /home/airflow/.local/lib/python3.7/site-packages/airflow/example_dags/example_latest_only.py
[2022-12-21 17:00:58,644] {processor.py:651} INFO - DAG(s) dict_keys(['latest_only']) retrieved from /home/airflow/.local/lib/python3.7/site-packages/airflow/example_dags/example_latest_only.py
[2022-12-21 17:00:58,665] {logging_mixin.py:115} INFO - [2022-12-21 17:00:58,665] {dag.py:2371} INFO - Sync 1 DAGs
[2022-12-21 17:00:58,684] {logging_mixin.py:115} INFO - [2022-12-21 17:00:58,684] {dag.py:2919} INFO - Setting next_dagrun for latest_only to 2022-12-21T13:00:58.683865+00:00, run_after=2022-12-21T17:00:58.683865+00:00
[2022-12-21 17:00:58,693] {processor.py:161} INFO - Processing /home/airflow/.local/lib/python3.7/site-packages/airflow/example_dags/example_latest_only.py took 0.056 seconds
[2022-12-21 17:01:29,134] {processor.py:153} INFO - Started process (PID=22879) to work on /home/airflow/.local/lib/python3.7/site-packages/airflow/example_dags/example_latest_only.py
[2022-12-21 17:01:29,134] {processor.py:641} INFO - Processing file /home/airflow/.local/lib/python3.7/site-packages/airflow/example_dags/example_latest_only.py for tasks to queue
[2022-12-21 17:01:29,135] {logging_mixin.py:115} INFO - [2022-12-21 17:01:29,134] {dagbag.py:507} INFO - Filling up the DagBag from /home/airflow/.local/lib/python3.7/site-packages/airflow/example_dags/example_latest_only.py
[2022-12-21 17:01:29,139] {processor.py:651} INFO - DAG(s) dict_keys(['latest_only']) retrieved from /home/airflow/.local/lib/python3.7/site-packages/airflow/example_dags/example_latest_only.py
[2022-12-21 17:01:29,160] {logging_mixin.py:115} INFO - [2022-12-21 17:01:29,160] {dag.py:2371} INFO - Sync 1 DAGs
[2022-12-21 17:01:29,176] {logging_mixin.py:115} INFO - [2022-12-21 17:01:29,176] {dag.py:2919} INFO - Setting next_dagrun for latest_only to 2022-12-21T13:01:29.176383+00:00, run_after=2022-12-21T17:01:29.176383+00:00
[2022-12-21 17:01:29,187] {processor.py:161} INFO - Processing /home/airflow/.local/lib/python3.7/site-packages/airflow/example_dags/example_latest_only.py took 0.056 seconds
[2022-12-21 17:01:59,763] {processor.py:153} INFO - Started process (PID=22944) to work on /home/airflow/.local/lib/python3.7/site-packages/airflow/example_dags/example_latest_only.py
[2022-12-21 17:01:59,764] {processor.py:641} INFO - Processing file /home/airflow/.local/lib/python3.7/site-packages/airflow/example_dags/example_latest_only.py for tasks to queue
[2022-12-21 17:01:59,764] {logging_mixin.py:115} INFO - [2022-12-21 17:01:59,764] {dagbag.py:507} INFO - Filling up the DagBag from /home/airflow/.local/lib/python3.7/site-packages/airflow/example_dags/example_latest_only.py
[2022-12-21 17:01:59,768] {processor.py:651} INFO - DAG(s) dict_keys(['latest_only']) retrieved from /home/airflow/.local/lib/python3.7/site-packages/airflow/example_dags/example_latest_only.py
[2022-12-21 17:01:59,788] {logging_mixin.py:115} INFO - [2022-12-21 17:01:59,788] {dag.py:2371} INFO - Sync 1 DAGs
[2022-12-21 17:01:59,808] {logging_mixin.py:115} INFO - [2022-12-21 17:01:59,808] {dag.py:2919} INFO - Setting next_dagrun for latest_only to 2022-12-21T13:01:59.807940+00:00, run_after=2022-12-21T17:01:59.807940+00:00
[2022-12-21 17:01:59,818] {processor.py:161} INFO - Processing /home/airflow/.local/lib/python3.7/site-packages/airflow/example_dags/example_latest_only.py took 0.057 seconds
[2022-12-21 17:02:30,327] {processor.py:153} INFO - Started process (PID=23010) to work on /home/airflow/.local/lib/python3.7/site-packages/airflow/example_dags/example_latest_only.py
[2022-12-21 17:02:30,328] {processor.py:641} INFO - Processing file /home/airflow/.local/lib/python3.7/site-packages/airflow/example_dags/example_latest_only.py for tasks to queue
[2022-12-21 17:02:30,328] {logging_mixin.py:115} INFO - [2022-12-21 17:02:30,328] {dagbag.py:507} INFO - Filling up the DagBag from /home/airflow/.local/lib/python3.7/site-packages/airflow/example_dags/example_latest_only.py
[2022-12-21 17:02:30,332] {processor.py:651} INFO - DAG(s) dict_keys(['latest_only']) retrieved from /home/airflow/.local/lib/python3.7/site-packages/airflow/example_dags/example_latest_only.py
[2022-12-21 17:02:30,352] {logging_mixin.py:115} INFO - [2022-12-21 17:02:30,351] {dag.py:2371} INFO - Sync 1 DAGs
[2022-12-21 17:02:30,369] {logging_mixin.py:115} INFO - [2022-12-21 17:02:30,369] {dag.py:2919} INFO - Setting next_dagrun for latest_only to 2022-12-21T13:02:30.368884+00:00, run_after=2022-12-21T17:02:30.368884+00:00
[2022-12-21 17:02:30,378] {processor.py:161} INFO - Processing /home/airflow/.local/lib/python3.7/site-packages/airflow/example_dags/example_latest_only.py took 0.053 seconds
[2022-12-21 17:03:01,090] {processor.py:153} INFO - Started process (PID=23067) to work on /home/airflow/.local/lib/python3.7/site-packages/airflow/example_dags/example_latest_only.py
[2022-12-21 17:03:01,091] {processor.py:641} INFO - Processing file /home/airflow/.local/lib/python3.7/site-packages/airflow/example_dags/example_latest_only.py for tasks to queue
[2022-12-21 17:03:01,091] {logging_mixin.py:115} INFO - [2022-12-21 17:03:01,091] {dagbag.py:507} INFO - Filling up the DagBag from /home/airflow/.local/lib/python3.7/site-packages/airflow/example_dags/example_latest_only.py
[2022-12-21 17:03:01,097] {processor.py:651} INFO - DAG(s) dict_keys(['latest_only']) retrieved from /home/airflow/.local/lib/python3.7/site-packages/airflow/example_dags/example_latest_only.py
[2022-12-21 17:03:01,119] {logging_mixin.py:115} INFO - [2022-12-21 17:03:01,119] {dag.py:2371} INFO - Sync 1 DAGs
[2022-12-21 17:03:01,142] {logging_mixin.py:115} INFO - [2022-12-21 17:03:01,142] {dag.py:2919} INFO - Setting next_dagrun for latest_only to 2022-12-21T13:03:01.142112+00:00, run_after=2022-12-21T17:03:01.142112+00:00
[2022-12-21 17:03:01,154] {processor.py:161} INFO - Processing /home/airflow/.local/lib/python3.7/site-packages/airflow/example_dags/example_latest_only.py took 0.066 seconds
[2022-12-21 17:03:31,898] {processor.py:153} INFO - Started process (PID=23133) to work on /home/airflow/.local/lib/python3.7/site-packages/airflow/example_dags/example_latest_only.py
[2022-12-21 17:03:31,898] {processor.py:641} INFO - Processing file /home/airflow/.local/lib/python3.7/site-packages/airflow/example_dags/example_latest_only.py for tasks to queue
[2022-12-21 17:03:31,898] {logging_mixin.py:115} INFO - [2022-12-21 17:03:31,898] {dagbag.py:507} INFO - Filling up the DagBag from /home/airflow/.local/lib/python3.7/site-packages/airflow/example_dags/example_latest_only.py
[2022-12-21 17:03:31,902] {processor.py:651} INFO - DAG(s) dict_keys(['latest_only']) retrieved from /home/airflow/.local/lib/python3.7/site-packages/airflow/example_dags/example_latest_only.py
[2022-12-21 17:03:31,925] {logging_mixin.py:115} INFO - [2022-12-21 17:03:31,925] {dag.py:2371} INFO - Sync 1 DAGs
[2022-12-21 17:03:31,943] {logging_mixin.py:115} INFO - [2022-12-21 17:03:31,942] {dag.py:2919} INFO - Setting next_dagrun for latest_only to 2022-12-21T13:03:31.942802+00:00, run_after=2022-12-21T17:03:31.942802+00:00
[2022-12-21 17:03:31,956] {processor.py:161} INFO - Processing /home/airflow/.local/lib/python3.7/site-packages/airflow/example_dags/example_latest_only.py took 0.061 seconds
[2022-12-21 17:04:02,422] {processor.py:153} INFO - Started process (PID=23200) to work on /home/airflow/.local/lib/python3.7/site-packages/airflow/example_dags/example_latest_only.py
[2022-12-21 17:04:02,423] {processor.py:641} INFO - Processing file /home/airflow/.local/lib/python3.7/site-packages/airflow/example_dags/example_latest_only.py for tasks to queue
[2022-12-21 17:04:02,423] {logging_mixin.py:115} INFO - [2022-12-21 17:04:02,423] {dagbag.py:507} INFO - Filling up the DagBag from /home/airflow/.local/lib/python3.7/site-packages/airflow/example_dags/example_latest_only.py
[2022-12-21 17:04:02,428] {processor.py:651} INFO - DAG(s) dict_keys(['latest_only']) retrieved from /home/airflow/.local/lib/python3.7/site-packages/airflow/example_dags/example_latest_only.py
[2022-12-21 17:04:02,451] {logging_mixin.py:115} INFO - [2022-12-21 17:04:02,451] {dag.py:2371} INFO - Sync 1 DAGs
[2022-12-21 17:04:02,470] {logging_mixin.py:115} INFO - [2022-12-21 17:04:02,470] {dag.py:2919} INFO - Setting next_dagrun for latest_only to 2022-12-21T13:04:02.470604+00:00, run_after=2022-12-21T17:04:02.470604+00:00
[2022-12-21 17:04:02,480] {processor.py:161} INFO - Processing /home/airflow/.local/lib/python3.7/site-packages/airflow/example_dags/example_latest_only.py took 0.060 seconds
[2022-12-21 17:04:33,078] {processor.py:153} INFO - Started process (PID=23266) to work on /home/airflow/.local/lib/python3.7/site-packages/airflow/example_dags/example_latest_only.py
[2022-12-21 17:04:33,079] {processor.py:641} INFO - Processing file /home/airflow/.local/lib/python3.7/site-packages/airflow/example_dags/example_latest_only.py for tasks to queue
[2022-12-21 17:04:33,079] {logging_mixin.py:115} INFO - [2022-12-21 17:04:33,079] {dagbag.py:507} INFO - Filling up the DagBag from /home/airflow/.local/lib/python3.7/site-packages/airflow/example_dags/example_latest_only.py
[2022-12-21 17:04:33,083] {processor.py:651} INFO - DAG(s) dict_keys(['latest_only']) retrieved from /home/airflow/.local/lib/python3.7/site-packages/airflow/example_dags/example_latest_only.py
[2022-12-21 17:04:33,107] {logging_mixin.py:115} INFO - [2022-12-21 17:04:33,107] {dag.py:2371} INFO - Sync 1 DAGs
[2022-12-21 17:04:33,128] {logging_mixin.py:115} INFO - [2022-12-21 17:04:33,128] {dag.py:2919} INFO - Setting next_dagrun for latest_only to 2022-12-21T13:04:33.128350+00:00, run_after=2022-12-21T17:04:33.128350+00:00
[2022-12-21 17:04:33,137] {processor.py:161} INFO - Processing /home/airflow/.local/lib/python3.7/site-packages/airflow/example_dags/example_latest_only.py took 0.062 seconds
[2022-12-21 17:05:03,608] {processor.py:153} INFO - Started process (PID=23323) to work on /home/airflow/.local/lib/python3.7/site-packages/airflow/example_dags/example_latest_only.py
[2022-12-21 17:05:03,609] {processor.py:641} INFO - Processing file /home/airflow/.local/lib/python3.7/site-packages/airflow/example_dags/example_latest_only.py for tasks to queue
[2022-12-21 17:05:03,609] {logging_mixin.py:115} INFO - [2022-12-21 17:05:03,609] {dagbag.py:507} INFO - Filling up the DagBag from /home/airflow/.local/lib/python3.7/site-packages/airflow/example_dags/example_latest_only.py
[2022-12-21 17:05:03,613] {processor.py:651} INFO - DAG(s) dict_keys(['latest_only']) retrieved from /home/airflow/.local/lib/python3.7/site-packages/airflow/example_dags/example_latest_only.py
[2022-12-21 17:05:03,630] {logging_mixin.py:115} INFO - [2022-12-21 17:05:03,630] {dag.py:2371} INFO - Sync 1 DAGs
[2022-12-21 17:05:03,650] {logging_mixin.py:115} INFO - [2022-12-21 17:05:03,650] {dag.py:2919} INFO - Setting next_dagrun for latest_only to 2022-12-21T13:05:03.650403+00:00, run_after=2022-12-21T17:05:03.650403+00:00
[2022-12-21 17:05:03,660] {processor.py:161} INFO - Processing /home/airflow/.local/lib/python3.7/site-packages/airflow/example_dags/example_latest_only.py took 0.054 seconds
[2022-12-21 17:05:34,216] {processor.py:153} INFO - Started process (PID=23388) to work on /home/airflow/.local/lib/python3.7/site-packages/airflow/example_dags/example_latest_only.py
[2022-12-21 17:05:34,217] {processor.py:641} INFO - Processing file /home/airflow/.local/lib/python3.7/site-packages/airflow/example_dags/example_latest_only.py for tasks to queue
[2022-12-21 17:05:34,217] {logging_mixin.py:115} INFO - [2022-12-21 17:05:34,217] {dagbag.py:507} INFO - Filling up the DagBag from /home/airflow/.local/lib/python3.7/site-packages/airflow/example_dags/example_latest_only.py
[2022-12-21 17:05:34,221] {processor.py:651} INFO - DAG(s) dict_keys(['latest_only']) retrieved from /home/airflow/.local/lib/python3.7/site-packages/airflow/example_dags/example_latest_only.py
[2022-12-21 17:05:34,242] {logging_mixin.py:115} INFO - [2022-12-21 17:05:34,242] {dag.py:2371} INFO - Sync 1 DAGs
[2022-12-21 17:05:34,258] {logging_mixin.py:115} INFO - [2022-12-21 17:05:34,258] {dag.py:2919} INFO - Setting next_dagrun for latest_only to 2022-12-21T13:05:34.257897+00:00, run_after=2022-12-21T17:05:34.257897+00:00
[2022-12-21 17:05:34,267] {processor.py:161} INFO - Processing /home/airflow/.local/lib/python3.7/site-packages/airflow/example_dags/example_latest_only.py took 0.054 seconds
[2022-12-21 17:06:05,212] {processor.py:153} INFO - Started process (PID=23455) to work on /home/airflow/.local/lib/python3.7/site-packages/airflow/example_dags/example_latest_only.py
[2022-12-21 17:06:05,212] {processor.py:641} INFO - Processing file /home/airflow/.local/lib/python3.7/site-packages/airflow/example_dags/example_latest_only.py for tasks to queue
[2022-12-21 17:06:05,213] {logging_mixin.py:115} INFO - [2022-12-21 17:06:05,213] {dagbag.py:507} INFO - Filling up the DagBag from /home/airflow/.local/lib/python3.7/site-packages/airflow/example_dags/example_latest_only.py
[2022-12-21 17:06:05,217] {processor.py:651} INFO - DAG(s) dict_keys(['latest_only']) retrieved from /home/airflow/.local/lib/python3.7/site-packages/airflow/example_dags/example_latest_only.py
[2022-12-21 17:06:05,243] {logging_mixin.py:115} INFO - [2022-12-21 17:06:05,243] {dag.py:2371} INFO - Sync 1 DAGs
[2022-12-21 17:06:05,263] {logging_mixin.py:115} INFO - [2022-12-21 17:06:05,263] {dag.py:2919} INFO - Setting next_dagrun for latest_only to 2022-12-21T13:06:05.263012+00:00, run_after=2022-12-21T17:06:05.263012+00:00
[2022-12-21 17:06:05,274] {processor.py:161} INFO - Processing /home/airflow/.local/lib/python3.7/site-packages/airflow/example_dags/example_latest_only.py took 0.064 seconds
[2022-12-21 17:06:35,727] {processor.py:153} INFO - Started process (PID=23522) to work on /home/airflow/.local/lib/python3.7/site-packages/airflow/example_dags/example_latest_only.py
[2022-12-21 17:06:35,727] {processor.py:641} INFO - Processing file /home/airflow/.local/lib/python3.7/site-packages/airflow/example_dags/example_latest_only.py for tasks to queue
[2022-12-21 17:06:35,728] {logging_mixin.py:115} INFO - [2022-12-21 17:06:35,728] {dagbag.py:507} INFO - Filling up the DagBag from /home/airflow/.local/lib/python3.7/site-packages/airflow/example_dags/example_latest_only.py
[2022-12-21 17:06:35,733] {processor.py:651} INFO - DAG(s) dict_keys(['latest_only']) retrieved from /home/airflow/.local/lib/python3.7/site-packages/airflow/example_dags/example_latest_only.py
[2022-12-21 17:06:35,754] {logging_mixin.py:115} INFO - [2022-12-21 17:06:35,754] {dag.py:2371} INFO - Sync 1 DAGs
[2022-12-21 17:06:35,772] {logging_mixin.py:115} INFO - [2022-12-21 17:06:35,772] {dag.py:2919} INFO - Setting next_dagrun for latest_only to 2022-12-21T13:06:35.772104+00:00, run_after=2022-12-21T17:06:35.772104+00:00
[2022-12-21 17:06:35,781] {processor.py:161} INFO - Processing /home/airflow/.local/lib/python3.7/site-packages/airflow/example_dags/example_latest_only.py took 0.058 seconds
[2022-12-21 17:07:06,290] {processor.py:153} INFO - Started process (PID=23579) to work on /home/airflow/.local/lib/python3.7/site-packages/airflow/example_dags/example_latest_only.py
[2022-12-21 17:07:06,291] {processor.py:641} INFO - Processing file /home/airflow/.local/lib/python3.7/site-packages/airflow/example_dags/example_latest_only.py for tasks to queue
[2022-12-21 17:07:06,292] {logging_mixin.py:115} INFO - [2022-12-21 17:07:06,291] {dagbag.py:507} INFO - Filling up the DagBag from /home/airflow/.local/lib/python3.7/site-packages/airflow/example_dags/example_latest_only.py
[2022-12-21 17:07:06,296] {processor.py:651} INFO - DAG(s) dict_keys(['latest_only']) retrieved from /home/airflow/.local/lib/python3.7/site-packages/airflow/example_dags/example_latest_only.py
[2022-12-21 17:07:06,316] {logging_mixin.py:115} INFO - [2022-12-21 17:07:06,316] {dag.py:2371} INFO - Sync 1 DAGs
[2022-12-21 17:07:06,333] {logging_mixin.py:115} INFO - [2022-12-21 17:07:06,333] {dag.py:2919} INFO - Setting next_dagrun for latest_only to 2022-12-21T13:07:06.333553+00:00, run_after=2022-12-21T17:07:06.333553+00:00
[2022-12-21 17:07:06,343] {processor.py:161} INFO - Processing /home/airflow/.local/lib/python3.7/site-packages/airflow/example_dags/example_latest_only.py took 0.055 seconds
[2022-12-21 17:07:36,830] {processor.py:153} INFO - Started process (PID=23644) to work on /home/airflow/.local/lib/python3.7/site-packages/airflow/example_dags/example_latest_only.py
[2022-12-21 17:07:36,831] {processor.py:641} INFO - Processing file /home/airflow/.local/lib/python3.7/site-packages/airflow/example_dags/example_latest_only.py for tasks to queue
[2022-12-21 17:07:36,832] {logging_mixin.py:115} INFO - [2022-12-21 17:07:36,832] {dagbag.py:507} INFO - Filling up the DagBag from /home/airflow/.local/lib/python3.7/site-packages/airflow/example_dags/example_latest_only.py
[2022-12-21 17:07:36,837] {processor.py:651} INFO - DAG(s) dict_keys(['latest_only']) retrieved from /home/airflow/.local/lib/python3.7/site-packages/airflow/example_dags/example_latest_only.py
[2022-12-21 17:07:36,859] {logging_mixin.py:115} INFO - [2022-12-21 17:07:36,859] {dag.py:2371} INFO - Sync 1 DAGs
[2022-12-21 17:07:36,886] {logging_mixin.py:115} INFO - [2022-12-21 17:07:36,886] {dag.py:2919} INFO - Setting next_dagrun for latest_only to 2022-12-21T13:07:36.886033+00:00, run_after=2022-12-21T17:07:36.886033+00:00
[2022-12-21 17:07:36,898] {processor.py:161} INFO - Processing /home/airflow/.local/lib/python3.7/site-packages/airflow/example_dags/example_latest_only.py took 0.070 seconds
[2022-12-21 17:08:07,418] {processor.py:153} INFO - Started process (PID=23710) to work on /home/airflow/.local/lib/python3.7/site-packages/airflow/example_dags/example_latest_only.py
[2022-12-21 17:08:07,419] {processor.py:641} INFO - Processing file /home/airflow/.local/lib/python3.7/site-packages/airflow/example_dags/example_latest_only.py for tasks to queue
[2022-12-21 17:08:07,419] {logging_mixin.py:115} INFO - [2022-12-21 17:08:07,419] {dagbag.py:507} INFO - Filling up the DagBag from /home/airflow/.local/lib/python3.7/site-packages/airflow/example_dags/example_latest_only.py
[2022-12-21 17:08:07,424] {processor.py:651} INFO - DAG(s) dict_keys(['latest_only']) retrieved from /home/airflow/.local/lib/python3.7/site-packages/airflow/example_dags/example_latest_only.py
[2022-12-21 17:08:07,446] {logging_mixin.py:115} INFO - [2022-12-21 17:08:07,446] {dag.py:2371} INFO - Sync 1 DAGs
[2022-12-21 17:08:07,466] {logging_mixin.py:115} INFO - [2022-12-21 17:08:07,466] {dag.py:2919} INFO - Setting next_dagrun for latest_only to 2022-12-21T13:08:07.466230+00:00, run_after=2022-12-21T17:08:07.466230+00:00
[2022-12-21 17:08:07,476] {processor.py:161} INFO - Processing /home/airflow/.local/lib/python3.7/site-packages/airflow/example_dags/example_latest_only.py took 0.061 seconds
[2022-12-21 17:08:38,001] {processor.py:153} INFO - Started process (PID=23777) to work on /home/airflow/.local/lib/python3.7/site-packages/airflow/example_dags/example_latest_only.py
[2022-12-21 17:08:38,001] {processor.py:641} INFO - Processing file /home/airflow/.local/lib/python3.7/site-packages/airflow/example_dags/example_latest_only.py for tasks to queue
[2022-12-21 17:08:38,002] {logging_mixin.py:115} INFO - [2022-12-21 17:08:38,002] {dagbag.py:507} INFO - Filling up the DagBag from /home/airflow/.local/lib/python3.7/site-packages/airflow/example_dags/example_latest_only.py
[2022-12-21 17:08:38,007] {processor.py:651} INFO - DAG(s) dict_keys(['latest_only']) retrieved from /home/airflow/.local/lib/python3.7/site-packages/airflow/example_dags/example_latest_only.py
[2022-12-21 17:08:38,029] {logging_mixin.py:115} INFO - [2022-12-21 17:08:38,029] {dag.py:2371} INFO - Sync 1 DAGs
[2022-12-21 17:08:38,048] {logging_mixin.py:115} INFO - [2022-12-21 17:08:38,048] {dag.py:2919} INFO - Setting next_dagrun for latest_only to 2022-12-21T13:08:38.048512+00:00, run_after=2022-12-21T17:08:38.048512+00:00
[2022-12-21 17:08:38,061] {processor.py:161} INFO - Processing /home/airflow/.local/lib/python3.7/site-packages/airflow/example_dags/example_latest_only.py took 0.064 seconds
[2022-12-21 17:09:08,659] {processor.py:153} INFO - Started process (PID=23834) to work on /home/airflow/.local/lib/python3.7/site-packages/airflow/example_dags/example_latest_only.py
[2022-12-21 17:09:08,660] {processor.py:641} INFO - Processing file /home/airflow/.local/lib/python3.7/site-packages/airflow/example_dags/example_latest_only.py for tasks to queue
[2022-12-21 17:09:08,660] {logging_mixin.py:115} INFO - [2022-12-21 17:09:08,660] {dagbag.py:507} INFO - Filling up the DagBag from /home/airflow/.local/lib/python3.7/site-packages/airflow/example_dags/example_latest_only.py
[2022-12-21 17:09:08,665] {processor.py:651} INFO - DAG(s) dict_keys(['latest_only']) retrieved from /home/airflow/.local/lib/python3.7/site-packages/airflow/example_dags/example_latest_only.py
[2022-12-21 17:09:08,685] {logging_mixin.py:115} INFO - [2022-12-21 17:09:08,685] {dag.py:2371} INFO - Sync 1 DAGs
[2022-12-21 17:09:08,703] {logging_mixin.py:115} INFO - [2022-12-21 17:09:08,703] {dag.py:2919} INFO - Setting next_dagrun for latest_only to 2022-12-21T13:09:08.703231+00:00, run_after=2022-12-21T17:09:08.703231+00:00
[2022-12-21 17:09:08,713] {processor.py:161} INFO - Processing /home/airflow/.local/lib/python3.7/site-packages/airflow/example_dags/example_latest_only.py took 0.057 seconds
[2022-12-21 17:09:39,373] {processor.py:153} INFO - Started process (PID=23901) to work on /home/airflow/.local/lib/python3.7/site-packages/airflow/example_dags/example_latest_only.py
[2022-12-21 17:09:39,373] {processor.py:641} INFO - Processing file /home/airflow/.local/lib/python3.7/site-packages/airflow/example_dags/example_latest_only.py for tasks to queue
[2022-12-21 17:09:39,374] {logging_mixin.py:115} INFO - [2022-12-21 17:09:39,374] {dagbag.py:507} INFO - Filling up the DagBag from /home/airflow/.local/lib/python3.7/site-packages/airflow/example_dags/example_latest_only.py
[2022-12-21 17:09:39,378] {processor.py:651} INFO - DAG(s) dict_keys(['latest_only']) retrieved from /home/airflow/.local/lib/python3.7/site-packages/airflow/example_dags/example_latest_only.py
[2022-12-21 17:09:39,398] {logging_mixin.py:115} INFO - [2022-12-21 17:09:39,398] {dag.py:2371} INFO - Sync 1 DAGs
[2022-12-21 17:09:39,417] {logging_mixin.py:115} INFO - [2022-12-21 17:09:39,416] {dag.py:2919} INFO - Setting next_dagrun for latest_only to 2022-12-21T13:09:39.416770+00:00, run_after=2022-12-21T17:09:39.416770+00:00
[2022-12-21 17:09:39,427] {processor.py:161} INFO - Processing /home/airflow/.local/lib/python3.7/site-packages/airflow/example_dags/example_latest_only.py took 0.056 seconds
[2022-12-21 17:10:10,116] {processor.py:153} INFO - Started process (PID=23968) to work on /home/airflow/.local/lib/python3.7/site-packages/airflow/example_dags/example_latest_only.py
[2022-12-21 17:10:10,116] {processor.py:641} INFO - Processing file /home/airflow/.local/lib/python3.7/site-packages/airflow/example_dags/example_latest_only.py for tasks to queue
[2022-12-21 17:10:10,117] {logging_mixin.py:115} INFO - [2022-12-21 17:10:10,117] {dagbag.py:507} INFO - Filling up the DagBag from /home/airflow/.local/lib/python3.7/site-packages/airflow/example_dags/example_latest_only.py
[2022-12-21 17:10:10,122] {processor.py:651} INFO - DAG(s) dict_keys(['latest_only']) retrieved from /home/airflow/.local/lib/python3.7/site-packages/airflow/example_dags/example_latest_only.py
[2022-12-21 17:10:10,147] {logging_mixin.py:115} INFO - [2022-12-21 17:10:10,147] {dag.py:2371} INFO - Sync 1 DAGs
[2022-12-21 17:10:10,167] {logging_mixin.py:115} INFO - [2022-12-21 17:10:10,167] {dag.py:2919} INFO - Setting next_dagrun for latest_only to 2022-12-21T13:10:10.167637+00:00, run_after=2022-12-21T17:10:10.167637+00:00
[2022-12-21 17:10:10,179] {processor.py:161} INFO - Processing /home/airflow/.local/lib/python3.7/site-packages/airflow/example_dags/example_latest_only.py took 0.066 seconds
[2022-12-21 17:10:40,730] {processor.py:153} INFO - Started process (PID=24035) to work on /home/airflow/.local/lib/python3.7/site-packages/airflow/example_dags/example_latest_only.py
[2022-12-21 17:10:40,731] {processor.py:641} INFO - Processing file /home/airflow/.local/lib/python3.7/site-packages/airflow/example_dags/example_latest_only.py for tasks to queue
[2022-12-21 17:10:40,731] {logging_mixin.py:115} INFO - [2022-12-21 17:10:40,731] {dagbag.py:507} INFO - Filling up the DagBag from /home/airflow/.local/lib/python3.7/site-packages/airflow/example_dags/example_latest_only.py
[2022-12-21 17:10:40,735] {processor.py:651} INFO - DAG(s) dict_keys(['latest_only']) retrieved from /home/airflow/.local/lib/python3.7/site-packages/airflow/example_dags/example_latest_only.py
[2022-12-21 17:10:40,755] {logging_mixin.py:115} INFO - [2022-12-21 17:10:40,755] {dag.py:2371} INFO - Sync 1 DAGs
[2022-12-21 17:10:40,770] {logging_mixin.py:115} INFO - [2022-12-21 17:10:40,770] {dag.py:2919} INFO - Setting next_dagrun for latest_only to 2022-12-21T13:10:40.770584+00:00, run_after=2022-12-21T17:10:40.770584+00:00
[2022-12-21 17:10:40,780] {processor.py:161} INFO - Processing /home/airflow/.local/lib/python3.7/site-packages/airflow/example_dags/example_latest_only.py took 0.053 seconds
[2022-12-21 17:11:11,325] {processor.py:153} INFO - Started process (PID=24091) to work on /home/airflow/.local/lib/python3.7/site-packages/airflow/example_dags/example_latest_only.py
[2022-12-21 17:11:11,325] {processor.py:641} INFO - Processing file /home/airflow/.local/lib/python3.7/site-packages/airflow/example_dags/example_latest_only.py for tasks to queue
[2022-12-21 17:11:11,326] {logging_mixin.py:115} INFO - [2022-12-21 17:11:11,326] {dagbag.py:507} INFO - Filling up the DagBag from /home/airflow/.local/lib/python3.7/site-packages/airflow/example_dags/example_latest_only.py
[2022-12-21 17:11:11,330] {processor.py:651} INFO - DAG(s) dict_keys(['latest_only']) retrieved from /home/airflow/.local/lib/python3.7/site-packages/airflow/example_dags/example_latest_only.py
[2022-12-21 17:11:11,352] {logging_mixin.py:115} INFO - [2022-12-21 17:11:11,352] {dag.py:2371} INFO - Sync 1 DAGs
[2022-12-21 17:11:11,371] {logging_mixin.py:115} INFO - [2022-12-21 17:11:11,371] {dag.py:2919} INFO - Setting next_dagrun for latest_only to 2022-12-21T13:11:11.370942+00:00, run_after=2022-12-21T17:11:11.370942+00:00
[2022-12-21 17:11:11,383] {processor.py:161} INFO - Processing /home/airflow/.local/lib/python3.7/site-packages/airflow/example_dags/example_latest_only.py took 0.061 seconds
[2022-12-21 17:11:41,892] {processor.py:153} INFO - Started process (PID=24157) to work on /home/airflow/.local/lib/python3.7/site-packages/airflow/example_dags/example_latest_only.py
[2022-12-21 17:11:41,892] {processor.py:641} INFO - Processing file /home/airflow/.local/lib/python3.7/site-packages/airflow/example_dags/example_latest_only.py for tasks to queue
[2022-12-21 17:11:41,893] {logging_mixin.py:115} INFO - [2022-12-21 17:11:41,893] {dagbag.py:507} INFO - Filling up the DagBag from /home/airflow/.local/lib/python3.7/site-packages/airflow/example_dags/example_latest_only.py
[2022-12-21 17:11:41,897] {processor.py:651} INFO - DAG(s) dict_keys(['latest_only']) retrieved from /home/airflow/.local/lib/python3.7/site-packages/airflow/example_dags/example_latest_only.py
[2022-12-21 17:11:41,915] {logging_mixin.py:115} INFO - [2022-12-21 17:11:41,915] {dag.py:2371} INFO - Sync 1 DAGs
[2022-12-21 17:11:41,939] {logging_mixin.py:115} INFO - [2022-12-21 17:11:41,939] {dag.py:2919} INFO - Setting next_dagrun for latest_only to 2022-12-21T13:11:41.938834+00:00, run_after=2022-12-21T17:11:41.938834+00:00
[2022-12-21 17:11:41,950] {processor.py:161} INFO - Processing /home/airflow/.local/lib/python3.7/site-packages/airflow/example_dags/example_latest_only.py took 0.060 seconds
[2022-12-21 17:12:12,521] {processor.py:153} INFO - Started process (PID=24223) to work on /home/airflow/.local/lib/python3.7/site-packages/airflow/example_dags/example_latest_only.py
[2022-12-21 17:12:12,522] {processor.py:641} INFO - Processing file /home/airflow/.local/lib/python3.7/site-packages/airflow/example_dags/example_latest_only.py for tasks to queue
[2022-12-21 17:12:12,522] {logging_mixin.py:115} INFO - [2022-12-21 17:12:12,522] {dagbag.py:507} INFO - Filling up the DagBag from /home/airflow/.local/lib/python3.7/site-packages/airflow/example_dags/example_latest_only.py
[2022-12-21 17:12:12,527] {processor.py:651} INFO - DAG(s) dict_keys(['latest_only']) retrieved from /home/airflow/.local/lib/python3.7/site-packages/airflow/example_dags/example_latest_only.py
[2022-12-21 17:12:12,549] {logging_mixin.py:115} INFO - [2022-12-21 17:12:12,549] {dag.py:2371} INFO - Sync 1 DAGs
[2022-12-21 17:12:12,569] {logging_mixin.py:115} INFO - [2022-12-21 17:12:12,569] {dag.py:2919} INFO - Setting next_dagrun for latest_only to 2022-12-21T13:12:12.569089+00:00, run_after=2022-12-21T17:12:12.569089+00:00
[2022-12-21 17:12:12,579] {processor.py:161} INFO - Processing /home/airflow/.local/lib/python3.7/site-packages/airflow/example_dags/example_latest_only.py took 0.062 seconds
[2022-12-21 17:12:43,084] {processor.py:153} INFO - Started process (PID=24281) to work on /home/airflow/.local/lib/python3.7/site-packages/airflow/example_dags/example_latest_only.py
[2022-12-21 17:12:43,084] {processor.py:641} INFO - Processing file /home/airflow/.local/lib/python3.7/site-packages/airflow/example_dags/example_latest_only.py for tasks to queue
[2022-12-21 17:12:43,085] {logging_mixin.py:115} INFO - [2022-12-21 17:12:43,085] {dagbag.py:507} INFO - Filling up the DagBag from /home/airflow/.local/lib/python3.7/site-packages/airflow/example_dags/example_latest_only.py
[2022-12-21 17:12:43,090] {processor.py:651} INFO - DAG(s) dict_keys(['latest_only']) retrieved from /home/airflow/.local/lib/python3.7/site-packages/airflow/example_dags/example_latest_only.py
[2022-12-21 17:12:43,110] {logging_mixin.py:115} INFO - [2022-12-21 17:12:43,110] {dag.py:2371} INFO - Sync 1 DAGs
[2022-12-21 17:12:43,128] {logging_mixin.py:115} INFO - [2022-12-21 17:12:43,128] {dag.py:2919} INFO - Setting next_dagrun for latest_only to 2022-12-21T13:12:43.128086+00:00, run_after=2022-12-21T17:12:43.128086+00:00
[2022-12-21 17:12:43,139] {processor.py:161} INFO - Processing /home/airflow/.local/lib/python3.7/site-packages/airflow/example_dags/example_latest_only.py took 0.057 seconds
[2022-12-21 17:13:13,548] {processor.py:153} INFO - Started process (PID=24346) to work on /home/airflow/.local/lib/python3.7/site-packages/airflow/example_dags/example_latest_only.py
[2022-12-21 17:13:13,548] {processor.py:641} INFO - Processing file /home/airflow/.local/lib/python3.7/site-packages/airflow/example_dags/example_latest_only.py for tasks to queue
[2022-12-21 17:13:13,549] {logging_mixin.py:115} INFO - [2022-12-21 17:13:13,549] {dagbag.py:507} INFO - Filling up the DagBag from /home/airflow/.local/lib/python3.7/site-packages/airflow/example_dags/example_latest_only.py
[2022-12-21 17:13:13,553] {processor.py:651} INFO - DAG(s) dict_keys(['latest_only']) retrieved from /home/airflow/.local/lib/python3.7/site-packages/airflow/example_dags/example_latest_only.py
[2022-12-21 17:13:13,571] {logging_mixin.py:115} INFO - [2022-12-21 17:13:13,571] {dag.py:2371} INFO - Sync 1 DAGs
[2022-12-21 17:13:13,587] {logging_mixin.py:115} INFO - [2022-12-21 17:13:13,587] {dag.py:2919} INFO - Setting next_dagrun for latest_only to 2022-12-21T13:13:13.587008+00:00, run_after=2022-12-21T17:13:13.587008+00:00
[2022-12-21 17:13:13,597] {processor.py:161} INFO - Processing /home/airflow/.local/lib/python3.7/site-packages/airflow/example_dags/example_latest_only.py took 0.051 seconds
[2022-12-21 17:13:44,125] {processor.py:153} INFO - Started process (PID=24412) to work on /home/airflow/.local/lib/python3.7/site-packages/airflow/example_dags/example_latest_only.py
[2022-12-21 17:13:44,125] {processor.py:641} INFO - Processing file /home/airflow/.local/lib/python3.7/site-packages/airflow/example_dags/example_latest_only.py for tasks to queue
[2022-12-21 17:13:44,126] {logging_mixin.py:115} INFO - [2022-12-21 17:13:44,126] {dagbag.py:507} INFO - Filling up the DagBag from /home/airflow/.local/lib/python3.7/site-packages/airflow/example_dags/example_latest_only.py
[2022-12-21 17:13:44,132] {processor.py:651} INFO - DAG(s) dict_keys(['latest_only']) retrieved from /home/airflow/.local/lib/python3.7/site-packages/airflow/example_dags/example_latest_only.py
[2022-12-21 17:13:44,154] {logging_mixin.py:115} INFO - [2022-12-21 17:13:44,154] {dag.py:2371} INFO - Sync 1 DAGs
[2022-12-21 17:13:44,174] {logging_mixin.py:115} INFO - [2022-12-21 17:13:44,174] {dag.py:2919} INFO - Setting next_dagrun for latest_only to 2022-12-21T13:13:44.174011+00:00, run_after=2022-12-21T17:13:44.174011+00:00
[2022-12-21 17:13:44,185] {processor.py:161} INFO - Processing /home/airflow/.local/lib/python3.7/site-packages/airflow/example_dags/example_latest_only.py took 0.063 seconds
[2022-12-21 17:14:14,763] {processor.py:153} INFO - Started process (PID=24479) to work on /home/airflow/.local/lib/python3.7/site-packages/airflow/example_dags/example_latest_only.py
[2022-12-21 17:14:14,764] {processor.py:641} INFO - Processing file /home/airflow/.local/lib/python3.7/site-packages/airflow/example_dags/example_latest_only.py for tasks to queue
[2022-12-21 17:14:14,764] {logging_mixin.py:115} INFO - [2022-12-21 17:14:14,764] {dagbag.py:507} INFO - Filling up the DagBag from /home/airflow/.local/lib/python3.7/site-packages/airflow/example_dags/example_latest_only.py
[2022-12-21 17:14:14,769] {processor.py:651} INFO - DAG(s) dict_keys(['latest_only']) retrieved from /home/airflow/.local/lib/python3.7/site-packages/airflow/example_dags/example_latest_only.py
[2022-12-21 17:14:14,789] {logging_mixin.py:115} INFO - [2022-12-21 17:14:14,789] {dag.py:2371} INFO - Sync 1 DAGs
[2022-12-21 17:14:14,808] {logging_mixin.py:115} INFO - [2022-12-21 17:14:14,808] {dag.py:2919} INFO - Setting next_dagrun for latest_only to 2022-12-21T13:14:14.808277+00:00, run_after=2022-12-21T17:14:14.808277+00:00
[2022-12-21 17:14:14,819] {processor.py:161} INFO - Processing /home/airflow/.local/lib/python3.7/site-packages/airflow/example_dags/example_latest_only.py took 0.059 seconds
[2022-12-21 17:14:45,635] {processor.py:153} INFO - Started process (PID=24543) to work on /home/airflow/.local/lib/python3.7/site-packages/airflow/example_dags/example_latest_only.py
[2022-12-21 17:14:45,636] {processor.py:641} INFO - Processing file /home/airflow/.local/lib/python3.7/site-packages/airflow/example_dags/example_latest_only.py for tasks to queue
[2022-12-21 17:14:45,636] {logging_mixin.py:115} INFO - [2022-12-21 17:14:45,636] {dagbag.py:507} INFO - Filling up the DagBag from /home/airflow/.local/lib/python3.7/site-packages/airflow/example_dags/example_latest_only.py
[2022-12-21 17:14:45,640] {processor.py:651} INFO - DAG(s) dict_keys(['latest_only']) retrieved from /home/airflow/.local/lib/python3.7/site-packages/airflow/example_dags/example_latest_only.py
[2022-12-21 17:14:45,661] {logging_mixin.py:115} INFO - [2022-12-21 17:14:45,661] {dag.py:2371} INFO - Sync 1 DAGs
[2022-12-21 17:14:45,679] {logging_mixin.py:115} INFO - [2022-12-21 17:14:45,679] {dag.py:2919} INFO - Setting next_dagrun for latest_only to 2022-12-21T13:14:45.679646+00:00, run_after=2022-12-21T17:14:45.679646+00:00
[2022-12-21 17:14:45,689] {processor.py:161} INFO - Processing /home/airflow/.local/lib/python3.7/site-packages/airflow/example_dags/example_latest_only.py took 0.057 seconds
[2022-12-21 17:15:16,186] {processor.py:153} INFO - Started process (PID=24601) to work on /home/airflow/.local/lib/python3.7/site-packages/airflow/example_dags/example_latest_only.py
[2022-12-21 17:15:16,187] {processor.py:641} INFO - Processing file /home/airflow/.local/lib/python3.7/site-packages/airflow/example_dags/example_latest_only.py for tasks to queue
[2022-12-21 17:15:16,188] {logging_mixin.py:115} INFO - [2022-12-21 17:15:16,188] {dagbag.py:507} INFO - Filling up the DagBag from /home/airflow/.local/lib/python3.7/site-packages/airflow/example_dags/example_latest_only.py
[2022-12-21 17:15:16,191] {processor.py:651} INFO - DAG(s) dict_keys(['latest_only']) retrieved from /home/airflow/.local/lib/python3.7/site-packages/airflow/example_dags/example_latest_only.py
[2022-12-21 17:15:16,209] {logging_mixin.py:115} INFO - [2022-12-21 17:15:16,209] {dag.py:2371} INFO - Sync 1 DAGs
[2022-12-21 17:15:16,225] {logging_mixin.py:115} INFO - [2022-12-21 17:15:16,225] {dag.py:2919} INFO - Setting next_dagrun for latest_only to 2022-12-21T13:15:16.225708+00:00, run_after=2022-12-21T17:15:16.225708+00:00
[2022-12-21 17:15:16,235] {processor.py:161} INFO - Processing /home/airflow/.local/lib/python3.7/site-packages/airflow/example_dags/example_latest_only.py took 0.051 seconds
[2022-12-21 17:15:46,848] {processor.py:153} INFO - Started process (PID=24667) to work on /home/airflow/.local/lib/python3.7/site-packages/airflow/example_dags/example_latest_only.py
[2022-12-21 17:15:46,849] {processor.py:641} INFO - Processing file /home/airflow/.local/lib/python3.7/site-packages/airflow/example_dags/example_latest_only.py for tasks to queue
[2022-12-21 17:15:46,850] {logging_mixin.py:115} INFO - [2022-12-21 17:15:46,850] {dagbag.py:507} INFO - Filling up the DagBag from /home/airflow/.local/lib/python3.7/site-packages/airflow/example_dags/example_latest_only.py
[2022-12-21 17:15:46,854] {processor.py:651} INFO - DAG(s) dict_keys(['latest_only']) retrieved from /home/airflow/.local/lib/python3.7/site-packages/airflow/example_dags/example_latest_only.py
[2022-12-21 17:15:46,874] {logging_mixin.py:115} INFO - [2022-12-21 17:15:46,873] {dag.py:2371} INFO - Sync 1 DAGs
[2022-12-21 17:15:46,891] {logging_mixin.py:115} INFO - [2022-12-21 17:15:46,891] {dag.py:2919} INFO - Setting next_dagrun for latest_only to 2022-12-21T13:15:46.891178+00:00, run_after=2022-12-21T17:15:46.891178+00:00
[2022-12-21 17:15:46,900] {processor.py:161} INFO - Processing /home/airflow/.local/lib/python3.7/site-packages/airflow/example_dags/example_latest_only.py took 0.054 seconds
[2022-12-21 17:16:17,510] {processor.py:153} INFO - Started process (PID=24733) to work on /home/airflow/.local/lib/python3.7/site-packages/airflow/example_dags/example_latest_only.py
[2022-12-21 17:16:17,511] {processor.py:641} INFO - Processing file /home/airflow/.local/lib/python3.7/site-packages/airflow/example_dags/example_latest_only.py for tasks to queue
[2022-12-21 17:16:17,511] {logging_mixin.py:115} INFO - [2022-12-21 17:16:17,511] {dagbag.py:507} INFO - Filling up the DagBag from /home/airflow/.local/lib/python3.7/site-packages/airflow/example_dags/example_latest_only.py
[2022-12-21 17:16:17,516] {processor.py:651} INFO - DAG(s) dict_keys(['latest_only']) retrieved from /home/airflow/.local/lib/python3.7/site-packages/airflow/example_dags/example_latest_only.py
[2022-12-21 17:16:17,538] {logging_mixin.py:115} INFO - [2022-12-21 17:16:17,538] {dag.py:2371} INFO - Sync 1 DAGs
[2022-12-21 17:16:17,557] {logging_mixin.py:115} INFO - [2022-12-21 17:16:17,556] {dag.py:2919} INFO - Setting next_dagrun for latest_only to 2022-12-21T13:16:17.556744+00:00, run_after=2022-12-21T17:16:17.556744+00:00
[2022-12-21 17:16:17,566] {processor.py:161} INFO - Processing /home/airflow/.local/lib/python3.7/site-packages/airflow/example_dags/example_latest_only.py took 0.059 seconds
[2022-12-21 17:16:48,154] {processor.py:153} INFO - Started process (PID=24791) to work on /home/airflow/.local/lib/python3.7/site-packages/airflow/example_dags/example_latest_only.py
[2022-12-21 17:16:48,154] {processor.py:641} INFO - Processing file /home/airflow/.local/lib/python3.7/site-packages/airflow/example_dags/example_latest_only.py for tasks to queue
[2022-12-21 17:16:48,155] {logging_mixin.py:115} INFO - [2022-12-21 17:16:48,155] {dagbag.py:507} INFO - Filling up the DagBag from /home/airflow/.local/lib/python3.7/site-packages/airflow/example_dags/example_latest_only.py
[2022-12-21 17:16:48,160] {processor.py:651} INFO - DAG(s) dict_keys(['latest_only']) retrieved from /home/airflow/.local/lib/python3.7/site-packages/airflow/example_dags/example_latest_only.py
[2022-12-21 17:16:48,189] {logging_mixin.py:115} INFO - [2022-12-21 17:16:48,189] {dag.py:2371} INFO - Sync 1 DAGs
[2022-12-21 17:16:48,215] {logging_mixin.py:115} INFO - [2022-12-21 17:16:48,215] {dag.py:2919} INFO - Setting next_dagrun for latest_only to 2022-12-21T13:16:48.214933+00:00, run_after=2022-12-21T17:16:48.214933+00:00
[2022-12-21 17:16:48,232] {processor.py:161} INFO - Processing /home/airflow/.local/lib/python3.7/site-packages/airflow/example_dags/example_latest_only.py took 0.080 seconds
[2022-12-21 17:17:18,846] {processor.py:153} INFO - Started process (PID=24856) to work on /home/airflow/.local/lib/python3.7/site-packages/airflow/example_dags/example_latest_only.py
[2022-12-21 17:17:18,847] {processor.py:641} INFO - Processing file /home/airflow/.local/lib/python3.7/site-packages/airflow/example_dags/example_latest_only.py for tasks to queue
[2022-12-21 17:17:18,847] {logging_mixin.py:115} INFO - [2022-12-21 17:17:18,847] {dagbag.py:507} INFO - Filling up the DagBag from /home/airflow/.local/lib/python3.7/site-packages/airflow/example_dags/example_latest_only.py
[2022-12-21 17:17:18,852] {processor.py:651} INFO - DAG(s) dict_keys(['latest_only']) retrieved from /home/airflow/.local/lib/python3.7/site-packages/airflow/example_dags/example_latest_only.py
[2022-12-21 17:17:18,872] {logging_mixin.py:115} INFO - [2022-12-21 17:17:18,872] {dag.py:2371} INFO - Sync 1 DAGs
[2022-12-21 17:17:18,893] {logging_mixin.py:115} INFO - [2022-12-21 17:17:18,893] {dag.py:2919} INFO - Setting next_dagrun for latest_only to 2022-12-21T13:17:18.892922+00:00, run_after=2022-12-21T17:17:18.892922+00:00
[2022-12-21 17:17:18,901] {processor.py:161} INFO - Processing /home/airflow/.local/lib/python3.7/site-packages/airflow/example_dags/example_latest_only.py took 0.058 seconds
[2022-12-21 17:17:49,464] {processor.py:153} INFO - Started process (PID=24923) to work on /home/airflow/.local/lib/python3.7/site-packages/airflow/example_dags/example_latest_only.py
[2022-12-21 17:17:49,465] {processor.py:641} INFO - Processing file /home/airflow/.local/lib/python3.7/site-packages/airflow/example_dags/example_latest_only.py for tasks to queue
[2022-12-21 17:17:49,465] {logging_mixin.py:115} INFO - [2022-12-21 17:17:49,465] {dagbag.py:507} INFO - Filling up the DagBag from /home/airflow/.local/lib/python3.7/site-packages/airflow/example_dags/example_latest_only.py
[2022-12-21 17:17:49,469] {processor.py:651} INFO - DAG(s) dict_keys(['latest_only']) retrieved from /home/airflow/.local/lib/python3.7/site-packages/airflow/example_dags/example_latest_only.py
[2022-12-21 17:17:49,487] {logging_mixin.py:115} INFO - [2022-12-21 17:17:49,487] {dag.py:2371} INFO - Sync 1 DAGs
[2022-12-21 17:17:49,504] {logging_mixin.py:115} INFO - [2022-12-21 17:17:49,504] {dag.py:2919} INFO - Setting next_dagrun for latest_only to 2022-12-21T13:17:49.504389+00:00, run_after=2022-12-21T17:17:49.504389+00:00
[2022-12-21 17:17:49,514] {processor.py:161} INFO - Processing /home/airflow/.local/lib/python3.7/site-packages/airflow/example_dags/example_latest_only.py took 0.052 seconds
[2022-12-21 17:18:20,233] {processor.py:153} INFO - Started process (PID=24993) to work on /home/airflow/.local/lib/python3.7/site-packages/airflow/example_dags/example_latest_only.py
[2022-12-21 17:18:20,234] {processor.py:641} INFO - Processing file /home/airflow/.local/lib/python3.7/site-packages/airflow/example_dags/example_latest_only.py for tasks to queue
[2022-12-21 17:18:20,234] {logging_mixin.py:115} INFO - [2022-12-21 17:18:20,234] {dagbag.py:507} INFO - Filling up the DagBag from /home/airflow/.local/lib/python3.7/site-packages/airflow/example_dags/example_latest_only.py
[2022-12-21 17:18:20,238] {processor.py:651} INFO - DAG(s) dict_keys(['latest_only']) retrieved from /home/airflow/.local/lib/python3.7/site-packages/airflow/example_dags/example_latest_only.py
[2022-12-21 17:18:20,263] {logging_mixin.py:115} INFO - [2022-12-21 17:18:20,263] {dag.py:2371} INFO - Sync 1 DAGs
[2022-12-21 17:18:20,279] {logging_mixin.py:115} INFO - [2022-12-21 17:18:20,279] {dag.py:2919} INFO - Setting next_dagrun for latest_only to 2022-12-21T13:18:20.279516+00:00, run_after=2022-12-21T17:18:20.279516+00:00
[2022-12-21 17:18:20,290] {processor.py:161} INFO - Processing /home/airflow/.local/lib/python3.7/site-packages/airflow/example_dags/example_latest_only.py took 0.059 seconds
[2022-12-21 17:18:50,981] {processor.py:153} INFO - Started process (PID=25050) to work on /home/airflow/.local/lib/python3.7/site-packages/airflow/example_dags/example_latest_only.py
[2022-12-21 17:18:50,982] {processor.py:641} INFO - Processing file /home/airflow/.local/lib/python3.7/site-packages/airflow/example_dags/example_latest_only.py for tasks to queue
[2022-12-21 17:18:50,982] {logging_mixin.py:115} INFO - [2022-12-21 17:18:50,982] {dagbag.py:507} INFO - Filling up the DagBag from /home/airflow/.local/lib/python3.7/site-packages/airflow/example_dags/example_latest_only.py
[2022-12-21 17:18:50,987] {processor.py:651} INFO - DAG(s) dict_keys(['latest_only']) retrieved from /home/airflow/.local/lib/python3.7/site-packages/airflow/example_dags/example_latest_only.py
[2022-12-21 17:18:51,007] {logging_mixin.py:115} INFO - [2022-12-21 17:18:51,007] {dag.py:2371} INFO - Sync 1 DAGs
[2022-12-21 17:18:51,026] {logging_mixin.py:115} INFO - [2022-12-21 17:18:51,026] {dag.py:2919} INFO - Setting next_dagrun for latest_only to 2022-12-21T13:18:51.026273+00:00, run_after=2022-12-21T17:18:51.026273+00:00
[2022-12-21 17:18:51,035] {processor.py:161} INFO - Processing /home/airflow/.local/lib/python3.7/site-packages/airflow/example_dags/example_latest_only.py took 0.057 seconds
[2022-12-21 17:19:21,639] {processor.py:153} INFO - Started process (PID=25117) to work on /home/airflow/.local/lib/python3.7/site-packages/airflow/example_dags/example_latest_only.py
[2022-12-21 17:19:21,639] {processor.py:641} INFO - Processing file /home/airflow/.local/lib/python3.7/site-packages/airflow/example_dags/example_latest_only.py for tasks to queue
[2022-12-21 17:19:21,640] {logging_mixin.py:115} INFO - [2022-12-21 17:19:21,640] {dagbag.py:507} INFO - Filling up the DagBag from /home/airflow/.local/lib/python3.7/site-packages/airflow/example_dags/example_latest_only.py
[2022-12-21 17:19:21,644] {processor.py:651} INFO - DAG(s) dict_keys(['latest_only']) retrieved from /home/airflow/.local/lib/python3.7/site-packages/airflow/example_dags/example_latest_only.py
[2022-12-21 17:19:21,666] {logging_mixin.py:115} INFO - [2022-12-21 17:19:21,666] {dag.py:2371} INFO - Sync 1 DAGs
[2022-12-21 17:19:21,684] {logging_mixin.py:115} INFO - [2022-12-21 17:19:21,684] {dag.py:2919} INFO - Setting next_dagrun for latest_only to 2022-12-21T13:19:21.684424+00:00, run_after=2022-12-21T17:19:21.684424+00:00
[2022-12-21 17:19:21,695] {processor.py:161} INFO - Processing /home/airflow/.local/lib/python3.7/site-packages/airflow/example_dags/example_latest_only.py took 0.059 seconds
[2022-12-21 17:19:52,237] {processor.py:153} INFO - Started process (PID=25183) to work on /home/airflow/.local/lib/python3.7/site-packages/airflow/example_dags/example_latest_only.py
[2022-12-21 17:19:52,237] {processor.py:641} INFO - Processing file /home/airflow/.local/lib/python3.7/site-packages/airflow/example_dags/example_latest_only.py for tasks to queue
[2022-12-21 17:19:52,238] {logging_mixin.py:115} INFO - [2022-12-21 17:19:52,238] {dagbag.py:507} INFO - Filling up the DagBag from /home/airflow/.local/lib/python3.7/site-packages/airflow/example_dags/example_latest_only.py
[2022-12-21 17:19:52,243] {processor.py:651} INFO - DAG(s) dict_keys(['latest_only']) retrieved from /home/airflow/.local/lib/python3.7/site-packages/airflow/example_dags/example_latest_only.py
[2022-12-21 17:19:52,264] {logging_mixin.py:115} INFO - [2022-12-21 17:19:52,264] {dag.py:2371} INFO - Sync 1 DAGs
[2022-12-21 17:19:52,282] {logging_mixin.py:115} INFO - [2022-12-21 17:19:52,281] {dag.py:2919} INFO - Setting next_dagrun for latest_only to 2022-12-21T13:19:52.281724+00:00, run_after=2022-12-21T17:19:52.281724+00:00
[2022-12-21 17:19:52,291] {processor.py:161} INFO - Processing /home/airflow/.local/lib/python3.7/site-packages/airflow/example_dags/example_latest_only.py took 0.058 seconds
[2022-12-21 17:20:22,975] {processor.py:153} INFO - Started process (PID=25251) to work on /home/airflow/.local/lib/python3.7/site-packages/airflow/example_dags/example_latest_only.py
[2022-12-21 17:20:22,975] {processor.py:641} INFO - Processing file /home/airflow/.local/lib/python3.7/site-packages/airflow/example_dags/example_latest_only.py for tasks to queue
[2022-12-21 17:20:22,976] {logging_mixin.py:115} INFO - [2022-12-21 17:20:22,976] {dagbag.py:507} INFO - Filling up the DagBag from /home/airflow/.local/lib/python3.7/site-packages/airflow/example_dags/example_latest_only.py
[2022-12-21 17:20:22,980] {processor.py:651} INFO - DAG(s) dict_keys(['latest_only']) retrieved from /home/airflow/.local/lib/python3.7/site-packages/airflow/example_dags/example_latest_only.py
[2022-12-21 17:20:23,000] {logging_mixin.py:115} INFO - [2022-12-21 17:20:23,000] {dag.py:2371} INFO - Sync 1 DAGs
[2022-12-21 17:20:23,022] {logging_mixin.py:115} INFO - [2022-12-21 17:20:23,022] {dag.py:2919} INFO - Setting next_dagrun for latest_only to 2022-12-21T13:20:23.022412+00:00, run_after=2022-12-21T17:20:23.022412+00:00
[2022-12-21 17:20:23,032] {processor.py:161} INFO - Processing /home/airflow/.local/lib/python3.7/site-packages/airflow/example_dags/example_latest_only.py took 0.059 seconds
[2022-12-21 17:20:53,793] {processor.py:153} INFO - Started process (PID=25309) to work on /home/airflow/.local/lib/python3.7/site-packages/airflow/example_dags/example_latest_only.py
[2022-12-21 17:20:53,794] {processor.py:641} INFO - Processing file /home/airflow/.local/lib/python3.7/site-packages/airflow/example_dags/example_latest_only.py for tasks to queue
[2022-12-21 17:20:53,795] {logging_mixin.py:115} INFO - [2022-12-21 17:20:53,794] {dagbag.py:507} INFO - Filling up the DagBag from /home/airflow/.local/lib/python3.7/site-packages/airflow/example_dags/example_latest_only.py
[2022-12-21 17:20:53,805] {processor.py:651} INFO - DAG(s) dict_keys(['latest_only']) retrieved from /home/airflow/.local/lib/python3.7/site-packages/airflow/example_dags/example_latest_only.py
[2022-12-21 17:20:53,840] {logging_mixin.py:115} INFO - [2022-12-21 17:20:53,840] {dag.py:2371} INFO - Sync 1 DAGs
[2022-12-21 17:20:53,868] {logging_mixin.py:115} INFO - [2022-12-21 17:20:53,868] {dag.py:2919} INFO - Setting next_dagrun for latest_only to 2022-12-21T13:20:53.868226+00:00, run_after=2022-12-21T17:20:53.868226+00:00
[2022-12-21 17:20:53,882] {processor.py:161} INFO - Processing /home/airflow/.local/lib/python3.7/site-packages/airflow/example_dags/example_latest_only.py took 0.092 seconds
[2022-12-21 17:21:24,268] {processor.py:153} INFO - Started process (PID=25375) to work on /home/airflow/.local/lib/python3.7/site-packages/airflow/example_dags/example_latest_only.py
[2022-12-21 17:21:24,269] {processor.py:641} INFO - Processing file /home/airflow/.local/lib/python3.7/site-packages/airflow/example_dags/example_latest_only.py for tasks to queue
[2022-12-21 17:21:24,269] {logging_mixin.py:115} INFO - [2022-12-21 17:21:24,269] {dagbag.py:507} INFO - Filling up the DagBag from /home/airflow/.local/lib/python3.7/site-packages/airflow/example_dags/example_latest_only.py
[2022-12-21 17:21:24,273] {processor.py:651} INFO - DAG(s) dict_keys(['latest_only']) retrieved from /home/airflow/.local/lib/python3.7/site-packages/airflow/example_dags/example_latest_only.py
[2022-12-21 17:21:24,291] {logging_mixin.py:115} INFO - [2022-12-21 17:21:24,291] {dag.py:2371} INFO - Sync 1 DAGs
[2022-12-21 17:21:24,306] {logging_mixin.py:115} INFO - [2022-12-21 17:21:24,306] {dag.py:2919} INFO - Setting next_dagrun for latest_only to 2022-12-21T13:21:24.306013+00:00, run_after=2022-12-21T17:21:24.306013+00:00
[2022-12-21 17:21:24,315] {processor.py:161} INFO - Processing /home/airflow/.local/lib/python3.7/site-packages/airflow/example_dags/example_latest_only.py took 0.049 seconds
[2022-12-21 17:21:54,805] {processor.py:153} INFO - Started process (PID=25441) to work on /home/airflow/.local/lib/python3.7/site-packages/airflow/example_dags/example_latest_only.py
[2022-12-21 17:21:54,806] {processor.py:641} INFO - Processing file /home/airflow/.local/lib/python3.7/site-packages/airflow/example_dags/example_latest_only.py for tasks to queue
[2022-12-21 17:21:54,806] {logging_mixin.py:115} INFO - [2022-12-21 17:21:54,806] {dagbag.py:507} INFO - Filling up the DagBag from /home/airflow/.local/lib/python3.7/site-packages/airflow/example_dags/example_latest_only.py
[2022-12-21 17:21:54,810] {processor.py:651} INFO - DAG(s) dict_keys(['latest_only']) retrieved from /home/airflow/.local/lib/python3.7/site-packages/airflow/example_dags/example_latest_only.py
[2022-12-21 17:21:54,830] {logging_mixin.py:115} INFO - [2022-12-21 17:21:54,829] {dag.py:2371} INFO - Sync 1 DAGs
[2022-12-21 17:21:54,847] {logging_mixin.py:115} INFO - [2022-12-21 17:21:54,847] {dag.py:2919} INFO - Setting next_dagrun for latest_only to 2022-12-21T13:21:54.847021+00:00, run_after=2022-12-21T17:21:54.847021+00:00
[2022-12-21 17:21:54,856] {processor.py:161} INFO - Processing /home/airflow/.local/lib/python3.7/site-packages/airflow/example_dags/example_latest_only.py took 0.053 seconds
[2022-12-21 17:22:25,270] {processor.py:153} INFO - Started process (PID=25509) to work on /home/airflow/.local/lib/python3.7/site-packages/airflow/example_dags/example_latest_only.py
[2022-12-21 17:22:25,271] {processor.py:641} INFO - Processing file /home/airflow/.local/lib/python3.7/site-packages/airflow/example_dags/example_latest_only.py for tasks to queue
[2022-12-21 17:22:25,271] {logging_mixin.py:115} INFO - [2022-12-21 17:22:25,271] {dagbag.py:507} INFO - Filling up the DagBag from /home/airflow/.local/lib/python3.7/site-packages/airflow/example_dags/example_latest_only.py
[2022-12-21 17:22:25,276] {processor.py:651} INFO - DAG(s) dict_keys(['latest_only']) retrieved from /home/airflow/.local/lib/python3.7/site-packages/airflow/example_dags/example_latest_only.py
[2022-12-21 17:22:25,297] {logging_mixin.py:115} INFO - [2022-12-21 17:22:25,297] {dag.py:2371} INFO - Sync 1 DAGs
[2022-12-21 17:22:25,315] {logging_mixin.py:115} INFO - [2022-12-21 17:22:25,315] {dag.py:2919} INFO - Setting next_dagrun for latest_only to 2022-12-21T13:22:25.314831+00:00, run_after=2022-12-21T17:22:25.314831+00:00
[2022-12-21 17:22:25,327] {processor.py:161} INFO - Processing /home/airflow/.local/lib/python3.7/site-packages/airflow/example_dags/example_latest_only.py took 0.061 seconds
[2022-12-21 17:22:56,499] {processor.py:153} INFO - Started process (PID=25566) to work on /home/airflow/.local/lib/python3.7/site-packages/airflow/example_dags/example_latest_only.py
[2022-12-21 17:22:56,500] {processor.py:641} INFO - Processing file /home/airflow/.local/lib/python3.7/site-packages/airflow/example_dags/example_latest_only.py for tasks to queue
[2022-12-21 17:22:56,500] {logging_mixin.py:115} INFO - [2022-12-21 17:22:56,500] {dagbag.py:507} INFO - Filling up the DagBag from /home/airflow/.local/lib/python3.7/site-packages/airflow/example_dags/example_latest_only.py
[2022-12-21 17:22:56,506] {processor.py:651} INFO - DAG(s) dict_keys(['latest_only']) retrieved from /home/airflow/.local/lib/python3.7/site-packages/airflow/example_dags/example_latest_only.py
[2022-12-21 17:22:56,528] {logging_mixin.py:115} INFO - [2022-12-21 17:22:56,528] {dag.py:2371} INFO - Sync 1 DAGs
[2022-12-21 17:22:56,547] {logging_mixin.py:115} INFO - [2022-12-21 17:22:56,546] {dag.py:2919} INFO - Setting next_dagrun for latest_only to 2022-12-21T13:22:56.546751+00:00, run_after=2022-12-21T17:22:56.546751+00:00
[2022-12-21 17:22:56,557] {processor.py:161} INFO - Processing /home/airflow/.local/lib/python3.7/site-packages/airflow/example_dags/example_latest_only.py took 0.061 seconds
[2022-12-21 17:23:27,492] {processor.py:153} INFO - Started process (PID=25633) to work on /home/airflow/.local/lib/python3.7/site-packages/airflow/example_dags/example_latest_only.py
[2022-12-21 17:23:27,493] {processor.py:641} INFO - Processing file /home/airflow/.local/lib/python3.7/site-packages/airflow/example_dags/example_latest_only.py for tasks to queue
[2022-12-21 17:23:27,494] {logging_mixin.py:115} INFO - [2022-12-21 17:23:27,494] {dagbag.py:507} INFO - Filling up the DagBag from /home/airflow/.local/lib/python3.7/site-packages/airflow/example_dags/example_latest_only.py
[2022-12-21 17:23:27,501] {processor.py:651} INFO - DAG(s) dict_keys(['latest_only']) retrieved from /home/airflow/.local/lib/python3.7/site-packages/airflow/example_dags/example_latest_only.py
[2022-12-21 17:23:27,520] {logging_mixin.py:115} INFO - [2022-12-21 17:23:27,520] {dag.py:2371} INFO - Sync 1 DAGs
[2022-12-21 17:23:27,537] {logging_mixin.py:115} INFO - [2022-12-21 17:23:27,537] {dag.py:2919} INFO - Setting next_dagrun for latest_only to 2022-12-21T13:23:27.537639+00:00, run_after=2022-12-21T17:23:27.537639+00:00
[2022-12-21 17:23:27,548] {processor.py:161} INFO - Processing /home/airflow/.local/lib/python3.7/site-packages/airflow/example_dags/example_latest_only.py took 0.058 seconds
