[2022-12-21 16:55:23,282] {processor.py:153} INFO - Started process (PID=22106) to work on /home/airflow/.local/lib/python3.7/site-packages/airflow/example_dags/example_skip_dag.py
[2022-12-21 16:55:23,282] {processor.py:641} INFO - Processing file /home/airflow/.local/lib/python3.7/site-packages/airflow/example_dags/example_skip_dag.py for tasks to queue
[2022-12-21 16:55:23,283] {logging_mixin.py:115} INFO - [2022-12-21 16:55:23,283] {dagbag.py:507} INFO - Filling up the DagBag from /home/airflow/.local/lib/python3.7/site-packages/airflow/example_dags/example_skip_dag.py
[2022-12-21 16:55:23,288] {processor.py:651} INFO - DAG(s) dict_keys(['example_skip_dag']) retrieved from /home/airflow/.local/lib/python3.7/site-packages/airflow/example_dags/example_skip_dag.py
[2022-12-21 16:55:23,307] {logging_mixin.py:115} INFO - [2022-12-21 16:55:23,307] {dag.py:2371} INFO - Sync 1 DAGs
[2022-12-21 16:55:23,324] {logging_mixin.py:115} INFO - [2022-12-21 16:55:23,324] {dag.py:2919} INFO - Setting next_dagrun for example_skip_dag to 2022-12-20T16:55:23.324172+00:00, run_after=2022-12-21T16:55:23.324172+00:00
[2022-12-21 16:55:23,334] {processor.py:161} INFO - Processing /home/airflow/.local/lib/python3.7/site-packages/airflow/example_dags/example_skip_dag.py took 0.054 seconds
[2022-12-21 16:55:53,802] {processor.py:153} INFO - Started process (PID=22172) to work on /home/airflow/.local/lib/python3.7/site-packages/airflow/example_dags/example_skip_dag.py
[2022-12-21 16:55:53,803] {processor.py:641} INFO - Processing file /home/airflow/.local/lib/python3.7/site-packages/airflow/example_dags/example_skip_dag.py for tasks to queue
[2022-12-21 16:55:53,803] {logging_mixin.py:115} INFO - [2022-12-21 16:55:53,803] {dagbag.py:507} INFO - Filling up the DagBag from /home/airflow/.local/lib/python3.7/site-packages/airflow/example_dags/example_skip_dag.py
[2022-12-21 16:55:53,807] {processor.py:651} INFO - DAG(s) dict_keys(['example_skip_dag']) retrieved from /home/airflow/.local/lib/python3.7/site-packages/airflow/example_dags/example_skip_dag.py
[2022-12-21 16:55:53,825] {logging_mixin.py:115} INFO - [2022-12-21 16:55:53,825] {dag.py:2371} INFO - Sync 1 DAGs
[2022-12-21 16:55:53,841] {logging_mixin.py:115} INFO - [2022-12-21 16:55:53,841] {dag.py:2919} INFO - Setting next_dagrun for example_skip_dag to 2022-12-20T16:55:53.840921+00:00, run_after=2022-12-21T16:55:53.840921+00:00
[2022-12-21 16:55:53,848] {processor.py:161} INFO - Processing /home/airflow/.local/lib/python3.7/site-packages/airflow/example_dags/example_skip_dag.py took 0.048 seconds
[2022-12-21 16:56:24,162] {processor.py:153} INFO - Started process (PID=22238) to work on /home/airflow/.local/lib/python3.7/site-packages/airflow/example_dags/example_skip_dag.py
[2022-12-21 16:56:24,162] {processor.py:641} INFO - Processing file /home/airflow/.local/lib/python3.7/site-packages/airflow/example_dags/example_skip_dag.py for tasks to queue
[2022-12-21 16:56:24,163] {logging_mixin.py:115} INFO - [2022-12-21 16:56:24,163] {dagbag.py:507} INFO - Filling up the DagBag from /home/airflow/.local/lib/python3.7/site-packages/airflow/example_dags/example_skip_dag.py
[2022-12-21 16:56:24,166] {processor.py:651} INFO - DAG(s) dict_keys(['example_skip_dag']) retrieved from /home/airflow/.local/lib/python3.7/site-packages/airflow/example_dags/example_skip_dag.py
[2022-12-21 16:56:24,187] {logging_mixin.py:115} INFO - [2022-12-21 16:56:24,187] {dag.py:2371} INFO - Sync 1 DAGs
[2022-12-21 16:56:24,201] {logging_mixin.py:115} INFO - [2022-12-21 16:56:24,201] {dag.py:2919} INFO - Setting next_dagrun for example_skip_dag to 2022-12-20T16:56:24.200859+00:00, run_after=2022-12-21T16:56:24.200859+00:00
[2022-12-21 16:56:24,209] {processor.py:161} INFO - Processing /home/airflow/.local/lib/python3.7/site-packages/airflow/example_dags/example_skip_dag.py took 0.050 seconds
[2022-12-21 16:56:54,541] {processor.py:153} INFO - Started process (PID=22303) to work on /home/airflow/.local/lib/python3.7/site-packages/airflow/example_dags/example_skip_dag.py
[2022-12-21 16:56:54,541] {processor.py:641} INFO - Processing file /home/airflow/.local/lib/python3.7/site-packages/airflow/example_dags/example_skip_dag.py for tasks to queue
[2022-12-21 16:56:54,541] {logging_mixin.py:115} INFO - [2022-12-21 16:56:54,541] {dagbag.py:507} INFO - Filling up the DagBag from /home/airflow/.local/lib/python3.7/site-packages/airflow/example_dags/example_skip_dag.py
[2022-12-21 16:56:54,546] {processor.py:651} INFO - DAG(s) dict_keys(['example_skip_dag']) retrieved from /home/airflow/.local/lib/python3.7/site-packages/airflow/example_dags/example_skip_dag.py
[2022-12-21 16:56:54,568] {logging_mixin.py:115} INFO - [2022-12-21 16:56:54,568] {dag.py:2371} INFO - Sync 1 DAGs
[2022-12-21 16:56:54,587] {logging_mixin.py:115} INFO - [2022-12-21 16:56:54,587] {dag.py:2919} INFO - Setting next_dagrun for example_skip_dag to 2022-12-20T16:56:54.587073+00:00, run_after=2022-12-21T16:56:54.587073+00:00
[2022-12-21 16:56:54,599] {processor.py:161} INFO - Processing /home/airflow/.local/lib/python3.7/site-packages/airflow/example_dags/example_skip_dag.py took 0.061 seconds
[2022-12-21 16:57:25,096] {processor.py:153} INFO - Started process (PID=22362) to work on /home/airflow/.local/lib/python3.7/site-packages/airflow/example_dags/example_skip_dag.py
[2022-12-21 16:57:25,097] {processor.py:641} INFO - Processing file /home/airflow/.local/lib/python3.7/site-packages/airflow/example_dags/example_skip_dag.py for tasks to queue
[2022-12-21 16:57:25,098] {logging_mixin.py:115} INFO - [2022-12-21 16:57:25,098] {dagbag.py:507} INFO - Filling up the DagBag from /home/airflow/.local/lib/python3.7/site-packages/airflow/example_dags/example_skip_dag.py
[2022-12-21 16:57:25,101] {processor.py:651} INFO - DAG(s) dict_keys(['example_skip_dag']) retrieved from /home/airflow/.local/lib/python3.7/site-packages/airflow/example_dags/example_skip_dag.py
[2022-12-21 16:57:25,120] {logging_mixin.py:115} INFO - [2022-12-21 16:57:25,120] {dag.py:2371} INFO - Sync 1 DAGs
[2022-12-21 16:57:25,137] {logging_mixin.py:115} INFO - [2022-12-21 16:57:25,137] {dag.py:2919} INFO - Setting next_dagrun for example_skip_dag to 2022-12-20T16:57:25.136949+00:00, run_after=2022-12-21T16:57:25.136949+00:00
[2022-12-21 16:57:25,145] {processor.py:161} INFO - Processing /home/airflow/.local/lib/python3.7/site-packages/airflow/example_dags/example_skip_dag.py took 0.051 seconds
[2022-12-21 16:57:55,402] {processor.py:153} INFO - Started process (PID=22429) to work on /home/airflow/.local/lib/python3.7/site-packages/airflow/example_dags/example_skip_dag.py
[2022-12-21 16:57:55,402] {processor.py:641} INFO - Processing file /home/airflow/.local/lib/python3.7/site-packages/airflow/example_dags/example_skip_dag.py for tasks to queue
[2022-12-21 16:57:55,402] {logging_mixin.py:115} INFO - [2022-12-21 16:57:55,402] {dagbag.py:507} INFO - Filling up the DagBag from /home/airflow/.local/lib/python3.7/site-packages/airflow/example_dags/example_skip_dag.py
[2022-12-21 16:57:55,406] {processor.py:651} INFO - DAG(s) dict_keys(['example_skip_dag']) retrieved from /home/airflow/.local/lib/python3.7/site-packages/airflow/example_dags/example_skip_dag.py
[2022-12-21 16:57:55,426] {logging_mixin.py:115} INFO - [2022-12-21 16:57:55,426] {dag.py:2371} INFO - Sync 1 DAGs
[2022-12-21 16:57:55,442] {logging_mixin.py:115} INFO - [2022-12-21 16:57:55,442] {dag.py:2919} INFO - Setting next_dagrun for example_skip_dag to 2022-12-20T16:57:55.442383+00:00, run_after=2022-12-21T16:57:55.442383+00:00
[2022-12-21 16:57:55,451] {processor.py:161} INFO - Processing /home/airflow/.local/lib/python3.7/site-packages/airflow/example_dags/example_skip_dag.py took 0.051 seconds
[2022-12-21 16:58:25,820] {processor.py:153} INFO - Started process (PID=22495) to work on /home/airflow/.local/lib/python3.7/site-packages/airflow/example_dags/example_skip_dag.py
[2022-12-21 16:58:25,820] {processor.py:641} INFO - Processing file /home/airflow/.local/lib/python3.7/site-packages/airflow/example_dags/example_skip_dag.py for tasks to queue
[2022-12-21 16:58:25,821] {logging_mixin.py:115} INFO - [2022-12-21 16:58:25,821] {dagbag.py:507} INFO - Filling up the DagBag from /home/airflow/.local/lib/python3.7/site-packages/airflow/example_dags/example_skip_dag.py
[2022-12-21 16:58:25,826] {processor.py:651} INFO - DAG(s) dict_keys(['example_skip_dag']) retrieved from /home/airflow/.local/lib/python3.7/site-packages/airflow/example_dags/example_skip_dag.py
[2022-12-21 16:58:25,849] {logging_mixin.py:115} INFO - [2022-12-21 16:58:25,849] {dag.py:2371} INFO - Sync 1 DAGs
[2022-12-21 16:58:25,867] {logging_mixin.py:115} INFO - [2022-12-21 16:58:25,867] {dag.py:2919} INFO - Setting next_dagrun for example_skip_dag to 2022-12-20T16:58:25.867088+00:00, run_after=2022-12-21T16:58:25.867088+00:00
[2022-12-21 16:58:25,876] {processor.py:161} INFO - Processing /home/airflow/.local/lib/python3.7/site-packages/airflow/example_dags/example_skip_dag.py took 0.058 seconds
[2022-12-21 16:58:56,391] {processor.py:153} INFO - Started process (PID=22559) to work on /home/airflow/.local/lib/python3.7/site-packages/airflow/example_dags/example_skip_dag.py
[2022-12-21 16:58:56,391] {processor.py:641} INFO - Processing file /home/airflow/.local/lib/python3.7/site-packages/airflow/example_dags/example_skip_dag.py for tasks to queue
[2022-12-21 16:58:56,392] {logging_mixin.py:115} INFO - [2022-12-21 16:58:56,392] {dagbag.py:507} INFO - Filling up the DagBag from /home/airflow/.local/lib/python3.7/site-packages/airflow/example_dags/example_skip_dag.py
[2022-12-21 16:58:56,397] {processor.py:651} INFO - DAG(s) dict_keys(['example_skip_dag']) retrieved from /home/airflow/.local/lib/python3.7/site-packages/airflow/example_dags/example_skip_dag.py
[2022-12-21 16:58:56,420] {logging_mixin.py:115} INFO - [2022-12-21 16:58:56,420] {dag.py:2371} INFO - Sync 1 DAGs
[2022-12-21 16:58:56,439] {logging_mixin.py:115} INFO - [2022-12-21 16:58:56,439] {dag.py:2919} INFO - Setting next_dagrun for example_skip_dag to 2022-12-20T16:58:56.439058+00:00, run_after=2022-12-21T16:58:56.439058+00:00
[2022-12-21 16:58:56,450] {processor.py:161} INFO - Processing /home/airflow/.local/lib/python3.7/site-packages/airflow/example_dags/example_skip_dag.py took 0.062 seconds
[2022-12-21 16:59:26,854] {processor.py:153} INFO - Started process (PID=22619) to work on /home/airflow/.local/lib/python3.7/site-packages/airflow/example_dags/example_skip_dag.py
[2022-12-21 16:59:26,855] {processor.py:641} INFO - Processing file /home/airflow/.local/lib/python3.7/site-packages/airflow/example_dags/example_skip_dag.py for tasks to queue
[2022-12-21 16:59:26,855] {logging_mixin.py:115} INFO - [2022-12-21 16:59:26,855] {dagbag.py:507} INFO - Filling up the DagBag from /home/airflow/.local/lib/python3.7/site-packages/airflow/example_dags/example_skip_dag.py
[2022-12-21 16:59:26,859] {processor.py:651} INFO - DAG(s) dict_keys(['example_skip_dag']) retrieved from /home/airflow/.local/lib/python3.7/site-packages/airflow/example_dags/example_skip_dag.py
[2022-12-21 16:59:26,880] {logging_mixin.py:115} INFO - [2022-12-21 16:59:26,880] {dag.py:2371} INFO - Sync 1 DAGs
[2022-12-21 16:59:26,897] {logging_mixin.py:115} INFO - [2022-12-21 16:59:26,897] {dag.py:2919} INFO - Setting next_dagrun for example_skip_dag to 2022-12-20T16:59:26.897494+00:00, run_after=2022-12-21T16:59:26.897494+00:00
[2022-12-21 16:59:26,906] {processor.py:161} INFO - Processing /home/airflow/.local/lib/python3.7/site-packages/airflow/example_dags/example_skip_dag.py took 0.054 seconds
[2022-12-21 16:59:57,359] {processor.py:153} INFO - Started process (PID=22685) to work on /home/airflow/.local/lib/python3.7/site-packages/airflow/example_dags/example_skip_dag.py
[2022-12-21 16:59:57,359] {processor.py:641} INFO - Processing file /home/airflow/.local/lib/python3.7/site-packages/airflow/example_dags/example_skip_dag.py for tasks to queue
[2022-12-21 16:59:57,360] {logging_mixin.py:115} INFO - [2022-12-21 16:59:57,360] {dagbag.py:507} INFO - Filling up the DagBag from /home/airflow/.local/lib/python3.7/site-packages/airflow/example_dags/example_skip_dag.py
[2022-12-21 16:59:57,363] {processor.py:651} INFO - DAG(s) dict_keys(['example_skip_dag']) retrieved from /home/airflow/.local/lib/python3.7/site-packages/airflow/example_dags/example_skip_dag.py
[2022-12-21 16:59:57,386] {logging_mixin.py:115} INFO - [2022-12-21 16:59:57,386] {dag.py:2371} INFO - Sync 1 DAGs
[2022-12-21 16:59:57,408] {logging_mixin.py:115} INFO - [2022-12-21 16:59:57,408] {dag.py:2919} INFO - Setting next_dagrun for example_skip_dag to 2022-12-20T16:59:57.408228+00:00, run_after=2022-12-21T16:59:57.408228+00:00
[2022-12-21 16:59:57,419] {processor.py:161} INFO - Processing /home/airflow/.local/lib/python3.7/site-packages/airflow/example_dags/example_skip_dag.py took 0.063 seconds
[2022-12-21 17:00:27,975] {processor.py:153} INFO - Started process (PID=22752) to work on /home/airflow/.local/lib/python3.7/site-packages/airflow/example_dags/example_skip_dag.py
[2022-12-21 17:00:27,975] {processor.py:641} INFO - Processing file /home/airflow/.local/lib/python3.7/site-packages/airflow/example_dags/example_skip_dag.py for tasks to queue
[2022-12-21 17:00:27,976] {logging_mixin.py:115} INFO - [2022-12-21 17:00:27,976] {dagbag.py:507} INFO - Filling up the DagBag from /home/airflow/.local/lib/python3.7/site-packages/airflow/example_dags/example_skip_dag.py
[2022-12-21 17:00:27,980] {processor.py:651} INFO - DAG(s) dict_keys(['example_skip_dag']) retrieved from /home/airflow/.local/lib/python3.7/site-packages/airflow/example_dags/example_skip_dag.py
[2022-12-21 17:00:28,000] {logging_mixin.py:115} INFO - [2022-12-21 17:00:28,000] {dag.py:2371} INFO - Sync 1 DAGs
[2022-12-21 17:00:28,021] {logging_mixin.py:115} INFO - [2022-12-21 17:00:28,021] {dag.py:2919} INFO - Setting next_dagrun for example_skip_dag to 2022-12-20T17:00:28.021693+00:00, run_after=2022-12-21T17:00:28.021693+00:00
[2022-12-21 17:00:28,031] {processor.py:161} INFO - Processing /home/airflow/.local/lib/python3.7/site-packages/airflow/example_dags/example_skip_dag.py took 0.059 seconds
[2022-12-21 17:00:58,479] {processor.py:153} INFO - Started process (PID=22808) to work on /home/airflow/.local/lib/python3.7/site-packages/airflow/example_dags/example_skip_dag.py
[2022-12-21 17:00:58,480] {processor.py:641} INFO - Processing file /home/airflow/.local/lib/python3.7/site-packages/airflow/example_dags/example_skip_dag.py for tasks to queue
[2022-12-21 17:00:58,480] {logging_mixin.py:115} INFO - [2022-12-21 17:00:58,480] {dagbag.py:507} INFO - Filling up the DagBag from /home/airflow/.local/lib/python3.7/site-packages/airflow/example_dags/example_skip_dag.py
[2022-12-21 17:00:58,485] {processor.py:651} INFO - DAG(s) dict_keys(['example_skip_dag']) retrieved from /home/airflow/.local/lib/python3.7/site-packages/airflow/example_dags/example_skip_dag.py
[2022-12-21 17:00:58,508] {logging_mixin.py:115} INFO - [2022-12-21 17:00:58,508] {dag.py:2371} INFO - Sync 1 DAGs
[2022-12-21 17:00:58,528] {logging_mixin.py:115} INFO - [2022-12-21 17:00:58,528] {dag.py:2919} INFO - Setting next_dagrun for example_skip_dag to 2022-12-20T17:00:58.528495+00:00, run_after=2022-12-21T17:00:58.528495+00:00
[2022-12-21 17:00:58,538] {processor.py:161} INFO - Processing /home/airflow/.local/lib/python3.7/site-packages/airflow/example_dags/example_skip_dag.py took 0.062 seconds
[2022-12-21 17:01:28,965] {processor.py:153} INFO - Started process (PID=22875) to work on /home/airflow/.local/lib/python3.7/site-packages/airflow/example_dags/example_skip_dag.py
[2022-12-21 17:01:28,965] {processor.py:641} INFO - Processing file /home/airflow/.local/lib/python3.7/site-packages/airflow/example_dags/example_skip_dag.py for tasks to queue
[2022-12-21 17:01:28,965] {logging_mixin.py:115} INFO - [2022-12-21 17:01:28,965] {dagbag.py:507} INFO - Filling up the DagBag from /home/airflow/.local/lib/python3.7/site-packages/airflow/example_dags/example_skip_dag.py
[2022-12-21 17:01:28,969] {processor.py:651} INFO - DAG(s) dict_keys(['example_skip_dag']) retrieved from /home/airflow/.local/lib/python3.7/site-packages/airflow/example_dags/example_skip_dag.py
[2022-12-21 17:01:28,992] {logging_mixin.py:115} INFO - [2022-12-21 17:01:28,992] {dag.py:2371} INFO - Sync 1 DAGs
[2022-12-21 17:01:29,009] {logging_mixin.py:115} INFO - [2022-12-21 17:01:29,009] {dag.py:2919} INFO - Setting next_dagrun for example_skip_dag to 2022-12-20T17:01:29.009410+00:00, run_after=2022-12-21T17:01:29.009410+00:00
[2022-12-21 17:01:29,021] {processor.py:161} INFO - Processing /home/airflow/.local/lib/python3.7/site-packages/airflow/example_dags/example_skip_dag.py took 0.058 seconds
[2022-12-21 17:01:59,620] {processor.py:153} INFO - Started process (PID=22940) to work on /home/airflow/.local/lib/python3.7/site-packages/airflow/example_dags/example_skip_dag.py
[2022-12-21 17:01:59,621] {processor.py:641} INFO - Processing file /home/airflow/.local/lib/python3.7/site-packages/airflow/example_dags/example_skip_dag.py for tasks to queue
[2022-12-21 17:01:59,622] {logging_mixin.py:115} INFO - [2022-12-21 17:01:59,621] {dagbag.py:507} INFO - Filling up the DagBag from /home/airflow/.local/lib/python3.7/site-packages/airflow/example_dags/example_skip_dag.py
[2022-12-21 17:01:59,626] {processor.py:651} INFO - DAG(s) dict_keys(['example_skip_dag']) retrieved from /home/airflow/.local/lib/python3.7/site-packages/airflow/example_dags/example_skip_dag.py
[2022-12-21 17:01:59,647] {logging_mixin.py:115} INFO - [2022-12-21 17:01:59,647] {dag.py:2371} INFO - Sync 1 DAGs
[2022-12-21 17:01:59,667] {logging_mixin.py:115} INFO - [2022-12-21 17:01:59,667] {dag.py:2919} INFO - Setting next_dagrun for example_skip_dag to 2022-12-20T17:01:59.667063+00:00, run_after=2022-12-21T17:01:59.667063+00:00
[2022-12-21 17:01:59,677] {processor.py:161} INFO - Processing /home/airflow/.local/lib/python3.7/site-packages/airflow/example_dags/example_skip_dag.py took 0.059 seconds
[2022-12-21 17:02:30,184] {processor.py:153} INFO - Started process (PID=23006) to work on /home/airflow/.local/lib/python3.7/site-packages/airflow/example_dags/example_skip_dag.py
[2022-12-21 17:02:30,184] {processor.py:641} INFO - Processing file /home/airflow/.local/lib/python3.7/site-packages/airflow/example_dags/example_skip_dag.py for tasks to queue
[2022-12-21 17:02:30,185] {logging_mixin.py:115} INFO - [2022-12-21 17:02:30,185] {dagbag.py:507} INFO - Filling up the DagBag from /home/airflow/.local/lib/python3.7/site-packages/airflow/example_dags/example_skip_dag.py
[2022-12-21 17:02:30,188] {processor.py:651} INFO - DAG(s) dict_keys(['example_skip_dag']) retrieved from /home/airflow/.local/lib/python3.7/site-packages/airflow/example_dags/example_skip_dag.py
[2022-12-21 17:02:30,207] {logging_mixin.py:115} INFO - [2022-12-21 17:02:30,207] {dag.py:2371} INFO - Sync 1 DAGs
[2022-12-21 17:02:30,225] {logging_mixin.py:115} INFO - [2022-12-21 17:02:30,225] {dag.py:2919} INFO - Setting next_dagrun for example_skip_dag to 2022-12-20T17:02:30.225024+00:00, run_after=2022-12-21T17:02:30.225024+00:00
[2022-12-21 17:02:30,237] {processor.py:161} INFO - Processing /home/airflow/.local/lib/python3.7/site-packages/airflow/example_dags/example_skip_dag.py took 0.055 seconds
[2022-12-21 17:03:00,938] {processor.py:153} INFO - Started process (PID=23063) to work on /home/airflow/.local/lib/python3.7/site-packages/airflow/example_dags/example_skip_dag.py
[2022-12-21 17:03:00,939] {processor.py:641} INFO - Processing file /home/airflow/.local/lib/python3.7/site-packages/airflow/example_dags/example_skip_dag.py for tasks to queue
[2022-12-21 17:03:00,939] {logging_mixin.py:115} INFO - [2022-12-21 17:03:00,939] {dagbag.py:507} INFO - Filling up the DagBag from /home/airflow/.local/lib/python3.7/site-packages/airflow/example_dags/example_skip_dag.py
[2022-12-21 17:03:00,945] {processor.py:651} INFO - DAG(s) dict_keys(['example_skip_dag']) retrieved from /home/airflow/.local/lib/python3.7/site-packages/airflow/example_dags/example_skip_dag.py
[2022-12-21 17:03:00,967] {logging_mixin.py:115} INFO - [2022-12-21 17:03:00,967] {dag.py:2371} INFO - Sync 1 DAGs
[2022-12-21 17:03:00,984] {logging_mixin.py:115} INFO - [2022-12-21 17:03:00,984] {dag.py:2919} INFO - Setting next_dagrun for example_skip_dag to 2022-12-20T17:03:00.983822+00:00, run_after=2022-12-21T17:03:00.983822+00:00
[2022-12-21 17:03:00,992] {processor.py:161} INFO - Processing /home/airflow/.local/lib/python3.7/site-packages/airflow/example_dags/example_skip_dag.py took 0.057 seconds
[2022-12-21 17:03:31,749] {processor.py:153} INFO - Started process (PID=23129) to work on /home/airflow/.local/lib/python3.7/site-packages/airflow/example_dags/example_skip_dag.py
[2022-12-21 17:03:31,749] {processor.py:641} INFO - Processing file /home/airflow/.local/lib/python3.7/site-packages/airflow/example_dags/example_skip_dag.py for tasks to queue
[2022-12-21 17:03:31,749] {logging_mixin.py:115} INFO - [2022-12-21 17:03:31,749] {dagbag.py:507} INFO - Filling up the DagBag from /home/airflow/.local/lib/python3.7/site-packages/airflow/example_dags/example_skip_dag.py
[2022-12-21 17:03:31,754] {processor.py:651} INFO - DAG(s) dict_keys(['example_skip_dag']) retrieved from /home/airflow/.local/lib/python3.7/site-packages/airflow/example_dags/example_skip_dag.py
[2022-12-21 17:03:31,773] {logging_mixin.py:115} INFO - [2022-12-21 17:03:31,773] {dag.py:2371} INFO - Sync 1 DAGs
[2022-12-21 17:03:31,793] {logging_mixin.py:115} INFO - [2022-12-21 17:03:31,793] {dag.py:2919} INFO - Setting next_dagrun for example_skip_dag to 2022-12-20T17:03:31.793591+00:00, run_after=2022-12-21T17:03:31.793591+00:00
[2022-12-21 17:03:31,804] {processor.py:161} INFO - Processing /home/airflow/.local/lib/python3.7/site-packages/airflow/example_dags/example_skip_dag.py took 0.058 seconds
[2022-12-21 17:04:02,276] {processor.py:153} INFO - Started process (PID=23196) to work on /home/airflow/.local/lib/python3.7/site-packages/airflow/example_dags/example_skip_dag.py
[2022-12-21 17:04:02,277] {processor.py:641} INFO - Processing file /home/airflow/.local/lib/python3.7/site-packages/airflow/example_dags/example_skip_dag.py for tasks to queue
[2022-12-21 17:04:02,277] {logging_mixin.py:115} INFO - [2022-12-21 17:04:02,277] {dagbag.py:507} INFO - Filling up the DagBag from /home/airflow/.local/lib/python3.7/site-packages/airflow/example_dags/example_skip_dag.py
[2022-12-21 17:04:02,282] {processor.py:651} INFO - DAG(s) dict_keys(['example_skip_dag']) retrieved from /home/airflow/.local/lib/python3.7/site-packages/airflow/example_dags/example_skip_dag.py
[2022-12-21 17:04:02,304] {logging_mixin.py:115} INFO - [2022-12-21 17:04:02,304] {dag.py:2371} INFO - Sync 1 DAGs
[2022-12-21 17:04:02,322] {logging_mixin.py:115} INFO - [2022-12-21 17:04:02,322] {dag.py:2919} INFO - Setting next_dagrun for example_skip_dag to 2022-12-20T17:04:02.322692+00:00, run_after=2022-12-21T17:04:02.322692+00:00
[2022-12-21 17:04:02,333] {processor.py:161} INFO - Processing /home/airflow/.local/lib/python3.7/site-packages/airflow/example_dags/example_skip_dag.py took 0.060 seconds
[2022-12-21 17:04:32,910] {processor.py:153} INFO - Started process (PID=23262) to work on /home/airflow/.local/lib/python3.7/site-packages/airflow/example_dags/example_skip_dag.py
[2022-12-21 17:04:32,911] {processor.py:641} INFO - Processing file /home/airflow/.local/lib/python3.7/site-packages/airflow/example_dags/example_skip_dag.py for tasks to queue
[2022-12-21 17:04:32,911] {logging_mixin.py:115} INFO - [2022-12-21 17:04:32,911] {dagbag.py:507} INFO - Filling up the DagBag from /home/airflow/.local/lib/python3.7/site-packages/airflow/example_dags/example_skip_dag.py
[2022-12-21 17:04:32,918] {processor.py:651} INFO - DAG(s) dict_keys(['example_skip_dag']) retrieved from /home/airflow/.local/lib/python3.7/site-packages/airflow/example_dags/example_skip_dag.py
[2022-12-21 17:04:32,939] {logging_mixin.py:115} INFO - [2022-12-21 17:04:32,939] {dag.py:2371} INFO - Sync 1 DAGs
[2022-12-21 17:04:32,954] {logging_mixin.py:115} INFO - [2022-12-21 17:04:32,954] {dag.py:2919} INFO - Setting next_dagrun for example_skip_dag to 2022-12-20T17:04:32.954622+00:00, run_after=2022-12-21T17:04:32.954622+00:00
[2022-12-21 17:04:32,965] {processor.py:161} INFO - Processing /home/airflow/.local/lib/python3.7/site-packages/airflow/example_dags/example_skip_dag.py took 0.058 seconds
[2022-12-21 17:05:03,394] {processor.py:153} INFO - Started process (PID=23319) to work on /home/airflow/.local/lib/python3.7/site-packages/airflow/example_dags/example_skip_dag.py
[2022-12-21 17:05:03,394] {processor.py:641} INFO - Processing file /home/airflow/.local/lib/python3.7/site-packages/airflow/example_dags/example_skip_dag.py for tasks to queue
[2022-12-21 17:05:03,395] {logging_mixin.py:115} INFO - [2022-12-21 17:05:03,395] {dagbag.py:507} INFO - Filling up the DagBag from /home/airflow/.local/lib/python3.7/site-packages/airflow/example_dags/example_skip_dag.py
[2022-12-21 17:05:03,399] {processor.py:651} INFO - DAG(s) dict_keys(['example_skip_dag']) retrieved from /home/airflow/.local/lib/python3.7/site-packages/airflow/example_dags/example_skip_dag.py
[2022-12-21 17:05:03,422] {logging_mixin.py:115} INFO - [2022-12-21 17:05:03,422] {dag.py:2371} INFO - Sync 1 DAGs
[2022-12-21 17:05:03,440] {logging_mixin.py:115} INFO - [2022-12-21 17:05:03,440] {dag.py:2919} INFO - Setting next_dagrun for example_skip_dag to 2022-12-20T17:05:03.439969+00:00, run_after=2022-12-21T17:05:03.439969+00:00
[2022-12-21 17:05:03,451] {processor.py:161} INFO - Processing /home/airflow/.local/lib/python3.7/site-packages/airflow/example_dags/example_skip_dag.py took 0.059 seconds
[2022-12-21 17:05:33,969] {processor.py:153} INFO - Started process (PID=23384) to work on /home/airflow/.local/lib/python3.7/site-packages/airflow/example_dags/example_skip_dag.py
[2022-12-21 17:05:33,970] {processor.py:641} INFO - Processing file /home/airflow/.local/lib/python3.7/site-packages/airflow/example_dags/example_skip_dag.py for tasks to queue
[2022-12-21 17:05:33,970] {logging_mixin.py:115} INFO - [2022-12-21 17:05:33,970] {dagbag.py:507} INFO - Filling up the DagBag from /home/airflow/.local/lib/python3.7/site-packages/airflow/example_dags/example_skip_dag.py
[2022-12-21 17:05:33,975] {processor.py:651} INFO - DAG(s) dict_keys(['example_skip_dag']) retrieved from /home/airflow/.local/lib/python3.7/site-packages/airflow/example_dags/example_skip_dag.py
[2022-12-21 17:05:34,000] {logging_mixin.py:115} INFO - [2022-12-21 17:05:34,000] {dag.py:2371} INFO - Sync 1 DAGs
[2022-12-21 17:05:34,024] {logging_mixin.py:115} INFO - [2022-12-21 17:05:34,023] {dag.py:2919} INFO - Setting next_dagrun for example_skip_dag to 2022-12-20T17:05:34.023685+00:00, run_after=2022-12-21T17:05:34.023685+00:00
[2022-12-21 17:05:34,034] {processor.py:161} INFO - Processing /home/airflow/.local/lib/python3.7/site-packages/airflow/example_dags/example_skip_dag.py took 0.068 seconds
[2022-12-21 17:06:04,903] {processor.py:153} INFO - Started process (PID=23451) to work on /home/airflow/.local/lib/python3.7/site-packages/airflow/example_dags/example_skip_dag.py
[2022-12-21 17:06:04,904] {processor.py:641} INFO - Processing file /home/airflow/.local/lib/python3.7/site-packages/airflow/example_dags/example_skip_dag.py for tasks to queue
[2022-12-21 17:06:04,905] {logging_mixin.py:115} INFO - [2022-12-21 17:06:04,904] {dagbag.py:507} INFO - Filling up the DagBag from /home/airflow/.local/lib/python3.7/site-packages/airflow/example_dags/example_skip_dag.py
[2022-12-21 17:06:04,909] {processor.py:651} INFO - DAG(s) dict_keys(['example_skip_dag']) retrieved from /home/airflow/.local/lib/python3.7/site-packages/airflow/example_dags/example_skip_dag.py
[2022-12-21 17:06:04,937] {logging_mixin.py:115} INFO - [2022-12-21 17:06:04,937] {dag.py:2371} INFO - Sync 1 DAGs
[2022-12-21 17:06:04,954] {logging_mixin.py:115} INFO - [2022-12-21 17:06:04,954] {dag.py:2919} INFO - Setting next_dagrun for example_skip_dag to 2022-12-20T17:06:04.954550+00:00, run_after=2022-12-21T17:06:04.954550+00:00
[2022-12-21 17:06:04,964] {processor.py:161} INFO - Processing /home/airflow/.local/lib/python3.7/site-packages/airflow/example_dags/example_skip_dag.py took 0.064 seconds
[2022-12-21 17:06:35,556] {processor.py:153} INFO - Started process (PID=23518) to work on /home/airflow/.local/lib/python3.7/site-packages/airflow/example_dags/example_skip_dag.py
[2022-12-21 17:06:35,557] {processor.py:641} INFO - Processing file /home/airflow/.local/lib/python3.7/site-packages/airflow/example_dags/example_skip_dag.py for tasks to queue
[2022-12-21 17:06:35,557] {logging_mixin.py:115} INFO - [2022-12-21 17:06:35,557] {dagbag.py:507} INFO - Filling up the DagBag from /home/airflow/.local/lib/python3.7/site-packages/airflow/example_dags/example_skip_dag.py
[2022-12-21 17:06:35,563] {processor.py:651} INFO - DAG(s) dict_keys(['example_skip_dag']) retrieved from /home/airflow/.local/lib/python3.7/site-packages/airflow/example_dags/example_skip_dag.py
[2022-12-21 17:06:35,584] {logging_mixin.py:115} INFO - [2022-12-21 17:06:35,584] {dag.py:2371} INFO - Sync 1 DAGs
[2022-12-21 17:06:35,602] {logging_mixin.py:115} INFO - [2022-12-21 17:06:35,602] {dag.py:2919} INFO - Setting next_dagrun for example_skip_dag to 2022-12-20T17:06:35.602102+00:00, run_after=2022-12-21T17:06:35.602102+00:00
[2022-12-21 17:06:35,612] {processor.py:161} INFO - Processing /home/airflow/.local/lib/python3.7/site-packages/airflow/example_dags/example_skip_dag.py took 0.059 seconds
[2022-12-21 17:07:06,078] {processor.py:153} INFO - Started process (PID=23575) to work on /home/airflow/.local/lib/python3.7/site-packages/airflow/example_dags/example_skip_dag.py
[2022-12-21 17:07:06,079] {processor.py:641} INFO - Processing file /home/airflow/.local/lib/python3.7/site-packages/airflow/example_dags/example_skip_dag.py for tasks to queue
[2022-12-21 17:07:06,079] {logging_mixin.py:115} INFO - [2022-12-21 17:07:06,079] {dagbag.py:507} INFO - Filling up the DagBag from /home/airflow/.local/lib/python3.7/site-packages/airflow/example_dags/example_skip_dag.py
[2022-12-21 17:07:06,084] {processor.py:651} INFO - DAG(s) dict_keys(['example_skip_dag']) retrieved from /home/airflow/.local/lib/python3.7/site-packages/airflow/example_dags/example_skip_dag.py
[2022-12-21 17:07:06,106] {logging_mixin.py:115} INFO - [2022-12-21 17:07:06,106] {dag.py:2371} INFO - Sync 1 DAGs
[2022-12-21 17:07:06,126] {logging_mixin.py:115} INFO - [2022-12-21 17:07:06,126] {dag.py:2919} INFO - Setting next_dagrun for example_skip_dag to 2022-12-20T17:07:06.126279+00:00, run_after=2022-12-21T17:07:06.126279+00:00
[2022-12-21 17:07:06,136] {processor.py:161} INFO - Processing /home/airflow/.local/lib/python3.7/site-packages/airflow/example_dags/example_skip_dag.py took 0.060 seconds
[2022-12-21 17:07:36,664] {processor.py:153} INFO - Started process (PID=23640) to work on /home/airflow/.local/lib/python3.7/site-packages/airflow/example_dags/example_skip_dag.py
[2022-12-21 17:07:36,665] {processor.py:641} INFO - Processing file /home/airflow/.local/lib/python3.7/site-packages/airflow/example_dags/example_skip_dag.py for tasks to queue
[2022-12-21 17:07:36,666] {logging_mixin.py:115} INFO - [2022-12-21 17:07:36,665] {dagbag.py:507} INFO - Filling up the DagBag from /home/airflow/.local/lib/python3.7/site-packages/airflow/example_dags/example_skip_dag.py
[2022-12-21 17:07:36,671] {processor.py:651} INFO - DAG(s) dict_keys(['example_skip_dag']) retrieved from /home/airflow/.local/lib/python3.7/site-packages/airflow/example_dags/example_skip_dag.py
[2022-12-21 17:07:36,692] {logging_mixin.py:115} INFO - [2022-12-21 17:07:36,691] {dag.py:2371} INFO - Sync 1 DAGs
[2022-12-21 17:07:36,709] {logging_mixin.py:115} INFO - [2022-12-21 17:07:36,708] {dag.py:2919} INFO - Setting next_dagrun for example_skip_dag to 2022-12-20T17:07:36.708743+00:00, run_after=2022-12-21T17:07:36.708743+00:00
[2022-12-21 17:07:36,718] {processor.py:161} INFO - Processing /home/airflow/.local/lib/python3.7/site-packages/airflow/example_dags/example_skip_dag.py took 0.056 seconds
[2022-12-21 17:08:07,268] {processor.py:153} INFO - Started process (PID=23706) to work on /home/airflow/.local/lib/python3.7/site-packages/airflow/example_dags/example_skip_dag.py
[2022-12-21 17:08:07,269] {processor.py:641} INFO - Processing file /home/airflow/.local/lib/python3.7/site-packages/airflow/example_dags/example_skip_dag.py for tasks to queue
[2022-12-21 17:08:07,269] {logging_mixin.py:115} INFO - [2022-12-21 17:08:07,269] {dagbag.py:507} INFO - Filling up the DagBag from /home/airflow/.local/lib/python3.7/site-packages/airflow/example_dags/example_skip_dag.py
[2022-12-21 17:08:07,274] {processor.py:651} INFO - DAG(s) dict_keys(['example_skip_dag']) retrieved from /home/airflow/.local/lib/python3.7/site-packages/airflow/example_dags/example_skip_dag.py
[2022-12-21 17:08:07,295] {logging_mixin.py:115} INFO - [2022-12-21 17:08:07,295] {dag.py:2371} INFO - Sync 1 DAGs
[2022-12-21 17:08:07,315] {logging_mixin.py:115} INFO - [2022-12-21 17:08:07,315] {dag.py:2919} INFO - Setting next_dagrun for example_skip_dag to 2022-12-20T17:08:07.315187+00:00, run_after=2022-12-21T17:08:07.315187+00:00
[2022-12-21 17:08:07,326] {processor.py:161} INFO - Processing /home/airflow/.local/lib/python3.7/site-packages/airflow/example_dags/example_skip_dag.py took 0.061 seconds
[2022-12-21 17:08:37,824] {processor.py:153} INFO - Started process (PID=23773) to work on /home/airflow/.local/lib/python3.7/site-packages/airflow/example_dags/example_skip_dag.py
[2022-12-21 17:08:37,825] {processor.py:641} INFO - Processing file /home/airflow/.local/lib/python3.7/site-packages/airflow/example_dags/example_skip_dag.py for tasks to queue
[2022-12-21 17:08:37,825] {logging_mixin.py:115} INFO - [2022-12-21 17:08:37,825] {dagbag.py:507} INFO - Filling up the DagBag from /home/airflow/.local/lib/python3.7/site-packages/airflow/example_dags/example_skip_dag.py
[2022-12-21 17:08:37,830] {processor.py:651} INFO - DAG(s) dict_keys(['example_skip_dag']) retrieved from /home/airflow/.local/lib/python3.7/site-packages/airflow/example_dags/example_skip_dag.py
[2022-12-21 17:08:37,852] {logging_mixin.py:115} INFO - [2022-12-21 17:08:37,852] {dag.py:2371} INFO - Sync 1 DAGs
[2022-12-21 17:08:37,872] {logging_mixin.py:115} INFO - [2022-12-21 17:08:37,872] {dag.py:2919} INFO - Setting next_dagrun for example_skip_dag to 2022-12-20T17:08:37.872680+00:00, run_after=2022-12-21T17:08:37.872680+00:00
[2022-12-21 17:08:37,882] {processor.py:161} INFO - Processing /home/airflow/.local/lib/python3.7/site-packages/airflow/example_dags/example_skip_dag.py took 0.061 seconds
[2022-12-21 17:09:08,510] {processor.py:153} INFO - Started process (PID=23830) to work on /home/airflow/.local/lib/python3.7/site-packages/airflow/example_dags/example_skip_dag.py
[2022-12-21 17:09:08,511] {processor.py:641} INFO - Processing file /home/airflow/.local/lib/python3.7/site-packages/airflow/example_dags/example_skip_dag.py for tasks to queue
[2022-12-21 17:09:08,512] {logging_mixin.py:115} INFO - [2022-12-21 17:09:08,512] {dagbag.py:507} INFO - Filling up the DagBag from /home/airflow/.local/lib/python3.7/site-packages/airflow/example_dags/example_skip_dag.py
[2022-12-21 17:09:08,516] {processor.py:651} INFO - DAG(s) dict_keys(['example_skip_dag']) retrieved from /home/airflow/.local/lib/python3.7/site-packages/airflow/example_dags/example_skip_dag.py
[2022-12-21 17:09:08,536] {logging_mixin.py:115} INFO - [2022-12-21 17:09:08,536] {dag.py:2371} INFO - Sync 1 DAGs
[2022-12-21 17:09:08,556] {logging_mixin.py:115} INFO - [2022-12-21 17:09:08,556] {dag.py:2919} INFO - Setting next_dagrun for example_skip_dag to 2022-12-20T17:09:08.555913+00:00, run_after=2022-12-21T17:09:08.555913+00:00
[2022-12-21 17:09:08,565] {processor.py:161} INFO - Processing /home/airflow/.local/lib/python3.7/site-packages/airflow/example_dags/example_skip_dag.py took 0.057 seconds
[2022-12-21 17:09:39,215] {processor.py:153} INFO - Started process (PID=23897) to work on /home/airflow/.local/lib/python3.7/site-packages/airflow/example_dags/example_skip_dag.py
[2022-12-21 17:09:39,216] {processor.py:641} INFO - Processing file /home/airflow/.local/lib/python3.7/site-packages/airflow/example_dags/example_skip_dag.py for tasks to queue
[2022-12-21 17:09:39,216] {logging_mixin.py:115} INFO - [2022-12-21 17:09:39,216] {dagbag.py:507} INFO - Filling up the DagBag from /home/airflow/.local/lib/python3.7/site-packages/airflow/example_dags/example_skip_dag.py
[2022-12-21 17:09:39,221] {processor.py:651} INFO - DAG(s) dict_keys(['example_skip_dag']) retrieved from /home/airflow/.local/lib/python3.7/site-packages/airflow/example_dags/example_skip_dag.py
[2022-12-21 17:09:39,242] {logging_mixin.py:115} INFO - [2022-12-21 17:09:39,242] {dag.py:2371} INFO - Sync 1 DAGs
[2022-12-21 17:09:39,264] {logging_mixin.py:115} INFO - [2022-12-21 17:09:39,264] {dag.py:2919} INFO - Setting next_dagrun for example_skip_dag to 2022-12-20T17:09:39.264466+00:00, run_after=2022-12-21T17:09:39.264466+00:00
[2022-12-21 17:09:39,276] {processor.py:161} INFO - Processing /home/airflow/.local/lib/python3.7/site-packages/airflow/example_dags/example_skip_dag.py took 0.064 seconds
[2022-12-21 17:10:09,972] {processor.py:153} INFO - Started process (PID=23964) to work on /home/airflow/.local/lib/python3.7/site-packages/airflow/example_dags/example_skip_dag.py
[2022-12-21 17:10:09,972] {processor.py:641} INFO - Processing file /home/airflow/.local/lib/python3.7/site-packages/airflow/example_dags/example_skip_dag.py for tasks to queue
[2022-12-21 17:10:09,973] {logging_mixin.py:115} INFO - [2022-12-21 17:10:09,973] {dagbag.py:507} INFO - Filling up the DagBag from /home/airflow/.local/lib/python3.7/site-packages/airflow/example_dags/example_skip_dag.py
[2022-12-21 17:10:09,977] {processor.py:651} INFO - DAG(s) dict_keys(['example_skip_dag']) retrieved from /home/airflow/.local/lib/python3.7/site-packages/airflow/example_dags/example_skip_dag.py
[2022-12-21 17:10:09,998] {logging_mixin.py:115} INFO - [2022-12-21 17:10:09,998] {dag.py:2371} INFO - Sync 1 DAGs
[2022-12-21 17:10:10,016] {logging_mixin.py:115} INFO - [2022-12-21 17:10:10,016] {dag.py:2919} INFO - Setting next_dagrun for example_skip_dag to 2022-12-20T17:10:10.016046+00:00, run_after=2022-12-21T17:10:10.016046+00:00
[2022-12-21 17:10:10,025] {processor.py:161} INFO - Processing /home/airflow/.local/lib/python3.7/site-packages/airflow/example_dags/example_skip_dag.py took 0.056 seconds
[2022-12-21 17:10:40,563] {processor.py:153} INFO - Started process (PID=24029) to work on /home/airflow/.local/lib/python3.7/site-packages/airflow/example_dags/example_skip_dag.py
[2022-12-21 17:10:40,563] {processor.py:641} INFO - Processing file /home/airflow/.local/lib/python3.7/site-packages/airflow/example_dags/example_skip_dag.py for tasks to queue
[2022-12-21 17:10:40,564] {logging_mixin.py:115} INFO - [2022-12-21 17:10:40,564] {dagbag.py:507} INFO - Filling up the DagBag from /home/airflow/.local/lib/python3.7/site-packages/airflow/example_dags/example_skip_dag.py
[2022-12-21 17:10:40,570] {processor.py:651} INFO - DAG(s) dict_keys(['example_skip_dag']) retrieved from /home/airflow/.local/lib/python3.7/site-packages/airflow/example_dags/example_skip_dag.py
[2022-12-21 17:10:40,594] {logging_mixin.py:115} INFO - [2022-12-21 17:10:40,594] {dag.py:2371} INFO - Sync 1 DAGs
[2022-12-21 17:10:40,613] {logging_mixin.py:115} INFO - [2022-12-21 17:10:40,613] {dag.py:2919} INFO - Setting next_dagrun for example_skip_dag to 2022-12-20T17:10:40.613062+00:00, run_after=2022-12-21T17:10:40.613062+00:00
[2022-12-21 17:10:40,624] {processor.py:161} INFO - Processing /home/airflow/.local/lib/python3.7/site-packages/airflow/example_dags/example_skip_dag.py took 0.064 seconds
[2022-12-21 17:11:11,084] {processor.py:153} INFO - Started process (PID=24087) to work on /home/airflow/.local/lib/python3.7/site-packages/airflow/example_dags/example_skip_dag.py
[2022-12-21 17:11:11,084] {processor.py:641} INFO - Processing file /home/airflow/.local/lib/python3.7/site-packages/airflow/example_dags/example_skip_dag.py for tasks to queue
[2022-12-21 17:11:11,085] {logging_mixin.py:115} INFO - [2022-12-21 17:11:11,085] {dagbag.py:507} INFO - Filling up the DagBag from /home/airflow/.local/lib/python3.7/site-packages/airflow/example_dags/example_skip_dag.py
[2022-12-21 17:11:11,089] {processor.py:651} INFO - DAG(s) dict_keys(['example_skip_dag']) retrieved from /home/airflow/.local/lib/python3.7/site-packages/airflow/example_dags/example_skip_dag.py
[2022-12-21 17:11:11,110] {logging_mixin.py:115} INFO - [2022-12-21 17:11:11,110] {dag.py:2371} INFO - Sync 1 DAGs
[2022-12-21 17:11:11,133] {logging_mixin.py:115} INFO - [2022-12-21 17:11:11,133] {dag.py:2919} INFO - Setting next_dagrun for example_skip_dag to 2022-12-20T17:11:11.132837+00:00, run_after=2022-12-21T17:11:11.132837+00:00
[2022-12-21 17:11:11,146] {processor.py:161} INFO - Processing /home/airflow/.local/lib/python3.7/site-packages/airflow/example_dags/example_skip_dag.py took 0.065 seconds
[2022-12-21 17:11:41,694] {processor.py:153} INFO - Started process (PID=24153) to work on /home/airflow/.local/lib/python3.7/site-packages/airflow/example_dags/example_skip_dag.py
[2022-12-21 17:11:41,694] {processor.py:641} INFO - Processing file /home/airflow/.local/lib/python3.7/site-packages/airflow/example_dags/example_skip_dag.py for tasks to queue
[2022-12-21 17:11:41,695] {logging_mixin.py:115} INFO - [2022-12-21 17:11:41,695] {dagbag.py:507} INFO - Filling up the DagBag from /home/airflow/.local/lib/python3.7/site-packages/airflow/example_dags/example_skip_dag.py
[2022-12-21 17:11:41,700] {processor.py:651} INFO - DAG(s) dict_keys(['example_skip_dag']) retrieved from /home/airflow/.local/lib/python3.7/site-packages/airflow/example_dags/example_skip_dag.py
[2022-12-21 17:11:41,719] {logging_mixin.py:115} INFO - [2022-12-21 17:11:41,719] {dag.py:2371} INFO - Sync 1 DAGs
[2022-12-21 17:11:41,736] {logging_mixin.py:115} INFO - [2022-12-21 17:11:41,736] {dag.py:2919} INFO - Setting next_dagrun for example_skip_dag to 2022-12-20T17:11:41.736647+00:00, run_after=2022-12-21T17:11:41.736647+00:00
[2022-12-21 17:11:41,748] {processor.py:161} INFO - Processing /home/airflow/.local/lib/python3.7/site-packages/airflow/example_dags/example_skip_dag.py took 0.057 seconds
[2022-12-21 17:12:12,362] {processor.py:153} INFO - Started process (PID=24219) to work on /home/airflow/.local/lib/python3.7/site-packages/airflow/example_dags/example_skip_dag.py
[2022-12-21 17:12:12,362] {processor.py:641} INFO - Processing file /home/airflow/.local/lib/python3.7/site-packages/airflow/example_dags/example_skip_dag.py for tasks to queue
[2022-12-21 17:12:12,363] {logging_mixin.py:115} INFO - [2022-12-21 17:12:12,363] {dagbag.py:507} INFO - Filling up the DagBag from /home/airflow/.local/lib/python3.7/site-packages/airflow/example_dags/example_skip_dag.py
[2022-12-21 17:12:12,367] {processor.py:651} INFO - DAG(s) dict_keys(['example_skip_dag']) retrieved from /home/airflow/.local/lib/python3.7/site-packages/airflow/example_dags/example_skip_dag.py
[2022-12-21 17:12:12,387] {logging_mixin.py:115} INFO - [2022-12-21 17:12:12,387] {dag.py:2371} INFO - Sync 1 DAGs
[2022-12-21 17:12:12,406] {logging_mixin.py:115} INFO - [2022-12-21 17:12:12,406] {dag.py:2919} INFO - Setting next_dagrun for example_skip_dag to 2022-12-20T17:12:12.406327+00:00, run_after=2022-12-21T17:12:12.406327+00:00
[2022-12-21 17:12:12,416] {processor.py:161} INFO - Processing /home/airflow/.local/lib/python3.7/site-packages/airflow/example_dags/example_skip_dag.py took 0.057 seconds
[2022-12-21 17:12:42,900] {processor.py:153} INFO - Started process (PID=24277) to work on /home/airflow/.local/lib/python3.7/site-packages/airflow/example_dags/example_skip_dag.py
[2022-12-21 17:12:42,901] {processor.py:641} INFO - Processing file /home/airflow/.local/lib/python3.7/site-packages/airflow/example_dags/example_skip_dag.py for tasks to queue
[2022-12-21 17:12:42,901] {logging_mixin.py:115} INFO - [2022-12-21 17:12:42,901] {dagbag.py:507} INFO - Filling up the DagBag from /home/airflow/.local/lib/python3.7/site-packages/airflow/example_dags/example_skip_dag.py
[2022-12-21 17:12:42,906] {processor.py:651} INFO - DAG(s) dict_keys(['example_skip_dag']) retrieved from /home/airflow/.local/lib/python3.7/site-packages/airflow/example_dags/example_skip_dag.py
[2022-12-21 17:12:42,929] {logging_mixin.py:115} INFO - [2022-12-21 17:12:42,929] {dag.py:2371} INFO - Sync 1 DAGs
[2022-12-21 17:12:42,946] {logging_mixin.py:115} INFO - [2022-12-21 17:12:42,946] {dag.py:2919} INFO - Setting next_dagrun for example_skip_dag to 2022-12-20T17:12:42.946602+00:00, run_after=2022-12-21T17:12:42.946602+00:00
[2022-12-21 17:12:42,958] {processor.py:161} INFO - Processing /home/airflow/.local/lib/python3.7/site-packages/airflow/example_dags/example_skip_dag.py took 0.060 seconds
[2022-12-21 17:13:13,343] {processor.py:153} INFO - Started process (PID=24342) to work on /home/airflow/.local/lib/python3.7/site-packages/airflow/example_dags/example_skip_dag.py
[2022-12-21 17:13:13,344] {processor.py:641} INFO - Processing file /home/airflow/.local/lib/python3.7/site-packages/airflow/example_dags/example_skip_dag.py for tasks to queue
[2022-12-21 17:13:13,344] {logging_mixin.py:115} INFO - [2022-12-21 17:13:13,344] {dagbag.py:507} INFO - Filling up the DagBag from /home/airflow/.local/lib/python3.7/site-packages/airflow/example_dags/example_skip_dag.py
[2022-12-21 17:13:13,350] {processor.py:651} INFO - DAG(s) dict_keys(['example_skip_dag']) retrieved from /home/airflow/.local/lib/python3.7/site-packages/airflow/example_dags/example_skip_dag.py
[2022-12-21 17:13:13,372] {logging_mixin.py:115} INFO - [2022-12-21 17:13:13,372] {dag.py:2371} INFO - Sync 1 DAGs
[2022-12-21 17:13:13,389] {logging_mixin.py:115} INFO - [2022-12-21 17:13:13,389] {dag.py:2919} INFO - Setting next_dagrun for example_skip_dag to 2022-12-20T17:13:13.389164+00:00, run_after=2022-12-21T17:13:13.389164+00:00
[2022-12-21 17:13:13,399] {processor.py:161} INFO - Processing /home/airflow/.local/lib/python3.7/site-packages/airflow/example_dags/example_skip_dag.py took 0.059 seconds
[2022-12-21 17:13:43,973] {processor.py:153} INFO - Started process (PID=24408) to work on /home/airflow/.local/lib/python3.7/site-packages/airflow/example_dags/example_skip_dag.py
[2022-12-21 17:13:43,974] {processor.py:641} INFO - Processing file /home/airflow/.local/lib/python3.7/site-packages/airflow/example_dags/example_skip_dag.py for tasks to queue
[2022-12-21 17:13:43,974] {logging_mixin.py:115} INFO - [2022-12-21 17:13:43,974] {dagbag.py:507} INFO - Filling up the DagBag from /home/airflow/.local/lib/python3.7/site-packages/airflow/example_dags/example_skip_dag.py
[2022-12-21 17:13:43,979] {processor.py:651} INFO - DAG(s) dict_keys(['example_skip_dag']) retrieved from /home/airflow/.local/lib/python3.7/site-packages/airflow/example_dags/example_skip_dag.py
[2022-12-21 17:13:44,001] {logging_mixin.py:115} INFO - [2022-12-21 17:13:44,001] {dag.py:2371} INFO - Sync 1 DAGs
[2022-12-21 17:13:44,020] {logging_mixin.py:115} INFO - [2022-12-21 17:13:44,020] {dag.py:2919} INFO - Setting next_dagrun for example_skip_dag to 2022-12-20T17:13:44.020513+00:00, run_after=2022-12-21T17:13:44.020513+00:00
[2022-12-21 17:13:44,030] {processor.py:161} INFO - Processing /home/airflow/.local/lib/python3.7/site-packages/airflow/example_dags/example_skip_dag.py took 0.060 seconds
[2022-12-21 17:14:14,622] {processor.py:153} INFO - Started process (PID=24475) to work on /home/airflow/.local/lib/python3.7/site-packages/airflow/example_dags/example_skip_dag.py
[2022-12-21 17:14:14,622] {processor.py:641} INFO - Processing file /home/airflow/.local/lib/python3.7/site-packages/airflow/example_dags/example_skip_dag.py for tasks to queue
[2022-12-21 17:14:14,623] {logging_mixin.py:115} INFO - [2022-12-21 17:14:14,623] {dagbag.py:507} INFO - Filling up the DagBag from /home/airflow/.local/lib/python3.7/site-packages/airflow/example_dags/example_skip_dag.py
[2022-12-21 17:14:14,627] {processor.py:651} INFO - DAG(s) dict_keys(['example_skip_dag']) retrieved from /home/airflow/.local/lib/python3.7/site-packages/airflow/example_dags/example_skip_dag.py
[2022-12-21 17:14:14,648] {logging_mixin.py:115} INFO - [2022-12-21 17:14:14,648] {dag.py:2371} INFO - Sync 1 DAGs
[2022-12-21 17:14:14,668] {logging_mixin.py:115} INFO - [2022-12-21 17:14:14,668] {dag.py:2919} INFO - Setting next_dagrun for example_skip_dag to 2022-12-20T17:14:14.668383+00:00, run_after=2022-12-21T17:14:14.668383+00:00
[2022-12-21 17:14:14,678] {processor.py:161} INFO - Processing /home/airflow/.local/lib/python3.7/site-packages/airflow/example_dags/example_skip_dag.py took 0.058 seconds
[2022-12-21 17:14:45,417] {processor.py:153} INFO - Started process (PID=24531) to work on /home/airflow/.local/lib/python3.7/site-packages/airflow/example_dags/example_skip_dag.py
[2022-12-21 17:14:45,417] {processor.py:641} INFO - Processing file /home/airflow/.local/lib/python3.7/site-packages/airflow/example_dags/example_skip_dag.py for tasks to queue
[2022-12-21 17:14:45,418] {logging_mixin.py:115} INFO - [2022-12-21 17:14:45,418] {dagbag.py:507} INFO - Filling up the DagBag from /home/airflow/.local/lib/python3.7/site-packages/airflow/example_dags/example_skip_dag.py
[2022-12-21 17:14:45,422] {processor.py:651} INFO - DAG(s) dict_keys(['example_skip_dag']) retrieved from /home/airflow/.local/lib/python3.7/site-packages/airflow/example_dags/example_skip_dag.py
[2022-12-21 17:14:45,441] {logging_mixin.py:115} INFO - [2022-12-21 17:14:45,441] {dag.py:2371} INFO - Sync 1 DAGs
[2022-12-21 17:14:45,457] {logging_mixin.py:115} INFO - [2022-12-21 17:14:45,457] {dag.py:2919} INFO - Setting next_dagrun for example_skip_dag to 2022-12-20T17:14:45.457455+00:00, run_after=2022-12-21T17:14:45.457455+00:00
[2022-12-21 17:14:45,469] {processor.py:161} INFO - Processing /home/airflow/.local/lib/python3.7/site-packages/airflow/example_dags/example_skip_dag.py took 0.054 seconds
[2022-12-21 17:15:16,029] {processor.py:153} INFO - Started process (PID=24597) to work on /home/airflow/.local/lib/python3.7/site-packages/airflow/example_dags/example_skip_dag.py
[2022-12-21 17:15:16,030] {processor.py:641} INFO - Processing file /home/airflow/.local/lib/python3.7/site-packages/airflow/example_dags/example_skip_dag.py for tasks to queue
[2022-12-21 17:15:16,030] {logging_mixin.py:115} INFO - [2022-12-21 17:15:16,030] {dagbag.py:507} INFO - Filling up the DagBag from /home/airflow/.local/lib/python3.7/site-packages/airflow/example_dags/example_skip_dag.py
[2022-12-21 17:15:16,035] {processor.py:651} INFO - DAG(s) dict_keys(['example_skip_dag']) retrieved from /home/airflow/.local/lib/python3.7/site-packages/airflow/example_dags/example_skip_dag.py
[2022-12-21 17:15:16,054] {logging_mixin.py:115} INFO - [2022-12-21 17:15:16,054] {dag.py:2371} INFO - Sync 1 DAGs
[2022-12-21 17:15:16,072] {logging_mixin.py:115} INFO - [2022-12-21 17:15:16,072] {dag.py:2919} INFO - Setting next_dagrun for example_skip_dag to 2022-12-20T17:15:16.072203+00:00, run_after=2022-12-21T17:15:16.072203+00:00
[2022-12-21 17:15:16,083] {processor.py:161} INFO - Processing /home/airflow/.local/lib/python3.7/site-packages/airflow/example_dags/example_skip_dag.py took 0.056 seconds
[2022-12-21 17:15:46,631] {processor.py:153} INFO - Started process (PID=24663) to work on /home/airflow/.local/lib/python3.7/site-packages/airflow/example_dags/example_skip_dag.py
[2022-12-21 17:15:46,632] {processor.py:641} INFO - Processing file /home/airflow/.local/lib/python3.7/site-packages/airflow/example_dags/example_skip_dag.py for tasks to queue
[2022-12-21 17:15:46,633] {logging_mixin.py:115} INFO - [2022-12-21 17:15:46,633] {dagbag.py:507} INFO - Filling up the DagBag from /home/airflow/.local/lib/python3.7/site-packages/airflow/example_dags/example_skip_dag.py
[2022-12-21 17:15:46,637] {processor.py:651} INFO - DAG(s) dict_keys(['example_skip_dag']) retrieved from /home/airflow/.local/lib/python3.7/site-packages/airflow/example_dags/example_skip_dag.py
[2022-12-21 17:15:46,661] {logging_mixin.py:115} INFO - [2022-12-21 17:15:46,660] {dag.py:2371} INFO - Sync 1 DAGs
[2022-12-21 17:15:46,681] {logging_mixin.py:115} INFO - [2022-12-21 17:15:46,681] {dag.py:2919} INFO - Setting next_dagrun for example_skip_dag to 2022-12-20T17:15:46.681531+00:00, run_after=2022-12-21T17:15:46.681531+00:00
[2022-12-21 17:15:46,692] {processor.py:161} INFO - Processing /home/airflow/.local/lib/python3.7/site-packages/airflow/example_dags/example_skip_dag.py took 0.064 seconds
[2022-12-21 17:16:17,338] {processor.py:153} INFO - Started process (PID=24729) to work on /home/airflow/.local/lib/python3.7/site-packages/airflow/example_dags/example_skip_dag.py
[2022-12-21 17:16:17,339] {processor.py:641} INFO - Processing file /home/airflow/.local/lib/python3.7/site-packages/airflow/example_dags/example_skip_dag.py for tasks to queue
[2022-12-21 17:16:17,340] {logging_mixin.py:115} INFO - [2022-12-21 17:16:17,340] {dagbag.py:507} INFO - Filling up the DagBag from /home/airflow/.local/lib/python3.7/site-packages/airflow/example_dags/example_skip_dag.py
[2022-12-21 17:16:17,344] {processor.py:651} INFO - DAG(s) dict_keys(['example_skip_dag']) retrieved from /home/airflow/.local/lib/python3.7/site-packages/airflow/example_dags/example_skip_dag.py
[2022-12-21 17:16:17,364] {logging_mixin.py:115} INFO - [2022-12-21 17:16:17,364] {dag.py:2371} INFO - Sync 1 DAGs
[2022-12-21 17:16:17,381] {logging_mixin.py:115} INFO - [2022-12-21 17:16:17,381] {dag.py:2919} INFO - Setting next_dagrun for example_skip_dag to 2022-12-20T17:16:17.381686+00:00, run_after=2022-12-21T17:16:17.381686+00:00
[2022-12-21 17:16:17,391] {processor.py:161} INFO - Processing /home/airflow/.local/lib/python3.7/site-packages/airflow/example_dags/example_skip_dag.py took 0.056 seconds
[2022-12-21 17:16:48,008] {processor.py:153} INFO - Started process (PID=24787) to work on /home/airflow/.local/lib/python3.7/site-packages/airflow/example_dags/example_skip_dag.py
[2022-12-21 17:16:48,009] {processor.py:641} INFO - Processing file /home/airflow/.local/lib/python3.7/site-packages/airflow/example_dags/example_skip_dag.py for tasks to queue
[2022-12-21 17:16:48,009] {logging_mixin.py:115} INFO - [2022-12-21 17:16:48,009] {dagbag.py:507} INFO - Filling up the DagBag from /home/airflow/.local/lib/python3.7/site-packages/airflow/example_dags/example_skip_dag.py
[2022-12-21 17:16:48,015] {processor.py:651} INFO - DAG(s) dict_keys(['example_skip_dag']) retrieved from /home/airflow/.local/lib/python3.7/site-packages/airflow/example_dags/example_skip_dag.py
[2022-12-21 17:16:48,037] {logging_mixin.py:115} INFO - [2022-12-21 17:16:48,037] {dag.py:2371} INFO - Sync 1 DAGs
[2022-12-21 17:16:48,054] {logging_mixin.py:115} INFO - [2022-12-21 17:16:48,054] {dag.py:2919} INFO - Setting next_dagrun for example_skip_dag to 2022-12-20T17:16:48.053961+00:00, run_after=2022-12-21T17:16:48.053961+00:00
[2022-12-21 17:16:48,064] {processor.py:161} INFO - Processing /home/airflow/.local/lib/python3.7/site-packages/airflow/example_dags/example_skip_dag.py took 0.058 seconds
[2022-12-21 17:17:18,671] {processor.py:153} INFO - Started process (PID=24852) to work on /home/airflow/.local/lib/python3.7/site-packages/airflow/example_dags/example_skip_dag.py
[2022-12-21 17:17:18,671] {processor.py:641} INFO - Processing file /home/airflow/.local/lib/python3.7/site-packages/airflow/example_dags/example_skip_dag.py for tasks to queue
[2022-12-21 17:17:18,672] {logging_mixin.py:115} INFO - [2022-12-21 17:17:18,672] {dagbag.py:507} INFO - Filling up the DagBag from /home/airflow/.local/lib/python3.7/site-packages/airflow/example_dags/example_skip_dag.py
[2022-12-21 17:17:18,676] {processor.py:651} INFO - DAG(s) dict_keys(['example_skip_dag']) retrieved from /home/airflow/.local/lib/python3.7/site-packages/airflow/example_dags/example_skip_dag.py
[2022-12-21 17:17:18,699] {logging_mixin.py:115} INFO - [2022-12-21 17:17:18,699] {dag.py:2371} INFO - Sync 1 DAGs
[2022-12-21 17:17:18,717] {logging_mixin.py:115} INFO - [2022-12-21 17:17:18,717] {dag.py:2919} INFO - Setting next_dagrun for example_skip_dag to 2022-12-20T17:17:18.717207+00:00, run_after=2022-12-21T17:17:18.717207+00:00
[2022-12-21 17:17:18,728] {processor.py:161} INFO - Processing /home/airflow/.local/lib/python3.7/site-packages/airflow/example_dags/example_skip_dag.py took 0.059 seconds
[2022-12-21 17:17:49,252] {processor.py:153} INFO - Started process (PID=24919) to work on /home/airflow/.local/lib/python3.7/site-packages/airflow/example_dags/example_skip_dag.py
[2022-12-21 17:17:49,252] {processor.py:641} INFO - Processing file /home/airflow/.local/lib/python3.7/site-packages/airflow/example_dags/example_skip_dag.py for tasks to queue
[2022-12-21 17:17:49,253] {logging_mixin.py:115} INFO - [2022-12-21 17:17:49,253] {dagbag.py:507} INFO - Filling up the DagBag from /home/airflow/.local/lib/python3.7/site-packages/airflow/example_dags/example_skip_dag.py
[2022-12-21 17:17:49,258] {processor.py:651} INFO - DAG(s) dict_keys(['example_skip_dag']) retrieved from /home/airflow/.local/lib/python3.7/site-packages/airflow/example_dags/example_skip_dag.py
[2022-12-21 17:17:49,279] {logging_mixin.py:115} INFO - [2022-12-21 17:17:49,279] {dag.py:2371} INFO - Sync 1 DAGs
[2022-12-21 17:17:49,297] {logging_mixin.py:115} INFO - [2022-12-21 17:17:49,297] {dag.py:2919} INFO - Setting next_dagrun for example_skip_dag to 2022-12-20T17:17:49.297193+00:00, run_after=2022-12-21T17:17:49.297193+00:00
[2022-12-21 17:17:49,307] {processor.py:161} INFO - Processing /home/airflow/.local/lib/python3.7/site-packages/airflow/example_dags/example_skip_dag.py took 0.057 seconds
[2022-12-21 17:18:20,079] {processor.py:153} INFO - Started process (PID=24989) to work on /home/airflow/.local/lib/python3.7/site-packages/airflow/example_dags/example_skip_dag.py
[2022-12-21 17:18:20,080] {processor.py:641} INFO - Processing file /home/airflow/.local/lib/python3.7/site-packages/airflow/example_dags/example_skip_dag.py for tasks to queue
[2022-12-21 17:18:20,080] {logging_mixin.py:115} INFO - [2022-12-21 17:18:20,080] {dagbag.py:507} INFO - Filling up the DagBag from /home/airflow/.local/lib/python3.7/site-packages/airflow/example_dags/example_skip_dag.py
[2022-12-21 17:18:20,084] {processor.py:651} INFO - DAG(s) dict_keys(['example_skip_dag']) retrieved from /home/airflow/.local/lib/python3.7/site-packages/airflow/example_dags/example_skip_dag.py
[2022-12-21 17:18:20,108] {logging_mixin.py:115} INFO - [2022-12-21 17:18:20,107] {dag.py:2371} INFO - Sync 1 DAGs
[2022-12-21 17:18:20,127] {logging_mixin.py:115} INFO - [2022-12-21 17:18:20,126] {dag.py:2919} INFO - Setting next_dagrun for example_skip_dag to 2022-12-20T17:18:20.126660+00:00, run_after=2022-12-21T17:18:20.126660+00:00
[2022-12-21 17:18:20,136] {processor.py:161} INFO - Processing /home/airflow/.local/lib/python3.7/site-packages/airflow/example_dags/example_skip_dag.py took 0.060 seconds
[2022-12-21 17:18:50,822] {processor.py:153} INFO - Started process (PID=25046) to work on /home/airflow/.local/lib/python3.7/site-packages/airflow/example_dags/example_skip_dag.py
[2022-12-21 17:18:50,823] {processor.py:641} INFO - Processing file /home/airflow/.local/lib/python3.7/site-packages/airflow/example_dags/example_skip_dag.py for tasks to queue
[2022-12-21 17:18:50,823] {logging_mixin.py:115} INFO - [2022-12-21 17:18:50,823] {dagbag.py:507} INFO - Filling up the DagBag from /home/airflow/.local/lib/python3.7/site-packages/airflow/example_dags/example_skip_dag.py
[2022-12-21 17:18:50,828] {processor.py:651} INFO - DAG(s) dict_keys(['example_skip_dag']) retrieved from /home/airflow/.local/lib/python3.7/site-packages/airflow/example_dags/example_skip_dag.py
[2022-12-21 17:18:50,851] {logging_mixin.py:115} INFO - [2022-12-21 17:18:50,850] {dag.py:2371} INFO - Sync 1 DAGs
[2022-12-21 17:18:50,869] {logging_mixin.py:115} INFO - [2022-12-21 17:18:50,869] {dag.py:2919} INFO - Setting next_dagrun for example_skip_dag to 2022-12-20T17:18:50.869255+00:00, run_after=2022-12-21T17:18:50.869255+00:00
[2022-12-21 17:18:50,879] {processor.py:161} INFO - Processing /home/airflow/.local/lib/python3.7/site-packages/airflow/example_dags/example_skip_dag.py took 0.060 seconds
[2022-12-21 17:19:21,491] {processor.py:153} INFO - Started process (PID=25113) to work on /home/airflow/.local/lib/python3.7/site-packages/airflow/example_dags/example_skip_dag.py
[2022-12-21 17:19:21,492] {processor.py:641} INFO - Processing file /home/airflow/.local/lib/python3.7/site-packages/airflow/example_dags/example_skip_dag.py for tasks to queue
[2022-12-21 17:19:21,493] {logging_mixin.py:115} INFO - [2022-12-21 17:19:21,493] {dagbag.py:507} INFO - Filling up the DagBag from /home/airflow/.local/lib/python3.7/site-packages/airflow/example_dags/example_skip_dag.py
[2022-12-21 17:19:21,498] {processor.py:651} INFO - DAG(s) dict_keys(['example_skip_dag']) retrieved from /home/airflow/.local/lib/python3.7/site-packages/airflow/example_dags/example_skip_dag.py
[2022-12-21 17:19:21,519] {logging_mixin.py:115} INFO - [2022-12-21 17:19:21,519] {dag.py:2371} INFO - Sync 1 DAGs
[2022-12-21 17:19:21,539] {logging_mixin.py:115} INFO - [2022-12-21 17:19:21,539] {dag.py:2919} INFO - Setting next_dagrun for example_skip_dag to 2022-12-20T17:19:21.539148+00:00, run_after=2022-12-21T17:19:21.539148+00:00
[2022-12-21 17:19:21,550] {processor.py:161} INFO - Processing /home/airflow/.local/lib/python3.7/site-packages/airflow/example_dags/example_skip_dag.py took 0.062 seconds
[2022-12-21 17:19:52,085] {processor.py:153} INFO - Started process (PID=25179) to work on /home/airflow/.local/lib/python3.7/site-packages/airflow/example_dags/example_skip_dag.py
[2022-12-21 17:19:52,085] {processor.py:641} INFO - Processing file /home/airflow/.local/lib/python3.7/site-packages/airflow/example_dags/example_skip_dag.py for tasks to queue
[2022-12-21 17:19:52,086] {logging_mixin.py:115} INFO - [2022-12-21 17:19:52,086] {dagbag.py:507} INFO - Filling up the DagBag from /home/airflow/.local/lib/python3.7/site-packages/airflow/example_dags/example_skip_dag.py
[2022-12-21 17:19:52,090] {processor.py:651} INFO - DAG(s) dict_keys(['example_skip_dag']) retrieved from /home/airflow/.local/lib/python3.7/site-packages/airflow/example_dags/example_skip_dag.py
[2022-12-21 17:19:52,109] {logging_mixin.py:115} INFO - [2022-12-21 17:19:52,109] {dag.py:2371} INFO - Sync 1 DAGs
[2022-12-21 17:19:52,127] {logging_mixin.py:115} INFO - [2022-12-21 17:19:52,127] {dag.py:2919} INFO - Setting next_dagrun for example_skip_dag to 2022-12-20T17:19:52.126873+00:00, run_after=2022-12-21T17:19:52.126873+00:00
[2022-12-21 17:19:52,137] {processor.py:161} INFO - Processing /home/airflow/.local/lib/python3.7/site-packages/airflow/example_dags/example_skip_dag.py took 0.054 seconds
[2022-12-21 17:20:22,819] {processor.py:153} INFO - Started process (PID=25247) to work on /home/airflow/.local/lib/python3.7/site-packages/airflow/example_dags/example_skip_dag.py
[2022-12-21 17:20:22,819] {processor.py:641} INFO - Processing file /home/airflow/.local/lib/python3.7/site-packages/airflow/example_dags/example_skip_dag.py for tasks to queue
[2022-12-21 17:20:22,820] {logging_mixin.py:115} INFO - [2022-12-21 17:20:22,820] {dagbag.py:507} INFO - Filling up the DagBag from /home/airflow/.local/lib/python3.7/site-packages/airflow/example_dags/example_skip_dag.py
[2022-12-21 17:20:22,824] {processor.py:651} INFO - DAG(s) dict_keys(['example_skip_dag']) retrieved from /home/airflow/.local/lib/python3.7/site-packages/airflow/example_dags/example_skip_dag.py
[2022-12-21 17:20:22,845] {logging_mixin.py:115} INFO - [2022-12-21 17:20:22,845] {dag.py:2371} INFO - Sync 1 DAGs
[2022-12-21 17:20:22,863] {logging_mixin.py:115} INFO - [2022-12-21 17:20:22,863] {dag.py:2919} INFO - Setting next_dagrun for example_skip_dag to 2022-12-20T17:20:22.862815+00:00, run_after=2022-12-21T17:20:22.862815+00:00
[2022-12-21 17:20:22,872] {processor.py:161} INFO - Processing /home/airflow/.local/lib/python3.7/site-packages/airflow/example_dags/example_skip_dag.py took 0.056 seconds
[2022-12-21 17:20:53,589] {processor.py:153} INFO - Started process (PID=25305) to work on /home/airflow/.local/lib/python3.7/site-packages/airflow/example_dags/example_skip_dag.py
[2022-12-21 17:20:53,590] {processor.py:641} INFO - Processing file /home/airflow/.local/lib/python3.7/site-packages/airflow/example_dags/example_skip_dag.py for tasks to queue
[2022-12-21 17:20:53,590] {logging_mixin.py:115} INFO - [2022-12-21 17:20:53,590] {dagbag.py:507} INFO - Filling up the DagBag from /home/airflow/.local/lib/python3.7/site-packages/airflow/example_dags/example_skip_dag.py
[2022-12-21 17:20:53,596] {processor.py:651} INFO - DAG(s) dict_keys(['example_skip_dag']) retrieved from /home/airflow/.local/lib/python3.7/site-packages/airflow/example_dags/example_skip_dag.py
[2022-12-21 17:20:53,630] {logging_mixin.py:115} INFO - [2022-12-21 17:20:53,630] {dag.py:2371} INFO - Sync 1 DAGs
[2022-12-21 17:20:53,661] {logging_mixin.py:115} INFO - [2022-12-21 17:20:53,661] {dag.py:2919} INFO - Setting next_dagrun for example_skip_dag to 2022-12-20T17:20:53.661020+00:00, run_after=2022-12-21T17:20:53.661020+00:00
[2022-12-21 17:20:53,673] {processor.py:161} INFO - Processing /home/airflow/.local/lib/python3.7/site-packages/airflow/example_dags/example_skip_dag.py took 0.087 seconds
[2022-12-21 17:21:24,119] {processor.py:153} INFO - Started process (PID=25371) to work on /home/airflow/.local/lib/python3.7/site-packages/airflow/example_dags/example_skip_dag.py
[2022-12-21 17:21:24,120] {processor.py:641} INFO - Processing file /home/airflow/.local/lib/python3.7/site-packages/airflow/example_dags/example_skip_dag.py for tasks to queue
[2022-12-21 17:21:24,120] {logging_mixin.py:115} INFO - [2022-12-21 17:21:24,120] {dagbag.py:507} INFO - Filling up the DagBag from /home/airflow/.local/lib/python3.7/site-packages/airflow/example_dags/example_skip_dag.py
[2022-12-21 17:21:24,124] {processor.py:651} INFO - DAG(s) dict_keys(['example_skip_dag']) retrieved from /home/airflow/.local/lib/python3.7/site-packages/airflow/example_dags/example_skip_dag.py
[2022-12-21 17:21:24,144] {logging_mixin.py:115} INFO - [2022-12-21 17:21:24,143] {dag.py:2371} INFO - Sync 1 DAGs
[2022-12-21 17:21:24,159] {logging_mixin.py:115} INFO - [2022-12-21 17:21:24,159] {dag.py:2919} INFO - Setting next_dagrun for example_skip_dag to 2022-12-20T17:21:24.159556+00:00, run_after=2022-12-21T17:21:24.159556+00:00
[2022-12-21 17:21:24,168] {processor.py:161} INFO - Processing /home/airflow/.local/lib/python3.7/site-packages/airflow/example_dags/example_skip_dag.py took 0.052 seconds
[2022-12-21 17:21:54,591] {processor.py:153} INFO - Started process (PID=25437) to work on /home/airflow/.local/lib/python3.7/site-packages/airflow/example_dags/example_skip_dag.py
[2022-12-21 17:21:54,591] {processor.py:641} INFO - Processing file /home/airflow/.local/lib/python3.7/site-packages/airflow/example_dags/example_skip_dag.py for tasks to queue
[2022-12-21 17:21:54,592] {logging_mixin.py:115} INFO - [2022-12-21 17:21:54,592] {dagbag.py:507} INFO - Filling up the DagBag from /home/airflow/.local/lib/python3.7/site-packages/airflow/example_dags/example_skip_dag.py
[2022-12-21 17:21:54,595] {processor.py:651} INFO - DAG(s) dict_keys(['example_skip_dag']) retrieved from /home/airflow/.local/lib/python3.7/site-packages/airflow/example_dags/example_skip_dag.py
[2022-12-21 17:21:54,614] {logging_mixin.py:115} INFO - [2022-12-21 17:21:54,614] {dag.py:2371} INFO - Sync 1 DAGs
[2022-12-21 17:21:54,631] {logging_mixin.py:115} INFO - [2022-12-21 17:21:54,631] {dag.py:2919} INFO - Setting next_dagrun for example_skip_dag to 2022-12-20T17:21:54.631316+00:00, run_after=2022-12-21T17:21:54.631316+00:00
[2022-12-21 17:21:54,643] {processor.py:161} INFO - Processing /home/airflow/.local/lib/python3.7/site-packages/airflow/example_dags/example_skip_dag.py took 0.055 seconds
[2022-12-21 17:22:25,106] {processor.py:153} INFO - Started process (PID=25505) to work on /home/airflow/.local/lib/python3.7/site-packages/airflow/example_dags/example_skip_dag.py
[2022-12-21 17:22:25,107] {processor.py:641} INFO - Processing file /home/airflow/.local/lib/python3.7/site-packages/airflow/example_dags/example_skip_dag.py for tasks to queue
[2022-12-21 17:22:25,107] {logging_mixin.py:115} INFO - [2022-12-21 17:22:25,107] {dagbag.py:507} INFO - Filling up the DagBag from /home/airflow/.local/lib/python3.7/site-packages/airflow/example_dags/example_skip_dag.py
[2022-12-21 17:22:25,111] {processor.py:651} INFO - DAG(s) dict_keys(['example_skip_dag']) retrieved from /home/airflow/.local/lib/python3.7/site-packages/airflow/example_dags/example_skip_dag.py
[2022-12-21 17:22:25,132] {logging_mixin.py:115} INFO - [2022-12-21 17:22:25,132] {dag.py:2371} INFO - Sync 1 DAGs
[2022-12-21 17:22:25,149] {logging_mixin.py:115} INFO - [2022-12-21 17:22:25,149] {dag.py:2919} INFO - Setting next_dagrun for example_skip_dag to 2022-12-20T17:22:25.148952+00:00, run_after=2022-12-21T17:22:25.148952+00:00
[2022-12-21 17:22:25,160] {processor.py:161} INFO - Processing /home/airflow/.local/lib/python3.7/site-packages/airflow/example_dags/example_skip_dag.py took 0.057 seconds
[2022-12-21 17:22:56,232] {processor.py:153} INFO - Started process (PID=25562) to work on /home/airflow/.local/lib/python3.7/site-packages/airflow/example_dags/example_skip_dag.py
[2022-12-21 17:22:56,233] {processor.py:641} INFO - Processing file /home/airflow/.local/lib/python3.7/site-packages/airflow/example_dags/example_skip_dag.py for tasks to queue
[2022-12-21 17:22:56,233] {logging_mixin.py:115} INFO - [2022-12-21 17:22:56,233] {dagbag.py:507} INFO - Filling up the DagBag from /home/airflow/.local/lib/python3.7/site-packages/airflow/example_dags/example_skip_dag.py
[2022-12-21 17:22:56,237] {processor.py:651} INFO - DAG(s) dict_keys(['example_skip_dag']) retrieved from /home/airflow/.local/lib/python3.7/site-packages/airflow/example_dags/example_skip_dag.py
[2022-12-21 17:22:56,256] {logging_mixin.py:115} INFO - [2022-12-21 17:22:56,256] {dag.py:2371} INFO - Sync 1 DAGs
[2022-12-21 17:22:56,276] {logging_mixin.py:115} INFO - [2022-12-21 17:22:56,276] {dag.py:2919} INFO - Setting next_dagrun for example_skip_dag to 2022-12-20T17:22:56.275818+00:00, run_after=2022-12-21T17:22:56.275818+00:00
[2022-12-21 17:22:56,286] {processor.py:161} INFO - Processing /home/airflow/.local/lib/python3.7/site-packages/airflow/example_dags/example_skip_dag.py took 0.056 seconds
[2022-12-21 17:23:26,338] {processor.py:153} INFO - Started process (PID=25629) to work on /home/airflow/.local/lib/python3.7/site-packages/airflow/example_dags/example_skip_dag.py
[2022-12-21 17:23:26,339] {processor.py:641} INFO - Processing file /home/airflow/.local/lib/python3.7/site-packages/airflow/example_dags/example_skip_dag.py for tasks to queue
[2022-12-21 17:23:26,339] {logging_mixin.py:115} INFO - [2022-12-21 17:23:26,339] {dagbag.py:507} INFO - Filling up the DagBag from /home/airflow/.local/lib/python3.7/site-packages/airflow/example_dags/example_skip_dag.py
[2022-12-21 17:23:26,343] {processor.py:651} INFO - DAG(s) dict_keys(['example_skip_dag']) retrieved from /home/airflow/.local/lib/python3.7/site-packages/airflow/example_dags/example_skip_dag.py
[2022-12-21 17:23:26,371] {logging_mixin.py:115} INFO - [2022-12-21 17:23:26,371] {dag.py:2371} INFO - Sync 1 DAGs
[2022-12-21 17:23:26,400] {logging_mixin.py:115} INFO - [2022-12-21 17:23:26,399] {dag.py:2919} INFO - Setting next_dagrun for example_skip_dag to 2022-12-20T17:23:26.398841+00:00, run_after=2022-12-21T17:23:26.398841+00:00
[2022-12-21 17:23:26,415] {processor.py:161} INFO - Processing /home/airflow/.local/lib/python3.7/site-packages/airflow/example_dags/example_skip_dag.py took 0.080 seconds
