[2022-12-21 16:55:21,145] {processor.py:153} INFO - Started process (PID=22102) to work on /home/airflow/.local/lib/python3.7/site-packages/airflow/example_dags/example_task_group.py
[2022-12-21 16:55:21,145] {processor.py:641} INFO - Processing file /home/airflow/.local/lib/python3.7/site-packages/airflow/example_dags/example_task_group.py for tasks to queue
[2022-12-21 16:55:21,145] {logging_mixin.py:115} INFO - [2022-12-21 16:55:21,145] {dagbag.py:507} INFO - Filling up the DagBag from /home/airflow/.local/lib/python3.7/site-packages/airflow/example_dags/example_task_group.py
[2022-12-21 16:55:21,151] {processor.py:651} INFO - DAG(s) dict_keys(['example_task_group']) retrieved from /home/airflow/.local/lib/python3.7/site-packages/airflow/example_dags/example_task_group.py
[2022-12-21 16:55:21,172] {logging_mixin.py:115} INFO - [2022-12-21 16:55:21,171] {dag.py:2371} INFO - Sync 1 DAGs
[2022-12-21 16:55:21,188] {logging_mixin.py:115} INFO - [2022-12-21 16:55:21,188] {dag.py:2919} INFO - Setting next_dagrun for example_task_group to 2022-12-20T16:55:21.188650+00:00, run_after=2022-12-21T16:55:21.188650+00:00
[2022-12-21 16:55:21,197] {processor.py:161} INFO - Processing /home/airflow/.local/lib/python3.7/site-packages/airflow/example_dags/example_task_group.py took 0.055 seconds
[2022-12-21 16:55:51,669] {processor.py:153} INFO - Started process (PID=22168) to work on /home/airflow/.local/lib/python3.7/site-packages/airflow/example_dags/example_task_group.py
[2022-12-21 16:55:51,670] {processor.py:641} INFO - Processing file /home/airflow/.local/lib/python3.7/site-packages/airflow/example_dags/example_task_group.py for tasks to queue
[2022-12-21 16:55:51,670] {logging_mixin.py:115} INFO - [2022-12-21 16:55:51,670] {dagbag.py:507} INFO - Filling up the DagBag from /home/airflow/.local/lib/python3.7/site-packages/airflow/example_dags/example_task_group.py
[2022-12-21 16:55:51,675] {processor.py:651} INFO - DAG(s) dict_keys(['example_task_group']) retrieved from /home/airflow/.local/lib/python3.7/site-packages/airflow/example_dags/example_task_group.py
[2022-12-21 16:55:51,694] {logging_mixin.py:115} INFO - [2022-12-21 16:55:51,694] {dag.py:2371} INFO - Sync 1 DAGs
[2022-12-21 16:55:51,708] {logging_mixin.py:115} INFO - [2022-12-21 16:55:51,708] {dag.py:2919} INFO - Setting next_dagrun for example_task_group to 2022-12-20T16:55:51.708374+00:00, run_after=2022-12-21T16:55:51.708374+00:00
[2022-12-21 16:55:51,719] {processor.py:161} INFO - Processing /home/airflow/.local/lib/python3.7/site-packages/airflow/example_dags/example_task_group.py took 0.052 seconds
[2022-12-21 16:56:22,015] {processor.py:153} INFO - Started process (PID=22234) to work on /home/airflow/.local/lib/python3.7/site-packages/airflow/example_dags/example_task_group.py
[2022-12-21 16:56:22,016] {processor.py:641} INFO - Processing file /home/airflow/.local/lib/python3.7/site-packages/airflow/example_dags/example_task_group.py for tasks to queue
[2022-12-21 16:56:22,017] {logging_mixin.py:115} INFO - [2022-12-21 16:56:22,017] {dagbag.py:507} INFO - Filling up the DagBag from /home/airflow/.local/lib/python3.7/site-packages/airflow/example_dags/example_task_group.py
[2022-12-21 16:56:22,023] {processor.py:651} INFO - DAG(s) dict_keys(['example_task_group']) retrieved from /home/airflow/.local/lib/python3.7/site-packages/airflow/example_dags/example_task_group.py
[2022-12-21 16:56:22,043] {logging_mixin.py:115} INFO - [2022-12-21 16:56:22,043] {dag.py:2371} INFO - Sync 1 DAGs
[2022-12-21 16:56:22,061] {logging_mixin.py:115} INFO - [2022-12-21 16:56:22,061] {dag.py:2919} INFO - Setting next_dagrun for example_task_group to 2022-12-20T16:56:22.061438+00:00, run_after=2022-12-21T16:56:22.061438+00:00
[2022-12-21 16:56:22,071] {processor.py:161} INFO - Processing /home/airflow/.local/lib/python3.7/site-packages/airflow/example_dags/example_task_group.py took 0.058 seconds
[2022-12-21 16:56:52,334] {processor.py:153} INFO - Started process (PID=22291) to work on /home/airflow/.local/lib/python3.7/site-packages/airflow/example_dags/example_task_group.py
[2022-12-21 16:56:52,335] {processor.py:641} INFO - Processing file /home/airflow/.local/lib/python3.7/site-packages/airflow/example_dags/example_task_group.py for tasks to queue
[2022-12-21 16:56:52,335] {logging_mixin.py:115} INFO - [2022-12-21 16:56:52,335] {dagbag.py:507} INFO - Filling up the DagBag from /home/airflow/.local/lib/python3.7/site-packages/airflow/example_dags/example_task_group.py
[2022-12-21 16:56:52,341] {processor.py:651} INFO - DAG(s) dict_keys(['example_task_group']) retrieved from /home/airflow/.local/lib/python3.7/site-packages/airflow/example_dags/example_task_group.py
[2022-12-21 16:56:52,360] {logging_mixin.py:115} INFO - [2022-12-21 16:56:52,360] {dag.py:2371} INFO - Sync 1 DAGs
[2022-12-21 16:56:52,376] {logging_mixin.py:115} INFO - [2022-12-21 16:56:52,376] {dag.py:2919} INFO - Setting next_dagrun for example_task_group to 2022-12-20T16:56:52.376000+00:00, run_after=2022-12-21T16:56:52.376000+00:00
[2022-12-21 16:56:52,385] {processor.py:161} INFO - Processing /home/airflow/.local/lib/python3.7/site-packages/airflow/example_dags/example_task_group.py took 0.053 seconds
[2022-12-21 16:57:22,962] {processor.py:153} INFO - Started process (PID=22358) to work on /home/airflow/.local/lib/python3.7/site-packages/airflow/example_dags/example_task_group.py
[2022-12-21 16:57:22,963] {processor.py:641} INFO - Processing file /home/airflow/.local/lib/python3.7/site-packages/airflow/example_dags/example_task_group.py for tasks to queue
[2022-12-21 16:57:22,963] {logging_mixin.py:115} INFO - [2022-12-21 16:57:22,963] {dagbag.py:507} INFO - Filling up the DagBag from /home/airflow/.local/lib/python3.7/site-packages/airflow/example_dags/example_task_group.py
[2022-12-21 16:57:22,968] {processor.py:651} INFO - DAG(s) dict_keys(['example_task_group']) retrieved from /home/airflow/.local/lib/python3.7/site-packages/airflow/example_dags/example_task_group.py
[2022-12-21 16:57:22,988] {logging_mixin.py:115} INFO - [2022-12-21 16:57:22,987] {dag.py:2371} INFO - Sync 1 DAGs
[2022-12-21 16:57:23,002] {logging_mixin.py:115} INFO - [2022-12-21 16:57:23,001] {dag.py:2919} INFO - Setting next_dagrun for example_task_group to 2022-12-20T16:57:23.001785+00:00, run_after=2022-12-21T16:57:23.001785+00:00
[2022-12-21 16:57:23,011] {processor.py:161} INFO - Processing /home/airflow/.local/lib/python3.7/site-packages/airflow/example_dags/example_task_group.py took 0.051 seconds
[2022-12-21 16:57:53,269] {processor.py:153} INFO - Started process (PID=22425) to work on /home/airflow/.local/lib/python3.7/site-packages/airflow/example_dags/example_task_group.py
[2022-12-21 16:57:53,269] {processor.py:641} INFO - Processing file /home/airflow/.local/lib/python3.7/site-packages/airflow/example_dags/example_task_group.py for tasks to queue
[2022-12-21 16:57:53,270] {logging_mixin.py:115} INFO - [2022-12-21 16:57:53,270] {dagbag.py:507} INFO - Filling up the DagBag from /home/airflow/.local/lib/python3.7/site-packages/airflow/example_dags/example_task_group.py
[2022-12-21 16:57:53,275] {processor.py:651} INFO - DAG(s) dict_keys(['example_task_group']) retrieved from /home/airflow/.local/lib/python3.7/site-packages/airflow/example_dags/example_task_group.py
[2022-12-21 16:57:53,293] {logging_mixin.py:115} INFO - [2022-12-21 16:57:53,293] {dag.py:2371} INFO - Sync 1 DAGs
[2022-12-21 16:57:53,308] {logging_mixin.py:115} INFO - [2022-12-21 16:57:53,308] {dag.py:2919} INFO - Setting next_dagrun for example_task_group to 2022-12-20T16:57:53.308657+00:00, run_after=2022-12-21T16:57:53.308657+00:00
[2022-12-21 16:57:53,318] {processor.py:161} INFO - Processing /home/airflow/.local/lib/python3.7/site-packages/airflow/example_dags/example_task_group.py took 0.051 seconds
[2022-12-21 16:58:23,666] {processor.py:153} INFO - Started process (PID=22491) to work on /home/airflow/.local/lib/python3.7/site-packages/airflow/example_dags/example_task_group.py
[2022-12-21 16:58:23,666] {processor.py:641} INFO - Processing file /home/airflow/.local/lib/python3.7/site-packages/airflow/example_dags/example_task_group.py for tasks to queue
[2022-12-21 16:58:23,667] {logging_mixin.py:115} INFO - [2022-12-21 16:58:23,667] {dagbag.py:507} INFO - Filling up the DagBag from /home/airflow/.local/lib/python3.7/site-packages/airflow/example_dags/example_task_group.py
[2022-12-21 16:58:23,673] {processor.py:651} INFO - DAG(s) dict_keys(['example_task_group']) retrieved from /home/airflow/.local/lib/python3.7/site-packages/airflow/example_dags/example_task_group.py
[2022-12-21 16:58:23,697] {logging_mixin.py:115} INFO - [2022-12-21 16:58:23,697] {dag.py:2371} INFO - Sync 1 DAGs
[2022-12-21 16:58:23,717] {logging_mixin.py:115} INFO - [2022-12-21 16:58:23,717] {dag.py:2919} INFO - Setting next_dagrun for example_task_group to 2022-12-20T16:58:23.717690+00:00, run_after=2022-12-21T16:58:23.717690+00:00
[2022-12-21 16:58:23,727] {processor.py:161} INFO - Processing /home/airflow/.local/lib/python3.7/site-packages/airflow/example_dags/example_task_group.py took 0.063 seconds
[2022-12-21 16:58:54,238] {processor.py:153} INFO - Started process (PID=22548) to work on /home/airflow/.local/lib/python3.7/site-packages/airflow/example_dags/example_task_group.py
[2022-12-21 16:58:54,239] {processor.py:641} INFO - Processing file /home/airflow/.local/lib/python3.7/site-packages/airflow/example_dags/example_task_group.py for tasks to queue
[2022-12-21 16:58:54,239] {logging_mixin.py:115} INFO - [2022-12-21 16:58:54,239] {dagbag.py:507} INFO - Filling up the DagBag from /home/airflow/.local/lib/python3.7/site-packages/airflow/example_dags/example_task_group.py
[2022-12-21 16:58:54,246] {processor.py:651} INFO - DAG(s) dict_keys(['example_task_group']) retrieved from /home/airflow/.local/lib/python3.7/site-packages/airflow/example_dags/example_task_group.py
[2022-12-21 16:58:54,268] {logging_mixin.py:115} INFO - [2022-12-21 16:58:54,268] {dag.py:2371} INFO - Sync 1 DAGs
[2022-12-21 16:58:54,287] {logging_mixin.py:115} INFO - [2022-12-21 16:58:54,287] {dag.py:2919} INFO - Setting next_dagrun for example_task_group to 2022-12-20T16:58:54.286819+00:00, run_after=2022-12-21T16:58:54.286819+00:00
[2022-12-21 16:58:54,297] {processor.py:161} INFO - Processing /home/airflow/.local/lib/python3.7/site-packages/airflow/example_dags/example_task_group.py took 0.061 seconds
[2022-12-21 16:59:24,706] {processor.py:153} INFO - Started process (PID=22615) to work on /home/airflow/.local/lib/python3.7/site-packages/airflow/example_dags/example_task_group.py
[2022-12-21 16:59:24,707] {processor.py:641} INFO - Processing file /home/airflow/.local/lib/python3.7/site-packages/airflow/example_dags/example_task_group.py for tasks to queue
[2022-12-21 16:59:24,707] {logging_mixin.py:115} INFO - [2022-12-21 16:59:24,707] {dagbag.py:507} INFO - Filling up the DagBag from /home/airflow/.local/lib/python3.7/site-packages/airflow/example_dags/example_task_group.py
[2022-12-21 16:59:24,713] {processor.py:651} INFO - DAG(s) dict_keys(['example_task_group']) retrieved from /home/airflow/.local/lib/python3.7/site-packages/airflow/example_dags/example_task_group.py
[2022-12-21 16:59:24,733] {logging_mixin.py:115} INFO - [2022-12-21 16:59:24,733] {dag.py:2371} INFO - Sync 1 DAGs
[2022-12-21 16:59:24,751] {logging_mixin.py:115} INFO - [2022-12-21 16:59:24,751] {dag.py:2919} INFO - Setting next_dagrun for example_task_group to 2022-12-20T16:59:24.751091+00:00, run_after=2022-12-21T16:59:24.751091+00:00
[2022-12-21 16:59:24,760] {processor.py:161} INFO - Processing /home/airflow/.local/lib/python3.7/site-packages/airflow/example_dags/example_task_group.py took 0.057 seconds
[2022-12-21 16:59:55,213] {processor.py:153} INFO - Started process (PID=22681) to work on /home/airflow/.local/lib/python3.7/site-packages/airflow/example_dags/example_task_group.py
[2022-12-21 16:59:55,213] {processor.py:641} INFO - Processing file /home/airflow/.local/lib/python3.7/site-packages/airflow/example_dags/example_task_group.py for tasks to queue
[2022-12-21 16:59:55,214] {logging_mixin.py:115} INFO - [2022-12-21 16:59:55,214] {dagbag.py:507} INFO - Filling up the DagBag from /home/airflow/.local/lib/python3.7/site-packages/airflow/example_dags/example_task_group.py
[2022-12-21 16:59:55,220] {processor.py:651} INFO - DAG(s) dict_keys(['example_task_group']) retrieved from /home/airflow/.local/lib/python3.7/site-packages/airflow/example_dags/example_task_group.py
[2022-12-21 16:59:55,244] {logging_mixin.py:115} INFO - [2022-12-21 16:59:55,244] {dag.py:2371} INFO - Sync 1 DAGs
[2022-12-21 16:59:55,260] {logging_mixin.py:115} INFO - [2022-12-21 16:59:55,260] {dag.py:2919} INFO - Setting next_dagrun for example_task_group to 2022-12-20T16:59:55.260558+00:00, run_after=2022-12-21T16:59:55.260558+00:00
[2022-12-21 16:59:55,269] {processor.py:161} INFO - Processing /home/airflow/.local/lib/python3.7/site-packages/airflow/example_dags/example_task_group.py took 0.059 seconds
[2022-12-21 17:00:25,824] {processor.py:153} INFO - Started process (PID=22748) to work on /home/airflow/.local/lib/python3.7/site-packages/airflow/example_dags/example_task_group.py
[2022-12-21 17:00:25,825] {processor.py:641} INFO - Processing file /home/airflow/.local/lib/python3.7/site-packages/airflow/example_dags/example_task_group.py for tasks to queue
[2022-12-21 17:00:25,825] {logging_mixin.py:115} INFO - [2022-12-21 17:00:25,825] {dagbag.py:507} INFO - Filling up the DagBag from /home/airflow/.local/lib/python3.7/site-packages/airflow/example_dags/example_task_group.py
[2022-12-21 17:00:25,831] {processor.py:651} INFO - DAG(s) dict_keys(['example_task_group']) retrieved from /home/airflow/.local/lib/python3.7/site-packages/airflow/example_dags/example_task_group.py
[2022-12-21 17:00:25,853] {logging_mixin.py:115} INFO - [2022-12-21 17:00:25,853] {dag.py:2371} INFO - Sync 1 DAGs
[2022-12-21 17:00:25,872] {logging_mixin.py:115} INFO - [2022-12-21 17:00:25,872] {dag.py:2919} INFO - Setting next_dagrun for example_task_group to 2022-12-20T17:00:25.871999+00:00, run_after=2022-12-21T17:00:25.871999+00:00
[2022-12-21 17:00:25,882] {processor.py:161} INFO - Processing /home/airflow/.local/lib/python3.7/site-packages/airflow/example_dags/example_task_group.py took 0.061 seconds
[2022-12-21 17:00:56,392] {processor.py:153} INFO - Started process (PID=22804) to work on /home/airflow/.local/lib/python3.7/site-packages/airflow/example_dags/example_task_group.py
[2022-12-21 17:00:56,392] {processor.py:641} INFO - Processing file /home/airflow/.local/lib/python3.7/site-packages/airflow/example_dags/example_task_group.py for tasks to queue
[2022-12-21 17:00:56,392] {logging_mixin.py:115} INFO - [2022-12-21 17:00:56,392] {dagbag.py:507} INFO - Filling up the DagBag from /home/airflow/.local/lib/python3.7/site-packages/airflow/example_dags/example_task_group.py
[2022-12-21 17:00:56,400] {processor.py:651} INFO - DAG(s) dict_keys(['example_task_group']) retrieved from /home/airflow/.local/lib/python3.7/site-packages/airflow/example_dags/example_task_group.py
[2022-12-21 17:00:56,423] {logging_mixin.py:115} INFO - [2022-12-21 17:00:56,423] {dag.py:2371} INFO - Sync 1 DAGs
[2022-12-21 17:00:56,443] {logging_mixin.py:115} INFO - [2022-12-21 17:00:56,443] {dag.py:2919} INFO - Setting next_dagrun for example_task_group to 2022-12-20T17:00:56.443384+00:00, run_after=2022-12-21T17:00:56.443384+00:00
[2022-12-21 17:00:56,452] {processor.py:161} INFO - Processing /home/airflow/.local/lib/python3.7/site-packages/airflow/example_dags/example_task_group.py took 0.063 seconds
[2022-12-21 17:01:26,817] {processor.py:153} INFO - Started process (PID=22871) to work on /home/airflow/.local/lib/python3.7/site-packages/airflow/example_dags/example_task_group.py
[2022-12-21 17:01:26,818] {processor.py:641} INFO - Processing file /home/airflow/.local/lib/python3.7/site-packages/airflow/example_dags/example_task_group.py for tasks to queue
[2022-12-21 17:01:26,818] {logging_mixin.py:115} INFO - [2022-12-21 17:01:26,818] {dagbag.py:507} INFO - Filling up the DagBag from /home/airflow/.local/lib/python3.7/site-packages/airflow/example_dags/example_task_group.py
[2022-12-21 17:01:26,825] {processor.py:651} INFO - DAG(s) dict_keys(['example_task_group']) retrieved from /home/airflow/.local/lib/python3.7/site-packages/airflow/example_dags/example_task_group.py
[2022-12-21 17:01:26,847] {logging_mixin.py:115} INFO - [2022-12-21 17:01:26,847] {dag.py:2371} INFO - Sync 1 DAGs
[2022-12-21 17:01:26,863] {logging_mixin.py:115} INFO - [2022-12-21 17:01:26,863] {dag.py:2919} INFO - Setting next_dagrun for example_task_group to 2022-12-20T17:01:26.863311+00:00, run_after=2022-12-21T17:01:26.863311+00:00
[2022-12-21 17:01:26,872] {processor.py:161} INFO - Processing /home/airflow/.local/lib/python3.7/site-packages/airflow/example_dags/example_task_group.py took 0.058 seconds
[2022-12-21 17:01:57,470] {processor.py:153} INFO - Started process (PID=22936) to work on /home/airflow/.local/lib/python3.7/site-packages/airflow/example_dags/example_task_group.py
[2022-12-21 17:01:57,470] {processor.py:641} INFO - Processing file /home/airflow/.local/lib/python3.7/site-packages/airflow/example_dags/example_task_group.py for tasks to queue
[2022-12-21 17:01:57,470] {logging_mixin.py:115} INFO - [2022-12-21 17:01:57,470] {dagbag.py:507} INFO - Filling up the DagBag from /home/airflow/.local/lib/python3.7/site-packages/airflow/example_dags/example_task_group.py
[2022-12-21 17:01:57,477] {processor.py:651} INFO - DAG(s) dict_keys(['example_task_group']) retrieved from /home/airflow/.local/lib/python3.7/site-packages/airflow/example_dags/example_task_group.py
[2022-12-21 17:01:57,498] {logging_mixin.py:115} INFO - [2022-12-21 17:01:57,498] {dag.py:2371} INFO - Sync 1 DAGs
[2022-12-21 17:01:57,516] {logging_mixin.py:115} INFO - [2022-12-21 17:01:57,516] {dag.py:2919} INFO - Setting next_dagrun for example_task_group to 2022-12-20T17:01:57.515999+00:00, run_after=2022-12-21T17:01:57.515999+00:00
[2022-12-21 17:01:57,526] {processor.py:161} INFO - Processing /home/airflow/.local/lib/python3.7/site-packages/airflow/example_dags/example_task_group.py took 0.059 seconds
[2022-12-21 17:02:28,014] {processor.py:153} INFO - Started process (PID=23000) to work on /home/airflow/.local/lib/python3.7/site-packages/airflow/example_dags/example_task_group.py
[2022-12-21 17:02:28,016] {processor.py:641} INFO - Processing file /home/airflow/.local/lib/python3.7/site-packages/airflow/example_dags/example_task_group.py for tasks to queue
[2022-12-21 17:02:28,016] {logging_mixin.py:115} INFO - [2022-12-21 17:02:28,016] {dagbag.py:507} INFO - Filling up the DagBag from /home/airflow/.local/lib/python3.7/site-packages/airflow/example_dags/example_task_group.py
[2022-12-21 17:02:28,024] {processor.py:651} INFO - DAG(s) dict_keys(['example_task_group']) retrieved from /home/airflow/.local/lib/python3.7/site-packages/airflow/example_dags/example_task_group.py
[2022-12-21 17:02:28,051] {logging_mixin.py:115} INFO - [2022-12-21 17:02:28,051] {dag.py:2371} INFO - Sync 1 DAGs
[2022-12-21 17:02:28,081] {logging_mixin.py:115} INFO - [2022-12-21 17:02:28,080] {dag.py:2919} INFO - Setting next_dagrun for example_task_group to 2022-12-20T17:02:28.080753+00:00, run_after=2022-12-21T17:02:28.080753+00:00
[2022-12-21 17:02:28,094] {processor.py:161} INFO - Processing /home/airflow/.local/lib/python3.7/site-packages/airflow/example_dags/example_task_group.py took 0.082 seconds
[2022-12-21 17:02:58,781] {processor.py:153} INFO - Started process (PID=23059) to work on /home/airflow/.local/lib/python3.7/site-packages/airflow/example_dags/example_task_group.py
[2022-12-21 17:02:58,782] {processor.py:641} INFO - Processing file /home/airflow/.local/lib/python3.7/site-packages/airflow/example_dags/example_task_group.py for tasks to queue
[2022-12-21 17:02:58,782] {logging_mixin.py:115} INFO - [2022-12-21 17:02:58,782] {dagbag.py:507} INFO - Filling up the DagBag from /home/airflow/.local/lib/python3.7/site-packages/airflow/example_dags/example_task_group.py
[2022-12-21 17:02:58,788] {processor.py:651} INFO - DAG(s) dict_keys(['example_task_group']) retrieved from /home/airflow/.local/lib/python3.7/site-packages/airflow/example_dags/example_task_group.py
[2022-12-21 17:02:58,811] {logging_mixin.py:115} INFO - [2022-12-21 17:02:58,811] {dag.py:2371} INFO - Sync 1 DAGs
[2022-12-21 17:02:58,828] {logging_mixin.py:115} INFO - [2022-12-21 17:02:58,828] {dag.py:2919} INFO - Setting next_dagrun for example_task_group to 2022-12-20T17:02:58.828345+00:00, run_after=2022-12-21T17:02:58.828345+00:00
[2022-12-21 17:02:58,839] {processor.py:161} INFO - Processing /home/airflow/.local/lib/python3.7/site-packages/airflow/example_dags/example_task_group.py took 0.060 seconds
[2022-12-21 17:03:29,559] {processor.py:153} INFO - Started process (PID=23125) to work on /home/airflow/.local/lib/python3.7/site-packages/airflow/example_dags/example_task_group.py
[2022-12-21 17:03:29,560] {processor.py:641} INFO - Processing file /home/airflow/.local/lib/python3.7/site-packages/airflow/example_dags/example_task_group.py for tasks to queue
[2022-12-21 17:03:29,561] {logging_mixin.py:115} INFO - [2022-12-21 17:03:29,560] {dagbag.py:507} INFO - Filling up the DagBag from /home/airflow/.local/lib/python3.7/site-packages/airflow/example_dags/example_task_group.py
[2022-12-21 17:03:29,577] {processor.py:651} INFO - DAG(s) dict_keys(['example_task_group']) retrieved from /home/airflow/.local/lib/python3.7/site-packages/airflow/example_dags/example_task_group.py
[2022-12-21 17:03:29,610] {logging_mixin.py:115} INFO - [2022-12-21 17:03:29,610] {dag.py:2371} INFO - Sync 1 DAGs
[2022-12-21 17:03:29,636] {logging_mixin.py:115} INFO - [2022-12-21 17:03:29,635] {dag.py:2919} INFO - Setting next_dagrun for example_task_group to 2022-12-20T17:03:29.635638+00:00, run_after=2022-12-21T17:03:29.635638+00:00
[2022-12-21 17:03:29,649] {processor.py:161} INFO - Processing /home/airflow/.local/lib/python3.7/site-packages/airflow/example_dags/example_task_group.py took 0.093 seconds
[2022-12-21 17:04:00,117] {processor.py:153} INFO - Started process (PID=23192) to work on /home/airflow/.local/lib/python3.7/site-packages/airflow/example_dags/example_task_group.py
[2022-12-21 17:04:00,118] {processor.py:641} INFO - Processing file /home/airflow/.local/lib/python3.7/site-packages/airflow/example_dags/example_task_group.py for tasks to queue
[2022-12-21 17:04:00,118] {logging_mixin.py:115} INFO - [2022-12-21 17:04:00,118] {dagbag.py:507} INFO - Filling up the DagBag from /home/airflow/.local/lib/python3.7/site-packages/airflow/example_dags/example_task_group.py
[2022-12-21 17:04:00,125] {processor.py:651} INFO - DAG(s) dict_keys(['example_task_group']) retrieved from /home/airflow/.local/lib/python3.7/site-packages/airflow/example_dags/example_task_group.py
[2022-12-21 17:04:00,144] {logging_mixin.py:115} INFO - [2022-12-21 17:04:00,144] {dag.py:2371} INFO - Sync 1 DAGs
[2022-12-21 17:04:00,163] {logging_mixin.py:115} INFO - [2022-12-21 17:04:00,162] {dag.py:2919} INFO - Setting next_dagrun for example_task_group to 2022-12-20T17:04:00.162699+00:00, run_after=2022-12-21T17:04:00.162699+00:00
[2022-12-21 17:04:00,172] {processor.py:161} INFO - Processing /home/airflow/.local/lib/python3.7/site-packages/airflow/example_dags/example_task_group.py took 0.057 seconds
[2022-12-21 17:04:30,757] {processor.py:153} INFO - Started process (PID=23250) to work on /home/airflow/.local/lib/python3.7/site-packages/airflow/example_dags/example_task_group.py
[2022-12-21 17:04:30,758] {processor.py:641} INFO - Processing file /home/airflow/.local/lib/python3.7/site-packages/airflow/example_dags/example_task_group.py for tasks to queue
[2022-12-21 17:04:30,758] {logging_mixin.py:115} INFO - [2022-12-21 17:04:30,758] {dagbag.py:507} INFO - Filling up the DagBag from /home/airflow/.local/lib/python3.7/site-packages/airflow/example_dags/example_task_group.py
[2022-12-21 17:04:30,765] {processor.py:651} INFO - DAG(s) dict_keys(['example_task_group']) retrieved from /home/airflow/.local/lib/python3.7/site-packages/airflow/example_dags/example_task_group.py
[2022-12-21 17:04:30,788] {logging_mixin.py:115} INFO - [2022-12-21 17:04:30,788] {dag.py:2371} INFO - Sync 1 DAGs
[2022-12-21 17:04:30,809] {logging_mixin.py:115} INFO - [2022-12-21 17:04:30,809] {dag.py:2919} INFO - Setting next_dagrun for example_task_group to 2022-12-20T17:04:30.809547+00:00, run_after=2022-12-21T17:04:30.809547+00:00
[2022-12-21 17:04:30,820] {processor.py:161} INFO - Processing /home/airflow/.local/lib/python3.7/site-packages/airflow/example_dags/example_task_group.py took 0.066 seconds
[2022-12-21 17:05:01,246] {processor.py:153} INFO - Started process (PID=23315) to work on /home/airflow/.local/lib/python3.7/site-packages/airflow/example_dags/example_task_group.py
[2022-12-21 17:05:01,246] {processor.py:641} INFO - Processing file /home/airflow/.local/lib/python3.7/site-packages/airflow/example_dags/example_task_group.py for tasks to queue
[2022-12-21 17:05:01,247] {logging_mixin.py:115} INFO - [2022-12-21 17:05:01,247] {dagbag.py:507} INFO - Filling up the DagBag from /home/airflow/.local/lib/python3.7/site-packages/airflow/example_dags/example_task_group.py
[2022-12-21 17:05:01,255] {processor.py:651} INFO - DAG(s) dict_keys(['example_task_group']) retrieved from /home/airflow/.local/lib/python3.7/site-packages/airflow/example_dags/example_task_group.py
[2022-12-21 17:05:01,277] {logging_mixin.py:115} INFO - [2022-12-21 17:05:01,277] {dag.py:2371} INFO - Sync 1 DAGs
[2022-12-21 17:05:01,295] {logging_mixin.py:115} INFO - [2022-12-21 17:05:01,295] {dag.py:2919} INFO - Setting next_dagrun for example_task_group to 2022-12-20T17:05:01.295112+00:00, run_after=2022-12-21T17:05:01.295112+00:00
[2022-12-21 17:05:01,305] {processor.py:161} INFO - Processing /home/airflow/.local/lib/python3.7/site-packages/airflow/example_dags/example_task_group.py took 0.063 seconds
[2022-12-21 17:05:31,799] {processor.py:153} INFO - Started process (PID=23380) to work on /home/airflow/.local/lib/python3.7/site-packages/airflow/example_dags/example_task_group.py
[2022-12-21 17:05:31,800] {processor.py:641} INFO - Processing file /home/airflow/.local/lib/python3.7/site-packages/airflow/example_dags/example_task_group.py for tasks to queue
[2022-12-21 17:05:31,801] {logging_mixin.py:115} INFO - [2022-12-21 17:05:31,801] {dagbag.py:507} INFO - Filling up the DagBag from /home/airflow/.local/lib/python3.7/site-packages/airflow/example_dags/example_task_group.py
[2022-12-21 17:05:31,808] {processor.py:651} INFO - DAG(s) dict_keys(['example_task_group']) retrieved from /home/airflow/.local/lib/python3.7/site-packages/airflow/example_dags/example_task_group.py
[2022-12-21 17:05:31,829] {logging_mixin.py:115} INFO - [2022-12-21 17:05:31,829] {dag.py:2371} INFO - Sync 1 DAGs
[2022-12-21 17:05:31,844] {logging_mixin.py:115} INFO - [2022-12-21 17:05:31,844] {dag.py:2919} INFO - Setting next_dagrun for example_task_group to 2022-12-20T17:05:31.844012+00:00, run_after=2022-12-21T17:05:31.844012+00:00
[2022-12-21 17:05:31,853] {processor.py:161} INFO - Processing /home/airflow/.local/lib/python3.7/site-packages/airflow/example_dags/example_task_group.py took 0.057 seconds
[2022-12-21 17:06:02,744] {processor.py:153} INFO - Started process (PID=23447) to work on /home/airflow/.local/lib/python3.7/site-packages/airflow/example_dags/example_task_group.py
[2022-12-21 17:06:02,745] {processor.py:641} INFO - Processing file /home/airflow/.local/lib/python3.7/site-packages/airflow/example_dags/example_task_group.py for tasks to queue
[2022-12-21 17:06:02,745] {logging_mixin.py:115} INFO - [2022-12-21 17:06:02,745] {dagbag.py:507} INFO - Filling up the DagBag from /home/airflow/.local/lib/python3.7/site-packages/airflow/example_dags/example_task_group.py
[2022-12-21 17:06:02,751] {processor.py:651} INFO - DAG(s) dict_keys(['example_task_group']) retrieved from /home/airflow/.local/lib/python3.7/site-packages/airflow/example_dags/example_task_group.py
[2022-12-21 17:06:02,773] {logging_mixin.py:115} INFO - [2022-12-21 17:06:02,773] {dag.py:2371} INFO - Sync 1 DAGs
[2022-12-21 17:06:02,796] {logging_mixin.py:115} INFO - [2022-12-21 17:06:02,796] {dag.py:2919} INFO - Setting next_dagrun for example_task_group to 2022-12-20T17:06:02.796307+00:00, run_after=2022-12-21T17:06:02.796307+00:00
[2022-12-21 17:06:02,809] {processor.py:161} INFO - Processing /home/airflow/.local/lib/python3.7/site-packages/airflow/example_dags/example_task_group.py took 0.068 seconds
[2022-12-21 17:06:33,402] {processor.py:153} INFO - Started process (PID=23504) to work on /home/airflow/.local/lib/python3.7/site-packages/airflow/example_dags/example_task_group.py
[2022-12-21 17:06:33,403] {processor.py:641} INFO - Processing file /home/airflow/.local/lib/python3.7/site-packages/airflow/example_dags/example_task_group.py for tasks to queue
[2022-12-21 17:06:33,403] {logging_mixin.py:115} INFO - [2022-12-21 17:06:33,403] {dagbag.py:507} INFO - Filling up the DagBag from /home/airflow/.local/lib/python3.7/site-packages/airflow/example_dags/example_task_group.py
[2022-12-21 17:06:33,410] {processor.py:651} INFO - DAG(s) dict_keys(['example_task_group']) retrieved from /home/airflow/.local/lib/python3.7/site-packages/airflow/example_dags/example_task_group.py
[2022-12-21 17:06:33,433] {logging_mixin.py:115} INFO - [2022-12-21 17:06:33,433] {dag.py:2371} INFO - Sync 1 DAGs
[2022-12-21 17:06:33,452] {logging_mixin.py:115} INFO - [2022-12-21 17:06:33,452] {dag.py:2919} INFO - Setting next_dagrun for example_task_group to 2022-12-20T17:06:33.452403+00:00, run_after=2022-12-21T17:06:33.452403+00:00
[2022-12-21 17:06:33,462] {processor.py:161} INFO - Processing /home/airflow/.local/lib/python3.7/site-packages/airflow/example_dags/example_task_group.py took 0.063 seconds
[2022-12-21 17:07:03,933] {processor.py:153} INFO - Started process (PID=23571) to work on /home/airflow/.local/lib/python3.7/site-packages/airflow/example_dags/example_task_group.py
[2022-12-21 17:07:03,933] {processor.py:641} INFO - Processing file /home/airflow/.local/lib/python3.7/site-packages/airflow/example_dags/example_task_group.py for tasks to queue
[2022-12-21 17:07:03,934] {logging_mixin.py:115} INFO - [2022-12-21 17:07:03,934] {dagbag.py:507} INFO - Filling up the DagBag from /home/airflow/.local/lib/python3.7/site-packages/airflow/example_dags/example_task_group.py
[2022-12-21 17:07:03,940] {processor.py:651} INFO - DAG(s) dict_keys(['example_task_group']) retrieved from /home/airflow/.local/lib/python3.7/site-packages/airflow/example_dags/example_task_group.py
[2022-12-21 17:07:03,961] {logging_mixin.py:115} INFO - [2022-12-21 17:07:03,961] {dag.py:2371} INFO - Sync 1 DAGs
[2022-12-21 17:07:03,979] {logging_mixin.py:115} INFO - [2022-12-21 17:07:03,979] {dag.py:2919} INFO - Setting next_dagrun for example_task_group to 2022-12-20T17:07:03.979520+00:00, run_after=2022-12-21T17:07:03.979520+00:00
[2022-12-21 17:07:03,989] {processor.py:161} INFO - Processing /home/airflow/.local/lib/python3.7/site-packages/airflow/example_dags/example_task_group.py took 0.059 seconds
[2022-12-21 17:07:34,515] {processor.py:153} INFO - Started process (PID=23636) to work on /home/airflow/.local/lib/python3.7/site-packages/airflow/example_dags/example_task_group.py
[2022-12-21 17:07:34,515] {processor.py:641} INFO - Processing file /home/airflow/.local/lib/python3.7/site-packages/airflow/example_dags/example_task_group.py for tasks to queue
[2022-12-21 17:07:34,515] {logging_mixin.py:115} INFO - [2022-12-21 17:07:34,515] {dagbag.py:507} INFO - Filling up the DagBag from /home/airflow/.local/lib/python3.7/site-packages/airflow/example_dags/example_task_group.py
[2022-12-21 17:07:34,522] {processor.py:651} INFO - DAG(s) dict_keys(['example_task_group']) retrieved from /home/airflow/.local/lib/python3.7/site-packages/airflow/example_dags/example_task_group.py
[2022-12-21 17:07:34,545] {logging_mixin.py:115} INFO - [2022-12-21 17:07:34,544] {dag.py:2371} INFO - Sync 1 DAGs
[2022-12-21 17:07:34,563] {logging_mixin.py:115} INFO - [2022-12-21 17:07:34,562] {dag.py:2919} INFO - Setting next_dagrun for example_task_group to 2022-12-20T17:07:34.562578+00:00, run_after=2022-12-21T17:07:34.562578+00:00
[2022-12-21 17:07:34,575] {processor.py:161} INFO - Processing /home/airflow/.local/lib/python3.7/site-packages/airflow/example_dags/example_task_group.py took 0.064 seconds
[2022-12-21 17:08:05,108] {processor.py:153} INFO - Started process (PID=23702) to work on /home/airflow/.local/lib/python3.7/site-packages/airflow/example_dags/example_task_group.py
[2022-12-21 17:08:05,109] {processor.py:641} INFO - Processing file /home/airflow/.local/lib/python3.7/site-packages/airflow/example_dags/example_task_group.py for tasks to queue
[2022-12-21 17:08:05,109] {logging_mixin.py:115} INFO - [2022-12-21 17:08:05,109] {dagbag.py:507} INFO - Filling up the DagBag from /home/airflow/.local/lib/python3.7/site-packages/airflow/example_dags/example_task_group.py
[2022-12-21 17:08:05,116] {processor.py:651} INFO - DAG(s) dict_keys(['example_task_group']) retrieved from /home/airflow/.local/lib/python3.7/site-packages/airflow/example_dags/example_task_group.py
[2022-12-21 17:08:05,138] {logging_mixin.py:115} INFO - [2022-12-21 17:08:05,138] {dag.py:2371} INFO - Sync 1 DAGs
[2022-12-21 17:08:05,156] {logging_mixin.py:115} INFO - [2022-12-21 17:08:05,156] {dag.py:2919} INFO - Setting next_dagrun for example_task_group to 2022-12-20T17:08:05.156006+00:00, run_after=2022-12-21T17:08:05.156006+00:00
[2022-12-21 17:08:05,166] {processor.py:161} INFO - Processing /home/airflow/.local/lib/python3.7/site-packages/airflow/example_dags/example_task_group.py took 0.061 seconds
[2022-12-21 17:08:35,667] {processor.py:153} INFO - Started process (PID=23760) to work on /home/airflow/.local/lib/python3.7/site-packages/airflow/example_dags/example_task_group.py
[2022-12-21 17:08:35,668] {processor.py:641} INFO - Processing file /home/airflow/.local/lib/python3.7/site-packages/airflow/example_dags/example_task_group.py for tasks to queue
[2022-12-21 17:08:35,668] {logging_mixin.py:115} INFO - [2022-12-21 17:08:35,668] {dagbag.py:507} INFO - Filling up the DagBag from /home/airflow/.local/lib/python3.7/site-packages/airflow/example_dags/example_task_group.py
[2022-12-21 17:08:35,674] {processor.py:651} INFO - DAG(s) dict_keys(['example_task_group']) retrieved from /home/airflow/.local/lib/python3.7/site-packages/airflow/example_dags/example_task_group.py
[2022-12-21 17:08:35,696] {logging_mixin.py:115} INFO - [2022-12-21 17:08:35,696] {dag.py:2371} INFO - Sync 1 DAGs
[2022-12-21 17:08:35,713] {logging_mixin.py:115} INFO - [2022-12-21 17:08:35,713] {dag.py:2919} INFO - Setting next_dagrun for example_task_group to 2022-12-20T17:08:35.712936+00:00, run_after=2022-12-21T17:08:35.712936+00:00
[2022-12-21 17:08:35,724] {processor.py:161} INFO - Processing /home/airflow/.local/lib/python3.7/site-packages/airflow/example_dags/example_task_group.py took 0.059 seconds
[2022-12-21 17:09:06,359] {processor.py:153} INFO - Started process (PID=23826) to work on /home/airflow/.local/lib/python3.7/site-packages/airflow/example_dags/example_task_group.py
[2022-12-21 17:09:06,359] {processor.py:641} INFO - Processing file /home/airflow/.local/lib/python3.7/site-packages/airflow/example_dags/example_task_group.py for tasks to queue
[2022-12-21 17:09:06,360] {logging_mixin.py:115} INFO - [2022-12-21 17:09:06,360] {dagbag.py:507} INFO - Filling up the DagBag from /home/airflow/.local/lib/python3.7/site-packages/airflow/example_dags/example_task_group.py
[2022-12-21 17:09:06,366] {processor.py:651} INFO - DAG(s) dict_keys(['example_task_group']) retrieved from /home/airflow/.local/lib/python3.7/site-packages/airflow/example_dags/example_task_group.py
[2022-12-21 17:09:06,389] {logging_mixin.py:115} INFO - [2022-12-21 17:09:06,389] {dag.py:2371} INFO - Sync 1 DAGs
[2022-12-21 17:09:06,407] {logging_mixin.py:115} INFO - [2022-12-21 17:09:06,407] {dag.py:2919} INFO - Setting next_dagrun for example_task_group to 2022-12-20T17:09:06.407517+00:00, run_after=2022-12-21T17:09:06.407517+00:00
[2022-12-21 17:09:06,417] {processor.py:161} INFO - Processing /home/airflow/.local/lib/python3.7/site-packages/airflow/example_dags/example_task_group.py took 0.061 seconds
[2022-12-21 17:09:37,066] {processor.py:153} INFO - Started process (PID=23893) to work on /home/airflow/.local/lib/python3.7/site-packages/airflow/example_dags/example_task_group.py
[2022-12-21 17:09:37,066] {processor.py:641} INFO - Processing file /home/airflow/.local/lib/python3.7/site-packages/airflow/example_dags/example_task_group.py for tasks to queue
[2022-12-21 17:09:37,067] {logging_mixin.py:115} INFO - [2022-12-21 17:09:37,067] {dagbag.py:507} INFO - Filling up the DagBag from /home/airflow/.local/lib/python3.7/site-packages/airflow/example_dags/example_task_group.py
[2022-12-21 17:09:37,073] {processor.py:651} INFO - DAG(s) dict_keys(['example_task_group']) retrieved from /home/airflow/.local/lib/python3.7/site-packages/airflow/example_dags/example_task_group.py
[2022-12-21 17:09:37,092] {logging_mixin.py:115} INFO - [2022-12-21 17:09:37,092] {dag.py:2371} INFO - Sync 1 DAGs
[2022-12-21 17:09:37,109] {logging_mixin.py:115} INFO - [2022-12-21 17:09:37,109] {dag.py:2919} INFO - Setting next_dagrun for example_task_group to 2022-12-20T17:09:37.109162+00:00, run_after=2022-12-21T17:09:37.109162+00:00
[2022-12-21 17:09:37,118] {processor.py:161} INFO - Processing /home/airflow/.local/lib/python3.7/site-packages/airflow/example_dags/example_task_group.py took 0.055 seconds
[2022-12-21 17:10:07,820] {processor.py:153} INFO - Started process (PID=23960) to work on /home/airflow/.local/lib/python3.7/site-packages/airflow/example_dags/example_task_group.py
[2022-12-21 17:10:07,820] {processor.py:641} INFO - Processing file /home/airflow/.local/lib/python3.7/site-packages/airflow/example_dags/example_task_group.py for tasks to queue
[2022-12-21 17:10:07,821] {logging_mixin.py:115} INFO - [2022-12-21 17:10:07,820] {dagbag.py:507} INFO - Filling up the DagBag from /home/airflow/.local/lib/python3.7/site-packages/airflow/example_dags/example_task_group.py
[2022-12-21 17:10:07,826] {processor.py:651} INFO - DAG(s) dict_keys(['example_task_group']) retrieved from /home/airflow/.local/lib/python3.7/site-packages/airflow/example_dags/example_task_group.py
[2022-12-21 17:10:07,848] {logging_mixin.py:115} INFO - [2022-12-21 17:10:07,848] {dag.py:2371} INFO - Sync 1 DAGs
[2022-12-21 17:10:07,866] {logging_mixin.py:115} INFO - [2022-12-21 17:10:07,866] {dag.py:2919} INFO - Setting next_dagrun for example_task_group to 2022-12-20T17:10:07.866181+00:00, run_after=2022-12-21T17:10:07.866181+00:00
[2022-12-21 17:10:07,878] {processor.py:161} INFO - Processing /home/airflow/.local/lib/python3.7/site-packages/airflow/example_dags/example_task_group.py took 0.060 seconds
[2022-12-21 17:10:38,406] {processor.py:153} INFO - Started process (PID=24017) to work on /home/airflow/.local/lib/python3.7/site-packages/airflow/example_dags/example_task_group.py
[2022-12-21 17:10:38,407] {processor.py:641} INFO - Processing file /home/airflow/.local/lib/python3.7/site-packages/airflow/example_dags/example_task_group.py for tasks to queue
[2022-12-21 17:10:38,407] {logging_mixin.py:115} INFO - [2022-12-21 17:10:38,407] {dagbag.py:507} INFO - Filling up the DagBag from /home/airflow/.local/lib/python3.7/site-packages/airflow/example_dags/example_task_group.py
[2022-12-21 17:10:38,413] {processor.py:651} INFO - DAG(s) dict_keys(['example_task_group']) retrieved from /home/airflow/.local/lib/python3.7/site-packages/airflow/example_dags/example_task_group.py
[2022-12-21 17:10:38,435] {logging_mixin.py:115} INFO - [2022-12-21 17:10:38,435] {dag.py:2371} INFO - Sync 1 DAGs
[2022-12-21 17:10:38,453] {logging_mixin.py:115} INFO - [2022-12-21 17:10:38,453] {dag.py:2919} INFO - Setting next_dagrun for example_task_group to 2022-12-20T17:10:38.452924+00:00, run_after=2022-12-21T17:10:38.452924+00:00
[2022-12-21 17:10:38,463] {processor.py:161} INFO - Processing /home/airflow/.local/lib/python3.7/site-packages/airflow/example_dags/example_task_group.py took 0.061 seconds
[2022-12-21 17:11:08,924] {processor.py:153} INFO - Started process (PID=24083) to work on /home/airflow/.local/lib/python3.7/site-packages/airflow/example_dags/example_task_group.py
[2022-12-21 17:11:08,925] {processor.py:641} INFO - Processing file /home/airflow/.local/lib/python3.7/site-packages/airflow/example_dags/example_task_group.py for tasks to queue
[2022-12-21 17:11:08,925] {logging_mixin.py:115} INFO - [2022-12-21 17:11:08,925] {dagbag.py:507} INFO - Filling up the DagBag from /home/airflow/.local/lib/python3.7/site-packages/airflow/example_dags/example_task_group.py
[2022-12-21 17:11:08,931] {processor.py:651} INFO - DAG(s) dict_keys(['example_task_group']) retrieved from /home/airflow/.local/lib/python3.7/site-packages/airflow/example_dags/example_task_group.py
[2022-12-21 17:11:08,956] {logging_mixin.py:115} INFO - [2022-12-21 17:11:08,956] {dag.py:2371} INFO - Sync 1 DAGs
[2022-12-21 17:11:08,972] {logging_mixin.py:115} INFO - [2022-12-21 17:11:08,972] {dag.py:2919} INFO - Setting next_dagrun for example_task_group to 2022-12-20T17:11:08.972366+00:00, run_after=2022-12-21T17:11:08.972366+00:00
[2022-12-21 17:11:08,983] {processor.py:161} INFO - Processing /home/airflow/.local/lib/python3.7/site-packages/airflow/example_dags/example_task_group.py took 0.061 seconds
[2022-12-21 17:11:39,547] {processor.py:153} INFO - Started process (PID=24149) to work on /home/airflow/.local/lib/python3.7/site-packages/airflow/example_dags/example_task_group.py
[2022-12-21 17:11:39,548] {processor.py:641} INFO - Processing file /home/airflow/.local/lib/python3.7/site-packages/airflow/example_dags/example_task_group.py for tasks to queue
[2022-12-21 17:11:39,548] {logging_mixin.py:115} INFO - [2022-12-21 17:11:39,548] {dagbag.py:507} INFO - Filling up the DagBag from /home/airflow/.local/lib/python3.7/site-packages/airflow/example_dags/example_task_group.py
[2022-12-21 17:11:39,555] {processor.py:651} INFO - DAG(s) dict_keys(['example_task_group']) retrieved from /home/airflow/.local/lib/python3.7/site-packages/airflow/example_dags/example_task_group.py
[2022-12-21 17:11:39,575] {logging_mixin.py:115} INFO - [2022-12-21 17:11:39,575] {dag.py:2371} INFO - Sync 1 DAGs
[2022-12-21 17:11:39,591] {logging_mixin.py:115} INFO - [2022-12-21 17:11:39,591] {dag.py:2919} INFO - Setting next_dagrun for example_task_group to 2022-12-20T17:11:39.591484+00:00, run_after=2022-12-21T17:11:39.591484+00:00
[2022-12-21 17:11:39,601] {processor.py:161} INFO - Processing /home/airflow/.local/lib/python3.7/site-packages/airflow/example_dags/example_task_group.py took 0.057 seconds
[2022-12-21 17:12:10,208] {processor.py:153} INFO - Started process (PID=24213) to work on /home/airflow/.local/lib/python3.7/site-packages/airflow/example_dags/example_task_group.py
[2022-12-21 17:12:10,209] {processor.py:641} INFO - Processing file /home/airflow/.local/lib/python3.7/site-packages/airflow/example_dags/example_task_group.py for tasks to queue
[2022-12-21 17:12:10,209] {logging_mixin.py:115} INFO - [2022-12-21 17:12:10,209] {dagbag.py:507} INFO - Filling up the DagBag from /home/airflow/.local/lib/python3.7/site-packages/airflow/example_dags/example_task_group.py
[2022-12-21 17:12:10,216] {processor.py:651} INFO - DAG(s) dict_keys(['example_task_group']) retrieved from /home/airflow/.local/lib/python3.7/site-packages/airflow/example_dags/example_task_group.py
[2022-12-21 17:12:10,239] {logging_mixin.py:115} INFO - [2022-12-21 17:12:10,239] {dag.py:2371} INFO - Sync 1 DAGs
[2022-12-21 17:12:10,257] {logging_mixin.py:115} INFO - [2022-12-21 17:12:10,257] {dag.py:2919} INFO - Setting next_dagrun for example_task_group to 2022-12-20T17:12:10.257413+00:00, run_after=2022-12-21T17:12:10.257413+00:00
[2022-12-21 17:12:10,268] {processor.py:161} INFO - Processing /home/airflow/.local/lib/python3.7/site-packages/airflow/example_dags/example_task_group.py took 0.063 seconds
[2022-12-21 17:12:40,750] {processor.py:153} INFO - Started process (PID=24273) to work on /home/airflow/.local/lib/python3.7/site-packages/airflow/example_dags/example_task_group.py
[2022-12-21 17:12:40,750] {processor.py:641} INFO - Processing file /home/airflow/.local/lib/python3.7/site-packages/airflow/example_dags/example_task_group.py for tasks to queue
[2022-12-21 17:12:40,750] {logging_mixin.py:115} INFO - [2022-12-21 17:12:40,750] {dagbag.py:507} INFO - Filling up the DagBag from /home/airflow/.local/lib/python3.7/site-packages/airflow/example_dags/example_task_group.py
[2022-12-21 17:12:40,756] {processor.py:651} INFO - DAG(s) dict_keys(['example_task_group']) retrieved from /home/airflow/.local/lib/python3.7/site-packages/airflow/example_dags/example_task_group.py
[2022-12-21 17:12:40,778] {logging_mixin.py:115} INFO - [2022-12-21 17:12:40,778] {dag.py:2371} INFO - Sync 1 DAGs
[2022-12-21 17:12:40,800] {logging_mixin.py:115} INFO - [2022-12-21 17:12:40,800] {dag.py:2919} INFO - Setting next_dagrun for example_task_group to 2022-12-20T17:12:40.800077+00:00, run_after=2022-12-21T17:12:40.800077+00:00
[2022-12-21 17:12:40,809] {processor.py:161} INFO - Processing /home/airflow/.local/lib/python3.7/site-packages/airflow/example_dags/example_task_group.py took 0.062 seconds
[2022-12-21 17:13:11,187] {processor.py:153} INFO - Started process (PID=24338) to work on /home/airflow/.local/lib/python3.7/site-packages/airflow/example_dags/example_task_group.py
[2022-12-21 17:13:11,188] {processor.py:641} INFO - Processing file /home/airflow/.local/lib/python3.7/site-packages/airflow/example_dags/example_task_group.py for tasks to queue
[2022-12-21 17:13:11,189] {logging_mixin.py:115} INFO - [2022-12-21 17:13:11,189] {dagbag.py:507} INFO - Filling up the DagBag from /home/airflow/.local/lib/python3.7/site-packages/airflow/example_dags/example_task_group.py
[2022-12-21 17:13:11,195] {processor.py:651} INFO - DAG(s) dict_keys(['example_task_group']) retrieved from /home/airflow/.local/lib/python3.7/site-packages/airflow/example_dags/example_task_group.py
[2022-12-21 17:13:11,216] {logging_mixin.py:115} INFO - [2022-12-21 17:13:11,216] {dag.py:2371} INFO - Sync 1 DAGs
[2022-12-21 17:13:11,235] {logging_mixin.py:115} INFO - [2022-12-21 17:13:11,235] {dag.py:2919} INFO - Setting next_dagrun for example_task_group to 2022-12-20T17:13:11.235369+00:00, run_after=2022-12-21T17:13:11.235369+00:00
[2022-12-21 17:13:11,246] {processor.py:161} INFO - Processing /home/airflow/.local/lib/python3.7/site-packages/airflow/example_dags/example_task_group.py took 0.060 seconds
[2022-12-21 17:13:41,828] {processor.py:153} INFO - Started process (PID=24404) to work on /home/airflow/.local/lib/python3.7/site-packages/airflow/example_dags/example_task_group.py
[2022-12-21 17:13:41,829] {processor.py:641} INFO - Processing file /home/airflow/.local/lib/python3.7/site-packages/airflow/example_dags/example_task_group.py for tasks to queue
[2022-12-21 17:13:41,829] {logging_mixin.py:115} INFO - [2022-12-21 17:13:41,829] {dagbag.py:507} INFO - Filling up the DagBag from /home/airflow/.local/lib/python3.7/site-packages/airflow/example_dags/example_task_group.py
[2022-12-21 17:13:41,835] {processor.py:651} INFO - DAG(s) dict_keys(['example_task_group']) retrieved from /home/airflow/.local/lib/python3.7/site-packages/airflow/example_dags/example_task_group.py
[2022-12-21 17:13:41,857] {logging_mixin.py:115} INFO - [2022-12-21 17:13:41,857] {dag.py:2371} INFO - Sync 1 DAGs
[2022-12-21 17:13:41,875] {logging_mixin.py:115} INFO - [2022-12-21 17:13:41,875] {dag.py:2919} INFO - Setting next_dagrun for example_task_group to 2022-12-20T17:13:41.875467+00:00, run_after=2022-12-21T17:13:41.875467+00:00
[2022-12-21 17:13:41,885] {processor.py:161} INFO - Processing /home/airflow/.local/lib/python3.7/site-packages/airflow/example_dags/example_task_group.py took 0.059 seconds
[2022-12-21 17:14:12,469] {processor.py:153} INFO - Started process (PID=24469) to work on /home/airflow/.local/lib/python3.7/site-packages/airflow/example_dags/example_task_group.py
[2022-12-21 17:14:12,470] {processor.py:641} INFO - Processing file /home/airflow/.local/lib/python3.7/site-packages/airflow/example_dags/example_task_group.py for tasks to queue
[2022-12-21 17:14:12,471] {logging_mixin.py:115} INFO - [2022-12-21 17:14:12,470] {dagbag.py:507} INFO - Filling up the DagBag from /home/airflow/.local/lib/python3.7/site-packages/airflow/example_dags/example_task_group.py
[2022-12-21 17:14:12,478] {processor.py:651} INFO - DAG(s) dict_keys(['example_task_group']) retrieved from /home/airflow/.local/lib/python3.7/site-packages/airflow/example_dags/example_task_group.py
[2022-12-21 17:14:12,502] {logging_mixin.py:115} INFO - [2022-12-21 17:14:12,502] {dag.py:2371} INFO - Sync 1 DAGs
[2022-12-21 17:14:12,521] {logging_mixin.py:115} INFO - [2022-12-21 17:14:12,521] {dag.py:2919} INFO - Setting next_dagrun for example_task_group to 2022-12-20T17:14:12.521304+00:00, run_after=2022-12-21T17:14:12.521304+00:00
[2022-12-21 17:14:12,532] {processor.py:161} INFO - Processing /home/airflow/.local/lib/python3.7/site-packages/airflow/example_dags/example_task_group.py took 0.065 seconds
[2022-12-21 17:14:43,250] {processor.py:153} INFO - Started process (PID=24527) to work on /home/airflow/.local/lib/python3.7/site-packages/airflow/example_dags/example_task_group.py
[2022-12-21 17:14:43,251] {processor.py:641} INFO - Processing file /home/airflow/.local/lib/python3.7/site-packages/airflow/example_dags/example_task_group.py for tasks to queue
[2022-12-21 17:14:43,252] {logging_mixin.py:115} INFO - [2022-12-21 17:14:43,252] {dagbag.py:507} INFO - Filling up the DagBag from /home/airflow/.local/lib/python3.7/site-packages/airflow/example_dags/example_task_group.py
[2022-12-21 17:14:43,259] {processor.py:651} INFO - DAG(s) dict_keys(['example_task_group']) retrieved from /home/airflow/.local/lib/python3.7/site-packages/airflow/example_dags/example_task_group.py
[2022-12-21 17:14:43,285] {logging_mixin.py:115} INFO - [2022-12-21 17:14:43,285] {dag.py:2371} INFO - Sync 1 DAGs
[2022-12-21 17:14:43,307] {logging_mixin.py:115} INFO - [2022-12-21 17:14:43,307] {dag.py:2919} INFO - Setting next_dagrun for example_task_group to 2022-12-20T17:14:43.307357+00:00, run_after=2022-12-21T17:14:43.307357+00:00
[2022-12-21 17:14:43,320] {processor.py:161} INFO - Processing /home/airflow/.local/lib/python3.7/site-packages/airflow/example_dags/example_task_group.py took 0.072 seconds
[2022-12-21 17:15:13,871] {processor.py:153} INFO - Started process (PID=24593) to work on /home/airflow/.local/lib/python3.7/site-packages/airflow/example_dags/example_task_group.py
[2022-12-21 17:15:13,872] {processor.py:641} INFO - Processing file /home/airflow/.local/lib/python3.7/site-packages/airflow/example_dags/example_task_group.py for tasks to queue
[2022-12-21 17:15:13,872] {logging_mixin.py:115} INFO - [2022-12-21 17:15:13,872] {dagbag.py:507} INFO - Filling up the DagBag from /home/airflow/.local/lib/python3.7/site-packages/airflow/example_dags/example_task_group.py
[2022-12-21 17:15:13,879] {processor.py:651} INFO - DAG(s) dict_keys(['example_task_group']) retrieved from /home/airflow/.local/lib/python3.7/site-packages/airflow/example_dags/example_task_group.py
[2022-12-21 17:15:13,906] {logging_mixin.py:115} INFO - [2022-12-21 17:15:13,905] {dag.py:2371} INFO - Sync 1 DAGs
[2022-12-21 17:15:13,926] {logging_mixin.py:115} INFO - [2022-12-21 17:15:13,926] {dag.py:2919} INFO - Setting next_dagrun for example_task_group to 2022-12-20T17:15:13.926003+00:00, run_after=2022-12-21T17:15:13.926003+00:00
[2022-12-21 17:15:13,936] {processor.py:161} INFO - Processing /home/airflow/.local/lib/python3.7/site-packages/airflow/example_dags/example_task_group.py took 0.067 seconds
[2022-12-21 17:15:44,479] {processor.py:153} INFO - Started process (PID=24659) to work on /home/airflow/.local/lib/python3.7/site-packages/airflow/example_dags/example_task_group.py
[2022-12-21 17:15:44,480] {processor.py:641} INFO - Processing file /home/airflow/.local/lib/python3.7/site-packages/airflow/example_dags/example_task_group.py for tasks to queue
[2022-12-21 17:15:44,481] {logging_mixin.py:115} INFO - [2022-12-21 17:15:44,481] {dagbag.py:507} INFO - Filling up the DagBag from /home/airflow/.local/lib/python3.7/site-packages/airflow/example_dags/example_task_group.py
[2022-12-21 17:15:44,487] {processor.py:651} INFO - DAG(s) dict_keys(['example_task_group']) retrieved from /home/airflow/.local/lib/python3.7/site-packages/airflow/example_dags/example_task_group.py
[2022-12-21 17:15:44,509] {logging_mixin.py:115} INFO - [2022-12-21 17:15:44,509] {dag.py:2371} INFO - Sync 1 DAGs
[2022-12-21 17:15:44,527] {logging_mixin.py:115} INFO - [2022-12-21 17:15:44,527] {dag.py:2919} INFO - Setting next_dagrun for example_task_group to 2022-12-20T17:15:44.527237+00:00, run_after=2022-12-21T17:15:44.527237+00:00
[2022-12-21 17:15:44,537] {processor.py:161} INFO - Processing /home/airflow/.local/lib/python3.7/site-packages/airflow/example_dags/example_task_group.py took 0.061 seconds
[2022-12-21 17:16:15,186] {processor.py:153} INFO - Started process (PID=24725) to work on /home/airflow/.local/lib/python3.7/site-packages/airflow/example_dags/example_task_group.py
[2022-12-21 17:16:15,187] {processor.py:641} INFO - Processing file /home/airflow/.local/lib/python3.7/site-packages/airflow/example_dags/example_task_group.py for tasks to queue
[2022-12-21 17:16:15,187] {logging_mixin.py:115} INFO - [2022-12-21 17:16:15,187] {dagbag.py:507} INFO - Filling up the DagBag from /home/airflow/.local/lib/python3.7/site-packages/airflow/example_dags/example_task_group.py
[2022-12-21 17:16:15,193] {processor.py:651} INFO - DAG(s) dict_keys(['example_task_group']) retrieved from /home/airflow/.local/lib/python3.7/site-packages/airflow/example_dags/example_task_group.py
[2022-12-21 17:16:15,219] {logging_mixin.py:115} INFO - [2022-12-21 17:16:15,219] {dag.py:2371} INFO - Sync 1 DAGs
[2022-12-21 17:16:15,238] {logging_mixin.py:115} INFO - [2022-12-21 17:16:15,238] {dag.py:2919} INFO - Setting next_dagrun for example_task_group to 2022-12-20T17:16:15.238373+00:00, run_after=2022-12-21T17:16:15.238373+00:00
[2022-12-21 17:16:15,250] {processor.py:161} INFO - Processing /home/airflow/.local/lib/python3.7/site-packages/airflow/example_dags/example_task_group.py took 0.067 seconds
[2022-12-21 17:16:45,845] {processor.py:153} INFO - Started process (PID=24783) to work on /home/airflow/.local/lib/python3.7/site-packages/airflow/example_dags/example_task_group.py
[2022-12-21 17:16:45,845] {processor.py:641} INFO - Processing file /home/airflow/.local/lib/python3.7/site-packages/airflow/example_dags/example_task_group.py for tasks to queue
[2022-12-21 17:16:45,846] {logging_mixin.py:115} INFO - [2022-12-21 17:16:45,846] {dagbag.py:507} INFO - Filling up the DagBag from /home/airflow/.local/lib/python3.7/site-packages/airflow/example_dags/example_task_group.py
[2022-12-21 17:16:45,852] {processor.py:651} INFO - DAG(s) dict_keys(['example_task_group']) retrieved from /home/airflow/.local/lib/python3.7/site-packages/airflow/example_dags/example_task_group.py
[2022-12-21 17:16:45,877] {logging_mixin.py:115} INFO - [2022-12-21 17:16:45,877] {dag.py:2371} INFO - Sync 1 DAGs
[2022-12-21 17:16:45,897] {logging_mixin.py:115} INFO - [2022-12-21 17:16:45,897] {dag.py:2919} INFO - Setting next_dagrun for example_task_group to 2022-12-20T17:16:45.897142+00:00, run_after=2022-12-21T17:16:45.897142+00:00
[2022-12-21 17:16:45,908] {processor.py:161} INFO - Processing /home/airflow/.local/lib/python3.7/site-packages/airflow/example_dags/example_task_group.py took 0.065 seconds
[2022-12-21 17:17:16,512] {processor.py:153} INFO - Started process (PID=24848) to work on /home/airflow/.local/lib/python3.7/site-packages/airflow/example_dags/example_task_group.py
[2022-12-21 17:17:16,513] {processor.py:641} INFO - Processing file /home/airflow/.local/lib/python3.7/site-packages/airflow/example_dags/example_task_group.py for tasks to queue
[2022-12-21 17:17:16,514] {logging_mixin.py:115} INFO - [2022-12-21 17:17:16,514] {dagbag.py:507} INFO - Filling up the DagBag from /home/airflow/.local/lib/python3.7/site-packages/airflow/example_dags/example_task_group.py
[2022-12-21 17:17:16,520] {processor.py:651} INFO - DAG(s) dict_keys(['example_task_group']) retrieved from /home/airflow/.local/lib/python3.7/site-packages/airflow/example_dags/example_task_group.py
[2022-12-21 17:17:16,544] {logging_mixin.py:115} INFO - [2022-12-21 17:17:16,544] {dag.py:2371} INFO - Sync 1 DAGs
[2022-12-21 17:17:16,564] {logging_mixin.py:115} INFO - [2022-12-21 17:17:16,563] {dag.py:2919} INFO - Setting next_dagrun for example_task_group to 2022-12-20T17:17:16.563603+00:00, run_after=2022-12-21T17:17:16.563603+00:00
[2022-12-21 17:17:16,574] {processor.py:161} INFO - Processing /home/airflow/.local/lib/python3.7/site-packages/airflow/example_dags/example_task_group.py took 0.064 seconds
[2022-12-21 17:17:47,094] {processor.py:153} INFO - Started process (PID=24915) to work on /home/airflow/.local/lib/python3.7/site-packages/airflow/example_dags/example_task_group.py
[2022-12-21 17:17:47,095] {processor.py:641} INFO - Processing file /home/airflow/.local/lib/python3.7/site-packages/airflow/example_dags/example_task_group.py for tasks to queue
[2022-12-21 17:17:47,095] {logging_mixin.py:115} INFO - [2022-12-21 17:17:47,095] {dagbag.py:507} INFO - Filling up the DagBag from /home/airflow/.local/lib/python3.7/site-packages/airflow/example_dags/example_task_group.py
[2022-12-21 17:17:47,101] {processor.py:651} INFO - DAG(s) dict_keys(['example_task_group']) retrieved from /home/airflow/.local/lib/python3.7/site-packages/airflow/example_dags/example_task_group.py
[2022-12-21 17:17:47,125] {logging_mixin.py:115} INFO - [2022-12-21 17:17:47,125] {dag.py:2371} INFO - Sync 1 DAGs
[2022-12-21 17:17:47,145] {logging_mixin.py:115} INFO - [2022-12-21 17:17:47,145] {dag.py:2919} INFO - Setting next_dagrun for example_task_group to 2022-12-20T17:17:47.145508+00:00, run_after=2022-12-21T17:17:47.145508+00:00
[2022-12-21 17:17:47,154] {processor.py:161} INFO - Processing /home/airflow/.local/lib/python3.7/site-packages/airflow/example_dags/example_task_group.py took 0.063 seconds
[2022-12-21 17:18:17,786] {processor.py:153} INFO - Started process (PID=24974) to work on /home/airflow/.local/lib/python3.7/site-packages/airflow/example_dags/example_task_group.py
[2022-12-21 17:18:17,788] {processor.py:641} INFO - Processing file /home/airflow/.local/lib/python3.7/site-packages/airflow/example_dags/example_task_group.py for tasks to queue
[2022-12-21 17:18:17,788] {logging_mixin.py:115} INFO - [2022-12-21 17:18:17,788] {dagbag.py:507} INFO - Filling up the DagBag from /home/airflow/.local/lib/python3.7/site-packages/airflow/example_dags/example_task_group.py
[2022-12-21 17:18:17,793] {processor.py:651} INFO - DAG(s) dict_keys(['example_task_group']) retrieved from /home/airflow/.local/lib/python3.7/site-packages/airflow/example_dags/example_task_group.py
[2022-12-21 17:18:17,814] {logging_mixin.py:115} INFO - [2022-12-21 17:18:17,814] {dag.py:2371} INFO - Sync 1 DAGs
[2022-12-21 17:18:17,832] {logging_mixin.py:115} INFO - [2022-12-21 17:18:17,832] {dag.py:2919} INFO - Setting next_dagrun for example_task_group to 2022-12-20T17:18:17.832237+00:00, run_after=2022-12-21T17:18:17.832237+00:00
[2022-12-21 17:18:17,843] {processor.py:161} INFO - Processing /home/airflow/.local/lib/python3.7/site-packages/airflow/example_dags/example_task_group.py took 0.059 seconds
[2022-12-21 17:18:48,584] {processor.py:153} INFO - Started process (PID=25041) to work on /home/airflow/.local/lib/python3.7/site-packages/airflow/example_dags/example_task_group.py
[2022-12-21 17:18:48,584] {processor.py:641} INFO - Processing file /home/airflow/.local/lib/python3.7/site-packages/airflow/example_dags/example_task_group.py for tasks to queue
[2022-12-21 17:18:48,584] {logging_mixin.py:115} INFO - [2022-12-21 17:18:48,584] {dagbag.py:507} INFO - Filling up the DagBag from /home/airflow/.local/lib/python3.7/site-packages/airflow/example_dags/example_task_group.py
[2022-12-21 17:18:48,591] {processor.py:651} INFO - DAG(s) dict_keys(['example_task_group']) retrieved from /home/airflow/.local/lib/python3.7/site-packages/airflow/example_dags/example_task_group.py
[2022-12-21 17:18:48,615] {logging_mixin.py:115} INFO - [2022-12-21 17:18:48,615] {dag.py:2371} INFO - Sync 1 DAGs
[2022-12-21 17:18:48,636] {logging_mixin.py:115} INFO - [2022-12-21 17:18:48,636] {dag.py:2919} INFO - Setting next_dagrun for example_task_group to 2022-12-20T17:18:48.635879+00:00, run_after=2022-12-21T17:18:48.635879+00:00
[2022-12-21 17:18:48,646] {processor.py:161} INFO - Processing /home/airflow/.local/lib/python3.7/site-packages/airflow/example_dags/example_task_group.py took 0.065 seconds
[2022-12-21 17:19:19,268] {processor.py:153} INFO - Started process (PID=25108) to work on /home/airflow/.local/lib/python3.7/site-packages/airflow/example_dags/example_task_group.py
[2022-12-21 17:19:19,268] {processor.py:641} INFO - Processing file /home/airflow/.local/lib/python3.7/site-packages/airflow/example_dags/example_task_group.py for tasks to queue
[2022-12-21 17:19:19,269] {logging_mixin.py:115} INFO - [2022-12-21 17:19:19,269] {dagbag.py:507} INFO - Filling up the DagBag from /home/airflow/.local/lib/python3.7/site-packages/airflow/example_dags/example_task_group.py
[2022-12-21 17:19:19,275] {processor.py:651} INFO - DAG(s) dict_keys(['example_task_group']) retrieved from /home/airflow/.local/lib/python3.7/site-packages/airflow/example_dags/example_task_group.py
[2022-12-21 17:19:19,298] {logging_mixin.py:115} INFO - [2022-12-21 17:19:19,298] {dag.py:2371} INFO - Sync 1 DAGs
[2022-12-21 17:19:19,314] {logging_mixin.py:115} INFO - [2022-12-21 17:19:19,314] {dag.py:2919} INFO - Setting next_dagrun for example_task_group to 2022-12-20T17:19:19.314548+00:00, run_after=2022-12-21T17:19:19.314548+00:00
[2022-12-21 17:19:19,325] {processor.py:161} INFO - Processing /home/airflow/.local/lib/python3.7/site-packages/airflow/example_dags/example_task_group.py took 0.060 seconds
[2022-12-21 17:19:49,934] {processor.py:153} INFO - Started process (PID=25175) to work on /home/airflow/.local/lib/python3.7/site-packages/airflow/example_dags/example_task_group.py
[2022-12-21 17:19:49,935] {processor.py:641} INFO - Processing file /home/airflow/.local/lib/python3.7/site-packages/airflow/example_dags/example_task_group.py for tasks to queue
[2022-12-21 17:19:49,935] {logging_mixin.py:115} INFO - [2022-12-21 17:19:49,935] {dagbag.py:507} INFO - Filling up the DagBag from /home/airflow/.local/lib/python3.7/site-packages/airflow/example_dags/example_task_group.py
[2022-12-21 17:19:49,943] {processor.py:651} INFO - DAG(s) dict_keys(['example_task_group']) retrieved from /home/airflow/.local/lib/python3.7/site-packages/airflow/example_dags/example_task_group.py
[2022-12-21 17:19:49,966] {logging_mixin.py:115} INFO - [2022-12-21 17:19:49,966] {dag.py:2371} INFO - Sync 1 DAGs
[2022-12-21 17:19:49,983] {logging_mixin.py:115} INFO - [2022-12-21 17:19:49,983] {dag.py:2919} INFO - Setting next_dagrun for example_task_group to 2022-12-20T17:19:49.982895+00:00, run_after=2022-12-21T17:19:49.982895+00:00
[2022-12-21 17:19:49,994] {processor.py:161} INFO - Processing /home/airflow/.local/lib/python3.7/site-packages/airflow/example_dags/example_task_group.py took 0.064 seconds
[2022-12-21 17:20:20,669] {processor.py:153} INFO - Started process (PID=25234) to work on /home/airflow/.local/lib/python3.7/site-packages/airflow/example_dags/example_task_group.py
[2022-12-21 17:20:20,670] {processor.py:641} INFO - Processing file /home/airflow/.local/lib/python3.7/site-packages/airflow/example_dags/example_task_group.py for tasks to queue
[2022-12-21 17:20:20,670] {logging_mixin.py:115} INFO - [2022-12-21 17:20:20,670] {dagbag.py:507} INFO - Filling up the DagBag from /home/airflow/.local/lib/python3.7/site-packages/airflow/example_dags/example_task_group.py
[2022-12-21 17:20:20,676] {processor.py:651} INFO - DAG(s) dict_keys(['example_task_group']) retrieved from /home/airflow/.local/lib/python3.7/site-packages/airflow/example_dags/example_task_group.py
[2022-12-21 17:20:20,699] {logging_mixin.py:115} INFO - [2022-12-21 17:20:20,699] {dag.py:2371} INFO - Sync 1 DAGs
[2022-12-21 17:20:20,723] {logging_mixin.py:115} INFO - [2022-12-21 17:20:20,723] {dag.py:2919} INFO - Setting next_dagrun for example_task_group to 2022-12-20T17:20:20.722928+00:00, run_after=2022-12-21T17:20:20.722928+00:00
[2022-12-21 17:20:20,734] {processor.py:161} INFO - Processing /home/airflow/.local/lib/python3.7/site-packages/airflow/example_dags/example_task_group.py took 0.067 seconds
[2022-12-21 17:20:51,346] {processor.py:153} INFO - Started process (PID=25301) to work on /home/airflow/.local/lib/python3.7/site-packages/airflow/example_dags/example_task_group.py
[2022-12-21 17:20:51,347] {processor.py:641} INFO - Processing file /home/airflow/.local/lib/python3.7/site-packages/airflow/example_dags/example_task_group.py for tasks to queue
[2022-12-21 17:20:51,348] {logging_mixin.py:115} INFO - [2022-12-21 17:20:51,347] {dagbag.py:507} INFO - Filling up the DagBag from /home/airflow/.local/lib/python3.7/site-packages/airflow/example_dags/example_task_group.py
[2022-12-21 17:20:51,355] {processor.py:651} INFO - DAG(s) dict_keys(['example_task_group']) retrieved from /home/airflow/.local/lib/python3.7/site-packages/airflow/example_dags/example_task_group.py
[2022-12-21 17:20:51,379] {logging_mixin.py:115} INFO - [2022-12-21 17:20:51,379] {dag.py:2371} INFO - Sync 1 DAGs
[2022-12-21 17:20:51,398] {logging_mixin.py:115} INFO - [2022-12-21 17:20:51,398] {dag.py:2919} INFO - Setting next_dagrun for example_task_group to 2022-12-20T17:20:51.397996+00:00, run_after=2022-12-21T17:20:51.397996+00:00
[2022-12-21 17:20:51,408] {processor.py:161} INFO - Processing /home/airflow/.local/lib/python3.7/site-packages/airflow/example_dags/example_task_group.py took 0.066 seconds
[2022-12-21 17:21:21,966] {processor.py:153} INFO - Started process (PID=25367) to work on /home/airflow/.local/lib/python3.7/site-packages/airflow/example_dags/example_task_group.py
[2022-12-21 17:21:21,967] {processor.py:641} INFO - Processing file /home/airflow/.local/lib/python3.7/site-packages/airflow/example_dags/example_task_group.py for tasks to queue
[2022-12-21 17:21:21,968] {logging_mixin.py:115} INFO - [2022-12-21 17:21:21,967] {dagbag.py:507} INFO - Filling up the DagBag from /home/airflow/.local/lib/python3.7/site-packages/airflow/example_dags/example_task_group.py
[2022-12-21 17:21:21,973] {processor.py:651} INFO - DAG(s) dict_keys(['example_task_group']) retrieved from /home/airflow/.local/lib/python3.7/site-packages/airflow/example_dags/example_task_group.py
[2022-12-21 17:21:21,992] {logging_mixin.py:115} INFO - [2022-12-21 17:21:21,992] {dag.py:2371} INFO - Sync 1 DAGs
[2022-12-21 17:21:22,013] {logging_mixin.py:115} INFO - [2022-12-21 17:21:22,013] {dag.py:2919} INFO - Setting next_dagrun for example_task_group to 2022-12-20T17:21:22.013166+00:00, run_after=2022-12-21T17:21:22.013166+00:00
[2022-12-21 17:21:22,024] {processor.py:161} INFO - Processing /home/airflow/.local/lib/python3.7/site-packages/airflow/example_dags/example_task_group.py took 0.061 seconds
[2022-12-21 17:21:52,502] {processor.py:153} INFO - Started process (PID=25433) to work on /home/airflow/.local/lib/python3.7/site-packages/airflow/example_dags/example_task_group.py
[2022-12-21 17:21:52,503] {processor.py:641} INFO - Processing file /home/airflow/.local/lib/python3.7/site-packages/airflow/example_dags/example_task_group.py for tasks to queue
[2022-12-21 17:21:52,504] {logging_mixin.py:115} INFO - [2022-12-21 17:21:52,503] {dagbag.py:507} INFO - Filling up the DagBag from /home/airflow/.local/lib/python3.7/site-packages/airflow/example_dags/example_task_group.py
[2022-12-21 17:21:52,513] {processor.py:651} INFO - DAG(s) dict_keys(['example_task_group']) retrieved from /home/airflow/.local/lib/python3.7/site-packages/airflow/example_dags/example_task_group.py
[2022-12-21 17:21:52,535] {logging_mixin.py:115} INFO - [2022-12-21 17:21:52,535] {dag.py:2371} INFO - Sync 1 DAGs
[2022-12-21 17:21:52,554] {logging_mixin.py:115} INFO - [2022-12-21 17:21:52,554] {dag.py:2919} INFO - Setting next_dagrun for example_task_group to 2022-12-20T17:21:52.554313+00:00, run_after=2022-12-21T17:21:52.554313+00:00
[2022-12-21 17:21:52,563] {processor.py:161} INFO - Processing /home/airflow/.local/lib/python3.7/site-packages/airflow/example_dags/example_task_group.py took 0.064 seconds
[2022-12-21 17:22:22,954] {processor.py:153} INFO - Started process (PID=25491) to work on /home/airflow/.local/lib/python3.7/site-packages/airflow/example_dags/example_task_group.py
[2022-12-21 17:22:22,955] {processor.py:641} INFO - Processing file /home/airflow/.local/lib/python3.7/site-packages/airflow/example_dags/example_task_group.py for tasks to queue
[2022-12-21 17:22:22,955] {logging_mixin.py:115} INFO - [2022-12-21 17:22:22,955] {dagbag.py:507} INFO - Filling up the DagBag from /home/airflow/.local/lib/python3.7/site-packages/airflow/example_dags/example_task_group.py
[2022-12-21 17:22:22,961] {processor.py:651} INFO - DAG(s) dict_keys(['example_task_group']) retrieved from /home/airflow/.local/lib/python3.7/site-packages/airflow/example_dags/example_task_group.py
[2022-12-21 17:22:22,980] {logging_mixin.py:115} INFO - [2022-12-21 17:22:22,980] {dag.py:2371} INFO - Sync 1 DAGs
[2022-12-21 17:22:22,996] {logging_mixin.py:115} INFO - [2022-12-21 17:22:22,996] {dag.py:2919} INFO - Setting next_dagrun for example_task_group to 2022-12-20T17:22:22.996491+00:00, run_after=2022-12-21T17:22:22.996491+00:00
[2022-12-21 17:22:23,007] {processor.py:161} INFO - Processing /home/airflow/.local/lib/python3.7/site-packages/airflow/example_dags/example_task_group.py took 0.055 seconds
[2022-12-21 17:22:53,879] {processor.py:153} INFO - Started process (PID=25558) to work on /home/airflow/.local/lib/python3.7/site-packages/airflow/example_dags/example_task_group.py
[2022-12-21 17:22:53,880] {processor.py:641} INFO - Processing file /home/airflow/.local/lib/python3.7/site-packages/airflow/example_dags/example_task_group.py for tasks to queue
[2022-12-21 17:22:53,881] {logging_mixin.py:115} INFO - [2022-12-21 17:22:53,881] {dagbag.py:507} INFO - Filling up the DagBag from /home/airflow/.local/lib/python3.7/site-packages/airflow/example_dags/example_task_group.py
[2022-12-21 17:22:53,890] {processor.py:651} INFO - DAG(s) dict_keys(['example_task_group']) retrieved from /home/airflow/.local/lib/python3.7/site-packages/airflow/example_dags/example_task_group.py
[2022-12-21 17:22:53,914] {logging_mixin.py:115} INFO - [2022-12-21 17:22:53,914] {dag.py:2371} INFO - Sync 1 DAGs
[2022-12-21 17:22:53,940] {logging_mixin.py:115} INFO - [2022-12-21 17:22:53,940] {dag.py:2919} INFO - Setting next_dagrun for example_task_group to 2022-12-20T17:22:53.939945+00:00, run_after=2022-12-21T17:22:53.939945+00:00
[2022-12-21 17:22:53,952] {processor.py:161} INFO - Processing /home/airflow/.local/lib/python3.7/site-packages/airflow/example_dags/example_task_group.py took 0.075 seconds
[2022-12-21 17:23:24,186] {processor.py:153} INFO - Started process (PID=25625) to work on /home/airflow/.local/lib/python3.7/site-packages/airflow/example_dags/example_task_group.py
[2022-12-21 17:23:24,187] {processor.py:641} INFO - Processing file /home/airflow/.local/lib/python3.7/site-packages/airflow/example_dags/example_task_group.py for tasks to queue
[2022-12-21 17:23:24,187] {logging_mixin.py:115} INFO - [2022-12-21 17:23:24,187] {dagbag.py:507} INFO - Filling up the DagBag from /home/airflow/.local/lib/python3.7/site-packages/airflow/example_dags/example_task_group.py
[2022-12-21 17:23:24,194] {processor.py:651} INFO - DAG(s) dict_keys(['example_task_group']) retrieved from /home/airflow/.local/lib/python3.7/site-packages/airflow/example_dags/example_task_group.py
[2022-12-21 17:23:24,219] {logging_mixin.py:115} INFO - [2022-12-21 17:23:24,219] {dag.py:2371} INFO - Sync 1 DAGs
[2022-12-21 17:23:24,237] {logging_mixin.py:115} INFO - [2022-12-21 17:23:24,237] {dag.py:2919} INFO - Setting next_dagrun for example_task_group to 2022-12-20T17:23:24.237676+00:00, run_after=2022-12-21T17:23:24.237676+00:00
[2022-12-21 17:23:24,247] {processor.py:161} INFO - Processing /home/airflow/.local/lib/python3.7/site-packages/airflow/example_dags/example_task_group.py took 0.063 seconds
[2022-12-21 17:23:54,670] {processor.py:153} INFO - Started process (PID=25691) to work on /home/airflow/.local/lib/python3.7/site-packages/airflow/example_dags/example_task_group.py
[2022-12-21 17:23:54,672] {processor.py:641} INFO - Processing file /home/airflow/.local/lib/python3.7/site-packages/airflow/example_dags/example_task_group.py for tasks to queue
[2022-12-21 17:23:54,673] {logging_mixin.py:115} INFO - [2022-12-21 17:23:54,673] {dagbag.py:507} INFO - Filling up the DagBag from /home/airflow/.local/lib/python3.7/site-packages/airflow/example_dags/example_task_group.py
[2022-12-21 17:23:54,681] {processor.py:651} INFO - DAG(s) dict_keys(['example_task_group']) retrieved from /home/airflow/.local/lib/python3.7/site-packages/airflow/example_dags/example_task_group.py
[2022-12-21 17:23:54,708] {logging_mixin.py:115} INFO - [2022-12-21 17:23:54,708] {dag.py:2371} INFO - Sync 1 DAGs
[2022-12-21 17:23:54,734] {logging_mixin.py:115} INFO - [2022-12-21 17:23:54,733] {dag.py:2919} INFO - Setting next_dagrun for example_task_group to 2022-12-20T17:23:54.733751+00:00, run_after=2022-12-21T17:23:54.733751+00:00
[2022-12-21 17:23:54,749] {processor.py:161} INFO - Processing /home/airflow/.local/lib/python3.7/site-packages/airflow/example_dags/example_task_group.py took 0.082 seconds
