[2022-12-21 16:55:18,877] {processor.py:153} INFO - Started process (PID=22098) to work on /home/airflow/.local/lib/python3.7/site-packages/airflow/example_dags/example_xcom.py
[2022-12-21 16:55:18,877] {processor.py:641} INFO - Processing file /home/airflow/.local/lib/python3.7/site-packages/airflow/example_dags/example_xcom.py for tasks to queue
[2022-12-21 16:55:18,877] {logging_mixin.py:115} INFO - [2022-12-21 16:55:18,877] {dagbag.py:507} INFO - Filling up the DagBag from /home/airflow/.local/lib/python3.7/site-packages/airflow/example_dags/example_xcom.py
[2022-12-21 16:55:18,891] {processor.py:651} INFO - DAG(s) dict_keys(['example_xcom']) retrieved from /home/airflow/.local/lib/python3.7/site-packages/airflow/example_dags/example_xcom.py
[2022-12-21 16:55:18,947] {logging_mixin.py:115} INFO - [2022-12-21 16:55:18,947] {dag.py:2371} INFO - Sync 1 DAGs
[2022-12-21 16:55:18,966] {logging_mixin.py:115} INFO - [2022-12-21 16:55:18,965] {dag.py:2919} INFO - Setting next_dagrun for example_xcom to 2021-01-01T00:00:00+00:00, run_after=2021-01-01T00:00:00+00:00
[2022-12-21 16:55:18,978] {processor.py:161} INFO - Processing /home/airflow/.local/lib/python3.7/site-packages/airflow/example_dags/example_xcom.py took 0.103 seconds
[2022-12-21 16:55:49,516] {processor.py:153} INFO - Started process (PID=22164) to work on /home/airflow/.local/lib/python3.7/site-packages/airflow/example_dags/example_xcom.py
[2022-12-21 16:55:49,517] {processor.py:641} INFO - Processing file /home/airflow/.local/lib/python3.7/site-packages/airflow/example_dags/example_xcom.py for tasks to queue
[2022-12-21 16:55:49,517] {logging_mixin.py:115} INFO - [2022-12-21 16:55:49,517] {dagbag.py:507} INFO - Filling up the DagBag from /home/airflow/.local/lib/python3.7/site-packages/airflow/example_dags/example_xcom.py
[2022-12-21 16:55:49,535] {processor.py:651} INFO - DAG(s) dict_keys(['example_xcom']) retrieved from /home/airflow/.local/lib/python3.7/site-packages/airflow/example_dags/example_xcom.py
[2022-12-21 16:55:49,583] {logging_mixin.py:115} INFO - [2022-12-21 16:55:49,583] {dag.py:2371} INFO - Sync 1 DAGs
[2022-12-21 16:55:49,598] {logging_mixin.py:115} INFO - [2022-12-21 16:55:49,598] {dag.py:2919} INFO - Setting next_dagrun for example_xcom to 2021-01-01T00:00:00+00:00, run_after=2021-01-01T00:00:00+00:00
[2022-12-21 16:55:49,609] {processor.py:161} INFO - Processing /home/airflow/.local/lib/python3.7/site-packages/airflow/example_dags/example_xcom.py took 0.095 seconds
[2022-12-21 16:56:19,918] {processor.py:153} INFO - Started process (PID=22220) to work on /home/airflow/.local/lib/python3.7/site-packages/airflow/example_dags/example_xcom.py
[2022-12-21 16:56:19,919] {processor.py:641} INFO - Processing file /home/airflow/.local/lib/python3.7/site-packages/airflow/example_dags/example_xcom.py for tasks to queue
[2022-12-21 16:56:19,919] {logging_mixin.py:115} INFO - [2022-12-21 16:56:19,919] {dagbag.py:507} INFO - Filling up the DagBag from /home/airflow/.local/lib/python3.7/site-packages/airflow/example_dags/example_xcom.py
[2022-12-21 16:56:19,931] {processor.py:651} INFO - DAG(s) dict_keys(['example_xcom']) retrieved from /home/airflow/.local/lib/python3.7/site-packages/airflow/example_dags/example_xcom.py
[2022-12-21 16:56:19,975] {logging_mixin.py:115} INFO - [2022-12-21 16:56:19,975] {dag.py:2371} INFO - Sync 1 DAGs
[2022-12-21 16:56:19,989] {logging_mixin.py:115} INFO - [2022-12-21 16:56:19,989] {dag.py:2919} INFO - Setting next_dagrun for example_xcom to 2021-01-01T00:00:00+00:00, run_after=2021-01-01T00:00:00+00:00
[2022-12-21 16:56:19,999] {processor.py:161} INFO - Processing /home/airflow/.local/lib/python3.7/site-packages/airflow/example_dags/example_xcom.py took 0.083 seconds
[2022-12-21 16:56:50,258] {processor.py:153} INFO - Started process (PID=22287) to work on /home/airflow/.local/lib/python3.7/site-packages/airflow/example_dags/example_xcom.py
[2022-12-21 16:56:50,259] {processor.py:641} INFO - Processing file /home/airflow/.local/lib/python3.7/site-packages/airflow/example_dags/example_xcom.py for tasks to queue
[2022-12-21 16:56:50,259] {logging_mixin.py:115} INFO - [2022-12-21 16:56:50,259] {dagbag.py:507} INFO - Filling up the DagBag from /home/airflow/.local/lib/python3.7/site-packages/airflow/example_dags/example_xcom.py
[2022-12-21 16:56:50,273] {processor.py:651} INFO - DAG(s) dict_keys(['example_xcom']) retrieved from /home/airflow/.local/lib/python3.7/site-packages/airflow/example_dags/example_xcom.py
[2022-12-21 16:56:50,291] {logging_mixin.py:115} INFO - [2022-12-21 16:56:50,291] {dag.py:2371} INFO - Sync 1 DAGs
[2022-12-21 16:56:50,307] {logging_mixin.py:115} INFO - [2022-12-21 16:56:50,307] {dag.py:2919} INFO - Setting next_dagrun for example_xcom to 2021-01-01T00:00:00+00:00, run_after=2021-01-01T00:00:00+00:00
[2022-12-21 16:56:50,316] {processor.py:161} INFO - Processing /home/airflow/.local/lib/python3.7/site-packages/airflow/example_dags/example_xcom.py took 0.060 seconds
[2022-12-21 16:57:20,807] {processor.py:153} INFO - Started process (PID=22354) to work on /home/airflow/.local/lib/python3.7/site-packages/airflow/example_dags/example_xcom.py
[2022-12-21 16:57:20,808] {processor.py:641} INFO - Processing file /home/airflow/.local/lib/python3.7/site-packages/airflow/example_dags/example_xcom.py for tasks to queue
[2022-12-21 16:57:20,808] {logging_mixin.py:115} INFO - [2022-12-21 16:57:20,808] {dagbag.py:507} INFO - Filling up the DagBag from /home/airflow/.local/lib/python3.7/site-packages/airflow/example_dags/example_xcom.py
[2022-12-21 16:57:20,821] {processor.py:651} INFO - DAG(s) dict_keys(['example_xcom']) retrieved from /home/airflow/.local/lib/python3.7/site-packages/airflow/example_dags/example_xcom.py
[2022-12-21 16:57:20,866] {logging_mixin.py:115} INFO - [2022-12-21 16:57:20,866] {dag.py:2371} INFO - Sync 1 DAGs
[2022-12-21 16:57:20,881] {logging_mixin.py:115} INFO - [2022-12-21 16:57:20,881] {dag.py:2919} INFO - Setting next_dagrun for example_xcom to 2021-01-01T00:00:00+00:00, run_after=2021-01-01T00:00:00+00:00
[2022-12-21 16:57:20,891] {processor.py:161} INFO - Processing /home/airflow/.local/lib/python3.7/site-packages/airflow/example_dags/example_xcom.py took 0.086 seconds
[2022-12-21 16:57:51,172] {processor.py:153} INFO - Started process (PID=22421) to work on /home/airflow/.local/lib/python3.7/site-packages/airflow/example_dags/example_xcom.py
[2022-12-21 16:57:51,172] {processor.py:641} INFO - Processing file /home/airflow/.local/lib/python3.7/site-packages/airflow/example_dags/example_xcom.py for tasks to queue
[2022-12-21 16:57:51,173] {logging_mixin.py:115} INFO - [2022-12-21 16:57:51,173] {dagbag.py:507} INFO - Filling up the DagBag from /home/airflow/.local/lib/python3.7/site-packages/airflow/example_dags/example_xcom.py
[2022-12-21 16:57:51,185] {processor.py:651} INFO - DAG(s) dict_keys(['example_xcom']) retrieved from /home/airflow/.local/lib/python3.7/site-packages/airflow/example_dags/example_xcom.py
[2022-12-21 16:57:51,230] {logging_mixin.py:115} INFO - [2022-12-21 16:57:51,230] {dag.py:2371} INFO - Sync 1 DAGs
[2022-12-21 16:57:51,244] {logging_mixin.py:115} INFO - [2022-12-21 16:57:51,244] {dag.py:2919} INFO - Setting next_dagrun for example_xcom to 2021-01-01T00:00:00+00:00, run_after=2021-01-01T00:00:00+00:00
[2022-12-21 16:57:51,254] {processor.py:161} INFO - Processing /home/airflow/.local/lib/python3.7/site-packages/airflow/example_dags/example_xcom.py took 0.084 seconds
[2022-12-21 16:58:21,580] {processor.py:153} INFO - Started process (PID=22478) to work on /home/airflow/.local/lib/python3.7/site-packages/airflow/example_dags/example_xcom.py
[2022-12-21 16:58:21,581] {processor.py:641} INFO - Processing file /home/airflow/.local/lib/python3.7/site-packages/airflow/example_dags/example_xcom.py for tasks to queue
[2022-12-21 16:58:21,582] {logging_mixin.py:115} INFO - [2022-12-21 16:58:21,582] {dagbag.py:507} INFO - Filling up the DagBag from /home/airflow/.local/lib/python3.7/site-packages/airflow/example_dags/example_xcom.py
[2022-12-21 16:58:21,594] {processor.py:651} INFO - DAG(s) dict_keys(['example_xcom']) retrieved from /home/airflow/.local/lib/python3.7/site-packages/airflow/example_dags/example_xcom.py
[2022-12-21 16:58:21,612] {logging_mixin.py:115} INFO - [2022-12-21 16:58:21,612] {dag.py:2371} INFO - Sync 1 DAGs
[2022-12-21 16:58:21,629] {logging_mixin.py:115} INFO - [2022-12-21 16:58:21,629] {dag.py:2919} INFO - Setting next_dagrun for example_xcom to 2021-01-01T00:00:00+00:00, run_after=2021-01-01T00:00:00+00:00
[2022-12-21 16:58:21,638] {processor.py:161} INFO - Processing /home/airflow/.local/lib/python3.7/site-packages/airflow/example_dags/example_xcom.py took 0.061 seconds
[2022-12-21 16:58:52,081] {processor.py:153} INFO - Started process (PID=22544) to work on /home/airflow/.local/lib/python3.7/site-packages/airflow/example_dags/example_xcom.py
[2022-12-21 16:58:52,081] {processor.py:641} INFO - Processing file /home/airflow/.local/lib/python3.7/site-packages/airflow/example_dags/example_xcom.py for tasks to queue
[2022-12-21 16:58:52,082] {logging_mixin.py:115} INFO - [2022-12-21 16:58:52,082] {dagbag.py:507} INFO - Filling up the DagBag from /home/airflow/.local/lib/python3.7/site-packages/airflow/example_dags/example_xcom.py
[2022-12-21 16:58:52,102] {processor.py:651} INFO - DAG(s) dict_keys(['example_xcom']) retrieved from /home/airflow/.local/lib/python3.7/site-packages/airflow/example_dags/example_xcom.py
[2022-12-21 16:58:52,123] {logging_mixin.py:115} INFO - [2022-12-21 16:58:52,123] {dag.py:2371} INFO - Sync 1 DAGs
[2022-12-21 16:58:52,139] {logging_mixin.py:115} INFO - [2022-12-21 16:58:52,138] {dag.py:2919} INFO - Setting next_dagrun for example_xcom to 2021-01-01T00:00:00+00:00, run_after=2021-01-01T00:00:00+00:00
[2022-12-21 16:58:52,148] {processor.py:161} INFO - Processing /home/airflow/.local/lib/python3.7/site-packages/airflow/example_dags/example_xcom.py took 0.070 seconds
[2022-12-21 16:59:22,603] {processor.py:153} INFO - Started process (PID=22611) to work on /home/airflow/.local/lib/python3.7/site-packages/airflow/example_dags/example_xcom.py
[2022-12-21 16:59:22,604] {processor.py:641} INFO - Processing file /home/airflow/.local/lib/python3.7/site-packages/airflow/example_dags/example_xcom.py for tasks to queue
[2022-12-21 16:59:22,604] {logging_mixin.py:115} INFO - [2022-12-21 16:59:22,604] {dagbag.py:507} INFO - Filling up the DagBag from /home/airflow/.local/lib/python3.7/site-packages/airflow/example_dags/example_xcom.py
[2022-12-21 16:59:22,618] {processor.py:651} INFO - DAG(s) dict_keys(['example_xcom']) retrieved from /home/airflow/.local/lib/python3.7/site-packages/airflow/example_dags/example_xcom.py
[2022-12-21 16:59:22,664] {logging_mixin.py:115} INFO - [2022-12-21 16:59:22,664] {dag.py:2371} INFO - Sync 1 DAGs
[2022-12-21 16:59:22,679] {logging_mixin.py:115} INFO - [2022-12-21 16:59:22,679] {dag.py:2919} INFO - Setting next_dagrun for example_xcom to 2021-01-01T00:00:00+00:00, run_after=2021-01-01T00:00:00+00:00
[2022-12-21 16:59:22,689] {processor.py:161} INFO - Processing /home/airflow/.local/lib/python3.7/site-packages/airflow/example_dags/example_xcom.py took 0.089 seconds
[2022-12-21 16:59:53,101] {processor.py:153} INFO - Started process (PID=22677) to work on /home/airflow/.local/lib/python3.7/site-packages/airflow/example_dags/example_xcom.py
[2022-12-21 16:59:53,102] {processor.py:641} INFO - Processing file /home/airflow/.local/lib/python3.7/site-packages/airflow/example_dags/example_xcom.py for tasks to queue
[2022-12-21 16:59:53,102] {logging_mixin.py:115} INFO - [2022-12-21 16:59:53,102] {dagbag.py:507} INFO - Filling up the DagBag from /home/airflow/.local/lib/python3.7/site-packages/airflow/example_dags/example_xcom.py
[2022-12-21 16:59:53,121] {processor.py:651} INFO - DAG(s) dict_keys(['example_xcom']) retrieved from /home/airflow/.local/lib/python3.7/site-packages/airflow/example_dags/example_xcom.py
[2022-12-21 16:59:53,170] {logging_mixin.py:115} INFO - [2022-12-21 16:59:53,169] {dag.py:2371} INFO - Sync 1 DAGs
[2022-12-21 16:59:53,184] {logging_mixin.py:115} INFO - [2022-12-21 16:59:53,184] {dag.py:2919} INFO - Setting next_dagrun for example_xcom to 2021-01-01T00:00:00+00:00, run_after=2021-01-01T00:00:00+00:00
[2022-12-21 16:59:53,194] {processor.py:161} INFO - Processing /home/airflow/.local/lib/python3.7/site-packages/airflow/example_dags/example_xcom.py took 0.096 seconds
[2022-12-21 17:00:23,666] {processor.py:153} INFO - Started process (PID=22734) to work on /home/airflow/.local/lib/python3.7/site-packages/airflow/example_dags/example_xcom.py
[2022-12-21 17:00:23,666] {processor.py:641} INFO - Processing file /home/airflow/.local/lib/python3.7/site-packages/airflow/example_dags/example_xcom.py for tasks to queue
[2022-12-21 17:00:23,667] {logging_mixin.py:115} INFO - [2022-12-21 17:00:23,667] {dagbag.py:507} INFO - Filling up the DagBag from /home/airflow/.local/lib/python3.7/site-packages/airflow/example_dags/example_xcom.py
[2022-12-21 17:00:23,680] {processor.py:651} INFO - DAG(s) dict_keys(['example_xcom']) retrieved from /home/airflow/.local/lib/python3.7/site-packages/airflow/example_dags/example_xcom.py
[2022-12-21 17:00:23,730] {logging_mixin.py:115} INFO - [2022-12-21 17:00:23,730] {dag.py:2371} INFO - Sync 1 DAGs
[2022-12-21 17:00:23,745] {logging_mixin.py:115} INFO - [2022-12-21 17:00:23,745] {dag.py:2919} INFO - Setting next_dagrun for example_xcom to 2021-01-01T00:00:00+00:00, run_after=2021-01-01T00:00:00+00:00
[2022-12-21 17:00:23,755] {processor.py:161} INFO - Processing /home/airflow/.local/lib/python3.7/site-packages/airflow/example_dags/example_xcom.py took 0.092 seconds
[2022-12-21 17:00:54,216] {processor.py:153} INFO - Started process (PID=22800) to work on /home/airflow/.local/lib/python3.7/site-packages/airflow/example_dags/example_xcom.py
[2022-12-21 17:00:54,217] {processor.py:641} INFO - Processing file /home/airflow/.local/lib/python3.7/site-packages/airflow/example_dags/example_xcom.py for tasks to queue
[2022-12-21 17:00:54,217] {logging_mixin.py:115} INFO - [2022-12-21 17:00:54,217] {dagbag.py:507} INFO - Filling up the DagBag from /home/airflow/.local/lib/python3.7/site-packages/airflow/example_dags/example_xcom.py
[2022-12-21 17:00:54,233] {processor.py:651} INFO - DAG(s) dict_keys(['example_xcom']) retrieved from /home/airflow/.local/lib/python3.7/site-packages/airflow/example_dags/example_xcom.py
[2022-12-21 17:00:54,286] {logging_mixin.py:115} INFO - [2022-12-21 17:00:54,286] {dag.py:2371} INFO - Sync 1 DAGs
[2022-12-21 17:00:54,300] {logging_mixin.py:115} INFO - [2022-12-21 17:00:54,300] {dag.py:2919} INFO - Setting next_dagrun for example_xcom to 2021-01-01T00:00:00+00:00, run_after=2021-01-01T00:00:00+00:00
[2022-12-21 17:00:54,311] {processor.py:161} INFO - Processing /home/airflow/.local/lib/python3.7/site-packages/airflow/example_dags/example_xcom.py took 0.097 seconds
[2022-12-21 17:01:24,723] {processor.py:153} INFO - Started process (PID=22867) to work on /home/airflow/.local/lib/python3.7/site-packages/airflow/example_dags/example_xcom.py
[2022-12-21 17:01:24,723] {processor.py:641} INFO - Processing file /home/airflow/.local/lib/python3.7/site-packages/airflow/example_dags/example_xcom.py for tasks to queue
[2022-12-21 17:01:24,724] {logging_mixin.py:115} INFO - [2022-12-21 17:01:24,724] {dagbag.py:507} INFO - Filling up the DagBag from /home/airflow/.local/lib/python3.7/site-packages/airflow/example_dags/example_xcom.py
[2022-12-21 17:01:24,740] {processor.py:651} INFO - DAG(s) dict_keys(['example_xcom']) retrieved from /home/airflow/.local/lib/python3.7/site-packages/airflow/example_dags/example_xcom.py
[2022-12-21 17:01:24,761] {logging_mixin.py:115} INFO - [2022-12-21 17:01:24,761] {dag.py:2371} INFO - Sync 1 DAGs
[2022-12-21 17:01:24,777] {logging_mixin.py:115} INFO - [2022-12-21 17:01:24,777] {dag.py:2919} INFO - Setting next_dagrun for example_xcom to 2021-01-01T00:00:00+00:00, run_after=2021-01-01T00:00:00+00:00
[2022-12-21 17:01:24,787] {processor.py:161} INFO - Processing /home/airflow/.local/lib/python3.7/site-packages/airflow/example_dags/example_xcom.py took 0.067 seconds
[2022-12-21 17:01:55,302] {processor.py:153} INFO - Started process (PID=22932) to work on /home/airflow/.local/lib/python3.7/site-packages/airflow/example_dags/example_xcom.py
[2022-12-21 17:01:55,303] {processor.py:641} INFO - Processing file /home/airflow/.local/lib/python3.7/site-packages/airflow/example_dags/example_xcom.py for tasks to queue
[2022-12-21 17:01:55,304] {logging_mixin.py:115} INFO - [2022-12-21 17:01:55,304] {dagbag.py:507} INFO - Filling up the DagBag from /home/airflow/.local/lib/python3.7/site-packages/airflow/example_dags/example_xcom.py
[2022-12-21 17:01:55,319] {processor.py:651} INFO - DAG(s) dict_keys(['example_xcom']) retrieved from /home/airflow/.local/lib/python3.7/site-packages/airflow/example_dags/example_xcom.py
[2022-12-21 17:01:55,371] {logging_mixin.py:115} INFO - [2022-12-21 17:01:55,371] {dag.py:2371} INFO - Sync 1 DAGs
[2022-12-21 17:01:55,386] {logging_mixin.py:115} INFO - [2022-12-21 17:01:55,386] {dag.py:2919} INFO - Setting next_dagrun for example_xcom to 2021-01-01T00:00:00+00:00, run_after=2021-01-01T00:00:00+00:00
[2022-12-21 17:01:55,396] {processor.py:161} INFO - Processing /home/airflow/.local/lib/python3.7/site-packages/airflow/example_dags/example_xcom.py took 0.096 seconds
[2022-12-21 17:02:25,988] {processor.py:153} INFO - Started process (PID=22988) to work on /home/airflow/.local/lib/python3.7/site-packages/airflow/example_dags/example_xcom.py
[2022-12-21 17:02:25,988] {processor.py:641} INFO - Processing file /home/airflow/.local/lib/python3.7/site-packages/airflow/example_dags/example_xcom.py for tasks to queue
[2022-12-21 17:02:25,988] {logging_mixin.py:115} INFO - [2022-12-21 17:02:25,988] {dagbag.py:507} INFO - Filling up the DagBag from /home/airflow/.local/lib/python3.7/site-packages/airflow/example_dags/example_xcom.py
[2022-12-21 17:02:26,007] {processor.py:651} INFO - DAG(s) dict_keys(['example_xcom']) retrieved from /home/airflow/.local/lib/python3.7/site-packages/airflow/example_dags/example_xcom.py
[2022-12-21 17:02:26,036] {logging_mixin.py:115} INFO - [2022-12-21 17:02:26,035] {dag.py:2371} INFO - Sync 1 DAGs
[2022-12-21 17:02:26,068] {logging_mixin.py:115} INFO - [2022-12-21 17:02:26,068] {dag.py:2919} INFO - Setting next_dagrun for example_xcom to 2021-01-01T00:00:00+00:00, run_after=2021-01-01T00:00:00+00:00
[2022-12-21 17:02:26,083] {processor.py:161} INFO - Processing /home/airflow/.local/lib/python3.7/site-packages/airflow/example_dags/example_xcom.py took 0.098 seconds
[2022-12-21 17:02:56,617] {processor.py:153} INFO - Started process (PID=23055) to work on /home/airflow/.local/lib/python3.7/site-packages/airflow/example_dags/example_xcom.py
[2022-12-21 17:02:56,618] {processor.py:641} INFO - Processing file /home/airflow/.local/lib/python3.7/site-packages/airflow/example_dags/example_xcom.py for tasks to queue
[2022-12-21 17:02:56,618] {logging_mixin.py:115} INFO - [2022-12-21 17:02:56,618] {dagbag.py:507} INFO - Filling up the DagBag from /home/airflow/.local/lib/python3.7/site-packages/airflow/example_dags/example_xcom.py
[2022-12-21 17:02:56,633] {processor.py:651} INFO - DAG(s) dict_keys(['example_xcom']) retrieved from /home/airflow/.local/lib/python3.7/site-packages/airflow/example_dags/example_xcom.py
[2022-12-21 17:02:56,685] {logging_mixin.py:115} INFO - [2022-12-21 17:02:56,685] {dag.py:2371} INFO - Sync 1 DAGs
[2022-12-21 17:02:56,699] {logging_mixin.py:115} INFO - [2022-12-21 17:02:56,699] {dag.py:2919} INFO - Setting next_dagrun for example_xcom to 2021-01-01T00:00:00+00:00, run_after=2021-01-01T00:00:00+00:00
[2022-12-21 17:02:56,710] {processor.py:161} INFO - Processing /home/airflow/.local/lib/python3.7/site-packages/airflow/example_dags/example_xcom.py took 0.095 seconds
[2022-12-21 17:03:27,319] {processor.py:153} INFO - Started process (PID=23121) to work on /home/airflow/.local/lib/python3.7/site-packages/airflow/example_dags/example_xcom.py
[2022-12-21 17:03:27,319] {processor.py:641} INFO - Processing file /home/airflow/.local/lib/python3.7/site-packages/airflow/example_dags/example_xcom.py for tasks to queue
[2022-12-21 17:03:27,320] {logging_mixin.py:115} INFO - [2022-12-21 17:03:27,319] {dagbag.py:507} INFO - Filling up the DagBag from /home/airflow/.local/lib/python3.7/site-packages/airflow/example_dags/example_xcom.py
[2022-12-21 17:03:27,341] {processor.py:651} INFO - DAG(s) dict_keys(['example_xcom']) retrieved from /home/airflow/.local/lib/python3.7/site-packages/airflow/example_dags/example_xcom.py
[2022-12-21 17:03:27,398] {logging_mixin.py:115} INFO - [2022-12-21 17:03:27,398] {dag.py:2371} INFO - Sync 1 DAGs
[2022-12-21 17:03:27,413] {logging_mixin.py:115} INFO - [2022-12-21 17:03:27,413] {dag.py:2919} INFO - Setting next_dagrun for example_xcom to 2021-01-01T00:00:00+00:00, run_after=2021-01-01T00:00:00+00:00
[2022-12-21 17:03:27,424] {processor.py:161} INFO - Processing /home/airflow/.local/lib/python3.7/site-packages/airflow/example_dags/example_xcom.py took 0.108 seconds
[2022-12-21 17:03:58,029] {processor.py:153} INFO - Started process (PID=23188) to work on /home/airflow/.local/lib/python3.7/site-packages/airflow/example_dags/example_xcom.py
[2022-12-21 17:03:58,030] {processor.py:641} INFO - Processing file /home/airflow/.local/lib/python3.7/site-packages/airflow/example_dags/example_xcom.py for tasks to queue
[2022-12-21 17:03:58,030] {logging_mixin.py:115} INFO - [2022-12-21 17:03:58,030] {dagbag.py:507} INFO - Filling up the DagBag from /home/airflow/.local/lib/python3.7/site-packages/airflow/example_dags/example_xcom.py
[2022-12-21 17:03:58,046] {processor.py:651} INFO - DAG(s) dict_keys(['example_xcom']) retrieved from /home/airflow/.local/lib/python3.7/site-packages/airflow/example_dags/example_xcom.py
[2022-12-21 17:03:58,066] {logging_mixin.py:115} INFO - [2022-12-21 17:03:58,066] {dag.py:2371} INFO - Sync 1 DAGs
[2022-12-21 17:03:58,084] {logging_mixin.py:115} INFO - [2022-12-21 17:03:58,084] {dag.py:2919} INFO - Setting next_dagrun for example_xcom to 2021-01-01T00:00:00+00:00, run_after=2021-01-01T00:00:00+00:00
[2022-12-21 17:03:58,095] {processor.py:161} INFO - Processing /home/airflow/.local/lib/python3.7/site-packages/airflow/example_dags/example_xcom.py took 0.068 seconds
[2022-12-21 17:04:28,660] {processor.py:153} INFO - Started process (PID=23245) to work on /home/airflow/.local/lib/python3.7/site-packages/airflow/example_dags/example_xcom.py
[2022-12-21 17:04:28,661] {processor.py:641} INFO - Processing file /home/airflow/.local/lib/python3.7/site-packages/airflow/example_dags/example_xcom.py for tasks to queue
[2022-12-21 17:04:28,662] {logging_mixin.py:115} INFO - [2022-12-21 17:04:28,661] {dagbag.py:507} INFO - Filling up the DagBag from /home/airflow/.local/lib/python3.7/site-packages/airflow/example_dags/example_xcom.py
[2022-12-21 17:04:28,682] {processor.py:651} INFO - DAG(s) dict_keys(['example_xcom']) retrieved from /home/airflow/.local/lib/python3.7/site-packages/airflow/example_dags/example_xcom.py
[2022-12-21 17:04:28,702] {logging_mixin.py:115} INFO - [2022-12-21 17:04:28,702] {dag.py:2371} INFO - Sync 1 DAGs
[2022-12-21 17:04:28,720] {logging_mixin.py:115} INFO - [2022-12-21 17:04:28,720] {dag.py:2919} INFO - Setting next_dagrun for example_xcom to 2021-01-01T00:00:00+00:00, run_after=2021-01-01T00:00:00+00:00
[2022-12-21 17:04:28,731] {processor.py:161} INFO - Processing /home/airflow/.local/lib/python3.7/site-packages/airflow/example_dags/example_xcom.py took 0.074 seconds
[2022-12-21 17:04:59,143] {processor.py:153} INFO - Started process (PID=23311) to work on /home/airflow/.local/lib/python3.7/site-packages/airflow/example_dags/example_xcom.py
[2022-12-21 17:04:59,143] {processor.py:641} INFO - Processing file /home/airflow/.local/lib/python3.7/site-packages/airflow/example_dags/example_xcom.py for tasks to queue
[2022-12-21 17:04:59,143] {logging_mixin.py:115} INFO - [2022-12-21 17:04:59,143] {dagbag.py:507} INFO - Filling up the DagBag from /home/airflow/.local/lib/python3.7/site-packages/airflow/example_dags/example_xcom.py
[2022-12-21 17:04:59,158] {processor.py:651} INFO - DAG(s) dict_keys(['example_xcom']) retrieved from /home/airflow/.local/lib/python3.7/site-packages/airflow/example_dags/example_xcom.py
[2022-12-21 17:04:59,178] {logging_mixin.py:115} INFO - [2022-12-21 17:04:59,178] {dag.py:2371} INFO - Sync 1 DAGs
[2022-12-21 17:04:59,195] {logging_mixin.py:115} INFO - [2022-12-21 17:04:59,194] {dag.py:2919} INFO - Setting next_dagrun for example_xcom to 2021-01-01T00:00:00+00:00, run_after=2021-01-01T00:00:00+00:00
[2022-12-21 17:04:59,205] {processor.py:161} INFO - Processing /home/airflow/.local/lib/python3.7/site-packages/airflow/example_dags/example_xcom.py took 0.066 seconds
[2022-12-21 17:05:29,690] {processor.py:153} INFO - Started process (PID=23376) to work on /home/airflow/.local/lib/python3.7/site-packages/airflow/example_dags/example_xcom.py
[2022-12-21 17:05:29,691] {processor.py:641} INFO - Processing file /home/airflow/.local/lib/python3.7/site-packages/airflow/example_dags/example_xcom.py for tasks to queue
[2022-12-21 17:05:29,691] {logging_mixin.py:115} INFO - [2022-12-21 17:05:29,691] {dagbag.py:507} INFO - Filling up the DagBag from /home/airflow/.local/lib/python3.7/site-packages/airflow/example_dags/example_xcom.py
[2022-12-21 17:05:29,706] {processor.py:651} INFO - DAG(s) dict_keys(['example_xcom']) retrieved from /home/airflow/.local/lib/python3.7/site-packages/airflow/example_dags/example_xcom.py
[2022-12-21 17:05:29,728] {logging_mixin.py:115} INFO - [2022-12-21 17:05:29,728] {dag.py:2371} INFO - Sync 1 DAGs
[2022-12-21 17:05:29,745] {logging_mixin.py:115} INFO - [2022-12-21 17:05:29,745] {dag.py:2919} INFO - Setting next_dagrun for example_xcom to 2021-01-01T00:00:00+00:00, run_after=2021-01-01T00:00:00+00:00
[2022-12-21 17:05:29,756] {processor.py:161} INFO - Processing /home/airflow/.local/lib/python3.7/site-packages/airflow/example_dags/example_xcom.py took 0.069 seconds
[2022-12-21 17:06:00,515] {processor.py:153} INFO - Started process (PID=23441) to work on /home/airflow/.local/lib/python3.7/site-packages/airflow/example_dags/example_xcom.py
[2022-12-21 17:06:00,515] {processor.py:641} INFO - Processing file /home/airflow/.local/lib/python3.7/site-packages/airflow/example_dags/example_xcom.py for tasks to queue
[2022-12-21 17:06:00,516] {logging_mixin.py:115} INFO - [2022-12-21 17:06:00,516] {dagbag.py:507} INFO - Filling up the DagBag from /home/airflow/.local/lib/python3.7/site-packages/airflow/example_dags/example_xcom.py
[2022-12-21 17:06:00,536] {processor.py:651} INFO - DAG(s) dict_keys(['example_xcom']) retrieved from /home/airflow/.local/lib/python3.7/site-packages/airflow/example_dags/example_xcom.py
[2022-12-21 17:06:00,611] {logging_mixin.py:115} INFO - [2022-12-21 17:06:00,610] {dag.py:2371} INFO - Sync 1 DAGs
[2022-12-21 17:06:00,629] {logging_mixin.py:115} INFO - [2022-12-21 17:06:00,629] {dag.py:2919} INFO - Setting next_dagrun for example_xcom to 2021-01-01T00:00:00+00:00, run_after=2021-01-01T00:00:00+00:00
[2022-12-21 17:06:00,642] {processor.py:161} INFO - Processing /home/airflow/.local/lib/python3.7/site-packages/airflow/example_dags/example_xcom.py took 0.130 seconds
[2022-12-21 17:06:31,312] {processor.py:153} INFO - Started process (PID=23500) to work on /home/airflow/.local/lib/python3.7/site-packages/airflow/example_dags/example_xcom.py
[2022-12-21 17:06:31,313] {processor.py:641} INFO - Processing file /home/airflow/.local/lib/python3.7/site-packages/airflow/example_dags/example_xcom.py for tasks to queue
[2022-12-21 17:06:31,313] {logging_mixin.py:115} INFO - [2022-12-21 17:06:31,313] {dagbag.py:507} INFO - Filling up the DagBag from /home/airflow/.local/lib/python3.7/site-packages/airflow/example_dags/example_xcom.py
[2022-12-21 17:06:31,328] {processor.py:651} INFO - DAG(s) dict_keys(['example_xcom']) retrieved from /home/airflow/.local/lib/python3.7/site-packages/airflow/example_dags/example_xcom.py
[2022-12-21 17:06:31,352] {logging_mixin.py:115} INFO - [2022-12-21 17:06:31,352] {dag.py:2371} INFO - Sync 1 DAGs
[2022-12-21 17:06:31,372] {logging_mixin.py:115} INFO - [2022-12-21 17:06:31,372] {dag.py:2919} INFO - Setting next_dagrun for example_xcom to 2021-01-01T00:00:00+00:00, run_after=2021-01-01T00:00:00+00:00
[2022-12-21 17:06:31,384] {processor.py:161} INFO - Processing /home/airflow/.local/lib/python3.7/site-packages/airflow/example_dags/example_xcom.py took 0.075 seconds
[2022-12-21 17:07:01,854] {processor.py:153} INFO - Started process (PID=23567) to work on /home/airflow/.local/lib/python3.7/site-packages/airflow/example_dags/example_xcom.py
[2022-12-21 17:07:01,855] {processor.py:641} INFO - Processing file /home/airflow/.local/lib/python3.7/site-packages/airflow/example_dags/example_xcom.py for tasks to queue
[2022-12-21 17:07:01,855] {logging_mixin.py:115} INFO - [2022-12-21 17:07:01,855] {dagbag.py:507} INFO - Filling up the DagBag from /home/airflow/.local/lib/python3.7/site-packages/airflow/example_dags/example_xcom.py
[2022-12-21 17:07:01,869] {processor.py:651} INFO - DAG(s) dict_keys(['example_xcom']) retrieved from /home/airflow/.local/lib/python3.7/site-packages/airflow/example_dags/example_xcom.py
[2022-12-21 17:07:01,887] {logging_mixin.py:115} INFO - [2022-12-21 17:07:01,886] {dag.py:2371} INFO - Sync 1 DAGs
[2022-12-21 17:07:01,905] {logging_mixin.py:115} INFO - [2022-12-21 17:07:01,904] {dag.py:2919} INFO - Setting next_dagrun for example_xcom to 2021-01-01T00:00:00+00:00, run_after=2021-01-01T00:00:00+00:00
[2022-12-21 17:07:01,914] {processor.py:161} INFO - Processing /home/airflow/.local/lib/python3.7/site-packages/airflow/example_dags/example_xcom.py took 0.063 seconds
[2022-12-21 17:07:32,405] {processor.py:153} INFO - Started process (PID=23632) to work on /home/airflow/.local/lib/python3.7/site-packages/airflow/example_dags/example_xcom.py
[2022-12-21 17:07:32,406] {processor.py:641} INFO - Processing file /home/airflow/.local/lib/python3.7/site-packages/airflow/example_dags/example_xcom.py for tasks to queue
[2022-12-21 17:07:32,406] {logging_mixin.py:115} INFO - [2022-12-21 17:07:32,406] {dagbag.py:507} INFO - Filling up the DagBag from /home/airflow/.local/lib/python3.7/site-packages/airflow/example_dags/example_xcom.py
[2022-12-21 17:07:32,421] {processor.py:651} INFO - DAG(s) dict_keys(['example_xcom']) retrieved from /home/airflow/.local/lib/python3.7/site-packages/airflow/example_dags/example_xcom.py
[2022-12-21 17:07:32,442] {logging_mixin.py:115} INFO - [2022-12-21 17:07:32,442] {dag.py:2371} INFO - Sync 1 DAGs
[2022-12-21 17:07:32,457] {logging_mixin.py:115} INFO - [2022-12-21 17:07:32,457] {dag.py:2919} INFO - Setting next_dagrun for example_xcom to 2021-01-01T00:00:00+00:00, run_after=2021-01-01T00:00:00+00:00
[2022-12-21 17:07:32,466] {processor.py:161} INFO - Processing /home/airflow/.local/lib/python3.7/site-packages/airflow/example_dags/example_xcom.py took 0.064 seconds
[2022-12-21 17:08:02,951] {processor.py:153} INFO - Started process (PID=23689) to work on /home/airflow/.local/lib/python3.7/site-packages/airflow/example_dags/example_xcom.py
[2022-12-21 17:08:02,951] {processor.py:641} INFO - Processing file /home/airflow/.local/lib/python3.7/site-packages/airflow/example_dags/example_xcom.py for tasks to queue
[2022-12-21 17:08:02,952] {logging_mixin.py:115} INFO - [2022-12-21 17:08:02,952] {dagbag.py:507} INFO - Filling up the DagBag from /home/airflow/.local/lib/python3.7/site-packages/airflow/example_dags/example_xcom.py
[2022-12-21 17:08:02,972] {processor.py:651} INFO - DAG(s) dict_keys(['example_xcom']) retrieved from /home/airflow/.local/lib/python3.7/site-packages/airflow/example_dags/example_xcom.py
[2022-12-21 17:08:03,023] {logging_mixin.py:115} INFO - [2022-12-21 17:08:03,023] {dag.py:2371} INFO - Sync 1 DAGs
[2022-12-21 17:08:03,037] {logging_mixin.py:115} INFO - [2022-12-21 17:08:03,037] {dag.py:2919} INFO - Setting next_dagrun for example_xcom to 2021-01-01T00:00:00+00:00, run_after=2021-01-01T00:00:00+00:00
[2022-12-21 17:08:03,050] {processor.py:161} INFO - Processing /home/airflow/.local/lib/python3.7/site-packages/airflow/example_dags/example_xcom.py took 0.102 seconds
[2022-12-21 17:08:33,575] {processor.py:153} INFO - Started process (PID=23756) to work on /home/airflow/.local/lib/python3.7/site-packages/airflow/example_dags/example_xcom.py
[2022-12-21 17:08:33,576] {processor.py:641} INFO - Processing file /home/airflow/.local/lib/python3.7/site-packages/airflow/example_dags/example_xcom.py for tasks to queue
[2022-12-21 17:08:33,576] {logging_mixin.py:115} INFO - [2022-12-21 17:08:33,576] {dagbag.py:507} INFO - Filling up the DagBag from /home/airflow/.local/lib/python3.7/site-packages/airflow/example_dags/example_xcom.py
[2022-12-21 17:08:33,594] {processor.py:651} INFO - DAG(s) dict_keys(['example_xcom']) retrieved from /home/airflow/.local/lib/python3.7/site-packages/airflow/example_dags/example_xcom.py
[2022-12-21 17:08:33,616] {logging_mixin.py:115} INFO - [2022-12-21 17:08:33,616] {dag.py:2371} INFO - Sync 1 DAGs
[2022-12-21 17:08:33,637] {logging_mixin.py:115} INFO - [2022-12-21 17:08:33,637] {dag.py:2919} INFO - Setting next_dagrun for example_xcom to 2021-01-01T00:00:00+00:00, run_after=2021-01-01T00:00:00+00:00
[2022-12-21 17:08:33,648] {processor.py:161} INFO - Processing /home/airflow/.local/lib/python3.7/site-packages/airflow/example_dags/example_xcom.py took 0.077 seconds
[2022-12-21 17:09:04,196] {processor.py:153} INFO - Started process (PID=23822) to work on /home/airflow/.local/lib/python3.7/site-packages/airflow/example_dags/example_xcom.py
[2022-12-21 17:09:04,197] {processor.py:641} INFO - Processing file /home/airflow/.local/lib/python3.7/site-packages/airflow/example_dags/example_xcom.py for tasks to queue
[2022-12-21 17:09:04,198] {logging_mixin.py:115} INFO - [2022-12-21 17:09:04,197] {dagbag.py:507} INFO - Filling up the DagBag from /home/airflow/.local/lib/python3.7/site-packages/airflow/example_dags/example_xcom.py
[2022-12-21 17:09:04,214] {processor.py:651} INFO - DAG(s) dict_keys(['example_xcom']) retrieved from /home/airflow/.local/lib/python3.7/site-packages/airflow/example_dags/example_xcom.py
[2022-12-21 17:09:04,244] {logging_mixin.py:115} INFO - [2022-12-21 17:09:04,244] {dag.py:2371} INFO - Sync 1 DAGs
[2022-12-21 17:09:04,262] {logging_mixin.py:115} INFO - [2022-12-21 17:09:04,261] {dag.py:2919} INFO - Setting next_dagrun for example_xcom to 2021-01-01T00:00:00+00:00, run_after=2021-01-01T00:00:00+00:00
[2022-12-21 17:09:04,272] {processor.py:161} INFO - Processing /home/airflow/.local/lib/python3.7/site-packages/airflow/example_dags/example_xcom.py took 0.079 seconds
[2022-12-21 17:09:34,900] {processor.py:153} INFO - Started process (PID=23889) to work on /home/airflow/.local/lib/python3.7/site-packages/airflow/example_dags/example_xcom.py
[2022-12-21 17:09:34,900] {processor.py:641} INFO - Processing file /home/airflow/.local/lib/python3.7/site-packages/airflow/example_dags/example_xcom.py for tasks to queue
[2022-12-21 17:09:34,900] {logging_mixin.py:115} INFO - [2022-12-21 17:09:34,900] {dagbag.py:507} INFO - Filling up the DagBag from /home/airflow/.local/lib/python3.7/site-packages/airflow/example_dags/example_xcom.py
[2022-12-21 17:09:34,914] {processor.py:651} INFO - DAG(s) dict_keys(['example_xcom']) retrieved from /home/airflow/.local/lib/python3.7/site-packages/airflow/example_dags/example_xcom.py
[2022-12-21 17:09:34,937] {logging_mixin.py:115} INFO - [2022-12-21 17:09:34,937] {dag.py:2371} INFO - Sync 1 DAGs
[2022-12-21 17:09:34,958] {logging_mixin.py:115} INFO - [2022-12-21 17:09:34,958] {dag.py:2919} INFO - Setting next_dagrun for example_xcom to 2021-01-01T00:00:00+00:00, run_after=2021-01-01T00:00:00+00:00
[2022-12-21 17:09:34,967] {processor.py:161} INFO - Processing /home/airflow/.local/lib/python3.7/site-packages/airflow/example_dags/example_xcom.py took 0.070 seconds
[2022-12-21 17:10:05,647] {processor.py:153} INFO - Started process (PID=23947) to work on /home/airflow/.local/lib/python3.7/site-packages/airflow/example_dags/example_xcom.py
[2022-12-21 17:10:05,648] {processor.py:641} INFO - Processing file /home/airflow/.local/lib/python3.7/site-packages/airflow/example_dags/example_xcom.py for tasks to queue
[2022-12-21 17:10:05,648] {logging_mixin.py:115} INFO - [2022-12-21 17:10:05,648] {dagbag.py:507} INFO - Filling up the DagBag from /home/airflow/.local/lib/python3.7/site-packages/airflow/example_dags/example_xcom.py
[2022-12-21 17:10:05,660] {processor.py:651} INFO - DAG(s) dict_keys(['example_xcom']) retrieved from /home/airflow/.local/lib/python3.7/site-packages/airflow/example_dags/example_xcom.py
[2022-12-21 17:10:05,709] {logging_mixin.py:115} INFO - [2022-12-21 17:10:05,709] {dag.py:2371} INFO - Sync 1 DAGs
[2022-12-21 17:10:05,723] {logging_mixin.py:115} INFO - [2022-12-21 17:10:05,723] {dag.py:2919} INFO - Setting next_dagrun for example_xcom to 2021-01-01T00:00:00+00:00, run_after=2021-01-01T00:00:00+00:00
[2022-12-21 17:10:05,734] {processor.py:161} INFO - Processing /home/airflow/.local/lib/python3.7/site-packages/airflow/example_dags/example_xcom.py took 0.089 seconds
[2022-12-21 17:10:36,276] {processor.py:153} INFO - Started process (PID=24013) to work on /home/airflow/.local/lib/python3.7/site-packages/airflow/example_dags/example_xcom.py
[2022-12-21 17:10:36,277] {processor.py:641} INFO - Processing file /home/airflow/.local/lib/python3.7/site-packages/airflow/example_dags/example_xcom.py for tasks to queue
[2022-12-21 17:10:36,277] {logging_mixin.py:115} INFO - [2022-12-21 17:10:36,277] {dagbag.py:507} INFO - Filling up the DagBag from /home/airflow/.local/lib/python3.7/site-packages/airflow/example_dags/example_xcom.py
[2022-12-21 17:10:36,300] {processor.py:651} INFO - DAG(s) dict_keys(['example_xcom']) retrieved from /home/airflow/.local/lib/python3.7/site-packages/airflow/example_dags/example_xcom.py
[2022-12-21 17:10:36,358] {logging_mixin.py:115} INFO - [2022-12-21 17:10:36,358] {dag.py:2371} INFO - Sync 1 DAGs
[2022-12-21 17:10:36,375] {logging_mixin.py:115} INFO - [2022-12-21 17:10:36,375] {dag.py:2919} INFO - Setting next_dagrun for example_xcom to 2021-01-01T00:00:00+00:00, run_after=2021-01-01T00:00:00+00:00
[2022-12-21 17:10:36,386] {processor.py:161} INFO - Processing /home/airflow/.local/lib/python3.7/site-packages/airflow/example_dags/example_xcom.py took 0.114 seconds
[2022-12-21 17:11:06,831] {processor.py:153} INFO - Started process (PID=24079) to work on /home/airflow/.local/lib/python3.7/site-packages/airflow/example_dags/example_xcom.py
[2022-12-21 17:11:06,832] {processor.py:641} INFO - Processing file /home/airflow/.local/lib/python3.7/site-packages/airflow/example_dags/example_xcom.py for tasks to queue
[2022-12-21 17:11:06,832] {logging_mixin.py:115} INFO - [2022-12-21 17:11:06,832] {dagbag.py:507} INFO - Filling up the DagBag from /home/airflow/.local/lib/python3.7/site-packages/airflow/example_dags/example_xcom.py
[2022-12-21 17:11:06,846] {processor.py:651} INFO - DAG(s) dict_keys(['example_xcom']) retrieved from /home/airflow/.local/lib/python3.7/site-packages/airflow/example_dags/example_xcom.py
[2022-12-21 17:11:06,866] {logging_mixin.py:115} INFO - [2022-12-21 17:11:06,866] {dag.py:2371} INFO - Sync 1 DAGs
[2022-12-21 17:11:06,886] {logging_mixin.py:115} INFO - [2022-12-21 17:11:06,886] {dag.py:2919} INFO - Setting next_dagrun for example_xcom to 2021-01-01T00:00:00+00:00, run_after=2021-01-01T00:00:00+00:00
[2022-12-21 17:11:06,895] {processor.py:161} INFO - Processing /home/airflow/.local/lib/python3.7/site-packages/airflow/example_dags/example_xcom.py took 0.067 seconds
[2022-12-21 17:11:37,386] {processor.py:153} INFO - Started process (PID=24145) to work on /home/airflow/.local/lib/python3.7/site-packages/airflow/example_dags/example_xcom.py
[2022-12-21 17:11:37,387] {processor.py:641} INFO - Processing file /home/airflow/.local/lib/python3.7/site-packages/airflow/example_dags/example_xcom.py for tasks to queue
[2022-12-21 17:11:37,388] {logging_mixin.py:115} INFO - [2022-12-21 17:11:37,388] {dagbag.py:507} INFO - Filling up the DagBag from /home/airflow/.local/lib/python3.7/site-packages/airflow/example_dags/example_xcom.py
[2022-12-21 17:11:37,403] {processor.py:651} INFO - DAG(s) dict_keys(['example_xcom']) retrieved from /home/airflow/.local/lib/python3.7/site-packages/airflow/example_dags/example_xcom.py
[2022-12-21 17:11:37,455] {logging_mixin.py:115} INFO - [2022-12-21 17:11:37,455] {dag.py:2371} INFO - Sync 1 DAGs
[2022-12-21 17:11:37,469] {logging_mixin.py:115} INFO - [2022-12-21 17:11:37,469] {dag.py:2919} INFO - Setting next_dagrun for example_xcom to 2021-01-01T00:00:00+00:00, run_after=2021-01-01T00:00:00+00:00
[2022-12-21 17:11:37,480] {processor.py:161} INFO - Processing /home/airflow/.local/lib/python3.7/site-packages/airflow/example_dags/example_xcom.py took 0.096 seconds
[2022-12-21 17:12:08,100] {processor.py:153} INFO - Started process (PID=24202) to work on /home/airflow/.local/lib/python3.7/site-packages/airflow/example_dags/example_xcom.py
[2022-12-21 17:12:08,101] {processor.py:641} INFO - Processing file /home/airflow/.local/lib/python3.7/site-packages/airflow/example_dags/example_xcom.py for tasks to queue
[2022-12-21 17:12:08,101] {logging_mixin.py:115} INFO - [2022-12-21 17:12:08,101] {dagbag.py:507} INFO - Filling up the DagBag from /home/airflow/.local/lib/python3.7/site-packages/airflow/example_dags/example_xcom.py
[2022-12-21 17:12:08,116] {processor.py:651} INFO - DAG(s) dict_keys(['example_xcom']) retrieved from /home/airflow/.local/lib/python3.7/site-packages/airflow/example_dags/example_xcom.py
[2022-12-21 17:12:08,167] {logging_mixin.py:115} INFO - [2022-12-21 17:12:08,167] {dag.py:2371} INFO - Sync 1 DAGs
[2022-12-21 17:12:08,180] {logging_mixin.py:115} INFO - [2022-12-21 17:12:08,180] {dag.py:2919} INFO - Setting next_dagrun for example_xcom to 2021-01-01T00:00:00+00:00, run_after=2021-01-01T00:00:00+00:00
[2022-12-21 17:12:08,190] {processor.py:161} INFO - Processing /home/airflow/.local/lib/python3.7/site-packages/airflow/example_dags/example_xcom.py took 0.093 seconds
[2022-12-21 17:12:38,638] {processor.py:153} INFO - Started process (PID=24269) to work on /home/airflow/.local/lib/python3.7/site-packages/airflow/example_dags/example_xcom.py
[2022-12-21 17:12:38,638] {processor.py:641} INFO - Processing file /home/airflow/.local/lib/python3.7/site-packages/airflow/example_dags/example_xcom.py for tasks to queue
[2022-12-21 17:12:38,639] {logging_mixin.py:115} INFO - [2022-12-21 17:12:38,639] {dagbag.py:507} INFO - Filling up the DagBag from /home/airflow/.local/lib/python3.7/site-packages/airflow/example_dags/example_xcom.py
[2022-12-21 17:12:38,653] {processor.py:651} INFO - DAG(s) dict_keys(['example_xcom']) retrieved from /home/airflow/.local/lib/python3.7/site-packages/airflow/example_dags/example_xcom.py
[2022-12-21 17:12:38,707] {logging_mixin.py:115} INFO - [2022-12-21 17:12:38,707] {dag.py:2371} INFO - Sync 1 DAGs
[2022-12-21 17:12:38,722] {logging_mixin.py:115} INFO - [2022-12-21 17:12:38,722] {dag.py:2919} INFO - Setting next_dagrun for example_xcom to 2021-01-01T00:00:00+00:00, run_after=2021-01-01T00:00:00+00:00
[2022-12-21 17:12:38,733] {processor.py:161} INFO - Processing /home/airflow/.local/lib/python3.7/site-packages/airflow/example_dags/example_xcom.py took 0.097 seconds
[2022-12-21 17:13:09,106] {processor.py:153} INFO - Started process (PID=24334) to work on /home/airflow/.local/lib/python3.7/site-packages/airflow/example_dags/example_xcom.py
[2022-12-21 17:13:09,107] {processor.py:641} INFO - Processing file /home/airflow/.local/lib/python3.7/site-packages/airflow/example_dags/example_xcom.py for tasks to queue
[2022-12-21 17:13:09,107] {logging_mixin.py:115} INFO - [2022-12-21 17:13:09,107] {dagbag.py:507} INFO - Filling up the DagBag from /home/airflow/.local/lib/python3.7/site-packages/airflow/example_dags/example_xcom.py
[2022-12-21 17:13:09,123] {processor.py:651} INFO - DAG(s) dict_keys(['example_xcom']) retrieved from /home/airflow/.local/lib/python3.7/site-packages/airflow/example_dags/example_xcom.py
[2022-12-21 17:13:09,141] {logging_mixin.py:115} INFO - [2022-12-21 17:13:09,140] {dag.py:2371} INFO - Sync 1 DAGs
[2022-12-21 17:13:09,159] {logging_mixin.py:115} INFO - [2022-12-21 17:13:09,159] {dag.py:2919} INFO - Setting next_dagrun for example_xcom to 2021-01-01T00:00:00+00:00, run_after=2021-01-01T00:00:00+00:00
[2022-12-21 17:13:09,169] {processor.py:161} INFO - Processing /home/airflow/.local/lib/python3.7/site-packages/airflow/example_dags/example_xcom.py took 0.066 seconds
[2022-12-21 17:13:39,665] {processor.py:153} INFO - Started process (PID=24400) to work on /home/airflow/.local/lib/python3.7/site-packages/airflow/example_dags/example_xcom.py
[2022-12-21 17:13:39,666] {processor.py:641} INFO - Processing file /home/airflow/.local/lib/python3.7/site-packages/airflow/example_dags/example_xcom.py for tasks to queue
[2022-12-21 17:13:39,667] {logging_mixin.py:115} INFO - [2022-12-21 17:13:39,667] {dagbag.py:507} INFO - Filling up the DagBag from /home/airflow/.local/lib/python3.7/site-packages/airflow/example_dags/example_xcom.py
[2022-12-21 17:13:39,683] {processor.py:651} INFO - DAG(s) dict_keys(['example_xcom']) retrieved from /home/airflow/.local/lib/python3.7/site-packages/airflow/example_dags/example_xcom.py
[2022-12-21 17:13:39,706] {logging_mixin.py:115} INFO - [2022-12-21 17:13:39,706] {dag.py:2371} INFO - Sync 1 DAGs
[2022-12-21 17:13:39,724] {logging_mixin.py:115} INFO - [2022-12-21 17:13:39,724] {dag.py:2919} INFO - Setting next_dagrun for example_xcom to 2021-01-01T00:00:00+00:00, run_after=2021-01-01T00:00:00+00:00
[2022-12-21 17:13:39,734] {processor.py:161} INFO - Processing /home/airflow/.local/lib/python3.7/site-packages/airflow/example_dags/example_xcom.py took 0.071 seconds
[2022-12-21 17:14:10,276] {processor.py:153} INFO - Started process (PID=24457) to work on /home/airflow/.local/lib/python3.7/site-packages/airflow/example_dags/example_xcom.py
[2022-12-21 17:14:10,277] {processor.py:641} INFO - Processing file /home/airflow/.local/lib/python3.7/site-packages/airflow/example_dags/example_xcom.py for tasks to queue
[2022-12-21 17:14:10,277] {logging_mixin.py:115} INFO - [2022-12-21 17:14:10,277] {dagbag.py:507} INFO - Filling up the DagBag from /home/airflow/.local/lib/python3.7/site-packages/airflow/example_dags/example_xcom.py
[2022-12-21 17:14:10,292] {processor.py:651} INFO - DAG(s) dict_keys(['example_xcom']) retrieved from /home/airflow/.local/lib/python3.7/site-packages/airflow/example_dags/example_xcom.py
[2022-12-21 17:14:10,346] {logging_mixin.py:115} INFO - [2022-12-21 17:14:10,346] {dag.py:2371} INFO - Sync 1 DAGs
[2022-12-21 17:14:10,360] {logging_mixin.py:115} INFO - [2022-12-21 17:14:10,360] {dag.py:2919} INFO - Setting next_dagrun for example_xcom to 2021-01-01T00:00:00+00:00, run_after=2021-01-01T00:00:00+00:00
[2022-12-21 17:14:10,373] {processor.py:161} INFO - Processing /home/airflow/.local/lib/python3.7/site-packages/airflow/example_dags/example_xcom.py took 0.099 seconds
[2022-12-21 17:14:41,056] {processor.py:153} INFO - Started process (PID=24523) to work on /home/airflow/.local/lib/python3.7/site-packages/airflow/example_dags/example_xcom.py
[2022-12-21 17:14:41,057] {processor.py:641} INFO - Processing file /home/airflow/.local/lib/python3.7/site-packages/airflow/example_dags/example_xcom.py for tasks to queue
[2022-12-21 17:14:41,057] {logging_mixin.py:115} INFO - [2022-12-21 17:14:41,057] {dagbag.py:507} INFO - Filling up the DagBag from /home/airflow/.local/lib/python3.7/site-packages/airflow/example_dags/example_xcom.py
[2022-12-21 17:14:41,072] {processor.py:651} INFO - DAG(s) dict_keys(['example_xcom']) retrieved from /home/airflow/.local/lib/python3.7/site-packages/airflow/example_dags/example_xcom.py
[2022-12-21 17:14:41,130] {logging_mixin.py:115} INFO - [2022-12-21 17:14:41,129] {dag.py:2371} INFO - Sync 1 DAGs
[2022-12-21 17:14:41,146] {logging_mixin.py:115} INFO - [2022-12-21 17:14:41,145] {dag.py:2919} INFO - Setting next_dagrun for example_xcom to 2021-01-01T00:00:00+00:00, run_after=2021-01-01T00:00:00+00:00
[2022-12-21 17:14:41,160] {processor.py:161} INFO - Processing /home/airflow/.local/lib/python3.7/site-packages/airflow/example_dags/example_xcom.py took 0.106 seconds
[2022-12-21 17:15:11,760] {processor.py:153} INFO - Started process (PID=24589) to work on /home/airflow/.local/lib/python3.7/site-packages/airflow/example_dags/example_xcom.py
[2022-12-21 17:15:11,761] {processor.py:641} INFO - Processing file /home/airflow/.local/lib/python3.7/site-packages/airflow/example_dags/example_xcom.py for tasks to queue
[2022-12-21 17:15:11,762] {logging_mixin.py:115} INFO - [2022-12-21 17:15:11,762] {dagbag.py:507} INFO - Filling up the DagBag from /home/airflow/.local/lib/python3.7/site-packages/airflow/example_dags/example_xcom.py
[2022-12-21 17:15:11,778] {processor.py:651} INFO - DAG(s) dict_keys(['example_xcom']) retrieved from /home/airflow/.local/lib/python3.7/site-packages/airflow/example_dags/example_xcom.py
[2022-12-21 17:15:11,828] {logging_mixin.py:115} INFO - [2022-12-21 17:15:11,828] {dag.py:2371} INFO - Sync 1 DAGs
[2022-12-21 17:15:11,843] {logging_mixin.py:115} INFO - [2022-12-21 17:15:11,843] {dag.py:2919} INFO - Setting next_dagrun for example_xcom to 2021-01-01T00:00:00+00:00, run_after=2021-01-01T00:00:00+00:00
[2022-12-21 17:15:11,853] {processor.py:161} INFO - Processing /home/airflow/.local/lib/python3.7/site-packages/airflow/example_dags/example_xcom.py took 0.096 seconds
[2022-12-21 17:15:42,308] {processor.py:153} INFO - Started process (PID=24655) to work on /home/airflow/.local/lib/python3.7/site-packages/airflow/example_dags/example_xcom.py
[2022-12-21 17:15:42,309] {processor.py:641} INFO - Processing file /home/airflow/.local/lib/python3.7/site-packages/airflow/example_dags/example_xcom.py for tasks to queue
[2022-12-21 17:15:42,309] {logging_mixin.py:115} INFO - [2022-12-21 17:15:42,309] {dagbag.py:507} INFO - Filling up the DagBag from /home/airflow/.local/lib/python3.7/site-packages/airflow/example_dags/example_xcom.py
[2022-12-21 17:15:42,324] {processor.py:651} INFO - DAG(s) dict_keys(['example_xcom']) retrieved from /home/airflow/.local/lib/python3.7/site-packages/airflow/example_dags/example_xcom.py
[2022-12-21 17:15:42,383] {logging_mixin.py:115} INFO - [2022-12-21 17:15:42,383] {dag.py:2371} INFO - Sync 1 DAGs
[2022-12-21 17:15:42,399] {logging_mixin.py:115} INFO - [2022-12-21 17:15:42,399] {dag.py:2919} INFO - Setting next_dagrun for example_xcom to 2021-01-01T00:00:00+00:00, run_after=2021-01-01T00:00:00+00:00
[2022-12-21 17:15:42,409] {processor.py:161} INFO - Processing /home/airflow/.local/lib/python3.7/site-packages/airflow/example_dags/example_xcom.py took 0.104 seconds
[2022-12-21 17:16:13,016] {processor.py:153} INFO - Started process (PID=24711) to work on /home/airflow/.local/lib/python3.7/site-packages/airflow/example_dags/example_xcom.py
[2022-12-21 17:16:13,017] {processor.py:641} INFO - Processing file /home/airflow/.local/lib/python3.7/site-packages/airflow/example_dags/example_xcom.py for tasks to queue
[2022-12-21 17:16:13,017] {logging_mixin.py:115} INFO - [2022-12-21 17:16:13,017] {dagbag.py:507} INFO - Filling up the DagBag from /home/airflow/.local/lib/python3.7/site-packages/airflow/example_dags/example_xcom.py
[2022-12-21 17:16:13,032] {processor.py:651} INFO - DAG(s) dict_keys(['example_xcom']) retrieved from /home/airflow/.local/lib/python3.7/site-packages/airflow/example_dags/example_xcom.py
[2022-12-21 17:16:13,083] {logging_mixin.py:115} INFO - [2022-12-21 17:16:13,083] {dag.py:2371} INFO - Sync 1 DAGs
[2022-12-21 17:16:13,098] {logging_mixin.py:115} INFO - [2022-12-21 17:16:13,098] {dag.py:2919} INFO - Setting next_dagrun for example_xcom to 2021-01-01T00:00:00+00:00, run_after=2021-01-01T00:00:00+00:00
[2022-12-21 17:16:13,109] {processor.py:161} INFO - Processing /home/airflow/.local/lib/python3.7/site-packages/airflow/example_dags/example_xcom.py took 0.095 seconds
[2022-12-21 17:16:43,727] {processor.py:153} INFO - Started process (PID=24779) to work on /home/airflow/.local/lib/python3.7/site-packages/airflow/example_dags/example_xcom.py
[2022-12-21 17:16:43,728] {processor.py:641} INFO - Processing file /home/airflow/.local/lib/python3.7/site-packages/airflow/example_dags/example_xcom.py for tasks to queue
[2022-12-21 17:16:43,729] {logging_mixin.py:115} INFO - [2022-12-21 17:16:43,729] {dagbag.py:507} INFO - Filling up the DagBag from /home/airflow/.local/lib/python3.7/site-packages/airflow/example_dags/example_xcom.py
[2022-12-21 17:16:43,748] {processor.py:651} INFO - DAG(s) dict_keys(['example_xcom']) retrieved from /home/airflow/.local/lib/python3.7/site-packages/airflow/example_dags/example_xcom.py
[2022-12-21 17:16:43,799] {logging_mixin.py:115} INFO - [2022-12-21 17:16:43,799] {dag.py:2371} INFO - Sync 1 DAGs
[2022-12-21 17:16:43,814] {logging_mixin.py:115} INFO - [2022-12-21 17:16:43,814] {dag.py:2919} INFO - Setting next_dagrun for example_xcom to 2021-01-01T00:00:00+00:00, run_after=2021-01-01T00:00:00+00:00
[2022-12-21 17:16:43,826] {processor.py:161} INFO - Processing /home/airflow/.local/lib/python3.7/site-packages/airflow/example_dags/example_xcom.py took 0.102 seconds
[2022-12-21 17:17:14,333] {processor.py:153} INFO - Started process (PID=24844) to work on /home/airflow/.local/lib/python3.7/site-packages/airflow/example_dags/example_xcom.py
[2022-12-21 17:17:14,334] {processor.py:641} INFO - Processing file /home/airflow/.local/lib/python3.7/site-packages/airflow/example_dags/example_xcom.py for tasks to queue
[2022-12-21 17:17:14,335] {logging_mixin.py:115} INFO - [2022-12-21 17:17:14,335] {dagbag.py:507} INFO - Filling up the DagBag from /home/airflow/.local/lib/python3.7/site-packages/airflow/example_dags/example_xcom.py
[2022-12-21 17:17:14,353] {processor.py:651} INFO - DAG(s) dict_keys(['example_xcom']) retrieved from /home/airflow/.local/lib/python3.7/site-packages/airflow/example_dags/example_xcom.py
[2022-12-21 17:17:14,376] {logging_mixin.py:115} INFO - [2022-12-21 17:17:14,376] {dag.py:2371} INFO - Sync 1 DAGs
[2022-12-21 17:17:14,396] {logging_mixin.py:115} INFO - [2022-12-21 17:17:14,395] {dag.py:2919} INFO - Setting next_dagrun for example_xcom to 2021-01-01T00:00:00+00:00, run_after=2021-01-01T00:00:00+00:00
[2022-12-21 17:17:14,406] {processor.py:161} INFO - Processing /home/airflow/.local/lib/python3.7/site-packages/airflow/example_dags/example_xcom.py took 0.076 seconds
[2022-12-21 17:17:44,969] {processor.py:153} INFO - Started process (PID=24911) to work on /home/airflow/.local/lib/python3.7/site-packages/airflow/example_dags/example_xcom.py
[2022-12-21 17:17:44,969] {processor.py:641} INFO - Processing file /home/airflow/.local/lib/python3.7/site-packages/airflow/example_dags/example_xcom.py for tasks to queue
[2022-12-21 17:17:44,970] {logging_mixin.py:115} INFO - [2022-12-21 17:17:44,970] {dagbag.py:507} INFO - Filling up the DagBag from /home/airflow/.local/lib/python3.7/site-packages/airflow/example_dags/example_xcom.py
[2022-12-21 17:17:44,991] {processor.py:651} INFO - DAG(s) dict_keys(['example_xcom']) retrieved from /home/airflow/.local/lib/python3.7/site-packages/airflow/example_dags/example_xcom.py
[2022-12-21 17:17:45,048] {logging_mixin.py:115} INFO - [2022-12-21 17:17:45,047] {dag.py:2371} INFO - Sync 1 DAGs
[2022-12-21 17:17:45,063] {logging_mixin.py:115} INFO - [2022-12-21 17:17:45,063] {dag.py:2919} INFO - Setting next_dagrun for example_xcom to 2021-01-01T00:00:00+00:00, run_after=2021-01-01T00:00:00+00:00
[2022-12-21 17:17:45,075] {processor.py:161} INFO - Processing /home/airflow/.local/lib/python3.7/site-packages/airflow/example_dags/example_xcom.py took 0.109 seconds
[2022-12-21 17:18:15,686] {processor.py:153} INFO - Started process (PID=24969) to work on /home/airflow/.local/lib/python3.7/site-packages/airflow/example_dags/example_xcom.py
[2022-12-21 17:18:15,687] {processor.py:641} INFO - Processing file /home/airflow/.local/lib/python3.7/site-packages/airflow/example_dags/example_xcom.py for tasks to queue
[2022-12-21 17:18:15,688] {logging_mixin.py:115} INFO - [2022-12-21 17:18:15,688] {dagbag.py:507} INFO - Filling up the DagBag from /home/airflow/.local/lib/python3.7/site-packages/airflow/example_dags/example_xcom.py
[2022-12-21 17:18:15,702] {processor.py:651} INFO - DAG(s) dict_keys(['example_xcom']) retrieved from /home/airflow/.local/lib/python3.7/site-packages/airflow/example_dags/example_xcom.py
[2022-12-21 17:18:15,728] {logging_mixin.py:115} INFO - [2022-12-21 17:18:15,728] {dag.py:2371} INFO - Sync 1 DAGs
[2022-12-21 17:18:15,748] {logging_mixin.py:115} INFO - [2022-12-21 17:18:15,748] {dag.py:2919} INFO - Setting next_dagrun for example_xcom to 2021-01-01T00:00:00+00:00, run_after=2021-01-01T00:00:00+00:00
[2022-12-21 17:18:15,764] {processor.py:161} INFO - Processing /home/airflow/.local/lib/python3.7/site-packages/airflow/example_dags/example_xcom.py took 0.081 seconds
[2022-12-21 17:18:46,417] {processor.py:153} INFO - Started process (PID=25036) to work on /home/airflow/.local/lib/python3.7/site-packages/airflow/example_dags/example_xcom.py
[2022-12-21 17:18:46,418] {processor.py:641} INFO - Processing file /home/airflow/.local/lib/python3.7/site-packages/airflow/example_dags/example_xcom.py for tasks to queue
[2022-12-21 17:18:46,418] {logging_mixin.py:115} INFO - [2022-12-21 17:18:46,418] {dagbag.py:507} INFO - Filling up the DagBag from /home/airflow/.local/lib/python3.7/site-packages/airflow/example_dags/example_xcom.py
[2022-12-21 17:18:46,431] {processor.py:651} INFO - DAG(s) dict_keys(['example_xcom']) retrieved from /home/airflow/.local/lib/python3.7/site-packages/airflow/example_dags/example_xcom.py
[2022-12-21 17:18:46,485] {logging_mixin.py:115} INFO - [2022-12-21 17:18:46,485] {dag.py:2371} INFO - Sync 1 DAGs
[2022-12-21 17:18:46,500] {logging_mixin.py:115} INFO - [2022-12-21 17:18:46,500] {dag.py:2919} INFO - Setting next_dagrun for example_xcom to 2021-01-01T00:00:00+00:00, run_after=2021-01-01T00:00:00+00:00
[2022-12-21 17:18:46,512] {processor.py:161} INFO - Processing /home/airflow/.local/lib/python3.7/site-packages/airflow/example_dags/example_xcom.py took 0.097 seconds
[2022-12-21 17:19:17,098] {processor.py:153} INFO - Started process (PID=25103) to work on /home/airflow/.local/lib/python3.7/site-packages/airflow/example_dags/example_xcom.py
[2022-12-21 17:19:17,099] {processor.py:641} INFO - Processing file /home/airflow/.local/lib/python3.7/site-packages/airflow/example_dags/example_xcom.py for tasks to queue
[2022-12-21 17:19:17,100] {logging_mixin.py:115} INFO - [2022-12-21 17:19:17,100] {dagbag.py:507} INFO - Filling up the DagBag from /home/airflow/.local/lib/python3.7/site-packages/airflow/example_dags/example_xcom.py
[2022-12-21 17:19:17,117] {processor.py:651} INFO - DAG(s) dict_keys(['example_xcom']) retrieved from /home/airflow/.local/lib/python3.7/site-packages/airflow/example_dags/example_xcom.py
[2022-12-21 17:19:17,138] {logging_mixin.py:115} INFO - [2022-12-21 17:19:17,138] {dag.py:2371} INFO - Sync 1 DAGs
[2022-12-21 17:19:17,157] {logging_mixin.py:115} INFO - [2022-12-21 17:19:17,157] {dag.py:2919} INFO - Setting next_dagrun for example_xcom to 2021-01-01T00:00:00+00:00, run_after=2021-01-01T00:00:00+00:00
[2022-12-21 17:19:17,166] {processor.py:161} INFO - Processing /home/airflow/.local/lib/python3.7/site-packages/airflow/example_dags/example_xcom.py took 0.070 seconds
[2022-12-21 17:19:47,780] {processor.py:153} INFO - Started process (PID=25169) to work on /home/airflow/.local/lib/python3.7/site-packages/airflow/example_dags/example_xcom.py
[2022-12-21 17:19:47,781] {processor.py:641} INFO - Processing file /home/airflow/.local/lib/python3.7/site-packages/airflow/example_dags/example_xcom.py for tasks to queue
[2022-12-21 17:19:47,781] {logging_mixin.py:115} INFO - [2022-12-21 17:19:47,781] {dagbag.py:507} INFO - Filling up the DagBag from /home/airflow/.local/lib/python3.7/site-packages/airflow/example_dags/example_xcom.py
[2022-12-21 17:19:47,796] {processor.py:651} INFO - DAG(s) dict_keys(['example_xcom']) retrieved from /home/airflow/.local/lib/python3.7/site-packages/airflow/example_dags/example_xcom.py
[2022-12-21 17:19:47,849] {logging_mixin.py:115} INFO - [2022-12-21 17:19:47,848] {dag.py:2371} INFO - Sync 1 DAGs
[2022-12-21 17:19:47,863] {logging_mixin.py:115} INFO - [2022-12-21 17:19:47,863] {dag.py:2919} INFO - Setting next_dagrun for example_xcom to 2021-01-01T00:00:00+00:00, run_after=2021-01-01T00:00:00+00:00
[2022-12-21 17:19:47,875] {processor.py:161} INFO - Processing /home/airflow/.local/lib/python3.7/site-packages/airflow/example_dags/example_xcom.py took 0.098 seconds
[2022-12-21 17:20:18,449] {processor.py:153} INFO - Started process (PID=25230) to work on /home/airflow/.local/lib/python3.7/site-packages/airflow/example_dags/example_xcom.py
[2022-12-21 17:20:18,449] {processor.py:641} INFO - Processing file /home/airflow/.local/lib/python3.7/site-packages/airflow/example_dags/example_xcom.py for tasks to queue
[2022-12-21 17:20:18,449] {logging_mixin.py:115} INFO - [2022-12-21 17:20:18,449] {dagbag.py:507} INFO - Filling up the DagBag from /home/airflow/.local/lib/python3.7/site-packages/airflow/example_dags/example_xcom.py
[2022-12-21 17:20:18,462] {processor.py:651} INFO - DAG(s) dict_keys(['example_xcom']) retrieved from /home/airflow/.local/lib/python3.7/site-packages/airflow/example_dags/example_xcom.py
[2022-12-21 17:20:18,512] {logging_mixin.py:115} INFO - [2022-12-21 17:20:18,512] {dag.py:2371} INFO - Sync 1 DAGs
[2022-12-21 17:20:18,526] {logging_mixin.py:115} INFO - [2022-12-21 17:20:18,526] {dag.py:2919} INFO - Setting next_dagrun for example_xcom to 2021-01-01T00:00:00+00:00, run_after=2021-01-01T00:00:00+00:00
[2022-12-21 17:20:18,536] {processor.py:161} INFO - Processing /home/airflow/.local/lib/python3.7/site-packages/airflow/example_dags/example_xcom.py took 0.089 seconds
[2022-12-21 17:20:49,175] {processor.py:153} INFO - Started process (PID=25297) to work on /home/airflow/.local/lib/python3.7/site-packages/airflow/example_dags/example_xcom.py
[2022-12-21 17:20:49,175] {processor.py:641} INFO - Processing file /home/airflow/.local/lib/python3.7/site-packages/airflow/example_dags/example_xcom.py for tasks to queue
[2022-12-21 17:20:49,176] {logging_mixin.py:115} INFO - [2022-12-21 17:20:49,176] {dagbag.py:507} INFO - Filling up the DagBag from /home/airflow/.local/lib/python3.7/site-packages/airflow/example_dags/example_xcom.py
[2022-12-21 17:20:49,191] {processor.py:651} INFO - DAG(s) dict_keys(['example_xcom']) retrieved from /home/airflow/.local/lib/python3.7/site-packages/airflow/example_dags/example_xcom.py
[2022-12-21 17:20:49,246] {logging_mixin.py:115} INFO - [2022-12-21 17:20:49,246] {dag.py:2371} INFO - Sync 1 DAGs
[2022-12-21 17:20:49,262] {logging_mixin.py:115} INFO - [2022-12-21 17:20:49,262] {dag.py:2919} INFO - Setting next_dagrun for example_xcom to 2021-01-01T00:00:00+00:00, run_after=2021-01-01T00:00:00+00:00
[2022-12-21 17:20:49,274] {processor.py:161} INFO - Processing /home/airflow/.local/lib/python3.7/site-packages/airflow/example_dags/example_xcom.py took 0.102 seconds
[2022-12-21 17:21:19,856] {processor.py:153} INFO - Started process (PID=25363) to work on /home/airflow/.local/lib/python3.7/site-packages/airflow/example_dags/example_xcom.py
[2022-12-21 17:21:19,857] {processor.py:641} INFO - Processing file /home/airflow/.local/lib/python3.7/site-packages/airflow/example_dags/example_xcom.py for tasks to queue
[2022-12-21 17:21:19,857] {logging_mixin.py:115} INFO - [2022-12-21 17:21:19,857] {dagbag.py:507} INFO - Filling up the DagBag from /home/airflow/.local/lib/python3.7/site-packages/airflow/example_dags/example_xcom.py
[2022-12-21 17:21:19,871] {processor.py:651} INFO - DAG(s) dict_keys(['example_xcom']) retrieved from /home/airflow/.local/lib/python3.7/site-packages/airflow/example_dags/example_xcom.py
[2022-12-21 17:21:19,920] {logging_mixin.py:115} INFO - [2022-12-21 17:21:19,920] {dag.py:2371} INFO - Sync 1 DAGs
[2022-12-21 17:21:19,935] {logging_mixin.py:115} INFO - [2022-12-21 17:21:19,935] {dag.py:2919} INFO - Setting next_dagrun for example_xcom to 2021-01-01T00:00:00+00:00, run_after=2021-01-01T00:00:00+00:00
[2022-12-21 17:21:19,948] {processor.py:161} INFO - Processing /home/airflow/.local/lib/python3.7/site-packages/airflow/example_dags/example_xcom.py took 0.094 seconds
[2022-12-21 17:21:50,395] {processor.py:153} INFO - Started process (PID=25420) to work on /home/airflow/.local/lib/python3.7/site-packages/airflow/example_dags/example_xcom.py
[2022-12-21 17:21:50,395] {processor.py:641} INFO - Processing file /home/airflow/.local/lib/python3.7/site-packages/airflow/example_dags/example_xcom.py for tasks to queue
[2022-12-21 17:21:50,396] {logging_mixin.py:115} INFO - [2022-12-21 17:21:50,396] {dagbag.py:507} INFO - Filling up the DagBag from /home/airflow/.local/lib/python3.7/site-packages/airflow/example_dags/example_xcom.py
[2022-12-21 17:21:50,410] {processor.py:651} INFO - DAG(s) dict_keys(['example_xcom']) retrieved from /home/airflow/.local/lib/python3.7/site-packages/airflow/example_dags/example_xcom.py
[2022-12-21 17:21:50,429] {logging_mixin.py:115} INFO - [2022-12-21 17:21:50,429] {dag.py:2371} INFO - Sync 1 DAGs
[2022-12-21 17:21:50,449] {logging_mixin.py:115} INFO - [2022-12-21 17:21:50,449] {dag.py:2919} INFO - Setting next_dagrun for example_xcom to 2021-01-01T00:00:00+00:00, run_after=2021-01-01T00:00:00+00:00
[2022-12-21 17:21:50,460] {processor.py:161} INFO - Processing /home/airflow/.local/lib/python3.7/site-packages/airflow/example_dags/example_xcom.py took 0.068 seconds
[2022-12-21 17:22:20,838] {processor.py:153} INFO - Started process (PID=25487) to work on /home/airflow/.local/lib/python3.7/site-packages/airflow/example_dags/example_xcom.py
[2022-12-21 17:22:20,839] {processor.py:641} INFO - Processing file /home/airflow/.local/lib/python3.7/site-packages/airflow/example_dags/example_xcom.py for tasks to queue
[2022-12-21 17:22:20,839] {logging_mixin.py:115} INFO - [2022-12-21 17:22:20,839] {dagbag.py:507} INFO - Filling up the DagBag from /home/airflow/.local/lib/python3.7/site-packages/airflow/example_dags/example_xcom.py
[2022-12-21 17:22:20,853] {processor.py:651} INFO - DAG(s) dict_keys(['example_xcom']) retrieved from /home/airflow/.local/lib/python3.7/site-packages/airflow/example_dags/example_xcom.py
[2022-12-21 17:22:20,908] {logging_mixin.py:115} INFO - [2022-12-21 17:22:20,908] {dag.py:2371} INFO - Sync 1 DAGs
[2022-12-21 17:22:20,924] {logging_mixin.py:115} INFO - [2022-12-21 17:22:20,924] {dag.py:2919} INFO - Setting next_dagrun for example_xcom to 2021-01-01T00:00:00+00:00, run_after=2021-01-01T00:00:00+00:00
[2022-12-21 17:22:20,936] {processor.py:161} INFO - Processing /home/airflow/.local/lib/python3.7/site-packages/airflow/example_dags/example_xcom.py took 0.101 seconds
[2022-12-21 17:22:51,650] {processor.py:153} INFO - Started process (PID=25554) to work on /home/airflow/.local/lib/python3.7/site-packages/airflow/example_dags/example_xcom.py
[2022-12-21 17:22:51,651] {processor.py:641} INFO - Processing file /home/airflow/.local/lib/python3.7/site-packages/airflow/example_dags/example_xcom.py for tasks to queue
[2022-12-21 17:22:51,651] {logging_mixin.py:115} INFO - [2022-12-21 17:22:51,651] {dagbag.py:507} INFO - Filling up the DagBag from /home/airflow/.local/lib/python3.7/site-packages/airflow/example_dags/example_xcom.py
[2022-12-21 17:22:51,668] {processor.py:651} INFO - DAG(s) dict_keys(['example_xcom']) retrieved from /home/airflow/.local/lib/python3.7/site-packages/airflow/example_dags/example_xcom.py
[2022-12-21 17:22:51,723] {logging_mixin.py:115} INFO - [2022-12-21 17:22:51,723] {dag.py:2371} INFO - Sync 1 DAGs
[2022-12-21 17:22:51,742] {logging_mixin.py:115} INFO - [2022-12-21 17:22:51,742] {dag.py:2919} INFO - Setting next_dagrun for example_xcom to 2021-01-01T00:00:00+00:00, run_after=2021-01-01T00:00:00+00:00
[2022-12-21 17:22:51,755] {processor.py:161} INFO - Processing /home/airflow/.local/lib/python3.7/site-packages/airflow/example_dags/example_xcom.py took 0.108 seconds
[2022-12-21 17:23:22,011] {processor.py:153} INFO - Started process (PID=25621) to work on /home/airflow/.local/lib/python3.7/site-packages/airflow/example_dags/example_xcom.py
[2022-12-21 17:23:22,012] {processor.py:641} INFO - Processing file /home/airflow/.local/lib/python3.7/site-packages/airflow/example_dags/example_xcom.py for tasks to queue
[2022-12-21 17:23:22,012] {logging_mixin.py:115} INFO - [2022-12-21 17:23:22,012] {dagbag.py:507} INFO - Filling up the DagBag from /home/airflow/.local/lib/python3.7/site-packages/airflow/example_dags/example_xcom.py
[2022-12-21 17:23:22,027] {processor.py:651} INFO - DAG(s) dict_keys(['example_xcom']) retrieved from /home/airflow/.local/lib/python3.7/site-packages/airflow/example_dags/example_xcom.py
[2022-12-21 17:23:22,091] {logging_mixin.py:115} INFO - [2022-12-21 17:23:22,091] {dag.py:2371} INFO - Sync 1 DAGs
[2022-12-21 17:23:22,108] {logging_mixin.py:115} INFO - [2022-12-21 17:23:22,107] {dag.py:2919} INFO - Setting next_dagrun for example_xcom to 2021-01-01T00:00:00+00:00, run_after=2021-01-01T00:00:00+00:00
[2022-12-21 17:23:22,119] {processor.py:161} INFO - Processing /home/airflow/.local/lib/python3.7/site-packages/airflow/example_dags/example_xcom.py took 0.111 seconds
[2022-12-21 17:23:52,556] {processor.py:153} INFO - Started process (PID=25678) to work on /home/airflow/.local/lib/python3.7/site-packages/airflow/example_dags/example_xcom.py
[2022-12-21 17:23:52,557] {processor.py:641} INFO - Processing file /home/airflow/.local/lib/python3.7/site-packages/airflow/example_dags/example_xcom.py for tasks to queue
[2022-12-21 17:23:52,558] {logging_mixin.py:115} INFO - [2022-12-21 17:23:52,558] {dagbag.py:507} INFO - Filling up the DagBag from /home/airflow/.local/lib/python3.7/site-packages/airflow/example_dags/example_xcom.py
[2022-12-21 17:23:52,574] {processor.py:651} INFO - DAG(s) dict_keys(['example_xcom']) retrieved from /home/airflow/.local/lib/python3.7/site-packages/airflow/example_dags/example_xcom.py
[2022-12-21 17:23:52,623] {logging_mixin.py:115} INFO - [2022-12-21 17:23:52,622] {dag.py:2371} INFO - Sync 1 DAGs
[2022-12-21 17:23:52,639] {logging_mixin.py:115} INFO - [2022-12-21 17:23:52,638] {dag.py:2919} INFO - Setting next_dagrun for example_xcom to 2021-01-01T00:00:00+00:00, run_after=2021-01-01T00:00:00+00:00
[2022-12-21 17:23:52,651] {processor.py:161} INFO - Processing /home/airflow/.local/lib/python3.7/site-packages/airflow/example_dags/example_xcom.py took 0.097 seconds
