[2022-12-21 16:54:58,456] {processor.py:153} INFO - Started process (PID=22068) to work on /home/airflow/.local/lib/python3.7/site-packages/airflow/example_dags/example_local_kubernetes_executor.py
[2022-12-21 16:54:58,456] {processor.py:641} INFO - Processing file /home/airflow/.local/lib/python3.7/site-packages/airflow/example_dags/example_local_kubernetes_executor.py for tasks to queue
[2022-12-21 16:54:58,456] {logging_mixin.py:115} INFO - [2022-12-21 16:54:58,456] {dagbag.py:507} INFO - Filling up the DagBag from /home/airflow/.local/lib/python3.7/site-packages/airflow/example_dags/example_local_kubernetes_executor.py
[2022-12-21 16:54:58,471] {processor.py:651} INFO - DAG(s) dict_keys(['example_local_kubernetes_executor']) retrieved from /home/airflow/.local/lib/python3.7/site-packages/airflow/example_dags/example_local_kubernetes_executor.py
[2022-12-21 16:54:58,491] {logging_mixin.py:115} INFO - [2022-12-21 16:54:58,491] {dag.py:2371} INFO - Sync 1 DAGs
[2022-12-21 16:54:58,507] {logging_mixin.py:115} INFO - [2022-12-21 16:54:58,507] {dag.py:2919} INFO - Setting next_dagrun for example_local_kubernetes_executor to None, run_after=None
[2022-12-21 16:54:58,518] {processor.py:161} INFO - Processing /home/airflow/.local/lib/python3.7/site-packages/airflow/example_dags/example_local_kubernetes_executor.py took 0.064 seconds
[2022-12-21 16:55:29,093] {processor.py:153} INFO - Started process (PID=22134) to work on /home/airflow/.local/lib/python3.7/site-packages/airflow/example_dags/example_local_kubernetes_executor.py
[2022-12-21 16:55:29,093] {processor.py:641} INFO - Processing file /home/airflow/.local/lib/python3.7/site-packages/airflow/example_dags/example_local_kubernetes_executor.py for tasks to queue
[2022-12-21 16:55:29,093] {logging_mixin.py:115} INFO - [2022-12-21 16:55:29,093] {dagbag.py:507} INFO - Filling up the DagBag from /home/airflow/.local/lib/python3.7/site-packages/airflow/example_dags/example_local_kubernetes_executor.py
[2022-12-21 16:55:29,106] {processor.py:651} INFO - DAG(s) dict_keys(['example_local_kubernetes_executor']) retrieved from /home/airflow/.local/lib/python3.7/site-packages/airflow/example_dags/example_local_kubernetes_executor.py
[2022-12-21 16:55:29,124] {logging_mixin.py:115} INFO - [2022-12-21 16:55:29,124] {dag.py:2371} INFO - Sync 1 DAGs
[2022-12-21 16:55:29,141] {logging_mixin.py:115} INFO - [2022-12-21 16:55:29,141] {dag.py:2919} INFO - Setting next_dagrun for example_local_kubernetes_executor to None, run_after=None
[2022-12-21 16:55:29,150] {processor.py:161} INFO - Processing /home/airflow/.local/lib/python3.7/site-packages/airflow/example_dags/example_local_kubernetes_executor.py took 0.059 seconds
[2022-12-21 16:55:59,583] {processor.py:153} INFO - Started process (PID=22200) to work on /home/airflow/.local/lib/python3.7/site-packages/airflow/example_dags/example_local_kubernetes_executor.py
[2022-12-21 16:55:59,584] {processor.py:641} INFO - Processing file /home/airflow/.local/lib/python3.7/site-packages/airflow/example_dags/example_local_kubernetes_executor.py for tasks to queue
[2022-12-21 16:55:59,584] {logging_mixin.py:115} INFO - [2022-12-21 16:55:59,584] {dagbag.py:507} INFO - Filling up the DagBag from /home/airflow/.local/lib/python3.7/site-packages/airflow/example_dags/example_local_kubernetes_executor.py
[2022-12-21 16:55:59,596] {processor.py:651} INFO - DAG(s) dict_keys(['example_local_kubernetes_executor']) retrieved from /home/airflow/.local/lib/python3.7/site-packages/airflow/example_dags/example_local_kubernetes_executor.py
[2022-12-21 16:55:59,614] {logging_mixin.py:115} INFO - [2022-12-21 16:55:59,614] {dag.py:2371} INFO - Sync 1 DAGs
[2022-12-21 16:55:59,629] {logging_mixin.py:115} INFO - [2022-12-21 16:55:59,629] {dag.py:2919} INFO - Setting next_dagrun for example_local_kubernetes_executor to None, run_after=None
[2022-12-21 16:55:59,645] {processor.py:161} INFO - Processing /home/airflow/.local/lib/python3.7/site-packages/airflow/example_dags/example_local_kubernetes_executor.py took 0.064 seconds
[2022-12-21 16:56:29,895] {processor.py:153} INFO - Started process (PID=22257) to work on /home/airflow/.local/lib/python3.7/site-packages/airflow/example_dags/example_local_kubernetes_executor.py
[2022-12-21 16:56:29,896] {processor.py:641} INFO - Processing file /home/airflow/.local/lib/python3.7/site-packages/airflow/example_dags/example_local_kubernetes_executor.py for tasks to queue
[2022-12-21 16:56:29,896] {logging_mixin.py:115} INFO - [2022-12-21 16:56:29,896] {dagbag.py:507} INFO - Filling up the DagBag from /home/airflow/.local/lib/python3.7/site-packages/airflow/example_dags/example_local_kubernetes_executor.py
[2022-12-21 16:56:29,909] {processor.py:651} INFO - DAG(s) dict_keys(['example_local_kubernetes_executor']) retrieved from /home/airflow/.local/lib/python3.7/site-packages/airflow/example_dags/example_local_kubernetes_executor.py
[2022-12-21 16:56:29,925] {logging_mixin.py:115} INFO - [2022-12-21 16:56:29,925] {dag.py:2371} INFO - Sync 1 DAGs
[2022-12-21 16:56:29,939] {logging_mixin.py:115} INFO - [2022-12-21 16:56:29,939] {dag.py:2919} INFO - Setting next_dagrun for example_local_kubernetes_executor to None, run_after=None
[2022-12-21 16:56:29,947] {processor.py:161} INFO - Processing /home/airflow/.local/lib/python3.7/site-packages/airflow/example_dags/example_local_kubernetes_executor.py took 0.055 seconds
[2022-12-21 16:57:00,432] {processor.py:153} INFO - Started process (PID=22324) to work on /home/airflow/.local/lib/python3.7/site-packages/airflow/example_dags/example_local_kubernetes_executor.py
[2022-12-21 16:57:00,432] {processor.py:641} INFO - Processing file /home/airflow/.local/lib/python3.7/site-packages/airflow/example_dags/example_local_kubernetes_executor.py for tasks to queue
[2022-12-21 16:57:00,432] {logging_mixin.py:115} INFO - [2022-12-21 16:57:00,432] {dagbag.py:507} INFO - Filling up the DagBag from /home/airflow/.local/lib/python3.7/site-packages/airflow/example_dags/example_local_kubernetes_executor.py
[2022-12-21 16:57:00,444] {processor.py:651} INFO - DAG(s) dict_keys(['example_local_kubernetes_executor']) retrieved from /home/airflow/.local/lib/python3.7/site-packages/airflow/example_dags/example_local_kubernetes_executor.py
[2022-12-21 16:57:00,461] {logging_mixin.py:115} INFO - [2022-12-21 16:57:00,461] {dag.py:2371} INFO - Sync 1 DAGs
[2022-12-21 16:57:00,478] {logging_mixin.py:115} INFO - [2022-12-21 16:57:00,477] {dag.py:2919} INFO - Setting next_dagrun for example_local_kubernetes_executor to None, run_after=None
[2022-12-21 16:57:00,486] {processor.py:161} INFO - Processing /home/airflow/.local/lib/python3.7/site-packages/airflow/example_dags/example_local_kubernetes_executor.py took 0.056 seconds
[2022-12-21 16:57:30,799] {processor.py:153} INFO - Started process (PID=22391) to work on /home/airflow/.local/lib/python3.7/site-packages/airflow/example_dags/example_local_kubernetes_executor.py
[2022-12-21 16:57:30,799] {processor.py:641} INFO - Processing file /home/airflow/.local/lib/python3.7/site-packages/airflow/example_dags/example_local_kubernetes_executor.py for tasks to queue
[2022-12-21 16:57:30,800] {logging_mixin.py:115} INFO - [2022-12-21 16:57:30,800] {dagbag.py:507} INFO - Filling up the DagBag from /home/airflow/.local/lib/python3.7/site-packages/airflow/example_dags/example_local_kubernetes_executor.py
[2022-12-21 16:57:30,812] {processor.py:651} INFO - DAG(s) dict_keys(['example_local_kubernetes_executor']) retrieved from /home/airflow/.local/lib/python3.7/site-packages/airflow/example_dags/example_local_kubernetes_executor.py
[2022-12-21 16:57:30,828] {logging_mixin.py:115} INFO - [2022-12-21 16:57:30,828] {dag.py:2371} INFO - Sync 1 DAGs
[2022-12-21 16:57:30,842] {logging_mixin.py:115} INFO - [2022-12-21 16:57:30,842] {dag.py:2919} INFO - Setting next_dagrun for example_local_kubernetes_executor to None, run_after=None
[2022-12-21 16:57:30,851] {processor.py:161} INFO - Processing /home/airflow/.local/lib/python3.7/site-packages/airflow/example_dags/example_local_kubernetes_executor.py took 0.054 seconds
[2022-12-21 16:58:01,177] {processor.py:153} INFO - Started process (PID=22457) to work on /home/airflow/.local/lib/python3.7/site-packages/airflow/example_dags/example_local_kubernetes_executor.py
[2022-12-21 16:58:01,178] {processor.py:641} INFO - Processing file /home/airflow/.local/lib/python3.7/site-packages/airflow/example_dags/example_local_kubernetes_executor.py for tasks to queue
[2022-12-21 16:58:01,178] {logging_mixin.py:115} INFO - [2022-12-21 16:58:01,178] {dagbag.py:507} INFO - Filling up the DagBag from /home/airflow/.local/lib/python3.7/site-packages/airflow/example_dags/example_local_kubernetes_executor.py
[2022-12-21 16:58:01,190] {processor.py:651} INFO - DAG(s) dict_keys(['example_local_kubernetes_executor']) retrieved from /home/airflow/.local/lib/python3.7/site-packages/airflow/example_dags/example_local_kubernetes_executor.py
[2022-12-21 16:58:01,205] {logging_mixin.py:115} INFO - [2022-12-21 16:58:01,205] {dag.py:2371} INFO - Sync 1 DAGs
[2022-12-21 16:58:01,219] {logging_mixin.py:115} INFO - [2022-12-21 16:58:01,219] {dag.py:2919} INFO - Setting next_dagrun for example_local_kubernetes_executor to None, run_after=None
[2022-12-21 16:58:01,227] {processor.py:161} INFO - Processing /home/airflow/.local/lib/python3.7/site-packages/airflow/example_dags/example_local_kubernetes_executor.py took 0.051 seconds
[2022-12-21 16:58:31,663] {processor.py:153} INFO - Started process (PID=22514) to work on /home/airflow/.local/lib/python3.7/site-packages/airflow/example_dags/example_local_kubernetes_executor.py
[2022-12-21 16:58:31,664] {processor.py:641} INFO - Processing file /home/airflow/.local/lib/python3.7/site-packages/airflow/example_dags/example_local_kubernetes_executor.py for tasks to queue
[2022-12-21 16:58:31,664] {logging_mixin.py:115} INFO - [2022-12-21 16:58:31,664] {dagbag.py:507} INFO - Filling up the DagBag from /home/airflow/.local/lib/python3.7/site-packages/airflow/example_dags/example_local_kubernetes_executor.py
[2022-12-21 16:58:31,676] {processor.py:651} INFO - DAG(s) dict_keys(['example_local_kubernetes_executor']) retrieved from /home/airflow/.local/lib/python3.7/site-packages/airflow/example_dags/example_local_kubernetes_executor.py
[2022-12-21 16:58:31,695] {logging_mixin.py:115} INFO - [2022-12-21 16:58:31,695] {dag.py:2371} INFO - Sync 1 DAGs
[2022-12-21 16:58:31,716] {logging_mixin.py:115} INFO - [2022-12-21 16:58:31,716] {dag.py:2919} INFO - Setting next_dagrun for example_local_kubernetes_executor to None, run_after=None
[2022-12-21 16:58:31,727] {processor.py:161} INFO - Processing /home/airflow/.local/lib/python3.7/site-packages/airflow/example_dags/example_local_kubernetes_executor.py took 0.066 seconds
[2022-12-21 16:59:02,189] {processor.py:153} INFO - Started process (PID=22580) to work on /home/airflow/.local/lib/python3.7/site-packages/airflow/example_dags/example_local_kubernetes_executor.py
[2022-12-21 16:59:02,189] {processor.py:641} INFO - Processing file /home/airflow/.local/lib/python3.7/site-packages/airflow/example_dags/example_local_kubernetes_executor.py for tasks to queue
[2022-12-21 16:59:02,190] {logging_mixin.py:115} INFO - [2022-12-21 16:59:02,190] {dagbag.py:507} INFO - Filling up the DagBag from /home/airflow/.local/lib/python3.7/site-packages/airflow/example_dags/example_local_kubernetes_executor.py
[2022-12-21 16:59:02,203] {processor.py:651} INFO - DAG(s) dict_keys(['example_local_kubernetes_executor']) retrieved from /home/airflow/.local/lib/python3.7/site-packages/airflow/example_dags/example_local_kubernetes_executor.py
[2022-12-21 16:59:02,220] {logging_mixin.py:115} INFO - [2022-12-21 16:59:02,220] {dag.py:2371} INFO - Sync 1 DAGs
[2022-12-21 16:59:02,236] {logging_mixin.py:115} INFO - [2022-12-21 16:59:02,236] {dag.py:2919} INFO - Setting next_dagrun for example_local_kubernetes_executor to None, run_after=None
[2022-12-21 16:59:02,244] {processor.py:161} INFO - Processing /home/airflow/.local/lib/python3.7/site-packages/airflow/example_dags/example_local_kubernetes_executor.py took 0.058 seconds
[2022-12-21 16:59:32,643] {processor.py:153} INFO - Started process (PID=22648) to work on /home/airflow/.local/lib/python3.7/site-packages/airflow/example_dags/example_local_kubernetes_executor.py
[2022-12-21 16:59:32,644] {processor.py:641} INFO - Processing file /home/airflow/.local/lib/python3.7/site-packages/airflow/example_dags/example_local_kubernetes_executor.py for tasks to queue
[2022-12-21 16:59:32,644] {logging_mixin.py:115} INFO - [2022-12-21 16:59:32,644] {dagbag.py:507} INFO - Filling up the DagBag from /home/airflow/.local/lib/python3.7/site-packages/airflow/example_dags/example_local_kubernetes_executor.py
[2022-12-21 16:59:32,657] {processor.py:651} INFO - DAG(s) dict_keys(['example_local_kubernetes_executor']) retrieved from /home/airflow/.local/lib/python3.7/site-packages/airflow/example_dags/example_local_kubernetes_executor.py
[2022-12-21 16:59:32,674] {logging_mixin.py:115} INFO - [2022-12-21 16:59:32,673] {dag.py:2371} INFO - Sync 1 DAGs
[2022-12-21 16:59:32,687] {logging_mixin.py:115} INFO - [2022-12-21 16:59:32,687] {dag.py:2919} INFO - Setting next_dagrun for example_local_kubernetes_executor to None, run_after=None
[2022-12-21 16:59:32,696] {processor.py:161} INFO - Processing /home/airflow/.local/lib/python3.7/site-packages/airflow/example_dags/example_local_kubernetes_executor.py took 0.055 seconds
[2022-12-21 17:00:03,234] {processor.py:153} INFO - Started process (PID=22714) to work on /home/airflow/.local/lib/python3.7/site-packages/airflow/example_dags/example_local_kubernetes_executor.py
[2022-12-21 17:00:03,235] {processor.py:641} INFO - Processing file /home/airflow/.local/lib/python3.7/site-packages/airflow/example_dags/example_local_kubernetes_executor.py for tasks to queue
[2022-12-21 17:00:03,235] {logging_mixin.py:115} INFO - [2022-12-21 17:00:03,235] {dagbag.py:507} INFO - Filling up the DagBag from /home/airflow/.local/lib/python3.7/site-packages/airflow/example_dags/example_local_kubernetes_executor.py
[2022-12-21 17:00:03,247] {processor.py:651} INFO - DAG(s) dict_keys(['example_local_kubernetes_executor']) retrieved from /home/airflow/.local/lib/python3.7/site-packages/airflow/example_dags/example_local_kubernetes_executor.py
[2022-12-21 17:00:03,265] {logging_mixin.py:115} INFO - [2022-12-21 17:00:03,265] {dag.py:2371} INFO - Sync 1 DAGs
[2022-12-21 17:00:03,283] {logging_mixin.py:115} INFO - [2022-12-21 17:00:03,282] {dag.py:2919} INFO - Setting next_dagrun for example_local_kubernetes_executor to None, run_after=None
[2022-12-21 17:00:03,293] {processor.py:161} INFO - Processing /home/airflow/.local/lib/python3.7/site-packages/airflow/example_dags/example_local_kubernetes_executor.py took 0.062 seconds
[2022-12-21 17:00:33,805] {processor.py:153} INFO - Started process (PID=22771) to work on /home/airflow/.local/lib/python3.7/site-packages/airflow/example_dags/example_local_kubernetes_executor.py
[2022-12-21 17:00:33,806] {processor.py:641} INFO - Processing file /home/airflow/.local/lib/python3.7/site-packages/airflow/example_dags/example_local_kubernetes_executor.py for tasks to queue
[2022-12-21 17:00:33,806] {logging_mixin.py:115} INFO - [2022-12-21 17:00:33,806] {dagbag.py:507} INFO - Filling up the DagBag from /home/airflow/.local/lib/python3.7/site-packages/airflow/example_dags/example_local_kubernetes_executor.py
[2022-12-21 17:00:33,819] {processor.py:651} INFO - DAG(s) dict_keys(['example_local_kubernetes_executor']) retrieved from /home/airflow/.local/lib/python3.7/site-packages/airflow/example_dags/example_local_kubernetes_executor.py
[2022-12-21 17:00:33,838] {logging_mixin.py:115} INFO - [2022-12-21 17:00:33,837] {dag.py:2371} INFO - Sync 1 DAGs
[2022-12-21 17:00:33,854] {logging_mixin.py:115} INFO - [2022-12-21 17:00:33,854] {dag.py:2919} INFO - Setting next_dagrun for example_local_kubernetes_executor to None, run_after=None
[2022-12-21 17:00:33,863] {processor.py:161} INFO - Processing /home/airflow/.local/lib/python3.7/site-packages/airflow/example_dags/example_local_kubernetes_executor.py took 0.060 seconds
[2022-12-21 17:01:04,306] {processor.py:153} INFO - Started process (PID=22837) to work on /home/airflow/.local/lib/python3.7/site-packages/airflow/example_dags/example_local_kubernetes_executor.py
[2022-12-21 17:01:04,307] {processor.py:641} INFO - Processing file /home/airflow/.local/lib/python3.7/site-packages/airflow/example_dags/example_local_kubernetes_executor.py for tasks to queue
[2022-12-21 17:01:04,308] {logging_mixin.py:115} INFO - [2022-12-21 17:01:04,308] {dagbag.py:507} INFO - Filling up the DagBag from /home/airflow/.local/lib/python3.7/site-packages/airflow/example_dags/example_local_kubernetes_executor.py
[2022-12-21 17:01:04,321] {processor.py:651} INFO - DAG(s) dict_keys(['example_local_kubernetes_executor']) retrieved from /home/airflow/.local/lib/python3.7/site-packages/airflow/example_dags/example_local_kubernetes_executor.py
[2022-12-21 17:01:04,338] {logging_mixin.py:115} INFO - [2022-12-21 17:01:04,338] {dag.py:2371} INFO - Sync 1 DAGs
[2022-12-21 17:01:04,358] {logging_mixin.py:115} INFO - [2022-12-21 17:01:04,358] {dag.py:2919} INFO - Setting next_dagrun for example_local_kubernetes_executor to None, run_after=None
[2022-12-21 17:01:04,367] {processor.py:161} INFO - Processing /home/airflow/.local/lib/python3.7/site-packages/airflow/example_dags/example_local_kubernetes_executor.py took 0.063 seconds
[2022-12-21 17:01:34,894] {processor.py:153} INFO - Started process (PID=22903) to work on /home/airflow/.local/lib/python3.7/site-packages/airflow/example_dags/example_local_kubernetes_executor.py
[2022-12-21 17:01:34,894] {processor.py:641} INFO - Processing file /home/airflow/.local/lib/python3.7/site-packages/airflow/example_dags/example_local_kubernetes_executor.py for tasks to queue
[2022-12-21 17:01:34,895] {logging_mixin.py:115} INFO - [2022-12-21 17:01:34,894] {dagbag.py:507} INFO - Filling up the DagBag from /home/airflow/.local/lib/python3.7/site-packages/airflow/example_dags/example_local_kubernetes_executor.py
[2022-12-21 17:01:34,906] {processor.py:651} INFO - DAG(s) dict_keys(['example_local_kubernetes_executor']) retrieved from /home/airflow/.local/lib/python3.7/site-packages/airflow/example_dags/example_local_kubernetes_executor.py
[2022-12-21 17:01:34,926] {logging_mixin.py:115} INFO - [2022-12-21 17:01:34,926] {dag.py:2371} INFO - Sync 1 DAGs
[2022-12-21 17:01:34,944] {logging_mixin.py:115} INFO - [2022-12-21 17:01:34,944] {dag.py:2919} INFO - Setting next_dagrun for example_local_kubernetes_executor to None, run_after=None
[2022-12-21 17:01:34,953] {processor.py:161} INFO - Processing /home/airflow/.local/lib/python3.7/site-packages/airflow/example_dags/example_local_kubernetes_executor.py took 0.062 seconds
[2022-12-21 17:02:05,501] {processor.py:153} INFO - Started process (PID=22966) to work on /home/airflow/.local/lib/python3.7/site-packages/airflow/example_dags/example_local_kubernetes_executor.py
[2022-12-21 17:02:05,502] {processor.py:641} INFO - Processing file /home/airflow/.local/lib/python3.7/site-packages/airflow/example_dags/example_local_kubernetes_executor.py for tasks to queue
[2022-12-21 17:02:05,502] {logging_mixin.py:115} INFO - [2022-12-21 17:02:05,502] {dagbag.py:507} INFO - Filling up the DagBag from /home/airflow/.local/lib/python3.7/site-packages/airflow/example_dags/example_local_kubernetes_executor.py
[2022-12-21 17:02:05,517] {processor.py:651} INFO - DAG(s) dict_keys(['example_local_kubernetes_executor']) retrieved from /home/airflow/.local/lib/python3.7/site-packages/airflow/example_dags/example_local_kubernetes_executor.py
[2022-12-21 17:02:05,539] {logging_mixin.py:115} INFO - [2022-12-21 17:02:05,539] {dag.py:2371} INFO - Sync 1 DAGs
[2022-12-21 17:02:05,558] {logging_mixin.py:115} INFO - [2022-12-21 17:02:05,558] {dag.py:2919} INFO - Setting next_dagrun for example_local_kubernetes_executor to None, run_after=None
[2022-12-21 17:02:05,569] {processor.py:161} INFO - Processing /home/airflow/.local/lib/python3.7/site-packages/airflow/example_dags/example_local_kubernetes_executor.py took 0.070 seconds
[2022-12-21 17:02:36,144] {processor.py:153} INFO - Started process (PID=23025) to work on /home/airflow/.local/lib/python3.7/site-packages/airflow/example_dags/example_local_kubernetes_executor.py
[2022-12-21 17:02:36,144] {processor.py:641} INFO - Processing file /home/airflow/.local/lib/python3.7/site-packages/airflow/example_dags/example_local_kubernetes_executor.py for tasks to queue
[2022-12-21 17:02:36,145] {logging_mixin.py:115} INFO - [2022-12-21 17:02:36,145] {dagbag.py:507} INFO - Filling up the DagBag from /home/airflow/.local/lib/python3.7/site-packages/airflow/example_dags/example_local_kubernetes_executor.py
[2022-12-21 17:02:36,159] {processor.py:651} INFO - DAG(s) dict_keys(['example_local_kubernetes_executor']) retrieved from /home/airflow/.local/lib/python3.7/site-packages/airflow/example_dags/example_local_kubernetes_executor.py
[2022-12-21 17:02:36,180] {logging_mixin.py:115} INFO - [2022-12-21 17:02:36,180] {dag.py:2371} INFO - Sync 1 DAGs
[2022-12-21 17:02:36,200] {logging_mixin.py:115} INFO - [2022-12-21 17:02:36,200] {dag.py:2919} INFO - Setting next_dagrun for example_local_kubernetes_executor to None, run_after=None
[2022-12-21 17:02:36,210] {processor.py:161} INFO - Processing /home/airflow/.local/lib/python3.7/site-packages/airflow/example_dags/example_local_kubernetes_executor.py took 0.069 seconds
[2022-12-21 17:03:06,839] {processor.py:153} INFO - Started process (PID=23091) to work on /home/airflow/.local/lib/python3.7/site-packages/airflow/example_dags/example_local_kubernetes_executor.py
[2022-12-21 17:03:06,839] {processor.py:641} INFO - Processing file /home/airflow/.local/lib/python3.7/site-packages/airflow/example_dags/example_local_kubernetes_executor.py for tasks to queue
[2022-12-21 17:03:06,840] {logging_mixin.py:115} INFO - [2022-12-21 17:03:06,840] {dagbag.py:507} INFO - Filling up the DagBag from /home/airflow/.local/lib/python3.7/site-packages/airflow/example_dags/example_local_kubernetes_executor.py
[2022-12-21 17:03:06,854] {processor.py:651} INFO - DAG(s) dict_keys(['example_local_kubernetes_executor']) retrieved from /home/airflow/.local/lib/python3.7/site-packages/airflow/example_dags/example_local_kubernetes_executor.py
[2022-12-21 17:03:06,872] {logging_mixin.py:115} INFO - [2022-12-21 17:03:06,872] {dag.py:2371} INFO - Sync 1 DAGs
[2022-12-21 17:03:06,889] {logging_mixin.py:115} INFO - [2022-12-21 17:03:06,889] {dag.py:2919} INFO - Setting next_dagrun for example_local_kubernetes_executor to None, run_after=None
[2022-12-21 17:03:06,901] {processor.py:161} INFO - Processing /home/airflow/.local/lib/python3.7/site-packages/airflow/example_dags/example_local_kubernetes_executor.py took 0.064 seconds
[2022-12-21 17:03:37,589] {processor.py:153} INFO - Started process (PID=23158) to work on /home/airflow/.local/lib/python3.7/site-packages/airflow/example_dags/example_local_kubernetes_executor.py
[2022-12-21 17:03:37,589] {processor.py:641} INFO - Processing file /home/airflow/.local/lib/python3.7/site-packages/airflow/example_dags/example_local_kubernetes_executor.py for tasks to queue
[2022-12-21 17:03:37,590] {logging_mixin.py:115} INFO - [2022-12-21 17:03:37,590] {dagbag.py:507} INFO - Filling up the DagBag from /home/airflow/.local/lib/python3.7/site-packages/airflow/example_dags/example_local_kubernetes_executor.py
[2022-12-21 17:03:37,603] {processor.py:651} INFO - DAG(s) dict_keys(['example_local_kubernetes_executor']) retrieved from /home/airflow/.local/lib/python3.7/site-packages/airflow/example_dags/example_local_kubernetes_executor.py
[2022-12-21 17:03:37,623] {logging_mixin.py:115} INFO - [2022-12-21 17:03:37,623] {dag.py:2371} INFO - Sync 1 DAGs
[2022-12-21 17:03:37,643] {logging_mixin.py:115} INFO - [2022-12-21 17:03:37,642] {dag.py:2919} INFO - Setting next_dagrun for example_local_kubernetes_executor to None, run_after=None
[2022-12-21 17:03:37,653] {processor.py:161} INFO - Processing /home/airflow/.local/lib/python3.7/site-packages/airflow/example_dags/example_local_kubernetes_executor.py took 0.066 seconds
[2022-12-21 17:04:08,204] {processor.py:153} INFO - Started process (PID=23215) to work on /home/airflow/.local/lib/python3.7/site-packages/airflow/example_dags/example_local_kubernetes_executor.py
[2022-12-21 17:04:08,205] {processor.py:641} INFO - Processing file /home/airflow/.local/lib/python3.7/site-packages/airflow/example_dags/example_local_kubernetes_executor.py for tasks to queue
[2022-12-21 17:04:08,205] {logging_mixin.py:115} INFO - [2022-12-21 17:04:08,205] {dagbag.py:507} INFO - Filling up the DagBag from /home/airflow/.local/lib/python3.7/site-packages/airflow/example_dags/example_local_kubernetes_executor.py
[2022-12-21 17:04:08,219] {processor.py:651} INFO - DAG(s) dict_keys(['example_local_kubernetes_executor']) retrieved from /home/airflow/.local/lib/python3.7/site-packages/airflow/example_dags/example_local_kubernetes_executor.py
[2022-12-21 17:04:08,239] {logging_mixin.py:115} INFO - [2022-12-21 17:04:08,238] {dag.py:2371} INFO - Sync 1 DAGs
[2022-12-21 17:04:08,256] {logging_mixin.py:115} INFO - [2022-12-21 17:04:08,255] {dag.py:2919} INFO - Setting next_dagrun for example_local_kubernetes_executor to None, run_after=None
[2022-12-21 17:04:08,265] {processor.py:161} INFO - Processing /home/airflow/.local/lib/python3.7/site-packages/airflow/example_dags/example_local_kubernetes_executor.py took 0.064 seconds
[2022-12-21 17:04:38,722] {processor.py:153} INFO - Started process (PID=23281) to work on /home/airflow/.local/lib/python3.7/site-packages/airflow/example_dags/example_local_kubernetes_executor.py
[2022-12-21 17:04:38,722] {processor.py:641} INFO - Processing file /home/airflow/.local/lib/python3.7/site-packages/airflow/example_dags/example_local_kubernetes_executor.py for tasks to queue
[2022-12-21 17:04:38,723] {logging_mixin.py:115} INFO - [2022-12-21 17:04:38,723] {dagbag.py:507} INFO - Filling up the DagBag from /home/airflow/.local/lib/python3.7/site-packages/airflow/example_dags/example_local_kubernetes_executor.py
[2022-12-21 17:04:38,737] {processor.py:651} INFO - DAG(s) dict_keys(['example_local_kubernetes_executor']) retrieved from /home/airflow/.local/lib/python3.7/site-packages/airflow/example_dags/example_local_kubernetes_executor.py
[2022-12-21 17:04:38,756] {logging_mixin.py:115} INFO - [2022-12-21 17:04:38,756] {dag.py:2371} INFO - Sync 1 DAGs
[2022-12-21 17:04:38,775] {logging_mixin.py:115} INFO - [2022-12-21 17:04:38,775] {dag.py:2919} INFO - Setting next_dagrun for example_local_kubernetes_executor to None, run_after=None
[2022-12-21 17:04:38,784] {processor.py:161} INFO - Processing /home/airflow/.local/lib/python3.7/site-packages/airflow/example_dags/example_local_kubernetes_executor.py took 0.065 seconds
[2022-12-21 17:05:09,264] {processor.py:153} INFO - Started process (PID=23347) to work on /home/airflow/.local/lib/python3.7/site-packages/airflow/example_dags/example_local_kubernetes_executor.py
[2022-12-21 17:05:09,265] {processor.py:641} INFO - Processing file /home/airflow/.local/lib/python3.7/site-packages/airflow/example_dags/example_local_kubernetes_executor.py for tasks to queue
[2022-12-21 17:05:09,265] {logging_mixin.py:115} INFO - [2022-12-21 17:05:09,265] {dagbag.py:507} INFO - Filling up the DagBag from /home/airflow/.local/lib/python3.7/site-packages/airflow/example_dags/example_local_kubernetes_executor.py
[2022-12-21 17:05:09,278] {processor.py:651} INFO - DAG(s) dict_keys(['example_local_kubernetes_executor']) retrieved from /home/airflow/.local/lib/python3.7/site-packages/airflow/example_dags/example_local_kubernetes_executor.py
[2022-12-21 17:05:09,299] {logging_mixin.py:115} INFO - [2022-12-21 17:05:09,299] {dag.py:2371} INFO - Sync 1 DAGs
[2022-12-21 17:05:09,316] {logging_mixin.py:115} INFO - [2022-12-21 17:05:09,316] {dag.py:2919} INFO - Setting next_dagrun for example_local_kubernetes_executor to None, run_after=None
[2022-12-21 17:05:09,326] {processor.py:161} INFO - Processing /home/airflow/.local/lib/python3.7/site-packages/airflow/example_dags/example_local_kubernetes_executor.py took 0.064 seconds
[2022-12-21 17:05:40,008] {processor.py:153} INFO - Started process (PID=23412) to work on /home/airflow/.local/lib/python3.7/site-packages/airflow/example_dags/example_local_kubernetes_executor.py
[2022-12-21 17:05:40,009] {processor.py:641} INFO - Processing file /home/airflow/.local/lib/python3.7/site-packages/airflow/example_dags/example_local_kubernetes_executor.py for tasks to queue
[2022-12-21 17:05:40,009] {logging_mixin.py:115} INFO - [2022-12-21 17:05:40,009] {dagbag.py:507} INFO - Filling up the DagBag from /home/airflow/.local/lib/python3.7/site-packages/airflow/example_dags/example_local_kubernetes_executor.py
[2022-12-21 17:05:40,025] {processor.py:651} INFO - DAG(s) dict_keys(['example_local_kubernetes_executor']) retrieved from /home/airflow/.local/lib/python3.7/site-packages/airflow/example_dags/example_local_kubernetes_executor.py
[2022-12-21 17:05:40,049] {logging_mixin.py:115} INFO - [2022-12-21 17:05:40,049] {dag.py:2371} INFO - Sync 1 DAGs
[2022-12-21 17:05:40,068] {logging_mixin.py:115} INFO - [2022-12-21 17:05:40,068] {dag.py:2919} INFO - Setting next_dagrun for example_local_kubernetes_executor to None, run_after=None
[2022-12-21 17:05:40,079] {processor.py:161} INFO - Processing /home/airflow/.local/lib/python3.7/site-packages/airflow/example_dags/example_local_kubernetes_executor.py took 0.073 seconds
[2022-12-21 17:06:10,900] {processor.py:153} INFO - Started process (PID=23470) to work on /home/airflow/.local/lib/python3.7/site-packages/airflow/example_dags/example_local_kubernetes_executor.py
[2022-12-21 17:06:10,901] {processor.py:641} INFO - Processing file /home/airflow/.local/lib/python3.7/site-packages/airflow/example_dags/example_local_kubernetes_executor.py for tasks to queue
[2022-12-21 17:06:10,902] {logging_mixin.py:115} INFO - [2022-12-21 17:06:10,902] {dagbag.py:507} INFO - Filling up the DagBag from /home/airflow/.local/lib/python3.7/site-packages/airflow/example_dags/example_local_kubernetes_executor.py
[2022-12-21 17:06:10,915] {processor.py:651} INFO - DAG(s) dict_keys(['example_local_kubernetes_executor']) retrieved from /home/airflow/.local/lib/python3.7/site-packages/airflow/example_dags/example_local_kubernetes_executor.py
[2022-12-21 17:06:10,935] {logging_mixin.py:115} INFO - [2022-12-21 17:06:10,935] {dag.py:2371} INFO - Sync 1 DAGs
[2022-12-21 17:06:10,953] {logging_mixin.py:115} INFO - [2022-12-21 17:06:10,953] {dag.py:2919} INFO - Setting next_dagrun for example_local_kubernetes_executor to None, run_after=None
[2022-12-21 17:06:10,963] {processor.py:161} INFO - Processing /home/airflow/.local/lib/python3.7/site-packages/airflow/example_dags/example_local_kubernetes_executor.py took 0.065 seconds
[2022-12-21 17:06:41,445] {processor.py:153} INFO - Started process (PID=23537) to work on /home/airflow/.local/lib/python3.7/site-packages/airflow/example_dags/example_local_kubernetes_executor.py
[2022-12-21 17:06:41,446] {processor.py:641} INFO - Processing file /home/airflow/.local/lib/python3.7/site-packages/airflow/example_dags/example_local_kubernetes_executor.py for tasks to queue
[2022-12-21 17:06:41,446] {logging_mixin.py:115} INFO - [2022-12-21 17:06:41,446] {dagbag.py:507} INFO - Filling up the DagBag from /home/airflow/.local/lib/python3.7/site-packages/airflow/example_dags/example_local_kubernetes_executor.py
[2022-12-21 17:06:41,463] {processor.py:651} INFO - DAG(s) dict_keys(['example_local_kubernetes_executor']) retrieved from /home/airflow/.local/lib/python3.7/site-packages/airflow/example_dags/example_local_kubernetes_executor.py
[2022-12-21 17:06:41,483] {logging_mixin.py:115} INFO - [2022-12-21 17:06:41,483] {dag.py:2371} INFO - Sync 1 DAGs
[2022-12-21 17:06:41,504] {logging_mixin.py:115} INFO - [2022-12-21 17:06:41,504] {dag.py:2919} INFO - Setting next_dagrun for example_local_kubernetes_executor to None, run_after=None
[2022-12-21 17:06:41,515] {processor.py:161} INFO - Processing /home/airflow/.local/lib/python3.7/site-packages/airflow/example_dags/example_local_kubernetes_executor.py took 0.072 seconds
[2022-12-21 17:07:11,984] {processor.py:153} INFO - Started process (PID=23603) to work on /home/airflow/.local/lib/python3.7/site-packages/airflow/example_dags/example_local_kubernetes_executor.py
[2022-12-21 17:07:11,987] {processor.py:641} INFO - Processing file /home/airflow/.local/lib/python3.7/site-packages/airflow/example_dags/example_local_kubernetes_executor.py for tasks to queue
[2022-12-21 17:07:11,987] {logging_mixin.py:115} INFO - [2022-12-21 17:07:11,987] {dagbag.py:507} INFO - Filling up the DagBag from /home/airflow/.local/lib/python3.7/site-packages/airflow/example_dags/example_local_kubernetes_executor.py
[2022-12-21 17:07:12,002] {processor.py:651} INFO - DAG(s) dict_keys(['example_local_kubernetes_executor']) retrieved from /home/airflow/.local/lib/python3.7/site-packages/airflow/example_dags/example_local_kubernetes_executor.py
[2022-12-21 17:07:12,021] {logging_mixin.py:115} INFO - [2022-12-21 17:07:12,021] {dag.py:2371} INFO - Sync 1 DAGs
[2022-12-21 17:07:12,038] {logging_mixin.py:115} INFO - [2022-12-21 17:07:12,037] {dag.py:2919} INFO - Setting next_dagrun for example_local_kubernetes_executor to None, run_after=None
[2022-12-21 17:07:12,048] {processor.py:161} INFO - Processing /home/airflow/.local/lib/python3.7/site-packages/airflow/example_dags/example_local_kubernetes_executor.py took 0.067 seconds
[2022-12-21 17:07:42,528] {processor.py:153} INFO - Started process (PID=23668) to work on /home/airflow/.local/lib/python3.7/site-packages/airflow/example_dags/example_local_kubernetes_executor.py
[2022-12-21 17:07:42,528] {processor.py:641} INFO - Processing file /home/airflow/.local/lib/python3.7/site-packages/airflow/example_dags/example_local_kubernetes_executor.py for tasks to queue
[2022-12-21 17:07:42,529] {logging_mixin.py:115} INFO - [2022-12-21 17:07:42,529] {dagbag.py:507} INFO - Filling up the DagBag from /home/airflow/.local/lib/python3.7/site-packages/airflow/example_dags/example_local_kubernetes_executor.py
[2022-12-21 17:07:42,542] {processor.py:651} INFO - DAG(s) dict_keys(['example_local_kubernetes_executor']) retrieved from /home/airflow/.local/lib/python3.7/site-packages/airflow/example_dags/example_local_kubernetes_executor.py
[2022-12-21 17:07:42,560] {logging_mixin.py:115} INFO - [2022-12-21 17:07:42,560] {dag.py:2371} INFO - Sync 1 DAGs
[2022-12-21 17:07:42,577] {logging_mixin.py:115} INFO - [2022-12-21 17:07:42,577] {dag.py:2919} INFO - Setting next_dagrun for example_local_kubernetes_executor to None, run_after=None
[2022-12-21 17:07:42,586] {processor.py:161} INFO - Processing /home/airflow/.local/lib/python3.7/site-packages/airflow/example_dags/example_local_kubernetes_executor.py took 0.060 seconds
[2022-12-21 17:08:13,085] {processor.py:153} INFO - Started process (PID=23725) to work on /home/airflow/.local/lib/python3.7/site-packages/airflow/example_dags/example_local_kubernetes_executor.py
[2022-12-21 17:08:13,086] {processor.py:641} INFO - Processing file /home/airflow/.local/lib/python3.7/site-packages/airflow/example_dags/example_local_kubernetes_executor.py for tasks to queue
[2022-12-21 17:08:13,087] {logging_mixin.py:115} INFO - [2022-12-21 17:08:13,087] {dagbag.py:507} INFO - Filling up the DagBag from /home/airflow/.local/lib/python3.7/site-packages/airflow/example_dags/example_local_kubernetes_executor.py
[2022-12-21 17:08:13,109] {processor.py:651} INFO - DAG(s) dict_keys(['example_local_kubernetes_executor']) retrieved from /home/airflow/.local/lib/python3.7/site-packages/airflow/example_dags/example_local_kubernetes_executor.py
[2022-12-21 17:08:13,128] {logging_mixin.py:115} INFO - [2022-12-21 17:08:13,128] {dag.py:2371} INFO - Sync 1 DAGs
[2022-12-21 17:08:13,142] {logging_mixin.py:115} INFO - [2022-12-21 17:08:13,142] {dag.py:2919} INFO - Setting next_dagrun for example_local_kubernetes_executor to None, run_after=None
[2022-12-21 17:08:13,150] {processor.py:161} INFO - Processing /home/airflow/.local/lib/python3.7/site-packages/airflow/example_dags/example_local_kubernetes_executor.py took 0.070 seconds
[2022-12-21 17:08:43,686] {processor.py:153} INFO - Started process (PID=23792) to work on /home/airflow/.local/lib/python3.7/site-packages/airflow/example_dags/example_local_kubernetes_executor.py
[2022-12-21 17:08:43,686] {processor.py:641} INFO - Processing file /home/airflow/.local/lib/python3.7/site-packages/airflow/example_dags/example_local_kubernetes_executor.py for tasks to queue
[2022-12-21 17:08:43,686] {logging_mixin.py:115} INFO - [2022-12-21 17:08:43,686] {dagbag.py:507} INFO - Filling up the DagBag from /home/airflow/.local/lib/python3.7/site-packages/airflow/example_dags/example_local_kubernetes_executor.py
[2022-12-21 17:08:43,699] {processor.py:651} INFO - DAG(s) dict_keys(['example_local_kubernetes_executor']) retrieved from /home/airflow/.local/lib/python3.7/site-packages/airflow/example_dags/example_local_kubernetes_executor.py
[2022-12-21 17:08:43,720] {logging_mixin.py:115} INFO - [2022-12-21 17:08:43,719] {dag.py:2371} INFO - Sync 1 DAGs
[2022-12-21 17:08:43,737] {logging_mixin.py:115} INFO - [2022-12-21 17:08:43,736] {dag.py:2919} INFO - Setting next_dagrun for example_local_kubernetes_executor to None, run_after=None
[2022-12-21 17:08:43,747] {processor.py:161} INFO - Processing /home/airflow/.local/lib/python3.7/site-packages/airflow/example_dags/example_local_kubernetes_executor.py took 0.064 seconds
[2022-12-21 17:09:14,415] {processor.py:153} INFO - Started process (PID=23858) to work on /home/airflow/.local/lib/python3.7/site-packages/airflow/example_dags/example_local_kubernetes_executor.py
[2022-12-21 17:09:14,416] {processor.py:641} INFO - Processing file /home/airflow/.local/lib/python3.7/site-packages/airflow/example_dags/example_local_kubernetes_executor.py for tasks to queue
[2022-12-21 17:09:14,416] {logging_mixin.py:115} INFO - [2022-12-21 17:09:14,416] {dagbag.py:507} INFO - Filling up the DagBag from /home/airflow/.local/lib/python3.7/site-packages/airflow/example_dags/example_local_kubernetes_executor.py
[2022-12-21 17:09:14,429] {processor.py:651} INFO - DAG(s) dict_keys(['example_local_kubernetes_executor']) retrieved from /home/airflow/.local/lib/python3.7/site-packages/airflow/example_dags/example_local_kubernetes_executor.py
[2022-12-21 17:09:14,449] {logging_mixin.py:115} INFO - [2022-12-21 17:09:14,448] {dag.py:2371} INFO - Sync 1 DAGs
[2022-12-21 17:09:14,465] {logging_mixin.py:115} INFO - [2022-12-21 17:09:14,465] {dag.py:2919} INFO - Setting next_dagrun for example_local_kubernetes_executor to None, run_after=None
[2022-12-21 17:09:14,476] {processor.py:161} INFO - Processing /home/airflow/.local/lib/python3.7/site-packages/airflow/example_dags/example_local_kubernetes_executor.py took 0.064 seconds
[2022-12-21 17:09:45,146] {processor.py:153} INFO - Started process (PID=23926) to work on /home/airflow/.local/lib/python3.7/site-packages/airflow/example_dags/example_local_kubernetes_executor.py
[2022-12-21 17:09:45,146] {processor.py:641} INFO - Processing file /home/airflow/.local/lib/python3.7/site-packages/airflow/example_dags/example_local_kubernetes_executor.py for tasks to queue
[2022-12-21 17:09:45,147] {logging_mixin.py:115} INFO - [2022-12-21 17:09:45,147] {dagbag.py:507} INFO - Filling up the DagBag from /home/airflow/.local/lib/python3.7/site-packages/airflow/example_dags/example_local_kubernetes_executor.py
[2022-12-21 17:09:45,159] {processor.py:651} INFO - DAG(s) dict_keys(['example_local_kubernetes_executor']) retrieved from /home/airflow/.local/lib/python3.7/site-packages/airflow/example_dags/example_local_kubernetes_executor.py
[2022-12-21 17:09:45,179] {logging_mixin.py:115} INFO - [2022-12-21 17:09:45,179] {dag.py:2371} INFO - Sync 1 DAGs
[2022-12-21 17:09:45,194] {logging_mixin.py:115} INFO - [2022-12-21 17:09:45,194] {dag.py:2919} INFO - Setting next_dagrun for example_local_kubernetes_executor to None, run_after=None
[2022-12-21 17:09:45,204] {processor.py:161} INFO - Processing /home/airflow/.local/lib/python3.7/site-packages/airflow/example_dags/example_local_kubernetes_executor.py took 0.060 seconds
[2022-12-21 17:10:15,814] {processor.py:153} INFO - Started process (PID=23983) to work on /home/airflow/.local/lib/python3.7/site-packages/airflow/example_dags/example_local_kubernetes_executor.py
[2022-12-21 17:10:15,814] {processor.py:641} INFO - Processing file /home/airflow/.local/lib/python3.7/site-packages/airflow/example_dags/example_local_kubernetes_executor.py for tasks to queue
[2022-12-21 17:10:15,815] {logging_mixin.py:115} INFO - [2022-12-21 17:10:15,815] {dagbag.py:507} INFO - Filling up the DagBag from /home/airflow/.local/lib/python3.7/site-packages/airflow/example_dags/example_local_kubernetes_executor.py
[2022-12-21 17:10:15,827] {processor.py:651} INFO - DAG(s) dict_keys(['example_local_kubernetes_executor']) retrieved from /home/airflow/.local/lib/python3.7/site-packages/airflow/example_dags/example_local_kubernetes_executor.py
[2022-12-21 17:10:15,847] {logging_mixin.py:115} INFO - [2022-12-21 17:10:15,847] {dag.py:2371} INFO - Sync 1 DAGs
[2022-12-21 17:10:15,867] {logging_mixin.py:115} INFO - [2022-12-21 17:10:15,867] {dag.py:2919} INFO - Setting next_dagrun for example_local_kubernetes_executor to None, run_after=None
[2022-12-21 17:10:15,877] {processor.py:161} INFO - Processing /home/airflow/.local/lib/python3.7/site-packages/airflow/example_dags/example_local_kubernetes_executor.py took 0.066 seconds
[2022-12-21 17:10:46,395] {processor.py:153} INFO - Started process (PID=24050) to work on /home/airflow/.local/lib/python3.7/site-packages/airflow/example_dags/example_local_kubernetes_executor.py
[2022-12-21 17:10:46,396] {processor.py:641} INFO - Processing file /home/airflow/.local/lib/python3.7/site-packages/airflow/example_dags/example_local_kubernetes_executor.py for tasks to queue
[2022-12-21 17:10:46,396] {logging_mixin.py:115} INFO - [2022-12-21 17:10:46,396] {dagbag.py:507} INFO - Filling up the DagBag from /home/airflow/.local/lib/python3.7/site-packages/airflow/example_dags/example_local_kubernetes_executor.py
[2022-12-21 17:10:46,411] {processor.py:651} INFO - DAG(s) dict_keys(['example_local_kubernetes_executor']) retrieved from /home/airflow/.local/lib/python3.7/site-packages/airflow/example_dags/example_local_kubernetes_executor.py
[2022-12-21 17:10:46,431] {logging_mixin.py:115} INFO - [2022-12-21 17:10:46,431] {dag.py:2371} INFO - Sync 1 DAGs
[2022-12-21 17:10:46,450] {logging_mixin.py:115} INFO - [2022-12-21 17:10:46,449] {dag.py:2919} INFO - Setting next_dagrun for example_local_kubernetes_executor to None, run_after=None
[2022-12-21 17:10:46,462] {processor.py:161} INFO - Processing /home/airflow/.local/lib/python3.7/site-packages/airflow/example_dags/example_local_kubernetes_executor.py took 0.070 seconds
[2022-12-21 17:11:17,016] {processor.py:153} INFO - Started process (PID=24116) to work on /home/airflow/.local/lib/python3.7/site-packages/airflow/example_dags/example_local_kubernetes_executor.py
[2022-12-21 17:11:17,016] {processor.py:641} INFO - Processing file /home/airflow/.local/lib/python3.7/site-packages/airflow/example_dags/example_local_kubernetes_executor.py for tasks to queue
[2022-12-21 17:11:17,016] {logging_mixin.py:115} INFO - [2022-12-21 17:11:17,016] {dagbag.py:507} INFO - Filling up the DagBag from /home/airflow/.local/lib/python3.7/site-packages/airflow/example_dags/example_local_kubernetes_executor.py
[2022-12-21 17:11:17,028] {processor.py:651} INFO - DAG(s) dict_keys(['example_local_kubernetes_executor']) retrieved from /home/airflow/.local/lib/python3.7/site-packages/airflow/example_dags/example_local_kubernetes_executor.py
[2022-12-21 17:11:17,048] {logging_mixin.py:115} INFO - [2022-12-21 17:11:17,048] {dag.py:2371} INFO - Sync 1 DAGs
[2022-12-21 17:11:17,071] {logging_mixin.py:115} INFO - [2022-12-21 17:11:17,071] {dag.py:2919} INFO - Setting next_dagrun for example_local_kubernetes_executor to None, run_after=None
[2022-12-21 17:11:17,095] {processor.py:161} INFO - Processing /home/airflow/.local/lib/python3.7/site-packages/airflow/example_dags/example_local_kubernetes_executor.py took 0.082 seconds
[2022-12-21 17:11:47,639] {processor.py:153} INFO - Started process (PID=24182) to work on /home/airflow/.local/lib/python3.7/site-packages/airflow/example_dags/example_local_kubernetes_executor.py
[2022-12-21 17:11:47,640] {processor.py:641} INFO - Processing file /home/airflow/.local/lib/python3.7/site-packages/airflow/example_dags/example_local_kubernetes_executor.py for tasks to queue
[2022-12-21 17:11:47,641] {logging_mixin.py:115} INFO - [2022-12-21 17:11:47,641] {dagbag.py:507} INFO - Filling up the DagBag from /home/airflow/.local/lib/python3.7/site-packages/airflow/example_dags/example_local_kubernetes_executor.py
[2022-12-21 17:11:47,659] {processor.py:651} INFO - DAG(s) dict_keys(['example_local_kubernetes_executor']) retrieved from /home/airflow/.local/lib/python3.7/site-packages/airflow/example_dags/example_local_kubernetes_executor.py
[2022-12-21 17:11:47,683] {logging_mixin.py:115} INFO - [2022-12-21 17:11:47,683] {dag.py:2371} INFO - Sync 1 DAGs
[2022-12-21 17:11:47,706] {logging_mixin.py:115} INFO - [2022-12-21 17:11:47,706] {dag.py:2919} INFO - Setting next_dagrun for example_local_kubernetes_executor to None, run_after=None
[2022-12-21 17:11:47,718] {processor.py:161} INFO - Processing /home/airflow/.local/lib/python3.7/site-packages/airflow/example_dags/example_local_kubernetes_executor.py took 0.082 seconds
[2022-12-21 17:12:18,219] {processor.py:153} INFO - Started process (PID=24238) to work on /home/airflow/.local/lib/python3.7/site-packages/airflow/example_dags/example_local_kubernetes_executor.py
[2022-12-21 17:12:18,220] {processor.py:641} INFO - Processing file /home/airflow/.local/lib/python3.7/site-packages/airflow/example_dags/example_local_kubernetes_executor.py for tasks to queue
[2022-12-21 17:12:18,220] {logging_mixin.py:115} INFO - [2022-12-21 17:12:18,220] {dagbag.py:507} INFO - Filling up the DagBag from /home/airflow/.local/lib/python3.7/site-packages/airflow/example_dags/example_local_kubernetes_executor.py
[2022-12-21 17:12:18,235] {processor.py:651} INFO - DAG(s) dict_keys(['example_local_kubernetes_executor']) retrieved from /home/airflow/.local/lib/python3.7/site-packages/airflow/example_dags/example_local_kubernetes_executor.py
[2022-12-21 17:12:18,254] {logging_mixin.py:115} INFO - [2022-12-21 17:12:18,254] {dag.py:2371} INFO - Sync 1 DAGs
[2022-12-21 17:12:18,271] {logging_mixin.py:115} INFO - [2022-12-21 17:12:18,271] {dag.py:2919} INFO - Setting next_dagrun for example_local_kubernetes_executor to None, run_after=None
[2022-12-21 17:12:18,282] {processor.py:161} INFO - Processing /home/airflow/.local/lib/python3.7/site-packages/airflow/example_dags/example_local_kubernetes_executor.py took 0.065 seconds
[2022-12-21 17:12:48,751] {processor.py:153} INFO - Started process (PID=24305) to work on /home/airflow/.local/lib/python3.7/site-packages/airflow/example_dags/example_local_kubernetes_executor.py
[2022-12-21 17:12:48,751] {processor.py:641} INFO - Processing file /home/airflow/.local/lib/python3.7/site-packages/airflow/example_dags/example_local_kubernetes_executor.py for tasks to queue
[2022-12-21 17:12:48,752] {logging_mixin.py:115} INFO - [2022-12-21 17:12:48,752] {dagbag.py:507} INFO - Filling up the DagBag from /home/airflow/.local/lib/python3.7/site-packages/airflow/example_dags/example_local_kubernetes_executor.py
[2022-12-21 17:12:48,765] {processor.py:651} INFO - DAG(s) dict_keys(['example_local_kubernetes_executor']) retrieved from /home/airflow/.local/lib/python3.7/site-packages/airflow/example_dags/example_local_kubernetes_executor.py
[2022-12-21 17:12:48,783] {logging_mixin.py:115} INFO - [2022-12-21 17:12:48,783] {dag.py:2371} INFO - Sync 1 DAGs
[2022-12-21 17:12:48,800] {logging_mixin.py:115} INFO - [2022-12-21 17:12:48,800] {dag.py:2919} INFO - Setting next_dagrun for example_local_kubernetes_executor to None, run_after=None
[2022-12-21 17:12:48,811] {processor.py:161} INFO - Processing /home/airflow/.local/lib/python3.7/site-packages/airflow/example_dags/example_local_kubernetes_executor.py took 0.063 seconds
[2022-12-21 17:13:19,210] {processor.py:153} INFO - Started process (PID=24370) to work on /home/airflow/.local/lib/python3.7/site-packages/airflow/example_dags/example_local_kubernetes_executor.py
[2022-12-21 17:13:19,210] {processor.py:641} INFO - Processing file /home/airflow/.local/lib/python3.7/site-packages/airflow/example_dags/example_local_kubernetes_executor.py for tasks to queue
[2022-12-21 17:13:19,211] {logging_mixin.py:115} INFO - [2022-12-21 17:13:19,211] {dagbag.py:507} INFO - Filling up the DagBag from /home/airflow/.local/lib/python3.7/site-packages/airflow/example_dags/example_local_kubernetes_executor.py
[2022-12-21 17:13:19,225] {processor.py:651} INFO - DAG(s) dict_keys(['example_local_kubernetes_executor']) retrieved from /home/airflow/.local/lib/python3.7/site-packages/airflow/example_dags/example_local_kubernetes_executor.py
[2022-12-21 17:13:19,247] {logging_mixin.py:115} INFO - [2022-12-21 17:13:19,247] {dag.py:2371} INFO - Sync 1 DAGs
[2022-12-21 17:13:19,264] {logging_mixin.py:115} INFO - [2022-12-21 17:13:19,264] {dag.py:2919} INFO - Setting next_dagrun for example_local_kubernetes_executor to None, run_after=None
[2022-12-21 17:13:19,276] {processor.py:161} INFO - Processing /home/airflow/.local/lib/python3.7/site-packages/airflow/example_dags/example_local_kubernetes_executor.py took 0.069 seconds
[2022-12-21 17:13:49,862] {processor.py:153} INFO - Started process (PID=24427) to work on /home/airflow/.local/lib/python3.7/site-packages/airflow/example_dags/example_local_kubernetes_executor.py
[2022-12-21 17:13:49,862] {processor.py:641} INFO - Processing file /home/airflow/.local/lib/python3.7/site-packages/airflow/example_dags/example_local_kubernetes_executor.py for tasks to queue
[2022-12-21 17:13:49,863] {logging_mixin.py:115} INFO - [2022-12-21 17:13:49,863] {dagbag.py:507} INFO - Filling up the DagBag from /home/airflow/.local/lib/python3.7/site-packages/airflow/example_dags/example_local_kubernetes_executor.py
[2022-12-21 17:13:49,877] {processor.py:651} INFO - DAG(s) dict_keys(['example_local_kubernetes_executor']) retrieved from /home/airflow/.local/lib/python3.7/site-packages/airflow/example_dags/example_local_kubernetes_executor.py
[2022-12-21 17:13:49,897] {logging_mixin.py:115} INFO - [2022-12-21 17:13:49,897] {dag.py:2371} INFO - Sync 1 DAGs
[2022-12-21 17:13:49,912] {logging_mixin.py:115} INFO - [2022-12-21 17:13:49,912] {dag.py:2919} INFO - Setting next_dagrun for example_local_kubernetes_executor to None, run_after=None
[2022-12-21 17:13:49,921] {processor.py:161} INFO - Processing /home/airflow/.local/lib/python3.7/site-packages/airflow/example_dags/example_local_kubernetes_executor.py took 0.063 seconds
[2022-12-21 17:14:20,586] {processor.py:153} INFO - Started process (PID=24494) to work on /home/airflow/.local/lib/python3.7/site-packages/airflow/example_dags/example_local_kubernetes_executor.py
[2022-12-21 17:14:20,587] {processor.py:641} INFO - Processing file /home/airflow/.local/lib/python3.7/site-packages/airflow/example_dags/example_local_kubernetes_executor.py for tasks to queue
[2022-12-21 17:14:20,587] {logging_mixin.py:115} INFO - [2022-12-21 17:14:20,587] {dagbag.py:507} INFO - Filling up the DagBag from /home/airflow/.local/lib/python3.7/site-packages/airflow/example_dags/example_local_kubernetes_executor.py
[2022-12-21 17:14:20,600] {processor.py:651} INFO - DAG(s) dict_keys(['example_local_kubernetes_executor']) retrieved from /home/airflow/.local/lib/python3.7/site-packages/airflow/example_dags/example_local_kubernetes_executor.py
[2022-12-21 17:14:20,623] {logging_mixin.py:115} INFO - [2022-12-21 17:14:20,623] {dag.py:2371} INFO - Sync 1 DAGs
[2022-12-21 17:14:20,644] {logging_mixin.py:115} INFO - [2022-12-21 17:14:20,644] {dag.py:2919} INFO - Setting next_dagrun for example_local_kubernetes_executor to None, run_after=None
[2022-12-21 17:14:20,657] {processor.py:161} INFO - Processing /home/airflow/.local/lib/python3.7/site-packages/airflow/example_dags/example_local_kubernetes_executor.py took 0.073 seconds
[2022-12-21 17:14:51,321] {processor.py:153} INFO - Started process (PID=24560) to work on /home/airflow/.local/lib/python3.7/site-packages/airflow/example_dags/example_local_kubernetes_executor.py
[2022-12-21 17:14:51,322] {processor.py:641} INFO - Processing file /home/airflow/.local/lib/python3.7/site-packages/airflow/example_dags/example_local_kubernetes_executor.py for tasks to queue
[2022-12-21 17:14:51,322] {logging_mixin.py:115} INFO - [2022-12-21 17:14:51,322] {dagbag.py:507} INFO - Filling up the DagBag from /home/airflow/.local/lib/python3.7/site-packages/airflow/example_dags/example_local_kubernetes_executor.py
[2022-12-21 17:14:51,343] {processor.py:651} INFO - DAG(s) dict_keys(['example_local_kubernetes_executor']) retrieved from /home/airflow/.local/lib/python3.7/site-packages/airflow/example_dags/example_local_kubernetes_executor.py
[2022-12-21 17:14:51,363] {logging_mixin.py:115} INFO - [2022-12-21 17:14:51,363] {dag.py:2371} INFO - Sync 1 DAGs
[2022-12-21 17:14:51,381] {logging_mixin.py:115} INFO - [2022-12-21 17:14:51,381] {dag.py:2919} INFO - Setting next_dagrun for example_local_kubernetes_executor to None, run_after=None
[2022-12-21 17:14:51,392] {processor.py:161} INFO - Processing /home/airflow/.local/lib/python3.7/site-packages/airflow/example_dags/example_local_kubernetes_executor.py took 0.075 seconds
[2022-12-21 17:15:21,861] {processor.py:153} INFO - Started process (PID=24626) to work on /home/airflow/.local/lib/python3.7/site-packages/airflow/example_dags/example_local_kubernetes_executor.py
[2022-12-21 17:15:21,862] {processor.py:641} INFO - Processing file /home/airflow/.local/lib/python3.7/site-packages/airflow/example_dags/example_local_kubernetes_executor.py for tasks to queue
[2022-12-21 17:15:21,862] {logging_mixin.py:115} INFO - [2022-12-21 17:15:21,862] {dagbag.py:507} INFO - Filling up the DagBag from /home/airflow/.local/lib/python3.7/site-packages/airflow/example_dags/example_local_kubernetes_executor.py
[2022-12-21 17:15:21,876] {processor.py:651} INFO - DAG(s) dict_keys(['example_local_kubernetes_executor']) retrieved from /home/airflow/.local/lib/python3.7/site-packages/airflow/example_dags/example_local_kubernetes_executor.py
[2022-12-21 17:15:21,897] {logging_mixin.py:115} INFO - [2022-12-21 17:15:21,897] {dag.py:2371} INFO - Sync 1 DAGs
[2022-12-21 17:15:21,915] {logging_mixin.py:115} INFO - [2022-12-21 17:15:21,915] {dag.py:2919} INFO - Setting next_dagrun for example_local_kubernetes_executor to None, run_after=None
[2022-12-21 17:15:21,927] {processor.py:161} INFO - Processing /home/airflow/.local/lib/python3.7/site-packages/airflow/example_dags/example_local_kubernetes_executor.py took 0.069 seconds
[2022-12-21 17:15:52,582] {processor.py:153} INFO - Started process (PID=24691) to work on /home/airflow/.local/lib/python3.7/site-packages/airflow/example_dags/example_local_kubernetes_executor.py
[2022-12-21 17:15:52,583] {processor.py:641} INFO - Processing file /home/airflow/.local/lib/python3.7/site-packages/airflow/example_dags/example_local_kubernetes_executor.py for tasks to queue
[2022-12-21 17:15:52,584] {logging_mixin.py:115} INFO - [2022-12-21 17:15:52,584] {dagbag.py:507} INFO - Filling up the DagBag from /home/airflow/.local/lib/python3.7/site-packages/airflow/example_dags/example_local_kubernetes_executor.py
[2022-12-21 17:15:52,598] {processor.py:651} INFO - DAG(s) dict_keys(['example_local_kubernetes_executor']) retrieved from /home/airflow/.local/lib/python3.7/site-packages/airflow/example_dags/example_local_kubernetes_executor.py
[2022-12-21 17:15:52,618] {logging_mixin.py:115} INFO - [2022-12-21 17:15:52,618] {dag.py:2371} INFO - Sync 1 DAGs
[2022-12-21 17:15:52,636] {logging_mixin.py:115} INFO - [2022-12-21 17:15:52,636] {dag.py:2919} INFO - Setting next_dagrun for example_local_kubernetes_executor to None, run_after=None
[2022-12-21 17:15:52,647] {processor.py:161} INFO - Processing /home/airflow/.local/lib/python3.7/site-packages/airflow/example_dags/example_local_kubernetes_executor.py took 0.067 seconds
[2022-12-21 17:16:23,282] {processor.py:153} INFO - Started process (PID=24748) to work on /home/airflow/.local/lib/python3.7/site-packages/airflow/example_dags/example_local_kubernetes_executor.py
[2022-12-21 17:16:23,283] {processor.py:641} INFO - Processing file /home/airflow/.local/lib/python3.7/site-packages/airflow/example_dags/example_local_kubernetes_executor.py for tasks to queue
[2022-12-21 17:16:23,283] {logging_mixin.py:115} INFO - [2022-12-21 17:16:23,283] {dagbag.py:507} INFO - Filling up the DagBag from /home/airflow/.local/lib/python3.7/site-packages/airflow/example_dags/example_local_kubernetes_executor.py
[2022-12-21 17:16:23,300] {processor.py:651} INFO - DAG(s) dict_keys(['example_local_kubernetes_executor']) retrieved from /home/airflow/.local/lib/python3.7/site-packages/airflow/example_dags/example_local_kubernetes_executor.py
[2022-12-21 17:16:23,318] {logging_mixin.py:115} INFO - [2022-12-21 17:16:23,318] {dag.py:2371} INFO - Sync 1 DAGs
[2022-12-21 17:16:23,335] {logging_mixin.py:115} INFO - [2022-12-21 17:16:23,335] {dag.py:2919} INFO - Setting next_dagrun for example_local_kubernetes_executor to None, run_after=None
[2022-12-21 17:16:23,345] {processor.py:161} INFO - Processing /home/airflow/.local/lib/python3.7/site-packages/airflow/example_dags/example_local_kubernetes_executor.py took 0.067 seconds
[2022-12-21 17:16:53,902] {processor.py:153} INFO - Started process (PID=24815) to work on /home/airflow/.local/lib/python3.7/site-packages/airflow/example_dags/example_local_kubernetes_executor.py
[2022-12-21 17:16:53,903] {processor.py:641} INFO - Processing file /home/airflow/.local/lib/python3.7/site-packages/airflow/example_dags/example_local_kubernetes_executor.py for tasks to queue
[2022-12-21 17:16:53,904] {logging_mixin.py:115} INFO - [2022-12-21 17:16:53,904] {dagbag.py:507} INFO - Filling up the DagBag from /home/airflow/.local/lib/python3.7/site-packages/airflow/example_dags/example_local_kubernetes_executor.py
[2022-12-21 17:16:53,919] {processor.py:651} INFO - DAG(s) dict_keys(['example_local_kubernetes_executor']) retrieved from /home/airflow/.local/lib/python3.7/site-packages/airflow/example_dags/example_local_kubernetes_executor.py
[2022-12-21 17:16:53,938] {logging_mixin.py:115} INFO - [2022-12-21 17:16:53,937] {dag.py:2371} INFO - Sync 1 DAGs
[2022-12-21 17:16:53,954] {logging_mixin.py:115} INFO - [2022-12-21 17:16:53,954] {dag.py:2919} INFO - Setting next_dagrun for example_local_kubernetes_executor to None, run_after=None
[2022-12-21 17:16:53,963] {processor.py:161} INFO - Processing /home/airflow/.local/lib/python3.7/site-packages/airflow/example_dags/example_local_kubernetes_executor.py took 0.064 seconds
[2022-12-21 17:17:24,547] {processor.py:153} INFO - Started process (PID=24881) to work on /home/airflow/.local/lib/python3.7/site-packages/airflow/example_dags/example_local_kubernetes_executor.py
[2022-12-21 17:17:24,548] {processor.py:641} INFO - Processing file /home/airflow/.local/lib/python3.7/site-packages/airflow/example_dags/example_local_kubernetes_executor.py for tasks to queue
[2022-12-21 17:17:24,548] {logging_mixin.py:115} INFO - [2022-12-21 17:17:24,548] {dagbag.py:507} INFO - Filling up the DagBag from /home/airflow/.local/lib/python3.7/site-packages/airflow/example_dags/example_local_kubernetes_executor.py
[2022-12-21 17:17:24,562] {processor.py:651} INFO - DAG(s) dict_keys(['example_local_kubernetes_executor']) retrieved from /home/airflow/.local/lib/python3.7/site-packages/airflow/example_dags/example_local_kubernetes_executor.py
[2022-12-21 17:17:24,582] {logging_mixin.py:115} INFO - [2022-12-21 17:17:24,582] {dag.py:2371} INFO - Sync 1 DAGs
[2022-12-21 17:17:24,600] {logging_mixin.py:115} INFO - [2022-12-21 17:17:24,600] {dag.py:2919} INFO - Setting next_dagrun for example_local_kubernetes_executor to None, run_after=None
[2022-12-21 17:17:24,610] {processor.py:161} INFO - Processing /home/airflow/.local/lib/python3.7/site-packages/airflow/example_dags/example_local_kubernetes_executor.py took 0.065 seconds
[2022-12-21 17:17:55,105] {processor.py:153} INFO - Started process (PID=24938) to work on /home/airflow/.local/lib/python3.7/site-packages/airflow/example_dags/example_local_kubernetes_executor.py
[2022-12-21 17:17:55,106] {processor.py:641} INFO - Processing file /home/airflow/.local/lib/python3.7/site-packages/airflow/example_dags/example_local_kubernetes_executor.py for tasks to queue
[2022-12-21 17:17:55,106] {logging_mixin.py:115} INFO - [2022-12-21 17:17:55,106] {dagbag.py:507} INFO - Filling up the DagBag from /home/airflow/.local/lib/python3.7/site-packages/airflow/example_dags/example_local_kubernetes_executor.py
[2022-12-21 17:17:55,121] {processor.py:651} INFO - DAG(s) dict_keys(['example_local_kubernetes_executor']) retrieved from /home/airflow/.local/lib/python3.7/site-packages/airflow/example_dags/example_local_kubernetes_executor.py
[2022-12-21 17:17:55,142] {logging_mixin.py:115} INFO - [2022-12-21 17:17:55,142] {dag.py:2371} INFO - Sync 1 DAGs
[2022-12-21 17:17:55,159] {logging_mixin.py:115} INFO - [2022-12-21 17:17:55,159] {dag.py:2919} INFO - Setting next_dagrun for example_local_kubernetes_executor to None, run_after=None
[2022-12-21 17:17:55,167] {processor.py:161} INFO - Processing /home/airflow/.local/lib/python3.7/site-packages/airflow/example_dags/example_local_kubernetes_executor.py took 0.065 seconds
[2022-12-21 17:18:25,893] {processor.py:153} INFO - Started process (PID=25006) to work on /home/airflow/.local/lib/python3.7/site-packages/airflow/example_dags/example_local_kubernetes_executor.py
[2022-12-21 17:18:25,894] {processor.py:641} INFO - Processing file /home/airflow/.local/lib/python3.7/site-packages/airflow/example_dags/example_local_kubernetes_executor.py for tasks to queue
[2022-12-21 17:18:25,895] {logging_mixin.py:115} INFO - [2022-12-21 17:18:25,895] {dagbag.py:507} INFO - Filling up the DagBag from /home/airflow/.local/lib/python3.7/site-packages/airflow/example_dags/example_local_kubernetes_executor.py
[2022-12-21 17:18:25,911] {processor.py:651} INFO - DAG(s) dict_keys(['example_local_kubernetes_executor']) retrieved from /home/airflow/.local/lib/python3.7/site-packages/airflow/example_dags/example_local_kubernetes_executor.py
[2022-12-21 17:18:25,933] {logging_mixin.py:115} INFO - [2022-12-21 17:18:25,933] {dag.py:2371} INFO - Sync 1 DAGs
[2022-12-21 17:18:25,956] {logging_mixin.py:115} INFO - [2022-12-21 17:18:25,956] {dag.py:2919} INFO - Setting next_dagrun for example_local_kubernetes_executor to None, run_after=None
[2022-12-21 17:18:25,969] {processor.py:161} INFO - Processing /home/airflow/.local/lib/python3.7/site-packages/airflow/example_dags/example_local_kubernetes_executor.py took 0.078 seconds
[2022-12-21 17:18:56,675] {processor.py:153} INFO - Started process (PID=25073) to work on /home/airflow/.local/lib/python3.7/site-packages/airflow/example_dags/example_local_kubernetes_executor.py
[2022-12-21 17:18:56,675] {processor.py:641} INFO - Processing file /home/airflow/.local/lib/python3.7/site-packages/airflow/example_dags/example_local_kubernetes_executor.py for tasks to queue
[2022-12-21 17:18:56,676] {logging_mixin.py:115} INFO - [2022-12-21 17:18:56,675] {dagbag.py:507} INFO - Filling up the DagBag from /home/airflow/.local/lib/python3.7/site-packages/airflow/example_dags/example_local_kubernetes_executor.py
[2022-12-21 17:18:56,687] {processor.py:651} INFO - DAG(s) dict_keys(['example_local_kubernetes_executor']) retrieved from /home/airflow/.local/lib/python3.7/site-packages/airflow/example_dags/example_local_kubernetes_executor.py
[2022-12-21 17:18:56,705] {logging_mixin.py:115} INFO - [2022-12-21 17:18:56,705] {dag.py:2371} INFO - Sync 1 DAGs
[2022-12-21 17:18:56,721] {logging_mixin.py:115} INFO - [2022-12-21 17:18:56,721] {dag.py:2919} INFO - Setting next_dagrun for example_local_kubernetes_executor to None, run_after=None
[2022-12-21 17:18:56,730] {processor.py:161} INFO - Processing /home/airflow/.local/lib/python3.7/site-packages/airflow/example_dags/example_local_kubernetes_executor.py took 0.057 seconds
[2022-12-21 17:19:27,330] {processor.py:153} INFO - Started process (PID=25141) to work on /home/airflow/.local/lib/python3.7/site-packages/airflow/example_dags/example_local_kubernetes_executor.py
[2022-12-21 17:19:27,331] {processor.py:641} INFO - Processing file /home/airflow/.local/lib/python3.7/site-packages/airflow/example_dags/example_local_kubernetes_executor.py for tasks to queue
[2022-12-21 17:19:27,332] {logging_mixin.py:115} INFO - [2022-12-21 17:19:27,332] {dagbag.py:507} INFO - Filling up the DagBag from /home/airflow/.local/lib/python3.7/site-packages/airflow/example_dags/example_local_kubernetes_executor.py
[2022-12-21 17:19:27,346] {processor.py:651} INFO - DAG(s) dict_keys(['example_local_kubernetes_executor']) retrieved from /home/airflow/.local/lib/python3.7/site-packages/airflow/example_dags/example_local_kubernetes_executor.py
[2022-12-21 17:19:27,365] {logging_mixin.py:115} INFO - [2022-12-21 17:19:27,365] {dag.py:2371} INFO - Sync 1 DAGs
[2022-12-21 17:19:27,384] {logging_mixin.py:115} INFO - [2022-12-21 17:19:27,384] {dag.py:2919} INFO - Setting next_dagrun for example_local_kubernetes_executor to None, run_after=None
[2022-12-21 17:19:27,393] {processor.py:161} INFO - Processing /home/airflow/.local/lib/python3.7/site-packages/airflow/example_dags/example_local_kubernetes_executor.py took 0.065 seconds
[2022-12-21 17:19:58,005] {processor.py:153} INFO - Started process (PID=25200) to work on /home/airflow/.local/lib/python3.7/site-packages/airflow/example_dags/example_local_kubernetes_executor.py
[2022-12-21 17:19:58,005] {processor.py:641} INFO - Processing file /home/airflow/.local/lib/python3.7/site-packages/airflow/example_dags/example_local_kubernetes_executor.py for tasks to queue
[2022-12-21 17:19:58,006] {logging_mixin.py:115} INFO - [2022-12-21 17:19:58,006] {dagbag.py:507} INFO - Filling up the DagBag from /home/airflow/.local/lib/python3.7/site-packages/airflow/example_dags/example_local_kubernetes_executor.py
[2022-12-21 17:19:58,019] {processor.py:651} INFO - DAG(s) dict_keys(['example_local_kubernetes_executor']) retrieved from /home/airflow/.local/lib/python3.7/site-packages/airflow/example_dags/example_local_kubernetes_executor.py
[2022-12-21 17:19:58,039] {logging_mixin.py:115} INFO - [2022-12-21 17:19:58,039] {dag.py:2371} INFO - Sync 1 DAGs
[2022-12-21 17:19:58,058] {logging_mixin.py:115} INFO - [2022-12-21 17:19:58,058] {dag.py:2919} INFO - Setting next_dagrun for example_local_kubernetes_executor to None, run_after=None
[2022-12-21 17:19:58,068] {processor.py:161} INFO - Processing /home/airflow/.local/lib/python3.7/site-packages/airflow/example_dags/example_local_kubernetes_executor.py took 0.066 seconds
[2022-12-21 17:20:28,647] {processor.py:153} INFO - Started process (PID=25266) to work on /home/airflow/.local/lib/python3.7/site-packages/airflow/example_dags/example_local_kubernetes_executor.py
[2022-12-21 17:20:28,648] {processor.py:641} INFO - Processing file /home/airflow/.local/lib/python3.7/site-packages/airflow/example_dags/example_local_kubernetes_executor.py for tasks to queue
[2022-12-21 17:20:28,648] {logging_mixin.py:115} INFO - [2022-12-21 17:20:28,648] {dagbag.py:507} INFO - Filling up the DagBag from /home/airflow/.local/lib/python3.7/site-packages/airflow/example_dags/example_local_kubernetes_executor.py
[2022-12-21 17:20:28,661] {processor.py:651} INFO - DAG(s) dict_keys(['example_local_kubernetes_executor']) retrieved from /home/airflow/.local/lib/python3.7/site-packages/airflow/example_dags/example_local_kubernetes_executor.py
[2022-12-21 17:20:28,682] {logging_mixin.py:115} INFO - [2022-12-21 17:20:28,681] {dag.py:2371} INFO - Sync 1 DAGs
[2022-12-21 17:20:28,698] {logging_mixin.py:115} INFO - [2022-12-21 17:20:28,698] {dag.py:2919} INFO - Setting next_dagrun for example_local_kubernetes_executor to None, run_after=None
[2022-12-21 17:20:28,708] {processor.py:161} INFO - Processing /home/airflow/.local/lib/python3.7/site-packages/airflow/example_dags/example_local_kubernetes_executor.py took 0.063 seconds
[2022-12-21 17:20:59,376] {processor.py:153} INFO - Started process (PID=25332) to work on /home/airflow/.local/lib/python3.7/site-packages/airflow/example_dags/example_local_kubernetes_executor.py
[2022-12-21 17:20:59,377] {processor.py:641} INFO - Processing file /home/airflow/.local/lib/python3.7/site-packages/airflow/example_dags/example_local_kubernetes_executor.py for tasks to queue
[2022-12-21 17:20:59,377] {logging_mixin.py:115} INFO - [2022-12-21 17:20:59,377] {dagbag.py:507} INFO - Filling up the DagBag from /home/airflow/.local/lib/python3.7/site-packages/airflow/example_dags/example_local_kubernetes_executor.py
[2022-12-21 17:20:59,395] {processor.py:651} INFO - DAG(s) dict_keys(['example_local_kubernetes_executor']) retrieved from /home/airflow/.local/lib/python3.7/site-packages/airflow/example_dags/example_local_kubernetes_executor.py
[2022-12-21 17:20:59,419] {logging_mixin.py:115} INFO - [2022-12-21 17:20:59,419] {dag.py:2371} INFO - Sync 1 DAGs
[2022-12-21 17:20:59,442] {logging_mixin.py:115} INFO - [2022-12-21 17:20:59,442] {dag.py:2919} INFO - Setting next_dagrun for example_local_kubernetes_executor to None, run_after=None
[2022-12-21 17:20:59,456] {processor.py:161} INFO - Processing /home/airflow/.local/lib/python3.7/site-packages/airflow/example_dags/example_local_kubernetes_executor.py took 0.083 seconds
[2022-12-21 17:21:29,848] {processor.py:153} INFO - Started process (PID=25398) to work on /home/airflow/.local/lib/python3.7/site-packages/airflow/example_dags/example_local_kubernetes_executor.py
[2022-12-21 17:21:29,848] {processor.py:641} INFO - Processing file /home/airflow/.local/lib/python3.7/site-packages/airflow/example_dags/example_local_kubernetes_executor.py for tasks to queue
[2022-12-21 17:21:29,848] {logging_mixin.py:115} INFO - [2022-12-21 17:21:29,848] {dagbag.py:507} INFO - Filling up the DagBag from /home/airflow/.local/lib/python3.7/site-packages/airflow/example_dags/example_local_kubernetes_executor.py
[2022-12-21 17:21:29,862] {processor.py:651} INFO - DAG(s) dict_keys(['example_local_kubernetes_executor']) retrieved from /home/airflow/.local/lib/python3.7/site-packages/airflow/example_dags/example_local_kubernetes_executor.py
[2022-12-21 17:21:29,881] {logging_mixin.py:115} INFO - [2022-12-21 17:21:29,881] {dag.py:2371} INFO - Sync 1 DAGs
[2022-12-21 17:21:29,898] {logging_mixin.py:115} INFO - [2022-12-21 17:21:29,898] {dag.py:2919} INFO - Setting next_dagrun for example_local_kubernetes_executor to None, run_after=None
[2022-12-21 17:21:29,908] {processor.py:161} INFO - Processing /home/airflow/.local/lib/python3.7/site-packages/airflow/example_dags/example_local_kubernetes_executor.py took 0.062 seconds
[2022-12-21 17:22:00,325] {processor.py:153} INFO - Started process (PID=25454) to work on /home/airflow/.local/lib/python3.7/site-packages/airflow/example_dags/example_local_kubernetes_executor.py
[2022-12-21 17:22:00,326] {processor.py:641} INFO - Processing file /home/airflow/.local/lib/python3.7/site-packages/airflow/example_dags/example_local_kubernetes_executor.py for tasks to queue
[2022-12-21 17:22:00,326] {logging_mixin.py:115} INFO - [2022-12-21 17:22:00,326] {dagbag.py:507} INFO - Filling up the DagBag from /home/airflow/.local/lib/python3.7/site-packages/airflow/example_dags/example_local_kubernetes_executor.py
[2022-12-21 17:22:00,342] {processor.py:651} INFO - DAG(s) dict_keys(['example_local_kubernetes_executor']) retrieved from /home/airflow/.local/lib/python3.7/site-packages/airflow/example_dags/example_local_kubernetes_executor.py
[2022-12-21 17:22:00,361] {logging_mixin.py:115} INFO - [2022-12-21 17:22:00,361] {dag.py:2371} INFO - Sync 1 DAGs
[2022-12-21 17:22:00,379] {logging_mixin.py:115} INFO - [2022-12-21 17:22:00,379] {dag.py:2919} INFO - Setting next_dagrun for example_local_kubernetes_executor to None, run_after=None
[2022-12-21 17:22:00,389] {processor.py:161} INFO - Processing /home/airflow/.local/lib/python3.7/site-packages/airflow/example_dags/example_local_kubernetes_executor.py took 0.067 seconds
[2022-12-21 17:22:30,865] {processor.py:153} INFO - Started process (PID=25522) to work on /home/airflow/.local/lib/python3.7/site-packages/airflow/example_dags/example_local_kubernetes_executor.py
[2022-12-21 17:22:30,865] {processor.py:641} INFO - Processing file /home/airflow/.local/lib/python3.7/site-packages/airflow/example_dags/example_local_kubernetes_executor.py for tasks to queue
[2022-12-21 17:22:30,866] {logging_mixin.py:115} INFO - [2022-12-21 17:22:30,866] {dagbag.py:507} INFO - Filling up the DagBag from /home/airflow/.local/lib/python3.7/site-packages/airflow/example_dags/example_local_kubernetes_executor.py
[2022-12-21 17:22:30,881] {processor.py:651} INFO - DAG(s) dict_keys(['example_local_kubernetes_executor']) retrieved from /home/airflow/.local/lib/python3.7/site-packages/airflow/example_dags/example_local_kubernetes_executor.py
[2022-12-21 17:22:30,901] {logging_mixin.py:115} INFO - [2022-12-21 17:22:30,901] {dag.py:2371} INFO - Sync 1 DAGs
[2022-12-21 17:22:30,920] {logging_mixin.py:115} INFO - [2022-12-21 17:22:30,920] {dag.py:2919} INFO - Setting next_dagrun for example_local_kubernetes_executor to None, run_after=None
[2022-12-21 17:22:31,017] {processor.py:161} INFO - Processing /home/airflow/.local/lib/python3.7/site-packages/airflow/example_dags/example_local_kubernetes_executor.py took 0.155 seconds
[2022-12-21 17:23:01,077] {processor.py:153} INFO - Started process (PID=25589) to work on /home/airflow/.local/lib/python3.7/site-packages/airflow/example_dags/example_local_kubernetes_executor.py
[2022-12-21 17:23:01,078] {processor.py:641} INFO - Processing file /home/airflow/.local/lib/python3.7/site-packages/airflow/example_dags/example_local_kubernetes_executor.py for tasks to queue
[2022-12-21 17:23:01,079] {logging_mixin.py:115} INFO - [2022-12-21 17:23:01,079] {dagbag.py:507} INFO - Filling up the DagBag from /home/airflow/.local/lib/python3.7/site-packages/airflow/example_dags/example_local_kubernetes_executor.py
[2022-12-21 17:23:01,091] {processor.py:651} INFO - DAG(s) dict_keys(['example_local_kubernetes_executor']) retrieved from /home/airflow/.local/lib/python3.7/site-packages/airflow/example_dags/example_local_kubernetes_executor.py
[2022-12-21 17:23:01,109] {logging_mixin.py:115} INFO - [2022-12-21 17:23:01,109] {dag.py:2371} INFO - Sync 1 DAGs
[2022-12-21 17:23:01,127] {logging_mixin.py:115} INFO - [2022-12-21 17:23:01,127] {dag.py:2919} INFO - Setting next_dagrun for example_local_kubernetes_executor to None, run_after=None
[2022-12-21 17:23:01,137] {processor.py:161} INFO - Processing /home/airflow/.local/lib/python3.7/site-packages/airflow/example_dags/example_local_kubernetes_executor.py took 0.062 seconds
[2022-12-21 17:23:32,040] {processor.py:153} INFO - Started process (PID=25655) to work on /home/airflow/.local/lib/python3.7/site-packages/airflow/example_dags/example_local_kubernetes_executor.py
[2022-12-21 17:23:32,041] {processor.py:641} INFO - Processing file /home/airflow/.local/lib/python3.7/site-packages/airflow/example_dags/example_local_kubernetes_executor.py for tasks to queue
[2022-12-21 17:23:32,041] {logging_mixin.py:115} INFO - [2022-12-21 17:23:32,041] {dagbag.py:507} INFO - Filling up the DagBag from /home/airflow/.local/lib/python3.7/site-packages/airflow/example_dags/example_local_kubernetes_executor.py
[2022-12-21 17:23:32,055] {processor.py:651} INFO - DAG(s) dict_keys(['example_local_kubernetes_executor']) retrieved from /home/airflow/.local/lib/python3.7/site-packages/airflow/example_dags/example_local_kubernetes_executor.py
[2022-12-21 17:23:32,075] {logging_mixin.py:115} INFO - [2022-12-21 17:23:32,074] {dag.py:2371} INFO - Sync 1 DAGs
[2022-12-21 17:23:32,093] {logging_mixin.py:115} INFO - [2022-12-21 17:23:32,093] {dag.py:2919} INFO - Setting next_dagrun for example_local_kubernetes_executor to None, run_after=None
[2022-12-21 17:23:32,103] {processor.py:161} INFO - Processing /home/airflow/.local/lib/python3.7/site-packages/airflow/example_dags/example_local_kubernetes_executor.py took 0.066 seconds
