[2022-12-21 16:54:58,580] {processor.py:153} INFO - Started process (PID=22071) to work on /home/airflow/.local/lib/python3.7/site-packages/airflow/example_dags/example_trigger_target_dag.py
[2022-12-21 16:54:58,580] {processor.py:641} INFO - Processing file /home/airflow/.local/lib/python3.7/site-packages/airflow/example_dags/example_trigger_target_dag.py for tasks to queue
[2022-12-21 16:54:58,581] {logging_mixin.py:115} INFO - [2022-12-21 16:54:58,581] {dagbag.py:507} INFO - Filling up the DagBag from /home/airflow/.local/lib/python3.7/site-packages/airflow/example_dags/example_trigger_target_dag.py
[2022-12-21 16:54:58,593] {processor.py:651} INFO - DAG(s) dict_keys(['example_trigger_target_dag']) retrieved from /home/airflow/.local/lib/python3.7/site-packages/airflow/example_dags/example_trigger_target_dag.py
[2022-12-21 16:54:58,612] {logging_mixin.py:115} INFO - [2022-12-21 16:54:58,612] {dag.py:2371} INFO - Sync 1 DAGs
[2022-12-21 16:54:58,632] {logging_mixin.py:115} INFO - [2022-12-21 16:54:58,632] {dag.py:2919} INFO - Setting next_dagrun for example_trigger_target_dag to None, run_after=None
[2022-12-21 16:54:58,642] {processor.py:161} INFO - Processing /home/airflow/.local/lib/python3.7/site-packages/airflow/example_dags/example_trigger_target_dag.py took 0.065 seconds
[2022-12-21 16:55:29,175] {processor.py:153} INFO - Started process (PID=22137) to work on /home/airflow/.local/lib/python3.7/site-packages/airflow/example_dags/example_trigger_target_dag.py
[2022-12-21 16:55:29,175] {processor.py:641} INFO - Processing file /home/airflow/.local/lib/python3.7/site-packages/airflow/example_dags/example_trigger_target_dag.py for tasks to queue
[2022-12-21 16:55:29,175] {logging_mixin.py:115} INFO - [2022-12-21 16:55:29,175] {dagbag.py:507} INFO - Filling up the DagBag from /home/airflow/.local/lib/python3.7/site-packages/airflow/example_dags/example_trigger_target_dag.py
[2022-12-21 16:55:29,185] {processor.py:651} INFO - DAG(s) dict_keys(['example_trigger_target_dag']) retrieved from /home/airflow/.local/lib/python3.7/site-packages/airflow/example_dags/example_trigger_target_dag.py
[2022-12-21 16:55:29,204] {logging_mixin.py:115} INFO - [2022-12-21 16:55:29,204] {dag.py:2371} INFO - Sync 1 DAGs
[2022-12-21 16:55:29,221] {logging_mixin.py:115} INFO - [2022-12-21 16:55:29,221] {dag.py:2919} INFO - Setting next_dagrun for example_trigger_target_dag to None, run_after=None
[2022-12-21 16:55:29,230] {processor.py:161} INFO - Processing /home/airflow/.local/lib/python3.7/site-packages/airflow/example_dags/example_trigger_target_dag.py took 0.058 seconds
[2022-12-21 16:55:59,668] {processor.py:153} INFO - Started process (PID=22203) to work on /home/airflow/.local/lib/python3.7/site-packages/airflow/example_dags/example_trigger_target_dag.py
[2022-12-21 16:55:59,669] {processor.py:641} INFO - Processing file /home/airflow/.local/lib/python3.7/site-packages/airflow/example_dags/example_trigger_target_dag.py for tasks to queue
[2022-12-21 16:55:59,669] {logging_mixin.py:115} INFO - [2022-12-21 16:55:59,669] {dagbag.py:507} INFO - Filling up the DagBag from /home/airflow/.local/lib/python3.7/site-packages/airflow/example_dags/example_trigger_target_dag.py
[2022-12-21 16:55:59,685] {processor.py:651} INFO - DAG(s) dict_keys(['example_trigger_target_dag']) retrieved from /home/airflow/.local/lib/python3.7/site-packages/airflow/example_dags/example_trigger_target_dag.py
[2022-12-21 16:55:59,708] {logging_mixin.py:115} INFO - [2022-12-21 16:55:59,707] {dag.py:2371} INFO - Sync 1 DAGs
[2022-12-21 16:55:59,728] {logging_mixin.py:115} INFO - [2022-12-21 16:55:59,727] {dag.py:2919} INFO - Setting next_dagrun for example_trigger_target_dag to None, run_after=None
[2022-12-21 16:55:59,739] {processor.py:161} INFO - Processing /home/airflow/.local/lib/python3.7/site-packages/airflow/example_dags/example_trigger_target_dag.py took 0.074 seconds
[2022-12-21 16:56:29,978] {processor.py:153} INFO - Started process (PID=22260) to work on /home/airflow/.local/lib/python3.7/site-packages/airflow/example_dags/example_trigger_target_dag.py
[2022-12-21 16:56:29,978] {processor.py:641} INFO - Processing file /home/airflow/.local/lib/python3.7/site-packages/airflow/example_dags/example_trigger_target_dag.py for tasks to queue
[2022-12-21 16:56:29,979] {logging_mixin.py:115} INFO - [2022-12-21 16:56:29,979] {dagbag.py:507} INFO - Filling up the DagBag from /home/airflow/.local/lib/python3.7/site-packages/airflow/example_dags/example_trigger_target_dag.py
[2022-12-21 16:56:29,990] {processor.py:651} INFO - DAG(s) dict_keys(['example_trigger_target_dag']) retrieved from /home/airflow/.local/lib/python3.7/site-packages/airflow/example_dags/example_trigger_target_dag.py
[2022-12-21 16:56:30,008] {logging_mixin.py:115} INFO - [2022-12-21 16:56:30,007] {dag.py:2371} INFO - Sync 1 DAGs
[2022-12-21 16:56:30,022] {logging_mixin.py:115} INFO - [2022-12-21 16:56:30,022] {dag.py:2919} INFO - Setting next_dagrun for example_trigger_target_dag to None, run_after=None
[2022-12-21 16:56:30,030] {processor.py:161} INFO - Processing /home/airflow/.local/lib/python3.7/site-packages/airflow/example_dags/example_trigger_target_dag.py took 0.054 seconds
[2022-12-21 16:57:00,520] {processor.py:153} INFO - Started process (PID=22327) to work on /home/airflow/.local/lib/python3.7/site-packages/airflow/example_dags/example_trigger_target_dag.py
[2022-12-21 16:57:00,521] {processor.py:641} INFO - Processing file /home/airflow/.local/lib/python3.7/site-packages/airflow/example_dags/example_trigger_target_dag.py for tasks to queue
[2022-12-21 16:57:00,521] {logging_mixin.py:115} INFO - [2022-12-21 16:57:00,521] {dagbag.py:507} INFO - Filling up the DagBag from /home/airflow/.local/lib/python3.7/site-packages/airflow/example_dags/example_trigger_target_dag.py
[2022-12-21 16:57:00,532] {processor.py:651} INFO - DAG(s) dict_keys(['example_trigger_target_dag']) retrieved from /home/airflow/.local/lib/python3.7/site-packages/airflow/example_dags/example_trigger_target_dag.py
[2022-12-21 16:57:00,550] {logging_mixin.py:115} INFO - [2022-12-21 16:57:00,550] {dag.py:2371} INFO - Sync 1 DAGs
[2022-12-21 16:57:00,566] {logging_mixin.py:115} INFO - [2022-12-21 16:57:00,566] {dag.py:2919} INFO - Setting next_dagrun for example_trigger_target_dag to None, run_after=None
[2022-12-21 16:57:00,575] {processor.py:161} INFO - Processing /home/airflow/.local/lib/python3.7/site-packages/airflow/example_dags/example_trigger_target_dag.py took 0.057 seconds
[2022-12-21 16:57:30,877] {processor.py:153} INFO - Started process (PID=22394) to work on /home/airflow/.local/lib/python3.7/site-packages/airflow/example_dags/example_trigger_target_dag.py
[2022-12-21 16:57:30,877] {processor.py:641} INFO - Processing file /home/airflow/.local/lib/python3.7/site-packages/airflow/example_dags/example_trigger_target_dag.py for tasks to queue
[2022-12-21 16:57:30,878] {logging_mixin.py:115} INFO - [2022-12-21 16:57:30,878] {dagbag.py:507} INFO - Filling up the DagBag from /home/airflow/.local/lib/python3.7/site-packages/airflow/example_dags/example_trigger_target_dag.py
[2022-12-21 16:57:30,888] {processor.py:651} INFO - DAG(s) dict_keys(['example_trigger_target_dag']) retrieved from /home/airflow/.local/lib/python3.7/site-packages/airflow/example_dags/example_trigger_target_dag.py
[2022-12-21 16:57:30,904] {logging_mixin.py:115} INFO - [2022-12-21 16:57:30,904] {dag.py:2371} INFO - Sync 1 DAGs
[2022-12-21 16:57:30,919] {logging_mixin.py:115} INFO - [2022-12-21 16:57:30,919] {dag.py:2919} INFO - Setting next_dagrun for example_trigger_target_dag to None, run_after=None
[2022-12-21 16:57:30,928] {processor.py:161} INFO - Processing /home/airflow/.local/lib/python3.7/site-packages/airflow/example_dags/example_trigger_target_dag.py took 0.053 seconds
[2022-12-21 16:58:01,298] {processor.py:153} INFO - Started process (PID=22460) to work on /home/airflow/.local/lib/python3.7/site-packages/airflow/example_dags/example_trigger_target_dag.py
[2022-12-21 16:58:01,298] {processor.py:641} INFO - Processing file /home/airflow/.local/lib/python3.7/site-packages/airflow/example_dags/example_trigger_target_dag.py for tasks to queue
[2022-12-21 16:58:01,299] {logging_mixin.py:115} INFO - [2022-12-21 16:58:01,299] {dagbag.py:507} INFO - Filling up the DagBag from /home/airflow/.local/lib/python3.7/site-packages/airflow/example_dags/example_trigger_target_dag.py
[2022-12-21 16:58:01,312] {processor.py:651} INFO - DAG(s) dict_keys(['example_trigger_target_dag']) retrieved from /home/airflow/.local/lib/python3.7/site-packages/airflow/example_dags/example_trigger_target_dag.py
[2022-12-21 16:58:01,332] {logging_mixin.py:115} INFO - [2022-12-21 16:58:01,332] {dag.py:2371} INFO - Sync 1 DAGs
[2022-12-21 16:58:01,349] {logging_mixin.py:115} INFO - [2022-12-21 16:58:01,349] {dag.py:2919} INFO - Setting next_dagrun for example_trigger_target_dag to None, run_after=None
[2022-12-21 16:58:01,360] {processor.py:161} INFO - Processing /home/airflow/.local/lib/python3.7/site-packages/airflow/example_dags/example_trigger_target_dag.py took 0.064 seconds
[2022-12-21 16:58:31,801] {processor.py:153} INFO - Started process (PID=22517) to work on /home/airflow/.local/lib/python3.7/site-packages/airflow/example_dags/example_trigger_target_dag.py
[2022-12-21 16:58:31,802] {processor.py:641} INFO - Processing file /home/airflow/.local/lib/python3.7/site-packages/airflow/example_dags/example_trigger_target_dag.py for tasks to queue
[2022-12-21 16:58:31,803] {logging_mixin.py:115} INFO - [2022-12-21 16:58:31,803] {dagbag.py:507} INFO - Filling up the DagBag from /home/airflow/.local/lib/python3.7/site-packages/airflow/example_dags/example_trigger_target_dag.py
[2022-12-21 16:58:31,817] {processor.py:651} INFO - DAG(s) dict_keys(['example_trigger_target_dag']) retrieved from /home/airflow/.local/lib/python3.7/site-packages/airflow/example_dags/example_trigger_target_dag.py
[2022-12-21 16:58:31,836] {logging_mixin.py:115} INFO - [2022-12-21 16:58:31,836] {dag.py:2371} INFO - Sync 1 DAGs
[2022-12-21 16:58:31,855] {logging_mixin.py:115} INFO - [2022-12-21 16:58:31,855] {dag.py:2919} INFO - Setting next_dagrun for example_trigger_target_dag to None, run_after=None
[2022-12-21 16:58:31,865] {processor.py:161} INFO - Processing /home/airflow/.local/lib/python3.7/site-packages/airflow/example_dags/example_trigger_target_dag.py took 0.066 seconds
[2022-12-21 16:59:02,290] {processor.py:153} INFO - Started process (PID=22583) to work on /home/airflow/.local/lib/python3.7/site-packages/airflow/example_dags/example_trigger_target_dag.py
[2022-12-21 16:59:02,291] {processor.py:641} INFO - Processing file /home/airflow/.local/lib/python3.7/site-packages/airflow/example_dags/example_trigger_target_dag.py for tasks to queue
[2022-12-21 16:59:02,291] {logging_mixin.py:115} INFO - [2022-12-21 16:59:02,291] {dagbag.py:507} INFO - Filling up the DagBag from /home/airflow/.local/lib/python3.7/site-packages/airflow/example_dags/example_trigger_target_dag.py
[2022-12-21 16:59:02,303] {processor.py:651} INFO - DAG(s) dict_keys(['example_trigger_target_dag']) retrieved from /home/airflow/.local/lib/python3.7/site-packages/airflow/example_dags/example_trigger_target_dag.py
[2022-12-21 16:59:02,321] {logging_mixin.py:115} INFO - [2022-12-21 16:59:02,321] {dag.py:2371} INFO - Sync 1 DAGs
[2022-12-21 16:59:02,337] {logging_mixin.py:115} INFO - [2022-12-21 16:59:02,337] {dag.py:2919} INFO - Setting next_dagrun for example_trigger_target_dag to None, run_after=None
[2022-12-21 16:59:02,346] {processor.py:161} INFO - Processing /home/airflow/.local/lib/python3.7/site-packages/airflow/example_dags/example_trigger_target_dag.py took 0.059 seconds
[2022-12-21 16:59:32,768] {processor.py:153} INFO - Started process (PID=22651) to work on /home/airflow/.local/lib/python3.7/site-packages/airflow/example_dags/example_trigger_target_dag.py
[2022-12-21 16:59:32,769] {processor.py:641} INFO - Processing file /home/airflow/.local/lib/python3.7/site-packages/airflow/example_dags/example_trigger_target_dag.py for tasks to queue
[2022-12-21 16:59:32,769] {logging_mixin.py:115} INFO - [2022-12-21 16:59:32,769] {dagbag.py:507} INFO - Filling up the DagBag from /home/airflow/.local/lib/python3.7/site-packages/airflow/example_dags/example_trigger_target_dag.py
[2022-12-21 16:59:32,780] {processor.py:651} INFO - DAG(s) dict_keys(['example_trigger_target_dag']) retrieved from /home/airflow/.local/lib/python3.7/site-packages/airflow/example_dags/example_trigger_target_dag.py
[2022-12-21 16:59:32,799] {logging_mixin.py:115} INFO - [2022-12-21 16:59:32,799] {dag.py:2371} INFO - Sync 1 DAGs
[2022-12-21 16:59:32,815] {logging_mixin.py:115} INFO - [2022-12-21 16:59:32,815] {dag.py:2919} INFO - Setting next_dagrun for example_trigger_target_dag to None, run_after=None
[2022-12-21 16:59:32,824] {processor.py:161} INFO - Processing /home/airflow/.local/lib/python3.7/site-packages/airflow/example_dags/example_trigger_target_dag.py took 0.058 seconds
[2022-12-21 17:00:03,366] {processor.py:153} INFO - Started process (PID=22717) to work on /home/airflow/.local/lib/python3.7/site-packages/airflow/example_dags/example_trigger_target_dag.py
[2022-12-21 17:00:03,366] {processor.py:641} INFO - Processing file /home/airflow/.local/lib/python3.7/site-packages/airflow/example_dags/example_trigger_target_dag.py for tasks to queue
[2022-12-21 17:00:03,367] {logging_mixin.py:115} INFO - [2022-12-21 17:00:03,367] {dagbag.py:507} INFO - Filling up the DagBag from /home/airflow/.local/lib/python3.7/site-packages/airflow/example_dags/example_trigger_target_dag.py
[2022-12-21 17:00:03,378] {processor.py:651} INFO - DAG(s) dict_keys(['example_trigger_target_dag']) retrieved from /home/airflow/.local/lib/python3.7/site-packages/airflow/example_dags/example_trigger_target_dag.py
[2022-12-21 17:00:03,397] {logging_mixin.py:115} INFO - [2022-12-21 17:00:03,397] {dag.py:2371} INFO - Sync 1 DAGs
[2022-12-21 17:00:03,417] {logging_mixin.py:115} INFO - [2022-12-21 17:00:03,417] {dag.py:2919} INFO - Setting next_dagrun for example_trigger_target_dag to None, run_after=None
[2022-12-21 17:00:03,427] {processor.py:161} INFO - Processing /home/airflow/.local/lib/python3.7/site-packages/airflow/example_dags/example_trigger_target_dag.py took 0.064 seconds
[2022-12-21 17:00:33,903] {processor.py:153} INFO - Started process (PID=22774) to work on /home/airflow/.local/lib/python3.7/site-packages/airflow/example_dags/example_trigger_target_dag.py
[2022-12-21 17:00:33,903] {processor.py:641} INFO - Processing file /home/airflow/.local/lib/python3.7/site-packages/airflow/example_dags/example_trigger_target_dag.py for tasks to queue
[2022-12-21 17:00:33,904] {logging_mixin.py:115} INFO - [2022-12-21 17:00:33,904] {dagbag.py:507} INFO - Filling up the DagBag from /home/airflow/.local/lib/python3.7/site-packages/airflow/example_dags/example_trigger_target_dag.py
[2022-12-21 17:00:33,916] {processor.py:651} INFO - DAG(s) dict_keys(['example_trigger_target_dag']) retrieved from /home/airflow/.local/lib/python3.7/site-packages/airflow/example_dags/example_trigger_target_dag.py
[2022-12-21 17:00:33,939] {logging_mixin.py:115} INFO - [2022-12-21 17:00:33,938] {dag.py:2371} INFO - Sync 1 DAGs
[2022-12-21 17:00:33,961] {logging_mixin.py:115} INFO - [2022-12-21 17:00:33,961] {dag.py:2919} INFO - Setting next_dagrun for example_trigger_target_dag to None, run_after=None
[2022-12-21 17:00:33,972] {processor.py:161} INFO - Processing /home/airflow/.local/lib/python3.7/site-packages/airflow/example_dags/example_trigger_target_dag.py took 0.071 seconds
[2022-12-21 17:01:04,400] {processor.py:153} INFO - Started process (PID=22840) to work on /home/airflow/.local/lib/python3.7/site-packages/airflow/example_dags/example_trigger_target_dag.py
[2022-12-21 17:01:04,400] {processor.py:641} INFO - Processing file /home/airflow/.local/lib/python3.7/site-packages/airflow/example_dags/example_trigger_target_dag.py for tasks to queue
[2022-12-21 17:01:04,401] {logging_mixin.py:115} INFO - [2022-12-21 17:01:04,401] {dagbag.py:507} INFO - Filling up the DagBag from /home/airflow/.local/lib/python3.7/site-packages/airflow/example_dags/example_trigger_target_dag.py
[2022-12-21 17:01:04,411] {processor.py:651} INFO - DAG(s) dict_keys(['example_trigger_target_dag']) retrieved from /home/airflow/.local/lib/python3.7/site-packages/airflow/example_dags/example_trigger_target_dag.py
[2022-12-21 17:01:04,433] {logging_mixin.py:115} INFO - [2022-12-21 17:01:04,433] {dag.py:2371} INFO - Sync 1 DAGs
[2022-12-21 17:01:04,456] {logging_mixin.py:115} INFO - [2022-12-21 17:01:04,455] {dag.py:2919} INFO - Setting next_dagrun for example_trigger_target_dag to None, run_after=None
[2022-12-21 17:01:04,466] {processor.py:161} INFO - Processing /home/airflow/.local/lib/python3.7/site-packages/airflow/example_dags/example_trigger_target_dag.py took 0.068 seconds
[2022-12-21 17:01:35,013] {processor.py:153} INFO - Started process (PID=22906) to work on /home/airflow/.local/lib/python3.7/site-packages/airflow/example_dags/example_trigger_target_dag.py
[2022-12-21 17:01:35,014] {processor.py:641} INFO - Processing file /home/airflow/.local/lib/python3.7/site-packages/airflow/example_dags/example_trigger_target_dag.py for tasks to queue
[2022-12-21 17:01:35,015] {logging_mixin.py:115} INFO - [2022-12-21 17:01:35,015] {dagbag.py:507} INFO - Filling up the DagBag from /home/airflow/.local/lib/python3.7/site-packages/airflow/example_dags/example_trigger_target_dag.py
[2022-12-21 17:01:35,030] {processor.py:651} INFO - DAG(s) dict_keys(['example_trigger_target_dag']) retrieved from /home/airflow/.local/lib/python3.7/site-packages/airflow/example_dags/example_trigger_target_dag.py
[2022-12-21 17:01:35,049] {logging_mixin.py:115} INFO - [2022-12-21 17:01:35,049] {dag.py:2371} INFO - Sync 1 DAGs
[2022-12-21 17:01:35,066] {logging_mixin.py:115} INFO - [2022-12-21 17:01:35,066] {dag.py:2919} INFO - Setting next_dagrun for example_trigger_target_dag to None, run_after=None
[2022-12-21 17:01:35,074] {processor.py:161} INFO - Processing /home/airflow/.local/lib/python3.7/site-packages/airflow/example_dags/example_trigger_target_dag.py took 0.063 seconds
[2022-12-21 17:02:05,601] {processor.py:153} INFO - Started process (PID=22971) to work on /home/airflow/.local/lib/python3.7/site-packages/airflow/example_dags/example_trigger_target_dag.py
[2022-12-21 17:02:05,601] {processor.py:641} INFO - Processing file /home/airflow/.local/lib/python3.7/site-packages/airflow/example_dags/example_trigger_target_dag.py for tasks to queue
[2022-12-21 17:02:05,602] {logging_mixin.py:115} INFO - [2022-12-21 17:02:05,602] {dagbag.py:507} INFO - Filling up the DagBag from /home/airflow/.local/lib/python3.7/site-packages/airflow/example_dags/example_trigger_target_dag.py
[2022-12-21 17:02:05,618] {processor.py:651} INFO - DAG(s) dict_keys(['example_trigger_target_dag']) retrieved from /home/airflow/.local/lib/python3.7/site-packages/airflow/example_dags/example_trigger_target_dag.py
[2022-12-21 17:02:05,639] {logging_mixin.py:115} INFO - [2022-12-21 17:02:05,639] {dag.py:2371} INFO - Sync 1 DAGs
[2022-12-21 17:02:05,661] {logging_mixin.py:115} INFO - [2022-12-21 17:02:05,661] {dag.py:2919} INFO - Setting next_dagrun for example_trigger_target_dag to None, run_after=None
[2022-12-21 17:02:05,673] {processor.py:161} INFO - Processing /home/airflow/.local/lib/python3.7/site-packages/airflow/example_dags/example_trigger_target_dag.py took 0.075 seconds
[2022-12-21 17:02:36,262] {processor.py:153} INFO - Started process (PID=23028) to work on /home/airflow/.local/lib/python3.7/site-packages/airflow/example_dags/example_trigger_target_dag.py
[2022-12-21 17:02:36,263] {processor.py:641} INFO - Processing file /home/airflow/.local/lib/python3.7/site-packages/airflow/example_dags/example_trigger_target_dag.py for tasks to queue
[2022-12-21 17:02:36,264] {logging_mixin.py:115} INFO - [2022-12-21 17:02:36,264] {dagbag.py:507} INFO - Filling up the DagBag from /home/airflow/.local/lib/python3.7/site-packages/airflow/example_dags/example_trigger_target_dag.py
[2022-12-21 17:02:36,281] {processor.py:651} INFO - DAG(s) dict_keys(['example_trigger_target_dag']) retrieved from /home/airflow/.local/lib/python3.7/site-packages/airflow/example_dags/example_trigger_target_dag.py
[2022-12-21 17:02:36,304] {logging_mixin.py:115} INFO - [2022-12-21 17:02:36,304] {dag.py:2371} INFO - Sync 1 DAGs
[2022-12-21 17:02:36,327] {logging_mixin.py:115} INFO - [2022-12-21 17:02:36,326] {dag.py:2919} INFO - Setting next_dagrun for example_trigger_target_dag to None, run_after=None
[2022-12-21 17:02:36,338] {processor.py:161} INFO - Processing /home/airflow/.local/lib/python3.7/site-packages/airflow/example_dags/example_trigger_target_dag.py took 0.080 seconds
[2022-12-21 17:03:06,982] {processor.py:153} INFO - Started process (PID=23094) to work on /home/airflow/.local/lib/python3.7/site-packages/airflow/example_dags/example_trigger_target_dag.py
[2022-12-21 17:03:06,983] {processor.py:641} INFO - Processing file /home/airflow/.local/lib/python3.7/site-packages/airflow/example_dags/example_trigger_target_dag.py for tasks to queue
[2022-12-21 17:03:06,983] {logging_mixin.py:115} INFO - [2022-12-21 17:03:06,983] {dagbag.py:507} INFO - Filling up the DagBag from /home/airflow/.local/lib/python3.7/site-packages/airflow/example_dags/example_trigger_target_dag.py
[2022-12-21 17:03:06,996] {processor.py:651} INFO - DAG(s) dict_keys(['example_trigger_target_dag']) retrieved from /home/airflow/.local/lib/python3.7/site-packages/airflow/example_dags/example_trigger_target_dag.py
[2022-12-21 17:03:07,015] {logging_mixin.py:115} INFO - [2022-12-21 17:03:07,015] {dag.py:2371} INFO - Sync 1 DAGs
[2022-12-21 17:03:07,033] {logging_mixin.py:115} INFO - [2022-12-21 17:03:07,033] {dag.py:2919} INFO - Setting next_dagrun for example_trigger_target_dag to None, run_after=None
[2022-12-21 17:03:07,044] {processor.py:161} INFO - Processing /home/airflow/.local/lib/python3.7/site-packages/airflow/example_dags/example_trigger_target_dag.py took 0.064 seconds
[2022-12-21 17:03:37,711] {processor.py:153} INFO - Started process (PID=23161) to work on /home/airflow/.local/lib/python3.7/site-packages/airflow/example_dags/example_trigger_target_dag.py
[2022-12-21 17:03:37,712] {processor.py:641} INFO - Processing file /home/airflow/.local/lib/python3.7/site-packages/airflow/example_dags/example_trigger_target_dag.py for tasks to queue
[2022-12-21 17:03:37,712] {logging_mixin.py:115} INFO - [2022-12-21 17:03:37,712] {dagbag.py:507} INFO - Filling up the DagBag from /home/airflow/.local/lib/python3.7/site-packages/airflow/example_dags/example_trigger_target_dag.py
[2022-12-21 17:03:37,724] {processor.py:651} INFO - DAG(s) dict_keys(['example_trigger_target_dag']) retrieved from /home/airflow/.local/lib/python3.7/site-packages/airflow/example_dags/example_trigger_target_dag.py
[2022-12-21 17:03:37,744] {logging_mixin.py:115} INFO - [2022-12-21 17:03:37,744] {dag.py:2371} INFO - Sync 1 DAGs
[2022-12-21 17:03:37,761] {logging_mixin.py:115} INFO - [2022-12-21 17:03:37,761] {dag.py:2919} INFO - Setting next_dagrun for example_trigger_target_dag to None, run_after=None
[2022-12-21 17:03:37,771] {processor.py:161} INFO - Processing /home/airflow/.local/lib/python3.7/site-packages/airflow/example_dags/example_trigger_target_dag.py took 0.062 seconds
[2022-12-21 17:04:08,292] {processor.py:153} INFO - Started process (PID=23218) to work on /home/airflow/.local/lib/python3.7/site-packages/airflow/example_dags/example_trigger_target_dag.py
[2022-12-21 17:04:08,293] {processor.py:641} INFO - Processing file /home/airflow/.local/lib/python3.7/site-packages/airflow/example_dags/example_trigger_target_dag.py for tasks to queue
[2022-12-21 17:04:08,293] {logging_mixin.py:115} INFO - [2022-12-21 17:04:08,293] {dagbag.py:507} INFO - Filling up the DagBag from /home/airflow/.local/lib/python3.7/site-packages/airflow/example_dags/example_trigger_target_dag.py
[2022-12-21 17:04:08,305] {processor.py:651} INFO - DAG(s) dict_keys(['example_trigger_target_dag']) retrieved from /home/airflow/.local/lib/python3.7/site-packages/airflow/example_dags/example_trigger_target_dag.py
[2022-12-21 17:04:08,326] {logging_mixin.py:115} INFO - [2022-12-21 17:04:08,326] {dag.py:2371} INFO - Sync 1 DAGs
[2022-12-21 17:04:08,344] {logging_mixin.py:115} INFO - [2022-12-21 17:04:08,344] {dag.py:2919} INFO - Setting next_dagrun for example_trigger_target_dag to None, run_after=None
[2022-12-21 17:04:08,355] {processor.py:161} INFO - Processing /home/airflow/.local/lib/python3.7/site-packages/airflow/example_dags/example_trigger_target_dag.py took 0.066 seconds
[2022-12-21 17:04:38,833] {processor.py:153} INFO - Started process (PID=23284) to work on /home/airflow/.local/lib/python3.7/site-packages/airflow/example_dags/example_trigger_target_dag.py
[2022-12-21 17:04:38,834] {processor.py:641} INFO - Processing file /home/airflow/.local/lib/python3.7/site-packages/airflow/example_dags/example_trigger_target_dag.py for tasks to queue
[2022-12-21 17:04:38,835] {logging_mixin.py:115} INFO - [2022-12-21 17:04:38,834] {dagbag.py:507} INFO - Filling up the DagBag from /home/airflow/.local/lib/python3.7/site-packages/airflow/example_dags/example_trigger_target_dag.py
[2022-12-21 17:04:38,849] {processor.py:651} INFO - DAG(s) dict_keys(['example_trigger_target_dag']) retrieved from /home/airflow/.local/lib/python3.7/site-packages/airflow/example_dags/example_trigger_target_dag.py
[2022-12-21 17:04:38,869] {logging_mixin.py:115} INFO - [2022-12-21 17:04:38,869] {dag.py:2371} INFO - Sync 1 DAGs
[2022-12-21 17:04:38,885] {logging_mixin.py:115} INFO - [2022-12-21 17:04:38,885] {dag.py:2919} INFO - Setting next_dagrun for example_trigger_target_dag to None, run_after=None
[2022-12-21 17:04:38,894] {processor.py:161} INFO - Processing /home/airflow/.local/lib/python3.7/site-packages/airflow/example_dags/example_trigger_target_dag.py took 0.064 seconds
[2022-12-21 17:05:09,347] {processor.py:153} INFO - Started process (PID=23350) to work on /home/airflow/.local/lib/python3.7/site-packages/airflow/example_dags/example_trigger_target_dag.py
[2022-12-21 17:05:09,347] {processor.py:641} INFO - Processing file /home/airflow/.local/lib/python3.7/site-packages/airflow/example_dags/example_trigger_target_dag.py for tasks to queue
[2022-12-21 17:05:09,348] {logging_mixin.py:115} INFO - [2022-12-21 17:05:09,348] {dagbag.py:507} INFO - Filling up the DagBag from /home/airflow/.local/lib/python3.7/site-packages/airflow/example_dags/example_trigger_target_dag.py
[2022-12-21 17:05:09,360] {processor.py:651} INFO - DAG(s) dict_keys(['example_trigger_target_dag']) retrieved from /home/airflow/.local/lib/python3.7/site-packages/airflow/example_dags/example_trigger_target_dag.py
[2022-12-21 17:05:09,382] {logging_mixin.py:115} INFO - [2022-12-21 17:05:09,381] {dag.py:2371} INFO - Sync 1 DAGs
[2022-12-21 17:05:09,399] {logging_mixin.py:115} INFO - [2022-12-21 17:05:09,399] {dag.py:2919} INFO - Setting next_dagrun for example_trigger_target_dag to None, run_after=None
[2022-12-21 17:05:09,409] {processor.py:161} INFO - Processing /home/airflow/.local/lib/python3.7/site-packages/airflow/example_dags/example_trigger_target_dag.py took 0.065 seconds
[2022-12-21 17:05:40,175] {processor.py:153} INFO - Started process (PID=23415) to work on /home/airflow/.local/lib/python3.7/site-packages/airflow/example_dags/example_trigger_target_dag.py
[2022-12-21 17:05:40,176] {processor.py:641} INFO - Processing file /home/airflow/.local/lib/python3.7/site-packages/airflow/example_dags/example_trigger_target_dag.py for tasks to queue
[2022-12-21 17:05:40,177] {logging_mixin.py:115} INFO - [2022-12-21 17:05:40,177] {dagbag.py:507} INFO - Filling up the DagBag from /home/airflow/.local/lib/python3.7/site-packages/airflow/example_dags/example_trigger_target_dag.py
[2022-12-21 17:05:40,191] {processor.py:651} INFO - DAG(s) dict_keys(['example_trigger_target_dag']) retrieved from /home/airflow/.local/lib/python3.7/site-packages/airflow/example_dags/example_trigger_target_dag.py
[2022-12-21 17:05:40,217] {logging_mixin.py:115} INFO - [2022-12-21 17:05:40,217] {dag.py:2371} INFO - Sync 1 DAGs
[2022-12-21 17:05:40,237] {logging_mixin.py:115} INFO - [2022-12-21 17:05:40,237] {dag.py:2919} INFO - Setting next_dagrun for example_trigger_target_dag to None, run_after=None
[2022-12-21 17:05:40,248] {processor.py:161} INFO - Processing /home/airflow/.local/lib/python3.7/site-packages/airflow/example_dags/example_trigger_target_dag.py took 0.075 seconds
[2022-12-21 17:06:10,992] {processor.py:153} INFO - Started process (PID=23473) to work on /home/airflow/.local/lib/python3.7/site-packages/airflow/example_dags/example_trigger_target_dag.py
[2022-12-21 17:06:10,992] {processor.py:641} INFO - Processing file /home/airflow/.local/lib/python3.7/site-packages/airflow/example_dags/example_trigger_target_dag.py for tasks to queue
[2022-12-21 17:06:10,993] {logging_mixin.py:115} INFO - [2022-12-21 17:06:10,993] {dagbag.py:507} INFO - Filling up the DagBag from /home/airflow/.local/lib/python3.7/site-packages/airflow/example_dags/example_trigger_target_dag.py
[2022-12-21 17:06:11,011] {processor.py:651} INFO - DAG(s) dict_keys(['example_trigger_target_dag']) retrieved from /home/airflow/.local/lib/python3.7/site-packages/airflow/example_dags/example_trigger_target_dag.py
[2022-12-21 17:06:11,033] {logging_mixin.py:115} INFO - [2022-12-21 17:06:11,033] {dag.py:2371} INFO - Sync 1 DAGs
[2022-12-21 17:06:11,049] {logging_mixin.py:115} INFO - [2022-12-21 17:06:11,049] {dag.py:2919} INFO - Setting next_dagrun for example_trigger_target_dag to None, run_after=None
[2022-12-21 17:06:11,058] {processor.py:161} INFO - Processing /home/airflow/.local/lib/python3.7/site-packages/airflow/example_dags/example_trigger_target_dag.py took 0.069 seconds
[2022-12-21 17:06:41,528] {processor.py:153} INFO - Started process (PID=23540) to work on /home/airflow/.local/lib/python3.7/site-packages/airflow/example_dags/example_trigger_target_dag.py
[2022-12-21 17:06:41,529] {processor.py:641} INFO - Processing file /home/airflow/.local/lib/python3.7/site-packages/airflow/example_dags/example_trigger_target_dag.py for tasks to queue
[2022-12-21 17:06:41,529] {logging_mixin.py:115} INFO - [2022-12-21 17:06:41,529] {dagbag.py:507} INFO - Filling up the DagBag from /home/airflow/.local/lib/python3.7/site-packages/airflow/example_dags/example_trigger_target_dag.py
[2022-12-21 17:06:41,542] {processor.py:651} INFO - DAG(s) dict_keys(['example_trigger_target_dag']) retrieved from /home/airflow/.local/lib/python3.7/site-packages/airflow/example_dags/example_trigger_target_dag.py
[2022-12-21 17:06:41,561] {logging_mixin.py:115} INFO - [2022-12-21 17:06:41,561] {dag.py:2371} INFO - Sync 1 DAGs
[2022-12-21 17:06:41,577] {logging_mixin.py:115} INFO - [2022-12-21 17:06:41,576] {dag.py:2919} INFO - Setting next_dagrun for example_trigger_target_dag to None, run_after=None
[2022-12-21 17:06:41,586] {processor.py:161} INFO - Processing /home/airflow/.local/lib/python3.7/site-packages/airflow/example_dags/example_trigger_target_dag.py took 0.060 seconds
[2022-12-21 17:07:12,075] {processor.py:153} INFO - Started process (PID=23606) to work on /home/airflow/.local/lib/python3.7/site-packages/airflow/example_dags/example_trigger_target_dag.py
[2022-12-21 17:07:12,075] {processor.py:641} INFO - Processing file /home/airflow/.local/lib/python3.7/site-packages/airflow/example_dags/example_trigger_target_dag.py for tasks to queue
[2022-12-21 17:07:12,076] {logging_mixin.py:115} INFO - [2022-12-21 17:07:12,076] {dagbag.py:507} INFO - Filling up the DagBag from /home/airflow/.local/lib/python3.7/site-packages/airflow/example_dags/example_trigger_target_dag.py
[2022-12-21 17:07:12,087] {processor.py:651} INFO - DAG(s) dict_keys(['example_trigger_target_dag']) retrieved from /home/airflow/.local/lib/python3.7/site-packages/airflow/example_dags/example_trigger_target_dag.py
[2022-12-21 17:07:12,110] {logging_mixin.py:115} INFO - [2022-12-21 17:07:12,110] {dag.py:2371} INFO - Sync 1 DAGs
[2022-12-21 17:07:12,130] {logging_mixin.py:115} INFO - [2022-12-21 17:07:12,130] {dag.py:2919} INFO - Setting next_dagrun for example_trigger_target_dag to None, run_after=None
[2022-12-21 17:07:12,140] {processor.py:161} INFO - Processing /home/airflow/.local/lib/python3.7/site-packages/airflow/example_dags/example_trigger_target_dag.py took 0.067 seconds
[2022-12-21 17:07:42,641] {processor.py:153} INFO - Started process (PID=23671) to work on /home/airflow/.local/lib/python3.7/site-packages/airflow/example_dags/example_trigger_target_dag.py
[2022-12-21 17:07:42,642] {processor.py:641} INFO - Processing file /home/airflow/.local/lib/python3.7/site-packages/airflow/example_dags/example_trigger_target_dag.py for tasks to queue
[2022-12-21 17:07:42,642] {logging_mixin.py:115} INFO - [2022-12-21 17:07:42,642] {dagbag.py:507} INFO - Filling up the DagBag from /home/airflow/.local/lib/python3.7/site-packages/airflow/example_dags/example_trigger_target_dag.py
[2022-12-21 17:07:42,654] {processor.py:651} INFO - DAG(s) dict_keys(['example_trigger_target_dag']) retrieved from /home/airflow/.local/lib/python3.7/site-packages/airflow/example_dags/example_trigger_target_dag.py
[2022-12-21 17:07:42,675] {logging_mixin.py:115} INFO - [2022-12-21 17:07:42,675] {dag.py:2371} INFO - Sync 1 DAGs
[2022-12-21 17:07:42,695] {logging_mixin.py:115} INFO - [2022-12-21 17:07:42,695] {dag.py:2919} INFO - Setting next_dagrun for example_trigger_target_dag to None, run_after=None
[2022-12-21 17:07:42,706] {processor.py:161} INFO - Processing /home/airflow/.local/lib/python3.7/site-packages/airflow/example_dags/example_trigger_target_dag.py took 0.067 seconds
[2022-12-21 17:08:13,226] {processor.py:153} INFO - Started process (PID=23728) to work on /home/airflow/.local/lib/python3.7/site-packages/airflow/example_dags/example_trigger_target_dag.py
[2022-12-21 17:08:13,227] {processor.py:641} INFO - Processing file /home/airflow/.local/lib/python3.7/site-packages/airflow/example_dags/example_trigger_target_dag.py for tasks to queue
[2022-12-21 17:08:13,227] {logging_mixin.py:115} INFO - [2022-12-21 17:08:13,227] {dagbag.py:507} INFO - Filling up the DagBag from /home/airflow/.local/lib/python3.7/site-packages/airflow/example_dags/example_trigger_target_dag.py
[2022-12-21 17:08:13,242] {processor.py:651} INFO - DAG(s) dict_keys(['example_trigger_target_dag']) retrieved from /home/airflow/.local/lib/python3.7/site-packages/airflow/example_dags/example_trigger_target_dag.py
[2022-12-21 17:08:13,261] {logging_mixin.py:115} INFO - [2022-12-21 17:08:13,261] {dag.py:2371} INFO - Sync 1 DAGs
[2022-12-21 17:08:13,278] {logging_mixin.py:115} INFO - [2022-12-21 17:08:13,278] {dag.py:2919} INFO - Setting next_dagrun for example_trigger_target_dag to None, run_after=None
[2022-12-21 17:08:13,287] {processor.py:161} INFO - Processing /home/airflow/.local/lib/python3.7/site-packages/airflow/example_dags/example_trigger_target_dag.py took 0.064 seconds
[2022-12-21 17:08:43,765] {processor.py:153} INFO - Started process (PID=23795) to work on /home/airflow/.local/lib/python3.7/site-packages/airflow/example_dags/example_trigger_target_dag.py
[2022-12-21 17:08:43,766] {processor.py:641} INFO - Processing file /home/airflow/.local/lib/python3.7/site-packages/airflow/example_dags/example_trigger_target_dag.py for tasks to queue
[2022-12-21 17:08:43,766] {logging_mixin.py:115} INFO - [2022-12-21 17:08:43,766] {dagbag.py:507} INFO - Filling up the DagBag from /home/airflow/.local/lib/python3.7/site-packages/airflow/example_dags/example_trigger_target_dag.py
[2022-12-21 17:08:43,779] {processor.py:651} INFO - DAG(s) dict_keys(['example_trigger_target_dag']) retrieved from /home/airflow/.local/lib/python3.7/site-packages/airflow/example_dags/example_trigger_target_dag.py
[2022-12-21 17:08:43,799] {logging_mixin.py:115} INFO - [2022-12-21 17:08:43,798] {dag.py:2371} INFO - Sync 1 DAGs
[2022-12-21 17:08:43,816] {logging_mixin.py:115} INFO - [2022-12-21 17:08:43,816] {dag.py:2919} INFO - Setting next_dagrun for example_trigger_target_dag to None, run_after=None
[2022-12-21 17:08:43,825] {processor.py:161} INFO - Processing /home/airflow/.local/lib/python3.7/site-packages/airflow/example_dags/example_trigger_target_dag.py took 0.062 seconds
[2022-12-21 17:09:14,544] {processor.py:153} INFO - Started process (PID=23861) to work on /home/airflow/.local/lib/python3.7/site-packages/airflow/example_dags/example_trigger_target_dag.py
[2022-12-21 17:09:14,545] {processor.py:641} INFO - Processing file /home/airflow/.local/lib/python3.7/site-packages/airflow/example_dags/example_trigger_target_dag.py for tasks to queue
[2022-12-21 17:09:14,546] {logging_mixin.py:115} INFO - [2022-12-21 17:09:14,545] {dagbag.py:507} INFO - Filling up the DagBag from /home/airflow/.local/lib/python3.7/site-packages/airflow/example_dags/example_trigger_target_dag.py
[2022-12-21 17:09:14,561] {processor.py:651} INFO - DAG(s) dict_keys(['example_trigger_target_dag']) retrieved from /home/airflow/.local/lib/python3.7/site-packages/airflow/example_dags/example_trigger_target_dag.py
[2022-12-21 17:09:14,582] {logging_mixin.py:115} INFO - [2022-12-21 17:09:14,581] {dag.py:2371} INFO - Sync 1 DAGs
[2022-12-21 17:09:14,598] {logging_mixin.py:115} INFO - [2022-12-21 17:09:14,598] {dag.py:2919} INFO - Setting next_dagrun for example_trigger_target_dag to None, run_after=None
[2022-12-21 17:09:14,609] {processor.py:161} INFO - Processing /home/airflow/.local/lib/python3.7/site-packages/airflow/example_dags/example_trigger_target_dag.py took 0.068 seconds
[2022-12-21 17:09:45,288] {processor.py:153} INFO - Started process (PID=23929) to work on /home/airflow/.local/lib/python3.7/site-packages/airflow/example_dags/example_trigger_target_dag.py
[2022-12-21 17:09:45,288] {processor.py:641} INFO - Processing file /home/airflow/.local/lib/python3.7/site-packages/airflow/example_dags/example_trigger_target_dag.py for tasks to queue
[2022-12-21 17:09:45,289] {logging_mixin.py:115} INFO - [2022-12-21 17:09:45,289] {dagbag.py:507} INFO - Filling up the DagBag from /home/airflow/.local/lib/python3.7/site-packages/airflow/example_dags/example_trigger_target_dag.py
[2022-12-21 17:09:45,303] {processor.py:651} INFO - DAG(s) dict_keys(['example_trigger_target_dag']) retrieved from /home/airflow/.local/lib/python3.7/site-packages/airflow/example_dags/example_trigger_target_dag.py
[2022-12-21 17:09:45,323] {logging_mixin.py:115} INFO - [2022-12-21 17:09:45,323] {dag.py:2371} INFO - Sync 1 DAGs
[2022-12-21 17:09:45,340] {logging_mixin.py:115} INFO - [2022-12-21 17:09:45,340] {dag.py:2919} INFO - Setting next_dagrun for example_trigger_target_dag to None, run_after=None
[2022-12-21 17:09:45,350] {processor.py:161} INFO - Processing /home/airflow/.local/lib/python3.7/site-packages/airflow/example_dags/example_trigger_target_dag.py took 0.065 seconds
[2022-12-21 17:10:15,918] {processor.py:153} INFO - Started process (PID=23986) to work on /home/airflow/.local/lib/python3.7/site-packages/airflow/example_dags/example_trigger_target_dag.py
[2022-12-21 17:10:15,919] {processor.py:641} INFO - Processing file /home/airflow/.local/lib/python3.7/site-packages/airflow/example_dags/example_trigger_target_dag.py for tasks to queue
[2022-12-21 17:10:15,920] {logging_mixin.py:115} INFO - [2022-12-21 17:10:15,920] {dagbag.py:507} INFO - Filling up the DagBag from /home/airflow/.local/lib/python3.7/site-packages/airflow/example_dags/example_trigger_target_dag.py
[2022-12-21 17:10:15,932] {processor.py:651} INFO - DAG(s) dict_keys(['example_trigger_target_dag']) retrieved from /home/airflow/.local/lib/python3.7/site-packages/airflow/example_dags/example_trigger_target_dag.py
[2022-12-21 17:10:15,952] {logging_mixin.py:115} INFO - [2022-12-21 17:10:15,952] {dag.py:2371} INFO - Sync 1 DAGs
[2022-12-21 17:10:15,974] {logging_mixin.py:115} INFO - [2022-12-21 17:10:15,974] {dag.py:2919} INFO - Setting next_dagrun for example_trigger_target_dag to None, run_after=None
[2022-12-21 17:10:15,984] {processor.py:161} INFO - Processing /home/airflow/.local/lib/python3.7/site-packages/airflow/example_dags/example_trigger_target_dag.py took 0.068 seconds
[2022-12-21 17:10:46,505] {processor.py:153} INFO - Started process (PID=24053) to work on /home/airflow/.local/lib/python3.7/site-packages/airflow/example_dags/example_trigger_target_dag.py
[2022-12-21 17:10:46,506] {processor.py:641} INFO - Processing file /home/airflow/.local/lib/python3.7/site-packages/airflow/example_dags/example_trigger_target_dag.py for tasks to queue
[2022-12-21 17:10:46,506] {logging_mixin.py:115} INFO - [2022-12-21 17:10:46,506] {dagbag.py:507} INFO - Filling up the DagBag from /home/airflow/.local/lib/python3.7/site-packages/airflow/example_dags/example_trigger_target_dag.py
[2022-12-21 17:10:46,522] {processor.py:651} INFO - DAG(s) dict_keys(['example_trigger_target_dag']) retrieved from /home/airflow/.local/lib/python3.7/site-packages/airflow/example_dags/example_trigger_target_dag.py
[2022-12-21 17:10:46,545] {logging_mixin.py:115} INFO - [2022-12-21 17:10:46,545] {dag.py:2371} INFO - Sync 1 DAGs
[2022-12-21 17:10:46,562] {logging_mixin.py:115} INFO - [2022-12-21 17:10:46,562] {dag.py:2919} INFO - Setting next_dagrun for example_trigger_target_dag to None, run_after=None
[2022-12-21 17:10:46,574] {processor.py:161} INFO - Processing /home/airflow/.local/lib/python3.7/site-packages/airflow/example_dags/example_trigger_target_dag.py took 0.072 seconds
[2022-12-21 17:11:17,136] {processor.py:153} INFO - Started process (PID=24119) to work on /home/airflow/.local/lib/python3.7/site-packages/airflow/example_dags/example_trigger_target_dag.py
[2022-12-21 17:11:17,136] {processor.py:641} INFO - Processing file /home/airflow/.local/lib/python3.7/site-packages/airflow/example_dags/example_trigger_target_dag.py for tasks to queue
[2022-12-21 17:11:17,137] {logging_mixin.py:115} INFO - [2022-12-21 17:11:17,137] {dagbag.py:507} INFO - Filling up the DagBag from /home/airflow/.local/lib/python3.7/site-packages/airflow/example_dags/example_trigger_target_dag.py
[2022-12-21 17:11:17,152] {processor.py:651} INFO - DAG(s) dict_keys(['example_trigger_target_dag']) retrieved from /home/airflow/.local/lib/python3.7/site-packages/airflow/example_dags/example_trigger_target_dag.py
[2022-12-21 17:11:17,175] {logging_mixin.py:115} INFO - [2022-12-21 17:11:17,175] {dag.py:2371} INFO - Sync 1 DAGs
[2022-12-21 17:11:17,195] {logging_mixin.py:115} INFO - [2022-12-21 17:11:17,195] {dag.py:2919} INFO - Setting next_dagrun for example_trigger_target_dag to None, run_after=None
[2022-12-21 17:11:17,206] {processor.py:161} INFO - Processing /home/airflow/.local/lib/python3.7/site-packages/airflow/example_dags/example_trigger_target_dag.py took 0.073 seconds
[2022-12-21 17:11:47,732] {processor.py:153} INFO - Started process (PID=24185) to work on /home/airflow/.local/lib/python3.7/site-packages/airflow/example_dags/example_trigger_target_dag.py
[2022-12-21 17:11:47,733] {processor.py:641} INFO - Processing file /home/airflow/.local/lib/python3.7/site-packages/airflow/example_dags/example_trigger_target_dag.py for tasks to queue
[2022-12-21 17:11:47,733] {logging_mixin.py:115} INFO - [2022-12-21 17:11:47,733] {dagbag.py:507} INFO - Filling up the DagBag from /home/airflow/.local/lib/python3.7/site-packages/airflow/example_dags/example_trigger_target_dag.py
[2022-12-21 17:11:47,745] {processor.py:651} INFO - DAG(s) dict_keys(['example_trigger_target_dag']) retrieved from /home/airflow/.local/lib/python3.7/site-packages/airflow/example_dags/example_trigger_target_dag.py
[2022-12-21 17:11:47,769] {logging_mixin.py:115} INFO - [2022-12-21 17:11:47,768] {dag.py:2371} INFO - Sync 1 DAGs
[2022-12-21 17:11:47,811] {logging_mixin.py:115} INFO - [2022-12-21 17:11:47,811] {dag.py:2919} INFO - Setting next_dagrun for example_trigger_target_dag to None, run_after=None
[2022-12-21 17:11:47,828] {processor.py:161} INFO - Processing /home/airflow/.local/lib/python3.7/site-packages/airflow/example_dags/example_trigger_target_dag.py took 0.098 seconds
[2022-12-21 17:12:18,323] {processor.py:153} INFO - Started process (PID=24241) to work on /home/airflow/.local/lib/python3.7/site-packages/airflow/example_dags/example_trigger_target_dag.py
[2022-12-21 17:12:18,324] {processor.py:641} INFO - Processing file /home/airflow/.local/lib/python3.7/site-packages/airflow/example_dags/example_trigger_target_dag.py for tasks to queue
[2022-12-21 17:12:18,324] {logging_mixin.py:115} INFO - [2022-12-21 17:12:18,324] {dagbag.py:507} INFO - Filling up the DagBag from /home/airflow/.local/lib/python3.7/site-packages/airflow/example_dags/example_trigger_target_dag.py
[2022-12-21 17:12:18,336] {processor.py:651} INFO - DAG(s) dict_keys(['example_trigger_target_dag']) retrieved from /home/airflow/.local/lib/python3.7/site-packages/airflow/example_dags/example_trigger_target_dag.py
[2022-12-21 17:12:18,355] {logging_mixin.py:115} INFO - [2022-12-21 17:12:18,355] {dag.py:2371} INFO - Sync 1 DAGs
[2022-12-21 17:12:18,374] {logging_mixin.py:115} INFO - [2022-12-21 17:12:18,374] {dag.py:2919} INFO - Setting next_dagrun for example_trigger_target_dag to None, run_after=None
[2022-12-21 17:12:18,386] {processor.py:161} INFO - Processing /home/airflow/.local/lib/python3.7/site-packages/airflow/example_dags/example_trigger_target_dag.py took 0.065 seconds
[2022-12-21 17:12:48,853] {processor.py:153} INFO - Started process (PID=24308) to work on /home/airflow/.local/lib/python3.7/site-packages/airflow/example_dags/example_trigger_target_dag.py
[2022-12-21 17:12:48,854] {processor.py:641} INFO - Processing file /home/airflow/.local/lib/python3.7/site-packages/airflow/example_dags/example_trigger_target_dag.py for tasks to queue
[2022-12-21 17:12:48,854] {logging_mixin.py:115} INFO - [2022-12-21 17:12:48,854] {dagbag.py:507} INFO - Filling up the DagBag from /home/airflow/.local/lib/python3.7/site-packages/airflow/example_dags/example_trigger_target_dag.py
[2022-12-21 17:12:48,869] {processor.py:651} INFO - DAG(s) dict_keys(['example_trigger_target_dag']) retrieved from /home/airflow/.local/lib/python3.7/site-packages/airflow/example_dags/example_trigger_target_dag.py
[2022-12-21 17:12:48,891] {logging_mixin.py:115} INFO - [2022-12-21 17:12:48,891] {dag.py:2371} INFO - Sync 1 DAGs
[2022-12-21 17:12:48,909] {logging_mixin.py:115} INFO - [2022-12-21 17:12:48,909] {dag.py:2919} INFO - Setting next_dagrun for example_trigger_target_dag to None, run_after=None
[2022-12-21 17:12:48,919] {processor.py:161} INFO - Processing /home/airflow/.local/lib/python3.7/site-packages/airflow/example_dags/example_trigger_target_dag.py took 0.070 seconds
[2022-12-21 17:13:19,331] {processor.py:153} INFO - Started process (PID=24373) to work on /home/airflow/.local/lib/python3.7/site-packages/airflow/example_dags/example_trigger_target_dag.py
[2022-12-21 17:13:19,331] {processor.py:641} INFO - Processing file /home/airflow/.local/lib/python3.7/site-packages/airflow/example_dags/example_trigger_target_dag.py for tasks to queue
[2022-12-21 17:13:19,332] {logging_mixin.py:115} INFO - [2022-12-21 17:13:19,332] {dagbag.py:507} INFO - Filling up the DagBag from /home/airflow/.local/lib/python3.7/site-packages/airflow/example_dags/example_trigger_target_dag.py
[2022-12-21 17:13:19,348] {processor.py:651} INFO - DAG(s) dict_keys(['example_trigger_target_dag']) retrieved from /home/airflow/.local/lib/python3.7/site-packages/airflow/example_dags/example_trigger_target_dag.py
[2022-12-21 17:13:19,370] {logging_mixin.py:115} INFO - [2022-12-21 17:13:19,370] {dag.py:2371} INFO - Sync 1 DAGs
[2022-12-21 17:13:19,387] {logging_mixin.py:115} INFO - [2022-12-21 17:13:19,387] {dag.py:2919} INFO - Setting next_dagrun for example_trigger_target_dag to None, run_after=None
[2022-12-21 17:13:19,397] {processor.py:161} INFO - Processing /home/airflow/.local/lib/python3.7/site-packages/airflow/example_dags/example_trigger_target_dag.py took 0.070 seconds
[2022-12-21 17:13:49,941] {processor.py:153} INFO - Started process (PID=24430) to work on /home/airflow/.local/lib/python3.7/site-packages/airflow/example_dags/example_trigger_target_dag.py
[2022-12-21 17:13:49,941] {processor.py:641} INFO - Processing file /home/airflow/.local/lib/python3.7/site-packages/airflow/example_dags/example_trigger_target_dag.py for tasks to queue
[2022-12-21 17:13:49,942] {logging_mixin.py:115} INFO - [2022-12-21 17:13:49,942] {dagbag.py:507} INFO - Filling up the DagBag from /home/airflow/.local/lib/python3.7/site-packages/airflow/example_dags/example_trigger_target_dag.py
[2022-12-21 17:13:49,955] {processor.py:651} INFO - DAG(s) dict_keys(['example_trigger_target_dag']) retrieved from /home/airflow/.local/lib/python3.7/site-packages/airflow/example_dags/example_trigger_target_dag.py
[2022-12-21 17:13:49,973] {logging_mixin.py:115} INFO - [2022-12-21 17:13:49,973] {dag.py:2371} INFO - Sync 1 DAGs
[2022-12-21 17:13:49,990] {logging_mixin.py:115} INFO - [2022-12-21 17:13:49,990] {dag.py:2919} INFO - Setting next_dagrun for example_trigger_target_dag to None, run_after=None
[2022-12-21 17:13:50,002] {processor.py:161} INFO - Processing /home/airflow/.local/lib/python3.7/site-packages/airflow/example_dags/example_trigger_target_dag.py took 0.063 seconds
[2022-12-21 17:14:20,731] {processor.py:153} INFO - Started process (PID=24497) to work on /home/airflow/.local/lib/python3.7/site-packages/airflow/example_dags/example_trigger_target_dag.py
[2022-12-21 17:14:20,732] {processor.py:641} INFO - Processing file /home/airflow/.local/lib/python3.7/site-packages/airflow/example_dags/example_trigger_target_dag.py for tasks to queue
[2022-12-21 17:14:20,732] {logging_mixin.py:115} INFO - [2022-12-21 17:14:20,732] {dagbag.py:507} INFO - Filling up the DagBag from /home/airflow/.local/lib/python3.7/site-packages/airflow/example_dags/example_trigger_target_dag.py
[2022-12-21 17:14:20,747] {processor.py:651} INFO - DAG(s) dict_keys(['example_trigger_target_dag']) retrieved from /home/airflow/.local/lib/python3.7/site-packages/airflow/example_dags/example_trigger_target_dag.py
[2022-12-21 17:14:20,767] {logging_mixin.py:115} INFO - [2022-12-21 17:14:20,767] {dag.py:2371} INFO - Sync 1 DAGs
[2022-12-21 17:14:20,782] {logging_mixin.py:115} INFO - [2022-12-21 17:14:20,782] {dag.py:2919} INFO - Setting next_dagrun for example_trigger_target_dag to None, run_after=None
[2022-12-21 17:14:20,795] {processor.py:161} INFO - Processing /home/airflow/.local/lib/python3.7/site-packages/airflow/example_dags/example_trigger_target_dag.py took 0.066 seconds
[2022-12-21 17:14:51,446] {processor.py:153} INFO - Started process (PID=24563) to work on /home/airflow/.local/lib/python3.7/site-packages/airflow/example_dags/example_trigger_target_dag.py
[2022-12-21 17:14:51,447] {processor.py:641} INFO - Processing file /home/airflow/.local/lib/python3.7/site-packages/airflow/example_dags/example_trigger_target_dag.py for tasks to queue
[2022-12-21 17:14:51,447] {logging_mixin.py:115} INFO - [2022-12-21 17:14:51,447] {dagbag.py:507} INFO - Filling up the DagBag from /home/airflow/.local/lib/python3.7/site-packages/airflow/example_dags/example_trigger_target_dag.py
[2022-12-21 17:14:51,459] {processor.py:651} INFO - DAG(s) dict_keys(['example_trigger_target_dag']) retrieved from /home/airflow/.local/lib/python3.7/site-packages/airflow/example_dags/example_trigger_target_dag.py
[2022-12-21 17:14:51,478] {logging_mixin.py:115} INFO - [2022-12-21 17:14:51,478] {dag.py:2371} INFO - Sync 1 DAGs
[2022-12-21 17:14:51,495] {logging_mixin.py:115} INFO - [2022-12-21 17:14:51,495] {dag.py:2919} INFO - Setting next_dagrun for example_trigger_target_dag to None, run_after=None
[2022-12-21 17:14:51,505] {processor.py:161} INFO - Processing /home/airflow/.local/lib/python3.7/site-packages/airflow/example_dags/example_trigger_target_dag.py took 0.063 seconds
[2022-12-21 17:15:21,964] {processor.py:153} INFO - Started process (PID=24629) to work on /home/airflow/.local/lib/python3.7/site-packages/airflow/example_dags/example_trigger_target_dag.py
[2022-12-21 17:15:21,965] {processor.py:641} INFO - Processing file /home/airflow/.local/lib/python3.7/site-packages/airflow/example_dags/example_trigger_target_dag.py for tasks to queue
[2022-12-21 17:15:21,966] {logging_mixin.py:115} INFO - [2022-12-21 17:15:21,966] {dagbag.py:507} INFO - Filling up the DagBag from /home/airflow/.local/lib/python3.7/site-packages/airflow/example_dags/example_trigger_target_dag.py
[2022-12-21 17:15:21,978] {processor.py:651} INFO - DAG(s) dict_keys(['example_trigger_target_dag']) retrieved from /home/airflow/.local/lib/python3.7/site-packages/airflow/example_dags/example_trigger_target_dag.py
[2022-12-21 17:15:22,002] {logging_mixin.py:115} INFO - [2022-12-21 17:15:22,002] {dag.py:2371} INFO - Sync 1 DAGs
[2022-12-21 17:15:22,020] {logging_mixin.py:115} INFO - [2022-12-21 17:15:22,020] {dag.py:2919} INFO - Setting next_dagrun for example_trigger_target_dag to None, run_after=None
[2022-12-21 17:15:22,031] {processor.py:161} INFO - Processing /home/airflow/.local/lib/python3.7/site-packages/airflow/example_dags/example_trigger_target_dag.py took 0.069 seconds
[2022-12-21 17:15:52,667] {processor.py:153} INFO - Started process (PID=24694) to work on /home/airflow/.local/lib/python3.7/site-packages/airflow/example_dags/example_trigger_target_dag.py
[2022-12-21 17:15:52,667] {processor.py:641} INFO - Processing file /home/airflow/.local/lib/python3.7/site-packages/airflow/example_dags/example_trigger_target_dag.py for tasks to queue
[2022-12-21 17:15:52,668] {logging_mixin.py:115} INFO - [2022-12-21 17:15:52,668] {dagbag.py:507} INFO - Filling up the DagBag from /home/airflow/.local/lib/python3.7/site-packages/airflow/example_dags/example_trigger_target_dag.py
[2022-12-21 17:15:52,681] {processor.py:651} INFO - DAG(s) dict_keys(['example_trigger_target_dag']) retrieved from /home/airflow/.local/lib/python3.7/site-packages/airflow/example_dags/example_trigger_target_dag.py
[2022-12-21 17:15:52,703] {logging_mixin.py:115} INFO - [2022-12-21 17:15:52,703] {dag.py:2371} INFO - Sync 1 DAGs
[2022-12-21 17:15:52,723] {logging_mixin.py:115} INFO - [2022-12-21 17:15:52,722] {dag.py:2919} INFO - Setting next_dagrun for example_trigger_target_dag to None, run_after=None
[2022-12-21 17:15:52,733] {processor.py:161} INFO - Processing /home/airflow/.local/lib/python3.7/site-packages/airflow/example_dags/example_trigger_target_dag.py took 0.070 seconds
[2022-12-21 17:16:23,374] {processor.py:153} INFO - Started process (PID=24751) to work on /home/airflow/.local/lib/python3.7/site-packages/airflow/example_dags/example_trigger_target_dag.py
[2022-12-21 17:16:23,374] {processor.py:641} INFO - Processing file /home/airflow/.local/lib/python3.7/site-packages/airflow/example_dags/example_trigger_target_dag.py for tasks to queue
[2022-12-21 17:16:23,375] {logging_mixin.py:115} INFO - [2022-12-21 17:16:23,375] {dagbag.py:507} INFO - Filling up the DagBag from /home/airflow/.local/lib/python3.7/site-packages/airflow/example_dags/example_trigger_target_dag.py
[2022-12-21 17:16:23,387] {processor.py:651} INFO - DAG(s) dict_keys(['example_trigger_target_dag']) retrieved from /home/airflow/.local/lib/python3.7/site-packages/airflow/example_dags/example_trigger_target_dag.py
[2022-12-21 17:16:23,407] {logging_mixin.py:115} INFO - [2022-12-21 17:16:23,407] {dag.py:2371} INFO - Sync 1 DAGs
[2022-12-21 17:16:23,430] {logging_mixin.py:115} INFO - [2022-12-21 17:16:23,430] {dag.py:2919} INFO - Setting next_dagrun for example_trigger_target_dag to None, run_after=None
[2022-12-21 17:16:23,441] {processor.py:161} INFO - Processing /home/airflow/.local/lib/python3.7/site-packages/airflow/example_dags/example_trigger_target_dag.py took 0.070 seconds
[2022-12-21 17:16:53,986] {processor.py:153} INFO - Started process (PID=24818) to work on /home/airflow/.local/lib/python3.7/site-packages/airflow/example_dags/example_trigger_target_dag.py
[2022-12-21 17:16:53,987] {processor.py:641} INFO - Processing file /home/airflow/.local/lib/python3.7/site-packages/airflow/example_dags/example_trigger_target_dag.py for tasks to queue
[2022-12-21 17:16:53,987] {logging_mixin.py:115} INFO - [2022-12-21 17:16:53,987] {dagbag.py:507} INFO - Filling up the DagBag from /home/airflow/.local/lib/python3.7/site-packages/airflow/example_dags/example_trigger_target_dag.py
[2022-12-21 17:16:53,999] {processor.py:651} INFO - DAG(s) dict_keys(['example_trigger_target_dag']) retrieved from /home/airflow/.local/lib/python3.7/site-packages/airflow/example_dags/example_trigger_target_dag.py
[2022-12-21 17:16:54,019] {logging_mixin.py:115} INFO - [2022-12-21 17:16:54,019] {dag.py:2371} INFO - Sync 1 DAGs
[2022-12-21 17:16:54,036] {logging_mixin.py:115} INFO - [2022-12-21 17:16:54,036] {dag.py:2919} INFO - Setting next_dagrun for example_trigger_target_dag to None, run_after=None
[2022-12-21 17:16:54,047] {processor.py:161} INFO - Processing /home/airflow/.local/lib/python3.7/site-packages/airflow/example_dags/example_trigger_target_dag.py took 0.063 seconds
[2022-12-21 17:17:24,640] {processor.py:153} INFO - Started process (PID=24884) to work on /home/airflow/.local/lib/python3.7/site-packages/airflow/example_dags/example_trigger_target_dag.py
[2022-12-21 17:17:24,641] {processor.py:641} INFO - Processing file /home/airflow/.local/lib/python3.7/site-packages/airflow/example_dags/example_trigger_target_dag.py for tasks to queue
[2022-12-21 17:17:24,641] {logging_mixin.py:115} INFO - [2022-12-21 17:17:24,641] {dagbag.py:507} INFO - Filling up the DagBag from /home/airflow/.local/lib/python3.7/site-packages/airflow/example_dags/example_trigger_target_dag.py
[2022-12-21 17:17:24,658] {processor.py:651} INFO - DAG(s) dict_keys(['example_trigger_target_dag']) retrieved from /home/airflow/.local/lib/python3.7/site-packages/airflow/example_dags/example_trigger_target_dag.py
[2022-12-21 17:17:24,680] {logging_mixin.py:115} INFO - [2022-12-21 17:17:24,680] {dag.py:2371} INFO - Sync 1 DAGs
[2022-12-21 17:17:24,701] {logging_mixin.py:115} INFO - [2022-12-21 17:17:24,701] {dag.py:2919} INFO - Setting next_dagrun for example_trigger_target_dag to None, run_after=None
[2022-12-21 17:17:24,711] {processor.py:161} INFO - Processing /home/airflow/.local/lib/python3.7/site-packages/airflow/example_dags/example_trigger_target_dag.py took 0.074 seconds
[2022-12-21 17:17:55,219] {processor.py:153} INFO - Started process (PID=24941) to work on /home/airflow/.local/lib/python3.7/site-packages/airflow/example_dags/example_trigger_target_dag.py
[2022-12-21 17:17:55,220] {processor.py:641} INFO - Processing file /home/airflow/.local/lib/python3.7/site-packages/airflow/example_dags/example_trigger_target_dag.py for tasks to queue
[2022-12-21 17:17:55,220] {logging_mixin.py:115} INFO - [2022-12-21 17:17:55,220] {dagbag.py:507} INFO - Filling up the DagBag from /home/airflow/.local/lib/python3.7/site-packages/airflow/example_dags/example_trigger_target_dag.py
[2022-12-21 17:17:55,232] {processor.py:651} INFO - DAG(s) dict_keys(['example_trigger_target_dag']) retrieved from /home/airflow/.local/lib/python3.7/site-packages/airflow/example_dags/example_trigger_target_dag.py
[2022-12-21 17:17:55,252] {logging_mixin.py:115} INFO - [2022-12-21 17:17:55,252] {dag.py:2371} INFO - Sync 1 DAGs
[2022-12-21 17:17:55,269] {logging_mixin.py:115} INFO - [2022-12-21 17:17:55,269] {dag.py:2919} INFO - Setting next_dagrun for example_trigger_target_dag to None, run_after=None
[2022-12-21 17:17:55,279] {processor.py:161} INFO - Processing /home/airflow/.local/lib/python3.7/site-packages/airflow/example_dags/example_trigger_target_dag.py took 0.063 seconds
[2022-12-21 17:18:26,071] {processor.py:153} INFO - Started process (PID=25009) to work on /home/airflow/.local/lib/python3.7/site-packages/airflow/example_dags/example_trigger_target_dag.py
[2022-12-21 17:18:26,072] {processor.py:641} INFO - Processing file /home/airflow/.local/lib/python3.7/site-packages/airflow/example_dags/example_trigger_target_dag.py for tasks to queue
[2022-12-21 17:18:26,072] {logging_mixin.py:115} INFO - [2022-12-21 17:18:26,072] {dagbag.py:507} INFO - Filling up the DagBag from /home/airflow/.local/lib/python3.7/site-packages/airflow/example_dags/example_trigger_target_dag.py
[2022-12-21 17:18:26,089] {processor.py:651} INFO - DAG(s) dict_keys(['example_trigger_target_dag']) retrieved from /home/airflow/.local/lib/python3.7/site-packages/airflow/example_dags/example_trigger_target_dag.py
[2022-12-21 17:18:26,115] {logging_mixin.py:115} INFO - [2022-12-21 17:18:26,115] {dag.py:2371} INFO - Sync 1 DAGs
[2022-12-21 17:18:26,138] {logging_mixin.py:115} INFO - [2022-12-21 17:18:26,138] {dag.py:2919} INFO - Setting next_dagrun for example_trigger_target_dag to None, run_after=None
[2022-12-21 17:18:26,149] {processor.py:161} INFO - Processing /home/airflow/.local/lib/python3.7/site-packages/airflow/example_dags/example_trigger_target_dag.py took 0.081 seconds
[2022-12-21 17:18:56,805] {processor.py:153} INFO - Started process (PID=25076) to work on /home/airflow/.local/lib/python3.7/site-packages/airflow/example_dags/example_trigger_target_dag.py
[2022-12-21 17:18:56,806] {processor.py:641} INFO - Processing file /home/airflow/.local/lib/python3.7/site-packages/airflow/example_dags/example_trigger_target_dag.py for tasks to queue
[2022-12-21 17:18:56,806] {logging_mixin.py:115} INFO - [2022-12-21 17:18:56,806] {dagbag.py:507} INFO - Filling up the DagBag from /home/airflow/.local/lib/python3.7/site-packages/airflow/example_dags/example_trigger_target_dag.py
[2022-12-21 17:18:56,820] {processor.py:651} INFO - DAG(s) dict_keys(['example_trigger_target_dag']) retrieved from /home/airflow/.local/lib/python3.7/site-packages/airflow/example_dags/example_trigger_target_dag.py
[2022-12-21 17:18:56,838] {logging_mixin.py:115} INFO - [2022-12-21 17:18:56,838] {dag.py:2371} INFO - Sync 1 DAGs
[2022-12-21 17:18:56,854] {logging_mixin.py:115} INFO - [2022-12-21 17:18:56,854] {dag.py:2919} INFO - Setting next_dagrun for example_trigger_target_dag to None, run_after=None
[2022-12-21 17:18:56,863] {processor.py:161} INFO - Processing /home/airflow/.local/lib/python3.7/site-packages/airflow/example_dags/example_trigger_target_dag.py took 0.059 seconds
[2022-12-21 17:19:27,452] {processor.py:153} INFO - Started process (PID=25144) to work on /home/airflow/.local/lib/python3.7/site-packages/airflow/example_dags/example_trigger_target_dag.py
[2022-12-21 17:19:27,453] {processor.py:641} INFO - Processing file /home/airflow/.local/lib/python3.7/site-packages/airflow/example_dags/example_trigger_target_dag.py for tasks to queue
[2022-12-21 17:19:27,454] {logging_mixin.py:115} INFO - [2022-12-21 17:19:27,454] {dagbag.py:507} INFO - Filling up the DagBag from /home/airflow/.local/lib/python3.7/site-packages/airflow/example_dags/example_trigger_target_dag.py
[2022-12-21 17:19:27,465] {processor.py:651} INFO - DAG(s) dict_keys(['example_trigger_target_dag']) retrieved from /home/airflow/.local/lib/python3.7/site-packages/airflow/example_dags/example_trigger_target_dag.py
[2022-12-21 17:19:27,485] {logging_mixin.py:115} INFO - [2022-12-21 17:19:27,485] {dag.py:2371} INFO - Sync 1 DAGs
[2022-12-21 17:19:27,504] {logging_mixin.py:115} INFO - [2022-12-21 17:19:27,503] {dag.py:2919} INFO - Setting next_dagrun for example_trigger_target_dag to None, run_after=None
[2022-12-21 17:19:27,513] {processor.py:161} INFO - Processing /home/airflow/.local/lib/python3.7/site-packages/airflow/example_dags/example_trigger_target_dag.py took 0.063 seconds
[2022-12-21 17:19:58,156] {processor.py:153} INFO - Started process (PID=25203) to work on /home/airflow/.local/lib/python3.7/site-packages/airflow/example_dags/example_trigger_target_dag.py
[2022-12-21 17:19:58,157] {processor.py:641} INFO - Processing file /home/airflow/.local/lib/python3.7/site-packages/airflow/example_dags/example_trigger_target_dag.py for tasks to queue
[2022-12-21 17:19:58,158] {logging_mixin.py:115} INFO - [2022-12-21 17:19:58,158] {dagbag.py:507} INFO - Filling up the DagBag from /home/airflow/.local/lib/python3.7/site-packages/airflow/example_dags/example_trigger_target_dag.py
[2022-12-21 17:19:58,169] {processor.py:651} INFO - DAG(s) dict_keys(['example_trigger_target_dag']) retrieved from /home/airflow/.local/lib/python3.7/site-packages/airflow/example_dags/example_trigger_target_dag.py
[2022-12-21 17:19:58,188] {logging_mixin.py:115} INFO - [2022-12-21 17:19:58,188] {dag.py:2371} INFO - Sync 1 DAGs
[2022-12-21 17:19:58,204] {logging_mixin.py:115} INFO - [2022-12-21 17:19:58,204] {dag.py:2919} INFO - Setting next_dagrun for example_trigger_target_dag to None, run_after=None
[2022-12-21 17:19:58,213] {processor.py:161} INFO - Processing /home/airflow/.local/lib/python3.7/site-packages/airflow/example_dags/example_trigger_target_dag.py took 0.059 seconds
[2022-12-21 17:20:28,789] {processor.py:153} INFO - Started process (PID=25269) to work on /home/airflow/.local/lib/python3.7/site-packages/airflow/example_dags/example_trigger_target_dag.py
[2022-12-21 17:20:28,789] {processor.py:641} INFO - Processing file /home/airflow/.local/lib/python3.7/site-packages/airflow/example_dags/example_trigger_target_dag.py for tasks to queue
[2022-12-21 17:20:28,789] {logging_mixin.py:115} INFO - [2022-12-21 17:20:28,789] {dagbag.py:507} INFO - Filling up the DagBag from /home/airflow/.local/lib/python3.7/site-packages/airflow/example_dags/example_trigger_target_dag.py
[2022-12-21 17:20:28,800] {processor.py:651} INFO - DAG(s) dict_keys(['example_trigger_target_dag']) retrieved from /home/airflow/.local/lib/python3.7/site-packages/airflow/example_dags/example_trigger_target_dag.py
[2022-12-21 17:20:28,818] {logging_mixin.py:115} INFO - [2022-12-21 17:20:28,818] {dag.py:2371} INFO - Sync 1 DAGs
[2022-12-21 17:20:28,834] {logging_mixin.py:115} INFO - [2022-12-21 17:20:28,834] {dag.py:2919} INFO - Setting next_dagrun for example_trigger_target_dag to None, run_after=None
[2022-12-21 17:20:28,844] {processor.py:161} INFO - Processing /home/airflow/.local/lib/python3.7/site-packages/airflow/example_dags/example_trigger_target_dag.py took 0.058 seconds
[2022-12-21 17:20:59,516] {processor.py:153} INFO - Started process (PID=25335) to work on /home/airflow/.local/lib/python3.7/site-packages/airflow/example_dags/example_trigger_target_dag.py
[2022-12-21 17:20:59,517] {processor.py:641} INFO - Processing file /home/airflow/.local/lib/python3.7/site-packages/airflow/example_dags/example_trigger_target_dag.py for tasks to queue
[2022-12-21 17:20:59,517] {logging_mixin.py:115} INFO - [2022-12-21 17:20:59,517] {dagbag.py:507} INFO - Filling up the DagBag from /home/airflow/.local/lib/python3.7/site-packages/airflow/example_dags/example_trigger_target_dag.py
[2022-12-21 17:20:59,529] {processor.py:651} INFO - DAG(s) dict_keys(['example_trigger_target_dag']) retrieved from /home/airflow/.local/lib/python3.7/site-packages/airflow/example_dags/example_trigger_target_dag.py
[2022-12-21 17:20:59,551] {logging_mixin.py:115} INFO - [2022-12-21 17:20:59,550] {dag.py:2371} INFO - Sync 1 DAGs
[2022-12-21 17:20:59,570] {logging_mixin.py:115} INFO - [2022-12-21 17:20:59,570] {dag.py:2919} INFO - Setting next_dagrun for example_trigger_target_dag to None, run_after=None
[2022-12-21 17:20:59,582] {processor.py:161} INFO - Processing /home/airflow/.local/lib/python3.7/site-packages/airflow/example_dags/example_trigger_target_dag.py took 0.069 seconds
[2022-12-21 17:21:29,970] {processor.py:153} INFO - Started process (PID=25401) to work on /home/airflow/.local/lib/python3.7/site-packages/airflow/example_dags/example_trigger_target_dag.py
[2022-12-21 17:21:29,971] {processor.py:641} INFO - Processing file /home/airflow/.local/lib/python3.7/site-packages/airflow/example_dags/example_trigger_target_dag.py for tasks to queue
[2022-12-21 17:21:29,971] {logging_mixin.py:115} INFO - [2022-12-21 17:21:29,971] {dagbag.py:507} INFO - Filling up the DagBag from /home/airflow/.local/lib/python3.7/site-packages/airflow/example_dags/example_trigger_target_dag.py
[2022-12-21 17:21:29,982] {processor.py:651} INFO - DAG(s) dict_keys(['example_trigger_target_dag']) retrieved from /home/airflow/.local/lib/python3.7/site-packages/airflow/example_dags/example_trigger_target_dag.py
[2022-12-21 17:21:30,003] {logging_mixin.py:115} INFO - [2022-12-21 17:21:30,003] {dag.py:2371} INFO - Sync 1 DAGs
[2022-12-21 17:21:30,019] {logging_mixin.py:115} INFO - [2022-12-21 17:21:30,019] {dag.py:2919} INFO - Setting next_dagrun for example_trigger_target_dag to None, run_after=None
[2022-12-21 17:21:30,028] {processor.py:161} INFO - Processing /home/airflow/.local/lib/python3.7/site-packages/airflow/example_dags/example_trigger_target_dag.py took 0.060 seconds
[2022-12-21 17:22:00,443] {processor.py:153} INFO - Started process (PID=25457) to work on /home/airflow/.local/lib/python3.7/site-packages/airflow/example_dags/example_trigger_target_dag.py
[2022-12-21 17:22:00,444] {processor.py:641} INFO - Processing file /home/airflow/.local/lib/python3.7/site-packages/airflow/example_dags/example_trigger_target_dag.py for tasks to queue
[2022-12-21 17:22:00,444] {logging_mixin.py:115} INFO - [2022-12-21 17:22:00,444] {dagbag.py:507} INFO - Filling up the DagBag from /home/airflow/.local/lib/python3.7/site-packages/airflow/example_dags/example_trigger_target_dag.py
[2022-12-21 17:22:00,455] {processor.py:651} INFO - DAG(s) dict_keys(['example_trigger_target_dag']) retrieved from /home/airflow/.local/lib/python3.7/site-packages/airflow/example_dags/example_trigger_target_dag.py
[2022-12-21 17:22:00,476] {logging_mixin.py:115} INFO - [2022-12-21 17:22:00,476] {dag.py:2371} INFO - Sync 1 DAGs
[2022-12-21 17:22:00,498] {logging_mixin.py:115} INFO - [2022-12-21 17:22:00,498] {dag.py:2919} INFO - Setting next_dagrun for example_trigger_target_dag to None, run_after=None
[2022-12-21 17:22:00,507] {processor.py:161} INFO - Processing /home/airflow/.local/lib/python3.7/site-packages/airflow/example_dags/example_trigger_target_dag.py took 0.066 seconds
[2022-12-21 17:22:31,082] {processor.py:153} INFO - Started process (PID=25525) to work on /home/airflow/.local/lib/python3.7/site-packages/airflow/example_dags/example_trigger_target_dag.py
[2022-12-21 17:22:31,083] {processor.py:641} INFO - Processing file /home/airflow/.local/lib/python3.7/site-packages/airflow/example_dags/example_trigger_target_dag.py for tasks to queue
[2022-12-21 17:22:31,083] {logging_mixin.py:115} INFO - [2022-12-21 17:22:31,083] {dagbag.py:507} INFO - Filling up the DagBag from /home/airflow/.local/lib/python3.7/site-packages/airflow/example_dags/example_trigger_target_dag.py
[2022-12-21 17:22:31,096] {processor.py:651} INFO - DAG(s) dict_keys(['example_trigger_target_dag']) retrieved from /home/airflow/.local/lib/python3.7/site-packages/airflow/example_dags/example_trigger_target_dag.py
[2022-12-21 17:22:31,117] {logging_mixin.py:115} INFO - [2022-12-21 17:22:31,117] {dag.py:2371} INFO - Sync 1 DAGs
[2022-12-21 17:22:31,137] {logging_mixin.py:115} INFO - [2022-12-21 17:22:31,137] {dag.py:2919} INFO - Setting next_dagrun for example_trigger_target_dag to None, run_after=None
[2022-12-21 17:22:31,150] {processor.py:161} INFO - Processing /home/airflow/.local/lib/python3.7/site-packages/airflow/example_dags/example_trigger_target_dag.py took 0.070 seconds
[2022-12-21 17:23:01,179] {processor.py:153} INFO - Started process (PID=25592) to work on /home/airflow/.local/lib/python3.7/site-packages/airflow/example_dags/example_trigger_target_dag.py
[2022-12-21 17:23:01,180] {processor.py:641} INFO - Processing file /home/airflow/.local/lib/python3.7/site-packages/airflow/example_dags/example_trigger_target_dag.py for tasks to queue
[2022-12-21 17:23:01,180] {logging_mixin.py:115} INFO - [2022-12-21 17:23:01,180] {dagbag.py:507} INFO - Filling up the DagBag from /home/airflow/.local/lib/python3.7/site-packages/airflow/example_dags/example_trigger_target_dag.py
[2022-12-21 17:23:01,194] {processor.py:651} INFO - DAG(s) dict_keys(['example_trigger_target_dag']) retrieved from /home/airflow/.local/lib/python3.7/site-packages/airflow/example_dags/example_trigger_target_dag.py
[2022-12-21 17:23:01,280] {logging_mixin.py:115} INFO - [2022-12-21 17:23:01,279] {dag.py:2371} INFO - Sync 1 DAGs
[2022-12-21 17:23:01,297] {logging_mixin.py:115} INFO - [2022-12-21 17:23:01,297] {dag.py:2919} INFO - Setting next_dagrun for example_trigger_target_dag to None, run_after=None
[2022-12-21 17:23:01,307] {processor.py:161} INFO - Processing /home/airflow/.local/lib/python3.7/site-packages/airflow/example_dags/example_trigger_target_dag.py took 0.131 seconds
[2022-12-21 17:23:32,148] {processor.py:153} INFO - Started process (PID=25658) to work on /home/airflow/.local/lib/python3.7/site-packages/airflow/example_dags/example_trigger_target_dag.py
[2022-12-21 17:23:32,148] {processor.py:641} INFO - Processing file /home/airflow/.local/lib/python3.7/site-packages/airflow/example_dags/example_trigger_target_dag.py for tasks to queue
[2022-12-21 17:23:32,149] {logging_mixin.py:115} INFO - [2022-12-21 17:23:32,149] {dagbag.py:507} INFO - Filling up the DagBag from /home/airflow/.local/lib/python3.7/site-packages/airflow/example_dags/example_trigger_target_dag.py
[2022-12-21 17:23:32,160] {processor.py:651} INFO - DAG(s) dict_keys(['example_trigger_target_dag']) retrieved from /home/airflow/.local/lib/python3.7/site-packages/airflow/example_dags/example_trigger_target_dag.py
[2022-12-21 17:23:32,179] {logging_mixin.py:115} INFO - [2022-12-21 17:23:32,179] {dag.py:2371} INFO - Sync 1 DAGs
[2022-12-21 17:23:32,199] {logging_mixin.py:115} INFO - [2022-12-21 17:23:32,199] {dag.py:2919} INFO - Setting next_dagrun for example_trigger_target_dag to None, run_after=None
[2022-12-21 17:23:32,209] {processor.py:161} INFO - Processing /home/airflow/.local/lib/python3.7/site-packages/airflow/example_dags/example_trigger_target_dag.py took 0.065 seconds
