[2022-12-21 16:55:25,683] {processor.py:153} INFO - Started process (PID=22116) to work on /home/airflow/.local/lib/python3.7/site-packages/airflow/example_dags/example_time_delta_sensor_async.py
[2022-12-21 16:55:25,684] {processor.py:641} INFO - Processing file /home/airflow/.local/lib/python3.7/site-packages/airflow/example_dags/example_time_delta_sensor_async.py for tasks to queue
[2022-12-21 16:55:25,684] {logging_mixin.py:115} INFO - [2022-12-21 16:55:25,684] {dagbag.py:507} INFO - Filling up the DagBag from /home/airflow/.local/lib/python3.7/site-packages/airflow/example_dags/example_time_delta_sensor_async.py
[2022-12-21 16:55:25,688] {processor.py:651} INFO - DAG(s) dict_keys(['example_time_delta_sensor_async']) retrieved from /home/airflow/.local/lib/python3.7/site-packages/airflow/example_dags/example_time_delta_sensor_async.py
[2022-12-21 16:55:25,712] {logging_mixin.py:115} INFO - [2022-12-21 16:55:25,712] {dag.py:2371} INFO - Sync 1 DAGs
[2022-12-21 16:55:25,728] {logging_mixin.py:115} INFO - [2022-12-21 16:55:25,728] {dag.py:2919} INFO - Setting next_dagrun for example_time_delta_sensor_async to None, run_after=None
[2022-12-21 16:55:25,736] {processor.py:161} INFO - Processing /home/airflow/.local/lib/python3.7/site-packages/airflow/example_dags/example_time_delta_sensor_async.py took 0.055 seconds
[2022-12-21 16:55:56,156] {processor.py:153} INFO - Started process (PID=22182) to work on /home/airflow/.local/lib/python3.7/site-packages/airflow/example_dags/example_time_delta_sensor_async.py
[2022-12-21 16:55:56,157] {processor.py:641} INFO - Processing file /home/airflow/.local/lib/python3.7/site-packages/airflow/example_dags/example_time_delta_sensor_async.py for tasks to queue
[2022-12-21 16:55:56,157] {logging_mixin.py:115} INFO - [2022-12-21 16:55:56,157] {dagbag.py:507} INFO - Filling up the DagBag from /home/airflow/.local/lib/python3.7/site-packages/airflow/example_dags/example_time_delta_sensor_async.py
[2022-12-21 16:55:56,161] {processor.py:651} INFO - DAG(s) dict_keys(['example_time_delta_sensor_async']) retrieved from /home/airflow/.local/lib/python3.7/site-packages/airflow/example_dags/example_time_delta_sensor_async.py
[2022-12-21 16:55:56,184] {logging_mixin.py:115} INFO - [2022-12-21 16:55:56,184] {dag.py:2371} INFO - Sync 1 DAGs
[2022-12-21 16:55:56,199] {logging_mixin.py:115} INFO - [2022-12-21 16:55:56,199] {dag.py:2919} INFO - Setting next_dagrun for example_time_delta_sensor_async to None, run_after=None
[2022-12-21 16:55:56,208] {processor.py:161} INFO - Processing /home/airflow/.local/lib/python3.7/site-packages/airflow/example_dags/example_time_delta_sensor_async.py took 0.054 seconds
[2022-12-21 16:56:26,488] {processor.py:153} INFO - Started process (PID=22248) to work on /home/airflow/.local/lib/python3.7/site-packages/airflow/example_dags/example_time_delta_sensor_async.py
[2022-12-21 16:56:26,488] {processor.py:641} INFO - Processing file /home/airflow/.local/lib/python3.7/site-packages/airflow/example_dags/example_time_delta_sensor_async.py for tasks to queue
[2022-12-21 16:56:26,488] {logging_mixin.py:115} INFO - [2022-12-21 16:56:26,488] {dagbag.py:507} INFO - Filling up the DagBag from /home/airflow/.local/lib/python3.7/site-packages/airflow/example_dags/example_time_delta_sensor_async.py
[2022-12-21 16:56:26,492] {processor.py:651} INFO - DAG(s) dict_keys(['example_time_delta_sensor_async']) retrieved from /home/airflow/.local/lib/python3.7/site-packages/airflow/example_dags/example_time_delta_sensor_async.py
[2022-12-21 16:56:26,514] {logging_mixin.py:115} INFO - [2022-12-21 16:56:26,514] {dag.py:2371} INFO - Sync 1 DAGs
[2022-12-21 16:56:26,528] {logging_mixin.py:115} INFO - [2022-12-21 16:56:26,528] {dag.py:2919} INFO - Setting next_dagrun for example_time_delta_sensor_async to None, run_after=None
[2022-12-21 16:56:26,536] {processor.py:161} INFO - Processing /home/airflow/.local/lib/python3.7/site-packages/airflow/example_dags/example_time_delta_sensor_async.py took 0.050 seconds
[2022-12-21 16:56:57,027] {processor.py:153} INFO - Started process (PID=22315) to work on /home/airflow/.local/lib/python3.7/site-packages/airflow/example_dags/example_time_delta_sensor_async.py
[2022-12-21 16:56:57,028] {processor.py:641} INFO - Processing file /home/airflow/.local/lib/python3.7/site-packages/airflow/example_dags/example_time_delta_sensor_async.py for tasks to queue
[2022-12-21 16:56:57,028] {logging_mixin.py:115} INFO - [2022-12-21 16:56:57,028] {dagbag.py:507} INFO - Filling up the DagBag from /home/airflow/.local/lib/python3.7/site-packages/airflow/example_dags/example_time_delta_sensor_async.py
[2022-12-21 16:56:57,033] {processor.py:651} INFO - DAG(s) dict_keys(['example_time_delta_sensor_async']) retrieved from /home/airflow/.local/lib/python3.7/site-packages/airflow/example_dags/example_time_delta_sensor_async.py
[2022-12-21 16:56:57,065] {logging_mixin.py:115} INFO - [2022-12-21 16:56:57,065] {dag.py:2371} INFO - Sync 1 DAGs
[2022-12-21 16:56:57,082] {logging_mixin.py:115} INFO - [2022-12-21 16:56:57,082] {dag.py:2919} INFO - Setting next_dagrun for example_time_delta_sensor_async to None, run_after=None
[2022-12-21 16:56:57,092] {processor.py:161} INFO - Processing /home/airflow/.local/lib/python3.7/site-packages/airflow/example_dags/example_time_delta_sensor_async.py took 0.067 seconds
[2022-12-21 16:57:27,381] {processor.py:153} INFO - Started process (PID=22372) to work on /home/airflow/.local/lib/python3.7/site-packages/airflow/example_dags/example_time_delta_sensor_async.py
[2022-12-21 16:57:27,381] {processor.py:641} INFO - Processing file /home/airflow/.local/lib/python3.7/site-packages/airflow/example_dags/example_time_delta_sensor_async.py for tasks to queue
[2022-12-21 16:57:27,382] {logging_mixin.py:115} INFO - [2022-12-21 16:57:27,382] {dagbag.py:507} INFO - Filling up the DagBag from /home/airflow/.local/lib/python3.7/site-packages/airflow/example_dags/example_time_delta_sensor_async.py
[2022-12-21 16:57:27,386] {processor.py:651} INFO - DAG(s) dict_keys(['example_time_delta_sensor_async']) retrieved from /home/airflow/.local/lib/python3.7/site-packages/airflow/example_dags/example_time_delta_sensor_async.py
[2022-12-21 16:57:27,409] {logging_mixin.py:115} INFO - [2022-12-21 16:57:27,409] {dag.py:2371} INFO - Sync 1 DAGs
[2022-12-21 16:57:27,425] {logging_mixin.py:115} INFO - [2022-12-21 16:57:27,424] {dag.py:2919} INFO - Setting next_dagrun for example_time_delta_sensor_async to None, run_after=None
[2022-12-21 16:57:27,432] {processor.py:161} INFO - Processing /home/airflow/.local/lib/python3.7/site-packages/airflow/example_dags/example_time_delta_sensor_async.py took 0.054 seconds
[2022-12-21 16:57:57,746] {processor.py:153} INFO - Started process (PID=22439) to work on /home/airflow/.local/lib/python3.7/site-packages/airflow/example_dags/example_time_delta_sensor_async.py
[2022-12-21 16:57:57,746] {processor.py:641} INFO - Processing file /home/airflow/.local/lib/python3.7/site-packages/airflow/example_dags/example_time_delta_sensor_async.py for tasks to queue
[2022-12-21 16:57:57,747] {logging_mixin.py:115} INFO - [2022-12-21 16:57:57,747] {dagbag.py:507} INFO - Filling up the DagBag from /home/airflow/.local/lib/python3.7/site-packages/airflow/example_dags/example_time_delta_sensor_async.py
[2022-12-21 16:57:57,751] {processor.py:651} INFO - DAG(s) dict_keys(['example_time_delta_sensor_async']) retrieved from /home/airflow/.local/lib/python3.7/site-packages/airflow/example_dags/example_time_delta_sensor_async.py
[2022-12-21 16:57:57,777] {logging_mixin.py:115} INFO - [2022-12-21 16:57:57,777] {dag.py:2371} INFO - Sync 1 DAGs
[2022-12-21 16:57:57,795] {logging_mixin.py:115} INFO - [2022-12-21 16:57:57,795] {dag.py:2919} INFO - Setting next_dagrun for example_time_delta_sensor_async to None, run_after=None
[2022-12-21 16:57:57,805] {processor.py:161} INFO - Processing /home/airflow/.local/lib/python3.7/site-packages/airflow/example_dags/example_time_delta_sensor_async.py took 0.061 seconds
[2022-12-21 16:58:28,200] {processor.py:153} INFO - Started process (PID=22505) to work on /home/airflow/.local/lib/python3.7/site-packages/airflow/example_dags/example_time_delta_sensor_async.py
[2022-12-21 16:58:28,201] {processor.py:641} INFO - Processing file /home/airflow/.local/lib/python3.7/site-packages/airflow/example_dags/example_time_delta_sensor_async.py for tasks to queue
[2022-12-21 16:58:28,201] {logging_mixin.py:115} INFO - [2022-12-21 16:58:28,201] {dagbag.py:507} INFO - Filling up the DagBag from /home/airflow/.local/lib/python3.7/site-packages/airflow/example_dags/example_time_delta_sensor_async.py
[2022-12-21 16:58:28,206] {processor.py:651} INFO - DAG(s) dict_keys(['example_time_delta_sensor_async']) retrieved from /home/airflow/.local/lib/python3.7/site-packages/airflow/example_dags/example_time_delta_sensor_async.py
[2022-12-21 16:58:28,233] {logging_mixin.py:115} INFO - [2022-12-21 16:58:28,233] {dag.py:2371} INFO - Sync 1 DAGs
[2022-12-21 16:58:28,249] {logging_mixin.py:115} INFO - [2022-12-21 16:58:28,249] {dag.py:2919} INFO - Setting next_dagrun for example_time_delta_sensor_async to None, run_after=None
[2022-12-21 16:58:28,258] {processor.py:161} INFO - Processing /home/airflow/.local/lib/python3.7/site-packages/airflow/example_dags/example_time_delta_sensor_async.py took 0.060 seconds
[2022-12-21 16:58:58,783] {processor.py:153} INFO - Started process (PID=22571) to work on /home/airflow/.local/lib/python3.7/site-packages/airflow/example_dags/example_time_delta_sensor_async.py
[2022-12-21 16:58:58,783] {processor.py:641} INFO - Processing file /home/airflow/.local/lib/python3.7/site-packages/airflow/example_dags/example_time_delta_sensor_async.py for tasks to queue
[2022-12-21 16:58:58,783] {logging_mixin.py:115} INFO - [2022-12-21 16:58:58,783] {dagbag.py:507} INFO - Filling up the DagBag from /home/airflow/.local/lib/python3.7/site-packages/airflow/example_dags/example_time_delta_sensor_async.py
[2022-12-21 16:58:58,788] {processor.py:651} INFO - DAG(s) dict_keys(['example_time_delta_sensor_async']) retrieved from /home/airflow/.local/lib/python3.7/site-packages/airflow/example_dags/example_time_delta_sensor_async.py
[2022-12-21 16:58:58,816] {logging_mixin.py:115} INFO - [2022-12-21 16:58:58,816] {dag.py:2371} INFO - Sync 1 DAGs
[2022-12-21 16:58:58,832] {logging_mixin.py:115} INFO - [2022-12-21 16:58:58,832] {dag.py:2919} INFO - Setting next_dagrun for example_time_delta_sensor_async to None, run_after=None
[2022-12-21 16:58:58,842] {processor.py:161} INFO - Processing /home/airflow/.local/lib/python3.7/site-packages/airflow/example_dags/example_time_delta_sensor_async.py took 0.062 seconds
[2022-12-21 16:59:29,174] {processor.py:153} INFO - Started process (PID=22629) to work on /home/airflow/.local/lib/python3.7/site-packages/airflow/example_dags/example_time_delta_sensor_async.py
[2022-12-21 16:59:29,175] {processor.py:641} INFO - Processing file /home/airflow/.local/lib/python3.7/site-packages/airflow/example_dags/example_time_delta_sensor_async.py for tasks to queue
[2022-12-21 16:59:29,176] {logging_mixin.py:115} INFO - [2022-12-21 16:59:29,176] {dagbag.py:507} INFO - Filling up the DagBag from /home/airflow/.local/lib/python3.7/site-packages/airflow/example_dags/example_time_delta_sensor_async.py
[2022-12-21 16:59:29,182] {processor.py:651} INFO - DAG(s) dict_keys(['example_time_delta_sensor_async']) retrieved from /home/airflow/.local/lib/python3.7/site-packages/airflow/example_dags/example_time_delta_sensor_async.py
[2022-12-21 16:59:29,212] {logging_mixin.py:115} INFO - [2022-12-21 16:59:29,212] {dag.py:2371} INFO - Sync 1 DAGs
[2022-12-21 16:59:29,230] {logging_mixin.py:115} INFO - [2022-12-21 16:59:29,230] {dag.py:2919} INFO - Setting next_dagrun for example_time_delta_sensor_async to None, run_after=None
[2022-12-21 16:59:29,241] {processor.py:161} INFO - Processing /home/airflow/.local/lib/python3.7/site-packages/airflow/example_dags/example_time_delta_sensor_async.py took 0.069 seconds
[2022-12-21 16:59:59,761] {processor.py:153} INFO - Started process (PID=22695) to work on /home/airflow/.local/lib/python3.7/site-packages/airflow/example_dags/example_time_delta_sensor_async.py
[2022-12-21 16:59:59,761] {processor.py:641} INFO - Processing file /home/airflow/.local/lib/python3.7/site-packages/airflow/example_dags/example_time_delta_sensor_async.py for tasks to queue
[2022-12-21 16:59:59,761] {logging_mixin.py:115} INFO - [2022-12-21 16:59:59,761] {dagbag.py:507} INFO - Filling up the DagBag from /home/airflow/.local/lib/python3.7/site-packages/airflow/example_dags/example_time_delta_sensor_async.py
[2022-12-21 16:59:59,765] {processor.py:651} INFO - DAG(s) dict_keys(['example_time_delta_sensor_async']) retrieved from /home/airflow/.local/lib/python3.7/site-packages/airflow/example_dags/example_time_delta_sensor_async.py
[2022-12-21 16:59:59,791] {logging_mixin.py:115} INFO - [2022-12-21 16:59:59,791] {dag.py:2371} INFO - Sync 1 DAGs
[2022-12-21 16:59:59,807] {logging_mixin.py:115} INFO - [2022-12-21 16:59:59,807] {dag.py:2919} INFO - Setting next_dagrun for example_time_delta_sensor_async to None, run_after=None
[2022-12-21 16:59:59,816] {processor.py:161} INFO - Processing /home/airflow/.local/lib/python3.7/site-packages/airflow/example_dags/example_time_delta_sensor_async.py took 0.058 seconds
[2022-12-21 17:00:30,351] {processor.py:153} INFO - Started process (PID=22762) to work on /home/airflow/.local/lib/python3.7/site-packages/airflow/example_dags/example_time_delta_sensor_async.py
[2022-12-21 17:00:30,352] {processor.py:641} INFO - Processing file /home/airflow/.local/lib/python3.7/site-packages/airflow/example_dags/example_time_delta_sensor_async.py for tasks to queue
[2022-12-21 17:00:30,353] {logging_mixin.py:115} INFO - [2022-12-21 17:00:30,352] {dagbag.py:507} INFO - Filling up the DagBag from /home/airflow/.local/lib/python3.7/site-packages/airflow/example_dags/example_time_delta_sensor_async.py
[2022-12-21 17:00:30,358] {processor.py:651} INFO - DAG(s) dict_keys(['example_time_delta_sensor_async']) retrieved from /home/airflow/.local/lib/python3.7/site-packages/airflow/example_dags/example_time_delta_sensor_async.py
[2022-12-21 17:00:30,387] {logging_mixin.py:115} INFO - [2022-12-21 17:00:30,387] {dag.py:2371} INFO - Sync 1 DAGs
[2022-12-21 17:00:30,409] {logging_mixin.py:115} INFO - [2022-12-21 17:00:30,408] {dag.py:2919} INFO - Setting next_dagrun for example_time_delta_sensor_async to None, run_after=None
[2022-12-21 17:00:30,419] {processor.py:161} INFO - Processing /home/airflow/.local/lib/python3.7/site-packages/airflow/example_dags/example_time_delta_sensor_async.py took 0.071 seconds
[2022-12-21 17:01:00,842] {processor.py:153} INFO - Started process (PID=22828) to work on /home/airflow/.local/lib/python3.7/site-packages/airflow/example_dags/example_time_delta_sensor_async.py
[2022-12-21 17:01:00,842] {processor.py:641} INFO - Processing file /home/airflow/.local/lib/python3.7/site-packages/airflow/example_dags/example_time_delta_sensor_async.py for tasks to queue
[2022-12-21 17:01:00,842] {logging_mixin.py:115} INFO - [2022-12-21 17:01:00,842] {dagbag.py:507} INFO - Filling up the DagBag from /home/airflow/.local/lib/python3.7/site-packages/airflow/example_dags/example_time_delta_sensor_async.py
[2022-12-21 17:01:00,847] {processor.py:651} INFO - DAG(s) dict_keys(['example_time_delta_sensor_async']) retrieved from /home/airflow/.local/lib/python3.7/site-packages/airflow/example_dags/example_time_delta_sensor_async.py
[2022-12-21 17:01:00,872] {logging_mixin.py:115} INFO - [2022-12-21 17:01:00,872] {dag.py:2371} INFO - Sync 1 DAGs
[2022-12-21 17:01:00,891] {logging_mixin.py:115} INFO - [2022-12-21 17:01:00,891] {dag.py:2919} INFO - Setting next_dagrun for example_time_delta_sensor_async to None, run_after=None
[2022-12-21 17:01:00,901] {processor.py:161} INFO - Processing /home/airflow/.local/lib/python3.7/site-packages/airflow/example_dags/example_time_delta_sensor_async.py took 0.062 seconds
[2022-12-21 17:01:31,384] {processor.py:153} INFO - Started process (PID=22885) to work on /home/airflow/.local/lib/python3.7/site-packages/airflow/example_dags/example_time_delta_sensor_async.py
[2022-12-21 17:01:31,385] {processor.py:641} INFO - Processing file /home/airflow/.local/lib/python3.7/site-packages/airflow/example_dags/example_time_delta_sensor_async.py for tasks to queue
[2022-12-21 17:01:31,385] {logging_mixin.py:115} INFO - [2022-12-21 17:01:31,385] {dagbag.py:507} INFO - Filling up the DagBag from /home/airflow/.local/lib/python3.7/site-packages/airflow/example_dags/example_time_delta_sensor_async.py
[2022-12-21 17:01:31,390] {processor.py:651} INFO - DAG(s) dict_keys(['example_time_delta_sensor_async']) retrieved from /home/airflow/.local/lib/python3.7/site-packages/airflow/example_dags/example_time_delta_sensor_async.py
[2022-12-21 17:01:31,425] {logging_mixin.py:115} INFO - [2022-12-21 17:01:31,425] {dag.py:2371} INFO - Sync 1 DAGs
[2022-12-21 17:01:31,446] {logging_mixin.py:115} INFO - [2022-12-21 17:01:31,446] {dag.py:2919} INFO - Setting next_dagrun for example_time_delta_sensor_async to None, run_after=None
[2022-12-21 17:01:31,456] {processor.py:161} INFO - Processing /home/airflow/.local/lib/python3.7/site-packages/airflow/example_dags/example_time_delta_sensor_async.py took 0.075 seconds
[2022-12-21 17:02:02,027] {processor.py:153} INFO - Started process (PID=22950) to work on /home/airflow/.local/lib/python3.7/site-packages/airflow/example_dags/example_time_delta_sensor_async.py
[2022-12-21 17:02:02,027] {processor.py:641} INFO - Processing file /home/airflow/.local/lib/python3.7/site-packages/airflow/example_dags/example_time_delta_sensor_async.py for tasks to queue
[2022-12-21 17:02:02,027] {logging_mixin.py:115} INFO - [2022-12-21 17:02:02,027] {dagbag.py:507} INFO - Filling up the DagBag from /home/airflow/.local/lib/python3.7/site-packages/airflow/example_dags/example_time_delta_sensor_async.py
[2022-12-21 17:02:02,031] {processor.py:651} INFO - DAG(s) dict_keys(['example_time_delta_sensor_async']) retrieved from /home/airflow/.local/lib/python3.7/site-packages/airflow/example_dags/example_time_delta_sensor_async.py
[2022-12-21 17:02:02,058] {logging_mixin.py:115} INFO - [2022-12-21 17:02:02,057] {dag.py:2371} INFO - Sync 1 DAGs
[2022-12-21 17:02:02,079] {logging_mixin.py:115} INFO - [2022-12-21 17:02:02,079] {dag.py:2919} INFO - Setting next_dagrun for example_time_delta_sensor_async to None, run_after=None
[2022-12-21 17:02:02,090] {processor.py:161} INFO - Processing /home/airflow/.local/lib/python3.7/site-packages/airflow/example_dags/example_time_delta_sensor_async.py took 0.066 seconds
[2022-12-21 17:02:32,716] {processor.py:153} INFO - Started process (PID=23016) to work on /home/airflow/.local/lib/python3.7/site-packages/airflow/example_dags/example_time_delta_sensor_async.py
[2022-12-21 17:02:32,717] {processor.py:641} INFO - Processing file /home/airflow/.local/lib/python3.7/site-packages/airflow/example_dags/example_time_delta_sensor_async.py for tasks to queue
[2022-12-21 17:02:32,718] {logging_mixin.py:115} INFO - [2022-12-21 17:02:32,717] {dagbag.py:507} INFO - Filling up the DagBag from /home/airflow/.local/lib/python3.7/site-packages/airflow/example_dags/example_time_delta_sensor_async.py
[2022-12-21 17:02:32,721] {processor.py:651} INFO - DAG(s) dict_keys(['example_time_delta_sensor_async']) retrieved from /home/airflow/.local/lib/python3.7/site-packages/airflow/example_dags/example_time_delta_sensor_async.py
[2022-12-21 17:02:32,749] {logging_mixin.py:115} INFO - [2022-12-21 17:02:32,749] {dag.py:2371} INFO - Sync 1 DAGs
[2022-12-21 17:02:32,765] {logging_mixin.py:115} INFO - [2022-12-21 17:02:32,765] {dag.py:2919} INFO - Setting next_dagrun for example_time_delta_sensor_async to None, run_after=None
[2022-12-21 17:02:32,774] {processor.py:161} INFO - Processing /home/airflow/.local/lib/python3.7/site-packages/airflow/example_dags/example_time_delta_sensor_async.py took 0.060 seconds
[2022-12-21 17:03:03,350] {processor.py:153} INFO - Started process (PID=23082) to work on /home/airflow/.local/lib/python3.7/site-packages/airflow/example_dags/example_time_delta_sensor_async.py
[2022-12-21 17:03:03,350] {processor.py:641} INFO - Processing file /home/airflow/.local/lib/python3.7/site-packages/airflow/example_dags/example_time_delta_sensor_async.py for tasks to queue
[2022-12-21 17:03:03,350] {logging_mixin.py:115} INFO - [2022-12-21 17:03:03,350] {dagbag.py:507} INFO - Filling up the DagBag from /home/airflow/.local/lib/python3.7/site-packages/airflow/example_dags/example_time_delta_sensor_async.py
[2022-12-21 17:03:03,355] {processor.py:651} INFO - DAG(s) dict_keys(['example_time_delta_sensor_async']) retrieved from /home/airflow/.local/lib/python3.7/site-packages/airflow/example_dags/example_time_delta_sensor_async.py
[2022-12-21 17:03:03,384] {logging_mixin.py:115} INFO - [2022-12-21 17:03:03,384] {dag.py:2371} INFO - Sync 1 DAGs
[2022-12-21 17:03:03,402] {logging_mixin.py:115} INFO - [2022-12-21 17:03:03,402] {dag.py:2919} INFO - Setting next_dagrun for example_time_delta_sensor_async to None, run_after=None
[2022-12-21 17:03:03,412] {processor.py:161} INFO - Processing /home/airflow/.local/lib/python3.7/site-packages/airflow/example_dags/example_time_delta_sensor_async.py took 0.065 seconds
[2022-12-21 17:03:34,142] {processor.py:153} INFO - Started process (PID=23139) to work on /home/airflow/.local/lib/python3.7/site-packages/airflow/example_dags/example_time_delta_sensor_async.py
[2022-12-21 17:03:34,143] {processor.py:641} INFO - Processing file /home/airflow/.local/lib/python3.7/site-packages/airflow/example_dags/example_time_delta_sensor_async.py for tasks to queue
[2022-12-21 17:03:34,143] {logging_mixin.py:115} INFO - [2022-12-21 17:03:34,143] {dagbag.py:507} INFO - Filling up the DagBag from /home/airflow/.local/lib/python3.7/site-packages/airflow/example_dags/example_time_delta_sensor_async.py
[2022-12-21 17:03:34,148] {processor.py:651} INFO - DAG(s) dict_keys(['example_time_delta_sensor_async']) retrieved from /home/airflow/.local/lib/python3.7/site-packages/airflow/example_dags/example_time_delta_sensor_async.py
[2022-12-21 17:03:34,177] {logging_mixin.py:115} INFO - [2022-12-21 17:03:34,176] {dag.py:2371} INFO - Sync 1 DAGs
[2022-12-21 17:03:34,196] {logging_mixin.py:115} INFO - [2022-12-21 17:03:34,196] {dag.py:2919} INFO - Setting next_dagrun for example_time_delta_sensor_async to None, run_after=None
[2022-12-21 17:03:34,206] {processor.py:161} INFO - Processing /home/airflow/.local/lib/python3.7/site-packages/airflow/example_dags/example_time_delta_sensor_async.py took 0.068 seconds
[2022-12-21 17:04:04,704] {processor.py:153} INFO - Started process (PID=23206) to work on /home/airflow/.local/lib/python3.7/site-packages/airflow/example_dags/example_time_delta_sensor_async.py
[2022-12-21 17:04:04,705] {processor.py:641} INFO - Processing file /home/airflow/.local/lib/python3.7/site-packages/airflow/example_dags/example_time_delta_sensor_async.py for tasks to queue
[2022-12-21 17:04:04,705] {logging_mixin.py:115} INFO - [2022-12-21 17:04:04,705] {dagbag.py:507} INFO - Filling up the DagBag from /home/airflow/.local/lib/python3.7/site-packages/airflow/example_dags/example_time_delta_sensor_async.py
[2022-12-21 17:04:04,709] {processor.py:651} INFO - DAG(s) dict_keys(['example_time_delta_sensor_async']) retrieved from /home/airflow/.local/lib/python3.7/site-packages/airflow/example_dags/example_time_delta_sensor_async.py
[2022-12-21 17:04:04,736] {logging_mixin.py:115} INFO - [2022-12-21 17:04:04,736] {dag.py:2371} INFO - Sync 1 DAGs
[2022-12-21 17:04:04,753] {logging_mixin.py:115} INFO - [2022-12-21 17:04:04,753] {dag.py:2919} INFO - Setting next_dagrun for example_time_delta_sensor_async to None, run_after=None
[2022-12-21 17:04:04,763] {processor.py:161} INFO - Processing /home/airflow/.local/lib/python3.7/site-packages/airflow/example_dags/example_time_delta_sensor_async.py took 0.061 seconds
[2022-12-21 17:04:35,285] {processor.py:153} INFO - Started process (PID=23272) to work on /home/airflow/.local/lib/python3.7/site-packages/airflow/example_dags/example_time_delta_sensor_async.py
[2022-12-21 17:04:35,286] {processor.py:641} INFO - Processing file /home/airflow/.local/lib/python3.7/site-packages/airflow/example_dags/example_time_delta_sensor_async.py for tasks to queue
[2022-12-21 17:04:35,286] {logging_mixin.py:115} INFO - [2022-12-21 17:04:35,286] {dagbag.py:507} INFO - Filling up the DagBag from /home/airflow/.local/lib/python3.7/site-packages/airflow/example_dags/example_time_delta_sensor_async.py
[2022-12-21 17:04:35,291] {processor.py:651} INFO - DAG(s) dict_keys(['example_time_delta_sensor_async']) retrieved from /home/airflow/.local/lib/python3.7/site-packages/airflow/example_dags/example_time_delta_sensor_async.py
[2022-12-21 17:04:35,326] {logging_mixin.py:115} INFO - [2022-12-21 17:04:35,326] {dag.py:2371} INFO - Sync 1 DAGs
[2022-12-21 17:04:35,354] {logging_mixin.py:115} INFO - [2022-12-21 17:04:35,353] {dag.py:2919} INFO - Setting next_dagrun for example_time_delta_sensor_async to None, run_after=None
[2022-12-21 17:04:35,366] {processor.py:161} INFO - Processing /home/airflow/.local/lib/python3.7/site-packages/airflow/example_dags/example_time_delta_sensor_async.py took 0.084 seconds
[2022-12-21 17:05:05,811] {processor.py:153} INFO - Started process (PID=23338) to work on /home/airflow/.local/lib/python3.7/site-packages/airflow/example_dags/example_time_delta_sensor_async.py
[2022-12-21 17:05:05,812] {processor.py:641} INFO - Processing file /home/airflow/.local/lib/python3.7/site-packages/airflow/example_dags/example_time_delta_sensor_async.py for tasks to queue
[2022-12-21 17:05:05,812] {logging_mixin.py:115} INFO - [2022-12-21 17:05:05,812] {dagbag.py:507} INFO - Filling up the DagBag from /home/airflow/.local/lib/python3.7/site-packages/airflow/example_dags/example_time_delta_sensor_async.py
[2022-12-21 17:05:05,817] {processor.py:651} INFO - DAG(s) dict_keys(['example_time_delta_sensor_async']) retrieved from /home/airflow/.local/lib/python3.7/site-packages/airflow/example_dags/example_time_delta_sensor_async.py
[2022-12-21 17:05:05,843] {logging_mixin.py:115} INFO - [2022-12-21 17:05:05,843] {dag.py:2371} INFO - Sync 1 DAGs
[2022-12-21 17:05:05,860] {logging_mixin.py:115} INFO - [2022-12-21 17:05:05,860] {dag.py:2919} INFO - Setting next_dagrun for example_time_delta_sensor_async to None, run_after=None
[2022-12-21 17:05:05,870] {processor.py:161} INFO - Processing /home/airflow/.local/lib/python3.7/site-packages/airflow/example_dags/example_time_delta_sensor_async.py took 0.062 seconds
[2022-12-21 17:05:36,468] {processor.py:153} INFO - Started process (PID=23394) to work on /home/airflow/.local/lib/python3.7/site-packages/airflow/example_dags/example_time_delta_sensor_async.py
[2022-12-21 17:05:36,469] {processor.py:641} INFO - Processing file /home/airflow/.local/lib/python3.7/site-packages/airflow/example_dags/example_time_delta_sensor_async.py for tasks to queue
[2022-12-21 17:05:36,469] {logging_mixin.py:115} INFO - [2022-12-21 17:05:36,469] {dagbag.py:507} INFO - Filling up the DagBag from /home/airflow/.local/lib/python3.7/site-packages/airflow/example_dags/example_time_delta_sensor_async.py
[2022-12-21 17:05:36,474] {processor.py:651} INFO - DAG(s) dict_keys(['example_time_delta_sensor_async']) retrieved from /home/airflow/.local/lib/python3.7/site-packages/airflow/example_dags/example_time_delta_sensor_async.py
[2022-12-21 17:05:36,501] {logging_mixin.py:115} INFO - [2022-12-21 17:05:36,501] {dag.py:2371} INFO - Sync 1 DAGs
[2022-12-21 17:05:36,519] {logging_mixin.py:115} INFO - [2022-12-21 17:05:36,519] {dag.py:2919} INFO - Setting next_dagrun for example_time_delta_sensor_async to None, run_after=None
[2022-12-21 17:05:36,529] {processor.py:161} INFO - Processing /home/airflow/.local/lib/python3.7/site-packages/airflow/example_dags/example_time_delta_sensor_async.py took 0.064 seconds
[2022-12-21 17:06:07,440] {processor.py:153} INFO - Started process (PID=23461) to work on /home/airflow/.local/lib/python3.7/site-packages/airflow/example_dags/example_time_delta_sensor_async.py
[2022-12-21 17:06:07,441] {processor.py:641} INFO - Processing file /home/airflow/.local/lib/python3.7/site-packages/airflow/example_dags/example_time_delta_sensor_async.py for tasks to queue
[2022-12-21 17:06:07,441] {logging_mixin.py:115} INFO - [2022-12-21 17:06:07,441] {dagbag.py:507} INFO - Filling up the DagBag from /home/airflow/.local/lib/python3.7/site-packages/airflow/example_dags/example_time_delta_sensor_async.py
[2022-12-21 17:06:07,446] {processor.py:651} INFO - DAG(s) dict_keys(['example_time_delta_sensor_async']) retrieved from /home/airflow/.local/lib/python3.7/site-packages/airflow/example_dags/example_time_delta_sensor_async.py
[2022-12-21 17:06:07,472] {logging_mixin.py:115} INFO - [2022-12-21 17:06:07,472] {dag.py:2371} INFO - Sync 1 DAGs
[2022-12-21 17:06:07,493] {logging_mixin.py:115} INFO - [2022-12-21 17:06:07,493] {dag.py:2919} INFO - Setting next_dagrun for example_time_delta_sensor_async to None, run_after=None
[2022-12-21 17:06:07,502] {processor.py:161} INFO - Processing /home/airflow/.local/lib/python3.7/site-packages/airflow/example_dags/example_time_delta_sensor_async.py took 0.065 seconds
[2022-12-21 17:06:37,978] {processor.py:153} INFO - Started process (PID=23528) to work on /home/airflow/.local/lib/python3.7/site-packages/airflow/example_dags/example_time_delta_sensor_async.py
[2022-12-21 17:06:37,978] {processor.py:641} INFO - Processing file /home/airflow/.local/lib/python3.7/site-packages/airflow/example_dags/example_time_delta_sensor_async.py for tasks to queue
[2022-12-21 17:06:37,979] {logging_mixin.py:115} INFO - [2022-12-21 17:06:37,979] {dagbag.py:507} INFO - Filling up the DagBag from /home/airflow/.local/lib/python3.7/site-packages/airflow/example_dags/example_time_delta_sensor_async.py
[2022-12-21 17:06:37,985] {processor.py:651} INFO - DAG(s) dict_keys(['example_time_delta_sensor_async']) retrieved from /home/airflow/.local/lib/python3.7/site-packages/airflow/example_dags/example_time_delta_sensor_async.py
[2022-12-21 17:06:38,014] {logging_mixin.py:115} INFO - [2022-12-21 17:06:38,014] {dag.py:2371} INFO - Sync 1 DAGs
[2022-12-21 17:06:38,033] {logging_mixin.py:115} INFO - [2022-12-21 17:06:38,033] {dag.py:2919} INFO - Setting next_dagrun for example_time_delta_sensor_async to None, run_after=None
[2022-12-21 17:06:38,044] {processor.py:161} INFO - Processing /home/airflow/.local/lib/python3.7/site-packages/airflow/example_dags/example_time_delta_sensor_async.py took 0.070 seconds
[2022-12-21 17:07:08,495] {processor.py:153} INFO - Started process (PID=23594) to work on /home/airflow/.local/lib/python3.7/site-packages/airflow/example_dags/example_time_delta_sensor_async.py
[2022-12-21 17:07:08,496] {processor.py:641} INFO - Processing file /home/airflow/.local/lib/python3.7/site-packages/airflow/example_dags/example_time_delta_sensor_async.py for tasks to queue
[2022-12-21 17:07:08,496] {logging_mixin.py:115} INFO - [2022-12-21 17:07:08,496] {dagbag.py:507} INFO - Filling up the DagBag from /home/airflow/.local/lib/python3.7/site-packages/airflow/example_dags/example_time_delta_sensor_async.py
[2022-12-21 17:07:08,500] {processor.py:651} INFO - DAG(s) dict_keys(['example_time_delta_sensor_async']) retrieved from /home/airflow/.local/lib/python3.7/site-packages/airflow/example_dags/example_time_delta_sensor_async.py
[2022-12-21 17:07:08,536] {logging_mixin.py:115} INFO - [2022-12-21 17:07:08,536] {dag.py:2371} INFO - Sync 1 DAGs
[2022-12-21 17:07:08,556] {logging_mixin.py:115} INFO - [2022-12-21 17:07:08,556] {dag.py:2919} INFO - Setting next_dagrun for example_time_delta_sensor_async to None, run_after=None
[2022-12-21 17:07:08,566] {processor.py:161} INFO - Processing /home/airflow/.local/lib/python3.7/site-packages/airflow/example_dags/example_time_delta_sensor_async.py took 0.074 seconds
[2022-12-21 17:07:39,077] {processor.py:153} INFO - Started process (PID=23650) to work on /home/airflow/.local/lib/python3.7/site-packages/airflow/example_dags/example_time_delta_sensor_async.py
[2022-12-21 17:07:39,078] {processor.py:641} INFO - Processing file /home/airflow/.local/lib/python3.7/site-packages/airflow/example_dags/example_time_delta_sensor_async.py for tasks to queue
[2022-12-21 17:07:39,078] {logging_mixin.py:115} INFO - [2022-12-21 17:07:39,078] {dagbag.py:507} INFO - Filling up the DagBag from /home/airflow/.local/lib/python3.7/site-packages/airflow/example_dags/example_time_delta_sensor_async.py
[2022-12-21 17:07:39,083] {processor.py:651} INFO - DAG(s) dict_keys(['example_time_delta_sensor_async']) retrieved from /home/airflow/.local/lib/python3.7/site-packages/airflow/example_dags/example_time_delta_sensor_async.py
[2022-12-21 17:07:39,110] {logging_mixin.py:115} INFO - [2022-12-21 17:07:39,110] {dag.py:2371} INFO - Sync 1 DAGs
[2022-12-21 17:07:39,128] {logging_mixin.py:115} INFO - [2022-12-21 17:07:39,128] {dag.py:2919} INFO - Setting next_dagrun for example_time_delta_sensor_async to None, run_after=None
[2022-12-21 17:07:39,138] {processor.py:161} INFO - Processing /home/airflow/.local/lib/python3.7/site-packages/airflow/example_dags/example_time_delta_sensor_async.py took 0.063 seconds
[2022-12-21 17:08:09,630] {processor.py:153} INFO - Started process (PID=23716) to work on /home/airflow/.local/lib/python3.7/site-packages/airflow/example_dags/example_time_delta_sensor_async.py
[2022-12-21 17:08:09,631] {processor.py:641} INFO - Processing file /home/airflow/.local/lib/python3.7/site-packages/airflow/example_dags/example_time_delta_sensor_async.py for tasks to queue
[2022-12-21 17:08:09,632] {logging_mixin.py:115} INFO - [2022-12-21 17:08:09,631] {dagbag.py:507} INFO - Filling up the DagBag from /home/airflow/.local/lib/python3.7/site-packages/airflow/example_dags/example_time_delta_sensor_async.py
[2022-12-21 17:08:09,637] {processor.py:651} INFO - DAG(s) dict_keys(['example_time_delta_sensor_async']) retrieved from /home/airflow/.local/lib/python3.7/site-packages/airflow/example_dags/example_time_delta_sensor_async.py
[2022-12-21 17:08:09,671] {logging_mixin.py:115} INFO - [2022-12-21 17:08:09,671] {dag.py:2371} INFO - Sync 1 DAGs
[2022-12-21 17:08:09,690] {logging_mixin.py:115} INFO - [2022-12-21 17:08:09,690] {dag.py:2919} INFO - Setting next_dagrun for example_time_delta_sensor_async to None, run_after=None
[2022-12-21 17:08:09,699] {processor.py:161} INFO - Processing /home/airflow/.local/lib/python3.7/site-packages/airflow/example_dags/example_time_delta_sensor_async.py took 0.071 seconds
[2022-12-21 17:08:40,249] {processor.py:153} INFO - Started process (PID=23783) to work on /home/airflow/.local/lib/python3.7/site-packages/airflow/example_dags/example_time_delta_sensor_async.py
[2022-12-21 17:08:40,250] {processor.py:641} INFO - Processing file /home/airflow/.local/lib/python3.7/site-packages/airflow/example_dags/example_time_delta_sensor_async.py for tasks to queue
[2022-12-21 17:08:40,250] {logging_mixin.py:115} INFO - [2022-12-21 17:08:40,250] {dagbag.py:507} INFO - Filling up the DagBag from /home/airflow/.local/lib/python3.7/site-packages/airflow/example_dags/example_time_delta_sensor_async.py
[2022-12-21 17:08:40,255] {processor.py:651} INFO - DAG(s) dict_keys(['example_time_delta_sensor_async']) retrieved from /home/airflow/.local/lib/python3.7/site-packages/airflow/example_dags/example_time_delta_sensor_async.py
[2022-12-21 17:08:40,289] {logging_mixin.py:115} INFO - [2022-12-21 17:08:40,289] {dag.py:2371} INFO - Sync 1 DAGs
[2022-12-21 17:08:40,312] {logging_mixin.py:115} INFO - [2022-12-21 17:08:40,311] {dag.py:2919} INFO - Setting next_dagrun for example_time_delta_sensor_async to None, run_after=None
[2022-12-21 17:08:40,323] {processor.py:161} INFO - Processing /home/airflow/.local/lib/python3.7/site-packages/airflow/example_dags/example_time_delta_sensor_async.py took 0.076 seconds
[2022-12-21 17:09:10,855] {processor.py:153} INFO - Started process (PID=23840) to work on /home/airflow/.local/lib/python3.7/site-packages/airflow/example_dags/example_time_delta_sensor_async.py
[2022-12-21 17:09:10,856] {processor.py:641} INFO - Processing file /home/airflow/.local/lib/python3.7/site-packages/airflow/example_dags/example_time_delta_sensor_async.py for tasks to queue
[2022-12-21 17:09:10,856] {logging_mixin.py:115} INFO - [2022-12-21 17:09:10,856] {dagbag.py:507} INFO - Filling up the DagBag from /home/airflow/.local/lib/python3.7/site-packages/airflow/example_dags/example_time_delta_sensor_async.py
[2022-12-21 17:09:10,860] {processor.py:651} INFO - DAG(s) dict_keys(['example_time_delta_sensor_async']) retrieved from /home/airflow/.local/lib/python3.7/site-packages/airflow/example_dags/example_time_delta_sensor_async.py
[2022-12-21 17:09:10,886] {logging_mixin.py:115} INFO - [2022-12-21 17:09:10,886] {dag.py:2371} INFO - Sync 1 DAGs
[2022-12-21 17:09:10,904] {logging_mixin.py:115} INFO - [2022-12-21 17:09:10,904] {dag.py:2919} INFO - Setting next_dagrun for example_time_delta_sensor_async to None, run_after=None
[2022-12-21 17:09:10,913] {processor.py:161} INFO - Processing /home/airflow/.local/lib/python3.7/site-packages/airflow/example_dags/example_time_delta_sensor_async.py took 0.060 seconds
[2022-12-21 17:09:41,636] {processor.py:153} INFO - Started process (PID=23907) to work on /home/airflow/.local/lib/python3.7/site-packages/airflow/example_dags/example_time_delta_sensor_async.py
[2022-12-21 17:09:41,637] {processor.py:641} INFO - Processing file /home/airflow/.local/lib/python3.7/site-packages/airflow/example_dags/example_time_delta_sensor_async.py for tasks to queue
[2022-12-21 17:09:41,637] {logging_mixin.py:115} INFO - [2022-12-21 17:09:41,637] {dagbag.py:507} INFO - Filling up the DagBag from /home/airflow/.local/lib/python3.7/site-packages/airflow/example_dags/example_time_delta_sensor_async.py
[2022-12-21 17:09:41,642] {processor.py:651} INFO - DAG(s) dict_keys(['example_time_delta_sensor_async']) retrieved from /home/airflow/.local/lib/python3.7/site-packages/airflow/example_dags/example_time_delta_sensor_async.py
[2022-12-21 17:09:41,674] {logging_mixin.py:115} INFO - [2022-12-21 17:09:41,674] {dag.py:2371} INFO - Sync 1 DAGs
[2022-12-21 17:09:41,691] {logging_mixin.py:115} INFO - [2022-12-21 17:09:41,691] {dag.py:2919} INFO - Setting next_dagrun for example_time_delta_sensor_async to None, run_after=None
[2022-12-21 17:09:41,702] {processor.py:161} INFO - Processing /home/airflow/.local/lib/python3.7/site-packages/airflow/example_dags/example_time_delta_sensor_async.py took 0.069 seconds
[2022-12-21 17:10:12,370] {processor.py:153} INFO - Started process (PID=23974) to work on /home/airflow/.local/lib/python3.7/site-packages/airflow/example_dags/example_time_delta_sensor_async.py
[2022-12-21 17:10:12,371] {processor.py:641} INFO - Processing file /home/airflow/.local/lib/python3.7/site-packages/airflow/example_dags/example_time_delta_sensor_async.py for tasks to queue
[2022-12-21 17:10:12,372] {logging_mixin.py:115} INFO - [2022-12-21 17:10:12,372] {dagbag.py:507} INFO - Filling up the DagBag from /home/airflow/.local/lib/python3.7/site-packages/airflow/example_dags/example_time_delta_sensor_async.py
[2022-12-21 17:10:12,376] {processor.py:651} INFO - DAG(s) dict_keys(['example_time_delta_sensor_async']) retrieved from /home/airflow/.local/lib/python3.7/site-packages/airflow/example_dags/example_time_delta_sensor_async.py
[2022-12-21 17:10:12,405] {logging_mixin.py:115} INFO - [2022-12-21 17:10:12,405] {dag.py:2371} INFO - Sync 1 DAGs
[2022-12-21 17:10:12,423] {logging_mixin.py:115} INFO - [2022-12-21 17:10:12,423] {dag.py:2919} INFO - Setting next_dagrun for example_time_delta_sensor_async to None, run_after=None
[2022-12-21 17:10:12,433] {processor.py:161} INFO - Processing /home/airflow/.local/lib/python3.7/site-packages/airflow/example_dags/example_time_delta_sensor_async.py took 0.066 seconds
[2022-12-21 17:10:42,909] {processor.py:153} INFO - Started process (PID=24041) to work on /home/airflow/.local/lib/python3.7/site-packages/airflow/example_dags/example_time_delta_sensor_async.py
[2022-12-21 17:10:42,910] {processor.py:641} INFO - Processing file /home/airflow/.local/lib/python3.7/site-packages/airflow/example_dags/example_time_delta_sensor_async.py for tasks to queue
[2022-12-21 17:10:42,911] {logging_mixin.py:115} INFO - [2022-12-21 17:10:42,910] {dagbag.py:507} INFO - Filling up the DagBag from /home/airflow/.local/lib/python3.7/site-packages/airflow/example_dags/example_time_delta_sensor_async.py
[2022-12-21 17:10:42,915] {processor.py:651} INFO - DAG(s) dict_keys(['example_time_delta_sensor_async']) retrieved from /home/airflow/.local/lib/python3.7/site-packages/airflow/example_dags/example_time_delta_sensor_async.py
[2022-12-21 17:10:42,947] {logging_mixin.py:115} INFO - [2022-12-21 17:10:42,947] {dag.py:2371} INFO - Sync 1 DAGs
[2022-12-21 17:10:42,965] {logging_mixin.py:115} INFO - [2022-12-21 17:10:42,965] {dag.py:2919} INFO - Setting next_dagrun for example_time_delta_sensor_async to None, run_after=None
[2022-12-21 17:10:42,975] {processor.py:161} INFO - Processing /home/airflow/.local/lib/python3.7/site-packages/airflow/example_dags/example_time_delta_sensor_async.py took 0.068 seconds
[2022-12-21 17:11:13,541] {processor.py:153} INFO - Started process (PID=24097) to work on /home/airflow/.local/lib/python3.7/site-packages/airflow/example_dags/example_time_delta_sensor_async.py
[2022-12-21 17:11:13,541] {processor.py:641} INFO - Processing file /home/airflow/.local/lib/python3.7/site-packages/airflow/example_dags/example_time_delta_sensor_async.py for tasks to queue
[2022-12-21 17:11:13,542] {logging_mixin.py:115} INFO - [2022-12-21 17:11:13,542] {dagbag.py:507} INFO - Filling up the DagBag from /home/airflow/.local/lib/python3.7/site-packages/airflow/example_dags/example_time_delta_sensor_async.py
[2022-12-21 17:11:13,547] {processor.py:651} INFO - DAG(s) dict_keys(['example_time_delta_sensor_async']) retrieved from /home/airflow/.local/lib/python3.7/site-packages/airflow/example_dags/example_time_delta_sensor_async.py
[2022-12-21 17:11:13,576] {logging_mixin.py:115} INFO - [2022-12-21 17:11:13,576] {dag.py:2371} INFO - Sync 1 DAGs
[2022-12-21 17:11:13,594] {logging_mixin.py:115} INFO - [2022-12-21 17:11:13,594] {dag.py:2919} INFO - Setting next_dagrun for example_time_delta_sensor_async to None, run_after=None
[2022-12-21 17:11:13,604] {processor.py:161} INFO - Processing /home/airflow/.local/lib/python3.7/site-packages/airflow/example_dags/example_time_delta_sensor_async.py took 0.066 seconds
[2022-12-21 17:11:44,165] {processor.py:153} INFO - Started process (PID=24163) to work on /home/airflow/.local/lib/python3.7/site-packages/airflow/example_dags/example_time_delta_sensor_async.py
[2022-12-21 17:11:44,166] {processor.py:641} INFO - Processing file /home/airflow/.local/lib/python3.7/site-packages/airflow/example_dags/example_time_delta_sensor_async.py for tasks to queue
[2022-12-21 17:11:44,166] {logging_mixin.py:115} INFO - [2022-12-21 17:11:44,166] {dagbag.py:507} INFO - Filling up the DagBag from /home/airflow/.local/lib/python3.7/site-packages/airflow/example_dags/example_time_delta_sensor_async.py
[2022-12-21 17:11:44,172] {processor.py:651} INFO - DAG(s) dict_keys(['example_time_delta_sensor_async']) retrieved from /home/airflow/.local/lib/python3.7/site-packages/airflow/example_dags/example_time_delta_sensor_async.py
[2022-12-21 17:11:44,199] {logging_mixin.py:115} INFO - [2022-12-21 17:11:44,199] {dag.py:2371} INFO - Sync 1 DAGs
[2022-12-21 17:11:44,214] {logging_mixin.py:115} INFO - [2022-12-21 17:11:44,214] {dag.py:2919} INFO - Setting next_dagrun for example_time_delta_sensor_async to None, run_after=None
[2022-12-21 17:11:44,223] {processor.py:161} INFO - Processing /home/airflow/.local/lib/python3.7/site-packages/airflow/example_dags/example_time_delta_sensor_async.py took 0.062 seconds
[2022-12-21 17:12:14,786] {processor.py:153} INFO - Started process (PID=24229) to work on /home/airflow/.local/lib/python3.7/site-packages/airflow/example_dags/example_time_delta_sensor_async.py
[2022-12-21 17:12:14,787] {processor.py:641} INFO - Processing file /home/airflow/.local/lib/python3.7/site-packages/airflow/example_dags/example_time_delta_sensor_async.py for tasks to queue
[2022-12-21 17:12:14,787] {logging_mixin.py:115} INFO - [2022-12-21 17:12:14,787] {dagbag.py:507} INFO - Filling up the DagBag from /home/airflow/.local/lib/python3.7/site-packages/airflow/example_dags/example_time_delta_sensor_async.py
[2022-12-21 17:12:14,791] {processor.py:651} INFO - DAG(s) dict_keys(['example_time_delta_sensor_async']) retrieved from /home/airflow/.local/lib/python3.7/site-packages/airflow/example_dags/example_time_delta_sensor_async.py
[2022-12-21 17:12:14,821] {logging_mixin.py:115} INFO - [2022-12-21 17:12:14,820] {dag.py:2371} INFO - Sync 1 DAGs
[2022-12-21 17:12:14,840] {logging_mixin.py:115} INFO - [2022-12-21 17:12:14,840] {dag.py:2919} INFO - Setting next_dagrun for example_time_delta_sensor_async to None, run_after=None
[2022-12-21 17:12:14,851] {processor.py:161} INFO - Processing /home/airflow/.local/lib/python3.7/site-packages/airflow/example_dags/example_time_delta_sensor_async.py took 0.067 seconds
[2022-12-21 17:12:45,299] {processor.py:153} INFO - Started process (PID=24296) to work on /home/airflow/.local/lib/python3.7/site-packages/airflow/example_dags/example_time_delta_sensor_async.py
[2022-12-21 17:12:45,299] {processor.py:641} INFO - Processing file /home/airflow/.local/lib/python3.7/site-packages/airflow/example_dags/example_time_delta_sensor_async.py for tasks to queue
[2022-12-21 17:12:45,300] {logging_mixin.py:115} INFO - [2022-12-21 17:12:45,300] {dagbag.py:507} INFO - Filling up the DagBag from /home/airflow/.local/lib/python3.7/site-packages/airflow/example_dags/example_time_delta_sensor_async.py
[2022-12-21 17:12:45,305] {processor.py:651} INFO - DAG(s) dict_keys(['example_time_delta_sensor_async']) retrieved from /home/airflow/.local/lib/python3.7/site-packages/airflow/example_dags/example_time_delta_sensor_async.py
[2022-12-21 17:12:45,331] {logging_mixin.py:115} INFO - [2022-12-21 17:12:45,331] {dag.py:2371} INFO - Sync 1 DAGs
[2022-12-21 17:12:45,349] {logging_mixin.py:115} INFO - [2022-12-21 17:12:45,348] {dag.py:2919} INFO - Setting next_dagrun for example_time_delta_sensor_async to None, run_after=None
[2022-12-21 17:12:45,358] {processor.py:161} INFO - Processing /home/airflow/.local/lib/python3.7/site-packages/airflow/example_dags/example_time_delta_sensor_async.py took 0.062 seconds
[2022-12-21 17:13:15,755] {processor.py:153} INFO - Started process (PID=24352) to work on /home/airflow/.local/lib/python3.7/site-packages/airflow/example_dags/example_time_delta_sensor_async.py
[2022-12-21 17:13:15,755] {processor.py:641} INFO - Processing file /home/airflow/.local/lib/python3.7/site-packages/airflow/example_dags/example_time_delta_sensor_async.py for tasks to queue
[2022-12-21 17:13:15,756] {logging_mixin.py:115} INFO - [2022-12-21 17:13:15,756] {dagbag.py:507} INFO - Filling up the DagBag from /home/airflow/.local/lib/python3.7/site-packages/airflow/example_dags/example_time_delta_sensor_async.py
[2022-12-21 17:13:15,761] {processor.py:651} INFO - DAG(s) dict_keys(['example_time_delta_sensor_async']) retrieved from /home/airflow/.local/lib/python3.7/site-packages/airflow/example_dags/example_time_delta_sensor_async.py
[2022-12-21 17:13:15,796] {logging_mixin.py:115} INFO - [2022-12-21 17:13:15,796] {dag.py:2371} INFO - Sync 1 DAGs
[2022-12-21 17:13:15,816] {logging_mixin.py:115} INFO - [2022-12-21 17:13:15,816] {dag.py:2919} INFO - Setting next_dagrun for example_time_delta_sensor_async to None, run_after=None
[2022-12-21 17:13:15,825] {processor.py:161} INFO - Processing /home/airflow/.local/lib/python3.7/site-packages/airflow/example_dags/example_time_delta_sensor_async.py took 0.073 seconds
[2022-12-21 17:13:46,371] {processor.py:153} INFO - Started process (PID=24418) to work on /home/airflow/.local/lib/python3.7/site-packages/airflow/example_dags/example_time_delta_sensor_async.py
[2022-12-21 17:13:46,372] {processor.py:641} INFO - Processing file /home/airflow/.local/lib/python3.7/site-packages/airflow/example_dags/example_time_delta_sensor_async.py for tasks to queue
[2022-12-21 17:13:46,372] {logging_mixin.py:115} INFO - [2022-12-21 17:13:46,372] {dagbag.py:507} INFO - Filling up the DagBag from /home/airflow/.local/lib/python3.7/site-packages/airflow/example_dags/example_time_delta_sensor_async.py
[2022-12-21 17:13:46,377] {processor.py:651} INFO - DAG(s) dict_keys(['example_time_delta_sensor_async']) retrieved from /home/airflow/.local/lib/python3.7/site-packages/airflow/example_dags/example_time_delta_sensor_async.py
[2022-12-21 17:13:46,408] {logging_mixin.py:115} INFO - [2022-12-21 17:13:46,408] {dag.py:2371} INFO - Sync 1 DAGs
[2022-12-21 17:13:46,425] {logging_mixin.py:115} INFO - [2022-12-21 17:13:46,425] {dag.py:2919} INFO - Setting next_dagrun for example_time_delta_sensor_async to None, run_after=None
[2022-12-21 17:13:46,434] {processor.py:161} INFO - Processing /home/airflow/.local/lib/python3.7/site-packages/airflow/example_dags/example_time_delta_sensor_async.py took 0.065 seconds
[2022-12-21 17:14:17,039] {processor.py:153} INFO - Started process (PID=24485) to work on /home/airflow/.local/lib/python3.7/site-packages/airflow/example_dags/example_time_delta_sensor_async.py
[2022-12-21 17:14:17,040] {processor.py:641} INFO - Processing file /home/airflow/.local/lib/python3.7/site-packages/airflow/example_dags/example_time_delta_sensor_async.py for tasks to queue
[2022-12-21 17:14:17,040] {logging_mixin.py:115} INFO - [2022-12-21 17:14:17,040] {dagbag.py:507} INFO - Filling up the DagBag from /home/airflow/.local/lib/python3.7/site-packages/airflow/example_dags/example_time_delta_sensor_async.py
[2022-12-21 17:14:17,046] {processor.py:651} INFO - DAG(s) dict_keys(['example_time_delta_sensor_async']) retrieved from /home/airflow/.local/lib/python3.7/site-packages/airflow/example_dags/example_time_delta_sensor_async.py
[2022-12-21 17:14:17,074] {logging_mixin.py:115} INFO - [2022-12-21 17:14:17,074] {dag.py:2371} INFO - Sync 1 DAGs
[2022-12-21 17:14:17,091] {logging_mixin.py:115} INFO - [2022-12-21 17:14:17,091] {dag.py:2919} INFO - Setting next_dagrun for example_time_delta_sensor_async to None, run_after=None
[2022-12-21 17:14:17,101] {processor.py:161} INFO - Processing /home/airflow/.local/lib/python3.7/site-packages/airflow/example_dags/example_time_delta_sensor_async.py took 0.065 seconds
[2022-12-21 17:14:47,854] {processor.py:153} INFO - Started process (PID=24551) to work on /home/airflow/.local/lib/python3.7/site-packages/airflow/example_dags/example_time_delta_sensor_async.py
[2022-12-21 17:14:47,855] {processor.py:641} INFO - Processing file /home/airflow/.local/lib/python3.7/site-packages/airflow/example_dags/example_time_delta_sensor_async.py for tasks to queue
[2022-12-21 17:14:47,855] {logging_mixin.py:115} INFO - [2022-12-21 17:14:47,855] {dagbag.py:507} INFO - Filling up the DagBag from /home/airflow/.local/lib/python3.7/site-packages/airflow/example_dags/example_time_delta_sensor_async.py
[2022-12-21 17:14:47,860] {processor.py:651} INFO - DAG(s) dict_keys(['example_time_delta_sensor_async']) retrieved from /home/airflow/.local/lib/python3.7/site-packages/airflow/example_dags/example_time_delta_sensor_async.py
[2022-12-21 17:14:47,886] {logging_mixin.py:115} INFO - [2022-12-21 17:14:47,886] {dag.py:2371} INFO - Sync 1 DAGs
[2022-12-21 17:14:47,903] {logging_mixin.py:115} INFO - [2022-12-21 17:14:47,903] {dag.py:2919} INFO - Setting next_dagrun for example_time_delta_sensor_async to None, run_after=None
[2022-12-21 17:14:47,913] {processor.py:161} INFO - Processing /home/airflow/.local/lib/python3.7/site-packages/airflow/example_dags/example_time_delta_sensor_async.py took 0.062 seconds
[2022-12-21 17:15:18,415] {processor.py:153} INFO - Started process (PID=24607) to work on /home/airflow/.local/lib/python3.7/site-packages/airflow/example_dags/example_time_delta_sensor_async.py
[2022-12-21 17:15:18,416] {processor.py:641} INFO - Processing file /home/airflow/.local/lib/python3.7/site-packages/airflow/example_dags/example_time_delta_sensor_async.py for tasks to queue
[2022-12-21 17:15:18,417] {logging_mixin.py:115} INFO - [2022-12-21 17:15:18,417] {dagbag.py:507} INFO - Filling up the DagBag from /home/airflow/.local/lib/python3.7/site-packages/airflow/example_dags/example_time_delta_sensor_async.py
[2022-12-21 17:15:18,422] {processor.py:651} INFO - DAG(s) dict_keys(['example_time_delta_sensor_async']) retrieved from /home/airflow/.local/lib/python3.7/site-packages/airflow/example_dags/example_time_delta_sensor_async.py
[2022-12-21 17:15:18,450] {logging_mixin.py:115} INFO - [2022-12-21 17:15:18,450] {dag.py:2371} INFO - Sync 1 DAGs
[2022-12-21 17:15:18,468] {logging_mixin.py:115} INFO - [2022-12-21 17:15:18,468] {dag.py:2919} INFO - Setting next_dagrun for example_time_delta_sensor_async to None, run_after=None
[2022-12-21 17:15:18,478] {processor.py:161} INFO - Processing /home/airflow/.local/lib/python3.7/site-packages/airflow/example_dags/example_time_delta_sensor_async.py took 0.066 seconds
[2022-12-21 17:15:49,043] {processor.py:153} INFO - Started process (PID=24673) to work on /home/airflow/.local/lib/python3.7/site-packages/airflow/example_dags/example_time_delta_sensor_async.py
[2022-12-21 17:15:49,044] {processor.py:641} INFO - Processing file /home/airflow/.local/lib/python3.7/site-packages/airflow/example_dags/example_time_delta_sensor_async.py for tasks to queue
[2022-12-21 17:15:49,044] {logging_mixin.py:115} INFO - [2022-12-21 17:15:49,044] {dagbag.py:507} INFO - Filling up the DagBag from /home/airflow/.local/lib/python3.7/site-packages/airflow/example_dags/example_time_delta_sensor_async.py
[2022-12-21 17:15:49,049] {processor.py:651} INFO - DAG(s) dict_keys(['example_time_delta_sensor_async']) retrieved from /home/airflow/.local/lib/python3.7/site-packages/airflow/example_dags/example_time_delta_sensor_async.py
[2022-12-21 17:15:49,080] {logging_mixin.py:115} INFO - [2022-12-21 17:15:49,080] {dag.py:2371} INFO - Sync 1 DAGs
[2022-12-21 17:15:49,102] {logging_mixin.py:115} INFO - [2022-12-21 17:15:49,102] {dag.py:2919} INFO - Setting next_dagrun for example_time_delta_sensor_async to None, run_after=None
[2022-12-21 17:15:49,111] {processor.py:161} INFO - Processing /home/airflow/.local/lib/python3.7/site-packages/airflow/example_dags/example_time_delta_sensor_async.py took 0.071 seconds
[2022-12-21 17:16:19,763] {processor.py:153} INFO - Started process (PID=24739) to work on /home/airflow/.local/lib/python3.7/site-packages/airflow/example_dags/example_time_delta_sensor_async.py
[2022-12-21 17:16:19,763] {processor.py:641} INFO - Processing file /home/airflow/.local/lib/python3.7/site-packages/airflow/example_dags/example_time_delta_sensor_async.py for tasks to queue
[2022-12-21 17:16:19,764] {logging_mixin.py:115} INFO - [2022-12-21 17:16:19,764] {dagbag.py:507} INFO - Filling up the DagBag from /home/airflow/.local/lib/python3.7/site-packages/airflow/example_dags/example_time_delta_sensor_async.py
[2022-12-21 17:16:19,769] {processor.py:651} INFO - DAG(s) dict_keys(['example_time_delta_sensor_async']) retrieved from /home/airflow/.local/lib/python3.7/site-packages/airflow/example_dags/example_time_delta_sensor_async.py
[2022-12-21 17:16:19,799] {logging_mixin.py:115} INFO - [2022-12-21 17:16:19,799] {dag.py:2371} INFO - Sync 1 DAGs
[2022-12-21 17:16:19,819] {logging_mixin.py:115} INFO - [2022-12-21 17:16:19,819] {dag.py:2919} INFO - Setting next_dagrun for example_time_delta_sensor_async to None, run_after=None
[2022-12-21 17:16:19,831] {processor.py:161} INFO - Processing /home/airflow/.local/lib/python3.7/site-packages/airflow/example_dags/example_time_delta_sensor_async.py took 0.071 seconds
[2022-12-21 17:16:50,430] {processor.py:153} INFO - Started process (PID=24806) to work on /home/airflow/.local/lib/python3.7/site-packages/airflow/example_dags/example_time_delta_sensor_async.py
[2022-12-21 17:16:50,430] {processor.py:641} INFO - Processing file /home/airflow/.local/lib/python3.7/site-packages/airflow/example_dags/example_time_delta_sensor_async.py for tasks to queue
[2022-12-21 17:16:50,431] {logging_mixin.py:115} INFO - [2022-12-21 17:16:50,430] {dagbag.py:507} INFO - Filling up the DagBag from /home/airflow/.local/lib/python3.7/site-packages/airflow/example_dags/example_time_delta_sensor_async.py
[2022-12-21 17:16:50,434] {processor.py:651} INFO - DAG(s) dict_keys(['example_time_delta_sensor_async']) retrieved from /home/airflow/.local/lib/python3.7/site-packages/airflow/example_dags/example_time_delta_sensor_async.py
[2022-12-21 17:16:50,461] {logging_mixin.py:115} INFO - [2022-12-21 17:16:50,461] {dag.py:2371} INFO - Sync 1 DAGs
[2022-12-21 17:16:50,477] {logging_mixin.py:115} INFO - [2022-12-21 17:16:50,477] {dag.py:2919} INFO - Setting next_dagrun for example_time_delta_sensor_async to None, run_after=None
[2022-12-21 17:16:50,486] {processor.py:161} INFO - Processing /home/airflow/.local/lib/python3.7/site-packages/airflow/example_dags/example_time_delta_sensor_async.py took 0.059 seconds
[2022-12-21 17:17:21,086] {processor.py:153} INFO - Started process (PID=24862) to work on /home/airflow/.local/lib/python3.7/site-packages/airflow/example_dags/example_time_delta_sensor_async.py
[2022-12-21 17:17:21,087] {processor.py:641} INFO - Processing file /home/airflow/.local/lib/python3.7/site-packages/airflow/example_dags/example_time_delta_sensor_async.py for tasks to queue
[2022-12-21 17:17:21,087] {logging_mixin.py:115} INFO - [2022-12-21 17:17:21,087] {dagbag.py:507} INFO - Filling up the DagBag from /home/airflow/.local/lib/python3.7/site-packages/airflow/example_dags/example_time_delta_sensor_async.py
[2022-12-21 17:17:21,091] {processor.py:651} INFO - DAG(s) dict_keys(['example_time_delta_sensor_async']) retrieved from /home/airflow/.local/lib/python3.7/site-packages/airflow/example_dags/example_time_delta_sensor_async.py
[2022-12-21 17:17:21,116] {logging_mixin.py:115} INFO - [2022-12-21 17:17:21,116] {dag.py:2371} INFO - Sync 1 DAGs
[2022-12-21 17:17:21,132] {logging_mixin.py:115} INFO - [2022-12-21 17:17:21,132] {dag.py:2919} INFO - Setting next_dagrun for example_time_delta_sensor_async to None, run_after=None
[2022-12-21 17:17:21,141] {processor.py:161} INFO - Processing /home/airflow/.local/lib/python3.7/site-packages/airflow/example_dags/example_time_delta_sensor_async.py took 0.057 seconds
[2022-12-21 17:17:51,655] {processor.py:153} INFO - Started process (PID=24929) to work on /home/airflow/.local/lib/python3.7/site-packages/airflow/example_dags/example_time_delta_sensor_async.py
[2022-12-21 17:17:51,656] {processor.py:641} INFO - Processing file /home/airflow/.local/lib/python3.7/site-packages/airflow/example_dags/example_time_delta_sensor_async.py for tasks to queue
[2022-12-21 17:17:51,657] {logging_mixin.py:115} INFO - [2022-12-21 17:17:51,657] {dagbag.py:507} INFO - Filling up the DagBag from /home/airflow/.local/lib/python3.7/site-packages/airflow/example_dags/example_time_delta_sensor_async.py
[2022-12-21 17:17:51,661] {processor.py:651} INFO - DAG(s) dict_keys(['example_time_delta_sensor_async']) retrieved from /home/airflow/.local/lib/python3.7/site-packages/airflow/example_dags/example_time_delta_sensor_async.py
[2022-12-21 17:17:51,687] {logging_mixin.py:115} INFO - [2022-12-21 17:17:51,687] {dag.py:2371} INFO - Sync 1 DAGs
[2022-12-21 17:17:51,703] {logging_mixin.py:115} INFO - [2022-12-21 17:17:51,703] {dag.py:2919} INFO - Setting next_dagrun for example_time_delta_sensor_async to None, run_after=None
[2022-12-21 17:17:51,713] {processor.py:161} INFO - Processing /home/airflow/.local/lib/python3.7/site-packages/airflow/example_dags/example_time_delta_sensor_async.py took 0.060 seconds
[2022-12-21 17:18:22,503] {processor.py:153} INFO - Started process (PID=24999) to work on /home/airflow/.local/lib/python3.7/site-packages/airflow/example_dags/example_time_delta_sensor_async.py
[2022-12-21 17:18:22,504] {processor.py:641} INFO - Processing file /home/airflow/.local/lib/python3.7/site-packages/airflow/example_dags/example_time_delta_sensor_async.py for tasks to queue
[2022-12-21 17:18:22,504] {logging_mixin.py:115} INFO - [2022-12-21 17:18:22,504] {dagbag.py:507} INFO - Filling up the DagBag from /home/airflow/.local/lib/python3.7/site-packages/airflow/example_dags/example_time_delta_sensor_async.py
[2022-12-21 17:18:22,509] {processor.py:651} INFO - DAG(s) dict_keys(['example_time_delta_sensor_async']) retrieved from /home/airflow/.local/lib/python3.7/site-packages/airflow/example_dags/example_time_delta_sensor_async.py
[2022-12-21 17:18:22,540] {logging_mixin.py:115} INFO - [2022-12-21 17:18:22,540] {dag.py:2371} INFO - Sync 1 DAGs
[2022-12-21 17:18:22,560] {logging_mixin.py:115} INFO - [2022-12-21 17:18:22,560] {dag.py:2919} INFO - Setting next_dagrun for example_time_delta_sensor_async to None, run_after=None
[2022-12-21 17:18:22,570] {processor.py:161} INFO - Processing /home/airflow/.local/lib/python3.7/site-packages/airflow/example_dags/example_time_delta_sensor_async.py took 0.070 seconds
[2022-12-21 17:18:53,226] {processor.py:153} INFO - Started process (PID=25066) to work on /home/airflow/.local/lib/python3.7/site-packages/airflow/example_dags/example_time_delta_sensor_async.py
[2022-12-21 17:18:53,227] {processor.py:641} INFO - Processing file /home/airflow/.local/lib/python3.7/site-packages/airflow/example_dags/example_time_delta_sensor_async.py for tasks to queue
[2022-12-21 17:18:53,227] {logging_mixin.py:115} INFO - [2022-12-21 17:18:53,227] {dagbag.py:507} INFO - Filling up the DagBag from /home/airflow/.local/lib/python3.7/site-packages/airflow/example_dags/example_time_delta_sensor_async.py
[2022-12-21 17:18:53,231] {processor.py:651} INFO - DAG(s) dict_keys(['example_time_delta_sensor_async']) retrieved from /home/airflow/.local/lib/python3.7/site-packages/airflow/example_dags/example_time_delta_sensor_async.py
[2022-12-21 17:18:53,263] {logging_mixin.py:115} INFO - [2022-12-21 17:18:53,263] {dag.py:2371} INFO - Sync 1 DAGs
[2022-12-21 17:18:53,284] {logging_mixin.py:115} INFO - [2022-12-21 17:18:53,284] {dag.py:2919} INFO - Setting next_dagrun for example_time_delta_sensor_async to None, run_after=None
[2022-12-21 17:18:53,293] {processor.py:161} INFO - Processing /home/airflow/.local/lib/python3.7/site-packages/airflow/example_dags/example_time_delta_sensor_async.py took 0.070 seconds
[2022-12-21 17:19:23,991] {processor.py:153} INFO - Started process (PID=25125) to work on /home/airflow/.local/lib/python3.7/site-packages/airflow/example_dags/example_time_delta_sensor_async.py
[2022-12-21 17:19:23,991] {processor.py:641} INFO - Processing file /home/airflow/.local/lib/python3.7/site-packages/airflow/example_dags/example_time_delta_sensor_async.py for tasks to queue
[2022-12-21 17:19:23,992] {logging_mixin.py:115} INFO - [2022-12-21 17:19:23,991] {dagbag.py:507} INFO - Filling up the DagBag from /home/airflow/.local/lib/python3.7/site-packages/airflow/example_dags/example_time_delta_sensor_async.py
[2022-12-21 17:19:23,996] {processor.py:651} INFO - DAG(s) dict_keys(['example_time_delta_sensor_async']) retrieved from /home/airflow/.local/lib/python3.7/site-packages/airflow/example_dags/example_time_delta_sensor_async.py
[2022-12-21 17:19:24,022] {logging_mixin.py:115} INFO - [2022-12-21 17:19:24,022] {dag.py:2371} INFO - Sync 1 DAGs
[2022-12-21 17:19:24,040] {logging_mixin.py:115} INFO - [2022-12-21 17:19:24,040] {dag.py:2919} INFO - Setting next_dagrun for example_time_delta_sensor_async to None, run_after=None
[2022-12-21 17:19:24,050] {processor.py:161} INFO - Processing /home/airflow/.local/lib/python3.7/site-packages/airflow/example_dags/example_time_delta_sensor_async.py took 0.062 seconds
[2022-12-21 17:19:54,697] {processor.py:153} INFO - Started process (PID=25193) to work on /home/airflow/.local/lib/python3.7/site-packages/airflow/example_dags/example_time_delta_sensor_async.py
[2022-12-21 17:19:54,698] {processor.py:641} INFO - Processing file /home/airflow/.local/lib/python3.7/site-packages/airflow/example_dags/example_time_delta_sensor_async.py for tasks to queue
[2022-12-21 17:19:54,698] {logging_mixin.py:115} INFO - [2022-12-21 17:19:54,698] {dagbag.py:507} INFO - Filling up the DagBag from /home/airflow/.local/lib/python3.7/site-packages/airflow/example_dags/example_time_delta_sensor_async.py
[2022-12-21 17:19:54,703] {processor.py:651} INFO - DAG(s) dict_keys(['example_time_delta_sensor_async']) retrieved from /home/airflow/.local/lib/python3.7/site-packages/airflow/example_dags/example_time_delta_sensor_async.py
[2022-12-21 17:19:54,736] {logging_mixin.py:115} INFO - [2022-12-21 17:19:54,736] {dag.py:2371} INFO - Sync 1 DAGs
[2022-12-21 17:19:54,753] {logging_mixin.py:115} INFO - [2022-12-21 17:19:54,753] {dag.py:2919} INFO - Setting next_dagrun for example_time_delta_sensor_async to None, run_after=None
[2022-12-21 17:19:54,764] {processor.py:161} INFO - Processing /home/airflow/.local/lib/python3.7/site-packages/airflow/example_dags/example_time_delta_sensor_async.py took 0.069 seconds
[2022-12-21 17:20:25,326] {processor.py:153} INFO - Started process (PID=25259) to work on /home/airflow/.local/lib/python3.7/site-packages/airflow/example_dags/example_time_delta_sensor_async.py
[2022-12-21 17:20:25,326] {processor.py:641} INFO - Processing file /home/airflow/.local/lib/python3.7/site-packages/airflow/example_dags/example_time_delta_sensor_async.py for tasks to queue
[2022-12-21 17:20:25,326] {logging_mixin.py:115} INFO - [2022-12-21 17:20:25,326] {dagbag.py:507} INFO - Filling up the DagBag from /home/airflow/.local/lib/python3.7/site-packages/airflow/example_dags/example_time_delta_sensor_async.py
[2022-12-21 17:20:25,331] {processor.py:651} INFO - DAG(s) dict_keys(['example_time_delta_sensor_async']) retrieved from /home/airflow/.local/lib/python3.7/site-packages/airflow/example_dags/example_time_delta_sensor_async.py
[2022-12-21 17:20:25,358] {logging_mixin.py:115} INFO - [2022-12-21 17:20:25,358] {dag.py:2371} INFO - Sync 1 DAGs
[2022-12-21 17:20:25,373] {logging_mixin.py:115} INFO - [2022-12-21 17:20:25,373] {dag.py:2919} INFO - Setting next_dagrun for example_time_delta_sensor_async to None, run_after=None
[2022-12-21 17:20:25,384] {processor.py:161} INFO - Processing /home/airflow/.local/lib/python3.7/site-packages/airflow/example_dags/example_time_delta_sensor_async.py took 0.061 seconds
[2022-12-21 17:20:56,188] {processor.py:153} INFO - Started process (PID=25327) to work on /home/airflow/.local/lib/python3.7/site-packages/airflow/example_dags/example_time_delta_sensor_async.py
[2022-12-21 17:20:56,188] {processor.py:641} INFO - Processing file /home/airflow/.local/lib/python3.7/site-packages/airflow/example_dags/example_time_delta_sensor_async.py for tasks to queue
[2022-12-21 17:20:56,189] {logging_mixin.py:115} INFO - [2022-12-21 17:20:56,189] {dagbag.py:507} INFO - Filling up the DagBag from /home/airflow/.local/lib/python3.7/site-packages/airflow/example_dags/example_time_delta_sensor_async.py
[2022-12-21 17:20:56,193] {processor.py:651} INFO - DAG(s) dict_keys(['example_time_delta_sensor_async']) retrieved from /home/airflow/.local/lib/python3.7/site-packages/airflow/example_dags/example_time_delta_sensor_async.py
[2022-12-21 17:20:56,218] {logging_mixin.py:115} INFO - [2022-12-21 17:20:56,217] {dag.py:2371} INFO - Sync 1 DAGs
[2022-12-21 17:20:56,235] {logging_mixin.py:115} INFO - [2022-12-21 17:20:56,235] {dag.py:2919} INFO - Setting next_dagrun for example_time_delta_sensor_async to None, run_after=None
[2022-12-21 17:20:56,245] {processor.py:161} INFO - Processing /home/airflow/.local/lib/python3.7/site-packages/airflow/example_dags/example_time_delta_sensor_async.py took 0.059 seconds
[2022-12-21 17:21:26,621] {processor.py:153} INFO - Started process (PID=25383) to work on /home/airflow/.local/lib/python3.7/site-packages/airflow/example_dags/example_time_delta_sensor_async.py
[2022-12-21 17:21:26,622] {processor.py:641} INFO - Processing file /home/airflow/.local/lib/python3.7/site-packages/airflow/example_dags/example_time_delta_sensor_async.py for tasks to queue
[2022-12-21 17:21:26,622] {logging_mixin.py:115} INFO - [2022-12-21 17:21:26,622] {dagbag.py:507} INFO - Filling up the DagBag from /home/airflow/.local/lib/python3.7/site-packages/airflow/example_dags/example_time_delta_sensor_async.py
[2022-12-21 17:21:26,626] {processor.py:651} INFO - DAG(s) dict_keys(['example_time_delta_sensor_async']) retrieved from /home/airflow/.local/lib/python3.7/site-packages/airflow/example_dags/example_time_delta_sensor_async.py
[2022-12-21 17:21:26,658] {logging_mixin.py:115} INFO - [2022-12-21 17:21:26,658] {dag.py:2371} INFO - Sync 1 DAGs
[2022-12-21 17:21:26,677] {logging_mixin.py:115} INFO - [2022-12-21 17:21:26,677] {dag.py:2919} INFO - Setting next_dagrun for example_time_delta_sensor_async to None, run_after=None
[2022-12-21 17:21:26,689] {processor.py:161} INFO - Processing /home/airflow/.local/lib/python3.7/site-packages/airflow/example_dags/example_time_delta_sensor_async.py took 0.070 seconds
[2022-12-21 17:21:57,151] {processor.py:153} INFO - Started process (PID=25449) to work on /home/airflow/.local/lib/python3.7/site-packages/airflow/example_dags/example_time_delta_sensor_async.py
[2022-12-21 17:21:57,152] {processor.py:641} INFO - Processing file /home/airflow/.local/lib/python3.7/site-packages/airflow/example_dags/example_time_delta_sensor_async.py for tasks to queue
[2022-12-21 17:21:57,152] {logging_mixin.py:115} INFO - [2022-12-21 17:21:57,152] {dagbag.py:507} INFO - Filling up the DagBag from /home/airflow/.local/lib/python3.7/site-packages/airflow/example_dags/example_time_delta_sensor_async.py
[2022-12-21 17:21:57,157] {processor.py:651} INFO - DAG(s) dict_keys(['example_time_delta_sensor_async']) retrieved from /home/airflow/.local/lib/python3.7/site-packages/airflow/example_dags/example_time_delta_sensor_async.py
[2022-12-21 17:21:57,187] {logging_mixin.py:115} INFO - [2022-12-21 17:21:57,187] {dag.py:2371} INFO - Sync 1 DAGs
[2022-12-21 17:21:57,203] {logging_mixin.py:115} INFO - [2022-12-21 17:21:57,203] {dag.py:2919} INFO - Setting next_dagrun for example_time_delta_sensor_async to None, run_after=None
[2022-12-21 17:21:57,214] {processor.py:161} INFO - Processing /home/airflow/.local/lib/python3.7/site-packages/airflow/example_dags/example_time_delta_sensor_async.py took 0.065 seconds
[2022-12-21 17:22:27,627] {processor.py:153} INFO - Started process (PID=25517) to work on /home/airflow/.local/lib/python3.7/site-packages/airflow/example_dags/example_time_delta_sensor_async.py
[2022-12-21 17:22:27,628] {processor.py:641} INFO - Processing file /home/airflow/.local/lib/python3.7/site-packages/airflow/example_dags/example_time_delta_sensor_async.py for tasks to queue
[2022-12-21 17:22:27,628] {logging_mixin.py:115} INFO - [2022-12-21 17:22:27,628] {dagbag.py:507} INFO - Filling up the DagBag from /home/airflow/.local/lib/python3.7/site-packages/airflow/example_dags/example_time_delta_sensor_async.py
[2022-12-21 17:22:27,632] {processor.py:651} INFO - DAG(s) dict_keys(['example_time_delta_sensor_async']) retrieved from /home/airflow/.local/lib/python3.7/site-packages/airflow/example_dags/example_time_delta_sensor_async.py
[2022-12-21 17:22:27,659] {logging_mixin.py:115} INFO - [2022-12-21 17:22:27,659] {dag.py:2371} INFO - Sync 1 DAGs
[2022-12-21 17:22:27,675] {logging_mixin.py:115} INFO - [2022-12-21 17:22:27,675] {dag.py:2919} INFO - Setting next_dagrun for example_time_delta_sensor_async to None, run_after=None
[2022-12-21 17:22:27,685] {processor.py:161} INFO - Processing /home/airflow/.local/lib/python3.7/site-packages/airflow/example_dags/example_time_delta_sensor_async.py took 0.061 seconds
[2022-12-21 17:22:57,844] {processor.py:153} INFO - Started process (PID=25574) to work on /home/airflow/.local/lib/python3.7/site-packages/airflow/example_dags/example_time_delta_sensor_async.py
[2022-12-21 17:22:57,845] {processor.py:641} INFO - Processing file /home/airflow/.local/lib/python3.7/site-packages/airflow/example_dags/example_time_delta_sensor_async.py for tasks to queue
[2022-12-21 17:22:57,845] {logging_mixin.py:115} INFO - [2022-12-21 17:22:57,845] {dagbag.py:507} INFO - Filling up the DagBag from /home/airflow/.local/lib/python3.7/site-packages/airflow/example_dags/example_time_delta_sensor_async.py
[2022-12-21 17:22:57,850] {processor.py:651} INFO - DAG(s) dict_keys(['example_time_delta_sensor_async']) retrieved from /home/airflow/.local/lib/python3.7/site-packages/airflow/example_dags/example_time_delta_sensor_async.py
[2022-12-21 17:22:57,876] {logging_mixin.py:115} INFO - [2022-12-21 17:22:57,876] {dag.py:2371} INFO - Sync 1 DAGs
[2022-12-21 17:22:57,893] {logging_mixin.py:115} INFO - [2022-12-21 17:22:57,893] {dag.py:2919} INFO - Setting next_dagrun for example_time_delta_sensor_async to None, run_after=None
[2022-12-21 17:22:57,904] {processor.py:161} INFO - Processing /home/airflow/.local/lib/python3.7/site-packages/airflow/example_dags/example_time_delta_sensor_async.py took 0.062 seconds
[2022-12-21 17:23:28,835] {processor.py:153} INFO - Started process (PID=25641) to work on /home/airflow/.local/lib/python3.7/site-packages/airflow/example_dags/example_time_delta_sensor_async.py
[2022-12-21 17:23:28,835] {processor.py:641} INFO - Processing file /home/airflow/.local/lib/python3.7/site-packages/airflow/example_dags/example_time_delta_sensor_async.py for tasks to queue
[2022-12-21 17:23:28,836] {logging_mixin.py:115} INFO - [2022-12-21 17:23:28,836] {dagbag.py:507} INFO - Filling up the DagBag from /home/airflow/.local/lib/python3.7/site-packages/airflow/example_dags/example_time_delta_sensor_async.py
[2022-12-21 17:23:28,840] {processor.py:651} INFO - DAG(s) dict_keys(['example_time_delta_sensor_async']) retrieved from /home/airflow/.local/lib/python3.7/site-packages/airflow/example_dags/example_time_delta_sensor_async.py
[2022-12-21 17:23:28,867] {logging_mixin.py:115} INFO - [2022-12-21 17:23:28,867] {dag.py:2371} INFO - Sync 1 DAGs
[2022-12-21 17:23:28,884] {logging_mixin.py:115} INFO - [2022-12-21 17:23:28,884] {dag.py:2919} INFO - Setting next_dagrun for example_time_delta_sensor_async to None, run_after=None
[2022-12-21 17:23:28,894] {processor.py:161} INFO - Processing /home/airflow/.local/lib/python3.7/site-packages/airflow/example_dags/example_time_delta_sensor_async.py took 0.062 seconds
