[2022-12-21 16:55:20,065] {processor.py:153} INFO - Started process (PID=22100) to work on /home/airflow/.local/lib/python3.7/site-packages/airflow/example_dags/example_kubernetes_executor.py
[2022-12-21 16:55:20,065] {processor.py:641} INFO - Processing file /home/airflow/.local/lib/python3.7/site-packages/airflow/example_dags/example_kubernetes_executor.py for tasks to queue
[2022-12-21 16:55:20,066] {logging_mixin.py:115} INFO - [2022-12-21 16:55:20,065] {dagbag.py:507} INFO - Filling up the DagBag from /home/airflow/.local/lib/python3.7/site-packages/airflow/example_dags/example_kubernetes_executor.py
[2022-12-21 16:55:20,083] {processor.py:651} INFO - DAG(s) dict_keys(['example_kubernetes_executor']) retrieved from /home/airflow/.local/lib/python3.7/site-packages/airflow/example_dags/example_kubernetes_executor.py
[2022-12-21 16:55:20,103] {logging_mixin.py:115} INFO - [2022-12-21 16:55:20,103] {dag.py:2371} INFO - Sync 1 DAGs
[2022-12-21 16:55:20,119] {logging_mixin.py:115} INFO - [2022-12-21 16:55:20,119] {dag.py:2919} INFO - Setting next_dagrun for example_kubernetes_executor to None, run_after=None
[2022-12-21 16:55:20,128] {processor.py:161} INFO - Processing /home/airflow/.local/lib/python3.7/site-packages/airflow/example_dags/example_kubernetes_executor.py took 0.065 seconds
[2022-12-21 16:55:50,592] {processor.py:153} INFO - Started process (PID=22166) to work on /home/airflow/.local/lib/python3.7/site-packages/airflow/example_dags/example_kubernetes_executor.py
[2022-12-21 16:55:50,593] {processor.py:641} INFO - Processing file /home/airflow/.local/lib/python3.7/site-packages/airflow/example_dags/example_kubernetes_executor.py for tasks to queue
[2022-12-21 16:55:50,594] {logging_mixin.py:115} INFO - [2022-12-21 16:55:50,594] {dagbag.py:507} INFO - Filling up the DagBag from /home/airflow/.local/lib/python3.7/site-packages/airflow/example_dags/example_kubernetes_executor.py
[2022-12-21 16:55:50,610] {processor.py:651} INFO - DAG(s) dict_keys(['example_kubernetes_executor']) retrieved from /home/airflow/.local/lib/python3.7/site-packages/airflow/example_dags/example_kubernetes_executor.py
[2022-12-21 16:55:50,627] {logging_mixin.py:115} INFO - [2022-12-21 16:55:50,627] {dag.py:2371} INFO - Sync 1 DAGs
[2022-12-21 16:55:50,641] {logging_mixin.py:115} INFO - [2022-12-21 16:55:50,641] {dag.py:2919} INFO - Setting next_dagrun for example_kubernetes_executor to None, run_after=None
[2022-12-21 16:55:50,649] {processor.py:161} INFO - Processing /home/airflow/.local/lib/python3.7/site-packages/airflow/example_dags/example_kubernetes_executor.py took 0.059 seconds
[2022-12-21 16:56:20,984] {processor.py:153} INFO - Started process (PID=22222) to work on /home/airflow/.local/lib/python3.7/site-packages/airflow/example_dags/example_kubernetes_executor.py
[2022-12-21 16:56:20,985] {processor.py:641} INFO - Processing file /home/airflow/.local/lib/python3.7/site-packages/airflow/example_dags/example_kubernetes_executor.py for tasks to queue
[2022-12-21 16:56:20,985] {logging_mixin.py:115} INFO - [2022-12-21 16:56:20,985] {dagbag.py:507} INFO - Filling up the DagBag from /home/airflow/.local/lib/python3.7/site-packages/airflow/example_dags/example_kubernetes_executor.py
[2022-12-21 16:56:21,003] {processor.py:651} INFO - DAG(s) dict_keys(['example_kubernetes_executor']) retrieved from /home/airflow/.local/lib/python3.7/site-packages/airflow/example_dags/example_kubernetes_executor.py
[2022-12-21 16:56:21,022] {logging_mixin.py:115} INFO - [2022-12-21 16:56:21,022] {dag.py:2371} INFO - Sync 1 DAGs
[2022-12-21 16:56:21,038] {logging_mixin.py:115} INFO - [2022-12-21 16:56:21,038] {dag.py:2919} INFO - Setting next_dagrun for example_kubernetes_executor to None, run_after=None
[2022-12-21 16:56:21,048] {processor.py:161} INFO - Processing /home/airflow/.local/lib/python3.7/site-packages/airflow/example_dags/example_kubernetes_executor.py took 0.066 seconds
[2022-12-21 16:56:51,281] {processor.py:153} INFO - Started process (PID=22289) to work on /home/airflow/.local/lib/python3.7/site-packages/airflow/example_dags/example_kubernetes_executor.py
[2022-12-21 16:56:51,282] {processor.py:641} INFO - Processing file /home/airflow/.local/lib/python3.7/site-packages/airflow/example_dags/example_kubernetes_executor.py for tasks to queue
[2022-12-21 16:56:51,282] {logging_mixin.py:115} INFO - [2022-12-21 16:56:51,282] {dagbag.py:507} INFO - Filling up the DagBag from /home/airflow/.local/lib/python3.7/site-packages/airflow/example_dags/example_kubernetes_executor.py
[2022-12-21 16:56:51,301] {processor.py:651} INFO - DAG(s) dict_keys(['example_kubernetes_executor']) retrieved from /home/airflow/.local/lib/python3.7/site-packages/airflow/example_dags/example_kubernetes_executor.py
[2022-12-21 16:56:51,323] {logging_mixin.py:115} INFO - [2022-12-21 16:56:51,323] {dag.py:2371} INFO - Sync 1 DAGs
[2022-12-21 16:56:51,343] {logging_mixin.py:115} INFO - [2022-12-21 16:56:51,343] {dag.py:2919} INFO - Setting next_dagrun for example_kubernetes_executor to None, run_after=None
[2022-12-21 16:56:51,354] {processor.py:161} INFO - Processing /home/airflow/.local/lib/python3.7/site-packages/airflow/example_dags/example_kubernetes_executor.py took 0.075 seconds
[2022-12-21 16:57:21,878] {processor.py:153} INFO - Started process (PID=22356) to work on /home/airflow/.local/lib/python3.7/site-packages/airflow/example_dags/example_kubernetes_executor.py
[2022-12-21 16:57:21,879] {processor.py:641} INFO - Processing file /home/airflow/.local/lib/python3.7/site-packages/airflow/example_dags/example_kubernetes_executor.py for tasks to queue
[2022-12-21 16:57:21,880] {logging_mixin.py:115} INFO - [2022-12-21 16:57:21,880] {dagbag.py:507} INFO - Filling up the DagBag from /home/airflow/.local/lib/python3.7/site-packages/airflow/example_dags/example_kubernetes_executor.py
[2022-12-21 16:57:21,898] {processor.py:651} INFO - DAG(s) dict_keys(['example_kubernetes_executor']) retrieved from /home/airflow/.local/lib/python3.7/site-packages/airflow/example_dags/example_kubernetes_executor.py
[2022-12-21 16:57:21,916] {logging_mixin.py:115} INFO - [2022-12-21 16:57:21,916] {dag.py:2371} INFO - Sync 1 DAGs
[2022-12-21 16:57:21,931] {logging_mixin.py:115} INFO - [2022-12-21 16:57:21,931] {dag.py:2919} INFO - Setting next_dagrun for example_kubernetes_executor to None, run_after=None
[2022-12-21 16:57:21,941] {processor.py:161} INFO - Processing /home/airflow/.local/lib/python3.7/site-packages/airflow/example_dags/example_kubernetes_executor.py took 0.066 seconds
[2022-12-21 16:57:52,241] {processor.py:153} INFO - Started process (PID=22423) to work on /home/airflow/.local/lib/python3.7/site-packages/airflow/example_dags/example_kubernetes_executor.py
[2022-12-21 16:57:52,241] {processor.py:641} INFO - Processing file /home/airflow/.local/lib/python3.7/site-packages/airflow/example_dags/example_kubernetes_executor.py for tasks to queue
[2022-12-21 16:57:52,242] {logging_mixin.py:115} INFO - [2022-12-21 16:57:52,242] {dagbag.py:507} INFO - Filling up the DagBag from /home/airflow/.local/lib/python3.7/site-packages/airflow/example_dags/example_kubernetes_executor.py
[2022-12-21 16:57:52,261] {processor.py:651} INFO - DAG(s) dict_keys(['example_kubernetes_executor']) retrieved from /home/airflow/.local/lib/python3.7/site-packages/airflow/example_dags/example_kubernetes_executor.py
[2022-12-21 16:57:52,280] {logging_mixin.py:115} INFO - [2022-12-21 16:57:52,280] {dag.py:2371} INFO - Sync 1 DAGs
[2022-12-21 16:57:52,296] {logging_mixin.py:115} INFO - [2022-12-21 16:57:52,296] {dag.py:2919} INFO - Setting next_dagrun for example_kubernetes_executor to None, run_after=None
[2022-12-21 16:57:52,305] {processor.py:161} INFO - Processing /home/airflow/.local/lib/python3.7/site-packages/airflow/example_dags/example_kubernetes_executor.py took 0.067 seconds
[2022-12-21 16:58:22,654] {processor.py:153} INFO - Started process (PID=22480) to work on /home/airflow/.local/lib/python3.7/site-packages/airflow/example_dags/example_kubernetes_executor.py
[2022-12-21 16:58:22,655] {processor.py:641} INFO - Processing file /home/airflow/.local/lib/python3.7/site-packages/airflow/example_dags/example_kubernetes_executor.py for tasks to queue
[2022-12-21 16:58:22,655] {logging_mixin.py:115} INFO - [2022-12-21 16:58:22,655] {dagbag.py:507} INFO - Filling up the DagBag from /home/airflow/.local/lib/python3.7/site-packages/airflow/example_dags/example_kubernetes_executor.py
[2022-12-21 16:58:22,676] {processor.py:651} INFO - DAG(s) dict_keys(['example_kubernetes_executor']) retrieved from /home/airflow/.local/lib/python3.7/site-packages/airflow/example_dags/example_kubernetes_executor.py
[2022-12-21 16:58:22,697] {logging_mixin.py:115} INFO - [2022-12-21 16:58:22,697] {dag.py:2371} INFO - Sync 1 DAGs
[2022-12-21 16:58:22,713] {logging_mixin.py:115} INFO - [2022-12-21 16:58:22,713] {dag.py:2919} INFO - Setting next_dagrun for example_kubernetes_executor to None, run_after=None
[2022-12-21 16:58:22,723] {processor.py:161} INFO - Processing /home/airflow/.local/lib/python3.7/site-packages/airflow/example_dags/example_kubernetes_executor.py took 0.072 seconds
[2022-12-21 16:58:53,160] {processor.py:153} INFO - Started process (PID=22546) to work on /home/airflow/.local/lib/python3.7/site-packages/airflow/example_dags/example_kubernetes_executor.py
[2022-12-21 16:58:53,160] {processor.py:641} INFO - Processing file /home/airflow/.local/lib/python3.7/site-packages/airflow/example_dags/example_kubernetes_executor.py for tasks to queue
[2022-12-21 16:58:53,161] {logging_mixin.py:115} INFO - [2022-12-21 16:58:53,161] {dagbag.py:507} INFO - Filling up the DagBag from /home/airflow/.local/lib/python3.7/site-packages/airflow/example_dags/example_kubernetes_executor.py
[2022-12-21 16:58:53,178] {processor.py:651} INFO - DAG(s) dict_keys(['example_kubernetes_executor']) retrieved from /home/airflow/.local/lib/python3.7/site-packages/airflow/example_dags/example_kubernetes_executor.py
[2022-12-21 16:58:53,202] {logging_mixin.py:115} INFO - [2022-12-21 16:58:53,202] {dag.py:2371} INFO - Sync 1 DAGs
[2022-12-21 16:58:53,222] {logging_mixin.py:115} INFO - [2022-12-21 16:58:53,222] {dag.py:2919} INFO - Setting next_dagrun for example_kubernetes_executor to None, run_after=None
[2022-12-21 16:58:53,233] {processor.py:161} INFO - Processing /home/airflow/.local/lib/python3.7/site-packages/airflow/example_dags/example_kubernetes_executor.py took 0.076 seconds
[2022-12-21 16:59:23,684] {processor.py:153} INFO - Started process (PID=22613) to work on /home/airflow/.local/lib/python3.7/site-packages/airflow/example_dags/example_kubernetes_executor.py
[2022-12-21 16:59:23,685] {processor.py:641} INFO - Processing file /home/airflow/.local/lib/python3.7/site-packages/airflow/example_dags/example_kubernetes_executor.py for tasks to queue
[2022-12-21 16:59:23,686] {logging_mixin.py:115} INFO - [2022-12-21 16:59:23,685] {dagbag.py:507} INFO - Filling up the DagBag from /home/airflow/.local/lib/python3.7/site-packages/airflow/example_dags/example_kubernetes_executor.py
[2022-12-21 16:59:23,704] {processor.py:651} INFO - DAG(s) dict_keys(['example_kubernetes_executor']) retrieved from /home/airflow/.local/lib/python3.7/site-packages/airflow/example_dags/example_kubernetes_executor.py
[2022-12-21 16:59:23,726] {logging_mixin.py:115} INFO - [2022-12-21 16:59:23,726] {dag.py:2371} INFO - Sync 1 DAGs
[2022-12-21 16:59:23,742] {logging_mixin.py:115} INFO - [2022-12-21 16:59:23,742] {dag.py:2919} INFO - Setting next_dagrun for example_kubernetes_executor to None, run_after=None
[2022-12-21 16:59:23,751] {processor.py:161} INFO - Processing /home/airflow/.local/lib/python3.7/site-packages/airflow/example_dags/example_kubernetes_executor.py took 0.069 seconds
[2022-12-21 16:59:54,166] {processor.py:153} INFO - Started process (PID=22679) to work on /home/airflow/.local/lib/python3.7/site-packages/airflow/example_dags/example_kubernetes_executor.py
[2022-12-21 16:59:54,166] {processor.py:641} INFO - Processing file /home/airflow/.local/lib/python3.7/site-packages/airflow/example_dags/example_kubernetes_executor.py for tasks to queue
[2022-12-21 16:59:54,167] {logging_mixin.py:115} INFO - [2022-12-21 16:59:54,167] {dagbag.py:507} INFO - Filling up the DagBag from /home/airflow/.local/lib/python3.7/site-packages/airflow/example_dags/example_kubernetes_executor.py
[2022-12-21 16:59:54,185] {processor.py:651} INFO - DAG(s) dict_keys(['example_kubernetes_executor']) retrieved from /home/airflow/.local/lib/python3.7/site-packages/airflow/example_dags/example_kubernetes_executor.py
[2022-12-21 16:59:54,205] {logging_mixin.py:115} INFO - [2022-12-21 16:59:54,205] {dag.py:2371} INFO - Sync 1 DAGs
[2022-12-21 16:59:54,222] {logging_mixin.py:115} INFO - [2022-12-21 16:59:54,222] {dag.py:2919} INFO - Setting next_dagrun for example_kubernetes_executor to None, run_after=None
[2022-12-21 16:59:54,231] {processor.py:161} INFO - Processing /home/airflow/.local/lib/python3.7/site-packages/airflow/example_dags/example_kubernetes_executor.py took 0.068 seconds
[2022-12-21 17:00:24,745] {processor.py:153} INFO - Started process (PID=22736) to work on /home/airflow/.local/lib/python3.7/site-packages/airflow/example_dags/example_kubernetes_executor.py
[2022-12-21 17:00:24,747] {processor.py:641} INFO - Processing file /home/airflow/.local/lib/python3.7/site-packages/airflow/example_dags/example_kubernetes_executor.py for tasks to queue
[2022-12-21 17:00:24,747] {logging_mixin.py:115} INFO - [2022-12-21 17:00:24,747] {dagbag.py:507} INFO - Filling up the DagBag from /home/airflow/.local/lib/python3.7/site-packages/airflow/example_dags/example_kubernetes_executor.py
[2022-12-21 17:00:24,767] {processor.py:651} INFO - DAG(s) dict_keys(['example_kubernetes_executor']) retrieved from /home/airflow/.local/lib/python3.7/site-packages/airflow/example_dags/example_kubernetes_executor.py
[2022-12-21 17:00:24,787] {logging_mixin.py:115} INFO - [2022-12-21 17:00:24,787] {dag.py:2371} INFO - Sync 1 DAGs
[2022-12-21 17:00:24,802] {logging_mixin.py:115} INFO - [2022-12-21 17:00:24,802] {dag.py:2919} INFO - Setting next_dagrun for example_kubernetes_executor to None, run_after=None
[2022-12-21 17:00:24,810] {processor.py:161} INFO - Processing /home/airflow/.local/lib/python3.7/site-packages/airflow/example_dags/example_kubernetes_executor.py took 0.068 seconds
[2022-12-21 17:00:55,303] {processor.py:153} INFO - Started process (PID=22802) to work on /home/airflow/.local/lib/python3.7/site-packages/airflow/example_dags/example_kubernetes_executor.py
[2022-12-21 17:00:55,304] {processor.py:641} INFO - Processing file /home/airflow/.local/lib/python3.7/site-packages/airflow/example_dags/example_kubernetes_executor.py for tasks to queue
[2022-12-21 17:00:55,304] {logging_mixin.py:115} INFO - [2022-12-21 17:00:55,304] {dagbag.py:507} INFO - Filling up the DagBag from /home/airflow/.local/lib/python3.7/site-packages/airflow/example_dags/example_kubernetes_executor.py
[2022-12-21 17:00:55,326] {processor.py:651} INFO - DAG(s) dict_keys(['example_kubernetes_executor']) retrieved from /home/airflow/.local/lib/python3.7/site-packages/airflow/example_dags/example_kubernetes_executor.py
[2022-12-21 17:00:55,348] {logging_mixin.py:115} INFO - [2022-12-21 17:00:55,347] {dag.py:2371} INFO - Sync 1 DAGs
[2022-12-21 17:00:55,366] {logging_mixin.py:115} INFO - [2022-12-21 17:00:55,366] {dag.py:2919} INFO - Setting next_dagrun for example_kubernetes_executor to None, run_after=None
[2022-12-21 17:00:55,376] {processor.py:161} INFO - Processing /home/airflow/.local/lib/python3.7/site-packages/airflow/example_dags/example_kubernetes_executor.py took 0.076 seconds
[2022-12-21 17:01:25,801] {processor.py:153} INFO - Started process (PID=22869) to work on /home/airflow/.local/lib/python3.7/site-packages/airflow/example_dags/example_kubernetes_executor.py
[2022-12-21 17:01:25,802] {processor.py:641} INFO - Processing file /home/airflow/.local/lib/python3.7/site-packages/airflow/example_dags/example_kubernetes_executor.py for tasks to queue
[2022-12-21 17:01:25,802] {logging_mixin.py:115} INFO - [2022-12-21 17:01:25,802] {dagbag.py:507} INFO - Filling up the DagBag from /home/airflow/.local/lib/python3.7/site-packages/airflow/example_dags/example_kubernetes_executor.py
[2022-12-21 17:01:25,821] {processor.py:651} INFO - DAG(s) dict_keys(['example_kubernetes_executor']) retrieved from /home/airflow/.local/lib/python3.7/site-packages/airflow/example_dags/example_kubernetes_executor.py
[2022-12-21 17:01:25,843] {logging_mixin.py:115} INFO - [2022-12-21 17:01:25,843] {dag.py:2371} INFO - Sync 1 DAGs
[2022-12-21 17:01:25,861] {logging_mixin.py:115} INFO - [2022-12-21 17:01:25,861] {dag.py:2919} INFO - Setting next_dagrun for example_kubernetes_executor to None, run_after=None
[2022-12-21 17:01:25,873] {processor.py:161} INFO - Processing /home/airflow/.local/lib/python3.7/site-packages/airflow/example_dags/example_kubernetes_executor.py took 0.074 seconds
[2022-12-21 17:01:56,378] {processor.py:153} INFO - Started process (PID=22934) to work on /home/airflow/.local/lib/python3.7/site-packages/airflow/example_dags/example_kubernetes_executor.py
[2022-12-21 17:01:56,379] {processor.py:641} INFO - Processing file /home/airflow/.local/lib/python3.7/site-packages/airflow/example_dags/example_kubernetes_executor.py for tasks to queue
[2022-12-21 17:01:56,379] {logging_mixin.py:115} INFO - [2022-12-21 17:01:56,379] {dagbag.py:507} INFO - Filling up the DagBag from /home/airflow/.local/lib/python3.7/site-packages/airflow/example_dags/example_kubernetes_executor.py
[2022-12-21 17:01:56,398] {processor.py:651} INFO - DAG(s) dict_keys(['example_kubernetes_executor']) retrieved from /home/airflow/.local/lib/python3.7/site-packages/airflow/example_dags/example_kubernetes_executor.py
[2022-12-21 17:01:56,421] {logging_mixin.py:115} INFO - [2022-12-21 17:01:56,421] {dag.py:2371} INFO - Sync 1 DAGs
[2022-12-21 17:01:56,439] {logging_mixin.py:115} INFO - [2022-12-21 17:01:56,439] {dag.py:2919} INFO - Setting next_dagrun for example_kubernetes_executor to None, run_after=None
[2022-12-21 17:01:56,449] {processor.py:161} INFO - Processing /home/airflow/.local/lib/python3.7/site-packages/airflow/example_dags/example_kubernetes_executor.py took 0.073 seconds
[2022-12-21 17:02:27,002] {processor.py:153} INFO - Started process (PID=22990) to work on /home/airflow/.local/lib/python3.7/site-packages/airflow/example_dags/example_kubernetes_executor.py
[2022-12-21 17:02:27,003] {processor.py:641} INFO - Processing file /home/airflow/.local/lib/python3.7/site-packages/airflow/example_dags/example_kubernetes_executor.py for tasks to queue
[2022-12-21 17:02:27,003] {logging_mixin.py:115} INFO - [2022-12-21 17:02:27,003] {dagbag.py:507} INFO - Filling up the DagBag from /home/airflow/.local/lib/python3.7/site-packages/airflow/example_dags/example_kubernetes_executor.py
[2022-12-21 17:02:27,024] {processor.py:651} INFO - DAG(s) dict_keys(['example_kubernetes_executor']) retrieved from /home/airflow/.local/lib/python3.7/site-packages/airflow/example_dags/example_kubernetes_executor.py
[2022-12-21 17:02:27,048] {logging_mixin.py:115} INFO - [2022-12-21 17:02:27,048] {dag.py:2371} INFO - Sync 1 DAGs
[2022-12-21 17:02:27,068] {logging_mixin.py:115} INFO - [2022-12-21 17:02:27,068] {dag.py:2919} INFO - Setting next_dagrun for example_kubernetes_executor to None, run_after=None
[2022-12-21 17:02:27,083] {processor.py:161} INFO - Processing /home/airflow/.local/lib/python3.7/site-packages/airflow/example_dags/example_kubernetes_executor.py took 0.084 seconds
[2022-12-21 17:02:57,696] {processor.py:153} INFO - Started process (PID=23057) to work on /home/airflow/.local/lib/python3.7/site-packages/airflow/example_dags/example_kubernetes_executor.py
[2022-12-21 17:02:57,696] {processor.py:641} INFO - Processing file /home/airflow/.local/lib/python3.7/site-packages/airflow/example_dags/example_kubernetes_executor.py for tasks to queue
[2022-12-21 17:02:57,696] {logging_mixin.py:115} INFO - [2022-12-21 17:02:57,696] {dagbag.py:507} INFO - Filling up the DagBag from /home/airflow/.local/lib/python3.7/site-packages/airflow/example_dags/example_kubernetes_executor.py
[2022-12-21 17:02:57,712] {processor.py:651} INFO - DAG(s) dict_keys(['example_kubernetes_executor']) retrieved from /home/airflow/.local/lib/python3.7/site-packages/airflow/example_dags/example_kubernetes_executor.py
[2022-12-21 17:02:57,736] {logging_mixin.py:115} INFO - [2022-12-21 17:02:57,736] {dag.py:2371} INFO - Sync 1 DAGs
[2022-12-21 17:02:57,761] {logging_mixin.py:115} INFO - [2022-12-21 17:02:57,761] {dag.py:2919} INFO - Setting next_dagrun for example_kubernetes_executor to None, run_after=None
[2022-12-21 17:02:57,772] {processor.py:161} INFO - Processing /home/airflow/.local/lib/python3.7/site-packages/airflow/example_dags/example_kubernetes_executor.py took 0.078 seconds
[2022-12-21 17:03:28,398] {processor.py:153} INFO - Started process (PID=23123) to work on /home/airflow/.local/lib/python3.7/site-packages/airflow/example_dags/example_kubernetes_executor.py
[2022-12-21 17:03:28,398] {processor.py:641} INFO - Processing file /home/airflow/.local/lib/python3.7/site-packages/airflow/example_dags/example_kubernetes_executor.py for tasks to queue
[2022-12-21 17:03:28,399] {logging_mixin.py:115} INFO - [2022-12-21 17:03:28,399] {dagbag.py:507} INFO - Filling up the DagBag from /home/airflow/.local/lib/python3.7/site-packages/airflow/example_dags/example_kubernetes_executor.py
[2022-12-21 17:03:28,424] {processor.py:651} INFO - DAG(s) dict_keys(['example_kubernetes_executor']) retrieved from /home/airflow/.local/lib/python3.7/site-packages/airflow/example_dags/example_kubernetes_executor.py
[2022-12-21 17:03:28,451] {logging_mixin.py:115} INFO - [2022-12-21 17:03:28,451] {dag.py:2371} INFO - Sync 1 DAGs
[2022-12-21 17:03:28,473] {logging_mixin.py:115} INFO - [2022-12-21 17:03:28,473] {dag.py:2919} INFO - Setting next_dagrun for example_kubernetes_executor to None, run_after=None
[2022-12-21 17:03:28,485] {processor.py:161} INFO - Processing /home/airflow/.local/lib/python3.7/site-packages/airflow/example_dags/example_kubernetes_executor.py took 0.090 seconds
[2022-12-21 17:03:59,105] {processor.py:153} INFO - Started process (PID=23190) to work on /home/airflow/.local/lib/python3.7/site-packages/airflow/example_dags/example_kubernetes_executor.py
[2022-12-21 17:03:59,106] {processor.py:641} INFO - Processing file /home/airflow/.local/lib/python3.7/site-packages/airflow/example_dags/example_kubernetes_executor.py for tasks to queue
[2022-12-21 17:03:59,106] {logging_mixin.py:115} INFO - [2022-12-21 17:03:59,106] {dagbag.py:507} INFO - Filling up the DagBag from /home/airflow/.local/lib/python3.7/site-packages/airflow/example_dags/example_kubernetes_executor.py
[2022-12-21 17:03:59,127] {processor.py:651} INFO - DAG(s) dict_keys(['example_kubernetes_executor']) retrieved from /home/airflow/.local/lib/python3.7/site-packages/airflow/example_dags/example_kubernetes_executor.py
[2022-12-21 17:03:59,148] {logging_mixin.py:115} INFO - [2022-12-21 17:03:59,147] {dag.py:2371} INFO - Sync 1 DAGs
[2022-12-21 17:03:59,166] {logging_mixin.py:115} INFO - [2022-12-21 17:03:59,165] {dag.py:2919} INFO - Setting next_dagrun for example_kubernetes_executor to None, run_after=None
[2022-12-21 17:03:59,175] {processor.py:161} INFO - Processing /home/airflow/.local/lib/python3.7/site-packages/airflow/example_dags/example_kubernetes_executor.py took 0.072 seconds
[2022-12-21 17:04:29,739] {processor.py:153} INFO - Started process (PID=23247) to work on /home/airflow/.local/lib/python3.7/site-packages/airflow/example_dags/example_kubernetes_executor.py
[2022-12-21 17:04:29,740] {processor.py:641} INFO - Processing file /home/airflow/.local/lib/python3.7/site-packages/airflow/example_dags/example_kubernetes_executor.py for tasks to queue
[2022-12-21 17:04:29,740] {logging_mixin.py:115} INFO - [2022-12-21 17:04:29,740] {dagbag.py:507} INFO - Filling up the DagBag from /home/airflow/.local/lib/python3.7/site-packages/airflow/example_dags/example_kubernetes_executor.py
[2022-12-21 17:04:29,759] {processor.py:651} INFO - DAG(s) dict_keys(['example_kubernetes_executor']) retrieved from /home/airflow/.local/lib/python3.7/site-packages/airflow/example_dags/example_kubernetes_executor.py
[2022-12-21 17:04:29,780] {logging_mixin.py:115} INFO - [2022-12-21 17:04:29,780] {dag.py:2371} INFO - Sync 1 DAGs
[2022-12-21 17:04:29,797] {logging_mixin.py:115} INFO - [2022-12-21 17:04:29,797] {dag.py:2919} INFO - Setting next_dagrun for example_kubernetes_executor to None, run_after=None
[2022-12-21 17:04:29,807] {processor.py:161} INFO - Processing /home/airflow/.local/lib/python3.7/site-packages/airflow/example_dags/example_kubernetes_executor.py took 0.070 seconds
[2022-12-21 17:05:00,156] {processor.py:153} INFO - Started process (PID=23313) to work on /home/airflow/.local/lib/python3.7/site-packages/airflow/example_dags/example_kubernetes_executor.py
[2022-12-21 17:05:00,157] {processor.py:641} INFO - Processing file /home/airflow/.local/lib/python3.7/site-packages/airflow/example_dags/example_kubernetes_executor.py for tasks to queue
[2022-12-21 17:05:00,158] {logging_mixin.py:115} INFO - [2022-12-21 17:05:00,158] {dagbag.py:507} INFO - Filling up the DagBag from /home/airflow/.local/lib/python3.7/site-packages/airflow/example_dags/example_kubernetes_executor.py
[2022-12-21 17:05:00,179] {processor.py:651} INFO - DAG(s) dict_keys(['example_kubernetes_executor']) retrieved from /home/airflow/.local/lib/python3.7/site-packages/airflow/example_dags/example_kubernetes_executor.py
[2022-12-21 17:05:00,201] {logging_mixin.py:115} INFO - [2022-12-21 17:05:00,200] {dag.py:2371} INFO - Sync 1 DAGs
[2022-12-21 17:05:00,217] {logging_mixin.py:115} INFO - [2022-12-21 17:05:00,217] {dag.py:2919} INFO - Setting next_dagrun for example_kubernetes_executor to None, run_after=None
[2022-12-21 17:05:00,226] {processor.py:161} INFO - Processing /home/airflow/.local/lib/python3.7/site-packages/airflow/example_dags/example_kubernetes_executor.py took 0.072 seconds
[2022-12-21 17:05:30,704] {processor.py:153} INFO - Started process (PID=23378) to work on /home/airflow/.local/lib/python3.7/site-packages/airflow/example_dags/example_kubernetes_executor.py
[2022-12-21 17:05:30,705] {processor.py:641} INFO - Processing file /home/airflow/.local/lib/python3.7/site-packages/airflow/example_dags/example_kubernetes_executor.py for tasks to queue
[2022-12-21 17:05:30,706] {logging_mixin.py:115} INFO - [2022-12-21 17:05:30,706] {dagbag.py:507} INFO - Filling up the DagBag from /home/airflow/.local/lib/python3.7/site-packages/airflow/example_dags/example_kubernetes_executor.py
[2022-12-21 17:05:30,734] {processor.py:651} INFO - DAG(s) dict_keys(['example_kubernetes_executor']) retrieved from /home/airflow/.local/lib/python3.7/site-packages/airflow/example_dags/example_kubernetes_executor.py
[2022-12-21 17:05:30,766] {logging_mixin.py:115} INFO - [2022-12-21 17:05:30,765] {dag.py:2371} INFO - Sync 1 DAGs
[2022-12-21 17:05:30,793] {logging_mixin.py:115} INFO - [2022-12-21 17:05:30,793] {dag.py:2919} INFO - Setting next_dagrun for example_kubernetes_executor to None, run_after=None
[2022-12-21 17:05:30,808] {processor.py:161} INFO - Processing /home/airflow/.local/lib/python3.7/site-packages/airflow/example_dags/example_kubernetes_executor.py took 0.107 seconds
[2022-12-21 17:06:01,621] {processor.py:153} INFO - Started process (PID=23445) to work on /home/airflow/.local/lib/python3.7/site-packages/airflow/example_dags/example_kubernetes_executor.py
[2022-12-21 17:06:01,622] {processor.py:641} INFO - Processing file /home/airflow/.local/lib/python3.7/site-packages/airflow/example_dags/example_kubernetes_executor.py for tasks to queue
[2022-12-21 17:06:01,623] {logging_mixin.py:115} INFO - [2022-12-21 17:06:01,623] {dagbag.py:507} INFO - Filling up the DagBag from /home/airflow/.local/lib/python3.7/site-packages/airflow/example_dags/example_kubernetes_executor.py
[2022-12-21 17:06:01,672] {processor.py:651} INFO - DAG(s) dict_keys(['example_kubernetes_executor']) retrieved from /home/airflow/.local/lib/python3.7/site-packages/airflow/example_dags/example_kubernetes_executor.py
[2022-12-21 17:06:01,699] {logging_mixin.py:115} INFO - [2022-12-21 17:06:01,699] {dag.py:2371} INFO - Sync 1 DAGs
[2022-12-21 17:06:01,716] {logging_mixin.py:115} INFO - [2022-12-21 17:06:01,716] {dag.py:2919} INFO - Setting next_dagrun for example_kubernetes_executor to None, run_after=None
[2022-12-21 17:06:01,726] {processor.py:161} INFO - Processing /home/airflow/.local/lib/python3.7/site-packages/airflow/example_dags/example_kubernetes_executor.py took 0.108 seconds
[2022-12-21 17:06:32,383] {processor.py:153} INFO - Started process (PID=23502) to work on /home/airflow/.local/lib/python3.7/site-packages/airflow/example_dags/example_kubernetes_executor.py
[2022-12-21 17:06:32,384] {processor.py:641} INFO - Processing file /home/airflow/.local/lib/python3.7/site-packages/airflow/example_dags/example_kubernetes_executor.py for tasks to queue
[2022-12-21 17:06:32,385] {logging_mixin.py:115} INFO - [2022-12-21 17:06:32,385] {dagbag.py:507} INFO - Filling up the DagBag from /home/airflow/.local/lib/python3.7/site-packages/airflow/example_dags/example_kubernetes_executor.py
[2022-12-21 17:06:32,407] {processor.py:651} INFO - DAG(s) dict_keys(['example_kubernetes_executor']) retrieved from /home/airflow/.local/lib/python3.7/site-packages/airflow/example_dags/example_kubernetes_executor.py
[2022-12-21 17:06:32,428] {logging_mixin.py:115} INFO - [2022-12-21 17:06:32,428] {dag.py:2371} INFO - Sync 1 DAGs
[2022-12-21 17:06:32,446] {logging_mixin.py:115} INFO - [2022-12-21 17:06:32,446] {dag.py:2919} INFO - Setting next_dagrun for example_kubernetes_executor to None, run_after=None
[2022-12-21 17:06:32,456] {processor.py:161} INFO - Processing /home/airflow/.local/lib/python3.7/site-packages/airflow/example_dags/example_kubernetes_executor.py took 0.075 seconds
[2022-12-21 17:07:02,867] {processor.py:153} INFO - Started process (PID=23569) to work on /home/airflow/.local/lib/python3.7/site-packages/airflow/example_dags/example_kubernetes_executor.py
[2022-12-21 17:07:02,868] {processor.py:641} INFO - Processing file /home/airflow/.local/lib/python3.7/site-packages/airflow/example_dags/example_kubernetes_executor.py for tasks to queue
[2022-12-21 17:07:02,868] {logging_mixin.py:115} INFO - [2022-12-21 17:07:02,868] {dagbag.py:507} INFO - Filling up the DagBag from /home/airflow/.local/lib/python3.7/site-packages/airflow/example_dags/example_kubernetes_executor.py
[2022-12-21 17:07:02,888] {processor.py:651} INFO - DAG(s) dict_keys(['example_kubernetes_executor']) retrieved from /home/airflow/.local/lib/python3.7/site-packages/airflow/example_dags/example_kubernetes_executor.py
[2022-12-21 17:07:02,908] {logging_mixin.py:115} INFO - [2022-12-21 17:07:02,907] {dag.py:2371} INFO - Sync 1 DAGs
[2022-12-21 17:07:02,925] {logging_mixin.py:115} INFO - [2022-12-21 17:07:02,925] {dag.py:2919} INFO - Setting next_dagrun for example_kubernetes_executor to None, run_after=None
[2022-12-21 17:07:02,936] {processor.py:161} INFO - Processing /home/airflow/.local/lib/python3.7/site-packages/airflow/example_dags/example_kubernetes_executor.py took 0.072 seconds
[2022-12-21 17:07:33,421] {processor.py:153} INFO - Started process (PID=23634) to work on /home/airflow/.local/lib/python3.7/site-packages/airflow/example_dags/example_kubernetes_executor.py
[2022-12-21 17:07:33,421] {processor.py:641} INFO - Processing file /home/airflow/.local/lib/python3.7/site-packages/airflow/example_dags/example_kubernetes_executor.py for tasks to queue
[2022-12-21 17:07:33,422] {logging_mixin.py:115} INFO - [2022-12-21 17:07:33,422] {dagbag.py:507} INFO - Filling up the DagBag from /home/airflow/.local/lib/python3.7/site-packages/airflow/example_dags/example_kubernetes_executor.py
[2022-12-21 17:07:33,446] {processor.py:651} INFO - DAG(s) dict_keys(['example_kubernetes_executor']) retrieved from /home/airflow/.local/lib/python3.7/site-packages/airflow/example_dags/example_kubernetes_executor.py
[2022-12-21 17:07:33,472] {logging_mixin.py:115} INFO - [2022-12-21 17:07:33,471] {dag.py:2371} INFO - Sync 1 DAGs
[2022-12-21 17:07:33,493] {logging_mixin.py:115} INFO - [2022-12-21 17:07:33,493] {dag.py:2919} INFO - Setting next_dagrun for example_kubernetes_executor to None, run_after=None
[2022-12-21 17:07:33,505] {processor.py:161} INFO - Processing /home/airflow/.local/lib/python3.7/site-packages/airflow/example_dags/example_kubernetes_executor.py took 0.088 seconds
[2022-12-21 17:08:04,025] {processor.py:153} INFO - Started process (PID=23700) to work on /home/airflow/.local/lib/python3.7/site-packages/airflow/example_dags/example_kubernetes_executor.py
[2022-12-21 17:08:04,026] {processor.py:641} INFO - Processing file /home/airflow/.local/lib/python3.7/site-packages/airflow/example_dags/example_kubernetes_executor.py for tasks to queue
[2022-12-21 17:08:04,026] {logging_mixin.py:115} INFO - [2022-12-21 17:08:04,026] {dagbag.py:507} INFO - Filling up the DagBag from /home/airflow/.local/lib/python3.7/site-packages/airflow/example_dags/example_kubernetes_executor.py
[2022-12-21 17:08:04,045] {processor.py:651} INFO - DAG(s) dict_keys(['example_kubernetes_executor']) retrieved from /home/airflow/.local/lib/python3.7/site-packages/airflow/example_dags/example_kubernetes_executor.py
[2022-12-21 17:08:04,064] {logging_mixin.py:115} INFO - [2022-12-21 17:08:04,064] {dag.py:2371} INFO - Sync 1 DAGs
[2022-12-21 17:08:04,081] {logging_mixin.py:115} INFO - [2022-12-21 17:08:04,081] {dag.py:2919} INFO - Setting next_dagrun for example_kubernetes_executor to None, run_after=None
[2022-12-21 17:08:04,092] {processor.py:161} INFO - Processing /home/airflow/.local/lib/python3.7/site-packages/airflow/example_dags/example_kubernetes_executor.py took 0.069 seconds
[2022-12-21 17:08:34,646] {processor.py:153} INFO - Started process (PID=23758) to work on /home/airflow/.local/lib/python3.7/site-packages/airflow/example_dags/example_kubernetes_executor.py
[2022-12-21 17:08:34,646] {processor.py:641} INFO - Processing file /home/airflow/.local/lib/python3.7/site-packages/airflow/example_dags/example_kubernetes_executor.py for tasks to queue
[2022-12-21 17:08:34,646] {logging_mixin.py:115} INFO - [2022-12-21 17:08:34,646] {dagbag.py:507} INFO - Filling up the DagBag from /home/airflow/.local/lib/python3.7/site-packages/airflow/example_dags/example_kubernetes_executor.py
[2022-12-21 17:08:34,666] {processor.py:651} INFO - DAG(s) dict_keys(['example_kubernetes_executor']) retrieved from /home/airflow/.local/lib/python3.7/site-packages/airflow/example_dags/example_kubernetes_executor.py
[2022-12-21 17:08:34,687] {logging_mixin.py:115} INFO - [2022-12-21 17:08:34,686] {dag.py:2371} INFO - Sync 1 DAGs
[2022-12-21 17:08:34,707] {logging_mixin.py:115} INFO - [2022-12-21 17:08:34,706] {dag.py:2919} INFO - Setting next_dagrun for example_kubernetes_executor to None, run_after=None
[2022-12-21 17:08:34,717] {processor.py:161} INFO - Processing /home/airflow/.local/lib/python3.7/site-packages/airflow/example_dags/example_kubernetes_executor.py took 0.074 seconds
[2022-12-21 17:09:05,274] {processor.py:153} INFO - Started process (PID=23824) to work on /home/airflow/.local/lib/python3.7/site-packages/airflow/example_dags/example_kubernetes_executor.py
[2022-12-21 17:09:05,275] {processor.py:641} INFO - Processing file /home/airflow/.local/lib/python3.7/site-packages/airflow/example_dags/example_kubernetes_executor.py for tasks to queue
[2022-12-21 17:09:05,276] {logging_mixin.py:115} INFO - [2022-12-21 17:09:05,276] {dagbag.py:507} INFO - Filling up the DagBag from /home/airflow/.local/lib/python3.7/site-packages/airflow/example_dags/example_kubernetes_executor.py
[2022-12-21 17:09:05,301] {processor.py:651} INFO - DAG(s) dict_keys(['example_kubernetes_executor']) retrieved from /home/airflow/.local/lib/python3.7/site-packages/airflow/example_dags/example_kubernetes_executor.py
[2022-12-21 17:09:05,326] {logging_mixin.py:115} INFO - [2022-12-21 17:09:05,326] {dag.py:2371} INFO - Sync 1 DAGs
[2022-12-21 17:09:05,344] {logging_mixin.py:115} INFO - [2022-12-21 17:09:05,344] {dag.py:2919} INFO - Setting next_dagrun for example_kubernetes_executor to None, run_after=None
[2022-12-21 17:09:05,355] {processor.py:161} INFO - Processing /home/airflow/.local/lib/python3.7/site-packages/airflow/example_dags/example_kubernetes_executor.py took 0.083 seconds
[2022-12-21 17:09:35,982] {processor.py:153} INFO - Started process (PID=23891) to work on /home/airflow/.local/lib/python3.7/site-packages/airflow/example_dags/example_kubernetes_executor.py
[2022-12-21 17:09:35,982] {processor.py:641} INFO - Processing file /home/airflow/.local/lib/python3.7/site-packages/airflow/example_dags/example_kubernetes_executor.py for tasks to queue
[2022-12-21 17:09:35,983] {logging_mixin.py:115} INFO - [2022-12-21 17:09:35,983] {dagbag.py:507} INFO - Filling up the DagBag from /home/airflow/.local/lib/python3.7/site-packages/airflow/example_dags/example_kubernetes_executor.py
[2022-12-21 17:09:36,002] {processor.py:651} INFO - DAG(s) dict_keys(['example_kubernetes_executor']) retrieved from /home/airflow/.local/lib/python3.7/site-packages/airflow/example_dags/example_kubernetes_executor.py
[2022-12-21 17:09:36,022] {logging_mixin.py:115} INFO - [2022-12-21 17:09:36,022] {dag.py:2371} INFO - Sync 1 DAGs
[2022-12-21 17:09:36,038] {logging_mixin.py:115} INFO - [2022-12-21 17:09:36,038] {dag.py:2919} INFO - Setting next_dagrun for example_kubernetes_executor to None, run_after=None
[2022-12-21 17:09:36,048] {processor.py:161} INFO - Processing /home/airflow/.local/lib/python3.7/site-packages/airflow/example_dags/example_kubernetes_executor.py took 0.070 seconds
[2022-12-21 17:10:06,728] {processor.py:153} INFO - Started process (PID=23949) to work on /home/airflow/.local/lib/python3.7/site-packages/airflow/example_dags/example_kubernetes_executor.py
[2022-12-21 17:10:06,730] {processor.py:641} INFO - Processing file /home/airflow/.local/lib/python3.7/site-packages/airflow/example_dags/example_kubernetes_executor.py for tasks to queue
[2022-12-21 17:10:06,730] {logging_mixin.py:115} INFO - [2022-12-21 17:10:06,730] {dagbag.py:507} INFO - Filling up the DagBag from /home/airflow/.local/lib/python3.7/site-packages/airflow/example_dags/example_kubernetes_executor.py
[2022-12-21 17:10:06,757] {processor.py:651} INFO - DAG(s) dict_keys(['example_kubernetes_executor']) retrieved from /home/airflow/.local/lib/python3.7/site-packages/airflow/example_dags/example_kubernetes_executor.py
[2022-12-21 17:10:06,780] {logging_mixin.py:115} INFO - [2022-12-21 17:10:06,780] {dag.py:2371} INFO - Sync 1 DAGs
[2022-12-21 17:10:06,799] {logging_mixin.py:115} INFO - [2022-12-21 17:10:06,799] {dag.py:2919} INFO - Setting next_dagrun for example_kubernetes_executor to None, run_after=None
[2022-12-21 17:10:06,811] {processor.py:161} INFO - Processing /home/airflow/.local/lib/python3.7/site-packages/airflow/example_dags/example_kubernetes_executor.py took 0.086 seconds
[2022-12-21 17:10:37,361] {processor.py:153} INFO - Started process (PID=24015) to work on /home/airflow/.local/lib/python3.7/site-packages/airflow/example_dags/example_kubernetes_executor.py
[2022-12-21 17:10:37,362] {processor.py:641} INFO - Processing file /home/airflow/.local/lib/python3.7/site-packages/airflow/example_dags/example_kubernetes_executor.py for tasks to queue
[2022-12-21 17:10:37,362] {logging_mixin.py:115} INFO - [2022-12-21 17:10:37,362] {dagbag.py:507} INFO - Filling up the DagBag from /home/airflow/.local/lib/python3.7/site-packages/airflow/example_dags/example_kubernetes_executor.py
[2022-12-21 17:10:37,385] {processor.py:651} INFO - DAG(s) dict_keys(['example_kubernetes_executor']) retrieved from /home/airflow/.local/lib/python3.7/site-packages/airflow/example_dags/example_kubernetes_executor.py
[2022-12-21 17:10:37,406] {logging_mixin.py:115} INFO - [2022-12-21 17:10:37,406] {dag.py:2371} INFO - Sync 1 DAGs
[2022-12-21 17:10:37,423] {logging_mixin.py:115} INFO - [2022-12-21 17:10:37,423] {dag.py:2919} INFO - Setting next_dagrun for example_kubernetes_executor to None, run_after=None
[2022-12-21 17:10:37,433] {processor.py:161} INFO - Processing /home/airflow/.local/lib/python3.7/site-packages/airflow/example_dags/example_kubernetes_executor.py took 0.076 seconds
[2022-12-21 17:11:07,910] {processor.py:153} INFO - Started process (PID=24081) to work on /home/airflow/.local/lib/python3.7/site-packages/airflow/example_dags/example_kubernetes_executor.py
[2022-12-21 17:11:07,910] {processor.py:641} INFO - Processing file /home/airflow/.local/lib/python3.7/site-packages/airflow/example_dags/example_kubernetes_executor.py for tasks to queue
[2022-12-21 17:11:07,910] {logging_mixin.py:115} INFO - [2022-12-21 17:11:07,910] {dagbag.py:507} INFO - Filling up the DagBag from /home/airflow/.local/lib/python3.7/site-packages/airflow/example_dags/example_kubernetes_executor.py
[2022-12-21 17:11:07,931] {processor.py:651} INFO - DAG(s) dict_keys(['example_kubernetes_executor']) retrieved from /home/airflow/.local/lib/python3.7/site-packages/airflow/example_dags/example_kubernetes_executor.py
[2022-12-21 17:11:07,953] {logging_mixin.py:115} INFO - [2022-12-21 17:11:07,953] {dag.py:2371} INFO - Sync 1 DAGs
[2022-12-21 17:11:07,973] {logging_mixin.py:115} INFO - [2022-12-21 17:11:07,973] {dag.py:2919} INFO - Setting next_dagrun for example_kubernetes_executor to None, run_after=None
[2022-12-21 17:11:07,984] {processor.py:161} INFO - Processing /home/airflow/.local/lib/python3.7/site-packages/airflow/example_dags/example_kubernetes_executor.py took 0.078 seconds
[2022-12-21 17:11:38,465] {processor.py:153} INFO - Started process (PID=24147) to work on /home/airflow/.local/lib/python3.7/site-packages/airflow/example_dags/example_kubernetes_executor.py
[2022-12-21 17:11:38,466] {processor.py:641} INFO - Processing file /home/airflow/.local/lib/python3.7/site-packages/airflow/example_dags/example_kubernetes_executor.py for tasks to queue
[2022-12-21 17:11:38,467] {logging_mixin.py:115} INFO - [2022-12-21 17:11:38,467] {dagbag.py:507} INFO - Filling up the DagBag from /home/airflow/.local/lib/python3.7/site-packages/airflow/example_dags/example_kubernetes_executor.py
[2022-12-21 17:11:38,486] {processor.py:651} INFO - DAG(s) dict_keys(['example_kubernetes_executor']) retrieved from /home/airflow/.local/lib/python3.7/site-packages/airflow/example_dags/example_kubernetes_executor.py
[2022-12-21 17:11:38,505] {logging_mixin.py:115} INFO - [2022-12-21 17:11:38,505] {dag.py:2371} INFO - Sync 1 DAGs
[2022-12-21 17:11:38,521] {logging_mixin.py:115} INFO - [2022-12-21 17:11:38,521] {dag.py:2919} INFO - Setting next_dagrun for example_kubernetes_executor to None, run_after=None
[2022-12-21 17:11:38,531] {processor.py:161} INFO - Processing /home/airflow/.local/lib/python3.7/site-packages/airflow/example_dags/example_kubernetes_executor.py took 0.068 seconds
[2022-12-21 17:12:09,176] {processor.py:153} INFO - Started process (PID=24204) to work on /home/airflow/.local/lib/python3.7/site-packages/airflow/example_dags/example_kubernetes_executor.py
[2022-12-21 17:12:09,176] {processor.py:641} INFO - Processing file /home/airflow/.local/lib/python3.7/site-packages/airflow/example_dags/example_kubernetes_executor.py for tasks to queue
[2022-12-21 17:12:09,177] {logging_mixin.py:115} INFO - [2022-12-21 17:12:09,177] {dagbag.py:507} INFO - Filling up the DagBag from /home/airflow/.local/lib/python3.7/site-packages/airflow/example_dags/example_kubernetes_executor.py
[2022-12-21 17:12:09,197] {processor.py:651} INFO - DAG(s) dict_keys(['example_kubernetes_executor']) retrieved from /home/airflow/.local/lib/python3.7/site-packages/airflow/example_dags/example_kubernetes_executor.py
[2022-12-21 17:12:09,217] {logging_mixin.py:115} INFO - [2022-12-21 17:12:09,217] {dag.py:2371} INFO - Sync 1 DAGs
[2022-12-21 17:12:09,235] {logging_mixin.py:115} INFO - [2022-12-21 17:12:09,235] {dag.py:2919} INFO - Setting next_dagrun for example_kubernetes_executor to None, run_after=None
[2022-12-21 17:12:09,245] {processor.py:161} INFO - Processing /home/airflow/.local/lib/python3.7/site-packages/airflow/example_dags/example_kubernetes_executor.py took 0.072 seconds
[2022-12-21 17:12:39,716] {processor.py:153} INFO - Started process (PID=24271) to work on /home/airflow/.local/lib/python3.7/site-packages/airflow/example_dags/example_kubernetes_executor.py
[2022-12-21 17:12:39,716] {processor.py:641} INFO - Processing file /home/airflow/.local/lib/python3.7/site-packages/airflow/example_dags/example_kubernetes_executor.py for tasks to queue
[2022-12-21 17:12:39,716] {logging_mixin.py:115} INFO - [2022-12-21 17:12:39,716] {dagbag.py:507} INFO - Filling up the DagBag from /home/airflow/.local/lib/python3.7/site-packages/airflow/example_dags/example_kubernetes_executor.py
[2022-12-21 17:12:39,735] {processor.py:651} INFO - DAG(s) dict_keys(['example_kubernetes_executor']) retrieved from /home/airflow/.local/lib/python3.7/site-packages/airflow/example_dags/example_kubernetes_executor.py
[2022-12-21 17:12:39,758] {logging_mixin.py:115} INFO - [2022-12-21 17:12:39,758] {dag.py:2371} INFO - Sync 1 DAGs
[2022-12-21 17:12:39,774] {logging_mixin.py:115} INFO - [2022-12-21 17:12:39,774] {dag.py:2919} INFO - Setting next_dagrun for example_kubernetes_executor to None, run_after=None
[2022-12-21 17:12:39,784] {processor.py:161} INFO - Processing /home/airflow/.local/lib/python3.7/site-packages/airflow/example_dags/example_kubernetes_executor.py took 0.071 seconds
[2022-12-21 17:13:10,177] {processor.py:153} INFO - Started process (PID=24336) to work on /home/airflow/.local/lib/python3.7/site-packages/airflow/example_dags/example_kubernetes_executor.py
[2022-12-21 17:13:10,178] {processor.py:641} INFO - Processing file /home/airflow/.local/lib/python3.7/site-packages/airflow/example_dags/example_kubernetes_executor.py for tasks to queue
[2022-12-21 17:13:10,179] {logging_mixin.py:115} INFO - [2022-12-21 17:13:10,178] {dagbag.py:507} INFO - Filling up the DagBag from /home/airflow/.local/lib/python3.7/site-packages/airflow/example_dags/example_kubernetes_executor.py
[2022-12-21 17:13:10,198] {processor.py:651} INFO - DAG(s) dict_keys(['example_kubernetes_executor']) retrieved from /home/airflow/.local/lib/python3.7/site-packages/airflow/example_dags/example_kubernetes_executor.py
[2022-12-21 17:13:10,218] {logging_mixin.py:115} INFO - [2022-12-21 17:13:10,218] {dag.py:2371} INFO - Sync 1 DAGs
[2022-12-21 17:13:10,239] {logging_mixin.py:115} INFO - [2022-12-21 17:13:10,239] {dag.py:2919} INFO - Setting next_dagrun for example_kubernetes_executor to None, run_after=None
[2022-12-21 17:13:10,252] {processor.py:161} INFO - Processing /home/airflow/.local/lib/python3.7/site-packages/airflow/example_dags/example_kubernetes_executor.py took 0.078 seconds
[2022-12-21 17:13:40,743] {processor.py:153} INFO - Started process (PID=24402) to work on /home/airflow/.local/lib/python3.7/site-packages/airflow/example_dags/example_kubernetes_executor.py
[2022-12-21 17:13:40,743] {processor.py:641} INFO - Processing file /home/airflow/.local/lib/python3.7/site-packages/airflow/example_dags/example_kubernetes_executor.py for tasks to queue
[2022-12-21 17:13:40,744] {logging_mixin.py:115} INFO - [2022-12-21 17:13:40,743] {dagbag.py:507} INFO - Filling up the DagBag from /home/airflow/.local/lib/python3.7/site-packages/airflow/example_dags/example_kubernetes_executor.py
[2022-12-21 17:13:40,763] {processor.py:651} INFO - DAG(s) dict_keys(['example_kubernetes_executor']) retrieved from /home/airflow/.local/lib/python3.7/site-packages/airflow/example_dags/example_kubernetes_executor.py
[2022-12-21 17:13:40,785] {logging_mixin.py:115} INFO - [2022-12-21 17:13:40,785] {dag.py:2371} INFO - Sync 1 DAGs
[2022-12-21 17:13:40,814] {logging_mixin.py:115} INFO - [2022-12-21 17:13:40,814] {dag.py:2919} INFO - Setting next_dagrun for example_kubernetes_executor to None, run_after=None
[2022-12-21 17:13:40,826] {processor.py:161} INFO - Processing /home/airflow/.local/lib/python3.7/site-packages/airflow/example_dags/example_kubernetes_executor.py took 0.086 seconds
[2022-12-21 17:14:11,379] {processor.py:153} INFO - Started process (PID=24459) to work on /home/airflow/.local/lib/python3.7/site-packages/airflow/example_dags/example_kubernetes_executor.py
[2022-12-21 17:14:11,380] {processor.py:641} INFO - Processing file /home/airflow/.local/lib/python3.7/site-packages/airflow/example_dags/example_kubernetes_executor.py for tasks to queue
[2022-12-21 17:14:11,380] {logging_mixin.py:115} INFO - [2022-12-21 17:14:11,380] {dagbag.py:507} INFO - Filling up the DagBag from /home/airflow/.local/lib/python3.7/site-packages/airflow/example_dags/example_kubernetes_executor.py
[2022-12-21 17:14:11,402] {processor.py:651} INFO - DAG(s) dict_keys(['example_kubernetes_executor']) retrieved from /home/airflow/.local/lib/python3.7/site-packages/airflow/example_dags/example_kubernetes_executor.py
[2022-12-21 17:14:11,423] {logging_mixin.py:115} INFO - [2022-12-21 17:14:11,423] {dag.py:2371} INFO - Sync 1 DAGs
[2022-12-21 17:14:11,443] {logging_mixin.py:115} INFO - [2022-12-21 17:14:11,443] {dag.py:2919} INFO - Setting next_dagrun for example_kubernetes_executor to None, run_after=None
[2022-12-21 17:14:11,453] {processor.py:161} INFO - Processing /home/airflow/.local/lib/python3.7/site-packages/airflow/example_dags/example_kubernetes_executor.py took 0.077 seconds
[2022-12-21 17:14:42,139] {processor.py:153} INFO - Started process (PID=24525) to work on /home/airflow/.local/lib/python3.7/site-packages/airflow/example_dags/example_kubernetes_executor.py
[2022-12-21 17:14:42,140] {processor.py:641} INFO - Processing file /home/airflow/.local/lib/python3.7/site-packages/airflow/example_dags/example_kubernetes_executor.py for tasks to queue
[2022-12-21 17:14:42,140] {logging_mixin.py:115} INFO - [2022-12-21 17:14:42,140] {dagbag.py:507} INFO - Filling up the DagBag from /home/airflow/.local/lib/python3.7/site-packages/airflow/example_dags/example_kubernetes_executor.py
[2022-12-21 17:14:42,163] {processor.py:651} INFO - DAG(s) dict_keys(['example_kubernetes_executor']) retrieved from /home/airflow/.local/lib/python3.7/site-packages/airflow/example_dags/example_kubernetes_executor.py
[2022-12-21 17:14:42,189] {logging_mixin.py:115} INFO - [2022-12-21 17:14:42,189] {dag.py:2371} INFO - Sync 1 DAGs
[2022-12-21 17:14:42,216] {logging_mixin.py:115} INFO - [2022-12-21 17:14:42,216] {dag.py:2919} INFO - Setting next_dagrun for example_kubernetes_executor to None, run_after=None
[2022-12-21 17:14:42,233] {processor.py:161} INFO - Processing /home/airflow/.local/lib/python3.7/site-packages/airflow/example_dags/example_kubernetes_executor.py took 0.097 seconds
[2022-12-21 17:15:12,839] {processor.py:153} INFO - Started process (PID=24591) to work on /home/airflow/.local/lib/python3.7/site-packages/airflow/example_dags/example_kubernetes_executor.py
[2022-12-21 17:15:12,840] {processor.py:641} INFO - Processing file /home/airflow/.local/lib/python3.7/site-packages/airflow/example_dags/example_kubernetes_executor.py for tasks to queue
[2022-12-21 17:15:12,841] {logging_mixin.py:115} INFO - [2022-12-21 17:15:12,841] {dagbag.py:507} INFO - Filling up the DagBag from /home/airflow/.local/lib/python3.7/site-packages/airflow/example_dags/example_kubernetes_executor.py
[2022-12-21 17:15:12,864] {processor.py:651} INFO - DAG(s) dict_keys(['example_kubernetes_executor']) retrieved from /home/airflow/.local/lib/python3.7/site-packages/airflow/example_dags/example_kubernetes_executor.py
[2022-12-21 17:15:12,885] {logging_mixin.py:115} INFO - [2022-12-21 17:15:12,885] {dag.py:2371} INFO - Sync 1 DAGs
[2022-12-21 17:15:12,900] {logging_mixin.py:115} INFO - [2022-12-21 17:15:12,900] {dag.py:2919} INFO - Setting next_dagrun for example_kubernetes_executor to None, run_after=None
[2022-12-21 17:15:12,908] {processor.py:161} INFO - Processing /home/airflow/.local/lib/python3.7/site-packages/airflow/example_dags/example_kubernetes_executor.py took 0.073 seconds
[2022-12-21 17:15:43,391] {processor.py:153} INFO - Started process (PID=24657) to work on /home/airflow/.local/lib/python3.7/site-packages/airflow/example_dags/example_kubernetes_executor.py
[2022-12-21 17:15:43,392] {processor.py:641} INFO - Processing file /home/airflow/.local/lib/python3.7/site-packages/airflow/example_dags/example_kubernetes_executor.py for tasks to queue
[2022-12-21 17:15:43,392] {logging_mixin.py:115} INFO - [2022-12-21 17:15:43,392] {dagbag.py:507} INFO - Filling up the DagBag from /home/airflow/.local/lib/python3.7/site-packages/airflow/example_dags/example_kubernetes_executor.py
[2022-12-21 17:15:43,408] {processor.py:651} INFO - DAG(s) dict_keys(['example_kubernetes_executor']) retrieved from /home/airflow/.local/lib/python3.7/site-packages/airflow/example_dags/example_kubernetes_executor.py
[2022-12-21 17:15:43,433] {logging_mixin.py:115} INFO - [2022-12-21 17:15:43,433] {dag.py:2371} INFO - Sync 1 DAGs
[2022-12-21 17:15:43,452] {logging_mixin.py:115} INFO - [2022-12-21 17:15:43,452] {dag.py:2919} INFO - Setting next_dagrun for example_kubernetes_executor to None, run_after=None
[2022-12-21 17:15:43,462] {processor.py:161} INFO - Processing /home/airflow/.local/lib/python3.7/site-packages/airflow/example_dags/example_kubernetes_executor.py took 0.073 seconds
[2022-12-21 17:16:14,101] {processor.py:153} INFO - Started process (PID=24713) to work on /home/airflow/.local/lib/python3.7/site-packages/airflow/example_dags/example_kubernetes_executor.py
[2022-12-21 17:16:14,102] {processor.py:641} INFO - Processing file /home/airflow/.local/lib/python3.7/site-packages/airflow/example_dags/example_kubernetes_executor.py for tasks to queue
[2022-12-21 17:16:14,103] {logging_mixin.py:115} INFO - [2022-12-21 17:16:14,102] {dagbag.py:507} INFO - Filling up the DagBag from /home/airflow/.local/lib/python3.7/site-packages/airflow/example_dags/example_kubernetes_executor.py
[2022-12-21 17:16:14,123] {processor.py:651} INFO - DAG(s) dict_keys(['example_kubernetes_executor']) retrieved from /home/airflow/.local/lib/python3.7/site-packages/airflow/example_dags/example_kubernetes_executor.py
[2022-12-21 17:16:14,144] {logging_mixin.py:115} INFO - [2022-12-21 17:16:14,144] {dag.py:2371} INFO - Sync 1 DAGs
[2022-12-21 17:16:14,163] {logging_mixin.py:115} INFO - [2022-12-21 17:16:14,163] {dag.py:2919} INFO - Setting next_dagrun for example_kubernetes_executor to None, run_after=None
[2022-12-21 17:16:14,173] {processor.py:161} INFO - Processing /home/airflow/.local/lib/python3.7/site-packages/airflow/example_dags/example_kubernetes_executor.py took 0.074 seconds
[2022-12-21 17:16:44,806] {processor.py:153} INFO - Started process (PID=24781) to work on /home/airflow/.local/lib/python3.7/site-packages/airflow/example_dags/example_kubernetes_executor.py
[2022-12-21 17:16:44,807] {processor.py:641} INFO - Processing file /home/airflow/.local/lib/python3.7/site-packages/airflow/example_dags/example_kubernetes_executor.py for tasks to queue
[2022-12-21 17:16:44,808] {logging_mixin.py:115} INFO - [2022-12-21 17:16:44,807] {dagbag.py:507} INFO - Filling up the DagBag from /home/airflow/.local/lib/python3.7/site-packages/airflow/example_dags/example_kubernetes_executor.py
[2022-12-21 17:16:44,825] {processor.py:651} INFO - DAG(s) dict_keys(['example_kubernetes_executor']) retrieved from /home/airflow/.local/lib/python3.7/site-packages/airflow/example_dags/example_kubernetes_executor.py
[2022-12-21 17:16:44,847] {logging_mixin.py:115} INFO - [2022-12-21 17:16:44,847] {dag.py:2371} INFO - Sync 1 DAGs
[2022-12-21 17:16:44,863] {logging_mixin.py:115} INFO - [2022-12-21 17:16:44,863] {dag.py:2919} INFO - Setting next_dagrun for example_kubernetes_executor to None, run_after=None
[2022-12-21 17:16:44,872] {processor.py:161} INFO - Processing /home/airflow/.local/lib/python3.7/site-packages/airflow/example_dags/example_kubernetes_executor.py took 0.068 seconds
[2022-12-21 17:17:15,423] {processor.py:153} INFO - Started process (PID=24846) to work on /home/airflow/.local/lib/python3.7/site-packages/airflow/example_dags/example_kubernetes_executor.py
[2022-12-21 17:17:15,424] {processor.py:641} INFO - Processing file /home/airflow/.local/lib/python3.7/site-packages/airflow/example_dags/example_kubernetes_executor.py for tasks to queue
[2022-12-21 17:17:15,424] {logging_mixin.py:115} INFO - [2022-12-21 17:17:15,424] {dagbag.py:507} INFO - Filling up the DagBag from /home/airflow/.local/lib/python3.7/site-packages/airflow/example_dags/example_kubernetes_executor.py
[2022-12-21 17:17:15,445] {processor.py:651} INFO - DAG(s) dict_keys(['example_kubernetes_executor']) retrieved from /home/airflow/.local/lib/python3.7/site-packages/airflow/example_dags/example_kubernetes_executor.py
[2022-12-21 17:17:15,467] {logging_mixin.py:115} INFO - [2022-12-21 17:17:15,466] {dag.py:2371} INFO - Sync 1 DAGs
[2022-12-21 17:17:15,485] {logging_mixin.py:115} INFO - [2022-12-21 17:17:15,485] {dag.py:2919} INFO - Setting next_dagrun for example_kubernetes_executor to None, run_after=None
[2022-12-21 17:17:15,495] {processor.py:161} INFO - Processing /home/airflow/.local/lib/python3.7/site-packages/airflow/example_dags/example_kubernetes_executor.py took 0.075 seconds
[2022-12-21 17:17:46,046] {processor.py:153} INFO - Started process (PID=24913) to work on /home/airflow/.local/lib/python3.7/site-packages/airflow/example_dags/example_kubernetes_executor.py
[2022-12-21 17:17:46,047] {processor.py:641} INFO - Processing file /home/airflow/.local/lib/python3.7/site-packages/airflow/example_dags/example_kubernetes_executor.py for tasks to queue
[2022-12-21 17:17:46,047] {logging_mixin.py:115} INFO - [2022-12-21 17:17:46,047] {dagbag.py:507} INFO - Filling up the DagBag from /home/airflow/.local/lib/python3.7/site-packages/airflow/example_dags/example_kubernetes_executor.py
[2022-12-21 17:17:46,067] {processor.py:651} INFO - DAG(s) dict_keys(['example_kubernetes_executor']) retrieved from /home/airflow/.local/lib/python3.7/site-packages/airflow/example_dags/example_kubernetes_executor.py
[2022-12-21 17:17:46,086] {logging_mixin.py:115} INFO - [2022-12-21 17:17:46,086] {dag.py:2371} INFO - Sync 1 DAGs
[2022-12-21 17:17:46,105] {logging_mixin.py:115} INFO - [2022-12-21 17:17:46,105] {dag.py:2919} INFO - Setting next_dagrun for example_kubernetes_executor to None, run_after=None
[2022-12-21 17:17:46,115] {processor.py:161} INFO - Processing /home/airflow/.local/lib/python3.7/site-packages/airflow/example_dags/example_kubernetes_executor.py took 0.071 seconds
[2022-12-21 17:18:16,764] {processor.py:153} INFO - Started process (PID=24971) to work on /home/airflow/.local/lib/python3.7/site-packages/airflow/example_dags/example_kubernetes_executor.py
[2022-12-21 17:18:16,764] {processor.py:641} INFO - Processing file /home/airflow/.local/lib/python3.7/site-packages/airflow/example_dags/example_kubernetes_executor.py for tasks to queue
[2022-12-21 17:18:16,765] {logging_mixin.py:115} INFO - [2022-12-21 17:18:16,765] {dagbag.py:507} INFO - Filling up the DagBag from /home/airflow/.local/lib/python3.7/site-packages/airflow/example_dags/example_kubernetes_executor.py
[2022-12-21 17:18:16,790] {processor.py:651} INFO - DAG(s) dict_keys(['example_kubernetes_executor']) retrieved from /home/airflow/.local/lib/python3.7/site-packages/airflow/example_dags/example_kubernetes_executor.py
[2022-12-21 17:18:16,810] {logging_mixin.py:115} INFO - [2022-12-21 17:18:16,810] {dag.py:2371} INFO - Sync 1 DAGs
[2022-12-21 17:18:16,828] {logging_mixin.py:115} INFO - [2022-12-21 17:18:16,828] {dag.py:2919} INFO - Setting next_dagrun for example_kubernetes_executor to None, run_after=None
[2022-12-21 17:18:16,837] {processor.py:161} INFO - Processing /home/airflow/.local/lib/python3.7/site-packages/airflow/example_dags/example_kubernetes_executor.py took 0.076 seconds
[2022-12-21 17:18:47,497] {processor.py:153} INFO - Started process (PID=25038) to work on /home/airflow/.local/lib/python3.7/site-packages/airflow/example_dags/example_kubernetes_executor.py
[2022-12-21 17:18:47,497] {processor.py:641} INFO - Processing file /home/airflow/.local/lib/python3.7/site-packages/airflow/example_dags/example_kubernetes_executor.py for tasks to queue
[2022-12-21 17:18:47,498] {logging_mixin.py:115} INFO - [2022-12-21 17:18:47,498] {dagbag.py:507} INFO - Filling up the DagBag from /home/airflow/.local/lib/python3.7/site-packages/airflow/example_dags/example_kubernetes_executor.py
[2022-12-21 17:18:47,518] {processor.py:651} INFO - DAG(s) dict_keys(['example_kubernetes_executor']) retrieved from /home/airflow/.local/lib/python3.7/site-packages/airflow/example_dags/example_kubernetes_executor.py
[2022-12-21 17:18:47,538] {logging_mixin.py:115} INFO - [2022-12-21 17:18:47,538] {dag.py:2371} INFO - Sync 1 DAGs
[2022-12-21 17:18:47,554] {logging_mixin.py:115} INFO - [2022-12-21 17:18:47,554] {dag.py:2919} INFO - Setting next_dagrun for example_kubernetes_executor to None, run_after=None
[2022-12-21 17:18:47,564] {processor.py:161} INFO - Processing /home/airflow/.local/lib/python3.7/site-packages/airflow/example_dags/example_kubernetes_executor.py took 0.069 seconds
[2022-12-21 17:19:18,177] {processor.py:153} INFO - Started process (PID=25105) to work on /home/airflow/.local/lib/python3.7/site-packages/airflow/example_dags/example_kubernetes_executor.py
[2022-12-21 17:19:18,178] {processor.py:641} INFO - Processing file /home/airflow/.local/lib/python3.7/site-packages/airflow/example_dags/example_kubernetes_executor.py for tasks to queue
[2022-12-21 17:19:18,178] {logging_mixin.py:115} INFO - [2022-12-21 17:19:18,178] {dagbag.py:507} INFO - Filling up the DagBag from /home/airflow/.local/lib/python3.7/site-packages/airflow/example_dags/example_kubernetes_executor.py
[2022-12-21 17:19:18,199] {processor.py:651} INFO - DAG(s) dict_keys(['example_kubernetes_executor']) retrieved from /home/airflow/.local/lib/python3.7/site-packages/airflow/example_dags/example_kubernetes_executor.py
[2022-12-21 17:19:18,221] {logging_mixin.py:115} INFO - [2022-12-21 17:19:18,221] {dag.py:2371} INFO - Sync 1 DAGs
[2022-12-21 17:19:18,241] {logging_mixin.py:115} INFO - [2022-12-21 17:19:18,240] {dag.py:2919} INFO - Setting next_dagrun for example_kubernetes_executor to None, run_after=None
[2022-12-21 17:19:18,249] {processor.py:161} INFO - Processing /home/airflow/.local/lib/python3.7/site-packages/airflow/example_dags/example_kubernetes_executor.py took 0.075 seconds
[2022-12-21 17:19:48,853] {processor.py:153} INFO - Started process (PID=25173) to work on /home/airflow/.local/lib/python3.7/site-packages/airflow/example_dags/example_kubernetes_executor.py
[2022-12-21 17:19:48,853] {processor.py:641} INFO - Processing file /home/airflow/.local/lib/python3.7/site-packages/airflow/example_dags/example_kubernetes_executor.py for tasks to queue
[2022-12-21 17:19:48,854] {logging_mixin.py:115} INFO - [2022-12-21 17:19:48,854] {dagbag.py:507} INFO - Filling up the DagBag from /home/airflow/.local/lib/python3.7/site-packages/airflow/example_dags/example_kubernetes_executor.py
[2022-12-21 17:19:48,870] {processor.py:651} INFO - DAG(s) dict_keys(['example_kubernetes_executor']) retrieved from /home/airflow/.local/lib/python3.7/site-packages/airflow/example_dags/example_kubernetes_executor.py
[2022-12-21 17:19:48,889] {logging_mixin.py:115} INFO - [2022-12-21 17:19:48,889] {dag.py:2371} INFO - Sync 1 DAGs
[2022-12-21 17:19:48,905] {logging_mixin.py:115} INFO - [2022-12-21 17:19:48,905] {dag.py:2919} INFO - Setting next_dagrun for example_kubernetes_executor to None, run_after=None
[2022-12-21 17:19:48,915] {processor.py:161} INFO - Processing /home/airflow/.local/lib/python3.7/site-packages/airflow/example_dags/example_kubernetes_executor.py took 0.065 seconds
[2022-12-21 17:20:19,587] {processor.py:153} INFO - Started process (PID=25232) to work on /home/airflow/.local/lib/python3.7/site-packages/airflow/example_dags/example_kubernetes_executor.py
[2022-12-21 17:20:19,588] {processor.py:641} INFO - Processing file /home/airflow/.local/lib/python3.7/site-packages/airflow/example_dags/example_kubernetes_executor.py for tasks to queue
[2022-12-21 17:20:19,588] {logging_mixin.py:115} INFO - [2022-12-21 17:20:19,588] {dagbag.py:507} INFO - Filling up the DagBag from /home/airflow/.local/lib/python3.7/site-packages/airflow/example_dags/example_kubernetes_executor.py
[2022-12-21 17:20:19,608] {processor.py:651} INFO - DAG(s) dict_keys(['example_kubernetes_executor']) retrieved from /home/airflow/.local/lib/python3.7/site-packages/airflow/example_dags/example_kubernetes_executor.py
[2022-12-21 17:20:19,630] {logging_mixin.py:115} INFO - [2022-12-21 17:20:19,630] {dag.py:2371} INFO - Sync 1 DAGs
[2022-12-21 17:20:19,648] {logging_mixin.py:115} INFO - [2022-12-21 17:20:19,648] {dag.py:2919} INFO - Setting next_dagrun for example_kubernetes_executor to None, run_after=None
[2022-12-21 17:20:19,658] {processor.py:161} INFO - Processing /home/airflow/.local/lib/python3.7/site-packages/airflow/example_dags/example_kubernetes_executor.py took 0.075 seconds
[2022-12-21 17:20:50,256] {processor.py:153} INFO - Started process (PID=25299) to work on /home/airflow/.local/lib/python3.7/site-packages/airflow/example_dags/example_kubernetes_executor.py
[2022-12-21 17:20:50,257] {processor.py:641} INFO - Processing file /home/airflow/.local/lib/python3.7/site-packages/airflow/example_dags/example_kubernetes_executor.py for tasks to queue
[2022-12-21 17:20:50,258] {logging_mixin.py:115} INFO - [2022-12-21 17:20:50,258] {dagbag.py:507} INFO - Filling up the DagBag from /home/airflow/.local/lib/python3.7/site-packages/airflow/example_dags/example_kubernetes_executor.py
[2022-12-21 17:20:50,277] {processor.py:651} INFO - DAG(s) dict_keys(['example_kubernetes_executor']) retrieved from /home/airflow/.local/lib/python3.7/site-packages/airflow/example_dags/example_kubernetes_executor.py
[2022-12-21 17:20:50,298] {logging_mixin.py:115} INFO - [2022-12-21 17:20:50,298] {dag.py:2371} INFO - Sync 1 DAGs
[2022-12-21 17:20:50,317] {logging_mixin.py:115} INFO - [2022-12-21 17:20:50,317] {dag.py:2919} INFO - Setting next_dagrun for example_kubernetes_executor to None, run_after=None
[2022-12-21 17:20:50,327] {processor.py:161} INFO - Processing /home/airflow/.local/lib/python3.7/site-packages/airflow/example_dags/example_kubernetes_executor.py took 0.073 seconds
[2022-12-21 17:21:20,933] {processor.py:153} INFO - Started process (PID=25365) to work on /home/airflow/.local/lib/python3.7/site-packages/airflow/example_dags/example_kubernetes_executor.py
[2022-12-21 17:21:20,934] {processor.py:641} INFO - Processing file /home/airflow/.local/lib/python3.7/site-packages/airflow/example_dags/example_kubernetes_executor.py for tasks to queue
[2022-12-21 17:21:20,934] {logging_mixin.py:115} INFO - [2022-12-21 17:21:20,934] {dagbag.py:507} INFO - Filling up the DagBag from /home/airflow/.local/lib/python3.7/site-packages/airflow/example_dags/example_kubernetes_executor.py
[2022-12-21 17:21:20,952] {processor.py:651} INFO - DAG(s) dict_keys(['example_kubernetes_executor']) retrieved from /home/airflow/.local/lib/python3.7/site-packages/airflow/example_dags/example_kubernetes_executor.py
[2022-12-21 17:21:20,973] {logging_mixin.py:115} INFO - [2022-12-21 17:21:20,972] {dag.py:2371} INFO - Sync 1 DAGs
[2022-12-21 17:21:20,992] {logging_mixin.py:115} INFO - [2022-12-21 17:21:20,992] {dag.py:2919} INFO - Setting next_dagrun for example_kubernetes_executor to None, run_after=None
[2022-12-21 17:21:21,004] {processor.py:161} INFO - Processing /home/airflow/.local/lib/python3.7/site-packages/airflow/example_dags/example_kubernetes_executor.py took 0.073 seconds
[2022-12-21 17:21:51,408] {processor.py:153} INFO - Started process (PID=25431) to work on /home/airflow/.local/lib/python3.7/site-packages/airflow/example_dags/example_kubernetes_executor.py
[2022-12-21 17:21:51,408] {processor.py:641} INFO - Processing file /home/airflow/.local/lib/python3.7/site-packages/airflow/example_dags/example_kubernetes_executor.py for tasks to queue
[2022-12-21 17:21:51,409] {logging_mixin.py:115} INFO - [2022-12-21 17:21:51,408] {dagbag.py:507} INFO - Filling up the DagBag from /home/airflow/.local/lib/python3.7/site-packages/airflow/example_dags/example_kubernetes_executor.py
[2022-12-21 17:21:51,426] {processor.py:651} INFO - DAG(s) dict_keys(['example_kubernetes_executor']) retrieved from /home/airflow/.local/lib/python3.7/site-packages/airflow/example_dags/example_kubernetes_executor.py
[2022-12-21 17:21:51,450] {logging_mixin.py:115} INFO - [2022-12-21 17:21:51,450] {dag.py:2371} INFO - Sync 1 DAGs
[2022-12-21 17:21:51,471] {logging_mixin.py:115} INFO - [2022-12-21 17:21:51,471] {dag.py:2919} INFO - Setting next_dagrun for example_kubernetes_executor to None, run_after=None
[2022-12-21 17:21:51,485] {processor.py:161} INFO - Processing /home/airflow/.local/lib/python3.7/site-packages/airflow/example_dags/example_kubernetes_executor.py took 0.080 seconds
[2022-12-21 17:22:21,926] {processor.py:153} INFO - Started process (PID=25489) to work on /home/airflow/.local/lib/python3.7/site-packages/airflow/example_dags/example_kubernetes_executor.py
[2022-12-21 17:22:21,927] {processor.py:641} INFO - Processing file /home/airflow/.local/lib/python3.7/site-packages/airflow/example_dags/example_kubernetes_executor.py for tasks to queue
[2022-12-21 17:22:21,927] {logging_mixin.py:115} INFO - [2022-12-21 17:22:21,927] {dagbag.py:507} INFO - Filling up the DagBag from /home/airflow/.local/lib/python3.7/site-packages/airflow/example_dags/example_kubernetes_executor.py
[2022-12-21 17:22:21,947] {processor.py:651} INFO - DAG(s) dict_keys(['example_kubernetes_executor']) retrieved from /home/airflow/.local/lib/python3.7/site-packages/airflow/example_dags/example_kubernetes_executor.py
[2022-12-21 17:22:21,968] {logging_mixin.py:115} INFO - [2022-12-21 17:22:21,968] {dag.py:2371} INFO - Sync 1 DAGs
[2022-12-21 17:22:21,985] {logging_mixin.py:115} INFO - [2022-12-21 17:22:21,985] {dag.py:2919} INFO - Setting next_dagrun for example_kubernetes_executor to None, run_after=None
[2022-12-21 17:22:22,048] {processor.py:161} INFO - Processing /home/airflow/.local/lib/python3.7/site-packages/airflow/example_dags/example_kubernetes_executor.py took 0.125 seconds
[2022-12-21 17:22:52,736] {processor.py:153} INFO - Started process (PID=25556) to work on /home/airflow/.local/lib/python3.7/site-packages/airflow/example_dags/example_kubernetes_executor.py
[2022-12-21 17:22:52,788] {processor.py:641} INFO - Processing file /home/airflow/.local/lib/python3.7/site-packages/airflow/example_dags/example_kubernetes_executor.py for tasks to queue
[2022-12-21 17:22:52,789] {logging_mixin.py:115} INFO - [2022-12-21 17:22:52,789] {dagbag.py:507} INFO - Filling up the DagBag from /home/airflow/.local/lib/python3.7/site-packages/airflow/example_dags/example_kubernetes_executor.py
[2022-12-21 17:22:52,810] {processor.py:651} INFO - DAG(s) dict_keys(['example_kubernetes_executor']) retrieved from /home/airflow/.local/lib/python3.7/site-packages/airflow/example_dags/example_kubernetes_executor.py
[2022-12-21 17:22:52,833] {logging_mixin.py:115} INFO - [2022-12-21 17:22:52,833] {dag.py:2371} INFO - Sync 1 DAGs
[2022-12-21 17:22:52,854] {logging_mixin.py:115} INFO - [2022-12-21 17:22:52,854] {dag.py:2919} INFO - Setting next_dagrun for example_kubernetes_executor to None, run_after=None
[2022-12-21 17:22:52,865] {processor.py:161} INFO - Processing /home/airflow/.local/lib/python3.7/site-packages/airflow/example_dags/example_kubernetes_executor.py took 0.131 seconds
[2022-12-21 17:23:23,100] {processor.py:153} INFO - Started process (PID=25623) to work on /home/airflow/.local/lib/python3.7/site-packages/airflow/example_dags/example_kubernetes_executor.py
[2022-12-21 17:23:23,100] {processor.py:641} INFO - Processing file /home/airflow/.local/lib/python3.7/site-packages/airflow/example_dags/example_kubernetes_executor.py for tasks to queue
[2022-12-21 17:23:23,101] {logging_mixin.py:115} INFO - [2022-12-21 17:23:23,101] {dagbag.py:507} INFO - Filling up the DagBag from /home/airflow/.local/lib/python3.7/site-packages/airflow/example_dags/example_kubernetes_executor.py
[2022-12-21 17:23:23,119] {processor.py:651} INFO - DAG(s) dict_keys(['example_kubernetes_executor']) retrieved from /home/airflow/.local/lib/python3.7/site-packages/airflow/example_dags/example_kubernetes_executor.py
[2022-12-21 17:23:23,139] {logging_mixin.py:115} INFO - [2022-12-21 17:23:23,139] {dag.py:2371} INFO - Sync 1 DAGs
[2022-12-21 17:23:23,159] {logging_mixin.py:115} INFO - [2022-12-21 17:23:23,159] {dag.py:2919} INFO - Setting next_dagrun for example_kubernetes_executor to None, run_after=None
[2022-12-21 17:23:23,168] {processor.py:161} INFO - Processing /home/airflow/.local/lib/python3.7/site-packages/airflow/example_dags/example_kubernetes_executor.py took 0.073 seconds
[2022-12-21 17:23:53,627] {processor.py:153} INFO - Started process (PID=25680) to work on /home/airflow/.local/lib/python3.7/site-packages/airflow/example_dags/example_kubernetes_executor.py
[2022-12-21 17:23:53,628] {processor.py:641} INFO - Processing file /home/airflow/.local/lib/python3.7/site-packages/airflow/example_dags/example_kubernetes_executor.py for tasks to queue
[2022-12-21 17:23:53,628] {logging_mixin.py:115} INFO - [2022-12-21 17:23:53,628] {dagbag.py:507} INFO - Filling up the DagBag from /home/airflow/.local/lib/python3.7/site-packages/airflow/example_dags/example_kubernetes_executor.py
[2022-12-21 17:23:53,645] {processor.py:651} INFO - DAG(s) dict_keys(['example_kubernetes_executor']) retrieved from /home/airflow/.local/lib/python3.7/site-packages/airflow/example_dags/example_kubernetes_executor.py
[2022-12-21 17:23:53,667] {logging_mixin.py:115} INFO - [2022-12-21 17:23:53,667] {dag.py:2371} INFO - Sync 1 DAGs
[2022-12-21 17:23:53,683] {logging_mixin.py:115} INFO - [2022-12-21 17:23:53,683] {dag.py:2919} INFO - Setting next_dagrun for example_kubernetes_executor to None, run_after=None
[2022-12-21 17:23:53,692] {processor.py:161} INFO - Processing /home/airflow/.local/lib/python3.7/site-packages/airflow/example_dags/example_kubernetes_executor.py took 0.067 seconds
