[2022-12-21 16:55:25,713] {processor.py:153} INFO - Started process (PID=22117) to work on /home/airflow/.local/lib/python3.7/site-packages/airflow/example_dags/example_bash_operator.py
[2022-12-21 16:55:25,714] {processor.py:641} INFO - Processing file /home/airflow/.local/lib/python3.7/site-packages/airflow/example_dags/example_bash_operator.py for tasks to queue
[2022-12-21 16:55:25,714] {logging_mixin.py:115} INFO - [2022-12-21 16:55:25,714] {dagbag.py:507} INFO - Filling up the DagBag from /home/airflow/.local/lib/python3.7/site-packages/airflow/example_dags/example_bash_operator.py
[2022-12-21 16:55:25,724] {processor.py:651} INFO - DAG(s) dict_keys(['example_bash_operator']) retrieved from /home/airflow/.local/lib/python3.7/site-packages/airflow/example_dags/example_bash_operator.py
[2022-12-21 16:55:25,742] {logging_mixin.py:115} INFO - [2022-12-21 16:55:25,742] {dag.py:2371} INFO - Sync 1 DAGs
[2022-12-21 16:55:25,757] {logging_mixin.py:115} INFO - [2022-12-21 16:55:25,757] {dag.py:2919} INFO - Setting next_dagrun for example_bash_operator to 2022-12-20T00:00:00+00:00, run_after=2022-12-21T00:00:00+00:00
[2022-12-21 16:55:25,766] {processor.py:161} INFO - Processing /home/airflow/.local/lib/python3.7/site-packages/airflow/example_dags/example_bash_operator.py took 0.054 seconds
[2022-12-21 16:55:56,191] {processor.py:153} INFO - Started process (PID=22183) to work on /home/airflow/.local/lib/python3.7/site-packages/airflow/example_dags/example_bash_operator.py
[2022-12-21 16:55:56,192] {processor.py:641} INFO - Processing file /home/airflow/.local/lib/python3.7/site-packages/airflow/example_dags/example_bash_operator.py for tasks to queue
[2022-12-21 16:55:56,192] {logging_mixin.py:115} INFO - [2022-12-21 16:55:56,192] {dagbag.py:507} INFO - Filling up the DagBag from /home/airflow/.local/lib/python3.7/site-packages/airflow/example_dags/example_bash_operator.py
[2022-12-21 16:55:56,200] {processor.py:651} INFO - DAG(s) dict_keys(['example_bash_operator']) retrieved from /home/airflow/.local/lib/python3.7/site-packages/airflow/example_dags/example_bash_operator.py
[2022-12-21 16:55:56,220] {logging_mixin.py:115} INFO - [2022-12-21 16:55:56,220] {dag.py:2371} INFO - Sync 1 DAGs
[2022-12-21 16:55:56,235] {logging_mixin.py:115} INFO - [2022-12-21 16:55:56,235] {dag.py:2919} INFO - Setting next_dagrun for example_bash_operator to 2022-12-20T00:00:00+00:00, run_after=2022-12-21T00:00:00+00:00
[2022-12-21 16:55:56,243] {processor.py:161} INFO - Processing /home/airflow/.local/lib/python3.7/site-packages/airflow/example_dags/example_bash_operator.py took 0.054 seconds
[2022-12-21 16:56:26,520] {processor.py:153} INFO - Started process (PID=22249) to work on /home/airflow/.local/lib/python3.7/site-packages/airflow/example_dags/example_bash_operator.py
[2022-12-21 16:56:26,521] {processor.py:641} INFO - Processing file /home/airflow/.local/lib/python3.7/site-packages/airflow/example_dags/example_bash_operator.py for tasks to queue
[2022-12-21 16:56:26,521] {logging_mixin.py:115} INFO - [2022-12-21 16:56:26,521] {dagbag.py:507} INFO - Filling up the DagBag from /home/airflow/.local/lib/python3.7/site-packages/airflow/example_dags/example_bash_operator.py
[2022-12-21 16:56:26,529] {processor.py:651} INFO - DAG(s) dict_keys(['example_bash_operator']) retrieved from /home/airflow/.local/lib/python3.7/site-packages/airflow/example_dags/example_bash_operator.py
[2022-12-21 16:56:26,546] {logging_mixin.py:115} INFO - [2022-12-21 16:56:26,546] {dag.py:2371} INFO - Sync 1 DAGs
[2022-12-21 16:56:26,563] {logging_mixin.py:115} INFO - [2022-12-21 16:56:26,563] {dag.py:2919} INFO - Setting next_dagrun for example_bash_operator to 2022-12-20T00:00:00+00:00, run_after=2022-12-21T00:00:00+00:00
[2022-12-21 16:56:26,572] {processor.py:161} INFO - Processing /home/airflow/.local/lib/python3.7/site-packages/airflow/example_dags/example_bash_operator.py took 0.054 seconds
[2022-12-21 16:56:57,106] {processor.py:153} INFO - Started process (PID=22316) to work on /home/airflow/.local/lib/python3.7/site-packages/airflow/example_dags/example_bash_operator.py
[2022-12-21 16:56:57,106] {processor.py:641} INFO - Processing file /home/airflow/.local/lib/python3.7/site-packages/airflow/example_dags/example_bash_operator.py for tasks to queue
[2022-12-21 16:56:57,107] {logging_mixin.py:115} INFO - [2022-12-21 16:56:57,106] {dagbag.py:507} INFO - Filling up the DagBag from /home/airflow/.local/lib/python3.7/site-packages/airflow/example_dags/example_bash_operator.py
[2022-12-21 16:56:57,123] {processor.py:651} INFO - DAG(s) dict_keys(['example_bash_operator']) retrieved from /home/airflow/.local/lib/python3.7/site-packages/airflow/example_dags/example_bash_operator.py
[2022-12-21 16:56:57,145] {logging_mixin.py:115} INFO - [2022-12-21 16:56:57,145] {dag.py:2371} INFO - Sync 1 DAGs
[2022-12-21 16:56:57,164] {logging_mixin.py:115} INFO - [2022-12-21 16:56:57,164] {dag.py:2919} INFO - Setting next_dagrun for example_bash_operator to 2022-12-20T00:00:00+00:00, run_after=2022-12-21T00:00:00+00:00
[2022-12-21 16:56:57,176] {processor.py:161} INFO - Processing /home/airflow/.local/lib/python3.7/site-packages/airflow/example_dags/example_bash_operator.py took 0.074 seconds
[2022-12-21 16:57:27,416] {processor.py:153} INFO - Started process (PID=22373) to work on /home/airflow/.local/lib/python3.7/site-packages/airflow/example_dags/example_bash_operator.py
[2022-12-21 16:57:27,417] {processor.py:641} INFO - Processing file /home/airflow/.local/lib/python3.7/site-packages/airflow/example_dags/example_bash_operator.py for tasks to queue
[2022-12-21 16:57:27,417] {logging_mixin.py:115} INFO - [2022-12-21 16:57:27,417] {dagbag.py:507} INFO - Filling up the DagBag from /home/airflow/.local/lib/python3.7/site-packages/airflow/example_dags/example_bash_operator.py
[2022-12-21 16:57:27,425] {processor.py:651} INFO - DAG(s) dict_keys(['example_bash_operator']) retrieved from /home/airflow/.local/lib/python3.7/site-packages/airflow/example_dags/example_bash_operator.py
[2022-12-21 16:57:27,442] {logging_mixin.py:115} INFO - [2022-12-21 16:57:27,442] {dag.py:2371} INFO - Sync 1 DAGs
[2022-12-21 16:57:27,457] {logging_mixin.py:115} INFO - [2022-12-21 16:57:27,457] {dag.py:2919} INFO - Setting next_dagrun for example_bash_operator to 2022-12-20T00:00:00+00:00, run_after=2022-12-21T00:00:00+00:00
[2022-12-21 16:57:27,467] {processor.py:161} INFO - Processing /home/airflow/.local/lib/python3.7/site-packages/airflow/example_dags/example_bash_operator.py took 0.053 seconds
[2022-12-21 16:57:57,791] {processor.py:153} INFO - Started process (PID=22440) to work on /home/airflow/.local/lib/python3.7/site-packages/airflow/example_dags/example_bash_operator.py
[2022-12-21 16:57:57,791] {processor.py:641} INFO - Processing file /home/airflow/.local/lib/python3.7/site-packages/airflow/example_dags/example_bash_operator.py for tasks to queue
[2022-12-21 16:57:57,792] {logging_mixin.py:115} INFO - [2022-12-21 16:57:57,792] {dagbag.py:507} INFO - Filling up the DagBag from /home/airflow/.local/lib/python3.7/site-packages/airflow/example_dags/example_bash_operator.py
[2022-12-21 16:57:57,801] {processor.py:651} INFO - DAG(s) dict_keys(['example_bash_operator']) retrieved from /home/airflow/.local/lib/python3.7/site-packages/airflow/example_dags/example_bash_operator.py
[2022-12-21 16:57:57,820] {logging_mixin.py:115} INFO - [2022-12-21 16:57:57,820] {dag.py:2371} INFO - Sync 1 DAGs
[2022-12-21 16:57:57,835] {logging_mixin.py:115} INFO - [2022-12-21 16:57:57,835] {dag.py:2919} INFO - Setting next_dagrun for example_bash_operator to 2022-12-20T00:00:00+00:00, run_after=2022-12-21T00:00:00+00:00
[2022-12-21 16:57:57,842] {processor.py:161} INFO - Processing /home/airflow/.local/lib/python3.7/site-packages/airflow/example_dags/example_bash_operator.py took 0.053 seconds
[2022-12-21 16:58:28,240] {processor.py:153} INFO - Started process (PID=22506) to work on /home/airflow/.local/lib/python3.7/site-packages/airflow/example_dags/example_bash_operator.py
[2022-12-21 16:58:28,241] {processor.py:641} INFO - Processing file /home/airflow/.local/lib/python3.7/site-packages/airflow/example_dags/example_bash_operator.py for tasks to queue
[2022-12-21 16:58:28,241] {logging_mixin.py:115} INFO - [2022-12-21 16:58:28,241] {dagbag.py:507} INFO - Filling up the DagBag from /home/airflow/.local/lib/python3.7/site-packages/airflow/example_dags/example_bash_operator.py
[2022-12-21 16:58:28,249] {processor.py:651} INFO - DAG(s) dict_keys(['example_bash_operator']) retrieved from /home/airflow/.local/lib/python3.7/site-packages/airflow/example_dags/example_bash_operator.py
[2022-12-21 16:58:28,268] {logging_mixin.py:115} INFO - [2022-12-21 16:58:28,268] {dag.py:2371} INFO - Sync 1 DAGs
[2022-12-21 16:58:28,285] {logging_mixin.py:115} INFO - [2022-12-21 16:58:28,285] {dag.py:2919} INFO - Setting next_dagrun for example_bash_operator to 2022-12-20T00:00:00+00:00, run_after=2022-12-21T00:00:00+00:00
[2022-12-21 16:58:28,295] {processor.py:161} INFO - Processing /home/airflow/.local/lib/python3.7/site-packages/airflow/example_dags/example_bash_operator.py took 0.058 seconds
[2022-12-21 16:58:58,815] {processor.py:153} INFO - Started process (PID=22572) to work on /home/airflow/.local/lib/python3.7/site-packages/airflow/example_dags/example_bash_operator.py
[2022-12-21 16:58:58,815] {processor.py:641} INFO - Processing file /home/airflow/.local/lib/python3.7/site-packages/airflow/example_dags/example_bash_operator.py for tasks to queue
[2022-12-21 16:58:58,816] {logging_mixin.py:115} INFO - [2022-12-21 16:58:58,816] {dagbag.py:507} INFO - Filling up the DagBag from /home/airflow/.local/lib/python3.7/site-packages/airflow/example_dags/example_bash_operator.py
[2022-12-21 16:58:58,826] {processor.py:651} INFO - DAG(s) dict_keys(['example_bash_operator']) retrieved from /home/airflow/.local/lib/python3.7/site-packages/airflow/example_dags/example_bash_operator.py
[2022-12-21 16:58:58,845] {logging_mixin.py:115} INFO - [2022-12-21 16:58:58,845] {dag.py:2371} INFO - Sync 1 DAGs
[2022-12-21 16:58:58,861] {logging_mixin.py:115} INFO - [2022-12-21 16:58:58,861] {dag.py:2919} INFO - Setting next_dagrun for example_bash_operator to 2022-12-20T00:00:00+00:00, run_after=2022-12-21T00:00:00+00:00
[2022-12-21 16:58:58,870] {processor.py:161} INFO - Processing /home/airflow/.local/lib/python3.7/site-packages/airflow/example_dags/example_bash_operator.py took 0.058 seconds
[2022-12-21 16:59:29,212] {processor.py:153} INFO - Started process (PID=22630) to work on /home/airflow/.local/lib/python3.7/site-packages/airflow/example_dags/example_bash_operator.py
[2022-12-21 16:59:29,213] {processor.py:641} INFO - Processing file /home/airflow/.local/lib/python3.7/site-packages/airflow/example_dags/example_bash_operator.py for tasks to queue
[2022-12-21 16:59:29,213] {logging_mixin.py:115} INFO - [2022-12-21 16:59:29,213] {dagbag.py:507} INFO - Filling up the DagBag from /home/airflow/.local/lib/python3.7/site-packages/airflow/example_dags/example_bash_operator.py
[2022-12-21 16:59:29,222] {processor.py:651} INFO - DAG(s) dict_keys(['example_bash_operator']) retrieved from /home/airflow/.local/lib/python3.7/site-packages/airflow/example_dags/example_bash_operator.py
[2022-12-21 16:59:29,243] {logging_mixin.py:115} INFO - [2022-12-21 16:59:29,243] {dag.py:2371} INFO - Sync 1 DAGs
[2022-12-21 16:59:29,260] {logging_mixin.py:115} INFO - [2022-12-21 16:59:29,260] {dag.py:2919} INFO - Setting next_dagrun for example_bash_operator to 2022-12-20T00:00:00+00:00, run_after=2022-12-21T00:00:00+00:00
[2022-12-21 16:59:29,270] {processor.py:161} INFO - Processing /home/airflow/.local/lib/python3.7/site-packages/airflow/example_dags/example_bash_operator.py took 0.060 seconds
[2022-12-21 16:59:59,788] {processor.py:153} INFO - Started process (PID=22696) to work on /home/airflow/.local/lib/python3.7/site-packages/airflow/example_dags/example_bash_operator.py
[2022-12-21 16:59:59,788] {processor.py:641} INFO - Processing file /home/airflow/.local/lib/python3.7/site-packages/airflow/example_dags/example_bash_operator.py for tasks to queue
[2022-12-21 16:59:59,788] {logging_mixin.py:115} INFO - [2022-12-21 16:59:59,788] {dagbag.py:507} INFO - Filling up the DagBag from /home/airflow/.local/lib/python3.7/site-packages/airflow/example_dags/example_bash_operator.py
[2022-12-21 16:59:59,796] {processor.py:651} INFO - DAG(s) dict_keys(['example_bash_operator']) retrieved from /home/airflow/.local/lib/python3.7/site-packages/airflow/example_dags/example_bash_operator.py
[2022-12-21 16:59:59,817] {logging_mixin.py:115} INFO - [2022-12-21 16:59:59,817] {dag.py:2371} INFO - Sync 1 DAGs
[2022-12-21 16:59:59,836] {logging_mixin.py:115} INFO - [2022-12-21 16:59:59,836] {dag.py:2919} INFO - Setting next_dagrun for example_bash_operator to 2022-12-20T00:00:00+00:00, run_after=2022-12-21T00:00:00+00:00
[2022-12-21 16:59:59,845] {processor.py:161} INFO - Processing /home/airflow/.local/lib/python3.7/site-packages/airflow/example_dags/example_bash_operator.py took 0.060 seconds
[2022-12-21 17:00:30,409] {processor.py:153} INFO - Started process (PID=22763) to work on /home/airflow/.local/lib/python3.7/site-packages/airflow/example_dags/example_bash_operator.py
[2022-12-21 17:00:30,409] {processor.py:641} INFO - Processing file /home/airflow/.local/lib/python3.7/site-packages/airflow/example_dags/example_bash_operator.py for tasks to queue
[2022-12-21 17:00:30,410] {logging_mixin.py:115} INFO - [2022-12-21 17:00:30,410] {dagbag.py:507} INFO - Filling up the DagBag from /home/airflow/.local/lib/python3.7/site-packages/airflow/example_dags/example_bash_operator.py
[2022-12-21 17:00:30,418] {processor.py:651} INFO - DAG(s) dict_keys(['example_bash_operator']) retrieved from /home/airflow/.local/lib/python3.7/site-packages/airflow/example_dags/example_bash_operator.py
[2022-12-21 17:00:30,437] {logging_mixin.py:115} INFO - [2022-12-21 17:00:30,437] {dag.py:2371} INFO - Sync 1 DAGs
[2022-12-21 17:00:30,454] {logging_mixin.py:115} INFO - [2022-12-21 17:00:30,454] {dag.py:2919} INFO - Setting next_dagrun for example_bash_operator to 2022-12-20T00:00:00+00:00, run_after=2022-12-21T00:00:00+00:00
[2022-12-21 17:00:30,463] {processor.py:161} INFO - Processing /home/airflow/.local/lib/python3.7/site-packages/airflow/example_dags/example_bash_operator.py took 0.056 seconds
[2022-12-21 17:01:00,888] {processor.py:153} INFO - Started process (PID=22829) to work on /home/airflow/.local/lib/python3.7/site-packages/airflow/example_dags/example_bash_operator.py
[2022-12-21 17:01:00,888] {processor.py:641} INFO - Processing file /home/airflow/.local/lib/python3.7/site-packages/airflow/example_dags/example_bash_operator.py for tasks to queue
[2022-12-21 17:01:00,888] {logging_mixin.py:115} INFO - [2022-12-21 17:01:00,888] {dagbag.py:507} INFO - Filling up the DagBag from /home/airflow/.local/lib/python3.7/site-packages/airflow/example_dags/example_bash_operator.py
[2022-12-21 17:01:00,898] {processor.py:651} INFO - DAG(s) dict_keys(['example_bash_operator']) retrieved from /home/airflow/.local/lib/python3.7/site-packages/airflow/example_dags/example_bash_operator.py
[2022-12-21 17:01:00,923] {logging_mixin.py:115} INFO - [2022-12-21 17:01:00,923] {dag.py:2371} INFO - Sync 1 DAGs
[2022-12-21 17:01:00,944] {logging_mixin.py:115} INFO - [2022-12-21 17:01:00,944] {dag.py:2919} INFO - Setting next_dagrun for example_bash_operator to 2022-12-20T00:00:00+00:00, run_after=2022-12-21T00:00:00+00:00
[2022-12-21 17:01:00,955] {processor.py:161} INFO - Processing /home/airflow/.local/lib/python3.7/site-packages/airflow/example_dags/example_bash_operator.py took 0.070 seconds
[2022-12-21 17:01:31,426] {processor.py:153} INFO - Started process (PID=22886) to work on /home/airflow/.local/lib/python3.7/site-packages/airflow/example_dags/example_bash_operator.py
[2022-12-21 17:01:31,427] {processor.py:641} INFO - Processing file /home/airflow/.local/lib/python3.7/site-packages/airflow/example_dags/example_bash_operator.py for tasks to queue
[2022-12-21 17:01:31,428] {logging_mixin.py:115} INFO - [2022-12-21 17:01:31,427] {dagbag.py:507} INFO - Filling up the DagBag from /home/airflow/.local/lib/python3.7/site-packages/airflow/example_dags/example_bash_operator.py
[2022-12-21 17:01:31,436] {processor.py:651} INFO - DAG(s) dict_keys(['example_bash_operator']) retrieved from /home/airflow/.local/lib/python3.7/site-packages/airflow/example_dags/example_bash_operator.py
[2022-12-21 17:01:31,457] {logging_mixin.py:115} INFO - [2022-12-21 17:01:31,457] {dag.py:2371} INFO - Sync 1 DAGs
[2022-12-21 17:01:31,477] {logging_mixin.py:115} INFO - [2022-12-21 17:01:31,477] {dag.py:2919} INFO - Setting next_dagrun for example_bash_operator to 2022-12-20T00:00:00+00:00, run_after=2022-12-21T00:00:00+00:00
[2022-12-21 17:01:31,488] {processor.py:161} INFO - Processing /home/airflow/.local/lib/python3.7/site-packages/airflow/example_dags/example_bash_operator.py took 0.064 seconds
[2022-12-21 17:02:02,067] {processor.py:153} INFO - Started process (PID=22951) to work on /home/airflow/.local/lib/python3.7/site-packages/airflow/example_dags/example_bash_operator.py
[2022-12-21 17:02:02,067] {processor.py:641} INFO - Processing file /home/airflow/.local/lib/python3.7/site-packages/airflow/example_dags/example_bash_operator.py for tasks to queue
[2022-12-21 17:02:02,067] {logging_mixin.py:115} INFO - [2022-12-21 17:02:02,067] {dagbag.py:507} INFO - Filling up the DagBag from /home/airflow/.local/lib/python3.7/site-packages/airflow/example_dags/example_bash_operator.py
[2022-12-21 17:02:02,078] {processor.py:651} INFO - DAG(s) dict_keys(['example_bash_operator']) retrieved from /home/airflow/.local/lib/python3.7/site-packages/airflow/example_dags/example_bash_operator.py
[2022-12-21 17:02:02,099] {logging_mixin.py:115} INFO - [2022-12-21 17:02:02,099] {dag.py:2371} INFO - Sync 1 DAGs
[2022-12-21 17:02:02,117] {logging_mixin.py:115} INFO - [2022-12-21 17:02:02,117] {dag.py:2919} INFO - Setting next_dagrun for example_bash_operator to 2022-12-20T00:00:00+00:00, run_after=2022-12-21T00:00:00+00:00
[2022-12-21 17:02:02,128] {processor.py:161} INFO - Processing /home/airflow/.local/lib/python3.7/site-packages/airflow/example_dags/example_bash_operator.py took 0.064 seconds
[2022-12-21 17:02:32,720] {processor.py:153} INFO - Started process (PID=23017) to work on /home/airflow/.local/lib/python3.7/site-packages/airflow/example_dags/example_bash_operator.py
[2022-12-21 17:02:32,720] {processor.py:641} INFO - Processing file /home/airflow/.local/lib/python3.7/site-packages/airflow/example_dags/example_bash_operator.py for tasks to queue
[2022-12-21 17:02:32,720] {logging_mixin.py:115} INFO - [2022-12-21 17:02:32,720] {dagbag.py:507} INFO - Filling up the DagBag from /home/airflow/.local/lib/python3.7/site-packages/airflow/example_dags/example_bash_operator.py
[2022-12-21 17:02:32,730] {processor.py:651} INFO - DAG(s) dict_keys(['example_bash_operator']) retrieved from /home/airflow/.local/lib/python3.7/site-packages/airflow/example_dags/example_bash_operator.py
[2022-12-21 17:02:32,750] {logging_mixin.py:115} INFO - [2022-12-21 17:02:32,750] {dag.py:2371} INFO - Sync 1 DAGs
[2022-12-21 17:02:32,768] {logging_mixin.py:115} INFO - [2022-12-21 17:02:32,768] {dag.py:2919} INFO - Setting next_dagrun for example_bash_operator to 2022-12-20T00:00:00+00:00, run_after=2022-12-21T00:00:00+00:00
[2022-12-21 17:02:32,778] {processor.py:161} INFO - Processing /home/airflow/.local/lib/python3.7/site-packages/airflow/example_dags/example_bash_operator.py took 0.061 seconds
[2022-12-21 17:03:03,397] {processor.py:153} INFO - Started process (PID=23083) to work on /home/airflow/.local/lib/python3.7/site-packages/airflow/example_dags/example_bash_operator.py
[2022-12-21 17:03:03,397] {processor.py:641} INFO - Processing file /home/airflow/.local/lib/python3.7/site-packages/airflow/example_dags/example_bash_operator.py for tasks to queue
[2022-12-21 17:03:03,398] {logging_mixin.py:115} INFO - [2022-12-21 17:03:03,398] {dagbag.py:507} INFO - Filling up the DagBag from /home/airflow/.local/lib/python3.7/site-packages/airflow/example_dags/example_bash_operator.py
[2022-12-21 17:03:03,406] {processor.py:651} INFO - DAG(s) dict_keys(['example_bash_operator']) retrieved from /home/airflow/.local/lib/python3.7/site-packages/airflow/example_dags/example_bash_operator.py
[2022-12-21 17:03:03,427] {logging_mixin.py:115} INFO - [2022-12-21 17:03:03,427] {dag.py:2371} INFO - Sync 1 DAGs
[2022-12-21 17:03:03,445] {logging_mixin.py:115} INFO - [2022-12-21 17:03:03,445] {dag.py:2919} INFO - Setting next_dagrun for example_bash_operator to 2022-12-20T00:00:00+00:00, run_after=2022-12-21T00:00:00+00:00
[2022-12-21 17:03:03,456] {processor.py:161} INFO - Processing /home/airflow/.local/lib/python3.7/site-packages/airflow/example_dags/example_bash_operator.py took 0.062 seconds
[2022-12-21 17:03:34,188] {processor.py:153} INFO - Started process (PID=23140) to work on /home/airflow/.local/lib/python3.7/site-packages/airflow/example_dags/example_bash_operator.py
[2022-12-21 17:03:34,189] {processor.py:641} INFO - Processing file /home/airflow/.local/lib/python3.7/site-packages/airflow/example_dags/example_bash_operator.py for tasks to queue
[2022-12-21 17:03:34,190] {logging_mixin.py:115} INFO - [2022-12-21 17:03:34,190] {dagbag.py:507} INFO - Filling up the DagBag from /home/airflow/.local/lib/python3.7/site-packages/airflow/example_dags/example_bash_operator.py
[2022-12-21 17:03:34,198] {processor.py:651} INFO - DAG(s) dict_keys(['example_bash_operator']) retrieved from /home/airflow/.local/lib/python3.7/site-packages/airflow/example_dags/example_bash_operator.py
[2022-12-21 17:03:34,219] {logging_mixin.py:115} INFO - [2022-12-21 17:03:34,219] {dag.py:2371} INFO - Sync 1 DAGs
[2022-12-21 17:03:34,238] {logging_mixin.py:115} INFO - [2022-12-21 17:03:34,238] {dag.py:2919} INFO - Setting next_dagrun for example_bash_operator to 2022-12-20T00:00:00+00:00, run_after=2022-12-21T00:00:00+00:00
[2022-12-21 17:03:34,250] {processor.py:161} INFO - Processing /home/airflow/.local/lib/python3.7/site-packages/airflow/example_dags/example_bash_operator.py took 0.064 seconds
[2022-12-21 17:04:04,773] {processor.py:153} INFO - Started process (PID=23207) to work on /home/airflow/.local/lib/python3.7/site-packages/airflow/example_dags/example_bash_operator.py
[2022-12-21 17:04:04,774] {processor.py:641} INFO - Processing file /home/airflow/.local/lib/python3.7/site-packages/airflow/example_dags/example_bash_operator.py for tasks to queue
[2022-12-21 17:04:04,774] {logging_mixin.py:115} INFO - [2022-12-21 17:04:04,774] {dagbag.py:507} INFO - Filling up the DagBag from /home/airflow/.local/lib/python3.7/site-packages/airflow/example_dags/example_bash_operator.py
[2022-12-21 17:04:04,784] {processor.py:651} INFO - DAG(s) dict_keys(['example_bash_operator']) retrieved from /home/airflow/.local/lib/python3.7/site-packages/airflow/example_dags/example_bash_operator.py
[2022-12-21 17:04:04,806] {logging_mixin.py:115} INFO - [2022-12-21 17:04:04,806] {dag.py:2371} INFO - Sync 1 DAGs
[2022-12-21 17:04:04,831] {logging_mixin.py:115} INFO - [2022-12-21 17:04:04,831] {dag.py:2919} INFO - Setting next_dagrun for example_bash_operator to 2022-12-20T00:00:00+00:00, run_after=2022-12-21T00:00:00+00:00
[2022-12-21 17:04:04,843] {processor.py:161} INFO - Processing /home/airflow/.local/lib/python3.7/site-packages/airflow/example_dags/example_bash_operator.py took 0.072 seconds
[2022-12-21 17:04:35,325] {processor.py:153} INFO - Started process (PID=23273) to work on /home/airflow/.local/lib/python3.7/site-packages/airflow/example_dags/example_bash_operator.py
[2022-12-21 17:04:35,326] {processor.py:641} INFO - Processing file /home/airflow/.local/lib/python3.7/site-packages/airflow/example_dags/example_bash_operator.py for tasks to queue
[2022-12-21 17:04:35,326] {logging_mixin.py:115} INFO - [2022-12-21 17:04:35,326] {dagbag.py:507} INFO - Filling up the DagBag from /home/airflow/.local/lib/python3.7/site-packages/airflow/example_dags/example_bash_operator.py
[2022-12-21 17:04:35,337] {processor.py:651} INFO - DAG(s) dict_keys(['example_bash_operator']) retrieved from /home/airflow/.local/lib/python3.7/site-packages/airflow/example_dags/example_bash_operator.py
[2022-12-21 17:04:35,358] {logging_mixin.py:115} INFO - [2022-12-21 17:04:35,358] {dag.py:2371} INFO - Sync 1 DAGs
[2022-12-21 17:04:35,376] {logging_mixin.py:115} INFO - [2022-12-21 17:04:35,376] {dag.py:2919} INFO - Setting next_dagrun for example_bash_operator to 2022-12-20T00:00:00+00:00, run_after=2022-12-21T00:00:00+00:00
[2022-12-21 17:04:35,386] {processor.py:161} INFO - Processing /home/airflow/.local/lib/python3.7/site-packages/airflow/example_dags/example_bash_operator.py took 0.063 seconds
[2022-12-21 17:05:05,853] {processor.py:153} INFO - Started process (PID=23339) to work on /home/airflow/.local/lib/python3.7/site-packages/airflow/example_dags/example_bash_operator.py
[2022-12-21 17:05:05,854] {processor.py:641} INFO - Processing file /home/airflow/.local/lib/python3.7/site-packages/airflow/example_dags/example_bash_operator.py for tasks to queue
[2022-12-21 17:05:05,854] {logging_mixin.py:115} INFO - [2022-12-21 17:05:05,854] {dagbag.py:507} INFO - Filling up the DagBag from /home/airflow/.local/lib/python3.7/site-packages/airflow/example_dags/example_bash_operator.py
[2022-12-21 17:05:05,863] {processor.py:651} INFO - DAG(s) dict_keys(['example_bash_operator']) retrieved from /home/airflow/.local/lib/python3.7/site-packages/airflow/example_dags/example_bash_operator.py
[2022-12-21 17:05:05,883] {logging_mixin.py:115} INFO - [2022-12-21 17:05:05,883] {dag.py:2371} INFO - Sync 1 DAGs
[2022-12-21 17:05:05,903] {logging_mixin.py:115} INFO - [2022-12-21 17:05:05,903] {dag.py:2919} INFO - Setting next_dagrun for example_bash_operator to 2022-12-20T00:00:00+00:00, run_after=2022-12-21T00:00:00+00:00
[2022-12-21 17:05:05,914] {processor.py:161} INFO - Processing /home/airflow/.local/lib/python3.7/site-packages/airflow/example_dags/example_bash_operator.py took 0.063 seconds
[2022-12-21 17:05:36,512] {processor.py:153} INFO - Started process (PID=23395) to work on /home/airflow/.local/lib/python3.7/site-packages/airflow/example_dags/example_bash_operator.py
[2022-12-21 17:05:36,513] {processor.py:641} INFO - Processing file /home/airflow/.local/lib/python3.7/site-packages/airflow/example_dags/example_bash_operator.py for tasks to queue
[2022-12-21 17:05:36,514] {logging_mixin.py:115} INFO - [2022-12-21 17:05:36,514] {dagbag.py:507} INFO - Filling up the DagBag from /home/airflow/.local/lib/python3.7/site-packages/airflow/example_dags/example_bash_operator.py
[2022-12-21 17:05:36,526] {processor.py:651} INFO - DAG(s) dict_keys(['example_bash_operator']) retrieved from /home/airflow/.local/lib/python3.7/site-packages/airflow/example_dags/example_bash_operator.py
[2022-12-21 17:05:36,549] {logging_mixin.py:115} INFO - [2022-12-21 17:05:36,549] {dag.py:2371} INFO - Sync 1 DAGs
[2022-12-21 17:05:36,573] {logging_mixin.py:115} INFO - [2022-12-21 17:05:36,573] {dag.py:2919} INFO - Setting next_dagrun for example_bash_operator to 2022-12-20T00:00:00+00:00, run_after=2022-12-21T00:00:00+00:00
[2022-12-21 17:05:36,586] {processor.py:161} INFO - Processing /home/airflow/.local/lib/python3.7/site-packages/airflow/example_dags/example_bash_operator.py took 0.076 seconds
[2022-12-21 17:06:07,494] {processor.py:153} INFO - Started process (PID=23462) to work on /home/airflow/.local/lib/python3.7/site-packages/airflow/example_dags/example_bash_operator.py
[2022-12-21 17:06:07,495] {processor.py:641} INFO - Processing file /home/airflow/.local/lib/python3.7/site-packages/airflow/example_dags/example_bash_operator.py for tasks to queue
[2022-12-21 17:06:07,495] {logging_mixin.py:115} INFO - [2022-12-21 17:06:07,495] {dagbag.py:507} INFO - Filling up the DagBag from /home/airflow/.local/lib/python3.7/site-packages/airflow/example_dags/example_bash_operator.py
[2022-12-21 17:06:07,504] {processor.py:651} INFO - DAG(s) dict_keys(['example_bash_operator']) retrieved from /home/airflow/.local/lib/python3.7/site-packages/airflow/example_dags/example_bash_operator.py
[2022-12-21 17:06:07,524] {logging_mixin.py:115} INFO - [2022-12-21 17:06:07,524] {dag.py:2371} INFO - Sync 1 DAGs
[2022-12-21 17:06:07,541] {logging_mixin.py:115} INFO - [2022-12-21 17:06:07,541] {dag.py:2919} INFO - Setting next_dagrun for example_bash_operator to 2022-12-20T00:00:00+00:00, run_after=2022-12-21T00:00:00+00:00
[2022-12-21 17:06:07,553] {processor.py:161} INFO - Processing /home/airflow/.local/lib/python3.7/site-packages/airflow/example_dags/example_bash_operator.py took 0.061 seconds
[2022-12-21 17:06:38,026] {processor.py:153} INFO - Started process (PID=23529) to work on /home/airflow/.local/lib/python3.7/site-packages/airflow/example_dags/example_bash_operator.py
[2022-12-21 17:06:38,027] {processor.py:641} INFO - Processing file /home/airflow/.local/lib/python3.7/site-packages/airflow/example_dags/example_bash_operator.py for tasks to queue
[2022-12-21 17:06:38,028] {logging_mixin.py:115} INFO - [2022-12-21 17:06:38,028] {dagbag.py:507} INFO - Filling up the DagBag from /home/airflow/.local/lib/python3.7/site-packages/airflow/example_dags/example_bash_operator.py
[2022-12-21 17:06:38,037] {processor.py:651} INFO - DAG(s) dict_keys(['example_bash_operator']) retrieved from /home/airflow/.local/lib/python3.7/site-packages/airflow/example_dags/example_bash_operator.py
[2022-12-21 17:06:38,057] {logging_mixin.py:115} INFO - [2022-12-21 17:06:38,057] {dag.py:2371} INFO - Sync 1 DAGs
[2022-12-21 17:06:38,076] {logging_mixin.py:115} INFO - [2022-12-21 17:06:38,076] {dag.py:2919} INFO - Setting next_dagrun for example_bash_operator to 2022-12-20T00:00:00+00:00, run_after=2022-12-21T00:00:00+00:00
[2022-12-21 17:06:38,086] {processor.py:161} INFO - Processing /home/airflow/.local/lib/python3.7/site-packages/airflow/example_dags/example_bash_operator.py took 0.063 seconds
[2022-12-21 17:07:08,543] {processor.py:153} INFO - Started process (PID=23595) to work on /home/airflow/.local/lib/python3.7/site-packages/airflow/example_dags/example_bash_operator.py
[2022-12-21 17:07:08,544] {processor.py:641} INFO - Processing file /home/airflow/.local/lib/python3.7/site-packages/airflow/example_dags/example_bash_operator.py for tasks to queue
[2022-12-21 17:07:08,545] {logging_mixin.py:115} INFO - [2022-12-21 17:07:08,544] {dagbag.py:507} INFO - Filling up the DagBag from /home/airflow/.local/lib/python3.7/site-packages/airflow/example_dags/example_bash_operator.py
[2022-12-21 17:07:08,556] {processor.py:651} INFO - DAG(s) dict_keys(['example_bash_operator']) retrieved from /home/airflow/.local/lib/python3.7/site-packages/airflow/example_dags/example_bash_operator.py
[2022-12-21 17:07:08,583] {logging_mixin.py:115} INFO - [2022-12-21 17:07:08,583] {dag.py:2371} INFO - Sync 1 DAGs
[2022-12-21 17:07:08,606] {logging_mixin.py:115} INFO - [2022-12-21 17:07:08,605] {dag.py:2919} INFO - Setting next_dagrun for example_bash_operator to 2022-12-20T00:00:00+00:00, run_after=2022-12-21T00:00:00+00:00
[2022-12-21 17:07:08,617] {processor.py:161} INFO - Processing /home/airflow/.local/lib/python3.7/site-packages/airflow/example_dags/example_bash_operator.py took 0.077 seconds
[2022-12-21 17:07:39,129] {processor.py:153} INFO - Started process (PID=23651) to work on /home/airflow/.local/lib/python3.7/site-packages/airflow/example_dags/example_bash_operator.py
[2022-12-21 17:07:39,130] {processor.py:641} INFO - Processing file /home/airflow/.local/lib/python3.7/site-packages/airflow/example_dags/example_bash_operator.py for tasks to queue
[2022-12-21 17:07:39,130] {logging_mixin.py:115} INFO - [2022-12-21 17:07:39,130] {dagbag.py:507} INFO - Filling up the DagBag from /home/airflow/.local/lib/python3.7/site-packages/airflow/example_dags/example_bash_operator.py
[2022-12-21 17:07:39,139] {processor.py:651} INFO - DAG(s) dict_keys(['example_bash_operator']) retrieved from /home/airflow/.local/lib/python3.7/site-packages/airflow/example_dags/example_bash_operator.py
[2022-12-21 17:07:39,160] {logging_mixin.py:115} INFO - [2022-12-21 17:07:39,160] {dag.py:2371} INFO - Sync 1 DAGs
[2022-12-21 17:07:39,178] {logging_mixin.py:115} INFO - [2022-12-21 17:07:39,178] {dag.py:2919} INFO - Setting next_dagrun for example_bash_operator to 2022-12-20T00:00:00+00:00, run_after=2022-12-21T00:00:00+00:00
[2022-12-21 17:07:39,188] {processor.py:161} INFO - Processing /home/airflow/.local/lib/python3.7/site-packages/airflow/example_dags/example_bash_operator.py took 0.061 seconds
[2022-12-21 17:08:09,654] {processor.py:153} INFO - Started process (PID=23717) to work on /home/airflow/.local/lib/python3.7/site-packages/airflow/example_dags/example_bash_operator.py
[2022-12-21 17:08:09,655] {processor.py:641} INFO - Processing file /home/airflow/.local/lib/python3.7/site-packages/airflow/example_dags/example_bash_operator.py for tasks to queue
[2022-12-21 17:08:09,655] {logging_mixin.py:115} INFO - [2022-12-21 17:08:09,655] {dagbag.py:507} INFO - Filling up the DagBag from /home/airflow/.local/lib/python3.7/site-packages/airflow/example_dags/example_bash_operator.py
[2022-12-21 17:08:09,664] {processor.py:651} INFO - DAG(s) dict_keys(['example_bash_operator']) retrieved from /home/airflow/.local/lib/python3.7/site-packages/airflow/example_dags/example_bash_operator.py
[2022-12-21 17:08:09,686] {logging_mixin.py:115} INFO - [2022-12-21 17:08:09,686] {dag.py:2371} INFO - Sync 1 DAGs
[2022-12-21 17:08:09,703] {logging_mixin.py:115} INFO - [2022-12-21 17:08:09,703] {dag.py:2919} INFO - Setting next_dagrun for example_bash_operator to 2022-12-20T00:00:00+00:00, run_after=2022-12-21T00:00:00+00:00
[2022-12-21 17:08:09,714] {processor.py:161} INFO - Processing /home/airflow/.local/lib/python3.7/site-packages/airflow/example_dags/example_bash_operator.py took 0.062 seconds
[2022-12-21 17:08:40,273] {processor.py:153} INFO - Started process (PID=23784) to work on /home/airflow/.local/lib/python3.7/site-packages/airflow/example_dags/example_bash_operator.py
[2022-12-21 17:08:40,273] {processor.py:641} INFO - Processing file /home/airflow/.local/lib/python3.7/site-packages/airflow/example_dags/example_bash_operator.py for tasks to queue
[2022-12-21 17:08:40,274] {logging_mixin.py:115} INFO - [2022-12-21 17:08:40,274] {dagbag.py:507} INFO - Filling up the DagBag from /home/airflow/.local/lib/python3.7/site-packages/airflow/example_dags/example_bash_operator.py
[2022-12-21 17:08:40,282] {processor.py:651} INFO - DAG(s) dict_keys(['example_bash_operator']) retrieved from /home/airflow/.local/lib/python3.7/site-packages/airflow/example_dags/example_bash_operator.py
[2022-12-21 17:08:40,303] {logging_mixin.py:115} INFO - [2022-12-21 17:08:40,303] {dag.py:2371} INFO - Sync 1 DAGs
[2022-12-21 17:08:40,324] {logging_mixin.py:115} INFO - [2022-12-21 17:08:40,324] {dag.py:2919} INFO - Setting next_dagrun for example_bash_operator to 2022-12-20T00:00:00+00:00, run_after=2022-12-21T00:00:00+00:00
[2022-12-21 17:08:40,333] {processor.py:161} INFO - Processing /home/airflow/.local/lib/python3.7/site-packages/airflow/example_dags/example_bash_operator.py took 0.063 seconds
[2022-12-21 17:09:10,896] {processor.py:153} INFO - Started process (PID=23841) to work on /home/airflow/.local/lib/python3.7/site-packages/airflow/example_dags/example_bash_operator.py
[2022-12-21 17:09:10,897] {processor.py:641} INFO - Processing file /home/airflow/.local/lib/python3.7/site-packages/airflow/example_dags/example_bash_operator.py for tasks to queue
[2022-12-21 17:09:10,898] {logging_mixin.py:115} INFO - [2022-12-21 17:09:10,898] {dagbag.py:507} INFO - Filling up the DagBag from /home/airflow/.local/lib/python3.7/site-packages/airflow/example_dags/example_bash_operator.py
[2022-12-21 17:09:10,909] {processor.py:651} INFO - DAG(s) dict_keys(['example_bash_operator']) retrieved from /home/airflow/.local/lib/python3.7/site-packages/airflow/example_dags/example_bash_operator.py
[2022-12-21 17:09:10,938] {logging_mixin.py:115} INFO - [2022-12-21 17:09:10,938] {dag.py:2371} INFO - Sync 1 DAGs
[2022-12-21 17:09:10,961] {logging_mixin.py:115} INFO - [2022-12-21 17:09:10,961] {dag.py:2919} INFO - Setting next_dagrun for example_bash_operator to 2022-12-20T00:00:00+00:00, run_after=2022-12-21T00:00:00+00:00
[2022-12-21 17:09:10,973] {processor.py:161} INFO - Processing /home/airflow/.local/lib/python3.7/site-packages/airflow/example_dags/example_bash_operator.py took 0.079 seconds
[2022-12-21 17:09:41,678] {processor.py:153} INFO - Started process (PID=23908) to work on /home/airflow/.local/lib/python3.7/site-packages/airflow/example_dags/example_bash_operator.py
[2022-12-21 17:09:41,678] {processor.py:641} INFO - Processing file /home/airflow/.local/lib/python3.7/site-packages/airflow/example_dags/example_bash_operator.py for tasks to queue
[2022-12-21 17:09:41,679] {logging_mixin.py:115} INFO - [2022-12-21 17:09:41,679] {dagbag.py:507} INFO - Filling up the DagBag from /home/airflow/.local/lib/python3.7/site-packages/airflow/example_dags/example_bash_operator.py
[2022-12-21 17:09:41,688] {processor.py:651} INFO - DAG(s) dict_keys(['example_bash_operator']) retrieved from /home/airflow/.local/lib/python3.7/site-packages/airflow/example_dags/example_bash_operator.py
[2022-12-21 17:09:41,712] {logging_mixin.py:115} INFO - [2022-12-21 17:09:41,712] {dag.py:2371} INFO - Sync 1 DAGs
[2022-12-21 17:09:41,731] {logging_mixin.py:115} INFO - [2022-12-21 17:09:41,731] {dag.py:2919} INFO - Setting next_dagrun for example_bash_operator to 2022-12-20T00:00:00+00:00, run_after=2022-12-21T00:00:00+00:00
[2022-12-21 17:09:41,740] {processor.py:161} INFO - Processing /home/airflow/.local/lib/python3.7/site-packages/airflow/example_dags/example_bash_operator.py took 0.064 seconds
[2022-12-21 17:10:12,410] {processor.py:153} INFO - Started process (PID=23975) to work on /home/airflow/.local/lib/python3.7/site-packages/airflow/example_dags/example_bash_operator.py
[2022-12-21 17:10:12,411] {processor.py:641} INFO - Processing file /home/airflow/.local/lib/python3.7/site-packages/airflow/example_dags/example_bash_operator.py for tasks to queue
[2022-12-21 17:10:12,411] {logging_mixin.py:115} INFO - [2022-12-21 17:10:12,411] {dagbag.py:507} INFO - Filling up the DagBag from /home/airflow/.local/lib/python3.7/site-packages/airflow/example_dags/example_bash_operator.py
[2022-12-21 17:10:12,421] {processor.py:651} INFO - DAG(s) dict_keys(['example_bash_operator']) retrieved from /home/airflow/.local/lib/python3.7/site-packages/airflow/example_dags/example_bash_operator.py
[2022-12-21 17:10:12,440] {logging_mixin.py:115} INFO - [2022-12-21 17:10:12,440] {dag.py:2371} INFO - Sync 1 DAGs
[2022-12-21 17:10:12,458] {logging_mixin.py:115} INFO - [2022-12-21 17:10:12,458] {dag.py:2919} INFO - Setting next_dagrun for example_bash_operator to 2022-12-20T00:00:00+00:00, run_after=2022-12-21T00:00:00+00:00
[2022-12-21 17:10:12,468] {processor.py:161} INFO - Processing /home/airflow/.local/lib/python3.7/site-packages/airflow/example_dags/example_bash_operator.py took 0.060 seconds
[2022-12-21 17:10:42,956] {processor.py:153} INFO - Started process (PID=24042) to work on /home/airflow/.local/lib/python3.7/site-packages/airflow/example_dags/example_bash_operator.py
[2022-12-21 17:10:42,957] {processor.py:641} INFO - Processing file /home/airflow/.local/lib/python3.7/site-packages/airflow/example_dags/example_bash_operator.py for tasks to queue
[2022-12-21 17:10:42,957] {logging_mixin.py:115} INFO - [2022-12-21 17:10:42,957] {dagbag.py:507} INFO - Filling up the DagBag from /home/airflow/.local/lib/python3.7/site-packages/airflow/example_dags/example_bash_operator.py
[2022-12-21 17:10:42,966] {processor.py:651} INFO - DAG(s) dict_keys(['example_bash_operator']) retrieved from /home/airflow/.local/lib/python3.7/site-packages/airflow/example_dags/example_bash_operator.py
[2022-12-21 17:10:42,989] {logging_mixin.py:115} INFO - [2022-12-21 17:10:42,989] {dag.py:2371} INFO - Sync 1 DAGs
[2022-12-21 17:10:43,011] {logging_mixin.py:115} INFO - [2022-12-21 17:10:43,010] {dag.py:2919} INFO - Setting next_dagrun for example_bash_operator to 2022-12-20T00:00:00+00:00, run_after=2022-12-21T00:00:00+00:00
[2022-12-21 17:10:43,021] {processor.py:161} INFO - Processing /home/airflow/.local/lib/python3.7/site-packages/airflow/example_dags/example_bash_operator.py took 0.067 seconds
[2022-12-21 17:11:13,582] {processor.py:153} INFO - Started process (PID=24098) to work on /home/airflow/.local/lib/python3.7/site-packages/airflow/example_dags/example_bash_operator.py
[2022-12-21 17:11:13,583] {processor.py:641} INFO - Processing file /home/airflow/.local/lib/python3.7/site-packages/airflow/example_dags/example_bash_operator.py for tasks to queue
[2022-12-21 17:11:13,584] {logging_mixin.py:115} INFO - [2022-12-21 17:11:13,584] {dagbag.py:507} INFO - Filling up the DagBag from /home/airflow/.local/lib/python3.7/site-packages/airflow/example_dags/example_bash_operator.py
[2022-12-21 17:11:13,597] {processor.py:651} INFO - DAG(s) dict_keys(['example_bash_operator']) retrieved from /home/airflow/.local/lib/python3.7/site-packages/airflow/example_dags/example_bash_operator.py
[2022-12-21 17:11:13,617] {logging_mixin.py:115} INFO - [2022-12-21 17:11:13,617] {dag.py:2371} INFO - Sync 1 DAGs
[2022-12-21 17:11:13,638] {logging_mixin.py:115} INFO - [2022-12-21 17:11:13,638] {dag.py:2919} INFO - Setting next_dagrun for example_bash_operator to 2022-12-20T00:00:00+00:00, run_after=2022-12-21T00:00:00+00:00
[2022-12-21 17:11:13,649] {processor.py:161} INFO - Processing /home/airflow/.local/lib/python3.7/site-packages/airflow/example_dags/example_bash_operator.py took 0.070 seconds
[2022-12-21 17:11:44,192] {processor.py:153} INFO - Started process (PID=24164) to work on /home/airflow/.local/lib/python3.7/site-packages/airflow/example_dags/example_bash_operator.py
[2022-12-21 17:11:44,192] {processor.py:641} INFO - Processing file /home/airflow/.local/lib/python3.7/site-packages/airflow/example_dags/example_bash_operator.py for tasks to queue
[2022-12-21 17:11:44,193] {logging_mixin.py:115} INFO - [2022-12-21 17:11:44,193] {dagbag.py:507} INFO - Filling up the DagBag from /home/airflow/.local/lib/python3.7/site-packages/airflow/example_dags/example_bash_operator.py
[2022-12-21 17:11:44,203] {processor.py:651} INFO - DAG(s) dict_keys(['example_bash_operator']) retrieved from /home/airflow/.local/lib/python3.7/site-packages/airflow/example_dags/example_bash_operator.py
[2022-12-21 17:11:44,225] {logging_mixin.py:115} INFO - [2022-12-21 17:11:44,225] {dag.py:2371} INFO - Sync 1 DAGs
[2022-12-21 17:11:44,242] {logging_mixin.py:115} INFO - [2022-12-21 17:11:44,242] {dag.py:2919} INFO - Setting next_dagrun for example_bash_operator to 2022-12-20T00:00:00+00:00, run_after=2022-12-21T00:00:00+00:00
[2022-12-21 17:11:44,252] {processor.py:161} INFO - Processing /home/airflow/.local/lib/python3.7/site-packages/airflow/example_dags/example_bash_operator.py took 0.062 seconds
[2022-12-21 17:12:14,812] {processor.py:153} INFO - Started process (PID=24230) to work on /home/airflow/.local/lib/python3.7/site-packages/airflow/example_dags/example_bash_operator.py
[2022-12-21 17:12:14,813] {processor.py:641} INFO - Processing file /home/airflow/.local/lib/python3.7/site-packages/airflow/example_dags/example_bash_operator.py for tasks to queue
[2022-12-21 17:12:14,813] {logging_mixin.py:115} INFO - [2022-12-21 17:12:14,813] {dagbag.py:507} INFO - Filling up the DagBag from /home/airflow/.local/lib/python3.7/site-packages/airflow/example_dags/example_bash_operator.py
[2022-12-21 17:12:14,823] {processor.py:651} INFO - DAG(s) dict_keys(['example_bash_operator']) retrieved from /home/airflow/.local/lib/python3.7/site-packages/airflow/example_dags/example_bash_operator.py
[2022-12-21 17:12:14,843] {logging_mixin.py:115} INFO - [2022-12-21 17:12:14,843] {dag.py:2371} INFO - Sync 1 DAGs
[2022-12-21 17:12:14,860] {logging_mixin.py:115} INFO - [2022-12-21 17:12:14,860] {dag.py:2919} INFO - Setting next_dagrun for example_bash_operator to 2022-12-20T00:00:00+00:00, run_after=2022-12-21T00:00:00+00:00
[2022-12-21 17:12:14,870] {processor.py:161} INFO - Processing /home/airflow/.local/lib/python3.7/site-packages/airflow/example_dags/example_bash_operator.py took 0.062 seconds
[2022-12-21 17:12:45,338] {processor.py:153} INFO - Started process (PID=24297) to work on /home/airflow/.local/lib/python3.7/site-packages/airflow/example_dags/example_bash_operator.py
[2022-12-21 17:12:45,338] {processor.py:641} INFO - Processing file /home/airflow/.local/lib/python3.7/site-packages/airflow/example_dags/example_bash_operator.py for tasks to queue
[2022-12-21 17:12:45,339] {logging_mixin.py:115} INFO - [2022-12-21 17:12:45,339] {dagbag.py:507} INFO - Filling up the DagBag from /home/airflow/.local/lib/python3.7/site-packages/airflow/example_dags/example_bash_operator.py
[2022-12-21 17:12:45,347] {processor.py:651} INFO - DAG(s) dict_keys(['example_bash_operator']) retrieved from /home/airflow/.local/lib/python3.7/site-packages/airflow/example_dags/example_bash_operator.py
[2022-12-21 17:12:45,368] {logging_mixin.py:115} INFO - [2022-12-21 17:12:45,368] {dag.py:2371} INFO - Sync 1 DAGs
[2022-12-21 17:12:45,386] {logging_mixin.py:115} INFO - [2022-12-21 17:12:45,386] {dag.py:2919} INFO - Setting next_dagrun for example_bash_operator to 2022-12-20T00:00:00+00:00, run_after=2022-12-21T00:00:00+00:00
[2022-12-21 17:12:45,396] {processor.py:161} INFO - Processing /home/airflow/.local/lib/python3.7/site-packages/airflow/example_dags/example_bash_operator.py took 0.060 seconds
[2022-12-21 17:13:15,804] {processor.py:153} INFO - Started process (PID=24353) to work on /home/airflow/.local/lib/python3.7/site-packages/airflow/example_dags/example_bash_operator.py
[2022-12-21 17:13:15,805] {processor.py:641} INFO - Processing file /home/airflow/.local/lib/python3.7/site-packages/airflow/example_dags/example_bash_operator.py for tasks to queue
[2022-12-21 17:13:15,805] {logging_mixin.py:115} INFO - [2022-12-21 17:13:15,805] {dagbag.py:507} INFO - Filling up the DagBag from /home/airflow/.local/lib/python3.7/site-packages/airflow/example_dags/example_bash_operator.py
[2022-12-21 17:13:15,815] {processor.py:651} INFO - DAG(s) dict_keys(['example_bash_operator']) retrieved from /home/airflow/.local/lib/python3.7/site-packages/airflow/example_dags/example_bash_operator.py
[2022-12-21 17:13:15,834] {logging_mixin.py:115} INFO - [2022-12-21 17:13:15,834] {dag.py:2371} INFO - Sync 1 DAGs
[2022-12-21 17:13:15,853] {logging_mixin.py:115} INFO - [2022-12-21 17:13:15,853] {dag.py:2919} INFO - Setting next_dagrun for example_bash_operator to 2022-12-20T00:00:00+00:00, run_after=2022-12-21T00:00:00+00:00
[2022-12-21 17:13:15,863] {processor.py:161} INFO - Processing /home/airflow/.local/lib/python3.7/site-packages/airflow/example_dags/example_bash_operator.py took 0.062 seconds
[2022-12-21 17:13:46,428] {processor.py:153} INFO - Started process (PID=24419) to work on /home/airflow/.local/lib/python3.7/site-packages/airflow/example_dags/example_bash_operator.py
[2022-12-21 17:13:46,429] {processor.py:641} INFO - Processing file /home/airflow/.local/lib/python3.7/site-packages/airflow/example_dags/example_bash_operator.py for tasks to queue
[2022-12-21 17:13:46,429] {logging_mixin.py:115} INFO - [2022-12-21 17:13:46,429] {dagbag.py:507} INFO - Filling up the DagBag from /home/airflow/.local/lib/python3.7/site-packages/airflow/example_dags/example_bash_operator.py
[2022-12-21 17:13:46,438] {processor.py:651} INFO - DAG(s) dict_keys(['example_bash_operator']) retrieved from /home/airflow/.local/lib/python3.7/site-packages/airflow/example_dags/example_bash_operator.py
[2022-12-21 17:13:46,458] {logging_mixin.py:115} INFO - [2022-12-21 17:13:46,458] {dag.py:2371} INFO - Sync 1 DAGs
[2022-12-21 17:13:46,475] {logging_mixin.py:115} INFO - [2022-12-21 17:13:46,475] {dag.py:2919} INFO - Setting next_dagrun for example_bash_operator to 2022-12-20T00:00:00+00:00, run_after=2022-12-21T00:00:00+00:00
[2022-12-21 17:13:46,486] {processor.py:161} INFO - Processing /home/airflow/.local/lib/python3.7/site-packages/airflow/example_dags/example_bash_operator.py took 0.060 seconds
[2022-12-21 17:14:17,080] {processor.py:153} INFO - Started process (PID=24486) to work on /home/airflow/.local/lib/python3.7/site-packages/airflow/example_dags/example_bash_operator.py
[2022-12-21 17:14:17,081] {processor.py:641} INFO - Processing file /home/airflow/.local/lib/python3.7/site-packages/airflow/example_dags/example_bash_operator.py for tasks to queue
[2022-12-21 17:14:17,081] {logging_mixin.py:115} INFO - [2022-12-21 17:14:17,081] {dagbag.py:507} INFO - Filling up the DagBag from /home/airflow/.local/lib/python3.7/site-packages/airflow/example_dags/example_bash_operator.py
[2022-12-21 17:14:17,089] {processor.py:651} INFO - DAG(s) dict_keys(['example_bash_operator']) retrieved from /home/airflow/.local/lib/python3.7/site-packages/airflow/example_dags/example_bash_operator.py
[2022-12-21 17:14:17,111] {logging_mixin.py:115} INFO - [2022-12-21 17:14:17,111] {dag.py:2371} INFO - Sync 1 DAGs
[2022-12-21 17:14:17,131] {logging_mixin.py:115} INFO - [2022-12-21 17:14:17,130] {dag.py:2919} INFO - Setting next_dagrun for example_bash_operator to 2022-12-20T00:00:00+00:00, run_after=2022-12-21T00:00:00+00:00
[2022-12-21 17:14:17,139] {processor.py:161} INFO - Processing /home/airflow/.local/lib/python3.7/site-packages/airflow/example_dags/example_bash_operator.py took 0.062 seconds
[2022-12-21 17:14:47,898] {processor.py:153} INFO - Started process (PID=24552) to work on /home/airflow/.local/lib/python3.7/site-packages/airflow/example_dags/example_bash_operator.py
[2022-12-21 17:14:47,898] {processor.py:641} INFO - Processing file /home/airflow/.local/lib/python3.7/site-packages/airflow/example_dags/example_bash_operator.py for tasks to queue
[2022-12-21 17:14:47,899] {logging_mixin.py:115} INFO - [2022-12-21 17:14:47,899] {dagbag.py:507} INFO - Filling up the DagBag from /home/airflow/.local/lib/python3.7/site-packages/airflow/example_dags/example_bash_operator.py
[2022-12-21 17:14:47,908] {processor.py:651} INFO - DAG(s) dict_keys(['example_bash_operator']) retrieved from /home/airflow/.local/lib/python3.7/site-packages/airflow/example_dags/example_bash_operator.py
[2022-12-21 17:14:47,930] {logging_mixin.py:115} INFO - [2022-12-21 17:14:47,930] {dag.py:2371} INFO - Sync 1 DAGs
[2022-12-21 17:14:47,951] {logging_mixin.py:115} INFO - [2022-12-21 17:14:47,951] {dag.py:2919} INFO - Setting next_dagrun for example_bash_operator to 2022-12-20T00:00:00+00:00, run_after=2022-12-21T00:00:00+00:00
[2022-12-21 17:14:47,961] {processor.py:161} INFO - Processing /home/airflow/.local/lib/python3.7/site-packages/airflow/example_dags/example_bash_operator.py took 0.066 seconds
[2022-12-21 17:15:18,461] {processor.py:153} INFO - Started process (PID=24608) to work on /home/airflow/.local/lib/python3.7/site-packages/airflow/example_dags/example_bash_operator.py
[2022-12-21 17:15:18,462] {processor.py:641} INFO - Processing file /home/airflow/.local/lib/python3.7/site-packages/airflow/example_dags/example_bash_operator.py for tasks to queue
[2022-12-21 17:15:18,462] {logging_mixin.py:115} INFO - [2022-12-21 17:15:18,462] {dagbag.py:507} INFO - Filling up the DagBag from /home/airflow/.local/lib/python3.7/site-packages/airflow/example_dags/example_bash_operator.py
[2022-12-21 17:15:18,472] {processor.py:651} INFO - DAG(s) dict_keys(['example_bash_operator']) retrieved from /home/airflow/.local/lib/python3.7/site-packages/airflow/example_dags/example_bash_operator.py
[2022-12-21 17:15:18,494] {logging_mixin.py:115} INFO - [2022-12-21 17:15:18,494] {dag.py:2371} INFO - Sync 1 DAGs
[2022-12-21 17:15:18,516] {logging_mixin.py:115} INFO - [2022-12-21 17:15:18,516] {dag.py:2919} INFO - Setting next_dagrun for example_bash_operator to 2022-12-20T00:00:00+00:00, run_after=2022-12-21T00:00:00+00:00
[2022-12-21 17:15:18,525] {processor.py:161} INFO - Processing /home/airflow/.local/lib/python3.7/site-packages/airflow/example_dags/example_bash_operator.py took 0.067 seconds
[2022-12-21 17:15:49,088] {processor.py:153} INFO - Started process (PID=24674) to work on /home/airflow/.local/lib/python3.7/site-packages/airflow/example_dags/example_bash_operator.py
[2022-12-21 17:15:49,088] {processor.py:641} INFO - Processing file /home/airflow/.local/lib/python3.7/site-packages/airflow/example_dags/example_bash_operator.py for tasks to queue
[2022-12-21 17:15:49,089] {logging_mixin.py:115} INFO - [2022-12-21 17:15:49,089] {dagbag.py:507} INFO - Filling up the DagBag from /home/airflow/.local/lib/python3.7/site-packages/airflow/example_dags/example_bash_operator.py
[2022-12-21 17:15:49,098] {processor.py:651} INFO - DAG(s) dict_keys(['example_bash_operator']) retrieved from /home/airflow/.local/lib/python3.7/site-packages/airflow/example_dags/example_bash_operator.py
[2022-12-21 17:15:49,119] {logging_mixin.py:115} INFO - [2022-12-21 17:15:49,119] {dag.py:2371} INFO - Sync 1 DAGs
[2022-12-21 17:15:49,137] {logging_mixin.py:115} INFO - [2022-12-21 17:15:49,137] {dag.py:2919} INFO - Setting next_dagrun for example_bash_operator to 2022-12-20T00:00:00+00:00, run_after=2022-12-21T00:00:00+00:00
[2022-12-21 17:15:49,147] {processor.py:161} INFO - Processing /home/airflow/.local/lib/python3.7/site-packages/airflow/example_dags/example_bash_operator.py took 0.062 seconds
[2022-12-21 17:16:19,824] {processor.py:153} INFO - Started process (PID=24740) to work on /home/airflow/.local/lib/python3.7/site-packages/airflow/example_dags/example_bash_operator.py
[2022-12-21 17:16:19,825] {processor.py:641} INFO - Processing file /home/airflow/.local/lib/python3.7/site-packages/airflow/example_dags/example_bash_operator.py for tasks to queue
[2022-12-21 17:16:19,825] {logging_mixin.py:115} INFO - [2022-12-21 17:16:19,825] {dagbag.py:507} INFO - Filling up the DagBag from /home/airflow/.local/lib/python3.7/site-packages/airflow/example_dags/example_bash_operator.py
[2022-12-21 17:16:19,836] {processor.py:651} INFO - DAG(s) dict_keys(['example_bash_operator']) retrieved from /home/airflow/.local/lib/python3.7/site-packages/airflow/example_dags/example_bash_operator.py
[2022-12-21 17:16:19,855] {logging_mixin.py:115} INFO - [2022-12-21 17:16:19,855] {dag.py:2371} INFO - Sync 1 DAGs
[2022-12-21 17:16:19,873] {logging_mixin.py:115} INFO - [2022-12-21 17:16:19,873] {dag.py:2919} INFO - Setting next_dagrun for example_bash_operator to 2022-12-20T00:00:00+00:00, run_after=2022-12-21T00:00:00+00:00
[2022-12-21 17:16:19,883] {processor.py:161} INFO - Processing /home/airflow/.local/lib/python3.7/site-packages/airflow/example_dags/example_bash_operator.py took 0.062 seconds
[2022-12-21 17:16:50,475] {processor.py:153} INFO - Started process (PID=24807) to work on /home/airflow/.local/lib/python3.7/site-packages/airflow/example_dags/example_bash_operator.py
[2022-12-21 17:16:50,476] {processor.py:641} INFO - Processing file /home/airflow/.local/lib/python3.7/site-packages/airflow/example_dags/example_bash_operator.py for tasks to queue
[2022-12-21 17:16:50,476] {logging_mixin.py:115} INFO - [2022-12-21 17:16:50,476] {dagbag.py:507} INFO - Filling up the DagBag from /home/airflow/.local/lib/python3.7/site-packages/airflow/example_dags/example_bash_operator.py
[2022-12-21 17:16:50,484] {processor.py:651} INFO - DAG(s) dict_keys(['example_bash_operator']) retrieved from /home/airflow/.local/lib/python3.7/site-packages/airflow/example_dags/example_bash_operator.py
[2022-12-21 17:16:50,504] {logging_mixin.py:115} INFO - [2022-12-21 17:16:50,504] {dag.py:2371} INFO - Sync 1 DAGs
[2022-12-21 17:16:50,521] {logging_mixin.py:115} INFO - [2022-12-21 17:16:50,520] {dag.py:2919} INFO - Setting next_dagrun for example_bash_operator to 2022-12-20T00:00:00+00:00, run_after=2022-12-21T00:00:00+00:00
[2022-12-21 17:16:50,530] {processor.py:161} INFO - Processing /home/airflow/.local/lib/python3.7/site-packages/airflow/example_dags/example_bash_operator.py took 0.057 seconds
[2022-12-21 17:17:21,136] {processor.py:153} INFO - Started process (PID=24863) to work on /home/airflow/.local/lib/python3.7/site-packages/airflow/example_dags/example_bash_operator.py
[2022-12-21 17:17:21,137] {processor.py:641} INFO - Processing file /home/airflow/.local/lib/python3.7/site-packages/airflow/example_dags/example_bash_operator.py for tasks to queue
[2022-12-21 17:17:21,137] {logging_mixin.py:115} INFO - [2022-12-21 17:17:21,137] {dagbag.py:507} INFO - Filling up the DagBag from /home/airflow/.local/lib/python3.7/site-packages/airflow/example_dags/example_bash_operator.py
[2022-12-21 17:17:21,146] {processor.py:651} INFO - DAG(s) dict_keys(['example_bash_operator']) retrieved from /home/airflow/.local/lib/python3.7/site-packages/airflow/example_dags/example_bash_operator.py
[2022-12-21 17:17:21,165] {logging_mixin.py:115} INFO - [2022-12-21 17:17:21,165] {dag.py:2371} INFO - Sync 1 DAGs
[2022-12-21 17:17:21,181] {logging_mixin.py:115} INFO - [2022-12-21 17:17:21,181] {dag.py:2919} INFO - Setting next_dagrun for example_bash_operator to 2022-12-20T00:00:00+00:00, run_after=2022-12-21T00:00:00+00:00
[2022-12-21 17:17:21,190] {processor.py:161} INFO - Processing /home/airflow/.local/lib/python3.7/site-packages/airflow/example_dags/example_bash_operator.py took 0.057 seconds
[2022-12-21 17:17:51,703] {processor.py:153} INFO - Started process (PID=24930) to work on /home/airflow/.local/lib/python3.7/site-packages/airflow/example_dags/example_bash_operator.py
[2022-12-21 17:17:51,704] {processor.py:641} INFO - Processing file /home/airflow/.local/lib/python3.7/site-packages/airflow/example_dags/example_bash_operator.py for tasks to queue
[2022-12-21 17:17:51,704] {logging_mixin.py:115} INFO - [2022-12-21 17:17:51,704] {dagbag.py:507} INFO - Filling up the DagBag from /home/airflow/.local/lib/python3.7/site-packages/airflow/example_dags/example_bash_operator.py
[2022-12-21 17:17:51,713] {processor.py:651} INFO - DAG(s) dict_keys(['example_bash_operator']) retrieved from /home/airflow/.local/lib/python3.7/site-packages/airflow/example_dags/example_bash_operator.py
[2022-12-21 17:17:51,735] {logging_mixin.py:115} INFO - [2022-12-21 17:17:51,735] {dag.py:2371} INFO - Sync 1 DAGs
[2022-12-21 17:17:51,756] {logging_mixin.py:115} INFO - [2022-12-21 17:17:51,756] {dag.py:2919} INFO - Setting next_dagrun for example_bash_operator to 2022-12-20T00:00:00+00:00, run_after=2022-12-21T00:00:00+00:00
[2022-12-21 17:17:51,767] {processor.py:161} INFO - Processing /home/airflow/.local/lib/python3.7/site-packages/airflow/example_dags/example_bash_operator.py took 0.066 seconds
[2022-12-21 17:18:22,548] {processor.py:153} INFO - Started process (PID=25000) to work on /home/airflow/.local/lib/python3.7/site-packages/airflow/example_dags/example_bash_operator.py
[2022-12-21 17:18:22,549] {processor.py:641} INFO - Processing file /home/airflow/.local/lib/python3.7/site-packages/airflow/example_dags/example_bash_operator.py for tasks to queue
[2022-12-21 17:18:22,549] {logging_mixin.py:115} INFO - [2022-12-21 17:18:22,549] {dagbag.py:507} INFO - Filling up the DagBag from /home/airflow/.local/lib/python3.7/site-packages/airflow/example_dags/example_bash_operator.py
[2022-12-21 17:18:22,560] {processor.py:651} INFO - DAG(s) dict_keys(['example_bash_operator']) retrieved from /home/airflow/.local/lib/python3.7/site-packages/airflow/example_dags/example_bash_operator.py
[2022-12-21 17:18:22,586] {logging_mixin.py:115} INFO - [2022-12-21 17:18:22,585] {dag.py:2371} INFO - Sync 1 DAGs
[2022-12-21 17:18:22,607] {logging_mixin.py:115} INFO - [2022-12-21 17:18:22,606] {dag.py:2919} INFO - Setting next_dagrun for example_bash_operator to 2022-12-20T00:00:00+00:00, run_after=2022-12-21T00:00:00+00:00
[2022-12-21 17:18:22,618] {processor.py:161} INFO - Processing /home/airflow/.local/lib/python3.7/site-packages/airflow/example_dags/example_bash_operator.py took 0.072 seconds
[2022-12-21 17:18:53,268] {processor.py:153} INFO - Started process (PID=25067) to work on /home/airflow/.local/lib/python3.7/site-packages/airflow/example_dags/example_bash_operator.py
[2022-12-21 17:18:53,270] {processor.py:641} INFO - Processing file /home/airflow/.local/lib/python3.7/site-packages/airflow/example_dags/example_bash_operator.py for tasks to queue
[2022-12-21 17:18:53,270] {logging_mixin.py:115} INFO - [2022-12-21 17:18:53,270] {dagbag.py:507} INFO - Filling up the DagBag from /home/airflow/.local/lib/python3.7/site-packages/airflow/example_dags/example_bash_operator.py
[2022-12-21 17:18:53,281] {processor.py:651} INFO - DAG(s) dict_keys(['example_bash_operator']) retrieved from /home/airflow/.local/lib/python3.7/site-packages/airflow/example_dags/example_bash_operator.py
[2022-12-21 17:18:53,411] {logging_mixin.py:115} INFO - [2022-12-21 17:18:53,411] {dag.py:2371} INFO - Sync 1 DAGs
[2022-12-21 17:18:53,432] {logging_mixin.py:115} INFO - [2022-12-21 17:18:53,432] {dag.py:2919} INFO - Setting next_dagrun for example_bash_operator to 2022-12-20T00:00:00+00:00, run_after=2022-12-21T00:00:00+00:00
[2022-12-21 17:18:53,443] {processor.py:161} INFO - Processing /home/airflow/.local/lib/python3.7/site-packages/airflow/example_dags/example_bash_operator.py took 0.178 seconds
[2022-12-21 17:19:24,030] {processor.py:153} INFO - Started process (PID=25126) to work on /home/airflow/.local/lib/python3.7/site-packages/airflow/example_dags/example_bash_operator.py
[2022-12-21 17:19:24,031] {processor.py:641} INFO - Processing file /home/airflow/.local/lib/python3.7/site-packages/airflow/example_dags/example_bash_operator.py for tasks to queue
[2022-12-21 17:19:24,031] {logging_mixin.py:115} INFO - [2022-12-21 17:19:24,031] {dagbag.py:507} INFO - Filling up the DagBag from /home/airflow/.local/lib/python3.7/site-packages/airflow/example_dags/example_bash_operator.py
[2022-12-21 17:19:24,039] {processor.py:651} INFO - DAG(s) dict_keys(['example_bash_operator']) retrieved from /home/airflow/.local/lib/python3.7/site-packages/airflow/example_dags/example_bash_operator.py
[2022-12-21 17:19:24,058] {logging_mixin.py:115} INFO - [2022-12-21 17:19:24,058] {dag.py:2371} INFO - Sync 1 DAGs
[2022-12-21 17:19:24,080] {logging_mixin.py:115} INFO - [2022-12-21 17:19:24,080] {dag.py:2919} INFO - Setting next_dagrun for example_bash_operator to 2022-12-20T00:00:00+00:00, run_after=2022-12-21T00:00:00+00:00
[2022-12-21 17:19:24,092] {processor.py:161} INFO - Processing /home/airflow/.local/lib/python3.7/site-packages/airflow/example_dags/example_bash_operator.py took 0.064 seconds
[2022-12-21 17:19:54,719] {processor.py:153} INFO - Started process (PID=25194) to work on /home/airflow/.local/lib/python3.7/site-packages/airflow/example_dags/example_bash_operator.py
[2022-12-21 17:19:54,720] {processor.py:641} INFO - Processing file /home/airflow/.local/lib/python3.7/site-packages/airflow/example_dags/example_bash_operator.py for tasks to queue
[2022-12-21 17:19:54,721] {logging_mixin.py:115} INFO - [2022-12-21 17:19:54,720] {dagbag.py:507} INFO - Filling up the DagBag from /home/airflow/.local/lib/python3.7/site-packages/airflow/example_dags/example_bash_operator.py
[2022-12-21 17:19:54,733] {processor.py:651} INFO - DAG(s) dict_keys(['example_bash_operator']) retrieved from /home/airflow/.local/lib/python3.7/site-packages/airflow/example_dags/example_bash_operator.py
[2022-12-21 17:19:54,754] {logging_mixin.py:115} INFO - [2022-12-21 17:19:54,754] {dag.py:2371} INFO - Sync 1 DAGs
[2022-12-21 17:19:54,772] {logging_mixin.py:115} INFO - [2022-12-21 17:19:54,772] {dag.py:2919} INFO - Setting next_dagrun for example_bash_operator to 2022-12-20T00:00:00+00:00, run_after=2022-12-21T00:00:00+00:00
[2022-12-21 17:19:54,783] {processor.py:161} INFO - Processing /home/airflow/.local/lib/python3.7/site-packages/airflow/example_dags/example_bash_operator.py took 0.067 seconds
[2022-12-21 17:20:25,383] {processor.py:153} INFO - Started process (PID=25260) to work on /home/airflow/.local/lib/python3.7/site-packages/airflow/example_dags/example_bash_operator.py
[2022-12-21 17:20:25,383] {processor.py:641} INFO - Processing file /home/airflow/.local/lib/python3.7/site-packages/airflow/example_dags/example_bash_operator.py for tasks to queue
[2022-12-21 17:20:25,383] {logging_mixin.py:115} INFO - [2022-12-21 17:20:25,383] {dagbag.py:507} INFO - Filling up the DagBag from /home/airflow/.local/lib/python3.7/site-packages/airflow/example_dags/example_bash_operator.py
[2022-12-21 17:20:25,393] {processor.py:651} INFO - DAG(s) dict_keys(['example_bash_operator']) retrieved from /home/airflow/.local/lib/python3.7/site-packages/airflow/example_dags/example_bash_operator.py
[2022-12-21 17:20:25,414] {logging_mixin.py:115} INFO - [2022-12-21 17:20:25,414] {dag.py:2371} INFO - Sync 1 DAGs
[2022-12-21 17:20:25,432] {logging_mixin.py:115} INFO - [2022-12-21 17:20:25,432] {dag.py:2919} INFO - Setting next_dagrun for example_bash_operator to 2022-12-20T00:00:00+00:00, run_after=2022-12-21T00:00:00+00:00
[2022-12-21 17:20:25,441] {processor.py:161} INFO - Processing /home/airflow/.local/lib/python3.7/site-packages/airflow/example_dags/example_bash_operator.py took 0.061 seconds
[2022-12-21 17:20:56,203] {processor.py:153} INFO - Started process (PID=25328) to work on /home/airflow/.local/lib/python3.7/site-packages/airflow/example_dags/example_bash_operator.py
[2022-12-21 17:20:56,204] {processor.py:641} INFO - Processing file /home/airflow/.local/lib/python3.7/site-packages/airflow/example_dags/example_bash_operator.py for tasks to queue
[2022-12-21 17:20:56,204] {logging_mixin.py:115} INFO - [2022-12-21 17:20:56,204] {dagbag.py:507} INFO - Filling up the DagBag from /home/airflow/.local/lib/python3.7/site-packages/airflow/example_dags/example_bash_operator.py
[2022-12-21 17:20:56,214] {processor.py:651} INFO - DAG(s) dict_keys(['example_bash_operator']) retrieved from /home/airflow/.local/lib/python3.7/site-packages/airflow/example_dags/example_bash_operator.py
[2022-12-21 17:20:56,234] {logging_mixin.py:115} INFO - [2022-12-21 17:20:56,234] {dag.py:2371} INFO - Sync 1 DAGs
[2022-12-21 17:20:56,254] {logging_mixin.py:115} INFO - [2022-12-21 17:20:56,254] {dag.py:2919} INFO - Setting next_dagrun for example_bash_operator to 2022-12-20T00:00:00+00:00, run_after=2022-12-21T00:00:00+00:00
[2022-12-21 17:20:56,266] {processor.py:161} INFO - Processing /home/airflow/.local/lib/python3.7/site-packages/airflow/example_dags/example_bash_operator.py took 0.065 seconds
[2022-12-21 17:21:26,681] {processor.py:153} INFO - Started process (PID=25384) to work on /home/airflow/.local/lib/python3.7/site-packages/airflow/example_dags/example_bash_operator.py
[2022-12-21 17:21:26,682] {processor.py:641} INFO - Processing file /home/airflow/.local/lib/python3.7/site-packages/airflow/example_dags/example_bash_operator.py for tasks to queue
[2022-12-21 17:21:26,682] {logging_mixin.py:115} INFO - [2022-12-21 17:21:26,682] {dagbag.py:507} INFO - Filling up the DagBag from /home/airflow/.local/lib/python3.7/site-packages/airflow/example_dags/example_bash_operator.py
[2022-12-21 17:21:26,692] {processor.py:651} INFO - DAG(s) dict_keys(['example_bash_operator']) retrieved from /home/airflow/.local/lib/python3.7/site-packages/airflow/example_dags/example_bash_operator.py
[2022-12-21 17:21:26,712] {logging_mixin.py:115} INFO - [2022-12-21 17:21:26,712] {dag.py:2371} INFO - Sync 1 DAGs
[2022-12-21 17:21:26,730] {logging_mixin.py:115} INFO - [2022-12-21 17:21:26,730] {dag.py:2919} INFO - Setting next_dagrun for example_bash_operator to 2022-12-20T00:00:00+00:00, run_after=2022-12-21T00:00:00+00:00
[2022-12-21 17:21:26,740] {processor.py:161} INFO - Processing /home/airflow/.local/lib/python3.7/site-packages/airflow/example_dags/example_bash_operator.py took 0.061 seconds
[2022-12-21 17:21:57,155] {processor.py:153} INFO - Started process (PID=25450) to work on /home/airflow/.local/lib/python3.7/site-packages/airflow/example_dags/example_bash_operator.py
[2022-12-21 17:21:57,155] {processor.py:641} INFO - Processing file /home/airflow/.local/lib/python3.7/site-packages/airflow/example_dags/example_bash_operator.py for tasks to queue
[2022-12-21 17:21:57,155] {logging_mixin.py:115} INFO - [2022-12-21 17:21:57,155] {dagbag.py:507} INFO - Filling up the DagBag from /home/airflow/.local/lib/python3.7/site-packages/airflow/example_dags/example_bash_operator.py
[2022-12-21 17:21:57,164] {processor.py:651} INFO - DAG(s) dict_keys(['example_bash_operator']) retrieved from /home/airflow/.local/lib/python3.7/site-packages/airflow/example_dags/example_bash_operator.py
[2022-12-21 17:21:57,184] {logging_mixin.py:115} INFO - [2022-12-21 17:21:57,184] {dag.py:2371} INFO - Sync 1 DAGs
[2022-12-21 17:21:57,203] {logging_mixin.py:115} INFO - [2022-12-21 17:21:57,203] {dag.py:2919} INFO - Setting next_dagrun for example_bash_operator to 2022-12-20T00:00:00+00:00, run_after=2022-12-21T00:00:00+00:00
[2022-12-21 17:21:57,213] {processor.py:161} INFO - Processing /home/airflow/.local/lib/python3.7/site-packages/airflow/example_dags/example_bash_operator.py took 0.061 seconds
[2022-12-21 17:22:27,698] {processor.py:153} INFO - Started process (PID=25518) to work on /home/airflow/.local/lib/python3.7/site-packages/airflow/example_dags/example_bash_operator.py
[2022-12-21 17:22:27,698] {processor.py:641} INFO - Processing file /home/airflow/.local/lib/python3.7/site-packages/airflow/example_dags/example_bash_operator.py for tasks to queue
[2022-12-21 17:22:27,699] {logging_mixin.py:115} INFO - [2022-12-21 17:22:27,699] {dagbag.py:507} INFO - Filling up the DagBag from /home/airflow/.local/lib/python3.7/site-packages/airflow/example_dags/example_bash_operator.py
[2022-12-21 17:22:27,710] {processor.py:651} INFO - DAG(s) dict_keys(['example_bash_operator']) retrieved from /home/airflow/.local/lib/python3.7/site-packages/airflow/example_dags/example_bash_operator.py
[2022-12-21 17:22:27,730] {logging_mixin.py:115} INFO - [2022-12-21 17:22:27,730] {dag.py:2371} INFO - Sync 1 DAGs
[2022-12-21 17:22:27,749] {logging_mixin.py:115} INFO - [2022-12-21 17:22:27,749] {dag.py:2919} INFO - Setting next_dagrun for example_bash_operator to 2022-12-20T00:00:00+00:00, run_after=2022-12-21T00:00:00+00:00
[2022-12-21 17:22:27,759] {processor.py:161} INFO - Processing /home/airflow/.local/lib/python3.7/site-packages/airflow/example_dags/example_bash_operator.py took 0.064 seconds
[2022-12-21 17:22:57,911] {processor.py:153} INFO - Started process (PID=25575) to work on /home/airflow/.local/lib/python3.7/site-packages/airflow/example_dags/example_bash_operator.py
[2022-12-21 17:22:57,912] {processor.py:641} INFO - Processing file /home/airflow/.local/lib/python3.7/site-packages/airflow/example_dags/example_bash_operator.py for tasks to queue
[2022-12-21 17:22:57,913] {logging_mixin.py:115} INFO - [2022-12-21 17:22:57,912] {dagbag.py:507} INFO - Filling up the DagBag from /home/airflow/.local/lib/python3.7/site-packages/airflow/example_dags/example_bash_operator.py
[2022-12-21 17:22:57,926] {processor.py:651} INFO - DAG(s) dict_keys(['example_bash_operator']) retrieved from /home/airflow/.local/lib/python3.7/site-packages/airflow/example_dags/example_bash_operator.py
[2022-12-21 17:22:57,948] {logging_mixin.py:115} INFO - [2022-12-21 17:22:57,948] {dag.py:2371} INFO - Sync 1 DAGs
[2022-12-21 17:22:57,967] {logging_mixin.py:115} INFO - [2022-12-21 17:22:57,967] {dag.py:2919} INFO - Setting next_dagrun for example_bash_operator to 2022-12-20T00:00:00+00:00, run_after=2022-12-21T00:00:00+00:00
[2022-12-21 17:22:57,976] {processor.py:161} INFO - Processing /home/airflow/.local/lib/python3.7/site-packages/airflow/example_dags/example_bash_operator.py took 0.068 seconds
[2022-12-21 17:23:28,872] {processor.py:153} INFO - Started process (PID=25642) to work on /home/airflow/.local/lib/python3.7/site-packages/airflow/example_dags/example_bash_operator.py
[2022-12-21 17:23:28,873] {processor.py:641} INFO - Processing file /home/airflow/.local/lib/python3.7/site-packages/airflow/example_dags/example_bash_operator.py for tasks to queue
[2022-12-21 17:23:28,873] {logging_mixin.py:115} INFO - [2022-12-21 17:23:28,873] {dagbag.py:507} INFO - Filling up the DagBag from /home/airflow/.local/lib/python3.7/site-packages/airflow/example_dags/example_bash_operator.py
[2022-12-21 17:23:28,882] {processor.py:651} INFO - DAG(s) dict_keys(['example_bash_operator']) retrieved from /home/airflow/.local/lib/python3.7/site-packages/airflow/example_dags/example_bash_operator.py
[2022-12-21 17:23:28,903] {logging_mixin.py:115} INFO - [2022-12-21 17:23:28,903] {dag.py:2371} INFO - Sync 1 DAGs
[2022-12-21 17:23:28,921] {logging_mixin.py:115} INFO - [2022-12-21 17:23:28,921] {dag.py:2919} INFO - Setting next_dagrun for example_bash_operator to 2022-12-20T00:00:00+00:00, run_after=2022-12-21T00:00:00+00:00
[2022-12-21 17:23:28,931] {processor.py:161} INFO - Processing /home/airflow/.local/lib/python3.7/site-packages/airflow/example_dags/example_bash_operator.py took 0.061 seconds
