[2022-12-21 16:55:24,504] {processor.py:153} INFO - Started process (PID=22111) to work on /home/airflow/.local/lib/python3.7/site-packages/airflow/example_dags/example_python_operator.py
[2022-12-21 16:55:24,505] {processor.py:641} INFO - Processing file /home/airflow/.local/lib/python3.7/site-packages/airflow/example_dags/example_python_operator.py for tasks to queue
[2022-12-21 16:55:24,505] {logging_mixin.py:115} INFO - [2022-12-21 16:55:24,505] {dagbag.py:507} INFO - Filling up the DagBag from /home/airflow/.local/lib/python3.7/site-packages/airflow/example_dags/example_python_operator.py
[2022-12-21 16:55:24,519] {processor.py:651} INFO - DAG(s) dict_keys(['example_python_operator']) retrieved from /home/airflow/.local/lib/python3.7/site-packages/airflow/example_dags/example_python_operator.py
[2022-12-21 16:55:24,542] {logging_mixin.py:115} INFO - [2022-12-21 16:55:24,542] {dag.py:2371} INFO - Sync 1 DAGs
[2022-12-21 16:55:24,560] {logging_mixin.py:115} INFO - [2022-12-21 16:55:24,560] {dag.py:2919} INFO - Setting next_dagrun for example_python_operator to None, run_after=None
[2022-12-21 16:55:24,571] {processor.py:161} INFO - Processing /home/airflow/.local/lib/python3.7/site-packages/airflow/example_dags/example_python_operator.py took 0.069 seconds
[2022-12-21 16:55:54,983] {processor.py:153} INFO - Started process (PID=22177) to work on /home/airflow/.local/lib/python3.7/site-packages/airflow/example_dags/example_python_operator.py
[2022-12-21 16:55:54,984] {processor.py:641} INFO - Processing file /home/airflow/.local/lib/python3.7/site-packages/airflow/example_dags/example_python_operator.py for tasks to queue
[2022-12-21 16:55:54,984] {logging_mixin.py:115} INFO - [2022-12-21 16:55:54,984] {dagbag.py:507} INFO - Filling up the DagBag from /home/airflow/.local/lib/python3.7/site-packages/airflow/example_dags/example_python_operator.py
[2022-12-21 16:55:54,997] {processor.py:651} INFO - DAG(s) dict_keys(['example_python_operator']) retrieved from /home/airflow/.local/lib/python3.7/site-packages/airflow/example_dags/example_python_operator.py
[2022-12-21 16:55:55,015] {logging_mixin.py:115} INFO - [2022-12-21 16:55:55,015] {dag.py:2371} INFO - Sync 1 DAGs
[2022-12-21 16:55:55,029] {logging_mixin.py:115} INFO - [2022-12-21 16:55:55,029] {dag.py:2919} INFO - Setting next_dagrun for example_python_operator to None, run_after=None
[2022-12-21 16:55:55,037] {processor.py:161} INFO - Processing /home/airflow/.local/lib/python3.7/site-packages/airflow/example_dags/example_python_operator.py took 0.055 seconds
[2022-12-21 16:56:25,337] {processor.py:153} INFO - Started process (PID=22243) to work on /home/airflow/.local/lib/python3.7/site-packages/airflow/example_dags/example_python_operator.py
[2022-12-21 16:56:25,337] {processor.py:641} INFO - Processing file /home/airflow/.local/lib/python3.7/site-packages/airflow/example_dags/example_python_operator.py for tasks to queue
[2022-12-21 16:56:25,338] {logging_mixin.py:115} INFO - [2022-12-21 16:56:25,338] {dagbag.py:507} INFO - Filling up the DagBag from /home/airflow/.local/lib/python3.7/site-packages/airflow/example_dags/example_python_operator.py
[2022-12-21 16:56:25,349] {processor.py:651} INFO - DAG(s) dict_keys(['example_python_operator']) retrieved from /home/airflow/.local/lib/python3.7/site-packages/airflow/example_dags/example_python_operator.py
[2022-12-21 16:56:25,365] {logging_mixin.py:115} INFO - [2022-12-21 16:56:25,365] {dag.py:2371} INFO - Sync 1 DAGs
[2022-12-21 16:56:25,379] {logging_mixin.py:115} INFO - [2022-12-21 16:56:25,379] {dag.py:2919} INFO - Setting next_dagrun for example_python_operator to None, run_after=None
[2022-12-21 16:56:25,386] {processor.py:161} INFO - Processing /home/airflow/.local/lib/python3.7/site-packages/airflow/example_dags/example_python_operator.py took 0.052 seconds
[2022-12-21 16:56:55,789] {processor.py:153} INFO - Started process (PID=22310) to work on /home/airflow/.local/lib/python3.7/site-packages/airflow/example_dags/example_python_operator.py
[2022-12-21 16:56:55,789] {processor.py:641} INFO - Processing file /home/airflow/.local/lib/python3.7/site-packages/airflow/example_dags/example_python_operator.py for tasks to queue
[2022-12-21 16:56:55,789] {logging_mixin.py:115} INFO - [2022-12-21 16:56:55,789] {dagbag.py:507} INFO - Filling up the DagBag from /home/airflow/.local/lib/python3.7/site-packages/airflow/example_dags/example_python_operator.py
[2022-12-21 16:56:55,800] {processor.py:651} INFO - DAG(s) dict_keys(['example_python_operator']) retrieved from /home/airflow/.local/lib/python3.7/site-packages/airflow/example_dags/example_python_operator.py
[2022-12-21 16:56:55,818] {logging_mixin.py:115} INFO - [2022-12-21 16:56:55,818] {dag.py:2371} INFO - Sync 1 DAGs
[2022-12-21 16:56:55,831] {logging_mixin.py:115} INFO - [2022-12-21 16:56:55,831] {dag.py:2919} INFO - Setting next_dagrun for example_python_operator to None, run_after=None
[2022-12-21 16:56:55,839] {processor.py:161} INFO - Processing /home/airflow/.local/lib/python3.7/site-packages/airflow/example_dags/example_python_operator.py took 0.052 seconds
[2022-12-21 16:57:26,274] {processor.py:153} INFO - Started process (PID=22367) to work on /home/airflow/.local/lib/python3.7/site-packages/airflow/example_dags/example_python_operator.py
[2022-12-21 16:57:26,275] {processor.py:641} INFO - Processing file /home/airflow/.local/lib/python3.7/site-packages/airflow/example_dags/example_python_operator.py for tasks to queue
[2022-12-21 16:57:26,275] {logging_mixin.py:115} INFO - [2022-12-21 16:57:26,275] {dagbag.py:507} INFO - Filling up the DagBag from /home/airflow/.local/lib/python3.7/site-packages/airflow/example_dags/example_python_operator.py
[2022-12-21 16:57:26,290] {processor.py:651} INFO - DAG(s) dict_keys(['example_python_operator']) retrieved from /home/airflow/.local/lib/python3.7/site-packages/airflow/example_dags/example_python_operator.py
[2022-12-21 16:57:26,310] {logging_mixin.py:115} INFO - [2022-12-21 16:57:26,310] {dag.py:2371} INFO - Sync 1 DAGs
[2022-12-21 16:57:26,326] {logging_mixin.py:115} INFO - [2022-12-21 16:57:26,325] {dag.py:2919} INFO - Setting next_dagrun for example_python_operator to None, run_after=None
[2022-12-21 16:57:26,334] {processor.py:161} INFO - Processing /home/airflow/.local/lib/python3.7/site-packages/airflow/example_dags/example_python_operator.py took 0.063 seconds
[2022-12-21 16:57:56,580] {processor.py:153} INFO - Started process (PID=22434) to work on /home/airflow/.local/lib/python3.7/site-packages/airflow/example_dags/example_python_operator.py
[2022-12-21 16:57:56,581] {processor.py:641} INFO - Processing file /home/airflow/.local/lib/python3.7/site-packages/airflow/example_dags/example_python_operator.py for tasks to queue
[2022-12-21 16:57:56,581] {logging_mixin.py:115} INFO - [2022-12-21 16:57:56,581] {dagbag.py:507} INFO - Filling up the DagBag from /home/airflow/.local/lib/python3.7/site-packages/airflow/example_dags/example_python_operator.py
[2022-12-21 16:57:56,592] {processor.py:651} INFO - DAG(s) dict_keys(['example_python_operator']) retrieved from /home/airflow/.local/lib/python3.7/site-packages/airflow/example_dags/example_python_operator.py
[2022-12-21 16:57:56,610] {logging_mixin.py:115} INFO - [2022-12-21 16:57:56,610] {dag.py:2371} INFO - Sync 1 DAGs
[2022-12-21 16:57:56,624] {logging_mixin.py:115} INFO - [2022-12-21 16:57:56,624] {dag.py:2919} INFO - Setting next_dagrun for example_python_operator to None, run_after=None
[2022-12-21 16:57:56,632] {processor.py:161} INFO - Processing /home/airflow/.local/lib/python3.7/site-packages/airflow/example_dags/example_python_operator.py took 0.054 seconds
[2022-12-21 16:58:27,029] {processor.py:153} INFO - Started process (PID=22500) to work on /home/airflow/.local/lib/python3.7/site-packages/airflow/example_dags/example_python_operator.py
[2022-12-21 16:58:27,030] {processor.py:641} INFO - Processing file /home/airflow/.local/lib/python3.7/site-packages/airflow/example_dags/example_python_operator.py for tasks to queue
[2022-12-21 16:58:27,030] {logging_mixin.py:115} INFO - [2022-12-21 16:58:27,030] {dagbag.py:507} INFO - Filling up the DagBag from /home/airflow/.local/lib/python3.7/site-packages/airflow/example_dags/example_python_operator.py
[2022-12-21 16:58:27,044] {processor.py:651} INFO - DAG(s) dict_keys(['example_python_operator']) retrieved from /home/airflow/.local/lib/python3.7/site-packages/airflow/example_dags/example_python_operator.py
[2022-12-21 16:58:27,063] {logging_mixin.py:115} INFO - [2022-12-21 16:58:27,062] {dag.py:2371} INFO - Sync 1 DAGs
[2022-12-21 16:58:27,078] {logging_mixin.py:115} INFO - [2022-12-21 16:58:27,078] {dag.py:2919} INFO - Setting next_dagrun for example_python_operator to None, run_after=None
[2022-12-21 16:58:27,087] {processor.py:161} INFO - Processing /home/airflow/.local/lib/python3.7/site-packages/airflow/example_dags/example_python_operator.py took 0.061 seconds
[2022-12-21 16:58:57,609] {processor.py:153} INFO - Started process (PID=22566) to work on /home/airflow/.local/lib/python3.7/site-packages/airflow/example_dags/example_python_operator.py
[2022-12-21 16:58:57,610] {processor.py:641} INFO - Processing file /home/airflow/.local/lib/python3.7/site-packages/airflow/example_dags/example_python_operator.py for tasks to queue
[2022-12-21 16:58:57,610] {logging_mixin.py:115} INFO - [2022-12-21 16:58:57,610] {dagbag.py:507} INFO - Filling up the DagBag from /home/airflow/.local/lib/python3.7/site-packages/airflow/example_dags/example_python_operator.py
[2022-12-21 16:58:57,623] {processor.py:651} INFO - DAG(s) dict_keys(['example_python_operator']) retrieved from /home/airflow/.local/lib/python3.7/site-packages/airflow/example_dags/example_python_operator.py
[2022-12-21 16:58:57,644] {logging_mixin.py:115} INFO - [2022-12-21 16:58:57,643] {dag.py:2371} INFO - Sync 1 DAGs
[2022-12-21 16:58:57,659] {logging_mixin.py:115} INFO - [2022-12-21 16:58:57,659] {dag.py:2919} INFO - Setting next_dagrun for example_python_operator to None, run_after=None
[2022-12-21 16:58:57,669] {processor.py:161} INFO - Processing /home/airflow/.local/lib/python3.7/site-packages/airflow/example_dags/example_python_operator.py took 0.063 seconds
[2022-12-21 16:59:28,051] {processor.py:153} INFO - Started process (PID=22624) to work on /home/airflow/.local/lib/python3.7/site-packages/airflow/example_dags/example_python_operator.py
[2022-12-21 16:59:28,051] {processor.py:641} INFO - Processing file /home/airflow/.local/lib/python3.7/site-packages/airflow/example_dags/example_python_operator.py for tasks to queue
[2022-12-21 16:59:28,052] {logging_mixin.py:115} INFO - [2022-12-21 16:59:28,052] {dagbag.py:507} INFO - Filling up the DagBag from /home/airflow/.local/lib/python3.7/site-packages/airflow/example_dags/example_python_operator.py
[2022-12-21 16:59:28,067] {processor.py:651} INFO - DAG(s) dict_keys(['example_python_operator']) retrieved from /home/airflow/.local/lib/python3.7/site-packages/airflow/example_dags/example_python_operator.py
[2022-12-21 16:59:28,087] {logging_mixin.py:115} INFO - [2022-12-21 16:59:28,087] {dag.py:2371} INFO - Sync 1 DAGs
[2022-12-21 16:59:28,102] {logging_mixin.py:115} INFO - [2022-12-21 16:59:28,102] {dag.py:2919} INFO - Setting next_dagrun for example_python_operator to None, run_after=None
[2022-12-21 16:59:28,110] {processor.py:161} INFO - Processing /home/airflow/.local/lib/python3.7/site-packages/airflow/example_dags/example_python_operator.py took 0.062 seconds
[2022-12-21 16:59:58,571] {processor.py:153} INFO - Started process (PID=22690) to work on /home/airflow/.local/lib/python3.7/site-packages/airflow/example_dags/example_python_operator.py
[2022-12-21 16:59:58,572] {processor.py:641} INFO - Processing file /home/airflow/.local/lib/python3.7/site-packages/airflow/example_dags/example_python_operator.py for tasks to queue
[2022-12-21 16:59:58,573] {logging_mixin.py:115} INFO - [2022-12-21 16:59:58,573] {dagbag.py:507} INFO - Filling up the DagBag from /home/airflow/.local/lib/python3.7/site-packages/airflow/example_dags/example_python_operator.py
[2022-12-21 16:59:58,586] {processor.py:651} INFO - DAG(s) dict_keys(['example_python_operator']) retrieved from /home/airflow/.local/lib/python3.7/site-packages/airflow/example_dags/example_python_operator.py
[2022-12-21 16:59:58,607] {logging_mixin.py:115} INFO - [2022-12-21 16:59:58,607] {dag.py:2371} INFO - Sync 1 DAGs
[2022-12-21 16:59:58,624] {logging_mixin.py:115} INFO - [2022-12-21 16:59:58,624] {dag.py:2919} INFO - Setting next_dagrun for example_python_operator to None, run_after=None
[2022-12-21 16:59:58,633] {processor.py:161} INFO - Processing /home/airflow/.local/lib/python3.7/site-packages/airflow/example_dags/example_python_operator.py took 0.065 seconds
[2022-12-21 17:00:29,181] {processor.py:153} INFO - Started process (PID=22757) to work on /home/airflow/.local/lib/python3.7/site-packages/airflow/example_dags/example_python_operator.py
[2022-12-21 17:00:29,181] {processor.py:641} INFO - Processing file /home/airflow/.local/lib/python3.7/site-packages/airflow/example_dags/example_python_operator.py for tasks to queue
[2022-12-21 17:00:29,182] {logging_mixin.py:115} INFO - [2022-12-21 17:00:29,182] {dagbag.py:507} INFO - Filling up the DagBag from /home/airflow/.local/lib/python3.7/site-packages/airflow/example_dags/example_python_operator.py
[2022-12-21 17:00:29,195] {processor.py:651} INFO - DAG(s) dict_keys(['example_python_operator']) retrieved from /home/airflow/.local/lib/python3.7/site-packages/airflow/example_dags/example_python_operator.py
[2022-12-21 17:00:29,214] {logging_mixin.py:115} INFO - [2022-12-21 17:00:29,214] {dag.py:2371} INFO - Sync 1 DAGs
[2022-12-21 17:00:29,230] {logging_mixin.py:115} INFO - [2022-12-21 17:00:29,230] {dag.py:2919} INFO - Setting next_dagrun for example_python_operator to None, run_after=None
[2022-12-21 17:00:29,240] {processor.py:161} INFO - Processing /home/airflow/.local/lib/python3.7/site-packages/airflow/example_dags/example_python_operator.py took 0.063 seconds
[2022-12-21 17:00:59,647] {processor.py:153} INFO - Started process (PID=22823) to work on /home/airflow/.local/lib/python3.7/site-packages/airflow/example_dags/example_python_operator.py
[2022-12-21 17:00:59,648] {processor.py:641} INFO - Processing file /home/airflow/.local/lib/python3.7/site-packages/airflow/example_dags/example_python_operator.py for tasks to queue
[2022-12-21 17:00:59,648] {logging_mixin.py:115} INFO - [2022-12-21 17:00:59,648] {dagbag.py:507} INFO - Filling up the DagBag from /home/airflow/.local/lib/python3.7/site-packages/airflow/example_dags/example_python_operator.py
[2022-12-21 17:00:59,664] {processor.py:651} INFO - DAG(s) dict_keys(['example_python_operator']) retrieved from /home/airflow/.local/lib/python3.7/site-packages/airflow/example_dags/example_python_operator.py
[2022-12-21 17:00:59,686] {logging_mixin.py:115} INFO - [2022-12-21 17:00:59,685] {dag.py:2371} INFO - Sync 1 DAGs
[2022-12-21 17:00:59,702] {logging_mixin.py:115} INFO - [2022-12-21 17:00:59,702] {dag.py:2919} INFO - Setting next_dagrun for example_python_operator to None, run_after=None
[2022-12-21 17:00:59,714] {processor.py:161} INFO - Processing /home/airflow/.local/lib/python3.7/site-packages/airflow/example_dags/example_python_operator.py took 0.070 seconds
[2022-12-21 17:01:30,194] {processor.py:153} INFO - Started process (PID=22880) to work on /home/airflow/.local/lib/python3.7/site-packages/airflow/example_dags/example_python_operator.py
[2022-12-21 17:01:30,194] {processor.py:641} INFO - Processing file /home/airflow/.local/lib/python3.7/site-packages/airflow/example_dags/example_python_operator.py for tasks to queue
[2022-12-21 17:01:30,195] {logging_mixin.py:115} INFO - [2022-12-21 17:01:30,195] {dagbag.py:507} INFO - Filling up the DagBag from /home/airflow/.local/lib/python3.7/site-packages/airflow/example_dags/example_python_operator.py
[2022-12-21 17:01:30,209] {processor.py:651} INFO - DAG(s) dict_keys(['example_python_operator']) retrieved from /home/airflow/.local/lib/python3.7/site-packages/airflow/example_dags/example_python_operator.py
[2022-12-21 17:01:30,233] {logging_mixin.py:115} INFO - [2022-12-21 17:01:30,233] {dag.py:2371} INFO - Sync 1 DAGs
[2022-12-21 17:01:30,257] {logging_mixin.py:115} INFO - [2022-12-21 17:01:30,257] {dag.py:2919} INFO - Setting next_dagrun for example_python_operator to None, run_after=None
[2022-12-21 17:01:30,269] {processor.py:161} INFO - Processing /home/airflow/.local/lib/python3.7/site-packages/airflow/example_dags/example_python_operator.py took 0.078 seconds
[2022-12-21 17:02:00,827] {processor.py:153} INFO - Started process (PID=22945) to work on /home/airflow/.local/lib/python3.7/site-packages/airflow/example_dags/example_python_operator.py
[2022-12-21 17:02:00,827] {processor.py:641} INFO - Processing file /home/airflow/.local/lib/python3.7/site-packages/airflow/example_dags/example_python_operator.py for tasks to queue
[2022-12-21 17:02:00,828] {logging_mixin.py:115} INFO - [2022-12-21 17:02:00,828] {dagbag.py:507} INFO - Filling up the DagBag from /home/airflow/.local/lib/python3.7/site-packages/airflow/example_dags/example_python_operator.py
[2022-12-21 17:02:00,844] {processor.py:651} INFO - DAG(s) dict_keys(['example_python_operator']) retrieved from /home/airflow/.local/lib/python3.7/site-packages/airflow/example_dags/example_python_operator.py
[2022-12-21 17:02:00,867] {logging_mixin.py:115} INFO - [2022-12-21 17:02:00,867] {dag.py:2371} INFO - Sync 1 DAGs
[2022-12-21 17:02:00,887] {logging_mixin.py:115} INFO - [2022-12-21 17:02:00,887] {dag.py:2919} INFO - Setting next_dagrun for example_python_operator to None, run_after=None
[2022-12-21 17:02:00,898] {processor.py:161} INFO - Processing /home/airflow/.local/lib/python3.7/site-packages/airflow/example_dags/example_python_operator.py took 0.074 seconds
[2022-12-21 17:02:31,384] {processor.py:153} INFO - Started process (PID=23011) to work on /home/airflow/.local/lib/python3.7/site-packages/airflow/example_dags/example_python_operator.py
[2022-12-21 17:02:31,385] {processor.py:641} INFO - Processing file /home/airflow/.local/lib/python3.7/site-packages/airflow/example_dags/example_python_operator.py for tasks to queue
[2022-12-21 17:02:31,385] {logging_mixin.py:115} INFO - [2022-12-21 17:02:31,385] {dagbag.py:507} INFO - Filling up the DagBag from /home/airflow/.local/lib/python3.7/site-packages/airflow/example_dags/example_python_operator.py
[2022-12-21 17:02:31,399] {processor.py:651} INFO - DAG(s) dict_keys(['example_python_operator']) retrieved from /home/airflow/.local/lib/python3.7/site-packages/airflow/example_dags/example_python_operator.py
[2022-12-21 17:02:31,422] {logging_mixin.py:115} INFO - [2022-12-21 17:02:31,422] {dag.py:2371} INFO - Sync 1 DAGs
[2022-12-21 17:02:31,445] {logging_mixin.py:115} INFO - [2022-12-21 17:02:31,445] {dag.py:2919} INFO - Setting next_dagrun for example_python_operator to None, run_after=None
[2022-12-21 17:02:31,455] {processor.py:161} INFO - Processing /home/airflow/.local/lib/python3.7/site-packages/airflow/example_dags/example_python_operator.py took 0.074 seconds
[2022-12-21 17:03:02,144] {processor.py:153} INFO - Started process (PID=23077) to work on /home/airflow/.local/lib/python3.7/site-packages/airflow/example_dags/example_python_operator.py
[2022-12-21 17:03:02,145] {processor.py:641} INFO - Processing file /home/airflow/.local/lib/python3.7/site-packages/airflow/example_dags/example_python_operator.py for tasks to queue
[2022-12-21 17:03:02,146] {logging_mixin.py:115} INFO - [2022-12-21 17:03:02,146] {dagbag.py:507} INFO - Filling up the DagBag from /home/airflow/.local/lib/python3.7/site-packages/airflow/example_dags/example_python_operator.py
[2022-12-21 17:03:02,168] {processor.py:651} INFO - DAG(s) dict_keys(['example_python_operator']) retrieved from /home/airflow/.local/lib/python3.7/site-packages/airflow/example_dags/example_python_operator.py
[2022-12-21 17:03:02,191] {logging_mixin.py:115} INFO - [2022-12-21 17:03:02,191] {dag.py:2371} INFO - Sync 1 DAGs
[2022-12-21 17:03:02,210] {logging_mixin.py:115} INFO - [2022-12-21 17:03:02,210] {dag.py:2919} INFO - Setting next_dagrun for example_python_operator to None, run_after=None
[2022-12-21 17:03:02,221] {processor.py:161} INFO - Processing /home/airflow/.local/lib/python3.7/site-packages/airflow/example_dags/example_python_operator.py took 0.081 seconds
[2022-12-21 17:03:32,962] {processor.py:153} INFO - Started process (PID=23134) to work on /home/airflow/.local/lib/python3.7/site-packages/airflow/example_dags/example_python_operator.py
[2022-12-21 17:03:32,962] {processor.py:641} INFO - Processing file /home/airflow/.local/lib/python3.7/site-packages/airflow/example_dags/example_python_operator.py for tasks to queue
[2022-12-21 17:03:32,962] {logging_mixin.py:115} INFO - [2022-12-21 17:03:32,962] {dagbag.py:507} INFO - Filling up the DagBag from /home/airflow/.local/lib/python3.7/site-packages/airflow/example_dags/example_python_operator.py
[2022-12-21 17:03:32,975] {processor.py:651} INFO - DAG(s) dict_keys(['example_python_operator']) retrieved from /home/airflow/.local/lib/python3.7/site-packages/airflow/example_dags/example_python_operator.py
[2022-12-21 17:03:32,994] {logging_mixin.py:115} INFO - [2022-12-21 17:03:32,994] {dag.py:2371} INFO - Sync 1 DAGs
[2022-12-21 17:03:33,011] {logging_mixin.py:115} INFO - [2022-12-21 17:03:33,011] {dag.py:2919} INFO - Setting next_dagrun for example_python_operator to None, run_after=None
[2022-12-21 17:03:33,021] {processor.py:161} INFO - Processing /home/airflow/.local/lib/python3.7/site-packages/airflow/example_dags/example_python_operator.py took 0.062 seconds
[2022-12-21 17:04:03,516] {processor.py:153} INFO - Started process (PID=23201) to work on /home/airflow/.local/lib/python3.7/site-packages/airflow/example_dags/example_python_operator.py
[2022-12-21 17:04:03,516] {processor.py:641} INFO - Processing file /home/airflow/.local/lib/python3.7/site-packages/airflow/example_dags/example_python_operator.py for tasks to queue
[2022-12-21 17:04:03,517] {logging_mixin.py:115} INFO - [2022-12-21 17:04:03,517] {dagbag.py:507} INFO - Filling up the DagBag from /home/airflow/.local/lib/python3.7/site-packages/airflow/example_dags/example_python_operator.py
[2022-12-21 17:04:03,534] {processor.py:651} INFO - DAG(s) dict_keys(['example_python_operator']) retrieved from /home/airflow/.local/lib/python3.7/site-packages/airflow/example_dags/example_python_operator.py
[2022-12-21 17:04:03,554] {logging_mixin.py:115} INFO - [2022-12-21 17:04:03,554] {dag.py:2371} INFO - Sync 1 DAGs
[2022-12-21 17:04:03,569] {logging_mixin.py:115} INFO - [2022-12-21 17:04:03,569] {dag.py:2919} INFO - Setting next_dagrun for example_python_operator to None, run_after=None
[2022-12-21 17:04:03,578] {processor.py:161} INFO - Processing /home/airflow/.local/lib/python3.7/site-packages/airflow/example_dags/example_python_operator.py took 0.064 seconds
[2022-12-21 17:04:34,084] {processor.py:153} INFO - Started process (PID=23267) to work on /home/airflow/.local/lib/python3.7/site-packages/airflow/example_dags/example_python_operator.py
[2022-12-21 17:04:34,084] {processor.py:641} INFO - Processing file /home/airflow/.local/lib/python3.7/site-packages/airflow/example_dags/example_python_operator.py for tasks to queue
[2022-12-21 17:04:34,085] {logging_mixin.py:115} INFO - [2022-12-21 17:04:34,085] {dagbag.py:507} INFO - Filling up the DagBag from /home/airflow/.local/lib/python3.7/site-packages/airflow/example_dags/example_python_operator.py
[2022-12-21 17:04:34,100] {processor.py:651} INFO - DAG(s) dict_keys(['example_python_operator']) retrieved from /home/airflow/.local/lib/python3.7/site-packages/airflow/example_dags/example_python_operator.py
[2022-12-21 17:04:34,123] {logging_mixin.py:115} INFO - [2022-12-21 17:04:34,123] {dag.py:2371} INFO - Sync 1 DAGs
[2022-12-21 17:04:34,140] {logging_mixin.py:115} INFO - [2022-12-21 17:04:34,140] {dag.py:2919} INFO - Setting next_dagrun for example_python_operator to None, run_after=None
[2022-12-21 17:04:34,150] {processor.py:161} INFO - Processing /home/airflow/.local/lib/python3.7/site-packages/airflow/example_dags/example_python_operator.py took 0.069 seconds
[2022-12-21 17:05:04,617] {processor.py:153} INFO - Started process (PID=23333) to work on /home/airflow/.local/lib/python3.7/site-packages/airflow/example_dags/example_python_operator.py
[2022-12-21 17:05:04,617] {processor.py:641} INFO - Processing file /home/airflow/.local/lib/python3.7/site-packages/airflow/example_dags/example_python_operator.py for tasks to queue
[2022-12-21 17:05:04,618] {logging_mixin.py:115} INFO - [2022-12-21 17:05:04,617] {dagbag.py:507} INFO - Filling up the DagBag from /home/airflow/.local/lib/python3.7/site-packages/airflow/example_dags/example_python_operator.py
[2022-12-21 17:05:04,635] {processor.py:651} INFO - DAG(s) dict_keys(['example_python_operator']) retrieved from /home/airflow/.local/lib/python3.7/site-packages/airflow/example_dags/example_python_operator.py
[2022-12-21 17:05:04,655] {logging_mixin.py:115} INFO - [2022-12-21 17:05:04,654] {dag.py:2371} INFO - Sync 1 DAGs
[2022-12-21 17:05:04,672] {logging_mixin.py:115} INFO - [2022-12-21 17:05:04,672] {dag.py:2919} INFO - Setting next_dagrun for example_python_operator to None, run_after=None
[2022-12-21 17:05:04,682] {processor.py:161} INFO - Processing /home/airflow/.local/lib/python3.7/site-packages/airflow/example_dags/example_python_operator.py took 0.068 seconds
[2022-12-21 17:05:35,273] {processor.py:153} INFO - Started process (PID=23389) to work on /home/airflow/.local/lib/python3.7/site-packages/airflow/example_dags/example_python_operator.py
[2022-12-21 17:05:35,274] {processor.py:641} INFO - Processing file /home/airflow/.local/lib/python3.7/site-packages/airflow/example_dags/example_python_operator.py for tasks to queue
[2022-12-21 17:05:35,275] {logging_mixin.py:115} INFO - [2022-12-21 17:05:35,275] {dagbag.py:507} INFO - Filling up the DagBag from /home/airflow/.local/lib/python3.7/site-packages/airflow/example_dags/example_python_operator.py
[2022-12-21 17:05:35,293] {processor.py:651} INFO - DAG(s) dict_keys(['example_python_operator']) retrieved from /home/airflow/.local/lib/python3.7/site-packages/airflow/example_dags/example_python_operator.py
[2022-12-21 17:05:35,319] {logging_mixin.py:115} INFO - [2022-12-21 17:05:35,319] {dag.py:2371} INFO - Sync 1 DAGs
[2022-12-21 17:05:35,340] {logging_mixin.py:115} INFO - [2022-12-21 17:05:35,340] {dag.py:2919} INFO - Setting next_dagrun for example_python_operator to None, run_after=None
[2022-12-21 17:05:35,351] {processor.py:161} INFO - Processing /home/airflow/.local/lib/python3.7/site-packages/airflow/example_dags/example_python_operator.py took 0.081 seconds
[2022-12-21 17:06:06,237] {processor.py:153} INFO - Started process (PID=23456) to work on /home/airflow/.local/lib/python3.7/site-packages/airflow/example_dags/example_python_operator.py
[2022-12-21 17:06:06,238] {processor.py:641} INFO - Processing file /home/airflow/.local/lib/python3.7/site-packages/airflow/example_dags/example_python_operator.py for tasks to queue
[2022-12-21 17:06:06,239] {logging_mixin.py:115} INFO - [2022-12-21 17:06:06,239] {dagbag.py:507} INFO - Filling up the DagBag from /home/airflow/.local/lib/python3.7/site-packages/airflow/example_dags/example_python_operator.py
[2022-12-21 17:06:06,254] {processor.py:651} INFO - DAG(s) dict_keys(['example_python_operator']) retrieved from /home/airflow/.local/lib/python3.7/site-packages/airflow/example_dags/example_python_operator.py
[2022-12-21 17:06:06,275] {logging_mixin.py:115} INFO - [2022-12-21 17:06:06,275] {dag.py:2371} INFO - Sync 1 DAGs
[2022-12-21 17:06:06,292] {logging_mixin.py:115} INFO - [2022-12-21 17:06:06,292] {dag.py:2919} INFO - Setting next_dagrun for example_python_operator to None, run_after=None
[2022-12-21 17:06:06,301] {processor.py:161} INFO - Processing /home/airflow/.local/lib/python3.7/site-packages/airflow/example_dags/example_python_operator.py took 0.067 seconds
[2022-12-21 17:06:36,779] {processor.py:153} INFO - Started process (PID=23523) to work on /home/airflow/.local/lib/python3.7/site-packages/airflow/example_dags/example_python_operator.py
[2022-12-21 17:06:36,780] {processor.py:641} INFO - Processing file /home/airflow/.local/lib/python3.7/site-packages/airflow/example_dags/example_python_operator.py for tasks to queue
[2022-12-21 17:06:36,780] {logging_mixin.py:115} INFO - [2022-12-21 17:06:36,780] {dagbag.py:507} INFO - Filling up the DagBag from /home/airflow/.local/lib/python3.7/site-packages/airflow/example_dags/example_python_operator.py
[2022-12-21 17:06:36,792] {processor.py:651} INFO - DAG(s) dict_keys(['example_python_operator']) retrieved from /home/airflow/.local/lib/python3.7/site-packages/airflow/example_dags/example_python_operator.py
[2022-12-21 17:06:36,817] {logging_mixin.py:115} INFO - [2022-12-21 17:06:36,817] {dag.py:2371} INFO - Sync 1 DAGs
[2022-12-21 17:06:36,835] {logging_mixin.py:115} INFO - [2022-12-21 17:06:36,835] {dag.py:2919} INFO - Setting next_dagrun for example_python_operator to None, run_after=None
[2022-12-21 17:06:36,844] {processor.py:161} INFO - Processing /home/airflow/.local/lib/python3.7/site-packages/airflow/example_dags/example_python_operator.py took 0.068 seconds
[2022-12-21 17:07:07,298] {processor.py:153} INFO - Started process (PID=23580) to work on /home/airflow/.local/lib/python3.7/site-packages/airflow/example_dags/example_python_operator.py
[2022-12-21 17:07:07,298] {processor.py:641} INFO - Processing file /home/airflow/.local/lib/python3.7/site-packages/airflow/example_dags/example_python_operator.py for tasks to queue
[2022-12-21 17:07:07,299] {logging_mixin.py:115} INFO - [2022-12-21 17:07:07,299] {dagbag.py:507} INFO - Filling up the DagBag from /home/airflow/.local/lib/python3.7/site-packages/airflow/example_dags/example_python_operator.py
[2022-12-21 17:07:07,315] {processor.py:651} INFO - DAG(s) dict_keys(['example_python_operator']) retrieved from /home/airflow/.local/lib/python3.7/site-packages/airflow/example_dags/example_python_operator.py
[2022-12-21 17:07:07,338] {logging_mixin.py:115} INFO - [2022-12-21 17:07:07,338] {dag.py:2371} INFO - Sync 1 DAGs
[2022-12-21 17:07:07,357] {logging_mixin.py:115} INFO - [2022-12-21 17:07:07,357] {dag.py:2919} INFO - Setting next_dagrun for example_python_operator to None, run_after=None
[2022-12-21 17:07:07,366] {processor.py:161} INFO - Processing /home/airflow/.local/lib/python3.7/site-packages/airflow/example_dags/example_python_operator.py took 0.071 seconds
[2022-12-21 17:07:37,885] {processor.py:153} INFO - Started process (PID=23645) to work on /home/airflow/.local/lib/python3.7/site-packages/airflow/example_dags/example_python_operator.py
[2022-12-21 17:07:37,886] {processor.py:641} INFO - Processing file /home/airflow/.local/lib/python3.7/site-packages/airflow/example_dags/example_python_operator.py for tasks to queue
[2022-12-21 17:07:37,886] {logging_mixin.py:115} INFO - [2022-12-21 17:07:37,886] {dagbag.py:507} INFO - Filling up the DagBag from /home/airflow/.local/lib/python3.7/site-packages/airflow/example_dags/example_python_operator.py
[2022-12-21 17:07:37,898] {processor.py:651} INFO - DAG(s) dict_keys(['example_python_operator']) retrieved from /home/airflow/.local/lib/python3.7/site-packages/airflow/example_dags/example_python_operator.py
[2022-12-21 17:07:37,917] {logging_mixin.py:115} INFO - [2022-12-21 17:07:37,917] {dag.py:2371} INFO - Sync 1 DAGs
[2022-12-21 17:07:37,935] {logging_mixin.py:115} INFO - [2022-12-21 17:07:37,935] {dag.py:2919} INFO - Setting next_dagrun for example_python_operator to None, run_after=None
[2022-12-21 17:07:37,949] {processor.py:161} INFO - Processing /home/airflow/.local/lib/python3.7/site-packages/airflow/example_dags/example_python_operator.py took 0.066 seconds
[2022-12-21 17:08:08,424] {processor.py:153} INFO - Started process (PID=23711) to work on /home/airflow/.local/lib/python3.7/site-packages/airflow/example_dags/example_python_operator.py
[2022-12-21 17:08:08,424] {processor.py:641} INFO - Processing file /home/airflow/.local/lib/python3.7/site-packages/airflow/example_dags/example_python_operator.py for tasks to queue
[2022-12-21 17:08:08,425] {logging_mixin.py:115} INFO - [2022-12-21 17:08:08,425] {dagbag.py:507} INFO - Filling up the DagBag from /home/airflow/.local/lib/python3.7/site-packages/airflow/example_dags/example_python_operator.py
[2022-12-21 17:08:08,439] {processor.py:651} INFO - DAG(s) dict_keys(['example_python_operator']) retrieved from /home/airflow/.local/lib/python3.7/site-packages/airflow/example_dags/example_python_operator.py
[2022-12-21 17:08:08,459] {logging_mixin.py:115} INFO - [2022-12-21 17:08:08,459] {dag.py:2371} INFO - Sync 1 DAGs
[2022-12-21 17:08:08,480] {logging_mixin.py:115} INFO - [2022-12-21 17:08:08,479] {dag.py:2919} INFO - Setting next_dagrun for example_python_operator to None, run_after=None
[2022-12-21 17:08:08,490] {processor.py:161} INFO - Processing /home/airflow/.local/lib/python3.7/site-packages/airflow/example_dags/example_python_operator.py took 0.069 seconds
[2022-12-21 17:08:39,042] {processor.py:153} INFO - Started process (PID=23778) to work on /home/airflow/.local/lib/python3.7/site-packages/airflow/example_dags/example_python_operator.py
[2022-12-21 17:08:39,042] {processor.py:641} INFO - Processing file /home/airflow/.local/lib/python3.7/site-packages/airflow/example_dags/example_python_operator.py for tasks to queue
[2022-12-21 17:08:39,043] {logging_mixin.py:115} INFO - [2022-12-21 17:08:39,043] {dagbag.py:507} INFO - Filling up the DagBag from /home/airflow/.local/lib/python3.7/site-packages/airflow/example_dags/example_python_operator.py
[2022-12-21 17:08:39,056] {processor.py:651} INFO - DAG(s) dict_keys(['example_python_operator']) retrieved from /home/airflow/.local/lib/python3.7/site-packages/airflow/example_dags/example_python_operator.py
[2022-12-21 17:08:39,076] {logging_mixin.py:115} INFO - [2022-12-21 17:08:39,076] {dag.py:2371} INFO - Sync 1 DAGs
[2022-12-21 17:08:39,093] {logging_mixin.py:115} INFO - [2022-12-21 17:08:39,093] {dag.py:2919} INFO - Setting next_dagrun for example_python_operator to None, run_after=None
[2022-12-21 17:08:39,103] {processor.py:161} INFO - Processing /home/airflow/.local/lib/python3.7/site-packages/airflow/example_dags/example_python_operator.py took 0.063 seconds
[2022-12-21 17:09:09,667] {processor.py:153} INFO - Started process (PID=23835) to work on /home/airflow/.local/lib/python3.7/site-packages/airflow/example_dags/example_python_operator.py
[2022-12-21 17:09:09,668] {processor.py:641} INFO - Processing file /home/airflow/.local/lib/python3.7/site-packages/airflow/example_dags/example_python_operator.py for tasks to queue
[2022-12-21 17:09:09,668] {logging_mixin.py:115} INFO - [2022-12-21 17:09:09,668] {dagbag.py:507} INFO - Filling up the DagBag from /home/airflow/.local/lib/python3.7/site-packages/airflow/example_dags/example_python_operator.py
[2022-12-21 17:09:09,684] {processor.py:651} INFO - DAG(s) dict_keys(['example_python_operator']) retrieved from /home/airflow/.local/lib/python3.7/site-packages/airflow/example_dags/example_python_operator.py
[2022-12-21 17:09:09,707] {logging_mixin.py:115} INFO - [2022-12-21 17:09:09,707] {dag.py:2371} INFO - Sync 1 DAGs
[2022-12-21 17:09:09,725] {logging_mixin.py:115} INFO - [2022-12-21 17:09:09,725] {dag.py:2919} INFO - Setting next_dagrun for example_python_operator to None, run_after=None
[2022-12-21 17:09:09,733] {processor.py:161} INFO - Processing /home/airflow/.local/lib/python3.7/site-packages/airflow/example_dags/example_python_operator.py took 0.070 seconds
[2022-12-21 17:09:40,435] {processor.py:153} INFO - Started process (PID=23902) to work on /home/airflow/.local/lib/python3.7/site-packages/airflow/example_dags/example_python_operator.py
[2022-12-21 17:09:40,436] {processor.py:641} INFO - Processing file /home/airflow/.local/lib/python3.7/site-packages/airflow/example_dags/example_python_operator.py for tasks to queue
[2022-12-21 17:09:40,436] {logging_mixin.py:115} INFO - [2022-12-21 17:09:40,436] {dagbag.py:507} INFO - Filling up the DagBag from /home/airflow/.local/lib/python3.7/site-packages/airflow/example_dags/example_python_operator.py
[2022-12-21 17:09:40,449] {processor.py:651} INFO - DAG(s) dict_keys(['example_python_operator']) retrieved from /home/airflow/.local/lib/python3.7/site-packages/airflow/example_dags/example_python_operator.py
[2022-12-21 17:09:40,471] {logging_mixin.py:115} INFO - [2022-12-21 17:09:40,470] {dag.py:2371} INFO - Sync 1 DAGs
[2022-12-21 17:09:40,495] {logging_mixin.py:115} INFO - [2022-12-21 17:09:40,495] {dag.py:2919} INFO - Setting next_dagrun for example_python_operator to None, run_after=None
[2022-12-21 17:09:40,507] {processor.py:161} INFO - Processing /home/airflow/.local/lib/python3.7/site-packages/airflow/example_dags/example_python_operator.py took 0.075 seconds
[2022-12-21 17:10:11,179] {processor.py:153} INFO - Started process (PID=23969) to work on /home/airflow/.local/lib/python3.7/site-packages/airflow/example_dags/example_python_operator.py
[2022-12-21 17:10:11,179] {processor.py:641} INFO - Processing file /home/airflow/.local/lib/python3.7/site-packages/airflow/example_dags/example_python_operator.py for tasks to queue
[2022-12-21 17:10:11,180] {logging_mixin.py:115} INFO - [2022-12-21 17:10:11,180] {dagbag.py:507} INFO - Filling up the DagBag from /home/airflow/.local/lib/python3.7/site-packages/airflow/example_dags/example_python_operator.py
[2022-12-21 17:10:11,192] {processor.py:651} INFO - DAG(s) dict_keys(['example_python_operator']) retrieved from /home/airflow/.local/lib/python3.7/site-packages/airflow/example_dags/example_python_operator.py
[2022-12-21 17:10:11,215] {logging_mixin.py:115} INFO - [2022-12-21 17:10:11,215] {dag.py:2371} INFO - Sync 1 DAGs
[2022-12-21 17:10:11,233] {logging_mixin.py:115} INFO - [2022-12-21 17:10:11,233] {dag.py:2919} INFO - Setting next_dagrun for example_python_operator to None, run_after=None
[2022-12-21 17:10:11,244] {processor.py:161} INFO - Processing /home/airflow/.local/lib/python3.7/site-packages/airflow/example_dags/example_python_operator.py took 0.068 seconds
[2022-12-21 17:10:41,780] {processor.py:153} INFO - Started process (PID=24036) to work on /home/airflow/.local/lib/python3.7/site-packages/airflow/example_dags/example_python_operator.py
[2022-12-21 17:10:41,781] {processor.py:641} INFO - Processing file /home/airflow/.local/lib/python3.7/site-packages/airflow/example_dags/example_python_operator.py for tasks to queue
[2022-12-21 17:10:41,781] {logging_mixin.py:115} INFO - [2022-12-21 17:10:41,781] {dagbag.py:507} INFO - Filling up the DagBag from /home/airflow/.local/lib/python3.7/site-packages/airflow/example_dags/example_python_operator.py
[2022-12-21 17:10:41,796] {processor.py:651} INFO - DAG(s) dict_keys(['example_python_operator']) retrieved from /home/airflow/.local/lib/python3.7/site-packages/airflow/example_dags/example_python_operator.py
[2022-12-21 17:10:41,817] {logging_mixin.py:115} INFO - [2022-12-21 17:10:41,817] {dag.py:2371} INFO - Sync 1 DAGs
[2022-12-21 17:10:41,837] {logging_mixin.py:115} INFO - [2022-12-21 17:10:41,837] {dag.py:2919} INFO - Setting next_dagrun for example_python_operator to None, run_after=None
[2022-12-21 17:10:41,847] {processor.py:161} INFO - Processing /home/airflow/.local/lib/python3.7/site-packages/airflow/example_dags/example_python_operator.py took 0.070 seconds
[2022-12-21 17:11:12,332] {processor.py:153} INFO - Started process (PID=24092) to work on /home/airflow/.local/lib/python3.7/site-packages/airflow/example_dags/example_python_operator.py
[2022-12-21 17:11:12,333] {processor.py:641} INFO - Processing file /home/airflow/.local/lib/python3.7/site-packages/airflow/example_dags/example_python_operator.py for tasks to queue
[2022-12-21 17:11:12,333] {logging_mixin.py:115} INFO - [2022-12-21 17:11:12,333] {dagbag.py:507} INFO - Filling up the DagBag from /home/airflow/.local/lib/python3.7/site-packages/airflow/example_dags/example_python_operator.py
[2022-12-21 17:11:12,345] {processor.py:651} INFO - DAG(s) dict_keys(['example_python_operator']) retrieved from /home/airflow/.local/lib/python3.7/site-packages/airflow/example_dags/example_python_operator.py
[2022-12-21 17:11:12,368] {logging_mixin.py:115} INFO - [2022-12-21 17:11:12,368] {dag.py:2371} INFO - Sync 1 DAGs
[2022-12-21 17:11:12,387] {logging_mixin.py:115} INFO - [2022-12-21 17:11:12,387] {dag.py:2919} INFO - Setting next_dagrun for example_python_operator to None, run_after=None
[2022-12-21 17:11:12,397] {processor.py:161} INFO - Processing /home/airflow/.local/lib/python3.7/site-packages/airflow/example_dags/example_python_operator.py took 0.068 seconds
[2022-12-21 17:11:42,962] {processor.py:153} INFO - Started process (PID=24158) to work on /home/airflow/.local/lib/python3.7/site-packages/airflow/example_dags/example_python_operator.py
[2022-12-21 17:11:42,962] {processor.py:641} INFO - Processing file /home/airflow/.local/lib/python3.7/site-packages/airflow/example_dags/example_python_operator.py for tasks to queue
[2022-12-21 17:11:42,963] {logging_mixin.py:115} INFO - [2022-12-21 17:11:42,963] {dagbag.py:507} INFO - Filling up the DagBag from /home/airflow/.local/lib/python3.7/site-packages/airflow/example_dags/example_python_operator.py
[2022-12-21 17:11:42,979] {processor.py:651} INFO - DAG(s) dict_keys(['example_python_operator']) retrieved from /home/airflow/.local/lib/python3.7/site-packages/airflow/example_dags/example_python_operator.py
[2022-12-21 17:11:43,003] {logging_mixin.py:115} INFO - [2022-12-21 17:11:43,003] {dag.py:2371} INFO - Sync 1 DAGs
[2022-12-21 17:11:43,023] {logging_mixin.py:115} INFO - [2022-12-21 17:11:43,023] {dag.py:2919} INFO - Setting next_dagrun for example_python_operator to None, run_after=None
[2022-12-21 17:11:43,034] {processor.py:161} INFO - Processing /home/airflow/.local/lib/python3.7/site-packages/airflow/example_dags/example_python_operator.py took 0.075 seconds
[2022-12-21 17:12:13,580] {processor.py:153} INFO - Started process (PID=24224) to work on /home/airflow/.local/lib/python3.7/site-packages/airflow/example_dags/example_python_operator.py
[2022-12-21 17:12:13,581] {processor.py:641} INFO - Processing file /home/airflow/.local/lib/python3.7/site-packages/airflow/example_dags/example_python_operator.py for tasks to queue
[2022-12-21 17:12:13,581] {logging_mixin.py:115} INFO - [2022-12-21 17:12:13,581] {dagbag.py:507} INFO - Filling up the DagBag from /home/airflow/.local/lib/python3.7/site-packages/airflow/example_dags/example_python_operator.py
[2022-12-21 17:12:13,596] {processor.py:651} INFO - DAG(s) dict_keys(['example_python_operator']) retrieved from /home/airflow/.local/lib/python3.7/site-packages/airflow/example_dags/example_python_operator.py
[2022-12-21 17:12:13,618] {logging_mixin.py:115} INFO - [2022-12-21 17:12:13,618] {dag.py:2371} INFO - Sync 1 DAGs
[2022-12-21 17:12:13,635] {logging_mixin.py:115} INFO - [2022-12-21 17:12:13,635] {dag.py:2919} INFO - Setting next_dagrun for example_python_operator to None, run_after=None
[2022-12-21 17:12:13,648] {processor.py:161} INFO - Processing /home/airflow/.local/lib/python3.7/site-packages/airflow/example_dags/example_python_operator.py took 0.070 seconds
[2022-12-21 17:12:44,109] {processor.py:153} INFO - Started process (PID=24291) to work on /home/airflow/.local/lib/python3.7/site-packages/airflow/example_dags/example_python_operator.py
[2022-12-21 17:12:44,109] {processor.py:641} INFO - Processing file /home/airflow/.local/lib/python3.7/site-packages/airflow/example_dags/example_python_operator.py for tasks to queue
[2022-12-21 17:12:44,110] {logging_mixin.py:115} INFO - [2022-12-21 17:12:44,110] {dagbag.py:507} INFO - Filling up the DagBag from /home/airflow/.local/lib/python3.7/site-packages/airflow/example_dags/example_python_operator.py
[2022-12-21 17:12:44,125] {processor.py:651} INFO - DAG(s) dict_keys(['example_python_operator']) retrieved from /home/airflow/.local/lib/python3.7/site-packages/airflow/example_dags/example_python_operator.py
[2022-12-21 17:12:44,146] {logging_mixin.py:115} INFO - [2022-12-21 17:12:44,145] {dag.py:2371} INFO - Sync 1 DAGs
[2022-12-21 17:12:44,161] {logging_mixin.py:115} INFO - [2022-12-21 17:12:44,161] {dag.py:2919} INFO - Setting next_dagrun for example_python_operator to None, run_after=None
[2022-12-21 17:12:44,172] {processor.py:161} INFO - Processing /home/airflow/.local/lib/python3.7/site-packages/airflow/example_dags/example_python_operator.py took 0.066 seconds
[2022-12-21 17:13:14,556] {processor.py:153} INFO - Started process (PID=24347) to work on /home/airflow/.local/lib/python3.7/site-packages/airflow/example_dags/example_python_operator.py
[2022-12-21 17:13:14,556] {processor.py:641} INFO - Processing file /home/airflow/.local/lib/python3.7/site-packages/airflow/example_dags/example_python_operator.py for tasks to queue
[2022-12-21 17:13:14,557] {logging_mixin.py:115} INFO - [2022-12-21 17:13:14,557] {dagbag.py:507} INFO - Filling up the DagBag from /home/airflow/.local/lib/python3.7/site-packages/airflow/example_dags/example_python_operator.py
[2022-12-21 17:13:14,572] {processor.py:651} INFO - DAG(s) dict_keys(['example_python_operator']) retrieved from /home/airflow/.local/lib/python3.7/site-packages/airflow/example_dags/example_python_operator.py
[2022-12-21 17:13:14,594] {logging_mixin.py:115} INFO - [2022-12-21 17:13:14,594] {dag.py:2371} INFO - Sync 1 DAGs
[2022-12-21 17:13:14,613] {logging_mixin.py:115} INFO - [2022-12-21 17:13:14,613] {dag.py:2919} INFO - Setting next_dagrun for example_python_operator to None, run_after=None
[2022-12-21 17:13:14,624] {processor.py:161} INFO - Processing /home/airflow/.local/lib/python3.7/site-packages/airflow/example_dags/example_python_operator.py took 0.071 seconds
[2022-12-21 17:13:45,185] {processor.py:153} INFO - Started process (PID=24413) to work on /home/airflow/.local/lib/python3.7/site-packages/airflow/example_dags/example_python_operator.py
[2022-12-21 17:13:45,186] {processor.py:641} INFO - Processing file /home/airflow/.local/lib/python3.7/site-packages/airflow/example_dags/example_python_operator.py for tasks to queue
[2022-12-21 17:13:45,186] {logging_mixin.py:115} INFO - [2022-12-21 17:13:45,186] {dagbag.py:507} INFO - Filling up the DagBag from /home/airflow/.local/lib/python3.7/site-packages/airflow/example_dags/example_python_operator.py
[2022-12-21 17:13:45,198] {processor.py:651} INFO - DAG(s) dict_keys(['example_python_operator']) retrieved from /home/airflow/.local/lib/python3.7/site-packages/airflow/example_dags/example_python_operator.py
[2022-12-21 17:13:45,222] {logging_mixin.py:115} INFO - [2022-12-21 17:13:45,222] {dag.py:2371} INFO - Sync 1 DAGs
[2022-12-21 17:13:45,239] {logging_mixin.py:115} INFO - [2022-12-21 17:13:45,239] {dag.py:2919} INFO - Setting next_dagrun for example_python_operator to None, run_after=None
[2022-12-21 17:13:45,249] {processor.py:161} INFO - Processing /home/airflow/.local/lib/python3.7/site-packages/airflow/example_dags/example_python_operator.py took 0.066 seconds
[2022-12-21 17:14:15,836] {processor.py:153} INFO - Started process (PID=24480) to work on /home/airflow/.local/lib/python3.7/site-packages/airflow/example_dags/example_python_operator.py
[2022-12-21 17:14:15,836] {processor.py:641} INFO - Processing file /home/airflow/.local/lib/python3.7/site-packages/airflow/example_dags/example_python_operator.py for tasks to queue
[2022-12-21 17:14:15,837] {logging_mixin.py:115} INFO - [2022-12-21 17:14:15,837] {dagbag.py:507} INFO - Filling up the DagBag from /home/airflow/.local/lib/python3.7/site-packages/airflow/example_dags/example_python_operator.py
[2022-12-21 17:14:15,851] {processor.py:651} INFO - DAG(s) dict_keys(['example_python_operator']) retrieved from /home/airflow/.local/lib/python3.7/site-packages/airflow/example_dags/example_python_operator.py
[2022-12-21 17:14:15,874] {logging_mixin.py:115} INFO - [2022-12-21 17:14:15,874] {dag.py:2371} INFO - Sync 1 DAGs
[2022-12-21 17:14:15,891] {logging_mixin.py:115} INFO - [2022-12-21 17:14:15,891] {dag.py:2919} INFO - Setting next_dagrun for example_python_operator to None, run_after=None
[2022-12-21 17:14:15,902] {processor.py:161} INFO - Processing /home/airflow/.local/lib/python3.7/site-packages/airflow/example_dags/example_python_operator.py took 0.069 seconds
[2022-12-21 17:14:46,665] {processor.py:153} INFO - Started process (PID=24546) to work on /home/airflow/.local/lib/python3.7/site-packages/airflow/example_dags/example_python_operator.py
[2022-12-21 17:14:46,666] {processor.py:641} INFO - Processing file /home/airflow/.local/lib/python3.7/site-packages/airflow/example_dags/example_python_operator.py for tasks to queue
[2022-12-21 17:14:46,666] {logging_mixin.py:115} INFO - [2022-12-21 17:14:46,666] {dagbag.py:507} INFO - Filling up the DagBag from /home/airflow/.local/lib/python3.7/site-packages/airflow/example_dags/example_python_operator.py
[2022-12-21 17:14:46,679] {processor.py:651} INFO - DAG(s) dict_keys(['example_python_operator']) retrieved from /home/airflow/.local/lib/python3.7/site-packages/airflow/example_dags/example_python_operator.py
[2022-12-21 17:14:46,699] {logging_mixin.py:115} INFO - [2022-12-21 17:14:46,699] {dag.py:2371} INFO - Sync 1 DAGs
[2022-12-21 17:14:46,717] {logging_mixin.py:115} INFO - [2022-12-21 17:14:46,717] {dag.py:2919} INFO - Setting next_dagrun for example_python_operator to None, run_after=None
[2022-12-21 17:14:46,729] {processor.py:161} INFO - Processing /home/airflow/.local/lib/python3.7/site-packages/airflow/example_dags/example_python_operator.py took 0.066 seconds
[2022-12-21 17:15:17,236] {processor.py:153} INFO - Started process (PID=24602) to work on /home/airflow/.local/lib/python3.7/site-packages/airflow/example_dags/example_python_operator.py
[2022-12-21 17:15:17,236] {processor.py:641} INFO - Processing file /home/airflow/.local/lib/python3.7/site-packages/airflow/example_dags/example_python_operator.py for tasks to queue
[2022-12-21 17:15:17,237] {logging_mixin.py:115} INFO - [2022-12-21 17:15:17,236] {dagbag.py:507} INFO - Filling up the DagBag from /home/airflow/.local/lib/python3.7/site-packages/airflow/example_dags/example_python_operator.py
[2022-12-21 17:15:17,252] {processor.py:651} INFO - DAG(s) dict_keys(['example_python_operator']) retrieved from /home/airflow/.local/lib/python3.7/site-packages/airflow/example_dags/example_python_operator.py
[2022-12-21 17:15:17,272] {logging_mixin.py:115} INFO - [2022-12-21 17:15:17,272] {dag.py:2371} INFO - Sync 1 DAGs
[2022-12-21 17:15:17,290] {logging_mixin.py:115} INFO - [2022-12-21 17:15:17,290] {dag.py:2919} INFO - Setting next_dagrun for example_python_operator to None, run_after=None
[2022-12-21 17:15:17,302] {processor.py:161} INFO - Processing /home/airflow/.local/lib/python3.7/site-packages/airflow/example_dags/example_python_operator.py took 0.070 seconds
[2022-12-21 17:15:47,856] {processor.py:153} INFO - Started process (PID=24668) to work on /home/airflow/.local/lib/python3.7/site-packages/airflow/example_dags/example_python_operator.py
[2022-12-21 17:15:47,857] {processor.py:641} INFO - Processing file /home/airflow/.local/lib/python3.7/site-packages/airflow/example_dags/example_python_operator.py for tasks to queue
[2022-12-21 17:15:47,857] {logging_mixin.py:115} INFO - [2022-12-21 17:15:47,857] {dagbag.py:507} INFO - Filling up the DagBag from /home/airflow/.local/lib/python3.7/site-packages/airflow/example_dags/example_python_operator.py
[2022-12-21 17:15:47,871] {processor.py:651} INFO - DAG(s) dict_keys(['example_python_operator']) retrieved from /home/airflow/.local/lib/python3.7/site-packages/airflow/example_dags/example_python_operator.py
[2022-12-21 17:15:47,892] {logging_mixin.py:115} INFO - [2022-12-21 17:15:47,892] {dag.py:2371} INFO - Sync 1 DAGs
[2022-12-21 17:15:47,910] {logging_mixin.py:115} INFO - [2022-12-21 17:15:47,910] {dag.py:2919} INFO - Setting next_dagrun for example_python_operator to None, run_after=None
[2022-12-21 17:15:47,919] {processor.py:161} INFO - Processing /home/airflow/.local/lib/python3.7/site-packages/airflow/example_dags/example_python_operator.py took 0.065 seconds
[2022-12-21 17:16:18,564] {processor.py:153} INFO - Started process (PID=24734) to work on /home/airflow/.local/lib/python3.7/site-packages/airflow/example_dags/example_python_operator.py
[2022-12-21 17:16:18,564] {processor.py:641} INFO - Processing file /home/airflow/.local/lib/python3.7/site-packages/airflow/example_dags/example_python_operator.py for tasks to queue
[2022-12-21 17:16:18,565] {logging_mixin.py:115} INFO - [2022-12-21 17:16:18,565] {dagbag.py:507} INFO - Filling up the DagBag from /home/airflow/.local/lib/python3.7/site-packages/airflow/example_dags/example_python_operator.py
[2022-12-21 17:16:18,582] {processor.py:651} INFO - DAG(s) dict_keys(['example_python_operator']) retrieved from /home/airflow/.local/lib/python3.7/site-packages/airflow/example_dags/example_python_operator.py
[2022-12-21 17:16:18,606] {logging_mixin.py:115} INFO - [2022-12-21 17:16:18,606] {dag.py:2371} INFO - Sync 1 DAGs
[2022-12-21 17:16:18,626] {logging_mixin.py:115} INFO - [2022-12-21 17:16:18,626] {dag.py:2919} INFO - Setting next_dagrun for example_python_operator to None, run_after=None
[2022-12-21 17:16:18,636] {processor.py:161} INFO - Processing /home/airflow/.local/lib/python3.7/site-packages/airflow/example_dags/example_python_operator.py took 0.075 seconds
[2022-12-21 17:16:49,242] {processor.py:153} INFO - Started process (PID=24801) to work on /home/airflow/.local/lib/python3.7/site-packages/airflow/example_dags/example_python_operator.py
[2022-12-21 17:16:49,242] {processor.py:641} INFO - Processing file /home/airflow/.local/lib/python3.7/site-packages/airflow/example_dags/example_python_operator.py for tasks to queue
[2022-12-21 17:16:49,243] {logging_mixin.py:115} INFO - [2022-12-21 17:16:49,243] {dagbag.py:507} INFO - Filling up the DagBag from /home/airflow/.local/lib/python3.7/site-packages/airflow/example_dags/example_python_operator.py
[2022-12-21 17:16:49,258] {processor.py:651} INFO - DAG(s) dict_keys(['example_python_operator']) retrieved from /home/airflow/.local/lib/python3.7/site-packages/airflow/example_dags/example_python_operator.py
[2022-12-21 17:16:49,278] {logging_mixin.py:115} INFO - [2022-12-21 17:16:49,278] {dag.py:2371} INFO - Sync 1 DAGs
[2022-12-21 17:16:49,297] {logging_mixin.py:115} INFO - [2022-12-21 17:16:49,297] {dag.py:2919} INFO - Setting next_dagrun for example_python_operator to None, run_after=None
[2022-12-21 17:16:49,309] {processor.py:161} INFO - Processing /home/airflow/.local/lib/python3.7/site-packages/airflow/example_dags/example_python_operator.py took 0.070 seconds
[2022-12-21 17:17:19,902] {processor.py:153} INFO - Started process (PID=24857) to work on /home/airflow/.local/lib/python3.7/site-packages/airflow/example_dags/example_python_operator.py
[2022-12-21 17:17:19,903] {processor.py:641} INFO - Processing file /home/airflow/.local/lib/python3.7/site-packages/airflow/example_dags/example_python_operator.py for tasks to queue
[2022-12-21 17:17:19,904] {logging_mixin.py:115} INFO - [2022-12-21 17:17:19,903] {dagbag.py:507} INFO - Filling up the DagBag from /home/airflow/.local/lib/python3.7/site-packages/airflow/example_dags/example_python_operator.py
[2022-12-21 17:17:19,917] {processor.py:651} INFO - DAG(s) dict_keys(['example_python_operator']) retrieved from /home/airflow/.local/lib/python3.7/site-packages/airflow/example_dags/example_python_operator.py
[2022-12-21 17:17:19,936] {logging_mixin.py:115} INFO - [2022-12-21 17:17:19,936] {dag.py:2371} INFO - Sync 1 DAGs
[2022-12-21 17:17:19,954] {logging_mixin.py:115} INFO - [2022-12-21 17:17:19,954] {dag.py:2919} INFO - Setting next_dagrun for example_python_operator to None, run_after=None
[2022-12-21 17:17:19,965] {processor.py:161} INFO - Processing /home/airflow/.local/lib/python3.7/site-packages/airflow/example_dags/example_python_operator.py took 0.066 seconds
[2022-12-21 17:17:50,472] {processor.py:153} INFO - Started process (PID=24924) to work on /home/airflow/.local/lib/python3.7/site-packages/airflow/example_dags/example_python_operator.py
[2022-12-21 17:17:50,473] {processor.py:641} INFO - Processing file /home/airflow/.local/lib/python3.7/site-packages/airflow/example_dags/example_python_operator.py for tasks to queue
[2022-12-21 17:17:50,474] {logging_mixin.py:115} INFO - [2022-12-21 17:17:50,473] {dagbag.py:507} INFO - Filling up the DagBag from /home/airflow/.local/lib/python3.7/site-packages/airflow/example_dags/example_python_operator.py
[2022-12-21 17:17:50,490] {processor.py:651} INFO - DAG(s) dict_keys(['example_python_operator']) retrieved from /home/airflow/.local/lib/python3.7/site-packages/airflow/example_dags/example_python_operator.py
[2022-12-21 17:17:50,509] {logging_mixin.py:115} INFO - [2022-12-21 17:17:50,509] {dag.py:2371} INFO - Sync 1 DAGs
[2022-12-21 17:17:50,527] {logging_mixin.py:115} INFO - [2022-12-21 17:17:50,527] {dag.py:2919} INFO - Setting next_dagrun for example_python_operator to None, run_after=None
[2022-12-21 17:17:50,537] {processor.py:161} INFO - Processing /home/airflow/.local/lib/python3.7/site-packages/airflow/example_dags/example_python_operator.py took 0.067 seconds
[2022-12-21 17:18:21,299] {processor.py:153} INFO - Started process (PID=24994) to work on /home/airflow/.local/lib/python3.7/site-packages/airflow/example_dags/example_python_operator.py
[2022-12-21 17:18:21,300] {processor.py:641} INFO - Processing file /home/airflow/.local/lib/python3.7/site-packages/airflow/example_dags/example_python_operator.py for tasks to queue
[2022-12-21 17:18:21,300] {logging_mixin.py:115} INFO - [2022-12-21 17:18:21,300] {dagbag.py:507} INFO - Filling up the DagBag from /home/airflow/.local/lib/python3.7/site-packages/airflow/example_dags/example_python_operator.py
[2022-12-21 17:18:21,312] {processor.py:651} INFO - DAG(s) dict_keys(['example_python_operator']) retrieved from /home/airflow/.local/lib/python3.7/site-packages/airflow/example_dags/example_python_operator.py
[2022-12-21 17:18:21,338] {logging_mixin.py:115} INFO - [2022-12-21 17:18:21,338] {dag.py:2371} INFO - Sync 1 DAGs
[2022-12-21 17:18:21,358] {logging_mixin.py:115} INFO - [2022-12-21 17:18:21,358] {dag.py:2919} INFO - Setting next_dagrun for example_python_operator to None, run_after=None
[2022-12-21 17:18:21,368] {processor.py:161} INFO - Processing /home/airflow/.local/lib/python3.7/site-packages/airflow/example_dags/example_python_operator.py took 0.072 seconds
[2022-12-21 17:18:52,033] {processor.py:153} INFO - Started process (PID=25061) to work on /home/airflow/.local/lib/python3.7/site-packages/airflow/example_dags/example_python_operator.py
[2022-12-21 17:18:52,034] {processor.py:641} INFO - Processing file /home/airflow/.local/lib/python3.7/site-packages/airflow/example_dags/example_python_operator.py for tasks to queue
[2022-12-21 17:18:52,034] {logging_mixin.py:115} INFO - [2022-12-21 17:18:52,034] {dagbag.py:507} INFO - Filling up the DagBag from /home/airflow/.local/lib/python3.7/site-packages/airflow/example_dags/example_python_operator.py
[2022-12-21 17:18:52,048] {processor.py:651} INFO - DAG(s) dict_keys(['example_python_operator']) retrieved from /home/airflow/.local/lib/python3.7/site-packages/airflow/example_dags/example_python_operator.py
[2022-12-21 17:18:52,066] {logging_mixin.py:115} INFO - [2022-12-21 17:18:52,066] {dag.py:2371} INFO - Sync 1 DAGs
[2022-12-21 17:18:52,083] {logging_mixin.py:115} INFO - [2022-12-21 17:18:52,083] {dag.py:2919} INFO - Setting next_dagrun for example_python_operator to None, run_after=None
[2022-12-21 17:18:52,092] {processor.py:161} INFO - Processing /home/airflow/.local/lib/python3.7/site-packages/airflow/example_dags/example_python_operator.py took 0.062 seconds
[2022-12-21 17:19:22,714] {processor.py:153} INFO - Started process (PID=25119) to work on /home/airflow/.local/lib/python3.7/site-packages/airflow/example_dags/example_python_operator.py
[2022-12-21 17:19:22,715] {processor.py:641} INFO - Processing file /home/airflow/.local/lib/python3.7/site-packages/airflow/example_dags/example_python_operator.py for tasks to queue
[2022-12-21 17:19:22,715] {logging_mixin.py:115} INFO - [2022-12-21 17:19:22,715] {dagbag.py:507} INFO - Filling up the DagBag from /home/airflow/.local/lib/python3.7/site-packages/airflow/example_dags/example_python_operator.py
[2022-12-21 17:19:22,733] {processor.py:651} INFO - DAG(s) dict_keys(['example_python_operator']) retrieved from /home/airflow/.local/lib/python3.7/site-packages/airflow/example_dags/example_python_operator.py
[2022-12-21 17:19:22,753] {logging_mixin.py:115} INFO - [2022-12-21 17:19:22,753] {dag.py:2371} INFO - Sync 1 DAGs
[2022-12-21 17:19:22,776] {logging_mixin.py:115} INFO - [2022-12-21 17:19:22,776] {dag.py:2919} INFO - Setting next_dagrun for example_python_operator to None, run_after=None
[2022-12-21 17:19:22,786] {processor.py:161} INFO - Processing /home/airflow/.local/lib/python3.7/site-packages/airflow/example_dags/example_python_operator.py took 0.075 seconds
[2022-12-21 17:19:53,298] {processor.py:153} INFO - Started process (PID=25185) to work on /home/airflow/.local/lib/python3.7/site-packages/airflow/example_dags/example_python_operator.py
[2022-12-21 17:19:53,298] {processor.py:641} INFO - Processing file /home/airflow/.local/lib/python3.7/site-packages/airflow/example_dags/example_python_operator.py for tasks to queue
[2022-12-21 17:19:53,298] {logging_mixin.py:115} INFO - [2022-12-21 17:19:53,298] {dagbag.py:507} INFO - Filling up the DagBag from /home/airflow/.local/lib/python3.7/site-packages/airflow/example_dags/example_python_operator.py
[2022-12-21 17:19:53,311] {processor.py:651} INFO - DAG(s) dict_keys(['example_python_operator']) retrieved from /home/airflow/.local/lib/python3.7/site-packages/airflow/example_dags/example_python_operator.py
[2022-12-21 17:19:53,332] {logging_mixin.py:115} INFO - [2022-12-21 17:19:53,332] {dag.py:2371} INFO - Sync 1 DAGs
[2022-12-21 17:19:53,349] {logging_mixin.py:115} INFO - [2022-12-21 17:19:53,349] {dag.py:2919} INFO - Setting next_dagrun for example_python_operator to None, run_after=None
[2022-12-21 17:19:53,360] {processor.py:161} INFO - Processing /home/airflow/.local/lib/python3.7/site-packages/airflow/example_dags/example_python_operator.py took 0.065 seconds
[2022-12-21 17:20:24,031] {processor.py:153} INFO - Started process (PID=25252) to work on /home/airflow/.local/lib/python3.7/site-packages/airflow/example_dags/example_python_operator.py
[2022-12-21 17:20:24,032] {processor.py:641} INFO - Processing file /home/airflow/.local/lib/python3.7/site-packages/airflow/example_dags/example_python_operator.py for tasks to queue
[2022-12-21 17:20:24,032] {logging_mixin.py:115} INFO - [2022-12-21 17:20:24,032] {dagbag.py:507} INFO - Filling up the DagBag from /home/airflow/.local/lib/python3.7/site-packages/airflow/example_dags/example_python_operator.py
[2022-12-21 17:20:24,048] {processor.py:651} INFO - DAG(s) dict_keys(['example_python_operator']) retrieved from /home/airflow/.local/lib/python3.7/site-packages/airflow/example_dags/example_python_operator.py
[2022-12-21 17:20:24,068] {logging_mixin.py:115} INFO - [2022-12-21 17:20:24,068] {dag.py:2371} INFO - Sync 1 DAGs
[2022-12-21 17:20:24,088] {logging_mixin.py:115} INFO - [2022-12-21 17:20:24,088] {dag.py:2919} INFO - Setting next_dagrun for example_python_operator to None, run_after=None
[2022-12-21 17:20:24,097] {processor.py:161} INFO - Processing /home/airflow/.local/lib/python3.7/site-packages/airflow/example_dags/example_python_operator.py took 0.070 seconds
[2022-12-21 17:20:54,870] {processor.py:153} INFO - Started process (PID=25318) to work on /home/airflow/.local/lib/python3.7/site-packages/airflow/example_dags/example_python_operator.py
[2022-12-21 17:20:54,870] {processor.py:641} INFO - Processing file /home/airflow/.local/lib/python3.7/site-packages/airflow/example_dags/example_python_operator.py for tasks to queue
[2022-12-21 17:20:54,871] {logging_mixin.py:115} INFO - [2022-12-21 17:20:54,871] {dagbag.py:507} INFO - Filling up the DagBag from /home/airflow/.local/lib/python3.7/site-packages/airflow/example_dags/example_python_operator.py
[2022-12-21 17:20:54,889] {processor.py:651} INFO - DAG(s) dict_keys(['example_python_operator']) retrieved from /home/airflow/.local/lib/python3.7/site-packages/airflow/example_dags/example_python_operator.py
[2022-12-21 17:20:54,911] {logging_mixin.py:115} INFO - [2022-12-21 17:20:54,911] {dag.py:2371} INFO - Sync 1 DAGs
[2022-12-21 17:20:54,932] {logging_mixin.py:115} INFO - [2022-12-21 17:20:54,932] {dag.py:2919} INFO - Setting next_dagrun for example_python_operator to None, run_after=None
[2022-12-21 17:20:54,943] {processor.py:161} INFO - Processing /home/airflow/.local/lib/python3.7/site-packages/airflow/example_dags/example_python_operator.py took 0.075 seconds
[2022-12-21 17:21:25,330] {processor.py:153} INFO - Started process (PID=25376) to work on /home/airflow/.local/lib/python3.7/site-packages/airflow/example_dags/example_python_operator.py
[2022-12-21 17:21:25,330] {processor.py:641} INFO - Processing file /home/airflow/.local/lib/python3.7/site-packages/airflow/example_dags/example_python_operator.py for tasks to queue
[2022-12-21 17:21:25,331] {logging_mixin.py:115} INFO - [2022-12-21 17:21:25,331] {dagbag.py:507} INFO - Filling up the DagBag from /home/airflow/.local/lib/python3.7/site-packages/airflow/example_dags/example_python_operator.py
[2022-12-21 17:21:25,342] {processor.py:651} INFO - DAG(s) dict_keys(['example_python_operator']) retrieved from /home/airflow/.local/lib/python3.7/site-packages/airflow/example_dags/example_python_operator.py
[2022-12-21 17:21:25,362] {logging_mixin.py:115} INFO - [2022-12-21 17:21:25,362] {dag.py:2371} INFO - Sync 1 DAGs
[2022-12-21 17:21:25,380] {logging_mixin.py:115} INFO - [2022-12-21 17:21:25,380] {dag.py:2919} INFO - Setting next_dagrun for example_python_operator to None, run_after=None
[2022-12-21 17:21:25,389] {processor.py:161} INFO - Processing /home/airflow/.local/lib/python3.7/site-packages/airflow/example_dags/example_python_operator.py took 0.063 seconds
[2022-12-21 17:21:55,814] {processor.py:153} INFO - Started process (PID=25442) to work on /home/airflow/.local/lib/python3.7/site-packages/airflow/example_dags/example_python_operator.py
[2022-12-21 17:21:55,815] {processor.py:641} INFO - Processing file /home/airflow/.local/lib/python3.7/site-packages/airflow/example_dags/example_python_operator.py for tasks to queue
[2022-12-21 17:21:55,816] {logging_mixin.py:115} INFO - [2022-12-21 17:21:55,816] {dagbag.py:507} INFO - Filling up the DagBag from /home/airflow/.local/lib/python3.7/site-packages/airflow/example_dags/example_python_operator.py
[2022-12-21 17:21:55,836] {processor.py:651} INFO - DAG(s) dict_keys(['example_python_operator']) retrieved from /home/airflow/.local/lib/python3.7/site-packages/airflow/example_dags/example_python_operator.py
[2022-12-21 17:21:55,858] {logging_mixin.py:115} INFO - [2022-12-21 17:21:55,858] {dag.py:2371} INFO - Sync 1 DAGs
[2022-12-21 17:21:55,878] {logging_mixin.py:115} INFO - [2022-12-21 17:21:55,878] {dag.py:2919} INFO - Setting next_dagrun for example_python_operator to None, run_after=None
[2022-12-21 17:21:55,888] {processor.py:161} INFO - Processing /home/airflow/.local/lib/python3.7/site-packages/airflow/example_dags/example_python_operator.py took 0.077 seconds
[2022-12-21 17:22:26,320] {processor.py:153} INFO - Started process (PID=25510) to work on /home/airflow/.local/lib/python3.7/site-packages/airflow/example_dags/example_python_operator.py
[2022-12-21 17:22:26,321] {processor.py:641} INFO - Processing file /home/airflow/.local/lib/python3.7/site-packages/airflow/example_dags/example_python_operator.py for tasks to queue
[2022-12-21 17:22:26,321] {logging_mixin.py:115} INFO - [2022-12-21 17:22:26,321] {dagbag.py:507} INFO - Filling up the DagBag from /home/airflow/.local/lib/python3.7/site-packages/airflow/example_dags/example_python_operator.py
[2022-12-21 17:22:26,337] {processor.py:651} INFO - DAG(s) dict_keys(['example_python_operator']) retrieved from /home/airflow/.local/lib/python3.7/site-packages/airflow/example_dags/example_python_operator.py
[2022-12-21 17:22:26,359] {logging_mixin.py:115} INFO - [2022-12-21 17:22:26,359] {dag.py:2371} INFO - Sync 1 DAGs
[2022-12-21 17:22:26,379] {logging_mixin.py:115} INFO - [2022-12-21 17:22:26,379] {dag.py:2919} INFO - Setting next_dagrun for example_python_operator to None, run_after=None
[2022-12-21 17:22:26,390] {processor.py:161} INFO - Processing /home/airflow/.local/lib/python3.7/site-packages/airflow/example_dags/example_python_operator.py took 0.073 seconds
[2022-12-21 17:22:56,570] {processor.py:153} INFO - Started process (PID=25567) to work on /home/airflow/.local/lib/python3.7/site-packages/airflow/example_dags/example_python_operator.py
[2022-12-21 17:22:56,571] {processor.py:641} INFO - Processing file /home/airflow/.local/lib/python3.7/site-packages/airflow/example_dags/example_python_operator.py for tasks to queue
[2022-12-21 17:22:56,571] {logging_mixin.py:115} INFO - [2022-12-21 17:22:56,571] {dagbag.py:507} INFO - Filling up the DagBag from /home/airflow/.local/lib/python3.7/site-packages/airflow/example_dags/example_python_operator.py
[2022-12-21 17:22:56,585] {processor.py:651} INFO - DAG(s) dict_keys(['example_python_operator']) retrieved from /home/airflow/.local/lib/python3.7/site-packages/airflow/example_dags/example_python_operator.py
[2022-12-21 17:22:56,605] {logging_mixin.py:115} INFO - [2022-12-21 17:22:56,605] {dag.py:2371} INFO - Sync 1 DAGs
[2022-12-21 17:22:56,623] {logging_mixin.py:115} INFO - [2022-12-21 17:22:56,623] {dag.py:2919} INFO - Setting next_dagrun for example_python_operator to None, run_after=None
[2022-12-21 17:22:56,633] {processor.py:161} INFO - Processing /home/airflow/.local/lib/python3.7/site-packages/airflow/example_dags/example_python_operator.py took 0.065 seconds
[2022-12-21 17:23:27,532] {processor.py:153} INFO - Started process (PID=25634) to work on /home/airflow/.local/lib/python3.7/site-packages/airflow/example_dags/example_python_operator.py
[2022-12-21 17:23:27,533] {processor.py:641} INFO - Processing file /home/airflow/.local/lib/python3.7/site-packages/airflow/example_dags/example_python_operator.py for tasks to queue
[2022-12-21 17:23:27,533] {logging_mixin.py:115} INFO - [2022-12-21 17:23:27,533] {dagbag.py:507} INFO - Filling up the DagBag from /home/airflow/.local/lib/python3.7/site-packages/airflow/example_dags/example_python_operator.py
[2022-12-21 17:23:27,546] {processor.py:651} INFO - DAG(s) dict_keys(['example_python_operator']) retrieved from /home/airflow/.local/lib/python3.7/site-packages/airflow/example_dags/example_python_operator.py
[2022-12-21 17:23:27,570] {logging_mixin.py:115} INFO - [2022-12-21 17:23:27,570] {dag.py:2371} INFO - Sync 1 DAGs
[2022-12-21 17:23:27,588] {logging_mixin.py:115} INFO - [2022-12-21 17:23:27,588] {dag.py:2919} INFO - Setting next_dagrun for example_python_operator to None, run_after=None
[2022-12-21 17:23:27,599] {processor.py:161} INFO - Processing /home/airflow/.local/lib/python3.7/site-packages/airflow/example_dags/example_python_operator.py took 0.069 seconds
