[2022-12-21 16:55:25,748] {processor.py:153} INFO - Started process (PID=22118) to work on /home/airflow/.local/lib/python3.7/site-packages/airflow/example_dags/example_branch_datetime_operator.py
[2022-12-21 16:55:25,748] {processor.py:641} INFO - Processing file /home/airflow/.local/lib/python3.7/site-packages/airflow/example_dags/example_branch_datetime_operator.py for tasks to queue
[2022-12-21 16:55:25,749] {logging_mixin.py:115} INFO - [2022-12-21 16:55:25,749] {dagbag.py:507} INFO - Filling up the DagBag from /home/airflow/.local/lib/python3.7/site-packages/airflow/example_dags/example_branch_datetime_operator.py
[2022-12-21 16:55:25,755] {processor.py:651} INFO - DAG(s) dict_keys(['example_branch_datetime_operator_2']) retrieved from /home/airflow/.local/lib/python3.7/site-packages/airflow/example_dags/example_branch_datetime_operator.py
[2022-12-21 16:55:25,772] {logging_mixin.py:115} INFO - [2022-12-21 16:55:25,772] {dag.py:2371} INFO - Sync 1 DAGs
[2022-12-21 16:55:25,787] {logging_mixin.py:115} INFO - [2022-12-21 16:55:25,787] {dag.py:2919} INFO - Setting next_dagrun for example_branch_datetime_operator_2 to 2022-12-20T00:00:00+00:00, run_after=2022-12-21T00:00:00+00:00
[2022-12-21 16:55:25,796] {processor.py:161} INFO - Processing /home/airflow/.local/lib/python3.7/site-packages/airflow/example_dags/example_branch_datetime_operator.py took 0.050 seconds
[2022-12-21 16:55:56,221] {processor.py:153} INFO - Started process (PID=22184) to work on /home/airflow/.local/lib/python3.7/site-packages/airflow/example_dags/example_branch_datetime_operator.py
[2022-12-21 16:55:56,222] {processor.py:641} INFO - Processing file /home/airflow/.local/lib/python3.7/site-packages/airflow/example_dags/example_branch_datetime_operator.py for tasks to queue
[2022-12-21 16:55:56,222] {logging_mixin.py:115} INFO - [2022-12-21 16:55:56,222] {dagbag.py:507} INFO - Filling up the DagBag from /home/airflow/.local/lib/python3.7/site-packages/airflow/example_dags/example_branch_datetime_operator.py
[2022-12-21 16:55:56,227] {processor.py:651} INFO - DAG(s) dict_keys(['example_branch_datetime_operator_2']) retrieved from /home/airflow/.local/lib/python3.7/site-packages/airflow/example_dags/example_branch_datetime_operator.py
[2022-12-21 16:55:56,244] {logging_mixin.py:115} INFO - [2022-12-21 16:55:56,244] {dag.py:2371} INFO - Sync 1 DAGs
[2022-12-21 16:55:56,260] {logging_mixin.py:115} INFO - [2022-12-21 16:55:56,260] {dag.py:2919} INFO - Setting next_dagrun for example_branch_datetime_operator_2 to 2022-12-20T00:00:00+00:00, run_after=2022-12-21T00:00:00+00:00
[2022-12-21 16:55:56,269] {processor.py:161} INFO - Processing /home/airflow/.local/lib/python3.7/site-packages/airflow/example_dags/example_branch_datetime_operator.py took 0.050 seconds
[2022-12-21 16:56:26,548] {processor.py:153} INFO - Started process (PID=22250) to work on /home/airflow/.local/lib/python3.7/site-packages/airflow/example_dags/example_branch_datetime_operator.py
[2022-12-21 16:56:26,549] {processor.py:641} INFO - Processing file /home/airflow/.local/lib/python3.7/site-packages/airflow/example_dags/example_branch_datetime_operator.py for tasks to queue
[2022-12-21 16:56:26,549] {logging_mixin.py:115} INFO - [2022-12-21 16:56:26,549] {dagbag.py:507} INFO - Filling up the DagBag from /home/airflow/.local/lib/python3.7/site-packages/airflow/example_dags/example_branch_datetime_operator.py
[2022-12-21 16:56:26,556] {processor.py:651} INFO - DAG(s) dict_keys(['example_branch_datetime_operator_2']) retrieved from /home/airflow/.local/lib/python3.7/site-packages/airflow/example_dags/example_branch_datetime_operator.py
[2022-12-21 16:56:26,574] {logging_mixin.py:115} INFO - [2022-12-21 16:56:26,574] {dag.py:2371} INFO - Sync 1 DAGs
[2022-12-21 16:56:26,594] {logging_mixin.py:115} INFO - [2022-12-21 16:56:26,594] {dag.py:2919} INFO - Setting next_dagrun for example_branch_datetime_operator_2 to 2022-12-20T00:00:00+00:00, run_after=2022-12-21T00:00:00+00:00
[2022-12-21 16:56:26,603] {processor.py:161} INFO - Processing /home/airflow/.local/lib/python3.7/site-packages/airflow/example_dags/example_branch_datetime_operator.py took 0.057 seconds
[2022-12-21 16:56:57,110] {processor.py:153} INFO - Started process (PID=22317) to work on /home/airflow/.local/lib/python3.7/site-packages/airflow/example_dags/example_branch_datetime_operator.py
[2022-12-21 16:56:57,111] {processor.py:641} INFO - Processing file /home/airflow/.local/lib/python3.7/site-packages/airflow/example_dags/example_branch_datetime_operator.py for tasks to queue
[2022-12-21 16:56:57,111] {logging_mixin.py:115} INFO - [2022-12-21 16:56:57,111] {dagbag.py:507} INFO - Filling up the DagBag from /home/airflow/.local/lib/python3.7/site-packages/airflow/example_dags/example_branch_datetime_operator.py
[2022-12-21 16:56:57,123] {processor.py:651} INFO - DAG(s) dict_keys(['example_branch_datetime_operator_2']) retrieved from /home/airflow/.local/lib/python3.7/site-packages/airflow/example_dags/example_branch_datetime_operator.py
[2022-12-21 16:56:57,145] {logging_mixin.py:115} INFO - [2022-12-21 16:56:57,145] {dag.py:2371} INFO - Sync 1 DAGs
[2022-12-21 16:56:57,164] {logging_mixin.py:115} INFO - [2022-12-21 16:56:57,164] {dag.py:2919} INFO - Setting next_dagrun for example_branch_datetime_operator_2 to 2022-12-20T00:00:00+00:00, run_after=2022-12-21T00:00:00+00:00
[2022-12-21 16:56:57,176] {processor.py:161} INFO - Processing /home/airflow/.local/lib/python3.7/site-packages/airflow/example_dags/example_branch_datetime_operator.py took 0.069 seconds
[2022-12-21 16:57:27,443] {processor.py:153} INFO - Started process (PID=22374) to work on /home/airflow/.local/lib/python3.7/site-packages/airflow/example_dags/example_branch_datetime_operator.py
[2022-12-21 16:57:27,443] {processor.py:641} INFO - Processing file /home/airflow/.local/lib/python3.7/site-packages/airflow/example_dags/example_branch_datetime_operator.py for tasks to queue
[2022-12-21 16:57:27,444] {logging_mixin.py:115} INFO - [2022-12-21 16:57:27,444] {dagbag.py:507} INFO - Filling up the DagBag from /home/airflow/.local/lib/python3.7/site-packages/airflow/example_dags/example_branch_datetime_operator.py
[2022-12-21 16:57:27,449] {processor.py:651} INFO - DAG(s) dict_keys(['example_branch_datetime_operator_2']) retrieved from /home/airflow/.local/lib/python3.7/site-packages/airflow/example_dags/example_branch_datetime_operator.py
[2022-12-21 16:57:27,467] {logging_mixin.py:115} INFO - [2022-12-21 16:57:27,467] {dag.py:2371} INFO - Sync 1 DAGs
[2022-12-21 16:57:27,482] {logging_mixin.py:115} INFO - [2022-12-21 16:57:27,482] {dag.py:2919} INFO - Setting next_dagrun for example_branch_datetime_operator_2 to 2022-12-20T00:00:00+00:00, run_after=2022-12-21T00:00:00+00:00
[2022-12-21 16:57:27,491] {processor.py:161} INFO - Processing /home/airflow/.local/lib/python3.7/site-packages/airflow/example_dags/example_branch_datetime_operator.py took 0.050 seconds
[2022-12-21 16:57:57,817] {processor.py:153} INFO - Started process (PID=22441) to work on /home/airflow/.local/lib/python3.7/site-packages/airflow/example_dags/example_branch_datetime_operator.py
[2022-12-21 16:57:57,817] {processor.py:641} INFO - Processing file /home/airflow/.local/lib/python3.7/site-packages/airflow/example_dags/example_branch_datetime_operator.py for tasks to queue
[2022-12-21 16:57:57,818] {logging_mixin.py:115} INFO - [2022-12-21 16:57:57,818] {dagbag.py:507} INFO - Filling up the DagBag from /home/airflow/.local/lib/python3.7/site-packages/airflow/example_dags/example_branch_datetime_operator.py
[2022-12-21 16:57:57,823] {processor.py:651} INFO - DAG(s) dict_keys(['example_branch_datetime_operator_2']) retrieved from /home/airflow/.local/lib/python3.7/site-packages/airflow/example_dags/example_branch_datetime_operator.py
[2022-12-21 16:57:57,840] {logging_mixin.py:115} INFO - [2022-12-21 16:57:57,840] {dag.py:2371} INFO - Sync 1 DAGs
[2022-12-21 16:57:57,855] {logging_mixin.py:115} INFO - [2022-12-21 16:57:57,855] {dag.py:2919} INFO - Setting next_dagrun for example_branch_datetime_operator_2 to 2022-12-20T00:00:00+00:00, run_after=2022-12-21T00:00:00+00:00
[2022-12-21 16:57:57,863] {processor.py:161} INFO - Processing /home/airflow/.local/lib/python3.7/site-packages/airflow/example_dags/example_branch_datetime_operator.py took 0.048 seconds
[2022-12-21 16:58:28,271] {processor.py:153} INFO - Started process (PID=22507) to work on /home/airflow/.local/lib/python3.7/site-packages/airflow/example_dags/example_branch_datetime_operator.py
[2022-12-21 16:58:28,272] {processor.py:641} INFO - Processing file /home/airflow/.local/lib/python3.7/site-packages/airflow/example_dags/example_branch_datetime_operator.py for tasks to queue
[2022-12-21 16:58:28,273] {logging_mixin.py:115} INFO - [2022-12-21 16:58:28,273] {dagbag.py:507} INFO - Filling up the DagBag from /home/airflow/.local/lib/python3.7/site-packages/airflow/example_dags/example_branch_datetime_operator.py
[2022-12-21 16:58:28,279] {processor.py:651} INFO - DAG(s) dict_keys(['example_branch_datetime_operator_2']) retrieved from /home/airflow/.local/lib/python3.7/site-packages/airflow/example_dags/example_branch_datetime_operator.py
[2022-12-21 16:58:28,298] {logging_mixin.py:115} INFO - [2022-12-21 16:58:28,298] {dag.py:2371} INFO - Sync 1 DAGs
[2022-12-21 16:58:28,316] {logging_mixin.py:115} INFO - [2022-12-21 16:58:28,316] {dag.py:2919} INFO - Setting next_dagrun for example_branch_datetime_operator_2 to 2022-12-20T00:00:00+00:00, run_after=2022-12-21T00:00:00+00:00
[2022-12-21 16:58:28,325] {processor.py:161} INFO - Processing /home/airflow/.local/lib/python3.7/site-packages/airflow/example_dags/example_branch_datetime_operator.py took 0.056 seconds
[2022-12-21 16:58:58,854] {processor.py:153} INFO - Started process (PID=22573) to work on /home/airflow/.local/lib/python3.7/site-packages/airflow/example_dags/example_branch_datetime_operator.py
[2022-12-21 16:58:58,855] {processor.py:641} INFO - Processing file /home/airflow/.local/lib/python3.7/site-packages/airflow/example_dags/example_branch_datetime_operator.py for tasks to queue
[2022-12-21 16:58:58,855] {logging_mixin.py:115} INFO - [2022-12-21 16:58:58,855] {dagbag.py:507} INFO - Filling up the DagBag from /home/airflow/.local/lib/python3.7/site-packages/airflow/example_dags/example_branch_datetime_operator.py
[2022-12-21 16:58:58,862] {processor.py:651} INFO - DAG(s) dict_keys(['example_branch_datetime_operator_2']) retrieved from /home/airflow/.local/lib/python3.7/site-packages/airflow/example_dags/example_branch_datetime_operator.py
[2022-12-21 16:58:58,881] {logging_mixin.py:115} INFO - [2022-12-21 16:58:58,880] {dag.py:2371} INFO - Sync 1 DAGs
[2022-12-21 16:58:58,896] {logging_mixin.py:115} INFO - [2022-12-21 16:58:58,896] {dag.py:2919} INFO - Setting next_dagrun for example_branch_datetime_operator_2 to 2022-12-20T00:00:00+00:00, run_after=2022-12-21T00:00:00+00:00
[2022-12-21 16:58:58,904] {processor.py:161} INFO - Processing /home/airflow/.local/lib/python3.7/site-packages/airflow/example_dags/example_branch_datetime_operator.py took 0.052 seconds
[2022-12-21 16:59:29,253] {processor.py:153} INFO - Started process (PID=22631) to work on /home/airflow/.local/lib/python3.7/site-packages/airflow/example_dags/example_branch_datetime_operator.py
[2022-12-21 16:59:29,254] {processor.py:641} INFO - Processing file /home/airflow/.local/lib/python3.7/site-packages/airflow/example_dags/example_branch_datetime_operator.py for tasks to queue
[2022-12-21 16:59:29,255] {logging_mixin.py:115} INFO - [2022-12-21 16:59:29,255] {dagbag.py:507} INFO - Filling up the DagBag from /home/airflow/.local/lib/python3.7/site-packages/airflow/example_dags/example_branch_datetime_operator.py
[2022-12-21 16:59:29,262] {processor.py:651} INFO - DAG(s) dict_keys(['example_branch_datetime_operator_2']) retrieved from /home/airflow/.local/lib/python3.7/site-packages/airflow/example_dags/example_branch_datetime_operator.py
[2022-12-21 16:59:29,284] {logging_mixin.py:115} INFO - [2022-12-21 16:59:29,284] {dag.py:2371} INFO - Sync 1 DAGs
[2022-12-21 16:59:29,309] {logging_mixin.py:115} INFO - [2022-12-21 16:59:29,309] {dag.py:2919} INFO - Setting next_dagrun for example_branch_datetime_operator_2 to 2022-12-20T00:00:00+00:00, run_after=2022-12-21T00:00:00+00:00
[2022-12-21 16:59:29,320] {processor.py:161} INFO - Processing /home/airflow/.local/lib/python3.7/site-packages/airflow/example_dags/example_branch_datetime_operator.py took 0.068 seconds
[2022-12-21 16:59:59,830] {processor.py:153} INFO - Started process (PID=22697) to work on /home/airflow/.local/lib/python3.7/site-packages/airflow/example_dags/example_branch_datetime_operator.py
[2022-12-21 16:59:59,830] {processor.py:641} INFO - Processing file /home/airflow/.local/lib/python3.7/site-packages/airflow/example_dags/example_branch_datetime_operator.py for tasks to queue
[2022-12-21 16:59:59,830] {logging_mixin.py:115} INFO - [2022-12-21 16:59:59,830] {dagbag.py:507} INFO - Filling up the DagBag from /home/airflow/.local/lib/python3.7/site-packages/airflow/example_dags/example_branch_datetime_operator.py
[2022-12-21 16:59:59,838] {processor.py:651} INFO - DAG(s) dict_keys(['example_branch_datetime_operator_2']) retrieved from /home/airflow/.local/lib/python3.7/site-packages/airflow/example_dags/example_branch_datetime_operator.py
[2022-12-21 16:59:59,856] {logging_mixin.py:115} INFO - [2022-12-21 16:59:59,856] {dag.py:2371} INFO - Sync 1 DAGs
[2022-12-21 16:59:59,871] {logging_mixin.py:115} INFO - [2022-12-21 16:59:59,871] {dag.py:2919} INFO - Setting next_dagrun for example_branch_datetime_operator_2 to 2022-12-20T00:00:00+00:00, run_after=2022-12-21T00:00:00+00:00
[2022-12-21 16:59:59,879] {processor.py:161} INFO - Processing /home/airflow/.local/lib/python3.7/site-packages/airflow/example_dags/example_branch_datetime_operator.py took 0.052 seconds
[2022-12-21 17:00:30,434] {processor.py:153} INFO - Started process (PID=22764) to work on /home/airflow/.local/lib/python3.7/site-packages/airflow/example_dags/example_branch_datetime_operator.py
[2022-12-21 17:00:30,434] {processor.py:641} INFO - Processing file /home/airflow/.local/lib/python3.7/site-packages/airflow/example_dags/example_branch_datetime_operator.py for tasks to queue
[2022-12-21 17:00:30,435] {logging_mixin.py:115} INFO - [2022-12-21 17:00:30,435] {dagbag.py:507} INFO - Filling up the DagBag from /home/airflow/.local/lib/python3.7/site-packages/airflow/example_dags/example_branch_datetime_operator.py
[2022-12-21 17:00:30,441] {processor.py:651} INFO - DAG(s) dict_keys(['example_branch_datetime_operator_2']) retrieved from /home/airflow/.local/lib/python3.7/site-packages/airflow/example_dags/example_branch_datetime_operator.py
[2022-12-21 17:00:30,459] {logging_mixin.py:115} INFO - [2022-12-21 17:00:30,459] {dag.py:2371} INFO - Sync 1 DAGs
[2022-12-21 17:00:30,475] {logging_mixin.py:115} INFO - [2022-12-21 17:00:30,475] {dag.py:2919} INFO - Setting next_dagrun for example_branch_datetime_operator_2 to 2022-12-20T00:00:00+00:00, run_after=2022-12-21T00:00:00+00:00
[2022-12-21 17:00:30,483] {processor.py:161} INFO - Processing /home/airflow/.local/lib/python3.7/site-packages/airflow/example_dags/example_branch_datetime_operator.py took 0.052 seconds
[2022-12-21 17:01:00,918] {processor.py:153} INFO - Started process (PID=22830) to work on /home/airflow/.local/lib/python3.7/site-packages/airflow/example_dags/example_branch_datetime_operator.py
[2022-12-21 17:01:00,918] {processor.py:641} INFO - Processing file /home/airflow/.local/lib/python3.7/site-packages/airflow/example_dags/example_branch_datetime_operator.py for tasks to queue
[2022-12-21 17:01:00,918] {logging_mixin.py:115} INFO - [2022-12-21 17:01:00,918] {dagbag.py:507} INFO - Filling up the DagBag from /home/airflow/.local/lib/python3.7/site-packages/airflow/example_dags/example_branch_datetime_operator.py
[2022-12-21 17:01:00,925] {processor.py:651} INFO - DAG(s) dict_keys(['example_branch_datetime_operator_2']) retrieved from /home/airflow/.local/lib/python3.7/site-packages/airflow/example_dags/example_branch_datetime_operator.py
[2022-12-21 17:01:00,946] {logging_mixin.py:115} INFO - [2022-12-21 17:01:00,945] {dag.py:2371} INFO - Sync 1 DAGs
[2022-12-21 17:01:00,967] {logging_mixin.py:115} INFO - [2022-12-21 17:01:00,967] {dag.py:2919} INFO - Setting next_dagrun for example_branch_datetime_operator_2 to 2022-12-20T00:00:00+00:00, run_after=2022-12-21T00:00:00+00:00
[2022-12-21 17:01:00,977] {processor.py:161} INFO - Processing /home/airflow/.local/lib/python3.7/site-packages/airflow/example_dags/example_branch_datetime_operator.py took 0.062 seconds
[2022-12-21 17:01:31,471] {processor.py:153} INFO - Started process (PID=22887) to work on /home/airflow/.local/lib/python3.7/site-packages/airflow/example_dags/example_branch_datetime_operator.py
[2022-12-21 17:01:31,472] {processor.py:641} INFO - Processing file /home/airflow/.local/lib/python3.7/site-packages/airflow/example_dags/example_branch_datetime_operator.py for tasks to queue
[2022-12-21 17:01:31,472] {logging_mixin.py:115} INFO - [2022-12-21 17:01:31,472] {dagbag.py:507} INFO - Filling up the DagBag from /home/airflow/.local/lib/python3.7/site-packages/airflow/example_dags/example_branch_datetime_operator.py
[2022-12-21 17:01:31,480] {processor.py:651} INFO - DAG(s) dict_keys(['example_branch_datetime_operator_2']) retrieved from /home/airflow/.local/lib/python3.7/site-packages/airflow/example_dags/example_branch_datetime_operator.py
[2022-12-21 17:01:31,579] {logging_mixin.py:115} INFO - [2022-12-21 17:01:31,578] {dag.py:2371} INFO - Sync 1 DAGs
[2022-12-21 17:01:31,598] {logging_mixin.py:115} INFO - [2022-12-21 17:01:31,598] {dag.py:2919} INFO - Setting next_dagrun for example_branch_datetime_operator_2 to 2022-12-20T00:00:00+00:00, run_after=2022-12-21T00:00:00+00:00
[2022-12-21 17:01:31,608] {processor.py:161} INFO - Processing /home/airflow/.local/lib/python3.7/site-packages/airflow/example_dags/example_branch_datetime_operator.py took 0.140 seconds
[2022-12-21 17:02:02,103] {processor.py:153} INFO - Started process (PID=22952) to work on /home/airflow/.local/lib/python3.7/site-packages/airflow/example_dags/example_branch_datetime_operator.py
[2022-12-21 17:02:02,103] {processor.py:641} INFO - Processing file /home/airflow/.local/lib/python3.7/site-packages/airflow/example_dags/example_branch_datetime_operator.py for tasks to queue
[2022-12-21 17:02:02,104] {logging_mixin.py:115} INFO - [2022-12-21 17:02:02,103] {dagbag.py:507} INFO - Filling up the DagBag from /home/airflow/.local/lib/python3.7/site-packages/airflow/example_dags/example_branch_datetime_operator.py
[2022-12-21 17:02:02,110] {processor.py:651} INFO - DAG(s) dict_keys(['example_branch_datetime_operator_2']) retrieved from /home/airflow/.local/lib/python3.7/site-packages/airflow/example_dags/example_branch_datetime_operator.py
[2022-12-21 17:02:02,132] {logging_mixin.py:115} INFO - [2022-12-21 17:02:02,132] {dag.py:2371} INFO - Sync 1 DAGs
[2022-12-21 17:02:02,154] {logging_mixin.py:115} INFO - [2022-12-21 17:02:02,154] {dag.py:2919} INFO - Setting next_dagrun for example_branch_datetime_operator_2 to 2022-12-20T00:00:00+00:00, run_after=2022-12-21T00:00:00+00:00
[2022-12-21 17:02:02,164] {processor.py:161} INFO - Processing /home/airflow/.local/lib/python3.7/site-packages/airflow/example_dags/example_branch_datetime_operator.py took 0.063 seconds
[2022-12-21 17:02:32,786] {processor.py:153} INFO - Started process (PID=23018) to work on /home/airflow/.local/lib/python3.7/site-packages/airflow/example_dags/example_branch_datetime_operator.py
[2022-12-21 17:02:32,787] {processor.py:641} INFO - Processing file /home/airflow/.local/lib/python3.7/site-packages/airflow/example_dags/example_branch_datetime_operator.py for tasks to queue
[2022-12-21 17:02:32,787] {logging_mixin.py:115} INFO - [2022-12-21 17:02:32,787] {dagbag.py:507} INFO - Filling up the DagBag from /home/airflow/.local/lib/python3.7/site-packages/airflow/example_dags/example_branch_datetime_operator.py
[2022-12-21 17:02:32,793] {processor.py:651} INFO - DAG(s) dict_keys(['example_branch_datetime_operator_2']) retrieved from /home/airflow/.local/lib/python3.7/site-packages/airflow/example_dags/example_branch_datetime_operator.py
[2022-12-21 17:02:32,813] {logging_mixin.py:115} INFO - [2022-12-21 17:02:32,813] {dag.py:2371} INFO - Sync 1 DAGs
[2022-12-21 17:02:32,832] {logging_mixin.py:115} INFO - [2022-12-21 17:02:32,832] {dag.py:2919} INFO - Setting next_dagrun for example_branch_datetime_operator_2 to 2022-12-20T00:00:00+00:00, run_after=2022-12-21T00:00:00+00:00
[2022-12-21 17:02:32,841] {processor.py:161} INFO - Processing /home/airflow/.local/lib/python3.7/site-packages/airflow/example_dags/example_branch_datetime_operator.py took 0.057 seconds
[2022-12-21 17:03:03,427] {processor.py:153} INFO - Started process (PID=23084) to work on /home/airflow/.local/lib/python3.7/site-packages/airflow/example_dags/example_branch_datetime_operator.py
[2022-12-21 17:03:03,427] {processor.py:641} INFO - Processing file /home/airflow/.local/lib/python3.7/site-packages/airflow/example_dags/example_branch_datetime_operator.py for tasks to queue
[2022-12-21 17:03:03,428] {logging_mixin.py:115} INFO - [2022-12-21 17:03:03,428] {dagbag.py:507} INFO - Filling up the DagBag from /home/airflow/.local/lib/python3.7/site-packages/airflow/example_dags/example_branch_datetime_operator.py
[2022-12-21 17:03:03,434] {processor.py:651} INFO - DAG(s) dict_keys(['example_branch_datetime_operator_2']) retrieved from /home/airflow/.local/lib/python3.7/site-packages/airflow/example_dags/example_branch_datetime_operator.py
[2022-12-21 17:03:03,455] {logging_mixin.py:115} INFO - [2022-12-21 17:03:03,455] {dag.py:2371} INFO - Sync 1 DAGs
[2022-12-21 17:03:03,472] {logging_mixin.py:115} INFO - [2022-12-21 17:03:03,472] {dag.py:2919} INFO - Setting next_dagrun for example_branch_datetime_operator_2 to 2022-12-20T00:00:00+00:00, run_after=2022-12-21T00:00:00+00:00
[2022-12-21 17:03:03,482] {processor.py:161} INFO - Processing /home/airflow/.local/lib/python3.7/site-packages/airflow/example_dags/example_branch_datetime_operator.py took 0.058 seconds
[2022-12-21 17:03:34,221] {processor.py:153} INFO - Started process (PID=23141) to work on /home/airflow/.local/lib/python3.7/site-packages/airflow/example_dags/example_branch_datetime_operator.py
[2022-12-21 17:03:34,222] {processor.py:641} INFO - Processing file /home/airflow/.local/lib/python3.7/site-packages/airflow/example_dags/example_branch_datetime_operator.py for tasks to queue
[2022-12-21 17:03:34,222] {logging_mixin.py:115} INFO - [2022-12-21 17:03:34,222] {dagbag.py:507} INFO - Filling up the DagBag from /home/airflow/.local/lib/python3.7/site-packages/airflow/example_dags/example_branch_datetime_operator.py
[2022-12-21 17:03:34,230] {processor.py:651} INFO - DAG(s) dict_keys(['example_branch_datetime_operator_2']) retrieved from /home/airflow/.local/lib/python3.7/site-packages/airflow/example_dags/example_branch_datetime_operator.py
[2022-12-21 17:03:34,251] {logging_mixin.py:115} INFO - [2022-12-21 17:03:34,251] {dag.py:2371} INFO - Sync 1 DAGs
[2022-12-21 17:03:34,269] {logging_mixin.py:115} INFO - [2022-12-21 17:03:34,269] {dag.py:2919} INFO - Setting next_dagrun for example_branch_datetime_operator_2 to 2022-12-20T00:00:00+00:00, run_after=2022-12-21T00:00:00+00:00
[2022-12-21 17:03:34,279] {processor.py:161} INFO - Processing /home/airflow/.local/lib/python3.7/site-packages/airflow/example_dags/example_branch_datetime_operator.py took 0.061 seconds
[2022-12-21 17:04:04,859] {processor.py:153} INFO - Started process (PID=23208) to work on /home/airflow/.local/lib/python3.7/site-packages/airflow/example_dags/example_branch_datetime_operator.py
[2022-12-21 17:04:04,860] {processor.py:641} INFO - Processing file /home/airflow/.local/lib/python3.7/site-packages/airflow/example_dags/example_branch_datetime_operator.py for tasks to queue
[2022-12-21 17:04:04,861] {logging_mixin.py:115} INFO - [2022-12-21 17:04:04,861] {dagbag.py:507} INFO - Filling up the DagBag from /home/airflow/.local/lib/python3.7/site-packages/airflow/example_dags/example_branch_datetime_operator.py
[2022-12-21 17:04:04,868] {processor.py:651} INFO - DAG(s) dict_keys(['example_branch_datetime_operator_2']) retrieved from /home/airflow/.local/lib/python3.7/site-packages/airflow/example_dags/example_branch_datetime_operator.py
[2022-12-21 17:04:04,889] {logging_mixin.py:115} INFO - [2022-12-21 17:04:04,889] {dag.py:2371} INFO - Sync 1 DAGs
[2022-12-21 17:04:04,905] {logging_mixin.py:115} INFO - [2022-12-21 17:04:04,905] {dag.py:2919} INFO - Setting next_dagrun for example_branch_datetime_operator_2 to 2022-12-20T00:00:00+00:00, run_after=2022-12-21T00:00:00+00:00
[2022-12-21 17:04:04,914] {processor.py:161} INFO - Processing /home/airflow/.local/lib/python3.7/site-packages/airflow/example_dags/example_branch_datetime_operator.py took 0.058 seconds
[2022-12-21 17:04:35,381] {processor.py:153} INFO - Started process (PID=23274) to work on /home/airflow/.local/lib/python3.7/site-packages/airflow/example_dags/example_branch_datetime_operator.py
[2022-12-21 17:04:35,382] {processor.py:641} INFO - Processing file /home/airflow/.local/lib/python3.7/site-packages/airflow/example_dags/example_branch_datetime_operator.py for tasks to queue
[2022-12-21 17:04:35,383] {logging_mixin.py:115} INFO - [2022-12-21 17:04:35,383] {dagbag.py:507} INFO - Filling up the DagBag from /home/airflow/.local/lib/python3.7/site-packages/airflow/example_dags/example_branch_datetime_operator.py
[2022-12-21 17:04:35,393] {processor.py:651} INFO - DAG(s) dict_keys(['example_branch_datetime_operator_2']) retrieved from /home/airflow/.local/lib/python3.7/site-packages/airflow/example_dags/example_branch_datetime_operator.py
[2022-12-21 17:04:35,418] {logging_mixin.py:115} INFO - [2022-12-21 17:04:35,417] {dag.py:2371} INFO - Sync 1 DAGs
[2022-12-21 17:04:35,441] {logging_mixin.py:115} INFO - [2022-12-21 17:04:35,441] {dag.py:2919} INFO - Setting next_dagrun for example_branch_datetime_operator_2 to 2022-12-20T00:00:00+00:00, run_after=2022-12-21T00:00:00+00:00
[2022-12-21 17:04:35,451] {processor.py:161} INFO - Processing /home/airflow/.local/lib/python3.7/site-packages/airflow/example_dags/example_branch_datetime_operator.py took 0.073 seconds
[2022-12-21 17:05:05,885] {processor.py:153} INFO - Started process (PID=23340) to work on /home/airflow/.local/lib/python3.7/site-packages/airflow/example_dags/example_branch_datetime_operator.py
[2022-12-21 17:05:05,886] {processor.py:641} INFO - Processing file /home/airflow/.local/lib/python3.7/site-packages/airflow/example_dags/example_branch_datetime_operator.py for tasks to queue
[2022-12-21 17:05:05,887] {logging_mixin.py:115} INFO - [2022-12-21 17:05:05,887] {dagbag.py:507} INFO - Filling up the DagBag from /home/airflow/.local/lib/python3.7/site-packages/airflow/example_dags/example_branch_datetime_operator.py
[2022-12-21 17:05:05,895] {processor.py:651} INFO - DAG(s) dict_keys(['example_branch_datetime_operator_2']) retrieved from /home/airflow/.local/lib/python3.7/site-packages/airflow/example_dags/example_branch_datetime_operator.py
[2022-12-21 17:05:05,919] {logging_mixin.py:115} INFO - [2022-12-21 17:05:05,919] {dag.py:2371} INFO - Sync 1 DAGs
[2022-12-21 17:05:05,938] {logging_mixin.py:115} INFO - [2022-12-21 17:05:05,938] {dag.py:2919} INFO - Setting next_dagrun for example_branch_datetime_operator_2 to 2022-12-20T00:00:00+00:00, run_after=2022-12-21T00:00:00+00:00
[2022-12-21 17:05:05,947] {processor.py:161} INFO - Processing /home/airflow/.local/lib/python3.7/site-packages/airflow/example_dags/example_branch_datetime_operator.py took 0.066 seconds
[2022-12-21 17:05:36,545] {processor.py:153} INFO - Started process (PID=23396) to work on /home/airflow/.local/lib/python3.7/site-packages/airflow/example_dags/example_branch_datetime_operator.py
[2022-12-21 17:05:36,546] {processor.py:641} INFO - Processing file /home/airflow/.local/lib/python3.7/site-packages/airflow/example_dags/example_branch_datetime_operator.py for tasks to queue
[2022-12-21 17:05:36,549] {logging_mixin.py:115} INFO - [2022-12-21 17:05:36,549] {dagbag.py:507} INFO - Filling up the DagBag from /home/airflow/.local/lib/python3.7/site-packages/airflow/example_dags/example_branch_datetime_operator.py
[2022-12-21 17:05:36,563] {processor.py:651} INFO - DAG(s) dict_keys(['example_branch_datetime_operator_2']) retrieved from /home/airflow/.local/lib/python3.7/site-packages/airflow/example_dags/example_branch_datetime_operator.py
[2022-12-21 17:05:36,587] {logging_mixin.py:115} INFO - [2022-12-21 17:05:36,587] {dag.py:2371} INFO - Sync 1 DAGs
[2022-12-21 17:05:36,609] {logging_mixin.py:115} INFO - [2022-12-21 17:05:36,609] {dag.py:2919} INFO - Setting next_dagrun for example_branch_datetime_operator_2 to 2022-12-20T00:00:00+00:00, run_after=2022-12-21T00:00:00+00:00
[2022-12-21 17:05:36,621] {processor.py:161} INFO - Processing /home/airflow/.local/lib/python3.7/site-packages/airflow/example_dags/example_branch_datetime_operator.py took 0.078 seconds
[2022-12-21 17:06:07,516] {processor.py:153} INFO - Started process (PID=23463) to work on /home/airflow/.local/lib/python3.7/site-packages/airflow/example_dags/example_branch_datetime_operator.py
[2022-12-21 17:06:07,517] {processor.py:641} INFO - Processing file /home/airflow/.local/lib/python3.7/site-packages/airflow/example_dags/example_branch_datetime_operator.py for tasks to queue
[2022-12-21 17:06:07,517] {logging_mixin.py:115} INFO - [2022-12-21 17:06:07,517] {dagbag.py:507} INFO - Filling up the DagBag from /home/airflow/.local/lib/python3.7/site-packages/airflow/example_dags/example_branch_datetime_operator.py
[2022-12-21 17:06:07,524] {processor.py:651} INFO - DAG(s) dict_keys(['example_branch_datetime_operator_2']) retrieved from /home/airflow/.local/lib/python3.7/site-packages/airflow/example_dags/example_branch_datetime_operator.py
[2022-12-21 17:06:07,544] {logging_mixin.py:115} INFO - [2022-12-21 17:06:07,543] {dag.py:2371} INFO - Sync 1 DAGs
[2022-12-21 17:06:07,562] {logging_mixin.py:115} INFO - [2022-12-21 17:06:07,562] {dag.py:2919} INFO - Setting next_dagrun for example_branch_datetime_operator_2 to 2022-12-20T00:00:00+00:00, run_after=2022-12-21T00:00:00+00:00
[2022-12-21 17:06:07,570] {processor.py:161} INFO - Processing /home/airflow/.local/lib/python3.7/site-packages/airflow/example_dags/example_branch_datetime_operator.py took 0.056 seconds
[2022-12-21 17:06:38,058] {processor.py:153} INFO - Started process (PID=23530) to work on /home/airflow/.local/lib/python3.7/site-packages/airflow/example_dags/example_branch_datetime_operator.py
[2022-12-21 17:06:38,059] {processor.py:641} INFO - Processing file /home/airflow/.local/lib/python3.7/site-packages/airflow/example_dags/example_branch_datetime_operator.py for tasks to queue
[2022-12-21 17:06:38,059] {logging_mixin.py:115} INFO - [2022-12-21 17:06:38,059] {dagbag.py:507} INFO - Filling up the DagBag from /home/airflow/.local/lib/python3.7/site-packages/airflow/example_dags/example_branch_datetime_operator.py
[2022-12-21 17:06:38,066] {processor.py:651} INFO - DAG(s) dict_keys(['example_branch_datetime_operator_2']) retrieved from /home/airflow/.local/lib/python3.7/site-packages/airflow/example_dags/example_branch_datetime_operator.py
[2022-12-21 17:06:38,084] {logging_mixin.py:115} INFO - [2022-12-21 17:06:38,084] {dag.py:2371} INFO - Sync 1 DAGs
[2022-12-21 17:06:38,101] {logging_mixin.py:115} INFO - [2022-12-21 17:06:38,101] {dag.py:2919} INFO - Setting next_dagrun for example_branch_datetime_operator_2 to 2022-12-20T00:00:00+00:00, run_after=2022-12-21T00:00:00+00:00
[2022-12-21 17:06:38,111] {processor.py:161} INFO - Processing /home/airflow/.local/lib/python3.7/site-packages/airflow/example_dags/example_branch_datetime_operator.py took 0.055 seconds
[2022-12-21 17:07:08,580] {processor.py:153} INFO - Started process (PID=23596) to work on /home/airflow/.local/lib/python3.7/site-packages/airflow/example_dags/example_branch_datetime_operator.py
[2022-12-21 17:07:08,581] {processor.py:641} INFO - Processing file /home/airflow/.local/lib/python3.7/site-packages/airflow/example_dags/example_branch_datetime_operator.py for tasks to queue
[2022-12-21 17:07:08,581] {logging_mixin.py:115} INFO - [2022-12-21 17:07:08,581] {dagbag.py:507} INFO - Filling up the DagBag from /home/airflow/.local/lib/python3.7/site-packages/airflow/example_dags/example_branch_datetime_operator.py
[2022-12-21 17:07:08,587] {processor.py:651} INFO - DAG(s) dict_keys(['example_branch_datetime_operator_2']) retrieved from /home/airflow/.local/lib/python3.7/site-packages/airflow/example_dags/example_branch_datetime_operator.py
[2022-12-21 17:07:08,605] {logging_mixin.py:115} INFO - [2022-12-21 17:07:08,605] {dag.py:2371} INFO - Sync 1 DAGs
[2022-12-21 17:07:08,622] {logging_mixin.py:115} INFO - [2022-12-21 17:07:08,622] {dag.py:2919} INFO - Setting next_dagrun for example_branch_datetime_operator_2 to 2022-12-20T00:00:00+00:00, run_after=2022-12-21T00:00:00+00:00
[2022-12-21 17:07:08,632] {processor.py:161} INFO - Processing /home/airflow/.local/lib/python3.7/site-packages/airflow/example_dags/example_branch_datetime_operator.py took 0.055 seconds
[2022-12-21 17:07:39,153] {processor.py:153} INFO - Started process (PID=23652) to work on /home/airflow/.local/lib/python3.7/site-packages/airflow/example_dags/example_branch_datetime_operator.py
[2022-12-21 17:07:39,153] {processor.py:641} INFO - Processing file /home/airflow/.local/lib/python3.7/site-packages/airflow/example_dags/example_branch_datetime_operator.py for tasks to queue
[2022-12-21 17:07:39,154] {logging_mixin.py:115} INFO - [2022-12-21 17:07:39,154] {dagbag.py:507} INFO - Filling up the DagBag from /home/airflow/.local/lib/python3.7/site-packages/airflow/example_dags/example_branch_datetime_operator.py
[2022-12-21 17:07:39,161] {processor.py:651} INFO - DAG(s) dict_keys(['example_branch_datetime_operator_2']) retrieved from /home/airflow/.local/lib/python3.7/site-packages/airflow/example_dags/example_branch_datetime_operator.py
[2022-12-21 17:07:39,180] {logging_mixin.py:115} INFO - [2022-12-21 17:07:39,180] {dag.py:2371} INFO - Sync 1 DAGs
[2022-12-21 17:07:39,198] {logging_mixin.py:115} INFO - [2022-12-21 17:07:39,197] {dag.py:2919} INFO - Setting next_dagrun for example_branch_datetime_operator_2 to 2022-12-20T00:00:00+00:00, run_after=2022-12-21T00:00:00+00:00
[2022-12-21 17:07:39,206] {processor.py:161} INFO - Processing /home/airflow/.local/lib/python3.7/site-packages/airflow/example_dags/example_branch_datetime_operator.py took 0.057 seconds
[2022-12-21 17:08:09,713] {processor.py:153} INFO - Started process (PID=23718) to work on /home/airflow/.local/lib/python3.7/site-packages/airflow/example_dags/example_branch_datetime_operator.py
[2022-12-21 17:08:09,713] {processor.py:641} INFO - Processing file /home/airflow/.local/lib/python3.7/site-packages/airflow/example_dags/example_branch_datetime_operator.py for tasks to queue
[2022-12-21 17:08:09,714] {logging_mixin.py:115} INFO - [2022-12-21 17:08:09,714] {dagbag.py:507} INFO - Filling up the DagBag from /home/airflow/.local/lib/python3.7/site-packages/airflow/example_dags/example_branch_datetime_operator.py
[2022-12-21 17:08:09,721] {processor.py:651} INFO - DAG(s) dict_keys(['example_branch_datetime_operator_2']) retrieved from /home/airflow/.local/lib/python3.7/site-packages/airflow/example_dags/example_branch_datetime_operator.py
[2022-12-21 17:08:09,742] {logging_mixin.py:115} INFO - [2022-12-21 17:08:09,742] {dag.py:2371} INFO - Sync 1 DAGs
[2022-12-21 17:08:09,759] {logging_mixin.py:115} INFO - [2022-12-21 17:08:09,759] {dag.py:2919} INFO - Setting next_dagrun for example_branch_datetime_operator_2 to 2022-12-20T00:00:00+00:00, run_after=2022-12-21T00:00:00+00:00
[2022-12-21 17:08:09,769] {processor.py:161} INFO - Processing /home/airflow/.local/lib/python3.7/site-packages/airflow/example_dags/example_branch_datetime_operator.py took 0.058 seconds
[2022-12-21 17:08:40,337] {processor.py:153} INFO - Started process (PID=23785) to work on /home/airflow/.local/lib/python3.7/site-packages/airflow/example_dags/example_branch_datetime_operator.py
[2022-12-21 17:08:40,338] {processor.py:641} INFO - Processing file /home/airflow/.local/lib/python3.7/site-packages/airflow/example_dags/example_branch_datetime_operator.py for tasks to queue
[2022-12-21 17:08:40,338] {logging_mixin.py:115} INFO - [2022-12-21 17:08:40,338] {dagbag.py:507} INFO - Filling up the DagBag from /home/airflow/.local/lib/python3.7/site-packages/airflow/example_dags/example_branch_datetime_operator.py
[2022-12-21 17:08:40,345] {processor.py:651} INFO - DAG(s) dict_keys(['example_branch_datetime_operator_2']) retrieved from /home/airflow/.local/lib/python3.7/site-packages/airflow/example_dags/example_branch_datetime_operator.py
[2022-12-21 17:08:40,366] {logging_mixin.py:115} INFO - [2022-12-21 17:08:40,365] {dag.py:2371} INFO - Sync 1 DAGs
[2022-12-21 17:08:40,384] {logging_mixin.py:115} INFO - [2022-12-21 17:08:40,384] {dag.py:2919} INFO - Setting next_dagrun for example_branch_datetime_operator_2 to 2022-12-20T00:00:00+00:00, run_after=2022-12-21T00:00:00+00:00
[2022-12-21 17:08:40,393] {processor.py:161} INFO - Processing /home/airflow/.local/lib/python3.7/site-packages/airflow/example_dags/example_branch_datetime_operator.py took 0.059 seconds
[2022-12-21 17:09:10,928] {processor.py:153} INFO - Started process (PID=23842) to work on /home/airflow/.local/lib/python3.7/site-packages/airflow/example_dags/example_branch_datetime_operator.py
[2022-12-21 17:09:10,929] {processor.py:641} INFO - Processing file /home/airflow/.local/lib/python3.7/site-packages/airflow/example_dags/example_branch_datetime_operator.py for tasks to queue
[2022-12-21 17:09:10,929] {logging_mixin.py:115} INFO - [2022-12-21 17:09:10,929] {dagbag.py:507} INFO - Filling up the DagBag from /home/airflow/.local/lib/python3.7/site-packages/airflow/example_dags/example_branch_datetime_operator.py
[2022-12-21 17:09:10,936] {processor.py:651} INFO - DAG(s) dict_keys(['example_branch_datetime_operator_2']) retrieved from /home/airflow/.local/lib/python3.7/site-packages/airflow/example_dags/example_branch_datetime_operator.py
[2022-12-21 17:09:10,957] {logging_mixin.py:115} INFO - [2022-12-21 17:09:10,957] {dag.py:2371} INFO - Sync 1 DAGs
[2022-12-21 17:09:10,978] {logging_mixin.py:115} INFO - [2022-12-21 17:09:10,978] {dag.py:2919} INFO - Setting next_dagrun for example_branch_datetime_operator_2 to 2022-12-20T00:00:00+00:00, run_after=2022-12-21T00:00:00+00:00
[2022-12-21 17:09:10,991] {processor.py:161} INFO - Processing /home/airflow/.local/lib/python3.7/site-packages/airflow/example_dags/example_branch_datetime_operator.py took 0.066 seconds
[2022-12-21 17:09:41,715] {processor.py:153} INFO - Started process (PID=23909) to work on /home/airflow/.local/lib/python3.7/site-packages/airflow/example_dags/example_branch_datetime_operator.py
[2022-12-21 17:09:41,715] {processor.py:641} INFO - Processing file /home/airflow/.local/lib/python3.7/site-packages/airflow/example_dags/example_branch_datetime_operator.py for tasks to queue
[2022-12-21 17:09:41,716] {logging_mixin.py:115} INFO - [2022-12-21 17:09:41,716] {dagbag.py:507} INFO - Filling up the DagBag from /home/airflow/.local/lib/python3.7/site-packages/airflow/example_dags/example_branch_datetime_operator.py
[2022-12-21 17:09:41,721] {processor.py:651} INFO - DAG(s) dict_keys(['example_branch_datetime_operator_2']) retrieved from /home/airflow/.local/lib/python3.7/site-packages/airflow/example_dags/example_branch_datetime_operator.py
[2022-12-21 17:09:41,740] {logging_mixin.py:115} INFO - [2022-12-21 17:09:41,740] {dag.py:2371} INFO - Sync 1 DAGs
[2022-12-21 17:09:41,757] {logging_mixin.py:115} INFO - [2022-12-21 17:09:41,757] {dag.py:2919} INFO - Setting next_dagrun for example_branch_datetime_operator_2 to 2022-12-20T00:00:00+00:00, run_after=2022-12-21T00:00:00+00:00
[2022-12-21 17:09:41,766] {processor.py:161} INFO - Processing /home/airflow/.local/lib/python3.7/site-packages/airflow/example_dags/example_branch_datetime_operator.py took 0.053 seconds
[2022-12-21 17:10:12,447] {processor.py:153} INFO - Started process (PID=23976) to work on /home/airflow/.local/lib/python3.7/site-packages/airflow/example_dags/example_branch_datetime_operator.py
[2022-12-21 17:10:12,448] {processor.py:641} INFO - Processing file /home/airflow/.local/lib/python3.7/site-packages/airflow/example_dags/example_branch_datetime_operator.py for tasks to queue
[2022-12-21 17:10:12,448] {logging_mixin.py:115} INFO - [2022-12-21 17:10:12,448] {dagbag.py:507} INFO - Filling up the DagBag from /home/airflow/.local/lib/python3.7/site-packages/airflow/example_dags/example_branch_datetime_operator.py
[2022-12-21 17:10:12,455] {processor.py:651} INFO - DAG(s) dict_keys(['example_branch_datetime_operator_2']) retrieved from /home/airflow/.local/lib/python3.7/site-packages/airflow/example_dags/example_branch_datetime_operator.py
[2022-12-21 17:10:12,475] {logging_mixin.py:115} INFO - [2022-12-21 17:10:12,475] {dag.py:2371} INFO - Sync 1 DAGs
[2022-12-21 17:10:12,495] {logging_mixin.py:115} INFO - [2022-12-21 17:10:12,495] {dag.py:2919} INFO - Setting next_dagrun for example_branch_datetime_operator_2 to 2022-12-20T00:00:00+00:00, run_after=2022-12-21T00:00:00+00:00
[2022-12-21 17:10:12,504] {processor.py:161} INFO - Processing /home/airflow/.local/lib/python3.7/site-packages/airflow/example_dags/example_branch_datetime_operator.py took 0.060 seconds
[2022-12-21 17:10:42,988] {processor.py:153} INFO - Started process (PID=24043) to work on /home/airflow/.local/lib/python3.7/site-packages/airflow/example_dags/example_branch_datetime_operator.py
[2022-12-21 17:10:42,989] {processor.py:641} INFO - Processing file /home/airflow/.local/lib/python3.7/site-packages/airflow/example_dags/example_branch_datetime_operator.py for tasks to queue
[2022-12-21 17:10:42,990] {logging_mixin.py:115} INFO - [2022-12-21 17:10:42,990] {dagbag.py:507} INFO - Filling up the DagBag from /home/airflow/.local/lib/python3.7/site-packages/airflow/example_dags/example_branch_datetime_operator.py
[2022-12-21 17:10:42,996] {processor.py:651} INFO - DAG(s) dict_keys(['example_branch_datetime_operator_2']) retrieved from /home/airflow/.local/lib/python3.7/site-packages/airflow/example_dags/example_branch_datetime_operator.py
[2022-12-21 17:10:43,017] {logging_mixin.py:115} INFO - [2022-12-21 17:10:43,017] {dag.py:2371} INFO - Sync 1 DAGs
[2022-12-21 17:10:43,036] {logging_mixin.py:115} INFO - [2022-12-21 17:10:43,036] {dag.py:2919} INFO - Setting next_dagrun for example_branch_datetime_operator_2 to 2022-12-20T00:00:00+00:00, run_after=2022-12-21T00:00:00+00:00
[2022-12-21 17:10:43,045] {processor.py:161} INFO - Processing /home/airflow/.local/lib/python3.7/site-packages/airflow/example_dags/example_branch_datetime_operator.py took 0.059 seconds
[2022-12-21 17:11:13,619] {processor.py:153} INFO - Started process (PID=24099) to work on /home/airflow/.local/lib/python3.7/site-packages/airflow/example_dags/example_branch_datetime_operator.py
[2022-12-21 17:11:13,620] {processor.py:641} INFO - Processing file /home/airflow/.local/lib/python3.7/site-packages/airflow/example_dags/example_branch_datetime_operator.py for tasks to queue
[2022-12-21 17:11:13,620] {logging_mixin.py:115} INFO - [2022-12-21 17:11:13,620] {dagbag.py:507} INFO - Filling up the DagBag from /home/airflow/.local/lib/python3.7/site-packages/airflow/example_dags/example_branch_datetime_operator.py
[2022-12-21 17:11:13,627] {processor.py:651} INFO - DAG(s) dict_keys(['example_branch_datetime_operator_2']) retrieved from /home/airflow/.local/lib/python3.7/site-packages/airflow/example_dags/example_branch_datetime_operator.py
[2022-12-21 17:11:13,647] {logging_mixin.py:115} INFO - [2022-12-21 17:11:13,647] {dag.py:2371} INFO - Sync 1 DAGs
[2022-12-21 17:11:13,667] {logging_mixin.py:115} INFO - [2022-12-21 17:11:13,666] {dag.py:2919} INFO - Setting next_dagrun for example_branch_datetime_operator_2 to 2022-12-20T00:00:00+00:00, run_after=2022-12-21T00:00:00+00:00
[2022-12-21 17:11:13,675] {processor.py:161} INFO - Processing /home/airflow/.local/lib/python3.7/site-packages/airflow/example_dags/example_branch_datetime_operator.py took 0.059 seconds
[2022-12-21 17:11:44,236] {processor.py:153} INFO - Started process (PID=24165) to work on /home/airflow/.local/lib/python3.7/site-packages/airflow/example_dags/example_branch_datetime_operator.py
[2022-12-21 17:11:44,236] {processor.py:641} INFO - Processing file /home/airflow/.local/lib/python3.7/site-packages/airflow/example_dags/example_branch_datetime_operator.py for tasks to queue
[2022-12-21 17:11:44,236] {logging_mixin.py:115} INFO - [2022-12-21 17:11:44,236] {dagbag.py:507} INFO - Filling up the DagBag from /home/airflow/.local/lib/python3.7/site-packages/airflow/example_dags/example_branch_datetime_operator.py
[2022-12-21 17:11:44,243] {processor.py:651} INFO - DAG(s) dict_keys(['example_branch_datetime_operator_2']) retrieved from /home/airflow/.local/lib/python3.7/site-packages/airflow/example_dags/example_branch_datetime_operator.py
[2022-12-21 17:11:44,263] {logging_mixin.py:115} INFO - [2022-12-21 17:11:44,263] {dag.py:2371} INFO - Sync 1 DAGs
[2022-12-21 17:11:44,281] {logging_mixin.py:115} INFO - [2022-12-21 17:11:44,281] {dag.py:2919} INFO - Setting next_dagrun for example_branch_datetime_operator_2 to 2022-12-20T00:00:00+00:00, run_after=2022-12-21T00:00:00+00:00
[2022-12-21 17:11:44,290] {processor.py:161} INFO - Processing /home/airflow/.local/lib/python3.7/site-packages/airflow/example_dags/example_branch_datetime_operator.py took 0.057 seconds
[2022-12-21 17:12:14,865] {processor.py:153} INFO - Started process (PID=24231) to work on /home/airflow/.local/lib/python3.7/site-packages/airflow/example_dags/example_branch_datetime_operator.py
[2022-12-21 17:12:14,865] {processor.py:641} INFO - Processing file /home/airflow/.local/lib/python3.7/site-packages/airflow/example_dags/example_branch_datetime_operator.py for tasks to queue
[2022-12-21 17:12:14,866] {logging_mixin.py:115} INFO - [2022-12-21 17:12:14,866] {dagbag.py:507} INFO - Filling up the DagBag from /home/airflow/.local/lib/python3.7/site-packages/airflow/example_dags/example_branch_datetime_operator.py
[2022-12-21 17:12:14,872] {processor.py:651} INFO - DAG(s) dict_keys(['example_branch_datetime_operator_2']) retrieved from /home/airflow/.local/lib/python3.7/site-packages/airflow/example_dags/example_branch_datetime_operator.py
[2022-12-21 17:12:14,892] {logging_mixin.py:115} INFO - [2022-12-21 17:12:14,892] {dag.py:2371} INFO - Sync 1 DAGs
[2022-12-21 17:12:14,912] {logging_mixin.py:115} INFO - [2022-12-21 17:12:14,912] {dag.py:2919} INFO - Setting next_dagrun for example_branch_datetime_operator_2 to 2022-12-20T00:00:00+00:00, run_after=2022-12-21T00:00:00+00:00
[2022-12-21 17:12:14,923] {processor.py:161} INFO - Processing /home/airflow/.local/lib/python3.7/site-packages/airflow/example_dags/example_branch_datetime_operator.py took 0.061 seconds
[2022-12-21 17:12:45,372] {processor.py:153} INFO - Started process (PID=24298) to work on /home/airflow/.local/lib/python3.7/site-packages/airflow/example_dags/example_branch_datetime_operator.py
[2022-12-21 17:12:45,373] {processor.py:641} INFO - Processing file /home/airflow/.local/lib/python3.7/site-packages/airflow/example_dags/example_branch_datetime_operator.py for tasks to queue
[2022-12-21 17:12:45,373] {logging_mixin.py:115} INFO - [2022-12-21 17:12:45,373] {dagbag.py:507} INFO - Filling up the DagBag from /home/airflow/.local/lib/python3.7/site-packages/airflow/example_dags/example_branch_datetime_operator.py
[2022-12-21 17:12:45,379] {processor.py:651} INFO - DAG(s) dict_keys(['example_branch_datetime_operator_2']) retrieved from /home/airflow/.local/lib/python3.7/site-packages/airflow/example_dags/example_branch_datetime_operator.py
[2022-12-21 17:12:45,399] {logging_mixin.py:115} INFO - [2022-12-21 17:12:45,399] {dag.py:2371} INFO - Sync 1 DAGs
[2022-12-21 17:12:45,418] {logging_mixin.py:115} INFO - [2022-12-21 17:12:45,418] {dag.py:2919} INFO - Setting next_dagrun for example_branch_datetime_operator_2 to 2022-12-20T00:00:00+00:00, run_after=2022-12-21T00:00:00+00:00
[2022-12-21 17:12:45,427] {processor.py:161} INFO - Processing /home/airflow/.local/lib/python3.7/site-packages/airflow/example_dags/example_branch_datetime_operator.py took 0.057 seconds
[2022-12-21 17:13:15,838] {processor.py:153} INFO - Started process (PID=24354) to work on /home/airflow/.local/lib/python3.7/site-packages/airflow/example_dags/example_branch_datetime_operator.py
[2022-12-21 17:13:15,838] {processor.py:641} INFO - Processing file /home/airflow/.local/lib/python3.7/site-packages/airflow/example_dags/example_branch_datetime_operator.py for tasks to queue
[2022-12-21 17:13:15,839] {logging_mixin.py:115} INFO - [2022-12-21 17:13:15,839] {dagbag.py:507} INFO - Filling up the DagBag from /home/airflow/.local/lib/python3.7/site-packages/airflow/example_dags/example_branch_datetime_operator.py
[2022-12-21 17:13:15,845] {processor.py:651} INFO - DAG(s) dict_keys(['example_branch_datetime_operator_2']) retrieved from /home/airflow/.local/lib/python3.7/site-packages/airflow/example_dags/example_branch_datetime_operator.py
[2022-12-21 17:13:15,869] {logging_mixin.py:115} INFO - [2022-12-21 17:13:15,869] {dag.py:2371} INFO - Sync 1 DAGs
[2022-12-21 17:13:15,890] {logging_mixin.py:115} INFO - [2022-12-21 17:13:15,890] {dag.py:2919} INFO - Setting next_dagrun for example_branch_datetime_operator_2 to 2022-12-20T00:00:00+00:00, run_after=2022-12-21T00:00:00+00:00
[2022-12-21 17:13:15,900] {processor.py:161} INFO - Processing /home/airflow/.local/lib/python3.7/site-packages/airflow/example_dags/example_branch_datetime_operator.py took 0.065 seconds
[2022-12-21 17:13:46,448] {processor.py:153} INFO - Started process (PID=24420) to work on /home/airflow/.local/lib/python3.7/site-packages/airflow/example_dags/example_branch_datetime_operator.py
[2022-12-21 17:13:46,449] {processor.py:641} INFO - Processing file /home/airflow/.local/lib/python3.7/site-packages/airflow/example_dags/example_branch_datetime_operator.py for tasks to queue
[2022-12-21 17:13:46,449] {logging_mixin.py:115} INFO - [2022-12-21 17:13:46,449] {dagbag.py:507} INFO - Filling up the DagBag from /home/airflow/.local/lib/python3.7/site-packages/airflow/example_dags/example_branch_datetime_operator.py
[2022-12-21 17:13:46,455] {processor.py:651} INFO - DAG(s) dict_keys(['example_branch_datetime_operator_2']) retrieved from /home/airflow/.local/lib/python3.7/site-packages/airflow/example_dags/example_branch_datetime_operator.py
[2022-12-21 17:13:46,476] {logging_mixin.py:115} INFO - [2022-12-21 17:13:46,476] {dag.py:2371} INFO - Sync 1 DAGs
[2022-12-21 17:13:46,493] {logging_mixin.py:115} INFO - [2022-12-21 17:13:46,492] {dag.py:2919} INFO - Setting next_dagrun for example_branch_datetime_operator_2 to 2022-12-20T00:00:00+00:00, run_after=2022-12-21T00:00:00+00:00
[2022-12-21 17:13:46,502] {processor.py:161} INFO - Processing /home/airflow/.local/lib/python3.7/site-packages/airflow/example_dags/example_branch_datetime_operator.py took 0.056 seconds
[2022-12-21 17:14:17,114] {processor.py:153} INFO - Started process (PID=24487) to work on /home/airflow/.local/lib/python3.7/site-packages/airflow/example_dags/example_branch_datetime_operator.py
[2022-12-21 17:14:17,114] {processor.py:641} INFO - Processing file /home/airflow/.local/lib/python3.7/site-packages/airflow/example_dags/example_branch_datetime_operator.py for tasks to queue
[2022-12-21 17:14:17,115] {logging_mixin.py:115} INFO - [2022-12-21 17:14:17,115] {dagbag.py:507} INFO - Filling up the DagBag from /home/airflow/.local/lib/python3.7/site-packages/airflow/example_dags/example_branch_datetime_operator.py
[2022-12-21 17:14:17,122] {processor.py:651} INFO - DAG(s) dict_keys(['example_branch_datetime_operator_2']) retrieved from /home/airflow/.local/lib/python3.7/site-packages/airflow/example_dags/example_branch_datetime_operator.py
[2022-12-21 17:14:17,141] {logging_mixin.py:115} INFO - [2022-12-21 17:14:17,141] {dag.py:2371} INFO - Sync 1 DAGs
[2022-12-21 17:14:17,159] {logging_mixin.py:115} INFO - [2022-12-21 17:14:17,159] {dag.py:2919} INFO - Setting next_dagrun for example_branch_datetime_operator_2 to 2022-12-20T00:00:00+00:00, run_after=2022-12-21T00:00:00+00:00
[2022-12-21 17:14:17,169] {processor.py:161} INFO - Processing /home/airflow/.local/lib/python3.7/site-packages/airflow/example_dags/example_branch_datetime_operator.py took 0.058 seconds
[2022-12-21 17:14:47,927] {processor.py:153} INFO - Started process (PID=24553) to work on /home/airflow/.local/lib/python3.7/site-packages/airflow/example_dags/example_branch_datetime_operator.py
[2022-12-21 17:14:47,928] {processor.py:641} INFO - Processing file /home/airflow/.local/lib/python3.7/site-packages/airflow/example_dags/example_branch_datetime_operator.py for tasks to queue
[2022-12-21 17:14:47,928] {logging_mixin.py:115} INFO - [2022-12-21 17:14:47,928] {dagbag.py:507} INFO - Filling up the DagBag from /home/airflow/.local/lib/python3.7/site-packages/airflow/example_dags/example_branch_datetime_operator.py
[2022-12-21 17:14:47,935] {processor.py:651} INFO - DAG(s) dict_keys(['example_branch_datetime_operator_2']) retrieved from /home/airflow/.local/lib/python3.7/site-packages/airflow/example_dags/example_branch_datetime_operator.py
[2022-12-21 17:14:47,958] {logging_mixin.py:115} INFO - [2022-12-21 17:14:47,957] {dag.py:2371} INFO - Sync 1 DAGs
[2022-12-21 17:14:47,980] {logging_mixin.py:115} INFO - [2022-12-21 17:14:47,980] {dag.py:2919} INFO - Setting next_dagrun for example_branch_datetime_operator_2 to 2022-12-20T00:00:00+00:00, run_after=2022-12-21T00:00:00+00:00
[2022-12-21 17:14:47,990] {processor.py:161} INFO - Processing /home/airflow/.local/lib/python3.7/site-packages/airflow/example_dags/example_branch_datetime_operator.py took 0.065 seconds
[2022-12-21 17:15:18,493] {processor.py:153} INFO - Started process (PID=24609) to work on /home/airflow/.local/lib/python3.7/site-packages/airflow/example_dags/example_branch_datetime_operator.py
[2022-12-21 17:15:18,494] {processor.py:641} INFO - Processing file /home/airflow/.local/lib/python3.7/site-packages/airflow/example_dags/example_branch_datetime_operator.py for tasks to queue
[2022-12-21 17:15:18,495] {logging_mixin.py:115} INFO - [2022-12-21 17:15:18,495] {dagbag.py:507} INFO - Filling up the DagBag from /home/airflow/.local/lib/python3.7/site-packages/airflow/example_dags/example_branch_datetime_operator.py
[2022-12-21 17:15:18,503] {processor.py:651} INFO - DAG(s) dict_keys(['example_branch_datetime_operator_2']) retrieved from /home/airflow/.local/lib/python3.7/site-packages/airflow/example_dags/example_branch_datetime_operator.py
[2022-12-21 17:15:18,526] {logging_mixin.py:115} INFO - [2022-12-21 17:15:18,526] {dag.py:2371} INFO - Sync 1 DAGs
[2022-12-21 17:15:18,542] {logging_mixin.py:115} INFO - [2022-12-21 17:15:18,542] {dag.py:2919} INFO - Setting next_dagrun for example_branch_datetime_operator_2 to 2022-12-20T00:00:00+00:00, run_after=2022-12-21T00:00:00+00:00
[2022-12-21 17:15:18,550] {processor.py:161} INFO - Processing /home/airflow/.local/lib/python3.7/site-packages/airflow/example_dags/example_branch_datetime_operator.py took 0.061 seconds
[2022-12-21 17:15:49,125] {processor.py:153} INFO - Started process (PID=24675) to work on /home/airflow/.local/lib/python3.7/site-packages/airflow/example_dags/example_branch_datetime_operator.py
[2022-12-21 17:15:49,126] {processor.py:641} INFO - Processing file /home/airflow/.local/lib/python3.7/site-packages/airflow/example_dags/example_branch_datetime_operator.py for tasks to queue
[2022-12-21 17:15:49,126] {logging_mixin.py:115} INFO - [2022-12-21 17:15:49,126] {dagbag.py:507} INFO - Filling up the DagBag from /home/airflow/.local/lib/python3.7/site-packages/airflow/example_dags/example_branch_datetime_operator.py
[2022-12-21 17:15:49,133] {processor.py:651} INFO - DAG(s) dict_keys(['example_branch_datetime_operator_2']) retrieved from /home/airflow/.local/lib/python3.7/site-packages/airflow/example_dags/example_branch_datetime_operator.py
[2022-12-21 17:15:49,153] {logging_mixin.py:115} INFO - [2022-12-21 17:15:49,153] {dag.py:2371} INFO - Sync 1 DAGs
[2022-12-21 17:15:49,172] {logging_mixin.py:115} INFO - [2022-12-21 17:15:49,172] {dag.py:2919} INFO - Setting next_dagrun for example_branch_datetime_operator_2 to 2022-12-20T00:00:00+00:00, run_after=2022-12-21T00:00:00+00:00
[2022-12-21 17:15:49,181] {processor.py:161} INFO - Processing /home/airflow/.local/lib/python3.7/site-packages/airflow/example_dags/example_branch_datetime_operator.py took 0.059 seconds
[2022-12-21 17:16:19,845] {processor.py:153} INFO - Started process (PID=24741) to work on /home/airflow/.local/lib/python3.7/site-packages/airflow/example_dags/example_branch_datetime_operator.py
[2022-12-21 17:16:19,846] {processor.py:641} INFO - Processing file /home/airflow/.local/lib/python3.7/site-packages/airflow/example_dags/example_branch_datetime_operator.py for tasks to queue
[2022-12-21 17:16:19,846] {logging_mixin.py:115} INFO - [2022-12-21 17:16:19,846] {dagbag.py:507} INFO - Filling up the DagBag from /home/airflow/.local/lib/python3.7/site-packages/airflow/example_dags/example_branch_datetime_operator.py
[2022-12-21 17:16:19,852] {processor.py:651} INFO - DAG(s) dict_keys(['example_branch_datetime_operator_2']) retrieved from /home/airflow/.local/lib/python3.7/site-packages/airflow/example_dags/example_branch_datetime_operator.py
[2022-12-21 17:16:19,872] {logging_mixin.py:115} INFO - [2022-12-21 17:16:19,872] {dag.py:2371} INFO - Sync 1 DAGs
[2022-12-21 17:16:19,894] {logging_mixin.py:115} INFO - [2022-12-21 17:16:19,894] {dag.py:2919} INFO - Setting next_dagrun for example_branch_datetime_operator_2 to 2022-12-20T00:00:00+00:00, run_after=2022-12-21T00:00:00+00:00
[2022-12-21 17:16:19,905] {processor.py:161} INFO - Processing /home/airflow/.local/lib/python3.7/site-packages/airflow/example_dags/example_branch_datetime_operator.py took 0.062 seconds
[2022-12-21 17:16:50,499] {processor.py:153} INFO - Started process (PID=24808) to work on /home/airflow/.local/lib/python3.7/site-packages/airflow/example_dags/example_branch_datetime_operator.py
[2022-12-21 17:16:50,499] {processor.py:641} INFO - Processing file /home/airflow/.local/lib/python3.7/site-packages/airflow/example_dags/example_branch_datetime_operator.py for tasks to queue
[2022-12-21 17:16:50,500] {logging_mixin.py:115} INFO - [2022-12-21 17:16:50,499] {dagbag.py:507} INFO - Filling up the DagBag from /home/airflow/.local/lib/python3.7/site-packages/airflow/example_dags/example_branch_datetime_operator.py
[2022-12-21 17:16:50,505] {processor.py:651} INFO - DAG(s) dict_keys(['example_branch_datetime_operator_2']) retrieved from /home/airflow/.local/lib/python3.7/site-packages/airflow/example_dags/example_branch_datetime_operator.py
[2022-12-21 17:16:50,528] {logging_mixin.py:115} INFO - [2022-12-21 17:16:50,528] {dag.py:2371} INFO - Sync 1 DAGs
[2022-12-21 17:16:50,548] {logging_mixin.py:115} INFO - [2022-12-21 17:16:50,548] {dag.py:2919} INFO - Setting next_dagrun for example_branch_datetime_operator_2 to 2022-12-20T00:00:00+00:00, run_after=2022-12-21T00:00:00+00:00
[2022-12-21 17:16:50,559] {processor.py:161} INFO - Processing /home/airflow/.local/lib/python3.7/site-packages/airflow/example_dags/example_branch_datetime_operator.py took 0.063 seconds
[2022-12-21 17:17:21,154] {processor.py:153} INFO - Started process (PID=24864) to work on /home/airflow/.local/lib/python3.7/site-packages/airflow/example_dags/example_branch_datetime_operator.py
[2022-12-21 17:17:21,155] {processor.py:641} INFO - Processing file /home/airflow/.local/lib/python3.7/site-packages/airflow/example_dags/example_branch_datetime_operator.py for tasks to queue
[2022-12-21 17:17:21,156] {logging_mixin.py:115} INFO - [2022-12-21 17:17:21,156] {dagbag.py:507} INFO - Filling up the DagBag from /home/airflow/.local/lib/python3.7/site-packages/airflow/example_dags/example_branch_datetime_operator.py
[2022-12-21 17:17:21,162] {processor.py:651} INFO - DAG(s) dict_keys(['example_branch_datetime_operator_2']) retrieved from /home/airflow/.local/lib/python3.7/site-packages/airflow/example_dags/example_branch_datetime_operator.py
[2022-12-21 17:17:21,179] {logging_mixin.py:115} INFO - [2022-12-21 17:17:21,179] {dag.py:2371} INFO - Sync 1 DAGs
[2022-12-21 17:17:21,195] {logging_mixin.py:115} INFO - [2022-12-21 17:17:21,195] {dag.py:2919} INFO - Setting next_dagrun for example_branch_datetime_operator_2 to 2022-12-20T00:00:00+00:00, run_after=2022-12-21T00:00:00+00:00
[2022-12-21 17:17:21,204] {processor.py:161} INFO - Processing /home/airflow/.local/lib/python3.7/site-packages/airflow/example_dags/example_branch_datetime_operator.py took 0.052 seconds
[2022-12-21 17:17:51,726] {processor.py:153} INFO - Started process (PID=24931) to work on /home/airflow/.local/lib/python3.7/site-packages/airflow/example_dags/example_branch_datetime_operator.py
[2022-12-21 17:17:51,727] {processor.py:641} INFO - Processing file /home/airflow/.local/lib/python3.7/site-packages/airflow/example_dags/example_branch_datetime_operator.py for tasks to queue
[2022-12-21 17:17:51,727] {logging_mixin.py:115} INFO - [2022-12-21 17:17:51,727] {dagbag.py:507} INFO - Filling up the DagBag from /home/airflow/.local/lib/python3.7/site-packages/airflow/example_dags/example_branch_datetime_operator.py
[2022-12-21 17:17:51,734] {processor.py:651} INFO - DAG(s) dict_keys(['example_branch_datetime_operator_2']) retrieved from /home/airflow/.local/lib/python3.7/site-packages/airflow/example_dags/example_branch_datetime_operator.py
[2022-12-21 17:17:51,755] {logging_mixin.py:115} INFO - [2022-12-21 17:17:51,755] {dag.py:2371} INFO - Sync 1 DAGs
[2022-12-21 17:17:51,774] {logging_mixin.py:115} INFO - [2022-12-21 17:17:51,774] {dag.py:2919} INFO - Setting next_dagrun for example_branch_datetime_operator_2 to 2022-12-20T00:00:00+00:00, run_after=2022-12-21T00:00:00+00:00
[2022-12-21 17:17:51,784] {processor.py:161} INFO - Processing /home/airflow/.local/lib/python3.7/site-packages/airflow/example_dags/example_branch_datetime_operator.py took 0.060 seconds
[2022-12-21 17:18:22,586] {processor.py:153} INFO - Started process (PID=25001) to work on /home/airflow/.local/lib/python3.7/site-packages/airflow/example_dags/example_branch_datetime_operator.py
[2022-12-21 17:18:22,587] {processor.py:641} INFO - Processing file /home/airflow/.local/lib/python3.7/site-packages/airflow/example_dags/example_branch_datetime_operator.py for tasks to queue
[2022-12-21 17:18:22,587] {logging_mixin.py:115} INFO - [2022-12-21 17:18:22,587] {dagbag.py:507} INFO - Filling up the DagBag from /home/airflow/.local/lib/python3.7/site-packages/airflow/example_dags/example_branch_datetime_operator.py
[2022-12-21 17:18:22,597] {processor.py:651} INFO - DAG(s) dict_keys(['example_branch_datetime_operator_2']) retrieved from /home/airflow/.local/lib/python3.7/site-packages/airflow/example_dags/example_branch_datetime_operator.py
[2022-12-21 17:18:22,618] {logging_mixin.py:115} INFO - [2022-12-21 17:18:22,618] {dag.py:2371} INFO - Sync 1 DAGs
[2022-12-21 17:18:22,638] {logging_mixin.py:115} INFO - [2022-12-21 17:18:22,638] {dag.py:2919} INFO - Setting next_dagrun for example_branch_datetime_operator_2 to 2022-12-20T00:00:00+00:00, run_after=2022-12-21T00:00:00+00:00
[2022-12-21 17:18:22,648] {processor.py:161} INFO - Processing /home/airflow/.local/lib/python3.7/site-packages/airflow/example_dags/example_branch_datetime_operator.py took 0.065 seconds
[2022-12-21 17:18:53,404] {processor.py:153} INFO - Started process (PID=25068) to work on /home/airflow/.local/lib/python3.7/site-packages/airflow/example_dags/example_branch_datetime_operator.py
[2022-12-21 17:18:53,405] {processor.py:641} INFO - Processing file /home/airflow/.local/lib/python3.7/site-packages/airflow/example_dags/example_branch_datetime_operator.py for tasks to queue
[2022-12-21 17:18:53,405] {logging_mixin.py:115} INFO - [2022-12-21 17:18:53,405] {dagbag.py:507} INFO - Filling up the DagBag from /home/airflow/.local/lib/python3.7/site-packages/airflow/example_dags/example_branch_datetime_operator.py
[2022-12-21 17:18:53,412] {processor.py:651} INFO - DAG(s) dict_keys(['example_branch_datetime_operator_2']) retrieved from /home/airflow/.local/lib/python3.7/site-packages/airflow/example_dags/example_branch_datetime_operator.py
[2022-12-21 17:18:53,436] {logging_mixin.py:115} INFO - [2022-12-21 17:18:53,436] {dag.py:2371} INFO - Sync 1 DAGs
[2022-12-21 17:18:53,455] {logging_mixin.py:115} INFO - [2022-12-21 17:18:53,455] {dag.py:2919} INFO - Setting next_dagrun for example_branch_datetime_operator_2 to 2022-12-20T00:00:00+00:00, run_after=2022-12-21T00:00:00+00:00
[2022-12-21 17:18:53,465] {processor.py:161} INFO - Processing /home/airflow/.local/lib/python3.7/site-packages/airflow/example_dags/example_branch_datetime_operator.py took 0.064 seconds
[2022-12-21 17:19:24,063] {processor.py:153} INFO - Started process (PID=25127) to work on /home/airflow/.local/lib/python3.7/site-packages/airflow/example_dags/example_branch_datetime_operator.py
[2022-12-21 17:19:24,064] {processor.py:641} INFO - Processing file /home/airflow/.local/lib/python3.7/site-packages/airflow/example_dags/example_branch_datetime_operator.py for tasks to queue
[2022-12-21 17:19:24,064] {logging_mixin.py:115} INFO - [2022-12-21 17:19:24,064] {dagbag.py:507} INFO - Filling up the DagBag from /home/airflow/.local/lib/python3.7/site-packages/airflow/example_dags/example_branch_datetime_operator.py
[2022-12-21 17:19:24,071] {processor.py:651} INFO - DAG(s) dict_keys(['example_branch_datetime_operator_2']) retrieved from /home/airflow/.local/lib/python3.7/site-packages/airflow/example_dags/example_branch_datetime_operator.py
[2022-12-21 17:19:24,092] {logging_mixin.py:115} INFO - [2022-12-21 17:19:24,092] {dag.py:2371} INFO - Sync 1 DAGs
[2022-12-21 17:19:24,110] {logging_mixin.py:115} INFO - [2022-12-21 17:19:24,110] {dag.py:2919} INFO - Setting next_dagrun for example_branch_datetime_operator_2 to 2022-12-20T00:00:00+00:00, run_after=2022-12-21T00:00:00+00:00
[2022-12-21 17:19:24,120] {processor.py:161} INFO - Processing /home/airflow/.local/lib/python3.7/site-packages/airflow/example_dags/example_branch_datetime_operator.py took 0.059 seconds
[2022-12-21 17:19:54,778] {processor.py:153} INFO - Started process (PID=25195) to work on /home/airflow/.local/lib/python3.7/site-packages/airflow/example_dags/example_branch_datetime_operator.py
[2022-12-21 17:19:54,779] {processor.py:641} INFO - Processing file /home/airflow/.local/lib/python3.7/site-packages/airflow/example_dags/example_branch_datetime_operator.py for tasks to queue
[2022-12-21 17:19:54,779] {logging_mixin.py:115} INFO - [2022-12-21 17:19:54,779] {dagbag.py:507} INFO - Filling up the DagBag from /home/airflow/.local/lib/python3.7/site-packages/airflow/example_dags/example_branch_datetime_operator.py
[2022-12-21 17:19:54,786] {processor.py:651} INFO - DAG(s) dict_keys(['example_branch_datetime_operator_2']) retrieved from /home/airflow/.local/lib/python3.7/site-packages/airflow/example_dags/example_branch_datetime_operator.py
[2022-12-21 17:19:54,804] {logging_mixin.py:115} INFO - [2022-12-21 17:19:54,804] {dag.py:2371} INFO - Sync 1 DAGs
[2022-12-21 17:19:54,822] {logging_mixin.py:115} INFO - [2022-12-21 17:19:54,822] {dag.py:2919} INFO - Setting next_dagrun for example_branch_datetime_operator_2 to 2022-12-20T00:00:00+00:00, run_after=2022-12-21T00:00:00+00:00
[2022-12-21 17:19:54,833] {processor.py:161} INFO - Processing /home/airflow/.local/lib/python3.7/site-packages/airflow/example_dags/example_branch_datetime_operator.py took 0.058 seconds
[2022-12-21 17:20:25,399] {processor.py:153} INFO - Started process (PID=25261) to work on /home/airflow/.local/lib/python3.7/site-packages/airflow/example_dags/example_branch_datetime_operator.py
[2022-12-21 17:20:25,399] {processor.py:641} INFO - Processing file /home/airflow/.local/lib/python3.7/site-packages/airflow/example_dags/example_branch_datetime_operator.py for tasks to queue
[2022-12-21 17:20:25,400] {logging_mixin.py:115} INFO - [2022-12-21 17:20:25,400] {dagbag.py:507} INFO - Filling up the DagBag from /home/airflow/.local/lib/python3.7/site-packages/airflow/example_dags/example_branch_datetime_operator.py
[2022-12-21 17:20:25,407] {processor.py:651} INFO - DAG(s) dict_keys(['example_branch_datetime_operator_2']) retrieved from /home/airflow/.local/lib/python3.7/site-packages/airflow/example_dags/example_branch_datetime_operator.py
[2022-12-21 17:20:25,427] {logging_mixin.py:115} INFO - [2022-12-21 17:20:25,427] {dag.py:2371} INFO - Sync 1 DAGs
[2022-12-21 17:20:25,445] {logging_mixin.py:115} INFO - [2022-12-21 17:20:25,445] {dag.py:2919} INFO - Setting next_dagrun for example_branch_datetime_operator_2 to 2022-12-20T00:00:00+00:00, run_after=2022-12-21T00:00:00+00:00
[2022-12-21 17:20:25,456] {processor.py:161} INFO - Processing /home/airflow/.local/lib/python3.7/site-packages/airflow/example_dags/example_branch_datetime_operator.py took 0.060 seconds
[2022-12-21 17:20:56,260] {processor.py:153} INFO - Started process (PID=25329) to work on /home/airflow/.local/lib/python3.7/site-packages/airflow/example_dags/example_branch_datetime_operator.py
[2022-12-21 17:20:56,260] {processor.py:641} INFO - Processing file /home/airflow/.local/lib/python3.7/site-packages/airflow/example_dags/example_branch_datetime_operator.py for tasks to queue
[2022-12-21 17:20:56,261] {logging_mixin.py:115} INFO - [2022-12-21 17:20:56,261] {dagbag.py:507} INFO - Filling up the DagBag from /home/airflow/.local/lib/python3.7/site-packages/airflow/example_dags/example_branch_datetime_operator.py
[2022-12-21 17:20:56,268] {processor.py:651} INFO - DAG(s) dict_keys(['example_branch_datetime_operator_2']) retrieved from /home/airflow/.local/lib/python3.7/site-packages/airflow/example_dags/example_branch_datetime_operator.py
[2022-12-21 17:20:56,289] {logging_mixin.py:115} INFO - [2022-12-21 17:20:56,289] {dag.py:2371} INFO - Sync 1 DAGs
[2022-12-21 17:20:56,308] {logging_mixin.py:115} INFO - [2022-12-21 17:20:56,308] {dag.py:2919} INFO - Setting next_dagrun for example_branch_datetime_operator_2 to 2022-12-20T00:00:00+00:00, run_after=2022-12-21T00:00:00+00:00
[2022-12-21 17:20:56,319] {processor.py:161} INFO - Processing /home/airflow/.local/lib/python3.7/site-packages/airflow/example_dags/example_branch_datetime_operator.py took 0.062 seconds
[2022-12-21 17:21:26,704] {processor.py:153} INFO - Started process (PID=25385) to work on /home/airflow/.local/lib/python3.7/site-packages/airflow/example_dags/example_branch_datetime_operator.py
[2022-12-21 17:21:26,704] {processor.py:641} INFO - Processing file /home/airflow/.local/lib/python3.7/site-packages/airflow/example_dags/example_branch_datetime_operator.py for tasks to queue
[2022-12-21 17:21:26,705] {logging_mixin.py:115} INFO - [2022-12-21 17:21:26,705] {dagbag.py:507} INFO - Filling up the DagBag from /home/airflow/.local/lib/python3.7/site-packages/airflow/example_dags/example_branch_datetime_operator.py
[2022-12-21 17:21:26,712] {processor.py:651} INFO - DAG(s) dict_keys(['example_branch_datetime_operator_2']) retrieved from /home/airflow/.local/lib/python3.7/site-packages/airflow/example_dags/example_branch_datetime_operator.py
[2022-12-21 17:21:26,733] {logging_mixin.py:115} INFO - [2022-12-21 17:21:26,732] {dag.py:2371} INFO - Sync 1 DAGs
[2022-12-21 17:21:26,750] {logging_mixin.py:115} INFO - [2022-12-21 17:21:26,750] {dag.py:2919} INFO - Setting next_dagrun for example_branch_datetime_operator_2 to 2022-12-20T00:00:00+00:00, run_after=2022-12-21T00:00:00+00:00
[2022-12-21 17:21:26,760] {processor.py:161} INFO - Processing /home/airflow/.local/lib/python3.7/site-packages/airflow/example_dags/example_branch_datetime_operator.py took 0.060 seconds
[2022-12-21 17:21:57,226] {processor.py:153} INFO - Started process (PID=25451) to work on /home/airflow/.local/lib/python3.7/site-packages/airflow/example_dags/example_branch_datetime_operator.py
[2022-12-21 17:21:57,227] {processor.py:641} INFO - Processing file /home/airflow/.local/lib/python3.7/site-packages/airflow/example_dags/example_branch_datetime_operator.py for tasks to queue
[2022-12-21 17:21:57,227] {logging_mixin.py:115} INFO - [2022-12-21 17:21:57,227] {dagbag.py:507} INFO - Filling up the DagBag from /home/airflow/.local/lib/python3.7/site-packages/airflow/example_dags/example_branch_datetime_operator.py
[2022-12-21 17:21:57,233] {processor.py:651} INFO - DAG(s) dict_keys(['example_branch_datetime_operator_2']) retrieved from /home/airflow/.local/lib/python3.7/site-packages/airflow/example_dags/example_branch_datetime_operator.py
[2022-12-21 17:21:57,253] {logging_mixin.py:115} INFO - [2022-12-21 17:21:57,253] {dag.py:2371} INFO - Sync 1 DAGs
[2022-12-21 17:21:57,269] {logging_mixin.py:115} INFO - [2022-12-21 17:21:57,269] {dag.py:2919} INFO - Setting next_dagrun for example_branch_datetime_operator_2 to 2022-12-20T00:00:00+00:00, run_after=2022-12-21T00:00:00+00:00
[2022-12-21 17:21:57,279] {processor.py:161} INFO - Processing /home/airflow/.local/lib/python3.7/site-packages/airflow/example_dags/example_branch_datetime_operator.py took 0.055 seconds
[2022-12-21 17:22:27,701] {processor.py:153} INFO - Started process (PID=25519) to work on /home/airflow/.local/lib/python3.7/site-packages/airflow/example_dags/example_branch_datetime_operator.py
[2022-12-21 17:22:27,702] {processor.py:641} INFO - Processing file /home/airflow/.local/lib/python3.7/site-packages/airflow/example_dags/example_branch_datetime_operator.py for tasks to queue
[2022-12-21 17:22:27,702] {logging_mixin.py:115} INFO - [2022-12-21 17:22:27,702] {dagbag.py:507} INFO - Filling up the DagBag from /home/airflow/.local/lib/python3.7/site-packages/airflow/example_dags/example_branch_datetime_operator.py
[2022-12-21 17:22:27,709] {processor.py:651} INFO - DAG(s) dict_keys(['example_branch_datetime_operator_2']) retrieved from /home/airflow/.local/lib/python3.7/site-packages/airflow/example_dags/example_branch_datetime_operator.py
[2022-12-21 17:22:27,731] {logging_mixin.py:115} INFO - [2022-12-21 17:22:27,731] {dag.py:2371} INFO - Sync 1 DAGs
[2022-12-21 17:22:27,754] {logging_mixin.py:115} INFO - [2022-12-21 17:22:27,754] {dag.py:2919} INFO - Setting next_dagrun for example_branch_datetime_operator_2 to 2022-12-20T00:00:00+00:00, run_after=2022-12-21T00:00:00+00:00
[2022-12-21 17:22:27,766] {processor.py:161} INFO - Processing /home/airflow/.local/lib/python3.7/site-packages/airflow/example_dags/example_branch_datetime_operator.py took 0.067 seconds
[2022-12-21 17:22:57,918] {processor.py:153} INFO - Started process (PID=25576) to work on /home/airflow/.local/lib/python3.7/site-packages/airflow/example_dags/example_branch_datetime_operator.py
[2022-12-21 17:22:57,918] {processor.py:641} INFO - Processing file /home/airflow/.local/lib/python3.7/site-packages/airflow/example_dags/example_branch_datetime_operator.py for tasks to queue
[2022-12-21 17:22:57,919] {logging_mixin.py:115} INFO - [2022-12-21 17:22:57,919] {dagbag.py:507} INFO - Filling up the DagBag from /home/airflow/.local/lib/python3.7/site-packages/airflow/example_dags/example_branch_datetime_operator.py
[2022-12-21 17:22:57,924] {processor.py:651} INFO - DAG(s) dict_keys(['example_branch_datetime_operator_2']) retrieved from /home/airflow/.local/lib/python3.7/site-packages/airflow/example_dags/example_branch_datetime_operator.py
[2022-12-21 17:22:57,944] {logging_mixin.py:115} INFO - [2022-12-21 17:22:57,944] {dag.py:2371} INFO - Sync 1 DAGs
[2022-12-21 17:22:57,962] {logging_mixin.py:115} INFO - [2022-12-21 17:22:57,962] {dag.py:2919} INFO - Setting next_dagrun for example_branch_datetime_operator_2 to 2022-12-20T00:00:00+00:00, run_after=2022-12-21T00:00:00+00:00
[2022-12-21 17:22:57,972] {processor.py:161} INFO - Processing /home/airflow/.local/lib/python3.7/site-packages/airflow/example_dags/example_branch_datetime_operator.py took 0.057 seconds
[2022-12-21 17:23:28,907] {processor.py:153} INFO - Started process (PID=25643) to work on /home/airflow/.local/lib/python3.7/site-packages/airflow/example_dags/example_branch_datetime_operator.py
[2022-12-21 17:23:28,908] {processor.py:641} INFO - Processing file /home/airflow/.local/lib/python3.7/site-packages/airflow/example_dags/example_branch_datetime_operator.py for tasks to queue
[2022-12-21 17:23:28,908] {logging_mixin.py:115} INFO - [2022-12-21 17:23:28,908] {dagbag.py:507} INFO - Filling up the DagBag from /home/airflow/.local/lib/python3.7/site-packages/airflow/example_dags/example_branch_datetime_operator.py
[2022-12-21 17:23:28,914] {processor.py:651} INFO - DAG(s) dict_keys(['example_branch_datetime_operator_2']) retrieved from /home/airflow/.local/lib/python3.7/site-packages/airflow/example_dags/example_branch_datetime_operator.py
[2022-12-21 17:23:28,936] {logging_mixin.py:115} INFO - [2022-12-21 17:23:28,935] {dag.py:2371} INFO - Sync 1 DAGs
[2022-12-21 17:23:28,956] {logging_mixin.py:115} INFO - [2022-12-21 17:23:28,956] {dag.py:2919} INFO - Setting next_dagrun for example_branch_datetime_operator_2 to 2022-12-20T00:00:00+00:00, run_after=2022-12-21T00:00:00+00:00
[2022-12-21 17:23:28,968] {processor.py:161} INFO - Processing /home/airflow/.local/lib/python3.7/site-packages/airflow/example_dags/example_branch_datetime_operator.py took 0.063 seconds
