[2022-12-21 16:55:23,422] {processor.py:153} INFO - Started process (PID=22109) to work on /home/airflow/.local/lib/python3.7/site-packages/airflow/example_dags/example_branch_day_of_week_operator.py
[2022-12-21 16:55:23,422] {processor.py:641} INFO - Processing file /home/airflow/.local/lib/python3.7/site-packages/airflow/example_dags/example_branch_day_of_week_operator.py for tasks to queue
[2022-12-21 16:55:23,423] {logging_mixin.py:115} INFO - [2022-12-21 16:55:23,422] {dagbag.py:507} INFO - Filling up the DagBag from /home/airflow/.local/lib/python3.7/site-packages/airflow/example_dags/example_branch_day_of_week_operator.py
[2022-12-21 16:55:23,435] {processor.py:651} INFO - DAG(s) dict_keys(['example_weekday_branch_operator']) retrieved from /home/airflow/.local/lib/python3.7/site-packages/airflow/example_dags/example_branch_day_of_week_operator.py
[2022-12-21 16:55:23,460] {logging_mixin.py:115} INFO - [2022-12-21 16:55:23,460] {dag.py:2371} INFO - Sync 1 DAGs
[2022-12-21 16:55:23,478] {logging_mixin.py:115} INFO - [2022-12-21 16:55:23,478] {dag.py:2919} INFO - Setting next_dagrun for example_weekday_branch_operator to 2022-12-20T00:00:00+00:00, run_after=2022-12-21T00:00:00+00:00
[2022-12-21 16:55:23,487] {processor.py:161} INFO - Processing /home/airflow/.local/lib/python3.7/site-packages/airflow/example_dags/example_branch_day_of_week_operator.py took 0.068 seconds
[2022-12-21 16:55:53,919] {processor.py:153} INFO - Started process (PID=22175) to work on /home/airflow/.local/lib/python3.7/site-packages/airflow/example_dags/example_branch_day_of_week_operator.py
[2022-12-21 16:55:53,919] {processor.py:641} INFO - Processing file /home/airflow/.local/lib/python3.7/site-packages/airflow/example_dags/example_branch_day_of_week_operator.py for tasks to queue
[2022-12-21 16:55:53,920] {logging_mixin.py:115} INFO - [2022-12-21 16:55:53,920] {dagbag.py:507} INFO - Filling up the DagBag from /home/airflow/.local/lib/python3.7/site-packages/airflow/example_dags/example_branch_day_of_week_operator.py
[2022-12-21 16:55:53,927] {processor.py:651} INFO - DAG(s) dict_keys(['example_weekday_branch_operator']) retrieved from /home/airflow/.local/lib/python3.7/site-packages/airflow/example_dags/example_branch_day_of_week_operator.py
[2022-12-21 16:55:53,944] {logging_mixin.py:115} INFO - [2022-12-21 16:55:53,944] {dag.py:2371} INFO - Sync 1 DAGs
[2022-12-21 16:55:53,959] {logging_mixin.py:115} INFO - [2022-12-21 16:55:53,959] {dag.py:2919} INFO - Setting next_dagrun for example_weekday_branch_operator to 2022-12-20T00:00:00+00:00, run_after=2022-12-21T00:00:00+00:00
[2022-12-21 16:55:53,967] {processor.py:161} INFO - Processing /home/airflow/.local/lib/python3.7/site-packages/airflow/example_dags/example_branch_day_of_week_operator.py took 0.050 seconds
[2022-12-21 16:56:24,276] {processor.py:153} INFO - Started process (PID=22241) to work on /home/airflow/.local/lib/python3.7/site-packages/airflow/example_dags/example_branch_day_of_week_operator.py
[2022-12-21 16:56:24,277] {processor.py:641} INFO - Processing file /home/airflow/.local/lib/python3.7/site-packages/airflow/example_dags/example_branch_day_of_week_operator.py for tasks to queue
[2022-12-21 16:56:24,277] {logging_mixin.py:115} INFO - [2022-12-21 16:56:24,277] {dagbag.py:507} INFO - Filling up the DagBag from /home/airflow/.local/lib/python3.7/site-packages/airflow/example_dags/example_branch_day_of_week_operator.py
[2022-12-21 16:56:24,282] {processor.py:651} INFO - DAG(s) dict_keys(['example_weekday_branch_operator']) retrieved from /home/airflow/.local/lib/python3.7/site-packages/airflow/example_dags/example_branch_day_of_week_operator.py
[2022-12-21 16:56:24,299] {logging_mixin.py:115} INFO - [2022-12-21 16:56:24,299] {dag.py:2371} INFO - Sync 1 DAGs
[2022-12-21 16:56:24,314] {logging_mixin.py:115} INFO - [2022-12-21 16:56:24,314] {dag.py:2919} INFO - Setting next_dagrun for example_weekday_branch_operator to 2022-12-20T00:00:00+00:00, run_after=2022-12-21T00:00:00+00:00
[2022-12-21 16:56:24,322] {processor.py:161} INFO - Processing /home/airflow/.local/lib/python3.7/site-packages/airflow/example_dags/example_branch_day_of_week_operator.py took 0.048 seconds
[2022-12-21 16:56:54,707] {processor.py:153} INFO - Started process (PID=22306) to work on /home/airflow/.local/lib/python3.7/site-packages/airflow/example_dags/example_branch_day_of_week_operator.py
[2022-12-21 16:56:54,707] {processor.py:641} INFO - Processing file /home/airflow/.local/lib/python3.7/site-packages/airflow/example_dags/example_branch_day_of_week_operator.py for tasks to queue
[2022-12-21 16:56:54,708] {logging_mixin.py:115} INFO - [2022-12-21 16:56:54,708] {dagbag.py:507} INFO - Filling up the DagBag from /home/airflow/.local/lib/python3.7/site-packages/airflow/example_dags/example_branch_day_of_week_operator.py
[2022-12-21 16:56:54,713] {processor.py:651} INFO - DAG(s) dict_keys(['example_weekday_branch_operator']) retrieved from /home/airflow/.local/lib/python3.7/site-packages/airflow/example_dags/example_branch_day_of_week_operator.py
[2022-12-21 16:56:54,731] {logging_mixin.py:115} INFO - [2022-12-21 16:56:54,731] {dag.py:2371} INFO - Sync 1 DAGs
[2022-12-21 16:56:54,753] {logging_mixin.py:115} INFO - [2022-12-21 16:56:54,752] {dag.py:2919} INFO - Setting next_dagrun for example_weekday_branch_operator to 2022-12-20T00:00:00+00:00, run_after=2022-12-21T00:00:00+00:00
[2022-12-21 16:56:54,762] {processor.py:161} INFO - Processing /home/airflow/.local/lib/python3.7/site-packages/airflow/example_dags/example_branch_day_of_week_operator.py took 0.057 seconds
[2022-12-21 16:57:25,213] {processor.py:153} INFO - Started process (PID=22365) to work on /home/airflow/.local/lib/python3.7/site-packages/airflow/example_dags/example_branch_day_of_week_operator.py
[2022-12-21 16:57:25,214] {processor.py:641} INFO - Processing file /home/airflow/.local/lib/python3.7/site-packages/airflow/example_dags/example_branch_day_of_week_operator.py for tasks to queue
[2022-12-21 16:57:25,214] {logging_mixin.py:115} INFO - [2022-12-21 16:57:25,214] {dagbag.py:507} INFO - Filling up the DagBag from /home/airflow/.local/lib/python3.7/site-packages/airflow/example_dags/example_branch_day_of_week_operator.py
[2022-12-21 16:57:25,220] {processor.py:651} INFO - DAG(s) dict_keys(['example_weekday_branch_operator']) retrieved from /home/airflow/.local/lib/python3.7/site-packages/airflow/example_dags/example_branch_day_of_week_operator.py
[2022-12-21 16:57:25,237] {logging_mixin.py:115} INFO - [2022-12-21 16:57:25,237] {dag.py:2371} INFO - Sync 1 DAGs
[2022-12-21 16:57:25,251] {logging_mixin.py:115} INFO - [2022-12-21 16:57:25,251] {dag.py:2919} INFO - Setting next_dagrun for example_weekday_branch_operator to 2022-12-20T00:00:00+00:00, run_after=2022-12-21T00:00:00+00:00
[2022-12-21 16:57:25,259] {processor.py:161} INFO - Processing /home/airflow/.local/lib/python3.7/site-packages/airflow/example_dags/example_branch_day_of_week_operator.py took 0.048 seconds
[2022-12-21 16:57:55,515] {processor.py:153} INFO - Started process (PID=22432) to work on /home/airflow/.local/lib/python3.7/site-packages/airflow/example_dags/example_branch_day_of_week_operator.py
[2022-12-21 16:57:55,515] {processor.py:641} INFO - Processing file /home/airflow/.local/lib/python3.7/site-packages/airflow/example_dags/example_branch_day_of_week_operator.py for tasks to queue
[2022-12-21 16:57:55,516] {logging_mixin.py:115} INFO - [2022-12-21 16:57:55,516] {dagbag.py:507} INFO - Filling up the DagBag from /home/airflow/.local/lib/python3.7/site-packages/airflow/example_dags/example_branch_day_of_week_operator.py
[2022-12-21 16:57:55,522] {processor.py:651} INFO - DAG(s) dict_keys(['example_weekday_branch_operator']) retrieved from /home/airflow/.local/lib/python3.7/site-packages/airflow/example_dags/example_branch_day_of_week_operator.py
[2022-12-21 16:57:55,538] {logging_mixin.py:115} INFO - [2022-12-21 16:57:55,538] {dag.py:2371} INFO - Sync 1 DAGs
[2022-12-21 16:57:55,553] {logging_mixin.py:115} INFO - [2022-12-21 16:57:55,552] {dag.py:2919} INFO - Setting next_dagrun for example_weekday_branch_operator to 2022-12-20T00:00:00+00:00, run_after=2022-12-21T00:00:00+00:00
[2022-12-21 16:57:55,561] {processor.py:161} INFO - Processing /home/airflow/.local/lib/python3.7/site-packages/airflow/example_dags/example_branch_day_of_week_operator.py took 0.048 seconds
[2022-12-21 16:58:25,957] {processor.py:153} INFO - Started process (PID=22498) to work on /home/airflow/.local/lib/python3.7/site-packages/airflow/example_dags/example_branch_day_of_week_operator.py
[2022-12-21 16:58:25,957] {processor.py:641} INFO - Processing file /home/airflow/.local/lib/python3.7/site-packages/airflow/example_dags/example_branch_day_of_week_operator.py for tasks to queue
[2022-12-21 16:58:25,958] {logging_mixin.py:115} INFO - [2022-12-21 16:58:25,958] {dagbag.py:507} INFO - Filling up the DagBag from /home/airflow/.local/lib/python3.7/site-packages/airflow/example_dags/example_branch_day_of_week_operator.py
[2022-12-21 16:58:25,964] {processor.py:651} INFO - DAG(s) dict_keys(['example_weekday_branch_operator']) retrieved from /home/airflow/.local/lib/python3.7/site-packages/airflow/example_dags/example_branch_day_of_week_operator.py
[2022-12-21 16:58:25,985] {logging_mixin.py:115} INFO - [2022-12-21 16:58:25,985] {dag.py:2371} INFO - Sync 1 DAGs
[2022-12-21 16:58:26,003] {logging_mixin.py:115} INFO - [2022-12-21 16:58:26,003] {dag.py:2919} INFO - Setting next_dagrun for example_weekday_branch_operator to 2022-12-20T00:00:00+00:00, run_after=2022-12-21T00:00:00+00:00
[2022-12-21 16:58:26,013] {processor.py:161} INFO - Processing /home/airflow/.local/lib/python3.7/site-packages/airflow/example_dags/example_branch_day_of_week_operator.py took 0.059 seconds
[2022-12-21 16:58:56,527] {processor.py:153} INFO - Started process (PID=22564) to work on /home/airflow/.local/lib/python3.7/site-packages/airflow/example_dags/example_branch_day_of_week_operator.py
[2022-12-21 16:58:56,528] {processor.py:641} INFO - Processing file /home/airflow/.local/lib/python3.7/site-packages/airflow/example_dags/example_branch_day_of_week_operator.py for tasks to queue
[2022-12-21 16:58:56,528] {logging_mixin.py:115} INFO - [2022-12-21 16:58:56,528] {dagbag.py:507} INFO - Filling up the DagBag from /home/airflow/.local/lib/python3.7/site-packages/airflow/example_dags/example_branch_day_of_week_operator.py
[2022-12-21 16:58:56,533] {processor.py:651} INFO - DAG(s) dict_keys(['example_weekday_branch_operator']) retrieved from /home/airflow/.local/lib/python3.7/site-packages/airflow/example_dags/example_branch_day_of_week_operator.py
[2022-12-21 16:58:56,555] {logging_mixin.py:115} INFO - [2022-12-21 16:58:56,555] {dag.py:2371} INFO - Sync 1 DAGs
[2022-12-21 16:58:56,576] {logging_mixin.py:115} INFO - [2022-12-21 16:58:56,576] {dag.py:2919} INFO - Setting next_dagrun for example_weekday_branch_operator to 2022-12-20T00:00:00+00:00, run_after=2022-12-21T00:00:00+00:00
[2022-12-21 16:58:56,587] {processor.py:161} INFO - Processing /home/airflow/.local/lib/python3.7/site-packages/airflow/example_dags/example_branch_day_of_week_operator.py took 0.062 seconds
[2022-12-21 16:59:26,981] {processor.py:153} INFO - Started process (PID=22622) to work on /home/airflow/.local/lib/python3.7/site-packages/airflow/example_dags/example_branch_day_of_week_operator.py
[2022-12-21 16:59:26,983] {processor.py:641} INFO - Processing file /home/airflow/.local/lib/python3.7/site-packages/airflow/example_dags/example_branch_day_of_week_operator.py for tasks to queue
[2022-12-21 16:59:26,983] {logging_mixin.py:115} INFO - [2022-12-21 16:59:26,983] {dagbag.py:507} INFO - Filling up the DagBag from /home/airflow/.local/lib/python3.7/site-packages/airflow/example_dags/example_branch_day_of_week_operator.py
[2022-12-21 16:59:26,990] {processor.py:651} INFO - DAG(s) dict_keys(['example_weekday_branch_operator']) retrieved from /home/airflow/.local/lib/python3.7/site-packages/airflow/example_dags/example_branch_day_of_week_operator.py
[2022-12-21 16:59:27,013] {logging_mixin.py:115} INFO - [2022-12-21 16:59:27,013] {dag.py:2371} INFO - Sync 1 DAGs
[2022-12-21 16:59:27,034] {logging_mixin.py:115} INFO - [2022-12-21 16:59:27,034] {dag.py:2919} INFO - Setting next_dagrun for example_weekday_branch_operator to 2022-12-20T00:00:00+00:00, run_after=2022-12-21T00:00:00+00:00
[2022-12-21 16:59:27,044] {processor.py:161} INFO - Processing /home/airflow/.local/lib/python3.7/site-packages/airflow/example_dags/example_branch_day_of_week_operator.py took 0.066 seconds
[2022-12-21 16:59:57,496] {processor.py:153} INFO - Started process (PID=22688) to work on /home/airflow/.local/lib/python3.7/site-packages/airflow/example_dags/example_branch_day_of_week_operator.py
[2022-12-21 16:59:57,496] {processor.py:641} INFO - Processing file /home/airflow/.local/lib/python3.7/site-packages/airflow/example_dags/example_branch_day_of_week_operator.py for tasks to queue
[2022-12-21 16:59:57,496] {logging_mixin.py:115} INFO - [2022-12-21 16:59:57,496] {dagbag.py:507} INFO - Filling up the DagBag from /home/airflow/.local/lib/python3.7/site-packages/airflow/example_dags/example_branch_day_of_week_operator.py
[2022-12-21 16:59:57,503] {processor.py:651} INFO - DAG(s) dict_keys(['example_weekday_branch_operator']) retrieved from /home/airflow/.local/lib/python3.7/site-packages/airflow/example_dags/example_branch_day_of_week_operator.py
[2022-12-21 16:59:57,522] {logging_mixin.py:115} INFO - [2022-12-21 16:59:57,522] {dag.py:2371} INFO - Sync 1 DAGs
[2022-12-21 16:59:57,542] {logging_mixin.py:115} INFO - [2022-12-21 16:59:57,542] {dag.py:2919} INFO - Setting next_dagrun for example_weekday_branch_operator to 2022-12-20T00:00:00+00:00, run_after=2022-12-21T00:00:00+00:00
[2022-12-21 16:59:57,554] {processor.py:161} INFO - Processing /home/airflow/.local/lib/python3.7/site-packages/airflow/example_dags/example_branch_day_of_week_operator.py took 0.060 seconds
[2022-12-21 17:00:28,104] {processor.py:153} INFO - Started process (PID=22755) to work on /home/airflow/.local/lib/python3.7/site-packages/airflow/example_dags/example_branch_day_of_week_operator.py
[2022-12-21 17:00:28,105] {processor.py:641} INFO - Processing file /home/airflow/.local/lib/python3.7/site-packages/airflow/example_dags/example_branch_day_of_week_operator.py for tasks to queue
[2022-12-21 17:00:28,105] {logging_mixin.py:115} INFO - [2022-12-21 17:00:28,105] {dagbag.py:507} INFO - Filling up the DagBag from /home/airflow/.local/lib/python3.7/site-packages/airflow/example_dags/example_branch_day_of_week_operator.py
[2022-12-21 17:00:28,112] {processor.py:651} INFO - DAG(s) dict_keys(['example_weekday_branch_operator']) retrieved from /home/airflow/.local/lib/python3.7/site-packages/airflow/example_dags/example_branch_day_of_week_operator.py
[2022-12-21 17:00:28,134] {logging_mixin.py:115} INFO - [2022-12-21 17:00:28,134] {dag.py:2371} INFO - Sync 1 DAGs
[2022-12-21 17:00:28,153] {logging_mixin.py:115} INFO - [2022-12-21 17:00:28,153] {dag.py:2919} INFO - Setting next_dagrun for example_weekday_branch_operator to 2022-12-20T00:00:00+00:00, run_after=2022-12-21T00:00:00+00:00
[2022-12-21 17:00:28,162] {processor.py:161} INFO - Processing /home/airflow/.local/lib/python3.7/site-packages/airflow/example_dags/example_branch_day_of_week_operator.py took 0.060 seconds
[2022-12-21 17:00:58,623] {processor.py:153} INFO - Started process (PID=22811) to work on /home/airflow/.local/lib/python3.7/site-packages/airflow/example_dags/example_branch_day_of_week_operator.py
[2022-12-21 17:00:58,624] {processor.py:641} INFO - Processing file /home/airflow/.local/lib/python3.7/site-packages/airflow/example_dags/example_branch_day_of_week_operator.py for tasks to queue
[2022-12-21 17:00:58,624] {logging_mixin.py:115} INFO - [2022-12-21 17:00:58,624] {dagbag.py:507} INFO - Filling up the DagBag from /home/airflow/.local/lib/python3.7/site-packages/airflow/example_dags/example_branch_day_of_week_operator.py
[2022-12-21 17:00:58,632] {processor.py:651} INFO - DAG(s) dict_keys(['example_weekday_branch_operator']) retrieved from /home/airflow/.local/lib/python3.7/site-packages/airflow/example_dags/example_branch_day_of_week_operator.py
[2022-12-21 17:00:58,656] {logging_mixin.py:115} INFO - [2022-12-21 17:00:58,655] {dag.py:2371} INFO - Sync 1 DAGs
[2022-12-21 17:00:58,681] {logging_mixin.py:115} INFO - [2022-12-21 17:00:58,681] {dag.py:2919} INFO - Setting next_dagrun for example_weekday_branch_operator to 2022-12-20T00:00:00+00:00, run_after=2022-12-21T00:00:00+00:00
[2022-12-21 17:00:58,691] {processor.py:161} INFO - Processing /home/airflow/.local/lib/python3.7/site-packages/airflow/example_dags/example_branch_day_of_week_operator.py took 0.071 seconds
[2022-12-21 17:01:29,115] {processor.py:153} INFO - Started process (PID=22878) to work on /home/airflow/.local/lib/python3.7/site-packages/airflow/example_dags/example_branch_day_of_week_operator.py
[2022-12-21 17:01:29,116] {processor.py:641} INFO - Processing file /home/airflow/.local/lib/python3.7/site-packages/airflow/example_dags/example_branch_day_of_week_operator.py for tasks to queue
[2022-12-21 17:01:29,116] {logging_mixin.py:115} INFO - [2022-12-21 17:01:29,116] {dagbag.py:507} INFO - Filling up the DagBag from /home/airflow/.local/lib/python3.7/site-packages/airflow/example_dags/example_branch_day_of_week_operator.py
[2022-12-21 17:01:29,123] {processor.py:651} INFO - DAG(s) dict_keys(['example_weekday_branch_operator']) retrieved from /home/airflow/.local/lib/python3.7/site-packages/airflow/example_dags/example_branch_day_of_week_operator.py
[2022-12-21 17:01:29,144] {logging_mixin.py:115} INFO - [2022-12-21 17:01:29,144] {dag.py:2371} INFO - Sync 1 DAGs
[2022-12-21 17:01:29,164] {logging_mixin.py:115} INFO - [2022-12-21 17:01:29,164] {dag.py:2919} INFO - Setting next_dagrun for example_weekday_branch_operator to 2022-12-20T00:00:00+00:00, run_after=2022-12-21T00:00:00+00:00
[2022-12-21 17:01:29,175] {processor.py:161} INFO - Processing /home/airflow/.local/lib/python3.7/site-packages/airflow/example_dags/example_branch_day_of_week_operator.py took 0.063 seconds
[2022-12-21 17:01:59,756] {processor.py:153} INFO - Started process (PID=22943) to work on /home/airflow/.local/lib/python3.7/site-packages/airflow/example_dags/example_branch_day_of_week_operator.py
[2022-12-21 17:01:59,757] {processor.py:641} INFO - Processing file /home/airflow/.local/lib/python3.7/site-packages/airflow/example_dags/example_branch_day_of_week_operator.py for tasks to queue
[2022-12-21 17:01:59,757] {logging_mixin.py:115} INFO - [2022-12-21 17:01:59,757] {dagbag.py:507} INFO - Filling up the DagBag from /home/airflow/.local/lib/python3.7/site-packages/airflow/example_dags/example_branch_day_of_week_operator.py
[2022-12-21 17:01:59,763] {processor.py:651} INFO - DAG(s) dict_keys(['example_weekday_branch_operator']) retrieved from /home/airflow/.local/lib/python3.7/site-packages/airflow/example_dags/example_branch_day_of_week_operator.py
[2022-12-21 17:01:59,782] {logging_mixin.py:115} INFO - [2022-12-21 17:01:59,782] {dag.py:2371} INFO - Sync 1 DAGs
[2022-12-21 17:01:59,799] {logging_mixin.py:115} INFO - [2022-12-21 17:01:59,799] {dag.py:2919} INFO - Setting next_dagrun for example_weekday_branch_operator to 2022-12-20T00:00:00+00:00, run_after=2022-12-21T00:00:00+00:00
[2022-12-21 17:01:59,808] {processor.py:161} INFO - Processing /home/airflow/.local/lib/python3.7/site-packages/airflow/example_dags/example_branch_day_of_week_operator.py took 0.054 seconds
[2022-12-21 17:02:30,312] {processor.py:153} INFO - Started process (PID=23009) to work on /home/airflow/.local/lib/python3.7/site-packages/airflow/example_dags/example_branch_day_of_week_operator.py
[2022-12-21 17:02:30,312] {processor.py:641} INFO - Processing file /home/airflow/.local/lib/python3.7/site-packages/airflow/example_dags/example_branch_day_of_week_operator.py for tasks to queue
[2022-12-21 17:02:30,313] {logging_mixin.py:115} INFO - [2022-12-21 17:02:30,313] {dagbag.py:507} INFO - Filling up the DagBag from /home/airflow/.local/lib/python3.7/site-packages/airflow/example_dags/example_branch_day_of_week_operator.py
[2022-12-21 17:02:30,319] {processor.py:651} INFO - DAG(s) dict_keys(['example_weekday_branch_operator']) retrieved from /home/airflow/.local/lib/python3.7/site-packages/airflow/example_dags/example_branch_day_of_week_operator.py
[2022-12-21 17:02:30,339] {logging_mixin.py:115} INFO - [2022-12-21 17:02:30,339] {dag.py:2371} INFO - Sync 1 DAGs
[2022-12-21 17:02:30,357] {logging_mixin.py:115} INFO - [2022-12-21 17:02:30,357] {dag.py:2919} INFO - Setting next_dagrun for example_weekday_branch_operator to 2022-12-20T00:00:00+00:00, run_after=2022-12-21T00:00:00+00:00
[2022-12-21 17:02:30,366] {processor.py:161} INFO - Processing /home/airflow/.local/lib/python3.7/site-packages/airflow/example_dags/example_branch_day_of_week_operator.py took 0.057 seconds
[2022-12-21 17:03:01,069] {processor.py:153} INFO - Started process (PID=23066) to work on /home/airflow/.local/lib/python3.7/site-packages/airflow/example_dags/example_branch_day_of_week_operator.py
[2022-12-21 17:03:01,069] {processor.py:641} INFO - Processing file /home/airflow/.local/lib/python3.7/site-packages/airflow/example_dags/example_branch_day_of_week_operator.py for tasks to queue
[2022-12-21 17:03:01,070] {logging_mixin.py:115} INFO - [2022-12-21 17:03:01,070] {dagbag.py:507} INFO - Filling up the DagBag from /home/airflow/.local/lib/python3.7/site-packages/airflow/example_dags/example_branch_day_of_week_operator.py
[2022-12-21 17:03:01,076] {processor.py:651} INFO - DAG(s) dict_keys(['example_weekday_branch_operator']) retrieved from /home/airflow/.local/lib/python3.7/site-packages/airflow/example_dags/example_branch_day_of_week_operator.py
[2022-12-21 17:03:01,096] {logging_mixin.py:115} INFO - [2022-12-21 17:03:01,096] {dag.py:2371} INFO - Sync 1 DAGs
[2022-12-21 17:03:01,115] {logging_mixin.py:115} INFO - [2022-12-21 17:03:01,115] {dag.py:2919} INFO - Setting next_dagrun for example_weekday_branch_operator to 2022-12-20T00:00:00+00:00, run_after=2022-12-21T00:00:00+00:00
[2022-12-21 17:03:01,125] {processor.py:161} INFO - Processing /home/airflow/.local/lib/python3.7/site-packages/airflow/example_dags/example_branch_day_of_week_operator.py took 0.059 seconds
[2022-12-21 17:03:31,890] {processor.py:153} INFO - Started process (PID=23132) to work on /home/airflow/.local/lib/python3.7/site-packages/airflow/example_dags/example_branch_day_of_week_operator.py
[2022-12-21 17:03:31,891] {processor.py:641} INFO - Processing file /home/airflow/.local/lib/python3.7/site-packages/airflow/example_dags/example_branch_day_of_week_operator.py for tasks to queue
[2022-12-21 17:03:31,891] {logging_mixin.py:115} INFO - [2022-12-21 17:03:31,891] {dagbag.py:507} INFO - Filling up the DagBag from /home/airflow/.local/lib/python3.7/site-packages/airflow/example_dags/example_branch_day_of_week_operator.py
[2022-12-21 17:03:31,897] {processor.py:651} INFO - DAG(s) dict_keys(['example_weekday_branch_operator']) retrieved from /home/airflow/.local/lib/python3.7/site-packages/airflow/example_dags/example_branch_day_of_week_operator.py
[2022-12-21 17:03:31,918] {logging_mixin.py:115} INFO - [2022-12-21 17:03:31,918] {dag.py:2371} INFO - Sync 1 DAGs
[2022-12-21 17:03:31,936] {logging_mixin.py:115} INFO - [2022-12-21 17:03:31,936] {dag.py:2919} INFO - Setting next_dagrun for example_weekday_branch_operator to 2022-12-20T00:00:00+00:00, run_after=2022-12-21T00:00:00+00:00
[2022-12-21 17:03:31,945] {processor.py:161} INFO - Processing /home/airflow/.local/lib/python3.7/site-packages/airflow/example_dags/example_branch_day_of_week_operator.py took 0.057 seconds
[2022-12-21 17:04:02,415] {processor.py:153} INFO - Started process (PID=23199) to work on /home/airflow/.local/lib/python3.7/site-packages/airflow/example_dags/example_branch_day_of_week_operator.py
[2022-12-21 17:04:02,416] {processor.py:641} INFO - Processing file /home/airflow/.local/lib/python3.7/site-packages/airflow/example_dags/example_branch_day_of_week_operator.py for tasks to queue
[2022-12-21 17:04:02,416] {logging_mixin.py:115} INFO - [2022-12-21 17:04:02,416] {dagbag.py:507} INFO - Filling up the DagBag from /home/airflow/.local/lib/python3.7/site-packages/airflow/example_dags/example_branch_day_of_week_operator.py
[2022-12-21 17:04:02,423] {processor.py:651} INFO - DAG(s) dict_keys(['example_weekday_branch_operator']) retrieved from /home/airflow/.local/lib/python3.7/site-packages/airflow/example_dags/example_branch_day_of_week_operator.py
[2022-12-21 17:04:02,443] {logging_mixin.py:115} INFO - [2022-12-21 17:04:02,442] {dag.py:2371} INFO - Sync 1 DAGs
[2022-12-21 17:04:02,460] {logging_mixin.py:115} INFO - [2022-12-21 17:04:02,460] {dag.py:2919} INFO - Setting next_dagrun for example_weekday_branch_operator to 2022-12-20T00:00:00+00:00, run_after=2022-12-21T00:00:00+00:00
[2022-12-21 17:04:02,469] {processor.py:161} INFO - Processing /home/airflow/.local/lib/python3.7/site-packages/airflow/example_dags/example_branch_day_of_week_operator.py took 0.057 seconds
[2022-12-21 17:04:33,046] {processor.py:153} INFO - Started process (PID=23265) to work on /home/airflow/.local/lib/python3.7/site-packages/airflow/example_dags/example_branch_day_of_week_operator.py
[2022-12-21 17:04:33,047] {processor.py:641} INFO - Processing file /home/airflow/.local/lib/python3.7/site-packages/airflow/example_dags/example_branch_day_of_week_operator.py for tasks to queue
[2022-12-21 17:04:33,047] {logging_mixin.py:115} INFO - [2022-12-21 17:04:33,047] {dagbag.py:507} INFO - Filling up the DagBag from /home/airflow/.local/lib/python3.7/site-packages/airflow/example_dags/example_branch_day_of_week_operator.py
[2022-12-21 17:04:33,055] {processor.py:651} INFO - DAG(s) dict_keys(['example_weekday_branch_operator']) retrieved from /home/airflow/.local/lib/python3.7/site-packages/airflow/example_dags/example_branch_day_of_week_operator.py
[2022-12-21 17:04:33,076] {logging_mixin.py:115} INFO - [2022-12-21 17:04:33,076] {dag.py:2371} INFO - Sync 1 DAGs
[2022-12-21 17:04:33,097] {logging_mixin.py:115} INFO - [2022-12-21 17:04:33,097] {dag.py:2919} INFO - Setting next_dagrun for example_weekday_branch_operator to 2022-12-20T00:00:00+00:00, run_after=2022-12-21T00:00:00+00:00
[2022-12-21 17:04:33,107] {processor.py:161} INFO - Processing /home/airflow/.local/lib/python3.7/site-packages/airflow/example_dags/example_branch_day_of_week_operator.py took 0.063 seconds
[2022-12-21 17:05:03,544] {processor.py:153} INFO - Started process (PID=23322) to work on /home/airflow/.local/lib/python3.7/site-packages/airflow/example_dags/example_branch_day_of_week_operator.py
[2022-12-21 17:05:03,545] {processor.py:641} INFO - Processing file /home/airflow/.local/lib/python3.7/site-packages/airflow/example_dags/example_branch_day_of_week_operator.py for tasks to queue
[2022-12-21 17:05:03,545] {logging_mixin.py:115} INFO - [2022-12-21 17:05:03,545] {dagbag.py:507} INFO - Filling up the DagBag from /home/airflow/.local/lib/python3.7/site-packages/airflow/example_dags/example_branch_day_of_week_operator.py
[2022-12-21 17:05:03,552] {processor.py:651} INFO - DAG(s) dict_keys(['example_weekday_branch_operator']) retrieved from /home/airflow/.local/lib/python3.7/site-packages/airflow/example_dags/example_branch_day_of_week_operator.py
[2022-12-21 17:05:03,571] {logging_mixin.py:115} INFO - [2022-12-21 17:05:03,571] {dag.py:2371} INFO - Sync 1 DAGs
[2022-12-21 17:05:03,588] {logging_mixin.py:115} INFO - [2022-12-21 17:05:03,588] {dag.py:2919} INFO - Setting next_dagrun for example_weekday_branch_operator to 2022-12-20T00:00:00+00:00, run_after=2022-12-21T00:00:00+00:00
[2022-12-21 17:05:03,597] {processor.py:161} INFO - Processing /home/airflow/.local/lib/python3.7/site-packages/airflow/example_dags/example_branch_day_of_week_operator.py took 0.056 seconds
[2022-12-21 17:05:34,114] {processor.py:153} INFO - Started process (PID=23387) to work on /home/airflow/.local/lib/python3.7/site-packages/airflow/example_dags/example_branch_day_of_week_operator.py
[2022-12-21 17:05:34,115] {processor.py:641} INFO - Processing file /home/airflow/.local/lib/python3.7/site-packages/airflow/example_dags/example_branch_day_of_week_operator.py for tasks to queue
[2022-12-21 17:05:34,115] {logging_mixin.py:115} INFO - [2022-12-21 17:05:34,115] {dagbag.py:507} INFO - Filling up the DagBag from /home/airflow/.local/lib/python3.7/site-packages/airflow/example_dags/example_branch_day_of_week_operator.py
[2022-12-21 17:05:34,121] {processor.py:651} INFO - DAG(s) dict_keys(['example_weekday_branch_operator']) retrieved from /home/airflow/.local/lib/python3.7/site-packages/airflow/example_dags/example_branch_day_of_week_operator.py
[2022-12-21 17:05:34,229] {logging_mixin.py:115} INFO - [2022-12-21 17:05:34,229] {dag.py:2371} INFO - Sync 1 DAGs
[2022-12-21 17:05:34,247] {logging_mixin.py:115} INFO - [2022-12-21 17:05:34,247] {dag.py:2919} INFO - Setting next_dagrun for example_weekday_branch_operator to 2022-12-20T00:00:00+00:00, run_after=2022-12-21T00:00:00+00:00
[2022-12-21 17:05:34,256] {processor.py:161} INFO - Processing /home/airflow/.local/lib/python3.7/site-packages/airflow/example_dags/example_branch_day_of_week_operator.py took 0.145 seconds
[2022-12-21 17:06:05,149] {processor.py:153} INFO - Started process (PID=23454) to work on /home/airflow/.local/lib/python3.7/site-packages/airflow/example_dags/example_branch_day_of_week_operator.py
[2022-12-21 17:06:05,150] {processor.py:641} INFO - Processing file /home/airflow/.local/lib/python3.7/site-packages/airflow/example_dags/example_branch_day_of_week_operator.py for tasks to queue
[2022-12-21 17:06:05,150] {logging_mixin.py:115} INFO - [2022-12-21 17:06:05,150] {dagbag.py:507} INFO - Filling up the DagBag from /home/airflow/.local/lib/python3.7/site-packages/airflow/example_dags/example_branch_day_of_week_operator.py
[2022-12-21 17:06:05,159] {processor.py:651} INFO - DAG(s) dict_keys(['example_weekday_branch_operator']) retrieved from /home/airflow/.local/lib/python3.7/site-packages/airflow/example_dags/example_branch_day_of_week_operator.py
[2022-12-21 17:06:05,181] {logging_mixin.py:115} INFO - [2022-12-21 17:06:05,181] {dag.py:2371} INFO - Sync 1 DAGs
[2022-12-21 17:06:05,208] {logging_mixin.py:115} INFO - [2022-12-21 17:06:05,208] {dag.py:2919} INFO - Setting next_dagrun for example_weekday_branch_operator to 2022-12-20T00:00:00+00:00, run_after=2022-12-21T00:00:00+00:00
[2022-12-21 17:06:05,220] {processor.py:161} INFO - Processing /home/airflow/.local/lib/python3.7/site-packages/airflow/example_dags/example_branch_day_of_week_operator.py took 0.074 seconds
[2022-12-21 17:06:35,701] {processor.py:153} INFO - Started process (PID=23521) to work on /home/airflow/.local/lib/python3.7/site-packages/airflow/example_dags/example_branch_day_of_week_operator.py
[2022-12-21 17:06:35,702] {processor.py:641} INFO - Processing file /home/airflow/.local/lib/python3.7/site-packages/airflow/example_dags/example_branch_day_of_week_operator.py for tasks to queue
[2022-12-21 17:06:35,702] {logging_mixin.py:115} INFO - [2022-12-21 17:06:35,702] {dagbag.py:507} INFO - Filling up the DagBag from /home/airflow/.local/lib/python3.7/site-packages/airflow/example_dags/example_branch_day_of_week_operator.py
[2022-12-21 17:06:35,709] {processor.py:651} INFO - DAG(s) dict_keys(['example_weekday_branch_operator']) retrieved from /home/airflow/.local/lib/python3.7/site-packages/airflow/example_dags/example_branch_day_of_week_operator.py
[2022-12-21 17:06:35,731] {logging_mixin.py:115} INFO - [2022-12-21 17:06:35,730] {dag.py:2371} INFO - Sync 1 DAGs
[2022-12-21 17:06:35,750] {logging_mixin.py:115} INFO - [2022-12-21 17:06:35,750] {dag.py:2919} INFO - Setting next_dagrun for example_weekday_branch_operator to 2022-12-20T00:00:00+00:00, run_after=2022-12-21T00:00:00+00:00
[2022-12-21 17:06:35,762] {processor.py:161} INFO - Processing /home/airflow/.local/lib/python3.7/site-packages/airflow/example_dags/example_branch_day_of_week_operator.py took 0.063 seconds
[2022-12-21 17:07:06,224] {processor.py:153} INFO - Started process (PID=23578) to work on /home/airflow/.local/lib/python3.7/site-packages/airflow/example_dags/example_branch_day_of_week_operator.py
[2022-12-21 17:07:06,225] {processor.py:641} INFO - Processing file /home/airflow/.local/lib/python3.7/site-packages/airflow/example_dags/example_branch_day_of_week_operator.py for tasks to queue
[2022-12-21 17:07:06,225] {logging_mixin.py:115} INFO - [2022-12-21 17:07:06,225] {dagbag.py:507} INFO - Filling up the DagBag from /home/airflow/.local/lib/python3.7/site-packages/airflow/example_dags/example_branch_day_of_week_operator.py
[2022-12-21 17:07:06,231] {processor.py:651} INFO - DAG(s) dict_keys(['example_weekday_branch_operator']) retrieved from /home/airflow/.local/lib/python3.7/site-packages/airflow/example_dags/example_branch_day_of_week_operator.py
[2022-12-21 17:07:06,251] {logging_mixin.py:115} INFO - [2022-12-21 17:07:06,251] {dag.py:2371} INFO - Sync 1 DAGs
[2022-12-21 17:07:06,268] {logging_mixin.py:115} INFO - [2022-12-21 17:07:06,267] {dag.py:2919} INFO - Setting next_dagrun for example_weekday_branch_operator to 2022-12-20T00:00:00+00:00, run_after=2022-12-21T00:00:00+00:00
[2022-12-21 17:07:06,278] {processor.py:161} INFO - Processing /home/airflow/.local/lib/python3.7/site-packages/airflow/example_dags/example_branch_day_of_week_operator.py took 0.057 seconds
[2022-12-21 17:07:36,808] {processor.py:153} INFO - Started process (PID=23643) to work on /home/airflow/.local/lib/python3.7/site-packages/airflow/example_dags/example_branch_day_of_week_operator.py
[2022-12-21 17:07:36,809] {processor.py:641} INFO - Processing file /home/airflow/.local/lib/python3.7/site-packages/airflow/example_dags/example_branch_day_of_week_operator.py for tasks to queue
[2022-12-21 17:07:36,809] {logging_mixin.py:115} INFO - [2022-12-21 17:07:36,809] {dagbag.py:507} INFO - Filling up the DagBag from /home/airflow/.local/lib/python3.7/site-packages/airflow/example_dags/example_branch_day_of_week_operator.py
[2022-12-21 17:07:36,816] {processor.py:651} INFO - DAG(s) dict_keys(['example_weekday_branch_operator']) retrieved from /home/airflow/.local/lib/python3.7/site-packages/airflow/example_dags/example_branch_day_of_week_operator.py
[2022-12-21 17:07:36,840] {logging_mixin.py:115} INFO - [2022-12-21 17:07:36,840] {dag.py:2371} INFO - Sync 1 DAGs
[2022-12-21 17:07:36,858] {logging_mixin.py:115} INFO - [2022-12-21 17:07:36,858] {dag.py:2919} INFO - Setting next_dagrun for example_weekday_branch_operator to 2022-12-20T00:00:00+00:00, run_after=2022-12-21T00:00:00+00:00
[2022-12-21 17:07:36,867] {processor.py:161} INFO - Processing /home/airflow/.local/lib/python3.7/site-packages/airflow/example_dags/example_branch_day_of_week_operator.py took 0.062 seconds
[2022-12-21 17:08:07,411] {processor.py:153} INFO - Started process (PID=23709) to work on /home/airflow/.local/lib/python3.7/site-packages/airflow/example_dags/example_branch_day_of_week_operator.py
[2022-12-21 17:08:07,412] {processor.py:641} INFO - Processing file /home/airflow/.local/lib/python3.7/site-packages/airflow/example_dags/example_branch_day_of_week_operator.py for tasks to queue
[2022-12-21 17:08:07,412] {logging_mixin.py:115} INFO - [2022-12-21 17:08:07,412] {dagbag.py:507} INFO - Filling up the DagBag from /home/airflow/.local/lib/python3.7/site-packages/airflow/example_dags/example_branch_day_of_week_operator.py
[2022-12-21 17:08:07,419] {processor.py:651} INFO - DAG(s) dict_keys(['example_weekday_branch_operator']) retrieved from /home/airflow/.local/lib/python3.7/site-packages/airflow/example_dags/example_branch_day_of_week_operator.py
[2022-12-21 17:08:07,442] {logging_mixin.py:115} INFO - [2022-12-21 17:08:07,442] {dag.py:2371} INFO - Sync 1 DAGs
[2022-12-21 17:08:07,464] {logging_mixin.py:115} INFO - [2022-12-21 17:08:07,464] {dag.py:2919} INFO - Setting next_dagrun for example_weekday_branch_operator to 2022-12-20T00:00:00+00:00, run_after=2022-12-21T00:00:00+00:00
[2022-12-21 17:08:07,474] {processor.py:161} INFO - Processing /home/airflow/.local/lib/python3.7/site-packages/airflow/example_dags/example_branch_day_of_week_operator.py took 0.065 seconds
[2022-12-21 17:08:37,965] {processor.py:153} INFO - Started process (PID=23776) to work on /home/airflow/.local/lib/python3.7/site-packages/airflow/example_dags/example_branch_day_of_week_operator.py
[2022-12-21 17:08:37,966] {processor.py:641} INFO - Processing file /home/airflow/.local/lib/python3.7/site-packages/airflow/example_dags/example_branch_day_of_week_operator.py for tasks to queue
[2022-12-21 17:08:37,966] {logging_mixin.py:115} INFO - [2022-12-21 17:08:37,966] {dagbag.py:507} INFO - Filling up the DagBag from /home/airflow/.local/lib/python3.7/site-packages/airflow/example_dags/example_branch_day_of_week_operator.py
[2022-12-21 17:08:37,972] {processor.py:651} INFO - DAG(s) dict_keys(['example_weekday_branch_operator']) retrieved from /home/airflow/.local/lib/python3.7/site-packages/airflow/example_dags/example_branch_day_of_week_operator.py
[2022-12-21 17:08:37,993] {logging_mixin.py:115} INFO - [2022-12-21 17:08:37,993] {dag.py:2371} INFO - Sync 1 DAGs
[2022-12-21 17:08:38,013] {logging_mixin.py:115} INFO - [2022-12-21 17:08:38,013] {dag.py:2919} INFO - Setting next_dagrun for example_weekday_branch_operator to 2022-12-20T00:00:00+00:00, run_after=2022-12-21T00:00:00+00:00
[2022-12-21 17:08:38,024] {processor.py:161} INFO - Processing /home/airflow/.local/lib/python3.7/site-packages/airflow/example_dags/example_branch_day_of_week_operator.py took 0.060 seconds
[2022-12-21 17:09:08,650] {processor.py:153} INFO - Started process (PID=23833) to work on /home/airflow/.local/lib/python3.7/site-packages/airflow/example_dags/example_branch_day_of_week_operator.py
[2022-12-21 17:09:08,650] {processor.py:641} INFO - Processing file /home/airflow/.local/lib/python3.7/site-packages/airflow/example_dags/example_branch_day_of_week_operator.py for tasks to queue
[2022-12-21 17:09:08,651] {logging_mixin.py:115} INFO - [2022-12-21 17:09:08,651] {dagbag.py:507} INFO - Filling up the DagBag from /home/airflow/.local/lib/python3.7/site-packages/airflow/example_dags/example_branch_day_of_week_operator.py
[2022-12-21 17:09:08,658] {processor.py:651} INFO - DAG(s) dict_keys(['example_weekday_branch_operator']) retrieved from /home/airflow/.local/lib/python3.7/site-packages/airflow/example_dags/example_branch_day_of_week_operator.py
[2022-12-21 17:09:08,683] {logging_mixin.py:115} INFO - [2022-12-21 17:09:08,683] {dag.py:2371} INFO - Sync 1 DAGs
[2022-12-21 17:09:08,702] {logging_mixin.py:115} INFO - [2022-12-21 17:09:08,702] {dag.py:2919} INFO - Setting next_dagrun for example_weekday_branch_operator to 2022-12-20T00:00:00+00:00, run_after=2022-12-21T00:00:00+00:00
[2022-12-21 17:09:08,713] {processor.py:161} INFO - Processing /home/airflow/.local/lib/python3.7/site-packages/airflow/example_dags/example_branch_day_of_week_operator.py took 0.065 seconds
[2022-12-21 17:09:39,363] {processor.py:153} INFO - Started process (PID=23900) to work on /home/airflow/.local/lib/python3.7/site-packages/airflow/example_dags/example_branch_day_of_week_operator.py
[2022-12-21 17:09:39,364] {processor.py:641} INFO - Processing file /home/airflow/.local/lib/python3.7/site-packages/airflow/example_dags/example_branch_day_of_week_operator.py for tasks to queue
[2022-12-21 17:09:39,364] {logging_mixin.py:115} INFO - [2022-12-21 17:09:39,364] {dagbag.py:507} INFO - Filling up the DagBag from /home/airflow/.local/lib/python3.7/site-packages/airflow/example_dags/example_branch_day_of_week_operator.py
[2022-12-21 17:09:39,370] {processor.py:651} INFO - DAG(s) dict_keys(['example_weekday_branch_operator']) retrieved from /home/airflow/.local/lib/python3.7/site-packages/airflow/example_dags/example_branch_day_of_week_operator.py
[2022-12-21 17:09:39,388] {logging_mixin.py:115} INFO - [2022-12-21 17:09:39,388] {dag.py:2371} INFO - Sync 1 DAGs
[2022-12-21 17:09:39,405] {logging_mixin.py:115} INFO - [2022-12-21 17:09:39,405] {dag.py:2919} INFO - Setting next_dagrun for example_weekday_branch_operator to 2022-12-20T00:00:00+00:00, run_after=2022-12-21T00:00:00+00:00
[2022-12-21 17:09:39,416] {processor.py:161} INFO - Processing /home/airflow/.local/lib/python3.7/site-packages/airflow/example_dags/example_branch_day_of_week_operator.py took 0.055 seconds
[2022-12-21 17:10:10,107] {processor.py:153} INFO - Started process (PID=23967) to work on /home/airflow/.local/lib/python3.7/site-packages/airflow/example_dags/example_branch_day_of_week_operator.py
[2022-12-21 17:10:10,108] {processor.py:641} INFO - Processing file /home/airflow/.local/lib/python3.7/site-packages/airflow/example_dags/example_branch_day_of_week_operator.py for tasks to queue
[2022-12-21 17:10:10,108] {logging_mixin.py:115} INFO - [2022-12-21 17:10:10,108] {dagbag.py:507} INFO - Filling up the DagBag from /home/airflow/.local/lib/python3.7/site-packages/airflow/example_dags/example_branch_day_of_week_operator.py
[2022-12-21 17:10:10,116] {processor.py:651} INFO - DAG(s) dict_keys(['example_weekday_branch_operator']) retrieved from /home/airflow/.local/lib/python3.7/site-packages/airflow/example_dags/example_branch_day_of_week_operator.py
[2022-12-21 17:10:10,135] {logging_mixin.py:115} INFO - [2022-12-21 17:10:10,135] {dag.py:2371} INFO - Sync 1 DAGs
[2022-12-21 17:10:10,153] {logging_mixin.py:115} INFO - [2022-12-21 17:10:10,153] {dag.py:2919} INFO - Setting next_dagrun for example_weekday_branch_operator to 2022-12-20T00:00:00+00:00, run_after=2022-12-21T00:00:00+00:00
[2022-12-21 17:10:10,162] {processor.py:161} INFO - Processing /home/airflow/.local/lib/python3.7/site-packages/airflow/example_dags/example_branch_day_of_week_operator.py took 0.057 seconds
[2022-12-21 17:10:40,708] {processor.py:153} INFO - Started process (PID=24034) to work on /home/airflow/.local/lib/python3.7/site-packages/airflow/example_dags/example_branch_day_of_week_operator.py
[2022-12-21 17:10:40,709] {processor.py:641} INFO - Processing file /home/airflow/.local/lib/python3.7/site-packages/airflow/example_dags/example_branch_day_of_week_operator.py for tasks to queue
[2022-12-21 17:10:40,709] {logging_mixin.py:115} INFO - [2022-12-21 17:10:40,709] {dagbag.py:507} INFO - Filling up the DagBag from /home/airflow/.local/lib/python3.7/site-packages/airflow/example_dags/example_branch_day_of_week_operator.py
[2022-12-21 17:10:40,716] {processor.py:651} INFO - DAG(s) dict_keys(['example_weekday_branch_operator']) retrieved from /home/airflow/.local/lib/python3.7/site-packages/airflow/example_dags/example_branch_day_of_week_operator.py
[2022-12-21 17:10:40,738] {logging_mixin.py:115} INFO - [2022-12-21 17:10:40,737] {dag.py:2371} INFO - Sync 1 DAGs
[2022-12-21 17:10:40,755] {logging_mixin.py:115} INFO - [2022-12-21 17:10:40,755] {dag.py:2919} INFO - Setting next_dagrun for example_weekday_branch_operator to 2022-12-20T00:00:00+00:00, run_after=2022-12-21T00:00:00+00:00
[2022-12-21 17:10:40,765] {processor.py:161} INFO - Processing /home/airflow/.local/lib/python3.7/site-packages/airflow/example_dags/example_branch_day_of_week_operator.py took 0.059 seconds
[2022-12-21 17:11:11,253] {processor.py:153} INFO - Started process (PID=24090) to work on /home/airflow/.local/lib/python3.7/site-packages/airflow/example_dags/example_branch_day_of_week_operator.py
[2022-12-21 17:11:11,253] {processor.py:641} INFO - Processing file /home/airflow/.local/lib/python3.7/site-packages/airflow/example_dags/example_branch_day_of_week_operator.py for tasks to queue
[2022-12-21 17:11:11,254] {logging_mixin.py:115} INFO - [2022-12-21 17:11:11,253] {dagbag.py:507} INFO - Filling up the DagBag from /home/airflow/.local/lib/python3.7/site-packages/airflow/example_dags/example_branch_day_of_week_operator.py
[2022-12-21 17:11:11,260] {processor.py:651} INFO - DAG(s) dict_keys(['example_weekday_branch_operator']) retrieved from /home/airflow/.local/lib/python3.7/site-packages/airflow/example_dags/example_branch_day_of_week_operator.py
[2022-12-21 17:11:11,280] {logging_mixin.py:115} INFO - [2022-12-21 17:11:11,280] {dag.py:2371} INFO - Sync 1 DAGs
[2022-12-21 17:11:11,299] {logging_mixin.py:115} INFO - [2022-12-21 17:11:11,299] {dag.py:2919} INFO - Setting next_dagrun for example_weekday_branch_operator to 2022-12-20T00:00:00+00:00, run_after=2022-12-21T00:00:00+00:00
[2022-12-21 17:11:11,310] {processor.py:161} INFO - Processing /home/airflow/.local/lib/python3.7/site-packages/airflow/example_dags/example_branch_day_of_week_operator.py took 0.060 seconds
[2022-12-21 17:11:41,885] {processor.py:153} INFO - Started process (PID=24156) to work on /home/airflow/.local/lib/python3.7/site-packages/airflow/example_dags/example_branch_day_of_week_operator.py
[2022-12-21 17:11:41,886] {processor.py:641} INFO - Processing file /home/airflow/.local/lib/python3.7/site-packages/airflow/example_dags/example_branch_day_of_week_operator.py for tasks to queue
[2022-12-21 17:11:41,886] {logging_mixin.py:115} INFO - [2022-12-21 17:11:41,886] {dagbag.py:507} INFO - Filling up the DagBag from /home/airflow/.local/lib/python3.7/site-packages/airflow/example_dags/example_branch_day_of_week_operator.py
[2022-12-21 17:11:41,892] {processor.py:651} INFO - DAG(s) dict_keys(['example_weekday_branch_operator']) retrieved from /home/airflow/.local/lib/python3.7/site-packages/airflow/example_dags/example_branch_day_of_week_operator.py
[2022-12-21 17:11:41,913] {logging_mixin.py:115} INFO - [2022-12-21 17:11:41,913] {dag.py:2371} INFO - Sync 1 DAGs
[2022-12-21 17:11:41,934] {logging_mixin.py:115} INFO - [2022-12-21 17:11:41,933] {dag.py:2919} INFO - Setting next_dagrun for example_weekday_branch_operator to 2022-12-20T00:00:00+00:00, run_after=2022-12-21T00:00:00+00:00
[2022-12-21 17:11:41,944] {processor.py:161} INFO - Processing /home/airflow/.local/lib/python3.7/site-packages/airflow/example_dags/example_branch_day_of_week_operator.py took 0.061 seconds
[2022-12-21 17:12:12,509] {processor.py:153} INFO - Started process (PID=24222) to work on /home/airflow/.local/lib/python3.7/site-packages/airflow/example_dags/example_branch_day_of_week_operator.py
[2022-12-21 17:12:12,510] {processor.py:641} INFO - Processing file /home/airflow/.local/lib/python3.7/site-packages/airflow/example_dags/example_branch_day_of_week_operator.py for tasks to queue
[2022-12-21 17:12:12,511] {logging_mixin.py:115} INFO - [2022-12-21 17:12:12,510] {dagbag.py:507} INFO - Filling up the DagBag from /home/airflow/.local/lib/python3.7/site-packages/airflow/example_dags/example_branch_day_of_week_operator.py
[2022-12-21 17:12:12,517] {processor.py:651} INFO - DAG(s) dict_keys(['example_weekday_branch_operator']) retrieved from /home/airflow/.local/lib/python3.7/site-packages/airflow/example_dags/example_branch_day_of_week_operator.py
[2022-12-21 17:12:12,538] {logging_mixin.py:115} INFO - [2022-12-21 17:12:12,538] {dag.py:2371} INFO - Sync 1 DAGs
[2022-12-21 17:12:12,555] {logging_mixin.py:115} INFO - [2022-12-21 17:12:12,554] {dag.py:2919} INFO - Setting next_dagrun for example_weekday_branch_operator to 2022-12-20T00:00:00+00:00, run_after=2022-12-21T00:00:00+00:00
[2022-12-21 17:12:12,564] {processor.py:161} INFO - Processing /home/airflow/.local/lib/python3.7/site-packages/airflow/example_dags/example_branch_day_of_week_operator.py took 0.057 seconds
[2022-12-21 17:12:43,036] {processor.py:153} INFO - Started process (PID=24280) to work on /home/airflow/.local/lib/python3.7/site-packages/airflow/example_dags/example_branch_day_of_week_operator.py
[2022-12-21 17:12:43,037] {processor.py:641} INFO - Processing file /home/airflow/.local/lib/python3.7/site-packages/airflow/example_dags/example_branch_day_of_week_operator.py for tasks to queue
[2022-12-21 17:12:43,037] {logging_mixin.py:115} INFO - [2022-12-21 17:12:43,037] {dagbag.py:507} INFO - Filling up the DagBag from /home/airflow/.local/lib/python3.7/site-packages/airflow/example_dags/example_branch_day_of_week_operator.py
[2022-12-21 17:12:43,043] {processor.py:651} INFO - DAG(s) dict_keys(['example_weekday_branch_operator']) retrieved from /home/airflow/.local/lib/python3.7/site-packages/airflow/example_dags/example_branch_day_of_week_operator.py
[2022-12-21 17:12:43,064] {logging_mixin.py:115} INFO - [2022-12-21 17:12:43,064] {dag.py:2371} INFO - Sync 1 DAGs
[2022-12-21 17:12:43,082] {logging_mixin.py:115} INFO - [2022-12-21 17:12:43,082] {dag.py:2919} INFO - Setting next_dagrun for example_weekday_branch_operator to 2022-12-20T00:00:00+00:00, run_after=2022-12-21T00:00:00+00:00
[2022-12-21 17:12:43,091] {processor.py:161} INFO - Processing /home/airflow/.local/lib/python3.7/site-packages/airflow/example_dags/example_branch_day_of_week_operator.py took 0.057 seconds
[2022-12-21 17:13:13,485] {processor.py:153} INFO - Started process (PID=24345) to work on /home/airflow/.local/lib/python3.7/site-packages/airflow/example_dags/example_branch_day_of_week_operator.py
[2022-12-21 17:13:13,486] {processor.py:641} INFO - Processing file /home/airflow/.local/lib/python3.7/site-packages/airflow/example_dags/example_branch_day_of_week_operator.py for tasks to queue
[2022-12-21 17:13:13,486] {logging_mixin.py:115} INFO - [2022-12-21 17:13:13,486] {dagbag.py:507} INFO - Filling up the DagBag from /home/airflow/.local/lib/python3.7/site-packages/airflow/example_dags/example_branch_day_of_week_operator.py
[2022-12-21 17:13:13,492] {processor.py:651} INFO - DAG(s) dict_keys(['example_weekday_branch_operator']) retrieved from /home/airflow/.local/lib/python3.7/site-packages/airflow/example_dags/example_branch_day_of_week_operator.py
[2022-12-21 17:13:13,511] {logging_mixin.py:115} INFO - [2022-12-21 17:13:13,510] {dag.py:2371} INFO - Sync 1 DAGs
[2022-12-21 17:13:13,527] {logging_mixin.py:115} INFO - [2022-12-21 17:13:13,527] {dag.py:2919} INFO - Setting next_dagrun for example_weekday_branch_operator to 2022-12-20T00:00:00+00:00, run_after=2022-12-21T00:00:00+00:00
[2022-12-21 17:13:13,536] {processor.py:161} INFO - Processing /home/airflow/.local/lib/python3.7/site-packages/airflow/example_dags/example_branch_day_of_week_operator.py took 0.053 seconds
[2022-12-21 17:13:44,110] {processor.py:153} INFO - Started process (PID=24411) to work on /home/airflow/.local/lib/python3.7/site-packages/airflow/example_dags/example_branch_day_of_week_operator.py
[2022-12-21 17:13:44,111] {processor.py:641} INFO - Processing file /home/airflow/.local/lib/python3.7/site-packages/airflow/example_dags/example_branch_day_of_week_operator.py for tasks to queue
[2022-12-21 17:13:44,111] {logging_mixin.py:115} INFO - [2022-12-21 17:13:44,111] {dagbag.py:507} INFO - Filling up the DagBag from /home/airflow/.local/lib/python3.7/site-packages/airflow/example_dags/example_branch_day_of_week_operator.py
[2022-12-21 17:13:44,118] {processor.py:651} INFO - DAG(s) dict_keys(['example_weekday_branch_operator']) retrieved from /home/airflow/.local/lib/python3.7/site-packages/airflow/example_dags/example_branch_day_of_week_operator.py
[2022-12-21 17:13:44,139] {logging_mixin.py:115} INFO - [2022-12-21 17:13:44,139] {dag.py:2371} INFO - Sync 1 DAGs
[2022-12-21 17:13:44,159] {logging_mixin.py:115} INFO - [2022-12-21 17:13:44,159] {dag.py:2919} INFO - Setting next_dagrun for example_weekday_branch_operator to 2022-12-20T00:00:00+00:00, run_after=2022-12-21T00:00:00+00:00
[2022-12-21 17:13:44,169] {processor.py:161} INFO - Processing /home/airflow/.local/lib/python3.7/site-packages/airflow/example_dags/example_branch_day_of_week_operator.py took 0.062 seconds
[2022-12-21 17:14:14,758] {processor.py:153} INFO - Started process (PID=24478) to work on /home/airflow/.local/lib/python3.7/site-packages/airflow/example_dags/example_branch_day_of_week_operator.py
[2022-12-21 17:14:14,759] {processor.py:641} INFO - Processing file /home/airflow/.local/lib/python3.7/site-packages/airflow/example_dags/example_branch_day_of_week_operator.py for tasks to queue
[2022-12-21 17:14:14,759] {logging_mixin.py:115} INFO - [2022-12-21 17:14:14,759] {dagbag.py:507} INFO - Filling up the DagBag from /home/airflow/.local/lib/python3.7/site-packages/airflow/example_dags/example_branch_day_of_week_operator.py
[2022-12-21 17:14:14,766] {processor.py:651} INFO - DAG(s) dict_keys(['example_weekday_branch_operator']) retrieved from /home/airflow/.local/lib/python3.7/site-packages/airflow/example_dags/example_branch_day_of_week_operator.py
[2022-12-21 17:14:14,790] {logging_mixin.py:115} INFO - [2022-12-21 17:14:14,790] {dag.py:2371} INFO - Sync 1 DAGs
[2022-12-21 17:14:14,813] {logging_mixin.py:115} INFO - [2022-12-21 17:14:14,813] {dag.py:2919} INFO - Setting next_dagrun for example_weekday_branch_operator to 2022-12-20T00:00:00+00:00, run_after=2022-12-21T00:00:00+00:00
[2022-12-21 17:14:14,826] {processor.py:161} INFO - Processing /home/airflow/.local/lib/python3.7/site-packages/airflow/example_dags/example_branch_day_of_week_operator.py took 0.070 seconds
[2022-12-21 17:14:45,587] {processor.py:153} INFO - Started process (PID=24541) to work on /home/airflow/.local/lib/python3.7/site-packages/airflow/example_dags/example_branch_day_of_week_operator.py
[2022-12-21 17:14:45,588] {processor.py:641} INFO - Processing file /home/airflow/.local/lib/python3.7/site-packages/airflow/example_dags/example_branch_day_of_week_operator.py for tasks to queue
[2022-12-21 17:14:45,589] {logging_mixin.py:115} INFO - [2022-12-21 17:14:45,588] {dagbag.py:507} INFO - Filling up the DagBag from /home/airflow/.local/lib/python3.7/site-packages/airflow/example_dags/example_branch_day_of_week_operator.py
[2022-12-21 17:14:45,596] {processor.py:651} INFO - DAG(s) dict_keys(['example_weekday_branch_operator']) retrieved from /home/airflow/.local/lib/python3.7/site-packages/airflow/example_dags/example_branch_day_of_week_operator.py
[2022-12-21 17:14:45,621] {logging_mixin.py:115} INFO - [2022-12-21 17:14:45,620] {dag.py:2371} INFO - Sync 1 DAGs
[2022-12-21 17:14:45,638] {logging_mixin.py:115} INFO - [2022-12-21 17:14:45,638] {dag.py:2919} INFO - Setting next_dagrun for example_weekday_branch_operator to 2022-12-20T00:00:00+00:00, run_after=2022-12-21T00:00:00+00:00
[2022-12-21 17:14:45,648] {processor.py:161} INFO - Processing /home/airflow/.local/lib/python3.7/site-packages/airflow/example_dags/example_branch_day_of_week_operator.py took 0.064 seconds
[2022-12-21 17:15:16,166] {processor.py:153} INFO - Started process (PID=24600) to work on /home/airflow/.local/lib/python3.7/site-packages/airflow/example_dags/example_branch_day_of_week_operator.py
[2022-12-21 17:15:16,167] {processor.py:641} INFO - Processing file /home/airflow/.local/lib/python3.7/site-packages/airflow/example_dags/example_branch_day_of_week_operator.py for tasks to queue
[2022-12-21 17:15:16,167] {logging_mixin.py:115} INFO - [2022-12-21 17:15:16,167] {dagbag.py:507} INFO - Filling up the DagBag from /home/airflow/.local/lib/python3.7/site-packages/airflow/example_dags/example_branch_day_of_week_operator.py
[2022-12-21 17:15:16,173] {processor.py:651} INFO - DAG(s) dict_keys(['example_weekday_branch_operator']) retrieved from /home/airflow/.local/lib/python3.7/site-packages/airflow/example_dags/example_branch_day_of_week_operator.py
[2022-12-21 17:15:16,192] {logging_mixin.py:115} INFO - [2022-12-21 17:15:16,192] {dag.py:2371} INFO - Sync 1 DAGs
[2022-12-21 17:15:16,209] {logging_mixin.py:115} INFO - [2022-12-21 17:15:16,209] {dag.py:2919} INFO - Setting next_dagrun for example_weekday_branch_operator to 2022-12-20T00:00:00+00:00, run_after=2022-12-21T00:00:00+00:00
[2022-12-21 17:15:16,218] {processor.py:161} INFO - Processing /home/airflow/.local/lib/python3.7/site-packages/airflow/example_dags/example_branch_day_of_week_operator.py took 0.054 seconds
[2022-12-21 17:15:46,773] {processor.py:153} INFO - Started process (PID=24666) to work on /home/airflow/.local/lib/python3.7/site-packages/airflow/example_dags/example_branch_day_of_week_operator.py
[2022-12-21 17:15:46,774] {processor.py:641} INFO - Processing file /home/airflow/.local/lib/python3.7/site-packages/airflow/example_dags/example_branch_day_of_week_operator.py for tasks to queue
[2022-12-21 17:15:46,775] {logging_mixin.py:115} INFO - [2022-12-21 17:15:46,775] {dagbag.py:507} INFO - Filling up the DagBag from /home/airflow/.local/lib/python3.7/site-packages/airflow/example_dags/example_branch_day_of_week_operator.py
[2022-12-21 17:15:46,781] {processor.py:651} INFO - DAG(s) dict_keys(['example_weekday_branch_operator']) retrieved from /home/airflow/.local/lib/python3.7/site-packages/airflow/example_dags/example_branch_day_of_week_operator.py
[2022-12-21 17:15:46,802] {logging_mixin.py:115} INFO - [2022-12-21 17:15:46,802] {dag.py:2371} INFO - Sync 1 DAGs
[2022-12-21 17:15:46,824] {logging_mixin.py:115} INFO - [2022-12-21 17:15:46,824] {dag.py:2919} INFO - Setting next_dagrun for example_weekday_branch_operator to 2022-12-20T00:00:00+00:00, run_after=2022-12-21T00:00:00+00:00
[2022-12-21 17:15:46,836] {processor.py:161} INFO - Processing /home/airflow/.local/lib/python3.7/site-packages/airflow/example_dags/example_branch_day_of_week_operator.py took 0.065 seconds
[2022-12-21 17:16:17,485] {processor.py:153} INFO - Started process (PID=24732) to work on /home/airflow/.local/lib/python3.7/site-packages/airflow/example_dags/example_branch_day_of_week_operator.py
[2022-12-21 17:16:17,485] {processor.py:641} INFO - Processing file /home/airflow/.local/lib/python3.7/site-packages/airflow/example_dags/example_branch_day_of_week_operator.py for tasks to queue
[2022-12-21 17:16:17,486] {logging_mixin.py:115} INFO - [2022-12-21 17:16:17,486] {dagbag.py:507} INFO - Filling up the DagBag from /home/airflow/.local/lib/python3.7/site-packages/airflow/example_dags/example_branch_day_of_week_operator.py
[2022-12-21 17:16:17,492] {processor.py:651} INFO - DAG(s) dict_keys(['example_weekday_branch_operator']) retrieved from /home/airflow/.local/lib/python3.7/site-packages/airflow/example_dags/example_branch_day_of_week_operator.py
[2022-12-21 17:16:17,513] {logging_mixin.py:115} INFO - [2022-12-21 17:16:17,513] {dag.py:2371} INFO - Sync 1 DAGs
[2022-12-21 17:16:17,536] {logging_mixin.py:115} INFO - [2022-12-21 17:16:17,536] {dag.py:2919} INFO - Setting next_dagrun for example_weekday_branch_operator to 2022-12-20T00:00:00+00:00, run_after=2022-12-21T00:00:00+00:00
[2022-12-21 17:16:17,547] {processor.py:161} INFO - Processing /home/airflow/.local/lib/python3.7/site-packages/airflow/example_dags/example_branch_day_of_week_operator.py took 0.065 seconds
[2022-12-21 17:16:48,146] {processor.py:153} INFO - Started process (PID=24790) to work on /home/airflow/.local/lib/python3.7/site-packages/airflow/example_dags/example_branch_day_of_week_operator.py
[2022-12-21 17:16:48,147] {processor.py:641} INFO - Processing file /home/airflow/.local/lib/python3.7/site-packages/airflow/example_dags/example_branch_day_of_week_operator.py for tasks to queue
[2022-12-21 17:16:48,147] {logging_mixin.py:115} INFO - [2022-12-21 17:16:48,147] {dagbag.py:507} INFO - Filling up the DagBag from /home/airflow/.local/lib/python3.7/site-packages/airflow/example_dags/example_branch_day_of_week_operator.py
[2022-12-21 17:16:48,153] {processor.py:651} INFO - DAG(s) dict_keys(['example_weekday_branch_operator']) retrieved from /home/airflow/.local/lib/python3.7/site-packages/airflow/example_dags/example_branch_day_of_week_operator.py
[2022-12-21 17:16:48,175] {logging_mixin.py:115} INFO - [2022-12-21 17:16:48,175] {dag.py:2371} INFO - Sync 1 DAGs
[2022-12-21 17:16:48,208] {logging_mixin.py:115} INFO - [2022-12-21 17:16:48,208] {dag.py:2919} INFO - Setting next_dagrun for example_weekday_branch_operator to 2022-12-20T00:00:00+00:00, run_after=2022-12-21T00:00:00+00:00
[2022-12-21 17:16:48,221] {processor.py:161} INFO - Processing /home/airflow/.local/lib/python3.7/site-packages/airflow/example_dags/example_branch_day_of_week_operator.py took 0.077 seconds
[2022-12-21 17:17:18,822] {processor.py:153} INFO - Started process (PID=24855) to work on /home/airflow/.local/lib/python3.7/site-packages/airflow/example_dags/example_branch_day_of_week_operator.py
[2022-12-21 17:17:18,823] {processor.py:641} INFO - Processing file /home/airflow/.local/lib/python3.7/site-packages/airflow/example_dags/example_branch_day_of_week_operator.py for tasks to queue
[2022-12-21 17:17:18,824] {logging_mixin.py:115} INFO - [2022-12-21 17:17:18,824] {dagbag.py:507} INFO - Filling up the DagBag from /home/airflow/.local/lib/python3.7/site-packages/airflow/example_dags/example_branch_day_of_week_operator.py
[2022-12-21 17:17:18,833] {processor.py:651} INFO - DAG(s) dict_keys(['example_weekday_branch_operator']) retrieved from /home/airflow/.local/lib/python3.7/site-packages/airflow/example_dags/example_branch_day_of_week_operator.py
[2022-12-21 17:17:18,854] {logging_mixin.py:115} INFO - [2022-12-21 17:17:18,854] {dag.py:2371} INFO - Sync 1 DAGs
[2022-12-21 17:17:18,874] {logging_mixin.py:115} INFO - [2022-12-21 17:17:18,874] {dag.py:2919} INFO - Setting next_dagrun for example_weekday_branch_operator to 2022-12-20T00:00:00+00:00, run_after=2022-12-21T00:00:00+00:00
[2022-12-21 17:17:18,885] {processor.py:161} INFO - Processing /home/airflow/.local/lib/python3.7/site-packages/airflow/example_dags/example_branch_day_of_week_operator.py took 0.065 seconds
[2022-12-21 17:17:49,396] {processor.py:153} INFO - Started process (PID=24922) to work on /home/airflow/.local/lib/python3.7/site-packages/airflow/example_dags/example_branch_day_of_week_operator.py
[2022-12-21 17:17:49,397] {processor.py:641} INFO - Processing file /home/airflow/.local/lib/python3.7/site-packages/airflow/example_dags/example_branch_day_of_week_operator.py for tasks to queue
[2022-12-21 17:17:49,397] {logging_mixin.py:115} INFO - [2022-12-21 17:17:49,397] {dagbag.py:507} INFO - Filling up the DagBag from /home/airflow/.local/lib/python3.7/site-packages/airflow/example_dags/example_branch_day_of_week_operator.py
[2022-12-21 17:17:49,405] {processor.py:651} INFO - DAG(s) dict_keys(['example_weekday_branch_operator']) retrieved from /home/airflow/.local/lib/python3.7/site-packages/airflow/example_dags/example_branch_day_of_week_operator.py
[2022-12-21 17:17:49,425] {logging_mixin.py:115} INFO - [2022-12-21 17:17:49,425] {dag.py:2371} INFO - Sync 1 DAGs
[2022-12-21 17:17:49,442] {logging_mixin.py:115} INFO - [2022-12-21 17:17:49,442] {dag.py:2919} INFO - Setting next_dagrun for example_weekday_branch_operator to 2022-12-20T00:00:00+00:00, run_after=2022-12-21T00:00:00+00:00
[2022-12-21 17:17:49,451] {processor.py:161} INFO - Processing /home/airflow/.local/lib/python3.7/site-packages/airflow/example_dags/example_branch_day_of_week_operator.py took 0.057 seconds
[2022-12-21 17:18:20,217] {processor.py:153} INFO - Started process (PID=24992) to work on /home/airflow/.local/lib/python3.7/site-packages/airflow/example_dags/example_branch_day_of_week_operator.py
[2022-12-21 17:18:20,218] {processor.py:641} INFO - Processing file /home/airflow/.local/lib/python3.7/site-packages/airflow/example_dags/example_branch_day_of_week_operator.py for tasks to queue
[2022-12-21 17:18:20,218] {logging_mixin.py:115} INFO - [2022-12-21 17:18:20,218] {dagbag.py:507} INFO - Filling up the DagBag from /home/airflow/.local/lib/python3.7/site-packages/airflow/example_dags/example_branch_day_of_week_operator.py
[2022-12-21 17:18:20,226] {processor.py:651} INFO - DAG(s) dict_keys(['example_weekday_branch_operator']) retrieved from /home/airflow/.local/lib/python3.7/site-packages/airflow/example_dags/example_branch_day_of_week_operator.py
[2022-12-21 17:18:20,248] {logging_mixin.py:115} INFO - [2022-12-21 17:18:20,248] {dag.py:2371} INFO - Sync 1 DAGs
[2022-12-21 17:18:20,269] {logging_mixin.py:115} INFO - [2022-12-21 17:18:20,268] {dag.py:2919} INFO - Setting next_dagrun for example_weekday_branch_operator to 2022-12-20T00:00:00+00:00, run_after=2022-12-21T00:00:00+00:00
[2022-12-21 17:18:20,280] {processor.py:161} INFO - Processing /home/airflow/.local/lib/python3.7/site-packages/airflow/example_dags/example_branch_day_of_week_operator.py took 0.065 seconds
[2022-12-21 17:18:50,960] {processor.py:153} INFO - Started process (PID=25049) to work on /home/airflow/.local/lib/python3.7/site-packages/airflow/example_dags/example_branch_day_of_week_operator.py
[2022-12-21 17:18:50,960] {processor.py:641} INFO - Processing file /home/airflow/.local/lib/python3.7/site-packages/airflow/example_dags/example_branch_day_of_week_operator.py for tasks to queue
[2022-12-21 17:18:50,961] {logging_mixin.py:115} INFO - [2022-12-21 17:18:50,960] {dagbag.py:507} INFO - Filling up the DagBag from /home/airflow/.local/lib/python3.7/site-packages/airflow/example_dags/example_branch_day_of_week_operator.py
[2022-12-21 17:18:50,967] {processor.py:651} INFO - DAG(s) dict_keys(['example_weekday_branch_operator']) retrieved from /home/airflow/.local/lib/python3.7/site-packages/airflow/example_dags/example_branch_day_of_week_operator.py
[2022-12-21 17:18:50,987] {logging_mixin.py:115} INFO - [2022-12-21 17:18:50,987] {dag.py:2371} INFO - Sync 1 DAGs
[2022-12-21 17:18:51,006] {logging_mixin.py:115} INFO - [2022-12-21 17:18:51,006] {dag.py:2919} INFO - Setting next_dagrun for example_weekday_branch_operator to 2022-12-20T00:00:00+00:00, run_after=2022-12-21T00:00:00+00:00
[2022-12-21 17:18:51,016] {processor.py:161} INFO - Processing /home/airflow/.local/lib/python3.7/site-packages/airflow/example_dags/example_branch_day_of_week_operator.py took 0.059 seconds
[2022-12-21 17:19:21,630] {processor.py:153} INFO - Started process (PID=25116) to work on /home/airflow/.local/lib/python3.7/site-packages/airflow/example_dags/example_branch_day_of_week_operator.py
[2022-12-21 17:19:21,630] {processor.py:641} INFO - Processing file /home/airflow/.local/lib/python3.7/site-packages/airflow/example_dags/example_branch_day_of_week_operator.py for tasks to queue
[2022-12-21 17:19:21,631] {logging_mixin.py:115} INFO - [2022-12-21 17:19:21,631] {dagbag.py:507} INFO - Filling up the DagBag from /home/airflow/.local/lib/python3.7/site-packages/airflow/example_dags/example_branch_day_of_week_operator.py
[2022-12-21 17:19:21,638] {processor.py:651} INFO - DAG(s) dict_keys(['example_weekday_branch_operator']) retrieved from /home/airflow/.local/lib/python3.7/site-packages/airflow/example_dags/example_branch_day_of_week_operator.py
[2022-12-21 17:19:21,661] {logging_mixin.py:115} INFO - [2022-12-21 17:19:21,661] {dag.py:2371} INFO - Sync 1 DAGs
[2022-12-21 17:19:21,681] {logging_mixin.py:115} INFO - [2022-12-21 17:19:21,681] {dag.py:2919} INFO - Setting next_dagrun for example_weekday_branch_operator to 2022-12-20T00:00:00+00:00, run_after=2022-12-21T00:00:00+00:00
[2022-12-21 17:19:21,692] {processor.py:161} INFO - Processing /home/airflow/.local/lib/python3.7/site-packages/airflow/example_dags/example_branch_day_of_week_operator.py took 0.065 seconds
[2022-12-21 17:19:52,216] {processor.py:153} INFO - Started process (PID=25182) to work on /home/airflow/.local/lib/python3.7/site-packages/airflow/example_dags/example_branch_day_of_week_operator.py
[2022-12-21 17:19:52,216] {processor.py:641} INFO - Processing file /home/airflow/.local/lib/python3.7/site-packages/airflow/example_dags/example_branch_day_of_week_operator.py for tasks to queue
[2022-12-21 17:19:52,217] {logging_mixin.py:115} INFO - [2022-12-21 17:19:52,217] {dagbag.py:507} INFO - Filling up the DagBag from /home/airflow/.local/lib/python3.7/site-packages/airflow/example_dags/example_branch_day_of_week_operator.py
[2022-12-21 17:19:52,224] {processor.py:651} INFO - DAG(s) dict_keys(['example_weekday_branch_operator']) retrieved from /home/airflow/.local/lib/python3.7/site-packages/airflow/example_dags/example_branch_day_of_week_operator.py
[2022-12-21 17:19:52,244] {logging_mixin.py:115} INFO - [2022-12-21 17:19:52,243] {dag.py:2371} INFO - Sync 1 DAGs
[2022-12-21 17:19:52,266] {logging_mixin.py:115} INFO - [2022-12-21 17:19:52,266] {dag.py:2919} INFO - Setting next_dagrun for example_weekday_branch_operator to 2022-12-20T00:00:00+00:00, run_after=2022-12-21T00:00:00+00:00
[2022-12-21 17:19:52,277] {processor.py:161} INFO - Processing /home/airflow/.local/lib/python3.7/site-packages/airflow/example_dags/example_branch_day_of_week_operator.py took 0.064 seconds
[2022-12-21 17:20:22,956] {processor.py:153} INFO - Started process (PID=25250) to work on /home/airflow/.local/lib/python3.7/site-packages/airflow/example_dags/example_branch_day_of_week_operator.py
[2022-12-21 17:20:22,956] {processor.py:641} INFO - Processing file /home/airflow/.local/lib/python3.7/site-packages/airflow/example_dags/example_branch_day_of_week_operator.py for tasks to queue
[2022-12-21 17:20:22,957] {logging_mixin.py:115} INFO - [2022-12-21 17:20:22,957] {dagbag.py:507} INFO - Filling up the DagBag from /home/airflow/.local/lib/python3.7/site-packages/airflow/example_dags/example_branch_day_of_week_operator.py
[2022-12-21 17:20:22,963] {processor.py:651} INFO - DAG(s) dict_keys(['example_weekday_branch_operator']) retrieved from /home/airflow/.local/lib/python3.7/site-packages/airflow/example_dags/example_branch_day_of_week_operator.py
[2022-12-21 17:20:22,984] {logging_mixin.py:115} INFO - [2022-12-21 17:20:22,984] {dag.py:2371} INFO - Sync 1 DAGs
[2022-12-21 17:20:23,002] {logging_mixin.py:115} INFO - [2022-12-21 17:20:23,002] {dag.py:2919} INFO - Setting next_dagrun for example_weekday_branch_operator to 2022-12-20T00:00:00+00:00, run_after=2022-12-21T00:00:00+00:00
[2022-12-21 17:20:23,012] {processor.py:161} INFO - Processing /home/airflow/.local/lib/python3.7/site-packages/airflow/example_dags/example_branch_day_of_week_operator.py took 0.059 seconds
[2022-12-21 17:20:53,750] {processor.py:153} INFO - Started process (PID=25308) to work on /home/airflow/.local/lib/python3.7/site-packages/airflow/example_dags/example_branch_day_of_week_operator.py
[2022-12-21 17:20:53,751] {processor.py:641} INFO - Processing file /home/airflow/.local/lib/python3.7/site-packages/airflow/example_dags/example_branch_day_of_week_operator.py for tasks to queue
[2022-12-21 17:20:53,751] {logging_mixin.py:115} INFO - [2022-12-21 17:20:53,751] {dagbag.py:507} INFO - Filling up the DagBag from /home/airflow/.local/lib/python3.7/site-packages/airflow/example_dags/example_branch_day_of_week_operator.py
[2022-12-21 17:20:53,762] {processor.py:651} INFO - DAG(s) dict_keys(['example_weekday_branch_operator']) retrieved from /home/airflow/.local/lib/python3.7/site-packages/airflow/example_dags/example_branch_day_of_week_operator.py
[2022-12-21 17:20:53,794] {logging_mixin.py:115} INFO - [2022-12-21 17:20:53,794] {dag.py:2371} INFO - Sync 1 DAGs
[2022-12-21 17:20:53,831] {logging_mixin.py:115} INFO - [2022-12-21 17:20:53,830] {dag.py:2919} INFO - Setting next_dagrun for example_weekday_branch_operator to 2022-12-20T00:00:00+00:00, run_after=2022-12-21T00:00:00+00:00
[2022-12-21 17:20:53,850] {processor.py:161} INFO - Processing /home/airflow/.local/lib/python3.7/site-packages/airflow/example_dags/example_branch_day_of_week_operator.py took 0.103 seconds
[2022-12-21 17:21:24,261] {processor.py:153} INFO - Started process (PID=25374) to work on /home/airflow/.local/lib/python3.7/site-packages/airflow/example_dags/example_branch_day_of_week_operator.py
[2022-12-21 17:21:24,262] {processor.py:641} INFO - Processing file /home/airflow/.local/lib/python3.7/site-packages/airflow/example_dags/example_branch_day_of_week_operator.py for tasks to queue
[2022-12-21 17:21:24,262] {logging_mixin.py:115} INFO - [2022-12-21 17:21:24,262] {dagbag.py:507} INFO - Filling up the DagBag from /home/airflow/.local/lib/python3.7/site-packages/airflow/example_dags/example_branch_day_of_week_operator.py
[2022-12-21 17:21:24,268] {processor.py:651} INFO - DAG(s) dict_keys(['example_weekday_branch_operator']) retrieved from /home/airflow/.local/lib/python3.7/site-packages/airflow/example_dags/example_branch_day_of_week_operator.py
[2022-12-21 17:21:24,287] {logging_mixin.py:115} INFO - [2022-12-21 17:21:24,287] {dag.py:2371} INFO - Sync 1 DAGs
[2022-12-21 17:21:24,303] {logging_mixin.py:115} INFO - [2022-12-21 17:21:24,303] {dag.py:2919} INFO - Setting next_dagrun for example_weekday_branch_operator to 2022-12-20T00:00:00+00:00, run_after=2022-12-21T00:00:00+00:00
[2022-12-21 17:21:24,312] {processor.py:161} INFO - Processing /home/airflow/.local/lib/python3.7/site-packages/airflow/example_dags/example_branch_day_of_week_operator.py took 0.053 seconds
[2022-12-21 17:21:54,744] {processor.py:153} INFO - Started process (PID=25440) to work on /home/airflow/.local/lib/python3.7/site-packages/airflow/example_dags/example_branch_day_of_week_operator.py
[2022-12-21 17:21:54,745] {processor.py:641} INFO - Processing file /home/airflow/.local/lib/python3.7/site-packages/airflow/example_dags/example_branch_day_of_week_operator.py for tasks to queue
[2022-12-21 17:21:54,745] {logging_mixin.py:115} INFO - [2022-12-21 17:21:54,745] {dagbag.py:507} INFO - Filling up the DagBag from /home/airflow/.local/lib/python3.7/site-packages/airflow/example_dags/example_branch_day_of_week_operator.py
[2022-12-21 17:21:54,751] {processor.py:651} INFO - DAG(s) dict_keys(['example_weekday_branch_operator']) retrieved from /home/airflow/.local/lib/python3.7/site-packages/airflow/example_dags/example_branch_day_of_week_operator.py
[2022-12-21 17:21:54,769] {logging_mixin.py:115} INFO - [2022-12-21 17:21:54,769] {dag.py:2371} INFO - Sync 1 DAGs
[2022-12-21 17:21:54,786] {logging_mixin.py:115} INFO - [2022-12-21 17:21:54,786] {dag.py:2919} INFO - Setting next_dagrun for example_weekday_branch_operator to 2022-12-20T00:00:00+00:00, run_after=2022-12-21T00:00:00+00:00
[2022-12-21 17:21:54,794] {processor.py:161} INFO - Processing /home/airflow/.local/lib/python3.7/site-packages/airflow/example_dags/example_branch_day_of_week_operator.py took 0.052 seconds
[2022-12-21 17:22:25,244] {processor.py:153} INFO - Started process (PID=25508) to work on /home/airflow/.local/lib/python3.7/site-packages/airflow/example_dags/example_branch_day_of_week_operator.py
[2022-12-21 17:22:25,245] {processor.py:641} INFO - Processing file /home/airflow/.local/lib/python3.7/site-packages/airflow/example_dags/example_branch_day_of_week_operator.py for tasks to queue
[2022-12-21 17:22:25,245] {logging_mixin.py:115} INFO - [2022-12-21 17:22:25,245] {dagbag.py:507} INFO - Filling up the DagBag from /home/airflow/.local/lib/python3.7/site-packages/airflow/example_dags/example_branch_day_of_week_operator.py
[2022-12-21 17:22:25,251] {processor.py:651} INFO - DAG(s) dict_keys(['example_weekday_branch_operator']) retrieved from /home/airflow/.local/lib/python3.7/site-packages/airflow/example_dags/example_branch_day_of_week_operator.py
[2022-12-21 17:22:25,273] {logging_mixin.py:115} INFO - [2022-12-21 17:22:25,273] {dag.py:2371} INFO - Sync 1 DAGs
[2022-12-21 17:22:25,293] {logging_mixin.py:115} INFO - [2022-12-21 17:22:25,293] {dag.py:2919} INFO - Setting next_dagrun for example_weekday_branch_operator to 2022-12-20T00:00:00+00:00, run_after=2022-12-21T00:00:00+00:00
[2022-12-21 17:22:25,303] {processor.py:161} INFO - Processing /home/airflow/.local/lib/python3.7/site-packages/airflow/example_dags/example_branch_day_of_week_operator.py took 0.062 seconds
[2022-12-21 17:22:56,434] {processor.py:153} INFO - Started process (PID=25565) to work on /home/airflow/.local/lib/python3.7/site-packages/airflow/example_dags/example_branch_day_of_week_operator.py
[2022-12-21 17:22:56,435] {processor.py:641} INFO - Processing file /home/airflow/.local/lib/python3.7/site-packages/airflow/example_dags/example_branch_day_of_week_operator.py for tasks to queue
[2022-12-21 17:22:56,435] {logging_mixin.py:115} INFO - [2022-12-21 17:22:56,435] {dagbag.py:507} INFO - Filling up the DagBag from /home/airflow/.local/lib/python3.7/site-packages/airflow/example_dags/example_branch_day_of_week_operator.py
[2022-12-21 17:22:56,442] {processor.py:651} INFO - DAG(s) dict_keys(['example_weekday_branch_operator']) retrieved from /home/airflow/.local/lib/python3.7/site-packages/airflow/example_dags/example_branch_day_of_week_operator.py
[2022-12-21 17:22:56,460] {logging_mixin.py:115} INFO - [2022-12-21 17:22:56,460] {dag.py:2371} INFO - Sync 1 DAGs
[2022-12-21 17:22:56,478] {logging_mixin.py:115} INFO - [2022-12-21 17:22:56,478] {dag.py:2919} INFO - Setting next_dagrun for example_weekday_branch_operator to 2022-12-20T00:00:00+00:00, run_after=2022-12-21T00:00:00+00:00
[2022-12-21 17:22:56,487] {processor.py:161} INFO - Processing /home/airflow/.local/lib/python3.7/site-packages/airflow/example_dags/example_branch_day_of_week_operator.py took 0.056 seconds
[2022-12-21 17:23:27,459] {processor.py:153} INFO - Started process (PID=25632) to work on /home/airflow/.local/lib/python3.7/site-packages/airflow/example_dags/example_branch_day_of_week_operator.py
[2022-12-21 17:23:27,460] {processor.py:641} INFO - Processing file /home/airflow/.local/lib/python3.7/site-packages/airflow/example_dags/example_branch_day_of_week_operator.py for tasks to queue
[2022-12-21 17:23:27,460] {logging_mixin.py:115} INFO - [2022-12-21 17:23:27,460] {dagbag.py:507} INFO - Filling up the DagBag from /home/airflow/.local/lib/python3.7/site-packages/airflow/example_dags/example_branch_day_of_week_operator.py
[2022-12-21 17:23:27,466] {processor.py:651} INFO - DAG(s) dict_keys(['example_weekday_branch_operator']) retrieved from /home/airflow/.local/lib/python3.7/site-packages/airflow/example_dags/example_branch_day_of_week_operator.py
[2022-12-21 17:23:27,486] {logging_mixin.py:115} INFO - [2022-12-21 17:23:27,486] {dag.py:2371} INFO - Sync 1 DAGs
[2022-12-21 17:23:27,507] {logging_mixin.py:115} INFO - [2022-12-21 17:23:27,507] {dag.py:2919} INFO - Setting next_dagrun for example_weekday_branch_operator to 2022-12-20T00:00:00+00:00, run_after=2022-12-21T00:00:00+00:00
[2022-12-21 17:23:27,519] {processor.py:161} INFO - Processing /home/airflow/.local/lib/python3.7/site-packages/airflow/example_dags/example_branch_day_of_week_operator.py took 0.062 seconds
