[2022-12-21 16:55:21,148] {processor.py:153} INFO - Started process (PID=22103) to work on /home/airflow/.local/lib/python3.7/site-packages/airflow/example_dags/example_complex.py
[2022-12-21 16:55:21,149] {processor.py:641} INFO - Processing file /home/airflow/.local/lib/python3.7/site-packages/airflow/example_dags/example_complex.py for tasks to queue
[2022-12-21 16:55:21,149] {logging_mixin.py:115} INFO - [2022-12-21 16:55:21,149] {dagbag.py:507} INFO - Filling up the DagBag from /home/airflow/.local/lib/python3.7/site-packages/airflow/example_dags/example_complex.py
[2022-12-21 16:55:21,160] {processor.py:651} INFO - DAG(s) dict_keys(['example_complex']) retrieved from /home/airflow/.local/lib/python3.7/site-packages/airflow/example_dags/example_complex.py
[2022-12-21 16:55:21,183] {logging_mixin.py:115} INFO - [2022-12-21 16:55:21,183] {dag.py:2371} INFO - Sync 1 DAGs
[2022-12-21 16:55:21,199] {logging_mixin.py:115} INFO - [2022-12-21 16:55:21,199] {dag.py:2919} INFO - Setting next_dagrun for example_complex to None, run_after=None
[2022-12-21 16:55:21,208] {processor.py:161} INFO - Processing /home/airflow/.local/lib/python3.7/site-packages/airflow/example_dags/example_complex.py took 0.061 seconds
[2022-12-21 16:55:51,673] {processor.py:153} INFO - Started process (PID=22169) to work on /home/airflow/.local/lib/python3.7/site-packages/airflow/example_dags/example_complex.py
[2022-12-21 16:55:51,674] {processor.py:641} INFO - Processing file /home/airflow/.local/lib/python3.7/site-packages/airflow/example_dags/example_complex.py for tasks to queue
[2022-12-21 16:55:51,674] {logging_mixin.py:115} INFO - [2022-12-21 16:55:51,674] {dagbag.py:507} INFO - Filling up the DagBag from /home/airflow/.local/lib/python3.7/site-packages/airflow/example_dags/example_complex.py
[2022-12-21 16:55:51,682] {processor.py:651} INFO - DAG(s) dict_keys(['example_complex']) retrieved from /home/airflow/.local/lib/python3.7/site-packages/airflow/example_dags/example_complex.py
[2022-12-21 16:55:51,703] {logging_mixin.py:115} INFO - [2022-12-21 16:55:51,703] {dag.py:2371} INFO - Sync 1 DAGs
[2022-12-21 16:55:51,718] {logging_mixin.py:115} INFO - [2022-12-21 16:55:51,718] {dag.py:2919} INFO - Setting next_dagrun for example_complex to None, run_after=None
[2022-12-21 16:55:51,727] {processor.py:161} INFO - Processing /home/airflow/.local/lib/python3.7/site-packages/airflow/example_dags/example_complex.py took 0.056 seconds
[2022-12-21 16:56:22,020] {processor.py:153} INFO - Started process (PID=22235) to work on /home/airflow/.local/lib/python3.7/site-packages/airflow/example_dags/example_complex.py
[2022-12-21 16:56:22,021] {processor.py:641} INFO - Processing file /home/airflow/.local/lib/python3.7/site-packages/airflow/example_dags/example_complex.py for tasks to queue
[2022-12-21 16:56:22,021] {logging_mixin.py:115} INFO - [2022-12-21 16:56:22,021] {dagbag.py:507} INFO - Filling up the DagBag from /home/airflow/.local/lib/python3.7/site-packages/airflow/example_dags/example_complex.py
[2022-12-21 16:56:22,031] {processor.py:651} INFO - DAG(s) dict_keys(['example_complex']) retrieved from /home/airflow/.local/lib/python3.7/site-packages/airflow/example_dags/example_complex.py
[2022-12-21 16:56:22,058] {logging_mixin.py:115} INFO - [2022-12-21 16:56:22,058] {dag.py:2371} INFO - Sync 1 DAGs
[2022-12-21 16:56:22,078] {logging_mixin.py:115} INFO - [2022-12-21 16:56:22,078] {dag.py:2919} INFO - Setting next_dagrun for example_complex to None, run_after=None
[2022-12-21 16:56:22,088] {processor.py:161} INFO - Processing /home/airflow/.local/lib/python3.7/site-packages/airflow/example_dags/example_complex.py took 0.071 seconds
[2022-12-21 16:56:52,338] {processor.py:153} INFO - Started process (PID=22292) to work on /home/airflow/.local/lib/python3.7/site-packages/airflow/example_dags/example_complex.py
[2022-12-21 16:56:52,338] {processor.py:641} INFO - Processing file /home/airflow/.local/lib/python3.7/site-packages/airflow/example_dags/example_complex.py for tasks to queue
[2022-12-21 16:56:52,339] {logging_mixin.py:115} INFO - [2022-12-21 16:56:52,339] {dagbag.py:507} INFO - Filling up the DagBag from /home/airflow/.local/lib/python3.7/site-packages/airflow/example_dags/example_complex.py
[2022-12-21 16:56:52,347] {processor.py:651} INFO - DAG(s) dict_keys(['example_complex']) retrieved from /home/airflow/.local/lib/python3.7/site-packages/airflow/example_dags/example_complex.py
[2022-12-21 16:56:52,370] {logging_mixin.py:115} INFO - [2022-12-21 16:56:52,370] {dag.py:2371} INFO - Sync 1 DAGs
[2022-12-21 16:56:52,386] {logging_mixin.py:115} INFO - [2022-12-21 16:56:52,386] {dag.py:2919} INFO - Setting next_dagrun for example_complex to None, run_after=None
[2022-12-21 16:56:52,395] {processor.py:161} INFO - Processing /home/airflow/.local/lib/python3.7/site-packages/airflow/example_dags/example_complex.py took 0.059 seconds
[2022-12-21 16:57:22,966] {processor.py:153} INFO - Started process (PID=22359) to work on /home/airflow/.local/lib/python3.7/site-packages/airflow/example_dags/example_complex.py
[2022-12-21 16:57:22,966] {processor.py:641} INFO - Processing file /home/airflow/.local/lib/python3.7/site-packages/airflow/example_dags/example_complex.py for tasks to queue
[2022-12-21 16:57:22,966] {logging_mixin.py:115} INFO - [2022-12-21 16:57:22,966] {dagbag.py:507} INFO - Filling up the DagBag from /home/airflow/.local/lib/python3.7/site-packages/airflow/example_dags/example_complex.py
[2022-12-21 16:57:22,975] {processor.py:651} INFO - DAG(s) dict_keys(['example_complex']) retrieved from /home/airflow/.local/lib/python3.7/site-packages/airflow/example_dags/example_complex.py
[2022-12-21 16:57:22,995] {logging_mixin.py:115} INFO - [2022-12-21 16:57:22,995] {dag.py:2371} INFO - Sync 1 DAGs
[2022-12-21 16:57:23,010] {logging_mixin.py:115} INFO - [2022-12-21 16:57:23,010] {dag.py:2919} INFO - Setting next_dagrun for example_complex to None, run_after=None
[2022-12-21 16:57:23,018] {processor.py:161} INFO - Processing /home/airflow/.local/lib/python3.7/site-packages/airflow/example_dags/example_complex.py took 0.054 seconds
[2022-12-21 16:57:53,273] {processor.py:153} INFO - Started process (PID=22426) to work on /home/airflow/.local/lib/python3.7/site-packages/airflow/example_dags/example_complex.py
[2022-12-21 16:57:53,273] {processor.py:641} INFO - Processing file /home/airflow/.local/lib/python3.7/site-packages/airflow/example_dags/example_complex.py for tasks to queue
[2022-12-21 16:57:53,274] {logging_mixin.py:115} INFO - [2022-12-21 16:57:53,273] {dagbag.py:507} INFO - Filling up the DagBag from /home/airflow/.local/lib/python3.7/site-packages/airflow/example_dags/example_complex.py
[2022-12-21 16:57:53,283] {processor.py:651} INFO - DAG(s) dict_keys(['example_complex']) retrieved from /home/airflow/.local/lib/python3.7/site-packages/airflow/example_dags/example_complex.py
[2022-12-21 16:57:53,303] {logging_mixin.py:115} INFO - [2022-12-21 16:57:53,303] {dag.py:2371} INFO - Sync 1 DAGs
[2022-12-21 16:57:53,319] {logging_mixin.py:115} INFO - [2022-12-21 16:57:53,319] {dag.py:2919} INFO - Setting next_dagrun for example_complex to None, run_after=None
[2022-12-21 16:57:53,327] {processor.py:161} INFO - Processing /home/airflow/.local/lib/python3.7/site-packages/airflow/example_dags/example_complex.py took 0.056 seconds
[2022-12-21 16:58:23,672] {processor.py:153} INFO - Started process (PID=22492) to work on /home/airflow/.local/lib/python3.7/site-packages/airflow/example_dags/example_complex.py
[2022-12-21 16:58:23,673] {processor.py:641} INFO - Processing file /home/airflow/.local/lib/python3.7/site-packages/airflow/example_dags/example_complex.py for tasks to queue
[2022-12-21 16:58:23,673] {logging_mixin.py:115} INFO - [2022-12-21 16:58:23,673] {dagbag.py:507} INFO - Filling up the DagBag from /home/airflow/.local/lib/python3.7/site-packages/airflow/example_dags/example_complex.py
[2022-12-21 16:58:23,684] {processor.py:651} INFO - DAG(s) dict_keys(['example_complex']) retrieved from /home/airflow/.local/lib/python3.7/site-packages/airflow/example_dags/example_complex.py
[2022-12-21 16:58:23,708] {logging_mixin.py:115} INFO - [2022-12-21 16:58:23,708] {dag.py:2371} INFO - Sync 1 DAGs
[2022-12-21 16:58:23,724] {logging_mixin.py:115} INFO - [2022-12-21 16:58:23,723] {dag.py:2919} INFO - Setting next_dagrun for example_complex to None, run_after=None
[2022-12-21 16:58:23,734] {processor.py:161} INFO - Processing /home/airflow/.local/lib/python3.7/site-packages/airflow/example_dags/example_complex.py took 0.064 seconds
[2022-12-21 16:58:54,242] {processor.py:153} INFO - Started process (PID=22549) to work on /home/airflow/.local/lib/python3.7/site-packages/airflow/example_dags/example_complex.py
[2022-12-21 16:58:54,243] {processor.py:641} INFO - Processing file /home/airflow/.local/lib/python3.7/site-packages/airflow/example_dags/example_complex.py for tasks to queue
[2022-12-21 16:58:54,243] {logging_mixin.py:115} INFO - [2022-12-21 16:58:54,243] {dagbag.py:507} INFO - Filling up the DagBag from /home/airflow/.local/lib/python3.7/site-packages/airflow/example_dags/example_complex.py
[2022-12-21 16:58:54,255] {processor.py:651} INFO - DAG(s) dict_keys(['example_complex']) retrieved from /home/airflow/.local/lib/python3.7/site-packages/airflow/example_dags/example_complex.py
[2022-12-21 16:58:54,276] {logging_mixin.py:115} INFO - [2022-12-21 16:58:54,276] {dag.py:2371} INFO - Sync 1 DAGs
[2022-12-21 16:58:54,292] {logging_mixin.py:115} INFO - [2022-12-21 16:58:54,292] {dag.py:2919} INFO - Setting next_dagrun for example_complex to None, run_after=None
[2022-12-21 16:58:54,301] {processor.py:161} INFO - Processing /home/airflow/.local/lib/python3.7/site-packages/airflow/example_dags/example_complex.py took 0.062 seconds
[2022-12-21 16:59:24,710] {processor.py:153} INFO - Started process (PID=22616) to work on /home/airflow/.local/lib/python3.7/site-packages/airflow/example_dags/example_complex.py
[2022-12-21 16:59:24,711] {processor.py:641} INFO - Processing file /home/airflow/.local/lib/python3.7/site-packages/airflow/example_dags/example_complex.py for tasks to queue
[2022-12-21 16:59:24,711] {logging_mixin.py:115} INFO - [2022-12-21 16:59:24,711] {dagbag.py:507} INFO - Filling up the DagBag from /home/airflow/.local/lib/python3.7/site-packages/airflow/example_dags/example_complex.py
[2022-12-21 16:59:24,723] {processor.py:651} INFO - DAG(s) dict_keys(['example_complex']) retrieved from /home/airflow/.local/lib/python3.7/site-packages/airflow/example_dags/example_complex.py
[2022-12-21 16:59:24,747] {logging_mixin.py:115} INFO - [2022-12-21 16:59:24,747] {dag.py:2371} INFO - Sync 1 DAGs
[2022-12-21 16:59:24,763] {logging_mixin.py:115} INFO - [2022-12-21 16:59:24,763] {dag.py:2919} INFO - Setting next_dagrun for example_complex to None, run_after=None
[2022-12-21 16:59:24,772] {processor.py:161} INFO - Processing /home/airflow/.local/lib/python3.7/site-packages/airflow/example_dags/example_complex.py took 0.064 seconds
[2022-12-21 16:59:55,217] {processor.py:153} INFO - Started process (PID=22682) to work on /home/airflow/.local/lib/python3.7/site-packages/airflow/example_dags/example_complex.py
[2022-12-21 16:59:55,218] {processor.py:641} INFO - Processing file /home/airflow/.local/lib/python3.7/site-packages/airflow/example_dags/example_complex.py for tasks to queue
[2022-12-21 16:59:55,218] {logging_mixin.py:115} INFO - [2022-12-21 16:59:55,218] {dagbag.py:507} INFO - Filling up the DagBag from /home/airflow/.local/lib/python3.7/site-packages/airflow/example_dags/example_complex.py
[2022-12-21 16:59:55,229] {processor.py:651} INFO - DAG(s) dict_keys(['example_complex']) retrieved from /home/airflow/.local/lib/python3.7/site-packages/airflow/example_dags/example_complex.py
[2022-12-21 16:59:55,251] {logging_mixin.py:115} INFO - [2022-12-21 16:59:55,251] {dag.py:2371} INFO - Sync 1 DAGs
[2022-12-21 16:59:55,267] {logging_mixin.py:115} INFO - [2022-12-21 16:59:55,267] {dag.py:2919} INFO - Setting next_dagrun for example_complex to None, run_after=None
[2022-12-21 16:59:55,277] {processor.py:161} INFO - Processing /home/airflow/.local/lib/python3.7/site-packages/airflow/example_dags/example_complex.py took 0.062 seconds
[2022-12-21 17:00:25,828] {processor.py:153} INFO - Started process (PID=22749) to work on /home/airflow/.local/lib/python3.7/site-packages/airflow/example_dags/example_complex.py
[2022-12-21 17:00:25,829] {processor.py:641} INFO - Processing file /home/airflow/.local/lib/python3.7/site-packages/airflow/example_dags/example_complex.py for tasks to queue
[2022-12-21 17:00:25,829] {logging_mixin.py:115} INFO - [2022-12-21 17:00:25,829] {dagbag.py:507} INFO - Filling up the DagBag from /home/airflow/.local/lib/python3.7/site-packages/airflow/example_dags/example_complex.py
[2022-12-21 17:00:25,842] {processor.py:651} INFO - DAG(s) dict_keys(['example_complex']) retrieved from /home/airflow/.local/lib/python3.7/site-packages/airflow/example_dags/example_complex.py
[2022-12-21 17:00:25,866] {logging_mixin.py:115} INFO - [2022-12-21 17:00:25,866] {dag.py:2371} INFO - Sync 1 DAGs
[2022-12-21 17:00:25,882] {logging_mixin.py:115} INFO - [2022-12-21 17:00:25,882] {dag.py:2919} INFO - Setting next_dagrun for example_complex to None, run_after=None
[2022-12-21 17:00:25,893] {processor.py:161} INFO - Processing /home/airflow/.local/lib/python3.7/site-packages/airflow/example_dags/example_complex.py took 0.067 seconds
[2022-12-21 17:00:56,391] {processor.py:153} INFO - Started process (PID=22805) to work on /home/airflow/.local/lib/python3.7/site-packages/airflow/example_dags/example_complex.py
[2022-12-21 17:00:56,392] {processor.py:641} INFO - Processing file /home/airflow/.local/lib/python3.7/site-packages/airflow/example_dags/example_complex.py for tasks to queue
[2022-12-21 17:00:56,392] {logging_mixin.py:115} INFO - [2022-12-21 17:00:56,392] {dagbag.py:507} INFO - Filling up the DagBag from /home/airflow/.local/lib/python3.7/site-packages/airflow/example_dags/example_complex.py
[2022-12-21 17:00:56,402] {processor.py:651} INFO - DAG(s) dict_keys(['example_complex']) retrieved from /home/airflow/.local/lib/python3.7/site-packages/airflow/example_dags/example_complex.py
[2022-12-21 17:00:56,426] {logging_mixin.py:115} INFO - [2022-12-21 17:00:56,426] {dag.py:2371} INFO - Sync 1 DAGs
[2022-12-21 17:00:56,443] {logging_mixin.py:115} INFO - [2022-12-21 17:00:56,443] {dag.py:2919} INFO - Setting next_dagrun for example_complex to None, run_after=None
[2022-12-21 17:00:56,453] {processor.py:161} INFO - Processing /home/airflow/.local/lib/python3.7/site-packages/airflow/example_dags/example_complex.py took 0.064 seconds
[2022-12-21 17:01:26,821] {processor.py:153} INFO - Started process (PID=22872) to work on /home/airflow/.local/lib/python3.7/site-packages/airflow/example_dags/example_complex.py
[2022-12-21 17:01:26,822] {processor.py:641} INFO - Processing file /home/airflow/.local/lib/python3.7/site-packages/airflow/example_dags/example_complex.py for tasks to queue
[2022-12-21 17:01:26,822] {logging_mixin.py:115} INFO - [2022-12-21 17:01:26,822] {dagbag.py:507} INFO - Filling up the DagBag from /home/airflow/.local/lib/python3.7/site-packages/airflow/example_dags/example_complex.py
[2022-12-21 17:01:26,832] {processor.py:651} INFO - DAG(s) dict_keys(['example_complex']) retrieved from /home/airflow/.local/lib/python3.7/site-packages/airflow/example_dags/example_complex.py
[2022-12-21 17:01:26,857] {logging_mixin.py:115} INFO - [2022-12-21 17:01:26,857] {dag.py:2371} INFO - Sync 1 DAGs
[2022-12-21 17:01:26,874] {logging_mixin.py:115} INFO - [2022-12-21 17:01:26,874] {dag.py:2919} INFO - Setting next_dagrun for example_complex to None, run_after=None
[2022-12-21 17:01:26,884] {processor.py:161} INFO - Processing /home/airflow/.local/lib/python3.7/site-packages/airflow/example_dags/example_complex.py took 0.065 seconds
[2022-12-21 17:01:57,474] {processor.py:153} INFO - Started process (PID=22937) to work on /home/airflow/.local/lib/python3.7/site-packages/airflow/example_dags/example_complex.py
[2022-12-21 17:01:57,474] {processor.py:641} INFO - Processing file /home/airflow/.local/lib/python3.7/site-packages/airflow/example_dags/example_complex.py for tasks to queue
[2022-12-21 17:01:57,475] {logging_mixin.py:115} INFO - [2022-12-21 17:01:57,475] {dagbag.py:507} INFO - Filling up the DagBag from /home/airflow/.local/lib/python3.7/site-packages/airflow/example_dags/example_complex.py
[2022-12-21 17:01:57,484] {processor.py:651} INFO - DAG(s) dict_keys(['example_complex']) retrieved from /home/airflow/.local/lib/python3.7/site-packages/airflow/example_dags/example_complex.py
[2022-12-21 17:01:57,510] {logging_mixin.py:115} INFO - [2022-12-21 17:01:57,510] {dag.py:2371} INFO - Sync 1 DAGs
[2022-12-21 17:01:57,527] {logging_mixin.py:115} INFO - [2022-12-21 17:01:57,527] {dag.py:2919} INFO - Setting next_dagrun for example_complex to None, run_after=None
[2022-12-21 17:01:57,538] {processor.py:161} INFO - Processing /home/airflow/.local/lib/python3.7/site-packages/airflow/example_dags/example_complex.py took 0.067 seconds
[2022-12-21 17:02:28,020] {processor.py:153} INFO - Started process (PID=23001) to work on /home/airflow/.local/lib/python3.7/site-packages/airflow/example_dags/example_complex.py
[2022-12-21 17:02:28,021] {processor.py:641} INFO - Processing file /home/airflow/.local/lib/python3.7/site-packages/airflow/example_dags/example_complex.py for tasks to queue
[2022-12-21 17:02:28,021] {logging_mixin.py:115} INFO - [2022-12-21 17:02:28,021] {dagbag.py:507} INFO - Filling up the DagBag from /home/airflow/.local/lib/python3.7/site-packages/airflow/example_dags/example_complex.py
[2022-12-21 17:02:28,037] {processor.py:651} INFO - DAG(s) dict_keys(['example_complex']) retrieved from /home/airflow/.local/lib/python3.7/site-packages/airflow/example_dags/example_complex.py
[2022-12-21 17:02:28,070] {logging_mixin.py:115} INFO - [2022-12-21 17:02:28,070] {dag.py:2371} INFO - Sync 1 DAGs
[2022-12-21 17:02:28,097] {logging_mixin.py:115} INFO - [2022-12-21 17:02:28,097] {dag.py:2919} INFO - Setting next_dagrun for example_complex to None, run_after=None
[2022-12-21 17:02:28,109] {processor.py:161} INFO - Processing /home/airflow/.local/lib/python3.7/site-packages/airflow/example_dags/example_complex.py took 0.092 seconds
[2022-12-21 17:02:58,786] {processor.py:153} INFO - Started process (PID=23060) to work on /home/airflow/.local/lib/python3.7/site-packages/airflow/example_dags/example_complex.py
[2022-12-21 17:02:58,786] {processor.py:641} INFO - Processing file /home/airflow/.local/lib/python3.7/site-packages/airflow/example_dags/example_complex.py for tasks to queue
[2022-12-21 17:02:58,786] {logging_mixin.py:115} INFO - [2022-12-21 17:02:58,786] {dagbag.py:507} INFO - Filling up the DagBag from /home/airflow/.local/lib/python3.7/site-packages/airflow/example_dags/example_complex.py
[2022-12-21 17:02:58,796] {processor.py:651} INFO - DAG(s) dict_keys(['example_complex']) retrieved from /home/airflow/.local/lib/python3.7/site-packages/airflow/example_dags/example_complex.py
[2022-12-21 17:02:58,821] {logging_mixin.py:115} INFO - [2022-12-21 17:02:58,821] {dag.py:2371} INFO - Sync 1 DAGs
[2022-12-21 17:02:58,839] {logging_mixin.py:115} INFO - [2022-12-21 17:02:58,839] {dag.py:2919} INFO - Setting next_dagrun for example_complex to None, run_after=None
[2022-12-21 17:02:58,849] {processor.py:161} INFO - Processing /home/airflow/.local/lib/python3.7/site-packages/airflow/example_dags/example_complex.py took 0.066 seconds
[2022-12-21 17:03:29,561] {processor.py:153} INFO - Started process (PID=23126) to work on /home/airflow/.local/lib/python3.7/site-packages/airflow/example_dags/example_complex.py
[2022-12-21 17:03:29,561] {processor.py:641} INFO - Processing file /home/airflow/.local/lib/python3.7/site-packages/airflow/example_dags/example_complex.py for tasks to queue
[2022-12-21 17:03:29,562] {logging_mixin.py:115} INFO - [2022-12-21 17:03:29,562] {dagbag.py:507} INFO - Filling up the DagBag from /home/airflow/.local/lib/python3.7/site-packages/airflow/example_dags/example_complex.py
[2022-12-21 17:03:29,580] {processor.py:651} INFO - DAG(s) dict_keys(['example_complex']) retrieved from /home/airflow/.local/lib/python3.7/site-packages/airflow/example_dags/example_complex.py
[2022-12-21 17:03:29,617] {logging_mixin.py:115} INFO - [2022-12-21 17:03:29,617] {dag.py:2371} INFO - Sync 1 DAGs
[2022-12-21 17:03:29,639] {logging_mixin.py:115} INFO - [2022-12-21 17:03:29,639] {dag.py:2919} INFO - Setting next_dagrun for example_complex to None, run_after=None
[2022-12-21 17:03:29,652] {processor.py:161} INFO - Processing /home/airflow/.local/lib/python3.7/site-packages/airflow/example_dags/example_complex.py took 0.093 seconds
[2022-12-21 17:04:00,122] {processor.py:153} INFO - Started process (PID=23193) to work on /home/airflow/.local/lib/python3.7/site-packages/airflow/example_dags/example_complex.py
[2022-12-21 17:04:00,122] {processor.py:641} INFO - Processing file /home/airflow/.local/lib/python3.7/site-packages/airflow/example_dags/example_complex.py for tasks to queue
[2022-12-21 17:04:00,122] {logging_mixin.py:115} INFO - [2022-12-21 17:04:00,122] {dagbag.py:507} INFO - Filling up the DagBag from /home/airflow/.local/lib/python3.7/site-packages/airflow/example_dags/example_complex.py
[2022-12-21 17:04:00,132] {processor.py:651} INFO - DAG(s) dict_keys(['example_complex']) retrieved from /home/airflow/.local/lib/python3.7/site-packages/airflow/example_dags/example_complex.py
[2022-12-21 17:04:00,159] {logging_mixin.py:115} INFO - [2022-12-21 17:04:00,159] {dag.py:2371} INFO - Sync 1 DAGs
[2022-12-21 17:04:00,176] {logging_mixin.py:115} INFO - [2022-12-21 17:04:00,176] {dag.py:2919} INFO - Setting next_dagrun for example_complex to None, run_after=None
[2022-12-21 17:04:00,186] {processor.py:161} INFO - Processing /home/airflow/.local/lib/python3.7/site-packages/airflow/example_dags/example_complex.py took 0.067 seconds
[2022-12-21 17:04:30,761] {processor.py:153} INFO - Started process (PID=23256) to work on /home/airflow/.local/lib/python3.7/site-packages/airflow/example_dags/example_complex.py
[2022-12-21 17:04:30,762] {processor.py:641} INFO - Processing file /home/airflow/.local/lib/python3.7/site-packages/airflow/example_dags/example_complex.py for tasks to queue
[2022-12-21 17:04:30,762] {logging_mixin.py:115} INFO - [2022-12-21 17:04:30,762] {dagbag.py:507} INFO - Filling up the DagBag from /home/airflow/.local/lib/python3.7/site-packages/airflow/example_dags/example_complex.py
[2022-12-21 17:04:30,773] {processor.py:651} INFO - DAG(s) dict_keys(['example_complex']) retrieved from /home/airflow/.local/lib/python3.7/site-packages/airflow/example_dags/example_complex.py
[2022-12-21 17:04:30,802] {logging_mixin.py:115} INFO - [2022-12-21 17:04:30,801] {dag.py:2371} INFO - Sync 1 DAGs
[2022-12-21 17:04:30,825] {logging_mixin.py:115} INFO - [2022-12-21 17:04:30,824] {dag.py:2919} INFO - Setting next_dagrun for example_complex to None, run_after=None
[2022-12-21 17:04:30,839] {processor.py:161} INFO - Processing /home/airflow/.local/lib/python3.7/site-packages/airflow/example_dags/example_complex.py took 0.081 seconds
[2022-12-21 17:05:01,248] {processor.py:153} INFO - Started process (PID=23316) to work on /home/airflow/.local/lib/python3.7/site-packages/airflow/example_dags/example_complex.py
[2022-12-21 17:05:01,248] {processor.py:641} INFO - Processing file /home/airflow/.local/lib/python3.7/site-packages/airflow/example_dags/example_complex.py for tasks to queue
[2022-12-21 17:05:01,248] {logging_mixin.py:115} INFO - [2022-12-21 17:05:01,248] {dagbag.py:507} INFO - Filling up the DagBag from /home/airflow/.local/lib/python3.7/site-packages/airflow/example_dags/example_complex.py
[2022-12-21 17:05:01,257] {processor.py:651} INFO - DAG(s) dict_keys(['example_complex']) retrieved from /home/airflow/.local/lib/python3.7/site-packages/airflow/example_dags/example_complex.py
[2022-12-21 17:05:01,280] {logging_mixin.py:115} INFO - [2022-12-21 17:05:01,280] {dag.py:2371} INFO - Sync 1 DAGs
[2022-12-21 17:05:01,298] {logging_mixin.py:115} INFO - [2022-12-21 17:05:01,298] {dag.py:2919} INFO - Setting next_dagrun for example_complex to None, run_after=None
[2022-12-21 17:05:01,308] {processor.py:161} INFO - Processing /home/airflow/.local/lib/python3.7/site-packages/airflow/example_dags/example_complex.py took 0.062 seconds
[2022-12-21 17:05:31,804] {processor.py:153} INFO - Started process (PID=23381) to work on /home/airflow/.local/lib/python3.7/site-packages/airflow/example_dags/example_complex.py
[2022-12-21 17:05:31,804] {processor.py:641} INFO - Processing file /home/airflow/.local/lib/python3.7/site-packages/airflow/example_dags/example_complex.py for tasks to queue
[2022-12-21 17:05:31,805] {logging_mixin.py:115} INFO - [2022-12-21 17:05:31,804] {dagbag.py:507} INFO - Filling up the DagBag from /home/airflow/.local/lib/python3.7/site-packages/airflow/example_dags/example_complex.py
[2022-12-21 17:05:31,815] {processor.py:651} INFO - DAG(s) dict_keys(['example_complex']) retrieved from /home/airflow/.local/lib/python3.7/site-packages/airflow/example_dags/example_complex.py
[2022-12-21 17:05:31,840] {logging_mixin.py:115} INFO - [2022-12-21 17:05:31,840] {dag.py:2371} INFO - Sync 1 DAGs
[2022-12-21 17:05:31,855] {logging_mixin.py:115} INFO - [2022-12-21 17:05:31,855] {dag.py:2919} INFO - Setting next_dagrun for example_complex to None, run_after=None
[2022-12-21 17:05:31,865] {processor.py:161} INFO - Processing /home/airflow/.local/lib/python3.7/site-packages/airflow/example_dags/example_complex.py took 0.064 seconds
[2022-12-21 17:06:02,751] {processor.py:153} INFO - Started process (PID=23448) to work on /home/airflow/.local/lib/python3.7/site-packages/airflow/example_dags/example_complex.py
[2022-12-21 17:06:02,752] {processor.py:641} INFO - Processing file /home/airflow/.local/lib/python3.7/site-packages/airflow/example_dags/example_complex.py for tasks to queue
[2022-12-21 17:06:02,752] {logging_mixin.py:115} INFO - [2022-12-21 17:06:02,752] {dagbag.py:507} INFO - Filling up the DagBag from /home/airflow/.local/lib/python3.7/site-packages/airflow/example_dags/example_complex.py
[2022-12-21 17:06:02,763] {processor.py:651} INFO - DAG(s) dict_keys(['example_complex']) retrieved from /home/airflow/.local/lib/python3.7/site-packages/airflow/example_dags/example_complex.py
[2022-12-21 17:06:02,786] {logging_mixin.py:115} INFO - [2022-12-21 17:06:02,786] {dag.py:2371} INFO - Sync 1 DAGs
[2022-12-21 17:06:02,804] {logging_mixin.py:115} INFO - [2022-12-21 17:06:02,804] {dag.py:2919} INFO - Setting next_dagrun for example_complex to None, run_after=None
[2022-12-21 17:06:02,816] {processor.py:161} INFO - Processing /home/airflow/.local/lib/python3.7/site-packages/airflow/example_dags/example_complex.py took 0.068 seconds
[2022-12-21 17:06:33,406] {processor.py:153} INFO - Started process (PID=23505) to work on /home/airflow/.local/lib/python3.7/site-packages/airflow/example_dags/example_complex.py
[2022-12-21 17:06:33,407] {processor.py:641} INFO - Processing file /home/airflow/.local/lib/python3.7/site-packages/airflow/example_dags/example_complex.py for tasks to queue
[2022-12-21 17:06:33,407] {logging_mixin.py:115} INFO - [2022-12-21 17:06:33,407] {dagbag.py:507} INFO - Filling up the DagBag from /home/airflow/.local/lib/python3.7/site-packages/airflow/example_dags/example_complex.py
[2022-12-21 17:06:33,418] {processor.py:651} INFO - DAG(s) dict_keys(['example_complex']) retrieved from /home/airflow/.local/lib/python3.7/site-packages/airflow/example_dags/example_complex.py
[2022-12-21 17:06:33,442] {logging_mixin.py:115} INFO - [2022-12-21 17:06:33,442] {dag.py:2371} INFO - Sync 1 DAGs
[2022-12-21 17:06:33,460] {logging_mixin.py:115} INFO - [2022-12-21 17:06:33,460] {dag.py:2919} INFO - Setting next_dagrun for example_complex to None, run_after=None
[2022-12-21 17:06:33,471] {processor.py:161} INFO - Processing /home/airflow/.local/lib/python3.7/site-packages/airflow/example_dags/example_complex.py took 0.067 seconds
[2022-12-21 17:07:03,937] {processor.py:153} INFO - Started process (PID=23572) to work on /home/airflow/.local/lib/python3.7/site-packages/airflow/example_dags/example_complex.py
[2022-12-21 17:07:03,938] {processor.py:641} INFO - Processing file /home/airflow/.local/lib/python3.7/site-packages/airflow/example_dags/example_complex.py for tasks to queue
[2022-12-21 17:07:03,938] {logging_mixin.py:115} INFO - [2022-12-21 17:07:03,938] {dagbag.py:507} INFO - Filling up the DagBag from /home/airflow/.local/lib/python3.7/site-packages/airflow/example_dags/example_complex.py
[2022-12-21 17:07:03,948] {processor.py:651} INFO - DAG(s) dict_keys(['example_complex']) retrieved from /home/airflow/.local/lib/python3.7/site-packages/airflow/example_dags/example_complex.py
[2022-12-21 17:07:03,973] {logging_mixin.py:115} INFO - [2022-12-21 17:07:03,973] {dag.py:2371} INFO - Sync 1 DAGs
[2022-12-21 17:07:03,989] {logging_mixin.py:115} INFO - [2022-12-21 17:07:03,989] {dag.py:2919} INFO - Setting next_dagrun for example_complex to None, run_after=None
[2022-12-21 17:07:03,999] {processor.py:161} INFO - Processing /home/airflow/.local/lib/python3.7/site-packages/airflow/example_dags/example_complex.py took 0.064 seconds
[2022-12-21 17:07:34,518] {processor.py:153} INFO - Started process (PID=23637) to work on /home/airflow/.local/lib/python3.7/site-packages/airflow/example_dags/example_complex.py
[2022-12-21 17:07:34,519] {processor.py:641} INFO - Processing file /home/airflow/.local/lib/python3.7/site-packages/airflow/example_dags/example_complex.py for tasks to queue
[2022-12-21 17:07:34,519] {logging_mixin.py:115} INFO - [2022-12-21 17:07:34,519] {dagbag.py:507} INFO - Filling up the DagBag from /home/airflow/.local/lib/python3.7/site-packages/airflow/example_dags/example_complex.py
[2022-12-21 17:07:34,533] {processor.py:651} INFO - DAG(s) dict_keys(['example_complex']) retrieved from /home/airflow/.local/lib/python3.7/site-packages/airflow/example_dags/example_complex.py
[2022-12-21 17:07:34,559] {logging_mixin.py:115} INFO - [2022-12-21 17:07:34,558] {dag.py:2371} INFO - Sync 1 DAGs
[2022-12-21 17:07:34,575] {logging_mixin.py:115} INFO - [2022-12-21 17:07:34,575] {dag.py:2919} INFO - Setting next_dagrun for example_complex to None, run_after=None
[2022-12-21 17:07:34,586] {processor.py:161} INFO - Processing /home/airflow/.local/lib/python3.7/site-packages/airflow/example_dags/example_complex.py took 0.070 seconds
[2022-12-21 17:08:05,114] {processor.py:153} INFO - Started process (PID=23703) to work on /home/airflow/.local/lib/python3.7/site-packages/airflow/example_dags/example_complex.py
[2022-12-21 17:08:05,115] {processor.py:641} INFO - Processing file /home/airflow/.local/lib/python3.7/site-packages/airflow/example_dags/example_complex.py for tasks to queue
[2022-12-21 17:08:05,115] {logging_mixin.py:115} INFO - [2022-12-21 17:08:05,115] {dagbag.py:507} INFO - Filling up the DagBag from /home/airflow/.local/lib/python3.7/site-packages/airflow/example_dags/example_complex.py
[2022-12-21 17:08:05,127] {processor.py:651} INFO - DAG(s) dict_keys(['example_complex']) retrieved from /home/airflow/.local/lib/python3.7/site-packages/airflow/example_dags/example_complex.py
[2022-12-21 17:08:05,152] {logging_mixin.py:115} INFO - [2022-12-21 17:08:05,152] {dag.py:2371} INFO - Sync 1 DAGs
[2022-12-21 17:08:05,171] {logging_mixin.py:115} INFO - [2022-12-21 17:08:05,171] {dag.py:2919} INFO - Setting next_dagrun for example_complex to None, run_after=None
[2022-12-21 17:08:05,181] {processor.py:161} INFO - Processing /home/airflow/.local/lib/python3.7/site-packages/airflow/example_dags/example_complex.py took 0.070 seconds
[2022-12-21 17:08:35,673] {processor.py:153} INFO - Started process (PID=23761) to work on /home/airflow/.local/lib/python3.7/site-packages/airflow/example_dags/example_complex.py
[2022-12-21 17:08:35,673] {processor.py:641} INFO - Processing file /home/airflow/.local/lib/python3.7/site-packages/airflow/example_dags/example_complex.py for tasks to queue
[2022-12-21 17:08:35,674] {logging_mixin.py:115} INFO - [2022-12-21 17:08:35,674] {dagbag.py:507} INFO - Filling up the DagBag from /home/airflow/.local/lib/python3.7/site-packages/airflow/example_dags/example_complex.py
[2022-12-21 17:08:35,690] {processor.py:651} INFO - DAG(s) dict_keys(['example_complex']) retrieved from /home/airflow/.local/lib/python3.7/site-packages/airflow/example_dags/example_complex.py
[2022-12-21 17:08:35,715] {logging_mixin.py:115} INFO - [2022-12-21 17:08:35,715] {dag.py:2371} INFO - Sync 1 DAGs
[2022-12-21 17:08:35,732] {logging_mixin.py:115} INFO - [2022-12-21 17:08:35,732] {dag.py:2919} INFO - Setting next_dagrun for example_complex to None, run_after=None
[2022-12-21 17:08:35,741] {processor.py:161} INFO - Processing /home/airflow/.local/lib/python3.7/site-packages/airflow/example_dags/example_complex.py took 0.071 seconds
[2022-12-21 17:09:06,364] {processor.py:153} INFO - Started process (PID=23827) to work on /home/airflow/.local/lib/python3.7/site-packages/airflow/example_dags/example_complex.py
[2022-12-21 17:09:06,365] {processor.py:641} INFO - Processing file /home/airflow/.local/lib/python3.7/site-packages/airflow/example_dags/example_complex.py for tasks to queue
[2022-12-21 17:09:06,365] {logging_mixin.py:115} INFO - [2022-12-21 17:09:06,365] {dagbag.py:507} INFO - Filling up the DagBag from /home/airflow/.local/lib/python3.7/site-packages/airflow/example_dags/example_complex.py
[2022-12-21 17:09:06,376] {processor.py:651} INFO - DAG(s) dict_keys(['example_complex']) retrieved from /home/airflow/.local/lib/python3.7/site-packages/airflow/example_dags/example_complex.py
[2022-12-21 17:09:06,401] {logging_mixin.py:115} INFO - [2022-12-21 17:09:06,401] {dag.py:2371} INFO - Sync 1 DAGs
[2022-12-21 17:09:06,417] {logging_mixin.py:115} INFO - [2022-12-21 17:09:06,417] {dag.py:2919} INFO - Setting next_dagrun for example_complex to None, run_after=None
[2022-12-21 17:09:06,427] {processor.py:161} INFO - Processing /home/airflow/.local/lib/python3.7/site-packages/airflow/example_dags/example_complex.py took 0.065 seconds
[2022-12-21 17:09:37,069] {processor.py:153} INFO - Started process (PID=23894) to work on /home/airflow/.local/lib/python3.7/site-packages/airflow/example_dags/example_complex.py
[2022-12-21 17:09:37,070] {processor.py:641} INFO - Processing file /home/airflow/.local/lib/python3.7/site-packages/airflow/example_dags/example_complex.py for tasks to queue
[2022-12-21 17:09:37,070] {logging_mixin.py:115} INFO - [2022-12-21 17:09:37,070] {dagbag.py:507} INFO - Filling up the DagBag from /home/airflow/.local/lib/python3.7/site-packages/airflow/example_dags/example_complex.py
[2022-12-21 17:09:37,079] {processor.py:651} INFO - DAG(s) dict_keys(['example_complex']) retrieved from /home/airflow/.local/lib/python3.7/site-packages/airflow/example_dags/example_complex.py
[2022-12-21 17:09:37,101] {logging_mixin.py:115} INFO - [2022-12-21 17:09:37,101] {dag.py:2371} INFO - Sync 1 DAGs
[2022-12-21 17:09:37,117] {logging_mixin.py:115} INFO - [2022-12-21 17:09:37,117] {dag.py:2919} INFO - Setting next_dagrun for example_complex to None, run_after=None
[2022-12-21 17:09:37,128] {processor.py:161} INFO - Processing /home/airflow/.local/lib/python3.7/site-packages/airflow/example_dags/example_complex.py took 0.060 seconds
[2022-12-21 17:10:07,824] {processor.py:153} INFO - Started process (PID=23961) to work on /home/airflow/.local/lib/python3.7/site-packages/airflow/example_dags/example_complex.py
[2022-12-21 17:10:07,825] {processor.py:641} INFO - Processing file /home/airflow/.local/lib/python3.7/site-packages/airflow/example_dags/example_complex.py for tasks to queue
[2022-12-21 17:10:07,825] {logging_mixin.py:115} INFO - [2022-12-21 17:10:07,825] {dagbag.py:507} INFO - Filling up the DagBag from /home/airflow/.local/lib/python3.7/site-packages/airflow/example_dags/example_complex.py
[2022-12-21 17:10:07,835] {processor.py:651} INFO - DAG(s) dict_keys(['example_complex']) retrieved from /home/airflow/.local/lib/python3.7/site-packages/airflow/example_dags/example_complex.py
[2022-12-21 17:10:07,861] {logging_mixin.py:115} INFO - [2022-12-21 17:10:07,861] {dag.py:2371} INFO - Sync 1 DAGs
[2022-12-21 17:10:07,879] {logging_mixin.py:115} INFO - [2022-12-21 17:10:07,879] {dag.py:2919} INFO - Setting next_dagrun for example_complex to None, run_after=None
[2022-12-21 17:10:07,890] {processor.py:161} INFO - Processing /home/airflow/.local/lib/python3.7/site-packages/airflow/example_dags/example_complex.py took 0.068 seconds
[2022-12-21 17:10:38,409] {processor.py:153} INFO - Started process (PID=24018) to work on /home/airflow/.local/lib/python3.7/site-packages/airflow/example_dags/example_complex.py
[2022-12-21 17:10:38,410] {processor.py:641} INFO - Processing file /home/airflow/.local/lib/python3.7/site-packages/airflow/example_dags/example_complex.py for tasks to queue
[2022-12-21 17:10:38,410] {logging_mixin.py:115} INFO - [2022-12-21 17:10:38,410] {dagbag.py:507} INFO - Filling up the DagBag from /home/airflow/.local/lib/python3.7/site-packages/airflow/example_dags/example_complex.py
[2022-12-21 17:10:38,419] {processor.py:651} INFO - DAG(s) dict_keys(['example_complex']) retrieved from /home/airflow/.local/lib/python3.7/site-packages/airflow/example_dags/example_complex.py
[2022-12-21 17:10:38,445] {logging_mixin.py:115} INFO - [2022-12-21 17:10:38,445] {dag.py:2371} INFO - Sync 1 DAGs
[2022-12-21 17:10:38,466] {logging_mixin.py:115} INFO - [2022-12-21 17:10:38,466] {dag.py:2919} INFO - Setting next_dagrun for example_complex to None, run_after=None
[2022-12-21 17:10:38,476] {processor.py:161} INFO - Processing /home/airflow/.local/lib/python3.7/site-packages/airflow/example_dags/example_complex.py took 0.070 seconds
[2022-12-21 17:11:08,930] {processor.py:153} INFO - Started process (PID=24084) to work on /home/airflow/.local/lib/python3.7/site-packages/airflow/example_dags/example_complex.py
[2022-12-21 17:11:08,930] {processor.py:641} INFO - Processing file /home/airflow/.local/lib/python3.7/site-packages/airflow/example_dags/example_complex.py for tasks to queue
[2022-12-21 17:11:08,931] {logging_mixin.py:115} INFO - [2022-12-21 17:11:08,931] {dagbag.py:507} INFO - Filling up the DagBag from /home/airflow/.local/lib/python3.7/site-packages/airflow/example_dags/example_complex.py
[2022-12-21 17:11:08,943] {processor.py:651} INFO - DAG(s) dict_keys(['example_complex']) retrieved from /home/airflow/.local/lib/python3.7/site-packages/airflow/example_dags/example_complex.py
[2022-12-21 17:11:08,968] {logging_mixin.py:115} INFO - [2022-12-21 17:11:08,968] {dag.py:2371} INFO - Sync 1 DAGs
[2022-12-21 17:11:08,985] {logging_mixin.py:115} INFO - [2022-12-21 17:11:08,985] {dag.py:2919} INFO - Setting next_dagrun for example_complex to None, run_after=None
[2022-12-21 17:11:08,995] {processor.py:161} INFO - Processing /home/airflow/.local/lib/python3.7/site-packages/airflow/example_dags/example_complex.py took 0.068 seconds
[2022-12-21 17:11:39,550] {processor.py:153} INFO - Started process (PID=24150) to work on /home/airflow/.local/lib/python3.7/site-packages/airflow/example_dags/example_complex.py
[2022-12-21 17:11:39,551] {processor.py:641} INFO - Processing file /home/airflow/.local/lib/python3.7/site-packages/airflow/example_dags/example_complex.py for tasks to queue
[2022-12-21 17:11:39,551] {logging_mixin.py:115} INFO - [2022-12-21 17:11:39,551] {dagbag.py:507} INFO - Filling up the DagBag from /home/airflow/.local/lib/python3.7/site-packages/airflow/example_dags/example_complex.py
[2022-12-21 17:11:39,560] {processor.py:651} INFO - DAG(s) dict_keys(['example_complex']) retrieved from /home/airflow/.local/lib/python3.7/site-packages/airflow/example_dags/example_complex.py
[2022-12-21 17:11:39,586] {logging_mixin.py:115} INFO - [2022-12-21 17:11:39,586] {dag.py:2371} INFO - Sync 1 DAGs
[2022-12-21 17:11:39,603] {logging_mixin.py:115} INFO - [2022-12-21 17:11:39,603] {dag.py:2919} INFO - Setting next_dagrun for example_complex to None, run_after=None
[2022-12-21 17:11:39,613] {processor.py:161} INFO - Processing /home/airflow/.local/lib/python3.7/site-packages/airflow/example_dags/example_complex.py took 0.065 seconds
[2022-12-21 17:12:10,212] {processor.py:153} INFO - Started process (PID=24214) to work on /home/airflow/.local/lib/python3.7/site-packages/airflow/example_dags/example_complex.py
[2022-12-21 17:12:10,213] {processor.py:641} INFO - Processing file /home/airflow/.local/lib/python3.7/site-packages/airflow/example_dags/example_complex.py for tasks to queue
[2022-12-21 17:12:10,213] {logging_mixin.py:115} INFO - [2022-12-21 17:12:10,213] {dagbag.py:507} INFO - Filling up the DagBag from /home/airflow/.local/lib/python3.7/site-packages/airflow/example_dags/example_complex.py
[2022-12-21 17:12:10,223] {processor.py:651} INFO - DAG(s) dict_keys(['example_complex']) retrieved from /home/airflow/.local/lib/python3.7/site-packages/airflow/example_dags/example_complex.py
[2022-12-21 17:12:10,247] {logging_mixin.py:115} INFO - [2022-12-21 17:12:10,247] {dag.py:2371} INFO - Sync 1 DAGs
[2022-12-21 17:12:10,268] {logging_mixin.py:115} INFO - [2022-12-21 17:12:10,268] {dag.py:2919} INFO - Setting next_dagrun for example_complex to None, run_after=None
[2022-12-21 17:12:10,278] {processor.py:161} INFO - Processing /home/airflow/.local/lib/python3.7/site-packages/airflow/example_dags/example_complex.py took 0.068 seconds
[2022-12-21 17:12:40,755] {processor.py:153} INFO - Started process (PID=24274) to work on /home/airflow/.local/lib/python3.7/site-packages/airflow/example_dags/example_complex.py
[2022-12-21 17:12:40,755] {processor.py:641} INFO - Processing file /home/airflow/.local/lib/python3.7/site-packages/airflow/example_dags/example_complex.py for tasks to queue
[2022-12-21 17:12:40,756] {logging_mixin.py:115} INFO - [2022-12-21 17:12:40,756] {dagbag.py:507} INFO - Filling up the DagBag from /home/airflow/.local/lib/python3.7/site-packages/airflow/example_dags/example_complex.py
[2022-12-21 17:12:40,770] {processor.py:651} INFO - DAG(s) dict_keys(['example_complex']) retrieved from /home/airflow/.local/lib/python3.7/site-packages/airflow/example_dags/example_complex.py
[2022-12-21 17:12:40,795] {logging_mixin.py:115} INFO - [2022-12-21 17:12:40,795] {dag.py:2371} INFO - Sync 1 DAGs
[2022-12-21 17:12:40,811] {logging_mixin.py:115} INFO - [2022-12-21 17:12:40,811] {dag.py:2919} INFO - Setting next_dagrun for example_complex to None, run_after=None
[2022-12-21 17:12:40,821] {processor.py:161} INFO - Processing /home/airflow/.local/lib/python3.7/site-packages/airflow/example_dags/example_complex.py took 0.069 seconds
[2022-12-21 17:13:11,193] {processor.py:153} INFO - Started process (PID=24339) to work on /home/airflow/.local/lib/python3.7/site-packages/airflow/example_dags/example_complex.py
[2022-12-21 17:13:11,193] {processor.py:641} INFO - Processing file /home/airflow/.local/lib/python3.7/site-packages/airflow/example_dags/example_complex.py for tasks to queue
[2022-12-21 17:13:11,194] {logging_mixin.py:115} INFO - [2022-12-21 17:13:11,194] {dagbag.py:507} INFO - Filling up the DagBag from /home/airflow/.local/lib/python3.7/site-packages/airflow/example_dags/example_complex.py
[2022-12-21 17:13:11,204] {processor.py:651} INFO - DAG(s) dict_keys(['example_complex']) retrieved from /home/airflow/.local/lib/python3.7/site-packages/airflow/example_dags/example_complex.py
[2022-12-21 17:13:11,229] {logging_mixin.py:115} INFO - [2022-12-21 17:13:11,229] {dag.py:2371} INFO - Sync 1 DAGs
[2022-12-21 17:13:11,248] {logging_mixin.py:115} INFO - [2022-12-21 17:13:11,248] {dag.py:2919} INFO - Setting next_dagrun for example_complex to None, run_after=None
[2022-12-21 17:13:11,259] {processor.py:161} INFO - Processing /home/airflow/.local/lib/python3.7/site-packages/airflow/example_dags/example_complex.py took 0.069 seconds
[2022-12-21 17:13:41,833] {processor.py:153} INFO - Started process (PID=24405) to work on /home/airflow/.local/lib/python3.7/site-packages/airflow/example_dags/example_complex.py
[2022-12-21 17:13:41,833] {processor.py:641} INFO - Processing file /home/airflow/.local/lib/python3.7/site-packages/airflow/example_dags/example_complex.py for tasks to queue
[2022-12-21 17:13:41,834] {logging_mixin.py:115} INFO - [2022-12-21 17:13:41,834] {dagbag.py:507} INFO - Filling up the DagBag from /home/airflow/.local/lib/python3.7/site-packages/airflow/example_dags/example_complex.py
[2022-12-21 17:13:41,844] {processor.py:651} INFO - DAG(s) dict_keys(['example_complex']) retrieved from /home/airflow/.local/lib/python3.7/site-packages/airflow/example_dags/example_complex.py
[2022-12-21 17:13:41,869] {logging_mixin.py:115} INFO - [2022-12-21 17:13:41,869] {dag.py:2371} INFO - Sync 1 DAGs
[2022-12-21 17:13:41,888] {logging_mixin.py:115} INFO - [2022-12-21 17:13:41,888] {dag.py:2919} INFO - Setting next_dagrun for example_complex to None, run_after=None
[2022-12-21 17:13:41,897] {processor.py:161} INFO - Processing /home/airflow/.local/lib/python3.7/site-packages/airflow/example_dags/example_complex.py took 0.067 seconds
[2022-12-21 17:14:12,474] {processor.py:153} INFO - Started process (PID=24470) to work on /home/airflow/.local/lib/python3.7/site-packages/airflow/example_dags/example_complex.py
[2022-12-21 17:14:12,475] {processor.py:641} INFO - Processing file /home/airflow/.local/lib/python3.7/site-packages/airflow/example_dags/example_complex.py for tasks to queue
[2022-12-21 17:14:12,475] {logging_mixin.py:115} INFO - [2022-12-21 17:14:12,475] {dagbag.py:507} INFO - Filling up the DagBag from /home/airflow/.local/lib/python3.7/site-packages/airflow/example_dags/example_complex.py
[2022-12-21 17:14:12,488] {processor.py:651} INFO - DAG(s) dict_keys(['example_complex']) retrieved from /home/airflow/.local/lib/python3.7/site-packages/airflow/example_dags/example_complex.py
[2022-12-21 17:14:12,514] {logging_mixin.py:115} INFO - [2022-12-21 17:14:12,514] {dag.py:2371} INFO - Sync 1 DAGs
[2022-12-21 17:14:12,531] {logging_mixin.py:115} INFO - [2022-12-21 17:14:12,531] {dag.py:2919} INFO - Setting next_dagrun for example_complex to None, run_after=None
[2022-12-21 17:14:12,541] {processor.py:161} INFO - Processing /home/airflow/.local/lib/python3.7/site-packages/airflow/example_dags/example_complex.py took 0.069 seconds
[2022-12-21 17:14:43,256] {processor.py:153} INFO - Started process (PID=24528) to work on /home/airflow/.local/lib/python3.7/site-packages/airflow/example_dags/example_complex.py
[2022-12-21 17:14:43,256] {processor.py:641} INFO - Processing file /home/airflow/.local/lib/python3.7/site-packages/airflow/example_dags/example_complex.py for tasks to queue
[2022-12-21 17:14:43,257] {logging_mixin.py:115} INFO - [2022-12-21 17:14:43,257] {dagbag.py:507} INFO - Filling up the DagBag from /home/airflow/.local/lib/python3.7/site-packages/airflow/example_dags/example_complex.py
[2022-12-21 17:14:43,268] {processor.py:651} INFO - DAG(s) dict_keys(['example_complex']) retrieved from /home/airflow/.local/lib/python3.7/site-packages/airflow/example_dags/example_complex.py
[2022-12-21 17:14:43,301] {logging_mixin.py:115} INFO - [2022-12-21 17:14:43,301] {dag.py:2371} INFO - Sync 1 DAGs
[2022-12-21 17:14:43,323] {logging_mixin.py:115} INFO - [2022-12-21 17:14:43,323] {dag.py:2919} INFO - Setting next_dagrun for example_complex to None, run_after=None
[2022-12-21 17:14:43,335] {processor.py:161} INFO - Processing /home/airflow/.local/lib/python3.7/site-packages/airflow/example_dags/example_complex.py took 0.082 seconds
[2022-12-21 17:15:13,876] {processor.py:153} INFO - Started process (PID=24594) to work on /home/airflow/.local/lib/python3.7/site-packages/airflow/example_dags/example_complex.py
[2022-12-21 17:15:13,877] {processor.py:641} INFO - Processing file /home/airflow/.local/lib/python3.7/site-packages/airflow/example_dags/example_complex.py for tasks to queue
[2022-12-21 17:15:13,877] {logging_mixin.py:115} INFO - [2022-12-21 17:15:13,877] {dagbag.py:507} INFO - Filling up the DagBag from /home/airflow/.local/lib/python3.7/site-packages/airflow/example_dags/example_complex.py
[2022-12-21 17:15:13,888] {processor.py:651} INFO - DAG(s) dict_keys(['example_complex']) retrieved from /home/airflow/.local/lib/python3.7/site-packages/airflow/example_dags/example_complex.py
[2022-12-21 17:15:13,913] {logging_mixin.py:115} INFO - [2022-12-21 17:15:13,913] {dag.py:2371} INFO - Sync 1 DAGs
[2022-12-21 17:15:13,930] {logging_mixin.py:115} INFO - [2022-12-21 17:15:13,930] {dag.py:2919} INFO - Setting next_dagrun for example_complex to None, run_after=None
[2022-12-21 17:15:13,940] {processor.py:161} INFO - Processing /home/airflow/.local/lib/python3.7/site-packages/airflow/example_dags/example_complex.py took 0.066 seconds
[2022-12-21 17:15:44,483] {processor.py:153} INFO - Started process (PID=24660) to work on /home/airflow/.local/lib/python3.7/site-packages/airflow/example_dags/example_complex.py
[2022-12-21 17:15:44,484] {processor.py:641} INFO - Processing file /home/airflow/.local/lib/python3.7/site-packages/airflow/example_dags/example_complex.py for tasks to queue
[2022-12-21 17:15:44,484] {logging_mixin.py:115} INFO - [2022-12-21 17:15:44,484] {dagbag.py:507} INFO - Filling up the DagBag from /home/airflow/.local/lib/python3.7/site-packages/airflow/example_dags/example_complex.py
[2022-12-21 17:15:44,495] {processor.py:651} INFO - DAG(s) dict_keys(['example_complex']) retrieved from /home/airflow/.local/lib/python3.7/site-packages/airflow/example_dags/example_complex.py
[2022-12-21 17:15:44,521] {logging_mixin.py:115} INFO - [2022-12-21 17:15:44,520] {dag.py:2371} INFO - Sync 1 DAGs
[2022-12-21 17:15:44,537] {logging_mixin.py:115} INFO - [2022-12-21 17:15:44,537] {dag.py:2919} INFO - Setting next_dagrun for example_complex to None, run_after=None
[2022-12-21 17:15:44,548] {processor.py:161} INFO - Processing /home/airflow/.local/lib/python3.7/site-packages/airflow/example_dags/example_complex.py took 0.067 seconds
[2022-12-21 17:16:15,191] {processor.py:153} INFO - Started process (PID=24726) to work on /home/airflow/.local/lib/python3.7/site-packages/airflow/example_dags/example_complex.py
[2022-12-21 17:16:15,191] {processor.py:641} INFO - Processing file /home/airflow/.local/lib/python3.7/site-packages/airflow/example_dags/example_complex.py for tasks to queue
[2022-12-21 17:16:15,192] {logging_mixin.py:115} INFO - [2022-12-21 17:16:15,192] {dagbag.py:507} INFO - Filling up the DagBag from /home/airflow/.local/lib/python3.7/site-packages/airflow/example_dags/example_complex.py
[2022-12-21 17:16:15,204] {processor.py:651} INFO - DAG(s) dict_keys(['example_complex']) retrieved from /home/airflow/.local/lib/python3.7/site-packages/airflow/example_dags/example_complex.py
[2022-12-21 17:16:15,233] {logging_mixin.py:115} INFO - [2022-12-21 17:16:15,232] {dag.py:2371} INFO - Sync 1 DAGs
[2022-12-21 17:16:15,253] {logging_mixin.py:115} INFO - [2022-12-21 17:16:15,253] {dag.py:2919} INFO - Setting next_dagrun for example_complex to None, run_after=None
[2022-12-21 17:16:15,265] {processor.py:161} INFO - Processing /home/airflow/.local/lib/python3.7/site-packages/airflow/example_dags/example_complex.py took 0.077 seconds
[2022-12-21 17:16:45,850] {processor.py:153} INFO - Started process (PID=24784) to work on /home/airflow/.local/lib/python3.7/site-packages/airflow/example_dags/example_complex.py
[2022-12-21 17:16:45,850] {processor.py:641} INFO - Processing file /home/airflow/.local/lib/python3.7/site-packages/airflow/example_dags/example_complex.py for tasks to queue
[2022-12-21 17:16:45,851] {logging_mixin.py:115} INFO - [2022-12-21 17:16:45,851] {dagbag.py:507} INFO - Filling up the DagBag from /home/airflow/.local/lib/python3.7/site-packages/airflow/example_dags/example_complex.py
[2022-12-21 17:16:45,862] {processor.py:651} INFO - DAG(s) dict_keys(['example_complex']) retrieved from /home/airflow/.local/lib/python3.7/site-packages/airflow/example_dags/example_complex.py
[2022-12-21 17:16:45,887] {logging_mixin.py:115} INFO - [2022-12-21 17:16:45,887] {dag.py:2371} INFO - Sync 1 DAGs
[2022-12-21 17:16:45,902] {logging_mixin.py:115} INFO - [2022-12-21 17:16:45,902] {dag.py:2919} INFO - Setting next_dagrun for example_complex to None, run_after=None
[2022-12-21 17:16:45,914] {processor.py:161} INFO - Processing /home/airflow/.local/lib/python3.7/site-packages/airflow/example_dags/example_complex.py took 0.067 seconds
[2022-12-21 17:17:16,518] {processor.py:153} INFO - Started process (PID=24849) to work on /home/airflow/.local/lib/python3.7/site-packages/airflow/example_dags/example_complex.py
[2022-12-21 17:17:16,519] {processor.py:641} INFO - Processing file /home/airflow/.local/lib/python3.7/site-packages/airflow/example_dags/example_complex.py for tasks to queue
[2022-12-21 17:17:16,519] {logging_mixin.py:115} INFO - [2022-12-21 17:17:16,519] {dagbag.py:507} INFO - Filling up the DagBag from /home/airflow/.local/lib/python3.7/site-packages/airflow/example_dags/example_complex.py
[2022-12-21 17:17:16,530] {processor.py:651} INFO - DAG(s) dict_keys(['example_complex']) retrieved from /home/airflow/.local/lib/python3.7/site-packages/airflow/example_dags/example_complex.py
[2022-12-21 17:17:16,560] {logging_mixin.py:115} INFO - [2022-12-21 17:17:16,560] {dag.py:2371} INFO - Sync 1 DAGs
[2022-12-21 17:17:16,578] {logging_mixin.py:115} INFO - [2022-12-21 17:17:16,578] {dag.py:2919} INFO - Setting next_dagrun for example_complex to None, run_after=None
[2022-12-21 17:17:16,592] {processor.py:161} INFO - Processing /home/airflow/.local/lib/python3.7/site-packages/airflow/example_dags/example_complex.py took 0.076 seconds
[2022-12-21 17:17:47,098] {processor.py:153} INFO - Started process (PID=24916) to work on /home/airflow/.local/lib/python3.7/site-packages/airflow/example_dags/example_complex.py
[2022-12-21 17:17:47,098] {processor.py:641} INFO - Processing file /home/airflow/.local/lib/python3.7/site-packages/airflow/example_dags/example_complex.py for tasks to queue
[2022-12-21 17:17:47,099] {logging_mixin.py:115} INFO - [2022-12-21 17:17:47,099] {dagbag.py:507} INFO - Filling up the DagBag from /home/airflow/.local/lib/python3.7/site-packages/airflow/example_dags/example_complex.py
[2022-12-21 17:17:47,109] {processor.py:651} INFO - DAG(s) dict_keys(['example_complex']) retrieved from /home/airflow/.local/lib/python3.7/site-packages/airflow/example_dags/example_complex.py
[2022-12-21 17:17:47,133] {logging_mixin.py:115} INFO - [2022-12-21 17:17:47,133] {dag.py:2371} INFO - Sync 1 DAGs
[2022-12-21 17:17:47,151] {logging_mixin.py:115} INFO - [2022-12-21 17:17:47,151] {dag.py:2919} INFO - Setting next_dagrun for example_complex to None, run_after=None
[2022-12-21 17:17:47,164] {processor.py:161} INFO - Processing /home/airflow/.local/lib/python3.7/site-packages/airflow/example_dags/example_complex.py took 0.068 seconds
[2022-12-21 17:18:17,859] {processor.py:153} INFO - Started process (PID=24976) to work on /home/airflow/.local/lib/python3.7/site-packages/airflow/example_dags/example_complex.py
[2022-12-21 17:18:17,860] {processor.py:641} INFO - Processing file /home/airflow/.local/lib/python3.7/site-packages/airflow/example_dags/example_complex.py for tasks to queue
[2022-12-21 17:18:17,860] {logging_mixin.py:115} INFO - [2022-12-21 17:18:17,860] {dagbag.py:507} INFO - Filling up the DagBag from /home/airflow/.local/lib/python3.7/site-packages/airflow/example_dags/example_complex.py
[2022-12-21 17:18:17,869] {processor.py:651} INFO - DAG(s) dict_keys(['example_complex']) retrieved from /home/airflow/.local/lib/python3.7/site-packages/airflow/example_dags/example_complex.py
[2022-12-21 17:18:17,995] {logging_mixin.py:115} INFO - [2022-12-21 17:18:17,995] {dag.py:2371} INFO - Sync 1 DAGs
[2022-12-21 17:18:18,014] {logging_mixin.py:115} INFO - [2022-12-21 17:18:18,014] {dag.py:2919} INFO - Setting next_dagrun for example_complex to None, run_after=None
[2022-12-21 17:18:18,026] {processor.py:161} INFO - Processing /home/airflow/.local/lib/python3.7/site-packages/airflow/example_dags/example_complex.py took 0.170 seconds
[2022-12-21 17:18:48,659] {processor.py:153} INFO - Started process (PID=25043) to work on /home/airflow/.local/lib/python3.7/site-packages/airflow/example_dags/example_complex.py
[2022-12-21 17:18:48,660] {processor.py:641} INFO - Processing file /home/airflow/.local/lib/python3.7/site-packages/airflow/example_dags/example_complex.py for tasks to queue
[2022-12-21 17:18:48,660] {logging_mixin.py:115} INFO - [2022-12-21 17:18:48,660] {dagbag.py:507} INFO - Filling up the DagBag from /home/airflow/.local/lib/python3.7/site-packages/airflow/example_dags/example_complex.py
[2022-12-21 17:18:48,669] {processor.py:651} INFO - DAG(s) dict_keys(['example_complex']) retrieved from /home/airflow/.local/lib/python3.7/site-packages/airflow/example_dags/example_complex.py
[2022-12-21 17:18:48,692] {logging_mixin.py:115} INFO - [2022-12-21 17:18:48,692] {dag.py:2371} INFO - Sync 1 DAGs
[2022-12-21 17:18:48,718] {logging_mixin.py:115} INFO - [2022-12-21 17:18:48,718] {dag.py:2919} INFO - Setting next_dagrun for example_complex to None, run_after=None
[2022-12-21 17:18:48,733] {processor.py:161} INFO - Processing /home/airflow/.local/lib/python3.7/site-packages/airflow/example_dags/example_complex.py took 0.076 seconds
[2022-12-21 17:19:19,338] {processor.py:153} INFO - Started process (PID=25110) to work on /home/airflow/.local/lib/python3.7/site-packages/airflow/example_dags/example_complex.py
[2022-12-21 17:19:19,339] {processor.py:641} INFO - Processing file /home/airflow/.local/lib/python3.7/site-packages/airflow/example_dags/example_complex.py for tasks to queue
[2022-12-21 17:19:19,340] {logging_mixin.py:115} INFO - [2022-12-21 17:19:19,340] {dagbag.py:507} INFO - Filling up the DagBag from /home/airflow/.local/lib/python3.7/site-packages/airflow/example_dags/example_complex.py
[2022-12-21 17:19:19,349] {processor.py:651} INFO - DAG(s) dict_keys(['example_complex']) retrieved from /home/airflow/.local/lib/python3.7/site-packages/airflow/example_dags/example_complex.py
[2022-12-21 17:19:19,374] {logging_mixin.py:115} INFO - [2022-12-21 17:19:19,374] {dag.py:2371} INFO - Sync 1 DAGs
[2022-12-21 17:19:19,390] {logging_mixin.py:115} INFO - [2022-12-21 17:19:19,390] {dag.py:2919} INFO - Setting next_dagrun for example_complex to None, run_after=None
[2022-12-21 17:19:19,401] {processor.py:161} INFO - Processing /home/airflow/.local/lib/python3.7/site-packages/airflow/example_dags/example_complex.py took 0.065 seconds
[2022-12-21 17:19:49,936] {processor.py:153} INFO - Started process (PID=25176) to work on /home/airflow/.local/lib/python3.7/site-packages/airflow/example_dags/example_complex.py
[2022-12-21 17:19:49,936] {processor.py:641} INFO - Processing file /home/airflow/.local/lib/python3.7/site-packages/airflow/example_dags/example_complex.py for tasks to queue
[2022-12-21 17:19:49,937] {logging_mixin.py:115} INFO - [2022-12-21 17:19:49,937] {dagbag.py:507} INFO - Filling up the DagBag from /home/airflow/.local/lib/python3.7/site-packages/airflow/example_dags/example_complex.py
[2022-12-21 17:19:49,951] {processor.py:651} INFO - DAG(s) dict_keys(['example_complex']) retrieved from /home/airflow/.local/lib/python3.7/site-packages/airflow/example_dags/example_complex.py
[2022-12-21 17:19:49,976] {logging_mixin.py:115} INFO - [2022-12-21 17:19:49,976] {dag.py:2371} INFO - Sync 1 DAGs
[2022-12-21 17:19:49,994] {logging_mixin.py:115} INFO - [2022-12-21 17:19:49,993] {dag.py:2919} INFO - Setting next_dagrun for example_complex to None, run_after=None
[2022-12-21 17:19:50,005] {processor.py:161} INFO - Processing /home/airflow/.local/lib/python3.7/site-packages/airflow/example_dags/example_complex.py took 0.072 seconds
[2022-12-21 17:20:20,675] {processor.py:153} INFO - Started process (PID=25235) to work on /home/airflow/.local/lib/python3.7/site-packages/airflow/example_dags/example_complex.py
[2022-12-21 17:20:20,676] {processor.py:641} INFO - Processing file /home/airflow/.local/lib/python3.7/site-packages/airflow/example_dags/example_complex.py for tasks to queue
[2022-12-21 17:20:20,676] {logging_mixin.py:115} INFO - [2022-12-21 17:20:20,676] {dagbag.py:507} INFO - Filling up the DagBag from /home/airflow/.local/lib/python3.7/site-packages/airflow/example_dags/example_complex.py
[2022-12-21 17:20:20,690] {processor.py:651} INFO - DAG(s) dict_keys(['example_complex']) retrieved from /home/airflow/.local/lib/python3.7/site-packages/airflow/example_dags/example_complex.py
[2022-12-21 17:20:20,719] {logging_mixin.py:115} INFO - [2022-12-21 17:20:20,719] {dag.py:2371} INFO - Sync 1 DAGs
[2022-12-21 17:20:20,737] {logging_mixin.py:115} INFO - [2022-12-21 17:20:20,737] {dag.py:2919} INFO - Setting next_dagrun for example_complex to None, run_after=None
[2022-12-21 17:20:20,747] {processor.py:161} INFO - Processing /home/airflow/.local/lib/python3.7/site-packages/airflow/example_dags/example_complex.py took 0.075 seconds
[2022-12-21 17:20:51,348] {processor.py:153} INFO - Started process (PID=25302) to work on /home/airflow/.local/lib/python3.7/site-packages/airflow/example_dags/example_complex.py
[2022-12-21 17:20:51,349] {processor.py:641} INFO - Processing file /home/airflow/.local/lib/python3.7/site-packages/airflow/example_dags/example_complex.py for tasks to queue
[2022-12-21 17:20:51,349] {logging_mixin.py:115} INFO - [2022-12-21 17:20:51,349] {dagbag.py:507} INFO - Filling up the DagBag from /home/airflow/.local/lib/python3.7/site-packages/airflow/example_dags/example_complex.py
[2022-12-21 17:20:51,361] {processor.py:651} INFO - DAG(s) dict_keys(['example_complex']) retrieved from /home/airflow/.local/lib/python3.7/site-packages/airflow/example_dags/example_complex.py
[2022-12-21 17:20:51,392] {logging_mixin.py:115} INFO - [2022-12-21 17:20:51,392] {dag.py:2371} INFO - Sync 1 DAGs
[2022-12-21 17:20:51,414] {logging_mixin.py:115} INFO - [2022-12-21 17:20:51,414] {dag.py:2919} INFO - Setting next_dagrun for example_complex to None, run_after=None
[2022-12-21 17:20:51,425] {processor.py:161} INFO - Processing /home/airflow/.local/lib/python3.7/site-packages/airflow/example_dags/example_complex.py took 0.079 seconds
[2022-12-21 17:21:21,971] {processor.py:153} INFO - Started process (PID=25368) to work on /home/airflow/.local/lib/python3.7/site-packages/airflow/example_dags/example_complex.py
[2022-12-21 17:21:21,972] {processor.py:641} INFO - Processing file /home/airflow/.local/lib/python3.7/site-packages/airflow/example_dags/example_complex.py for tasks to queue
[2022-12-21 17:21:21,972] {logging_mixin.py:115} INFO - [2022-12-21 17:21:21,972] {dagbag.py:507} INFO - Filling up the DagBag from /home/airflow/.local/lib/python3.7/site-packages/airflow/example_dags/example_complex.py
[2022-12-21 17:21:21,984] {processor.py:651} INFO - DAG(s) dict_keys(['example_complex']) retrieved from /home/airflow/.local/lib/python3.7/site-packages/airflow/example_dags/example_complex.py
[2022-12-21 17:21:22,012] {logging_mixin.py:115} INFO - [2022-12-21 17:21:22,012] {dag.py:2371} INFO - Sync 1 DAGs
[2022-12-21 17:21:22,031] {logging_mixin.py:115} INFO - [2022-12-21 17:21:22,031] {dag.py:2919} INFO - Setting next_dagrun for example_complex to None, run_after=None
[2022-12-21 17:21:22,041] {processor.py:161} INFO - Processing /home/airflow/.local/lib/python3.7/site-packages/airflow/example_dags/example_complex.py took 0.072 seconds
[2022-12-21 17:21:52,506] {processor.py:153} INFO - Started process (PID=25434) to work on /home/airflow/.local/lib/python3.7/site-packages/airflow/example_dags/example_complex.py
[2022-12-21 17:21:52,506] {processor.py:641} INFO - Processing file /home/airflow/.local/lib/python3.7/site-packages/airflow/example_dags/example_complex.py for tasks to queue
[2022-12-21 17:21:52,506] {logging_mixin.py:115} INFO - [2022-12-21 17:21:52,506] {dagbag.py:507} INFO - Filling up the DagBag from /home/airflow/.local/lib/python3.7/site-packages/airflow/example_dags/example_complex.py
[2022-12-21 17:21:52,516] {processor.py:651} INFO - DAG(s) dict_keys(['example_complex']) retrieved from /home/airflow/.local/lib/python3.7/site-packages/airflow/example_dags/example_complex.py
[2022-12-21 17:21:52,538] {logging_mixin.py:115} INFO - [2022-12-21 17:21:52,538] {dag.py:2371} INFO - Sync 1 DAGs
[2022-12-21 17:21:52,553] {logging_mixin.py:115} INFO - [2022-12-21 17:21:52,553] {dag.py:2919} INFO - Setting next_dagrun for example_complex to None, run_after=None
[2022-12-21 17:21:52,562] {processor.py:161} INFO - Processing /home/airflow/.local/lib/python3.7/site-packages/airflow/example_dags/example_complex.py took 0.059 seconds
[2022-12-21 17:22:22,960] {processor.py:153} INFO - Started process (PID=25492) to work on /home/airflow/.local/lib/python3.7/site-packages/airflow/example_dags/example_complex.py
[2022-12-21 17:22:22,960] {processor.py:641} INFO - Processing file /home/airflow/.local/lib/python3.7/site-packages/airflow/example_dags/example_complex.py for tasks to queue
[2022-12-21 17:22:22,961] {logging_mixin.py:115} INFO - [2022-12-21 17:22:22,960] {dagbag.py:507} INFO - Filling up the DagBag from /home/airflow/.local/lib/python3.7/site-packages/airflow/example_dags/example_complex.py
[2022-12-21 17:22:22,970] {processor.py:651} INFO - DAG(s) dict_keys(['example_complex']) retrieved from /home/airflow/.local/lib/python3.7/site-packages/airflow/example_dags/example_complex.py
[2022-12-21 17:22:22,992] {logging_mixin.py:115} INFO - [2022-12-21 17:22:22,992] {dag.py:2371} INFO - Sync 1 DAGs
[2022-12-21 17:22:23,009] {logging_mixin.py:115} INFO - [2022-12-21 17:22:23,009] {dag.py:2919} INFO - Setting next_dagrun for example_complex to None, run_after=None
[2022-12-21 17:22:23,086] {processor.py:161} INFO - Processing /home/airflow/.local/lib/python3.7/site-packages/airflow/example_dags/example_complex.py took 0.129 seconds
[2022-12-21 17:22:53,884] {processor.py:153} INFO - Started process (PID=25559) to work on /home/airflow/.local/lib/python3.7/site-packages/airflow/example_dags/example_complex.py
[2022-12-21 17:22:53,884] {processor.py:641} INFO - Processing file /home/airflow/.local/lib/python3.7/site-packages/airflow/example_dags/example_complex.py for tasks to queue
[2022-12-21 17:22:53,885] {logging_mixin.py:115} INFO - [2022-12-21 17:22:53,885] {dagbag.py:507} INFO - Filling up the DagBag from /home/airflow/.local/lib/python3.7/site-packages/airflow/example_dags/example_complex.py
[2022-12-21 17:22:53,898] {processor.py:651} INFO - DAG(s) dict_keys(['example_complex']) retrieved from /home/airflow/.local/lib/python3.7/site-packages/airflow/example_dags/example_complex.py
[2022-12-21 17:22:53,932] {logging_mixin.py:115} INFO - [2022-12-21 17:22:53,932] {dag.py:2371} INFO - Sync 1 DAGs
[2022-12-21 17:22:53,952] {logging_mixin.py:115} INFO - [2022-12-21 17:22:53,952] {dag.py:2919} INFO - Setting next_dagrun for example_complex to None, run_after=None
[2022-12-21 17:22:53,963] {processor.py:161} INFO - Processing /home/airflow/.local/lib/python3.7/site-packages/airflow/example_dags/example_complex.py took 0.082 seconds
[2022-12-21 17:23:24,190] {processor.py:153} INFO - Started process (PID=25626) to work on /home/airflow/.local/lib/python3.7/site-packages/airflow/example_dags/example_complex.py
[2022-12-21 17:23:24,190] {processor.py:641} INFO - Processing file /home/airflow/.local/lib/python3.7/site-packages/airflow/example_dags/example_complex.py for tasks to queue
[2022-12-21 17:23:24,191] {logging_mixin.py:115} INFO - [2022-12-21 17:23:24,191] {dagbag.py:507} INFO - Filling up the DagBag from /home/airflow/.local/lib/python3.7/site-packages/airflow/example_dags/example_complex.py
[2022-12-21 17:23:24,202] {processor.py:651} INFO - DAG(s) dict_keys(['example_complex']) retrieved from /home/airflow/.local/lib/python3.7/site-packages/airflow/example_dags/example_complex.py
[2022-12-21 17:23:24,229] {logging_mixin.py:115} INFO - [2022-12-21 17:23:24,228] {dag.py:2371} INFO - Sync 1 DAGs
[2022-12-21 17:23:24,248] {logging_mixin.py:115} INFO - [2022-12-21 17:23:24,248] {dag.py:2919} INFO - Setting next_dagrun for example_complex to None, run_after=None
[2022-12-21 17:23:24,258] {processor.py:161} INFO - Processing /home/airflow/.local/lib/python3.7/site-packages/airflow/example_dags/example_complex.py took 0.071 seconds
[2022-12-21 17:23:54,680] {processor.py:153} INFO - Started process (PID=25692) to work on /home/airflow/.local/lib/python3.7/site-packages/airflow/example_dags/example_complex.py
[2022-12-21 17:23:54,681] {processor.py:641} INFO - Processing file /home/airflow/.local/lib/python3.7/site-packages/airflow/example_dags/example_complex.py for tasks to queue
[2022-12-21 17:23:54,682] {logging_mixin.py:115} INFO - [2022-12-21 17:23:54,682] {dagbag.py:507} INFO - Filling up the DagBag from /home/airflow/.local/lib/python3.7/site-packages/airflow/example_dags/example_complex.py
[2022-12-21 17:23:54,695] {processor.py:651} INFO - DAG(s) dict_keys(['example_complex']) retrieved from /home/airflow/.local/lib/python3.7/site-packages/airflow/example_dags/example_complex.py
[2022-12-21 17:23:54,728] {logging_mixin.py:115} INFO - [2022-12-21 17:23:54,728] {dag.py:2371} INFO - Sync 1 DAGs
[2022-12-21 17:23:54,761] {logging_mixin.py:115} INFO - [2022-12-21 17:23:54,761] {dag.py:2919} INFO - Setting next_dagrun for example_complex to None, run_after=None
[2022-12-21 17:23:54,773] {processor.py:161} INFO - Processing /home/airflow/.local/lib/python3.7/site-packages/airflow/example_dags/example_complex.py took 0.097 seconds
