[2022-12-21 16:55:25,651] {processor.py:153} INFO - Started process (PID=22115) to work on /home/airflow/.local/lib/python3.7/site-packages/airflow/example_dags/example_nested_branch_dag.py
[2022-12-21 16:55:25,651] {processor.py:641} INFO - Processing file /home/airflow/.local/lib/python3.7/site-packages/airflow/example_dags/example_nested_branch_dag.py for tasks to queue
[2022-12-21 16:55:25,651] {logging_mixin.py:115} INFO - [2022-12-21 16:55:25,651] {dagbag.py:507} INFO - Filling up the DagBag from /home/airflow/.local/lib/python3.7/site-packages/airflow/example_dags/example_nested_branch_dag.py
[2022-12-21 16:55:25,659] {processor.py:651} INFO - DAG(s) dict_keys(['example_nested_branch_dag']) retrieved from /home/airflow/.local/lib/python3.7/site-packages/airflow/example_dags/example_nested_branch_dag.py
[2022-12-21 16:55:25,678] {logging_mixin.py:115} INFO - [2022-12-21 16:55:25,677] {dag.py:2371} INFO - Sync 1 DAGs
[2022-12-21 16:55:25,693] {logging_mixin.py:115} INFO - [2022-12-21 16:55:25,693] {dag.py:2919} INFO - Setting next_dagrun for example_nested_branch_dag to 2022-12-20T00:00:00+00:00, run_after=2022-12-21T00:00:00+00:00
[2022-12-21 16:55:25,701] {processor.py:161} INFO - Processing /home/airflow/.local/lib/python3.7/site-packages/airflow/example_dags/example_nested_branch_dag.py took 0.053 seconds
[2022-12-21 16:55:56,132] {processor.py:153} INFO - Started process (PID=22181) to work on /home/airflow/.local/lib/python3.7/site-packages/airflow/example_dags/example_nested_branch_dag.py
[2022-12-21 16:55:56,132] {processor.py:641} INFO - Processing file /home/airflow/.local/lib/python3.7/site-packages/airflow/example_dags/example_nested_branch_dag.py for tasks to queue
[2022-12-21 16:55:56,133] {logging_mixin.py:115} INFO - [2022-12-21 16:55:56,133] {dagbag.py:507} INFO - Filling up the DagBag from /home/airflow/.local/lib/python3.7/site-packages/airflow/example_dags/example_nested_branch_dag.py
[2022-12-21 16:55:56,139] {processor.py:651} INFO - DAG(s) dict_keys(['example_nested_branch_dag']) retrieved from /home/airflow/.local/lib/python3.7/site-packages/airflow/example_dags/example_nested_branch_dag.py
[2022-12-21 16:55:56,156] {logging_mixin.py:115} INFO - [2022-12-21 16:55:56,156] {dag.py:2371} INFO - Sync 1 DAGs
[2022-12-21 16:55:56,171] {logging_mixin.py:115} INFO - [2022-12-21 16:55:56,171] {dag.py:2919} INFO - Setting next_dagrun for example_nested_branch_dag to 2022-12-20T00:00:00+00:00, run_after=2022-12-21T00:00:00+00:00
[2022-12-21 16:55:56,179] {processor.py:161} INFO - Processing /home/airflow/.local/lib/python3.7/site-packages/airflow/example_dags/example_nested_branch_dag.py took 0.050 seconds
[2022-12-21 16:56:26,463] {processor.py:153} INFO - Started process (PID=22247) to work on /home/airflow/.local/lib/python3.7/site-packages/airflow/example_dags/example_nested_branch_dag.py
[2022-12-21 16:56:26,463] {processor.py:641} INFO - Processing file /home/airflow/.local/lib/python3.7/site-packages/airflow/example_dags/example_nested_branch_dag.py for tasks to queue
[2022-12-21 16:56:26,464] {logging_mixin.py:115} INFO - [2022-12-21 16:56:26,464] {dagbag.py:507} INFO - Filling up the DagBag from /home/airflow/.local/lib/python3.7/site-packages/airflow/example_dags/example_nested_branch_dag.py
[2022-12-21 16:56:26,470] {processor.py:651} INFO - DAG(s) dict_keys(['example_nested_branch_dag']) retrieved from /home/airflow/.local/lib/python3.7/site-packages/airflow/example_dags/example_nested_branch_dag.py
[2022-12-21 16:56:26,488] {logging_mixin.py:115} INFO - [2022-12-21 16:56:26,487] {dag.py:2371} INFO - Sync 1 DAGs
[2022-12-21 16:56:26,502] {logging_mixin.py:115} INFO - [2022-12-21 16:56:26,502] {dag.py:2919} INFO - Setting next_dagrun for example_nested_branch_dag to 2022-12-20T00:00:00+00:00, run_after=2022-12-21T00:00:00+00:00
[2022-12-21 16:56:26,510] {processor.py:161} INFO - Processing /home/airflow/.local/lib/python3.7/site-packages/airflow/example_dags/example_nested_branch_dag.py took 0.049 seconds
[2022-12-21 16:56:56,926] {processor.py:153} INFO - Started process (PID=22314) to work on /home/airflow/.local/lib/python3.7/site-packages/airflow/example_dags/example_nested_branch_dag.py
[2022-12-21 16:56:56,927] {processor.py:641} INFO - Processing file /home/airflow/.local/lib/python3.7/site-packages/airflow/example_dags/example_nested_branch_dag.py for tasks to queue
[2022-12-21 16:56:56,927] {logging_mixin.py:115} INFO - [2022-12-21 16:56:56,927] {dagbag.py:507} INFO - Filling up the DagBag from /home/airflow/.local/lib/python3.7/site-packages/airflow/example_dags/example_nested_branch_dag.py
[2022-12-21 16:56:56,934] {processor.py:651} INFO - DAG(s) dict_keys(['example_nested_branch_dag']) retrieved from /home/airflow/.local/lib/python3.7/site-packages/airflow/example_dags/example_nested_branch_dag.py
[2022-12-21 16:56:56,954] {logging_mixin.py:115} INFO - [2022-12-21 16:56:56,954] {dag.py:2371} INFO - Sync 1 DAGs
[2022-12-21 16:56:56,972] {logging_mixin.py:115} INFO - [2022-12-21 16:56:56,972] {dag.py:2919} INFO - Setting next_dagrun for example_nested_branch_dag to 2022-12-20T00:00:00+00:00, run_after=2022-12-21T00:00:00+00:00
[2022-12-21 16:56:56,980] {processor.py:161} INFO - Processing /home/airflow/.local/lib/python3.7/site-packages/airflow/example_dags/example_nested_branch_dag.py took 0.056 seconds
[2022-12-21 16:57:27,353] {processor.py:153} INFO - Started process (PID=22371) to work on /home/airflow/.local/lib/python3.7/site-packages/airflow/example_dags/example_nested_branch_dag.py
[2022-12-21 16:57:27,353] {processor.py:641} INFO - Processing file /home/airflow/.local/lib/python3.7/site-packages/airflow/example_dags/example_nested_branch_dag.py for tasks to queue
[2022-12-21 16:57:27,354] {logging_mixin.py:115} INFO - [2022-12-21 16:57:27,354] {dagbag.py:507} INFO - Filling up the DagBag from /home/airflow/.local/lib/python3.7/site-packages/airflow/example_dags/example_nested_branch_dag.py
[2022-12-21 16:57:27,361] {processor.py:651} INFO - DAG(s) dict_keys(['example_nested_branch_dag']) retrieved from /home/airflow/.local/lib/python3.7/site-packages/airflow/example_dags/example_nested_branch_dag.py
[2022-12-21 16:57:27,379] {logging_mixin.py:115} INFO - [2022-12-21 16:57:27,379] {dag.py:2371} INFO - Sync 1 DAGs
[2022-12-21 16:57:27,395] {logging_mixin.py:115} INFO - [2022-12-21 16:57:27,395] {dag.py:2919} INFO - Setting next_dagrun for example_nested_branch_dag to 2022-12-20T00:00:00+00:00, run_after=2022-12-21T00:00:00+00:00
[2022-12-21 16:57:27,404] {processor.py:161} INFO - Processing /home/airflow/.local/lib/python3.7/site-packages/airflow/example_dags/example_nested_branch_dag.py took 0.054 seconds
[2022-12-21 16:57:57,714] {processor.py:153} INFO - Started process (PID=22438) to work on /home/airflow/.local/lib/python3.7/site-packages/airflow/example_dags/example_nested_branch_dag.py
[2022-12-21 16:57:57,715] {processor.py:641} INFO - Processing file /home/airflow/.local/lib/python3.7/site-packages/airflow/example_dags/example_nested_branch_dag.py for tasks to queue
[2022-12-21 16:57:57,715] {logging_mixin.py:115} INFO - [2022-12-21 16:57:57,715] {dagbag.py:507} INFO - Filling up the DagBag from /home/airflow/.local/lib/python3.7/site-packages/airflow/example_dags/example_nested_branch_dag.py
[2022-12-21 16:57:57,723] {processor.py:651} INFO - DAG(s) dict_keys(['example_nested_branch_dag']) retrieved from /home/airflow/.local/lib/python3.7/site-packages/airflow/example_dags/example_nested_branch_dag.py
[2022-12-21 16:57:57,747] {logging_mixin.py:115} INFO - [2022-12-21 16:57:57,747] {dag.py:2371} INFO - Sync 1 DAGs
[2022-12-21 16:57:57,768] {logging_mixin.py:115} INFO - [2022-12-21 16:57:57,768] {dag.py:2919} INFO - Setting next_dagrun for example_nested_branch_dag to 2022-12-20T00:00:00+00:00, run_after=2022-12-21T00:00:00+00:00
[2022-12-21 16:57:57,778] {processor.py:161} INFO - Processing /home/airflow/.local/lib/python3.7/site-packages/airflow/example_dags/example_nested_branch_dag.py took 0.066 seconds
[2022-12-21 16:58:28,175] {processor.py:153} INFO - Started process (PID=22504) to work on /home/airflow/.local/lib/python3.7/site-packages/airflow/example_dags/example_nested_branch_dag.py
[2022-12-21 16:58:28,176] {processor.py:641} INFO - Processing file /home/airflow/.local/lib/python3.7/site-packages/airflow/example_dags/example_nested_branch_dag.py for tasks to queue
[2022-12-21 16:58:28,176] {logging_mixin.py:115} INFO - [2022-12-21 16:58:28,176] {dagbag.py:507} INFO - Filling up the DagBag from /home/airflow/.local/lib/python3.7/site-packages/airflow/example_dags/example_nested_branch_dag.py
[2022-12-21 16:58:28,183] {processor.py:651} INFO - DAG(s) dict_keys(['example_nested_branch_dag']) retrieved from /home/airflow/.local/lib/python3.7/site-packages/airflow/example_dags/example_nested_branch_dag.py
[2022-12-21 16:58:28,200] {logging_mixin.py:115} INFO - [2022-12-21 16:58:28,200] {dag.py:2371} INFO - Sync 1 DAGs
[2022-12-21 16:58:28,218] {logging_mixin.py:115} INFO - [2022-12-21 16:58:28,218] {dag.py:2919} INFO - Setting next_dagrun for example_nested_branch_dag to 2022-12-20T00:00:00+00:00, run_after=2022-12-21T00:00:00+00:00
[2022-12-21 16:58:28,227] {processor.py:161} INFO - Processing /home/airflow/.local/lib/python3.7/site-packages/airflow/example_dags/example_nested_branch_dag.py took 0.054 seconds
[2022-12-21 16:58:58,745] {processor.py:153} INFO - Started process (PID=22570) to work on /home/airflow/.local/lib/python3.7/site-packages/airflow/example_dags/example_nested_branch_dag.py
[2022-12-21 16:58:58,745] {processor.py:641} INFO - Processing file /home/airflow/.local/lib/python3.7/site-packages/airflow/example_dags/example_nested_branch_dag.py for tasks to queue
[2022-12-21 16:58:58,746] {logging_mixin.py:115} INFO - [2022-12-21 16:58:58,746] {dagbag.py:507} INFO - Filling up the DagBag from /home/airflow/.local/lib/python3.7/site-packages/airflow/example_dags/example_nested_branch_dag.py
[2022-12-21 16:58:58,754] {processor.py:651} INFO - DAG(s) dict_keys(['example_nested_branch_dag']) retrieved from /home/airflow/.local/lib/python3.7/site-packages/airflow/example_dags/example_nested_branch_dag.py
[2022-12-21 16:58:58,775] {logging_mixin.py:115} INFO - [2022-12-21 16:58:58,775] {dag.py:2371} INFO - Sync 1 DAGs
[2022-12-21 16:58:58,792] {logging_mixin.py:115} INFO - [2022-12-21 16:58:58,792] {dag.py:2919} INFO - Setting next_dagrun for example_nested_branch_dag to 2022-12-20T00:00:00+00:00, run_after=2022-12-21T00:00:00+00:00
[2022-12-21 16:58:58,801] {processor.py:161} INFO - Processing /home/airflow/.local/lib/python3.7/site-packages/airflow/example_dags/example_nested_branch_dag.py took 0.058 seconds
[2022-12-21 16:59:29,142] {processor.py:153} INFO - Started process (PID=22628) to work on /home/airflow/.local/lib/python3.7/site-packages/airflow/example_dags/example_nested_branch_dag.py
[2022-12-21 16:59:29,143] {processor.py:641} INFO - Processing file /home/airflow/.local/lib/python3.7/site-packages/airflow/example_dags/example_nested_branch_dag.py for tasks to queue
[2022-12-21 16:59:29,144] {logging_mixin.py:115} INFO - [2022-12-21 16:59:29,144] {dagbag.py:507} INFO - Filling up the DagBag from /home/airflow/.local/lib/python3.7/site-packages/airflow/example_dags/example_nested_branch_dag.py
[2022-12-21 16:59:29,153] {processor.py:651} INFO - DAG(s) dict_keys(['example_nested_branch_dag']) retrieved from /home/airflow/.local/lib/python3.7/site-packages/airflow/example_dags/example_nested_branch_dag.py
[2022-12-21 16:59:29,175] {logging_mixin.py:115} INFO - [2022-12-21 16:59:29,175] {dag.py:2371} INFO - Sync 1 DAGs
[2022-12-21 16:59:29,191] {logging_mixin.py:115} INFO - [2022-12-21 16:59:29,191] {dag.py:2919} INFO - Setting next_dagrun for example_nested_branch_dag to 2022-12-20T00:00:00+00:00, run_after=2022-12-21T00:00:00+00:00
[2022-12-21 16:59:29,200] {processor.py:161} INFO - Processing /home/airflow/.local/lib/python3.7/site-packages/airflow/example_dags/example_nested_branch_dag.py took 0.060 seconds
[2022-12-21 16:59:59,723] {processor.py:153} INFO - Started process (PID=22694) to work on /home/airflow/.local/lib/python3.7/site-packages/airflow/example_dags/example_nested_branch_dag.py
[2022-12-21 16:59:59,723] {processor.py:641} INFO - Processing file /home/airflow/.local/lib/python3.7/site-packages/airflow/example_dags/example_nested_branch_dag.py for tasks to queue
[2022-12-21 16:59:59,724] {logging_mixin.py:115} INFO - [2022-12-21 16:59:59,724] {dagbag.py:507} INFO - Filling up the DagBag from /home/airflow/.local/lib/python3.7/site-packages/airflow/example_dags/example_nested_branch_dag.py
[2022-12-21 16:59:59,730] {processor.py:651} INFO - DAG(s) dict_keys(['example_nested_branch_dag']) retrieved from /home/airflow/.local/lib/python3.7/site-packages/airflow/example_dags/example_nested_branch_dag.py
[2022-12-21 16:59:59,749] {logging_mixin.py:115} INFO - [2022-12-21 16:59:59,749] {dag.py:2371} INFO - Sync 1 DAGs
[2022-12-21 16:59:59,766] {logging_mixin.py:115} INFO - [2022-12-21 16:59:59,766] {dag.py:2919} INFO - Setting next_dagrun for example_nested_branch_dag to 2022-12-20T00:00:00+00:00, run_after=2022-12-21T00:00:00+00:00
[2022-12-21 16:59:59,775] {processor.py:161} INFO - Processing /home/airflow/.local/lib/python3.7/site-packages/airflow/example_dags/example_nested_branch_dag.py took 0.054 seconds
[2022-12-21 17:00:30,343] {processor.py:153} INFO - Started process (PID=22761) to work on /home/airflow/.local/lib/python3.7/site-packages/airflow/example_dags/example_nested_branch_dag.py
[2022-12-21 17:00:30,344] {processor.py:641} INFO - Processing file /home/airflow/.local/lib/python3.7/site-packages/airflow/example_dags/example_nested_branch_dag.py for tasks to queue
[2022-12-21 17:00:30,344] {logging_mixin.py:115} INFO - [2022-12-21 17:00:30,344] {dagbag.py:507} INFO - Filling up the DagBag from /home/airflow/.local/lib/python3.7/site-packages/airflow/example_dags/example_nested_branch_dag.py
[2022-12-21 17:00:30,351] {processor.py:651} INFO - DAG(s) dict_keys(['example_nested_branch_dag']) retrieved from /home/airflow/.local/lib/python3.7/site-packages/airflow/example_dags/example_nested_branch_dag.py
[2022-12-21 17:00:30,372] {logging_mixin.py:115} INFO - [2022-12-21 17:00:30,372] {dag.py:2371} INFO - Sync 1 DAGs
[2022-12-21 17:00:30,388] {logging_mixin.py:115} INFO - [2022-12-21 17:00:30,388] {dag.py:2919} INFO - Setting next_dagrun for example_nested_branch_dag to 2022-12-20T00:00:00+00:00, run_after=2022-12-21T00:00:00+00:00
[2022-12-21 17:00:30,397] {processor.py:161} INFO - Processing /home/airflow/.local/lib/python3.7/site-packages/airflow/example_dags/example_nested_branch_dag.py took 0.056 seconds
[2022-12-21 17:01:00,810] {processor.py:153} INFO - Started process (PID=22827) to work on /home/airflow/.local/lib/python3.7/site-packages/airflow/example_dags/example_nested_branch_dag.py
[2022-12-21 17:01:00,811] {processor.py:641} INFO - Processing file /home/airflow/.local/lib/python3.7/site-packages/airflow/example_dags/example_nested_branch_dag.py for tasks to queue
[2022-12-21 17:01:00,811] {logging_mixin.py:115} INFO - [2022-12-21 17:01:00,811] {dagbag.py:507} INFO - Filling up the DagBag from /home/airflow/.local/lib/python3.7/site-packages/airflow/example_dags/example_nested_branch_dag.py
[2022-12-21 17:01:00,820] {processor.py:651} INFO - DAG(s) dict_keys(['example_nested_branch_dag']) retrieved from /home/airflow/.local/lib/python3.7/site-packages/airflow/example_dags/example_nested_branch_dag.py
[2022-12-21 17:01:00,843] {logging_mixin.py:115} INFO - [2022-12-21 17:01:00,843] {dag.py:2371} INFO - Sync 1 DAGs
[2022-12-21 17:01:00,863] {logging_mixin.py:115} INFO - [2022-12-21 17:01:00,863] {dag.py:2919} INFO - Setting next_dagrun for example_nested_branch_dag to 2022-12-20T00:00:00+00:00, run_after=2022-12-21T00:00:00+00:00
[2022-12-21 17:01:00,873] {processor.py:161} INFO - Processing /home/airflow/.local/lib/python3.7/site-packages/airflow/example_dags/example_nested_branch_dag.py took 0.065 seconds
[2022-12-21 17:01:31,359] {processor.py:153} INFO - Started process (PID=22884) to work on /home/airflow/.local/lib/python3.7/site-packages/airflow/example_dags/example_nested_branch_dag.py
[2022-12-21 17:01:31,359] {processor.py:641} INFO - Processing file /home/airflow/.local/lib/python3.7/site-packages/airflow/example_dags/example_nested_branch_dag.py for tasks to queue
[2022-12-21 17:01:31,360] {logging_mixin.py:115} INFO - [2022-12-21 17:01:31,360] {dagbag.py:507} INFO - Filling up the DagBag from /home/airflow/.local/lib/python3.7/site-packages/airflow/example_dags/example_nested_branch_dag.py
[2022-12-21 17:01:31,367] {processor.py:651} INFO - DAG(s) dict_keys(['example_nested_branch_dag']) retrieved from /home/airflow/.local/lib/python3.7/site-packages/airflow/example_dags/example_nested_branch_dag.py
[2022-12-21 17:01:31,387] {logging_mixin.py:115} INFO - [2022-12-21 17:01:31,387] {dag.py:2371} INFO - Sync 1 DAGs
[2022-12-21 17:01:31,404] {logging_mixin.py:115} INFO - [2022-12-21 17:01:31,404] {dag.py:2919} INFO - Setting next_dagrun for example_nested_branch_dag to 2022-12-20T00:00:00+00:00, run_after=2022-12-21T00:00:00+00:00
[2022-12-21 17:01:31,414] {processor.py:161} INFO - Processing /home/airflow/.local/lib/python3.7/site-packages/airflow/example_dags/example_nested_branch_dag.py took 0.057 seconds
[2022-12-21 17:02:01,997] {processor.py:153} INFO - Started process (PID=22949) to work on /home/airflow/.local/lib/python3.7/site-packages/airflow/example_dags/example_nested_branch_dag.py
[2022-12-21 17:02:01,997] {processor.py:641} INFO - Processing file /home/airflow/.local/lib/python3.7/site-packages/airflow/example_dags/example_nested_branch_dag.py for tasks to queue
[2022-12-21 17:02:01,997] {logging_mixin.py:115} INFO - [2022-12-21 17:02:01,997] {dagbag.py:507} INFO - Filling up the DagBag from /home/airflow/.local/lib/python3.7/site-packages/airflow/example_dags/example_nested_branch_dag.py
[2022-12-21 17:02:02,005] {processor.py:651} INFO - DAG(s) dict_keys(['example_nested_branch_dag']) retrieved from /home/airflow/.local/lib/python3.7/site-packages/airflow/example_dags/example_nested_branch_dag.py
[2022-12-21 17:02:02,024] {logging_mixin.py:115} INFO - [2022-12-21 17:02:02,024] {dag.py:2371} INFO - Sync 1 DAGs
[2022-12-21 17:02:02,042] {logging_mixin.py:115} INFO - [2022-12-21 17:02:02,042] {dag.py:2919} INFO - Setting next_dagrun for example_nested_branch_dag to 2022-12-20T00:00:00+00:00, run_after=2022-12-21T00:00:00+00:00
[2022-12-21 17:02:02,052] {processor.py:161} INFO - Processing /home/airflow/.local/lib/python3.7/site-packages/airflow/example_dags/example_nested_branch_dag.py took 0.058 seconds
[2022-12-21 17:02:32,635] {processor.py:153} INFO - Started process (PID=23015) to work on /home/airflow/.local/lib/python3.7/site-packages/airflow/example_dags/example_nested_branch_dag.py
[2022-12-21 17:02:32,635] {processor.py:641} INFO - Processing file /home/airflow/.local/lib/python3.7/site-packages/airflow/example_dags/example_nested_branch_dag.py for tasks to queue
[2022-12-21 17:02:32,636] {logging_mixin.py:115} INFO - [2022-12-21 17:02:32,636] {dagbag.py:507} INFO - Filling up the DagBag from /home/airflow/.local/lib/python3.7/site-packages/airflow/example_dags/example_nested_branch_dag.py
[2022-12-21 17:02:32,645] {processor.py:651} INFO - DAG(s) dict_keys(['example_nested_branch_dag']) retrieved from /home/airflow/.local/lib/python3.7/site-packages/airflow/example_dags/example_nested_branch_dag.py
[2022-12-21 17:02:32,672] {logging_mixin.py:115} INFO - [2022-12-21 17:02:32,672] {dag.py:2371} INFO - Sync 1 DAGs
[2022-12-21 17:02:32,693] {logging_mixin.py:115} INFO - [2022-12-21 17:02:32,692] {dag.py:2919} INFO - Setting next_dagrun for example_nested_branch_dag to 2022-12-20T00:00:00+00:00, run_after=2022-12-21T00:00:00+00:00
[2022-12-21 17:02:32,703] {processor.py:161} INFO - Processing /home/airflow/.local/lib/python3.7/site-packages/airflow/example_dags/example_nested_branch_dag.py took 0.071 seconds
[2022-12-21 17:03:03,321] {processor.py:153} INFO - Started process (PID=23081) to work on /home/airflow/.local/lib/python3.7/site-packages/airflow/example_dags/example_nested_branch_dag.py
[2022-12-21 17:03:03,321] {processor.py:641} INFO - Processing file /home/airflow/.local/lib/python3.7/site-packages/airflow/example_dags/example_nested_branch_dag.py for tasks to queue
[2022-12-21 17:03:03,321] {logging_mixin.py:115} INFO - [2022-12-21 17:03:03,321] {dagbag.py:507} INFO - Filling up the DagBag from /home/airflow/.local/lib/python3.7/site-packages/airflow/example_dags/example_nested_branch_dag.py
[2022-12-21 17:03:03,328] {processor.py:651} INFO - DAG(s) dict_keys(['example_nested_branch_dag']) retrieved from /home/airflow/.local/lib/python3.7/site-packages/airflow/example_dags/example_nested_branch_dag.py
[2022-12-21 17:03:03,349] {logging_mixin.py:115} INFO - [2022-12-21 17:03:03,349] {dag.py:2371} INFO - Sync 1 DAGs
[2022-12-21 17:03:03,371] {logging_mixin.py:115} INFO - [2022-12-21 17:03:03,371] {dag.py:2919} INFO - Setting next_dagrun for example_nested_branch_dag to 2022-12-20T00:00:00+00:00, run_after=2022-12-21T00:00:00+00:00
[2022-12-21 17:03:03,382] {processor.py:161} INFO - Processing /home/airflow/.local/lib/python3.7/site-packages/airflow/example_dags/example_nested_branch_dag.py took 0.065 seconds
[2022-12-21 17:03:34,113] {processor.py:153} INFO - Started process (PID=23138) to work on /home/airflow/.local/lib/python3.7/site-packages/airflow/example_dags/example_nested_branch_dag.py
[2022-12-21 17:03:34,114] {processor.py:641} INFO - Processing file /home/airflow/.local/lib/python3.7/site-packages/airflow/example_dags/example_nested_branch_dag.py for tasks to queue
[2022-12-21 17:03:34,114] {logging_mixin.py:115} INFO - [2022-12-21 17:03:34,114] {dagbag.py:507} INFO - Filling up the DagBag from /home/airflow/.local/lib/python3.7/site-packages/airflow/example_dags/example_nested_branch_dag.py
[2022-12-21 17:03:34,124] {processor.py:651} INFO - DAG(s) dict_keys(['example_nested_branch_dag']) retrieved from /home/airflow/.local/lib/python3.7/site-packages/airflow/example_dags/example_nested_branch_dag.py
[2022-12-21 17:03:34,145] {logging_mixin.py:115} INFO - [2022-12-21 17:03:34,145] {dag.py:2371} INFO - Sync 1 DAGs
[2022-12-21 17:03:34,163] {logging_mixin.py:115} INFO - [2022-12-21 17:03:34,163] {dag.py:2919} INFO - Setting next_dagrun for example_nested_branch_dag to 2022-12-20T00:00:00+00:00, run_after=2022-12-21T00:00:00+00:00
[2022-12-21 17:03:34,174] {processor.py:161} INFO - Processing /home/airflow/.local/lib/python3.7/site-packages/airflow/example_dags/example_nested_branch_dag.py took 0.063 seconds
[2022-12-21 17:04:04,687] {processor.py:153} INFO - Started process (PID=23205) to work on /home/airflow/.local/lib/python3.7/site-packages/airflow/example_dags/example_nested_branch_dag.py
[2022-12-21 17:04:04,687] {processor.py:641} INFO - Processing file /home/airflow/.local/lib/python3.7/site-packages/airflow/example_dags/example_nested_branch_dag.py for tasks to queue
[2022-12-21 17:04:04,688] {logging_mixin.py:115} INFO - [2022-12-21 17:04:04,688] {dagbag.py:507} INFO - Filling up the DagBag from /home/airflow/.local/lib/python3.7/site-packages/airflow/example_dags/example_nested_branch_dag.py
[2022-12-21 17:04:04,699] {processor.py:651} INFO - DAG(s) dict_keys(['example_nested_branch_dag']) retrieved from /home/airflow/.local/lib/python3.7/site-packages/airflow/example_dags/example_nested_branch_dag.py
[2022-12-21 17:04:04,726] {logging_mixin.py:115} INFO - [2022-12-21 17:04:04,726] {dag.py:2371} INFO - Sync 1 DAGs
[2022-12-21 17:04:04,749] {logging_mixin.py:115} INFO - [2022-12-21 17:04:04,749] {dag.py:2919} INFO - Setting next_dagrun for example_nested_branch_dag to 2022-12-20T00:00:00+00:00, run_after=2022-12-21T00:00:00+00:00
[2022-12-21 17:04:04,760] {processor.py:161} INFO - Processing /home/airflow/.local/lib/python3.7/site-packages/airflow/example_dags/example_nested_branch_dag.py took 0.076 seconds
[2022-12-21 17:04:35,253] {processor.py:153} INFO - Started process (PID=23271) to work on /home/airflow/.local/lib/python3.7/site-packages/airflow/example_dags/example_nested_branch_dag.py
[2022-12-21 17:04:35,253] {processor.py:641} INFO - Processing file /home/airflow/.local/lib/python3.7/site-packages/airflow/example_dags/example_nested_branch_dag.py for tasks to queue
[2022-12-21 17:04:35,254] {logging_mixin.py:115} INFO - [2022-12-21 17:04:35,254] {dagbag.py:507} INFO - Filling up the DagBag from /home/airflow/.local/lib/python3.7/site-packages/airflow/example_dags/example_nested_branch_dag.py
[2022-12-21 17:04:35,262] {processor.py:651} INFO - DAG(s) dict_keys(['example_nested_branch_dag']) retrieved from /home/airflow/.local/lib/python3.7/site-packages/airflow/example_dags/example_nested_branch_dag.py
[2022-12-21 17:04:35,284] {logging_mixin.py:115} INFO - [2022-12-21 17:04:35,284] {dag.py:2371} INFO - Sync 1 DAGs
[2022-12-21 17:04:35,303] {logging_mixin.py:115} INFO - [2022-12-21 17:04:35,302] {dag.py:2919} INFO - Setting next_dagrun for example_nested_branch_dag to 2022-12-20T00:00:00+00:00, run_after=2022-12-21T00:00:00+00:00
[2022-12-21 17:04:35,313] {processor.py:161} INFO - Processing /home/airflow/.local/lib/python3.7/site-packages/airflow/example_dags/example_nested_branch_dag.py took 0.063 seconds
[2022-12-21 17:05:05,774] {processor.py:153} INFO - Started process (PID=23337) to work on /home/airflow/.local/lib/python3.7/site-packages/airflow/example_dags/example_nested_branch_dag.py
[2022-12-21 17:05:05,775] {processor.py:641} INFO - Processing file /home/airflow/.local/lib/python3.7/site-packages/airflow/example_dags/example_nested_branch_dag.py for tasks to queue
[2022-12-21 17:05:05,776] {logging_mixin.py:115} INFO - [2022-12-21 17:05:05,775] {dagbag.py:507} INFO - Filling up the DagBag from /home/airflow/.local/lib/python3.7/site-packages/airflow/example_dags/example_nested_branch_dag.py
[2022-12-21 17:05:05,789] {processor.py:651} INFO - DAG(s) dict_keys(['example_nested_branch_dag']) retrieved from /home/airflow/.local/lib/python3.7/site-packages/airflow/example_dags/example_nested_branch_dag.py
[2022-12-21 17:05:05,811] {logging_mixin.py:115} INFO - [2022-12-21 17:05:05,811] {dag.py:2371} INFO - Sync 1 DAGs
[2022-12-21 17:05:05,830] {logging_mixin.py:115} INFO - [2022-12-21 17:05:05,830] {dag.py:2919} INFO - Setting next_dagrun for example_nested_branch_dag to 2022-12-20T00:00:00+00:00, run_after=2022-12-21T00:00:00+00:00
[2022-12-21 17:05:05,840] {processor.py:161} INFO - Processing /home/airflow/.local/lib/python3.7/site-packages/airflow/example_dags/example_nested_branch_dag.py took 0.069 seconds
[2022-12-21 17:05:36,441] {processor.py:153} INFO - Started process (PID=23393) to work on /home/airflow/.local/lib/python3.7/site-packages/airflow/example_dags/example_nested_branch_dag.py
[2022-12-21 17:05:36,441] {processor.py:641} INFO - Processing file /home/airflow/.local/lib/python3.7/site-packages/airflow/example_dags/example_nested_branch_dag.py for tasks to queue
[2022-12-21 17:05:36,442] {logging_mixin.py:115} INFO - [2022-12-21 17:05:36,442] {dagbag.py:507} INFO - Filling up the DagBag from /home/airflow/.local/lib/python3.7/site-packages/airflow/example_dags/example_nested_branch_dag.py
[2022-12-21 17:05:36,449] {processor.py:651} INFO - DAG(s) dict_keys(['example_nested_branch_dag']) retrieved from /home/airflow/.local/lib/python3.7/site-packages/airflow/example_dags/example_nested_branch_dag.py
[2022-12-21 17:05:36,468] {logging_mixin.py:115} INFO - [2022-12-21 17:05:36,468] {dag.py:2371} INFO - Sync 1 DAGs
[2022-12-21 17:05:36,489] {logging_mixin.py:115} INFO - [2022-12-21 17:05:36,489] {dag.py:2919} INFO - Setting next_dagrun for example_nested_branch_dag to 2022-12-20T00:00:00+00:00, run_after=2022-12-21T00:00:00+00:00
[2022-12-21 17:05:36,499] {processor.py:161} INFO - Processing /home/airflow/.local/lib/python3.7/site-packages/airflow/example_dags/example_nested_branch_dag.py took 0.061 seconds
[2022-12-21 17:06:07,409] {processor.py:153} INFO - Started process (PID=23460) to work on /home/airflow/.local/lib/python3.7/site-packages/airflow/example_dags/example_nested_branch_dag.py
[2022-12-21 17:06:07,410] {processor.py:641} INFO - Processing file /home/airflow/.local/lib/python3.7/site-packages/airflow/example_dags/example_nested_branch_dag.py for tasks to queue
[2022-12-21 17:06:07,411] {logging_mixin.py:115} INFO - [2022-12-21 17:06:07,411] {dagbag.py:507} INFO - Filling up the DagBag from /home/airflow/.local/lib/python3.7/site-packages/airflow/example_dags/example_nested_branch_dag.py
[2022-12-21 17:06:07,422] {processor.py:651} INFO - DAG(s) dict_keys(['example_nested_branch_dag']) retrieved from /home/airflow/.local/lib/python3.7/site-packages/airflow/example_dags/example_nested_branch_dag.py
[2022-12-21 17:06:07,444] {logging_mixin.py:115} INFO - [2022-12-21 17:06:07,444] {dag.py:2371} INFO - Sync 1 DAGs
[2022-12-21 17:06:07,466] {logging_mixin.py:115} INFO - [2022-12-21 17:06:07,466] {dag.py:2919} INFO - Setting next_dagrun for example_nested_branch_dag to 2022-12-20T00:00:00+00:00, run_after=2022-12-21T00:00:00+00:00
[2022-12-21 17:06:07,479] {processor.py:161} INFO - Processing /home/airflow/.local/lib/python3.7/site-packages/airflow/example_dags/example_nested_branch_dag.py took 0.072 seconds
[2022-12-21 17:06:37,943] {processor.py:153} INFO - Started process (PID=23527) to work on /home/airflow/.local/lib/python3.7/site-packages/airflow/example_dags/example_nested_branch_dag.py
[2022-12-21 17:06:37,944] {processor.py:641} INFO - Processing file /home/airflow/.local/lib/python3.7/site-packages/airflow/example_dags/example_nested_branch_dag.py for tasks to queue
[2022-12-21 17:06:37,945] {logging_mixin.py:115} INFO - [2022-12-21 17:06:37,945] {dagbag.py:507} INFO - Filling up the DagBag from /home/airflow/.local/lib/python3.7/site-packages/airflow/example_dags/example_nested_branch_dag.py
[2022-12-21 17:06:37,955] {processor.py:651} INFO - DAG(s) dict_keys(['example_nested_branch_dag']) retrieved from /home/airflow/.local/lib/python3.7/site-packages/airflow/example_dags/example_nested_branch_dag.py
[2022-12-21 17:06:37,977] {logging_mixin.py:115} INFO - [2022-12-21 17:06:37,977] {dag.py:2371} INFO - Sync 1 DAGs
[2022-12-21 17:06:37,998] {logging_mixin.py:115} INFO - [2022-12-21 17:06:37,998] {dag.py:2919} INFO - Setting next_dagrun for example_nested_branch_dag to 2022-12-20T00:00:00+00:00, run_after=2022-12-21T00:00:00+00:00
[2022-12-21 17:06:38,009] {processor.py:161} INFO - Processing /home/airflow/.local/lib/python3.7/site-packages/airflow/example_dags/example_nested_branch_dag.py took 0.069 seconds
[2022-12-21 17:07:08,460] {processor.py:153} INFO - Started process (PID=23593) to work on /home/airflow/.local/lib/python3.7/site-packages/airflow/example_dags/example_nested_branch_dag.py
[2022-12-21 17:07:08,461] {processor.py:641} INFO - Processing file /home/airflow/.local/lib/python3.7/site-packages/airflow/example_dags/example_nested_branch_dag.py for tasks to queue
[2022-12-21 17:07:08,461] {logging_mixin.py:115} INFO - [2022-12-21 17:07:08,461] {dagbag.py:507} INFO - Filling up the DagBag from /home/airflow/.local/lib/python3.7/site-packages/airflow/example_dags/example_nested_branch_dag.py
[2022-12-21 17:07:08,470] {processor.py:651} INFO - DAG(s) dict_keys(['example_nested_branch_dag']) retrieved from /home/airflow/.local/lib/python3.7/site-packages/airflow/example_dags/example_nested_branch_dag.py
[2022-12-21 17:07:08,494] {logging_mixin.py:115} INFO - [2022-12-21 17:07:08,494] {dag.py:2371} INFO - Sync 1 DAGs
[2022-12-21 17:07:08,516] {logging_mixin.py:115} INFO - [2022-12-21 17:07:08,515] {dag.py:2919} INFO - Setting next_dagrun for example_nested_branch_dag to 2022-12-20T00:00:00+00:00, run_after=2022-12-21T00:00:00+00:00
[2022-12-21 17:07:08,527] {processor.py:161} INFO - Processing /home/airflow/.local/lib/python3.7/site-packages/airflow/example_dags/example_nested_branch_dag.py took 0.069 seconds
[2022-12-21 17:07:39,056] {processor.py:153} INFO - Started process (PID=23649) to work on /home/airflow/.local/lib/python3.7/site-packages/airflow/example_dags/example_nested_branch_dag.py
[2022-12-21 17:07:39,057] {processor.py:641} INFO - Processing file /home/airflow/.local/lib/python3.7/site-packages/airflow/example_dags/example_nested_branch_dag.py for tasks to queue
[2022-12-21 17:07:39,057] {logging_mixin.py:115} INFO - [2022-12-21 17:07:39,057] {dagbag.py:507} INFO - Filling up the DagBag from /home/airflow/.local/lib/python3.7/site-packages/airflow/example_dags/example_nested_branch_dag.py
[2022-12-21 17:07:39,067] {processor.py:651} INFO - DAG(s) dict_keys(['example_nested_branch_dag']) retrieved from /home/airflow/.local/lib/python3.7/site-packages/airflow/example_dags/example_nested_branch_dag.py
[2022-12-21 17:07:39,089] {logging_mixin.py:115} INFO - [2022-12-21 17:07:39,089] {dag.py:2371} INFO - Sync 1 DAGs
[2022-12-21 17:07:39,106] {logging_mixin.py:115} INFO - [2022-12-21 17:07:39,106] {dag.py:2919} INFO - Setting next_dagrun for example_nested_branch_dag to 2022-12-20T00:00:00+00:00, run_after=2022-12-21T00:00:00+00:00
[2022-12-21 17:07:39,115] {processor.py:161} INFO - Processing /home/airflow/.local/lib/python3.7/site-packages/airflow/example_dags/example_nested_branch_dag.py took 0.062 seconds
[2022-12-21 17:08:09,579] {processor.py:153} INFO - Started process (PID=23715) to work on /home/airflow/.local/lib/python3.7/site-packages/airflow/example_dags/example_nested_branch_dag.py
[2022-12-21 17:08:09,580] {processor.py:641} INFO - Processing file /home/airflow/.local/lib/python3.7/site-packages/airflow/example_dags/example_nested_branch_dag.py for tasks to queue
[2022-12-21 17:08:09,580] {logging_mixin.py:115} INFO - [2022-12-21 17:08:09,580] {dagbag.py:507} INFO - Filling up the DagBag from /home/airflow/.local/lib/python3.7/site-packages/airflow/example_dags/example_nested_branch_dag.py
[2022-12-21 17:08:09,589] {processor.py:651} INFO - DAG(s) dict_keys(['example_nested_branch_dag']) retrieved from /home/airflow/.local/lib/python3.7/site-packages/airflow/example_dags/example_nested_branch_dag.py
[2022-12-21 17:08:09,610] {logging_mixin.py:115} INFO - [2022-12-21 17:08:09,609] {dag.py:2371} INFO - Sync 1 DAGs
[2022-12-21 17:08:09,630] {logging_mixin.py:115} INFO - [2022-12-21 17:08:09,629] {dag.py:2919} INFO - Setting next_dagrun for example_nested_branch_dag to 2022-12-20T00:00:00+00:00, run_after=2022-12-21T00:00:00+00:00
[2022-12-21 17:08:09,640] {processor.py:161} INFO - Processing /home/airflow/.local/lib/python3.7/site-packages/airflow/example_dags/example_nested_branch_dag.py took 0.063 seconds
[2022-12-21 17:08:40,198] {processor.py:153} INFO - Started process (PID=23782) to work on /home/airflow/.local/lib/python3.7/site-packages/airflow/example_dags/example_nested_branch_dag.py
[2022-12-21 17:08:40,198] {processor.py:641} INFO - Processing file /home/airflow/.local/lib/python3.7/site-packages/airflow/example_dags/example_nested_branch_dag.py for tasks to queue
[2022-12-21 17:08:40,198] {logging_mixin.py:115} INFO - [2022-12-21 17:08:40,198] {dagbag.py:507} INFO - Filling up the DagBag from /home/airflow/.local/lib/python3.7/site-packages/airflow/example_dags/example_nested_branch_dag.py
[2022-12-21 17:08:40,206] {processor.py:651} INFO - DAG(s) dict_keys(['example_nested_branch_dag']) retrieved from /home/airflow/.local/lib/python3.7/site-packages/airflow/example_dags/example_nested_branch_dag.py
[2022-12-21 17:08:40,228] {logging_mixin.py:115} INFO - [2022-12-21 17:08:40,228] {dag.py:2371} INFO - Sync 1 DAGs
[2022-12-21 17:08:40,248] {logging_mixin.py:115} INFO - [2022-12-21 17:08:40,248] {dag.py:2919} INFO - Setting next_dagrun for example_nested_branch_dag to 2022-12-20T00:00:00+00:00, run_after=2022-12-21T00:00:00+00:00
[2022-12-21 17:08:40,259] {processor.py:161} INFO - Processing /home/airflow/.local/lib/python3.7/site-packages/airflow/example_dags/example_nested_branch_dag.py took 0.064 seconds
[2022-12-21 17:09:10,825] {processor.py:153} INFO - Started process (PID=23839) to work on /home/airflow/.local/lib/python3.7/site-packages/airflow/example_dags/example_nested_branch_dag.py
[2022-12-21 17:09:10,826] {processor.py:641} INFO - Processing file /home/airflow/.local/lib/python3.7/site-packages/airflow/example_dags/example_nested_branch_dag.py for tasks to queue
[2022-12-21 17:09:10,826] {logging_mixin.py:115} INFO - [2022-12-21 17:09:10,826] {dagbag.py:507} INFO - Filling up the DagBag from /home/airflow/.local/lib/python3.7/site-packages/airflow/example_dags/example_nested_branch_dag.py
[2022-12-21 17:09:10,833] {processor.py:651} INFO - DAG(s) dict_keys(['example_nested_branch_dag']) retrieved from /home/airflow/.local/lib/python3.7/site-packages/airflow/example_dags/example_nested_branch_dag.py
[2022-12-21 17:09:10,853] {logging_mixin.py:115} INFO - [2022-12-21 17:09:10,853] {dag.py:2371} INFO - Sync 1 DAGs
[2022-12-21 17:09:10,872] {logging_mixin.py:115} INFO - [2022-12-21 17:09:10,872] {dag.py:2919} INFO - Setting next_dagrun for example_nested_branch_dag to 2022-12-20T00:00:00+00:00, run_after=2022-12-21T00:00:00+00:00
[2022-12-21 17:09:10,882] {processor.py:161} INFO - Processing /home/airflow/.local/lib/python3.7/site-packages/airflow/example_dags/example_nested_branch_dag.py took 0.059 seconds
[2022-12-21 17:09:41,602] {processor.py:153} INFO - Started process (PID=23906) to work on /home/airflow/.local/lib/python3.7/site-packages/airflow/example_dags/example_nested_branch_dag.py
[2022-12-21 17:09:41,602] {processor.py:641} INFO - Processing file /home/airflow/.local/lib/python3.7/site-packages/airflow/example_dags/example_nested_branch_dag.py for tasks to queue
[2022-12-21 17:09:41,603] {logging_mixin.py:115} INFO - [2022-12-21 17:09:41,603] {dagbag.py:507} INFO - Filling up the DagBag from /home/airflow/.local/lib/python3.7/site-packages/airflow/example_dags/example_nested_branch_dag.py
[2022-12-21 17:09:41,612] {processor.py:651} INFO - DAG(s) dict_keys(['example_nested_branch_dag']) retrieved from /home/airflow/.local/lib/python3.7/site-packages/airflow/example_dags/example_nested_branch_dag.py
[2022-12-21 17:09:41,633] {logging_mixin.py:115} INFO - [2022-12-21 17:09:41,633] {dag.py:2371} INFO - Sync 1 DAGs
[2022-12-21 17:09:41,653] {logging_mixin.py:115} INFO - [2022-12-21 17:09:41,653] {dag.py:2919} INFO - Setting next_dagrun for example_nested_branch_dag to 2022-12-20T00:00:00+00:00, run_after=2022-12-21T00:00:00+00:00
[2022-12-21 17:09:41,664] {processor.py:161} INFO - Processing /home/airflow/.local/lib/python3.7/site-packages/airflow/example_dags/example_nested_branch_dag.py took 0.065 seconds
[2022-12-21 17:10:12,338] {processor.py:153} INFO - Started process (PID=23973) to work on /home/airflow/.local/lib/python3.7/site-packages/airflow/example_dags/example_nested_branch_dag.py
[2022-12-21 17:10:12,339] {processor.py:641} INFO - Processing file /home/airflow/.local/lib/python3.7/site-packages/airflow/example_dags/example_nested_branch_dag.py for tasks to queue
[2022-12-21 17:10:12,339] {logging_mixin.py:115} INFO - [2022-12-21 17:10:12,339] {dagbag.py:507} INFO - Filling up the DagBag from /home/airflow/.local/lib/python3.7/site-packages/airflow/example_dags/example_nested_branch_dag.py
[2022-12-21 17:10:12,347] {processor.py:651} INFO - DAG(s) dict_keys(['example_nested_branch_dag']) retrieved from /home/airflow/.local/lib/python3.7/site-packages/airflow/example_dags/example_nested_branch_dag.py
[2022-12-21 17:10:12,368] {logging_mixin.py:115} INFO - [2022-12-21 17:10:12,368] {dag.py:2371} INFO - Sync 1 DAGs
[2022-12-21 17:10:12,388] {logging_mixin.py:115} INFO - [2022-12-21 17:10:12,387] {dag.py:2919} INFO - Setting next_dagrun for example_nested_branch_dag to 2022-12-20T00:00:00+00:00, run_after=2022-12-21T00:00:00+00:00
[2022-12-21 17:10:12,397] {processor.py:161} INFO - Processing /home/airflow/.local/lib/python3.7/site-packages/airflow/example_dags/example_nested_branch_dag.py took 0.061 seconds
[2022-12-21 17:10:42,879] {processor.py:153} INFO - Started process (PID=24040) to work on /home/airflow/.local/lib/python3.7/site-packages/airflow/example_dags/example_nested_branch_dag.py
[2022-12-21 17:10:42,880] {processor.py:641} INFO - Processing file /home/airflow/.local/lib/python3.7/site-packages/airflow/example_dags/example_nested_branch_dag.py for tasks to queue
[2022-12-21 17:10:42,880] {logging_mixin.py:115} INFO - [2022-12-21 17:10:42,880] {dagbag.py:507} INFO - Filling up the DagBag from /home/airflow/.local/lib/python3.7/site-packages/airflow/example_dags/example_nested_branch_dag.py
[2022-12-21 17:10:42,888] {processor.py:651} INFO - DAG(s) dict_keys(['example_nested_branch_dag']) retrieved from /home/airflow/.local/lib/python3.7/site-packages/airflow/example_dags/example_nested_branch_dag.py
[2022-12-21 17:10:42,910] {logging_mixin.py:115} INFO - [2022-12-21 17:10:42,910] {dag.py:2371} INFO - Sync 1 DAGs
[2022-12-21 17:10:42,933] {logging_mixin.py:115} INFO - [2022-12-21 17:10:42,933] {dag.py:2919} INFO - Setting next_dagrun for example_nested_branch_dag to 2022-12-20T00:00:00+00:00, run_after=2022-12-21T00:00:00+00:00
[2022-12-21 17:10:42,942] {processor.py:161} INFO - Processing /home/airflow/.local/lib/python3.7/site-packages/airflow/example_dags/example_nested_branch_dag.py took 0.066 seconds
[2022-12-21 17:11:13,502] {processor.py:153} INFO - Started process (PID=24096) to work on /home/airflow/.local/lib/python3.7/site-packages/airflow/example_dags/example_nested_branch_dag.py
[2022-12-21 17:11:13,503] {processor.py:641} INFO - Processing file /home/airflow/.local/lib/python3.7/site-packages/airflow/example_dags/example_nested_branch_dag.py for tasks to queue
[2022-12-21 17:11:13,503] {logging_mixin.py:115} INFO - [2022-12-21 17:11:13,503] {dagbag.py:507} INFO - Filling up the DagBag from /home/airflow/.local/lib/python3.7/site-packages/airflow/example_dags/example_nested_branch_dag.py
[2022-12-21 17:11:13,512] {processor.py:651} INFO - DAG(s) dict_keys(['example_nested_branch_dag']) retrieved from /home/airflow/.local/lib/python3.7/site-packages/airflow/example_dags/example_nested_branch_dag.py
[2022-12-21 17:11:13,536] {logging_mixin.py:115} INFO - [2022-12-21 17:11:13,536] {dag.py:2371} INFO - Sync 1 DAGs
[2022-12-21 17:11:13,556] {logging_mixin.py:115} INFO - [2022-12-21 17:11:13,556] {dag.py:2919} INFO - Setting next_dagrun for example_nested_branch_dag to 2022-12-20T00:00:00+00:00, run_after=2022-12-21T00:00:00+00:00
[2022-12-21 17:11:13,566] {processor.py:161} INFO - Processing /home/airflow/.local/lib/python3.7/site-packages/airflow/example_dags/example_nested_branch_dag.py took 0.067 seconds
[2022-12-21 17:11:44,125] {processor.py:153} INFO - Started process (PID=24162) to work on /home/airflow/.local/lib/python3.7/site-packages/airflow/example_dags/example_nested_branch_dag.py
[2022-12-21 17:11:44,126] {processor.py:641} INFO - Processing file /home/airflow/.local/lib/python3.7/site-packages/airflow/example_dags/example_nested_branch_dag.py for tasks to queue
[2022-12-21 17:11:44,126] {logging_mixin.py:115} INFO - [2022-12-21 17:11:44,126] {dagbag.py:507} INFO - Filling up the DagBag from /home/airflow/.local/lib/python3.7/site-packages/airflow/example_dags/example_nested_branch_dag.py
[2022-12-21 17:11:44,133] {processor.py:651} INFO - DAG(s) dict_keys(['example_nested_branch_dag']) retrieved from /home/airflow/.local/lib/python3.7/site-packages/airflow/example_dags/example_nested_branch_dag.py
[2022-12-21 17:11:44,152] {logging_mixin.py:115} INFO - [2022-12-21 17:11:44,152] {dag.py:2371} INFO - Sync 1 DAGs
[2022-12-21 17:11:44,169] {logging_mixin.py:115} INFO - [2022-12-21 17:11:44,169] {dag.py:2919} INFO - Setting next_dagrun for example_nested_branch_dag to 2022-12-20T00:00:00+00:00, run_after=2022-12-21T00:00:00+00:00
[2022-12-21 17:11:44,178] {processor.py:161} INFO - Processing /home/airflow/.local/lib/python3.7/site-packages/airflow/example_dags/example_nested_branch_dag.py took 0.055 seconds
[2022-12-21 17:12:14,741] {processor.py:153} INFO - Started process (PID=24228) to work on /home/airflow/.local/lib/python3.7/site-packages/airflow/example_dags/example_nested_branch_dag.py
[2022-12-21 17:12:14,742] {processor.py:641} INFO - Processing file /home/airflow/.local/lib/python3.7/site-packages/airflow/example_dags/example_nested_branch_dag.py for tasks to queue
[2022-12-21 17:12:14,742] {logging_mixin.py:115} INFO - [2022-12-21 17:12:14,742] {dagbag.py:507} INFO - Filling up the DagBag from /home/airflow/.local/lib/python3.7/site-packages/airflow/example_dags/example_nested_branch_dag.py
[2022-12-21 17:12:14,749] {processor.py:651} INFO - DAG(s) dict_keys(['example_nested_branch_dag']) retrieved from /home/airflow/.local/lib/python3.7/site-packages/airflow/example_dags/example_nested_branch_dag.py
[2022-12-21 17:12:14,768] {logging_mixin.py:115} INFO - [2022-12-21 17:12:14,768] {dag.py:2371} INFO - Sync 1 DAGs
[2022-12-21 17:12:14,787] {logging_mixin.py:115} INFO - [2022-12-21 17:12:14,787] {dag.py:2919} INFO - Setting next_dagrun for example_nested_branch_dag to 2022-12-20T00:00:00+00:00, run_after=2022-12-21T00:00:00+00:00
[2022-12-21 17:12:14,797] {processor.py:161} INFO - Processing /home/airflow/.local/lib/python3.7/site-packages/airflow/example_dags/example_nested_branch_dag.py took 0.059 seconds
[2022-12-21 17:12:45,262] {processor.py:153} INFO - Started process (PID=24295) to work on /home/airflow/.local/lib/python3.7/site-packages/airflow/example_dags/example_nested_branch_dag.py
[2022-12-21 17:12:45,262] {processor.py:641} INFO - Processing file /home/airflow/.local/lib/python3.7/site-packages/airflow/example_dags/example_nested_branch_dag.py for tasks to queue
[2022-12-21 17:12:45,263] {logging_mixin.py:115} INFO - [2022-12-21 17:12:45,263] {dagbag.py:507} INFO - Filling up the DagBag from /home/airflow/.local/lib/python3.7/site-packages/airflow/example_dags/example_nested_branch_dag.py
[2022-12-21 17:12:45,271] {processor.py:651} INFO - DAG(s) dict_keys(['example_nested_branch_dag']) retrieved from /home/airflow/.local/lib/python3.7/site-packages/airflow/example_dags/example_nested_branch_dag.py
[2022-12-21 17:12:45,295] {logging_mixin.py:115} INFO - [2022-12-21 17:12:45,294] {dag.py:2371} INFO - Sync 1 DAGs
[2022-12-21 17:12:45,315] {logging_mixin.py:115} INFO - [2022-12-21 17:12:45,315] {dag.py:2919} INFO - Setting next_dagrun for example_nested_branch_dag to 2022-12-20T00:00:00+00:00, run_after=2022-12-21T00:00:00+00:00
[2022-12-21 17:12:45,325] {processor.py:161} INFO - Processing /home/airflow/.local/lib/python3.7/site-packages/airflow/example_dags/example_nested_branch_dag.py took 0.066 seconds
[2022-12-21 17:13:15,717] {processor.py:153} INFO - Started process (PID=24351) to work on /home/airflow/.local/lib/python3.7/site-packages/airflow/example_dags/example_nested_branch_dag.py
[2022-12-21 17:13:15,718] {processor.py:641} INFO - Processing file /home/airflow/.local/lib/python3.7/site-packages/airflow/example_dags/example_nested_branch_dag.py for tasks to queue
[2022-12-21 17:13:15,719] {logging_mixin.py:115} INFO - [2022-12-21 17:13:15,719] {dagbag.py:507} INFO - Filling up the DagBag from /home/airflow/.local/lib/python3.7/site-packages/airflow/example_dags/example_nested_branch_dag.py
[2022-12-21 17:13:15,727] {processor.py:651} INFO - DAG(s) dict_keys(['example_nested_branch_dag']) retrieved from /home/airflow/.local/lib/python3.7/site-packages/airflow/example_dags/example_nested_branch_dag.py
[2022-12-21 17:13:15,751] {logging_mixin.py:115} INFO - [2022-12-21 17:13:15,751] {dag.py:2371} INFO - Sync 1 DAGs
[2022-12-21 17:13:15,777] {logging_mixin.py:115} INFO - [2022-12-21 17:13:15,777] {dag.py:2919} INFO - Setting next_dagrun for example_nested_branch_dag to 2022-12-20T00:00:00+00:00, run_after=2022-12-21T00:00:00+00:00
[2022-12-21 17:13:15,789] {processor.py:161} INFO - Processing /home/airflow/.local/lib/python3.7/site-packages/airflow/example_dags/example_nested_branch_dag.py took 0.074 seconds
[2022-12-21 17:13:46,353] {processor.py:153} INFO - Started process (PID=24417) to work on /home/airflow/.local/lib/python3.7/site-packages/airflow/example_dags/example_nested_branch_dag.py
[2022-12-21 17:13:46,353] {processor.py:641} INFO - Processing file /home/airflow/.local/lib/python3.7/site-packages/airflow/example_dags/example_nested_branch_dag.py for tasks to queue
[2022-12-21 17:13:46,354] {logging_mixin.py:115} INFO - [2022-12-21 17:13:46,354] {dagbag.py:507} INFO - Filling up the DagBag from /home/airflow/.local/lib/python3.7/site-packages/airflow/example_dags/example_nested_branch_dag.py
[2022-12-21 17:13:46,363] {processor.py:651} INFO - DAG(s) dict_keys(['example_nested_branch_dag']) retrieved from /home/airflow/.local/lib/python3.7/site-packages/airflow/example_dags/example_nested_branch_dag.py
[2022-12-21 17:13:46,385] {logging_mixin.py:115} INFO - [2022-12-21 17:13:46,385] {dag.py:2371} INFO - Sync 1 DAGs
[2022-12-21 17:13:46,404] {logging_mixin.py:115} INFO - [2022-12-21 17:13:46,404] {dag.py:2919} INFO - Setting next_dagrun for example_nested_branch_dag to 2022-12-20T00:00:00+00:00, run_after=2022-12-21T00:00:00+00:00
[2022-12-21 17:13:46,414] {processor.py:161} INFO - Processing /home/airflow/.local/lib/python3.7/site-packages/airflow/example_dags/example_nested_branch_dag.py took 0.064 seconds
[2022-12-21 17:14:17,000] {processor.py:153} INFO - Started process (PID=24484) to work on /home/airflow/.local/lib/python3.7/site-packages/airflow/example_dags/example_nested_branch_dag.py
[2022-12-21 17:14:17,001] {processor.py:641} INFO - Processing file /home/airflow/.local/lib/python3.7/site-packages/airflow/example_dags/example_nested_branch_dag.py for tasks to queue
[2022-12-21 17:14:17,001] {logging_mixin.py:115} INFO - [2022-12-21 17:14:17,001] {dagbag.py:507} INFO - Filling up the DagBag from /home/airflow/.local/lib/python3.7/site-packages/airflow/example_dags/example_nested_branch_dag.py
[2022-12-21 17:14:17,009] {processor.py:651} INFO - DAG(s) dict_keys(['example_nested_branch_dag']) retrieved from /home/airflow/.local/lib/python3.7/site-packages/airflow/example_dags/example_nested_branch_dag.py
[2022-12-21 17:14:17,030] {logging_mixin.py:115} INFO - [2022-12-21 17:14:17,030] {dag.py:2371} INFO - Sync 1 DAGs
[2022-12-21 17:14:17,048] {logging_mixin.py:115} INFO - [2022-12-21 17:14:17,048] {dag.py:2919} INFO - Setting next_dagrun for example_nested_branch_dag to 2022-12-20T00:00:00+00:00, run_after=2022-12-21T00:00:00+00:00
[2022-12-21 17:14:17,065] {processor.py:161} INFO - Processing /home/airflow/.local/lib/python3.7/site-packages/airflow/example_dags/example_nested_branch_dag.py took 0.068 seconds
[2022-12-21 17:14:47,825] {processor.py:153} INFO - Started process (PID=24550) to work on /home/airflow/.local/lib/python3.7/site-packages/airflow/example_dags/example_nested_branch_dag.py
[2022-12-21 17:14:47,826] {processor.py:641} INFO - Processing file /home/airflow/.local/lib/python3.7/site-packages/airflow/example_dags/example_nested_branch_dag.py for tasks to queue
[2022-12-21 17:14:47,826] {logging_mixin.py:115} INFO - [2022-12-21 17:14:47,826] {dagbag.py:507} INFO - Filling up the DagBag from /home/airflow/.local/lib/python3.7/site-packages/airflow/example_dags/example_nested_branch_dag.py
[2022-12-21 17:14:47,833] {processor.py:651} INFO - DAG(s) dict_keys(['example_nested_branch_dag']) retrieved from /home/airflow/.local/lib/python3.7/site-packages/airflow/example_dags/example_nested_branch_dag.py
[2022-12-21 17:14:47,855] {logging_mixin.py:115} INFO - [2022-12-21 17:14:47,855] {dag.py:2371} INFO - Sync 1 DAGs
[2022-12-21 17:14:47,875] {logging_mixin.py:115} INFO - [2022-12-21 17:14:47,874] {dag.py:2919} INFO - Setting next_dagrun for example_nested_branch_dag to 2022-12-20T00:00:00+00:00, run_after=2022-12-21T00:00:00+00:00
[2022-12-21 17:14:47,884] {processor.py:161} INFO - Processing /home/airflow/.local/lib/python3.7/site-packages/airflow/example_dags/example_nested_branch_dag.py took 0.061 seconds
[2022-12-21 17:15:18,390] {processor.py:153} INFO - Started process (PID=24606) to work on /home/airflow/.local/lib/python3.7/site-packages/airflow/example_dags/example_nested_branch_dag.py
[2022-12-21 17:15:18,391] {processor.py:641} INFO - Processing file /home/airflow/.local/lib/python3.7/site-packages/airflow/example_dags/example_nested_branch_dag.py for tasks to queue
[2022-12-21 17:15:18,391] {logging_mixin.py:115} INFO - [2022-12-21 17:15:18,391] {dagbag.py:507} INFO - Filling up the DagBag from /home/airflow/.local/lib/python3.7/site-packages/airflow/example_dags/example_nested_branch_dag.py
[2022-12-21 17:15:18,398] {processor.py:651} INFO - DAG(s) dict_keys(['example_nested_branch_dag']) retrieved from /home/airflow/.local/lib/python3.7/site-packages/airflow/example_dags/example_nested_branch_dag.py
[2022-12-21 17:15:18,417] {logging_mixin.py:115} INFO - [2022-12-21 17:15:18,417] {dag.py:2371} INFO - Sync 1 DAGs
[2022-12-21 17:15:18,436] {logging_mixin.py:115} INFO - [2022-12-21 17:15:18,436] {dag.py:2919} INFO - Setting next_dagrun for example_nested_branch_dag to 2022-12-20T00:00:00+00:00, run_after=2022-12-21T00:00:00+00:00
[2022-12-21 17:15:18,447] {processor.py:161} INFO - Processing /home/airflow/.local/lib/python3.7/site-packages/airflow/example_dags/example_nested_branch_dag.py took 0.060 seconds
[2022-12-21 17:15:49,014] {processor.py:153} INFO - Started process (PID=24672) to work on /home/airflow/.local/lib/python3.7/site-packages/airflow/example_dags/example_nested_branch_dag.py
[2022-12-21 17:15:49,014] {processor.py:641} INFO - Processing file /home/airflow/.local/lib/python3.7/site-packages/airflow/example_dags/example_nested_branch_dag.py for tasks to queue
[2022-12-21 17:15:49,015] {logging_mixin.py:115} INFO - [2022-12-21 17:15:49,015] {dagbag.py:507} INFO - Filling up the DagBag from /home/airflow/.local/lib/python3.7/site-packages/airflow/example_dags/example_nested_branch_dag.py
[2022-12-21 17:15:49,024] {processor.py:651} INFO - DAG(s) dict_keys(['example_nested_branch_dag']) retrieved from /home/airflow/.local/lib/python3.7/site-packages/airflow/example_dags/example_nested_branch_dag.py
[2022-12-21 17:15:49,044] {logging_mixin.py:115} INFO - [2022-12-21 17:15:49,044] {dag.py:2371} INFO - Sync 1 DAGs
[2022-12-21 17:15:49,063] {logging_mixin.py:115} INFO - [2022-12-21 17:15:49,063] {dag.py:2919} INFO - Setting next_dagrun for example_nested_branch_dag to 2022-12-20T00:00:00+00:00, run_after=2022-12-21T00:00:00+00:00
[2022-12-21 17:15:49,074] {processor.py:161} INFO - Processing /home/airflow/.local/lib/python3.7/site-packages/airflow/example_dags/example_nested_branch_dag.py took 0.064 seconds
[2022-12-21 17:16:19,742] {processor.py:153} INFO - Started process (PID=24738) to work on /home/airflow/.local/lib/python3.7/site-packages/airflow/example_dags/example_nested_branch_dag.py
[2022-12-21 17:16:19,743] {processor.py:641} INFO - Processing file /home/airflow/.local/lib/python3.7/site-packages/airflow/example_dags/example_nested_branch_dag.py for tasks to queue
[2022-12-21 17:16:19,743] {logging_mixin.py:115} INFO - [2022-12-21 17:16:19,743] {dagbag.py:507} INFO - Filling up the DagBag from /home/airflow/.local/lib/python3.7/site-packages/airflow/example_dags/example_nested_branch_dag.py
[2022-12-21 17:16:19,754] {processor.py:651} INFO - DAG(s) dict_keys(['example_nested_branch_dag']) retrieved from /home/airflow/.local/lib/python3.7/site-packages/airflow/example_dags/example_nested_branch_dag.py
[2022-12-21 17:16:19,777] {logging_mixin.py:115} INFO - [2022-12-21 17:16:19,777] {dag.py:2371} INFO - Sync 1 DAGs
[2022-12-21 17:16:19,798] {logging_mixin.py:115} INFO - [2022-12-21 17:16:19,798] {dag.py:2919} INFO - Setting next_dagrun for example_nested_branch_dag to 2022-12-20T00:00:00+00:00, run_after=2022-12-21T00:00:00+00:00
[2022-12-21 17:16:19,809] {processor.py:161} INFO - Processing /home/airflow/.local/lib/python3.7/site-packages/airflow/example_dags/example_nested_branch_dag.py took 0.071 seconds
[2022-12-21 17:16:50,402] {processor.py:153} INFO - Started process (PID=24805) to work on /home/airflow/.local/lib/python3.7/site-packages/airflow/example_dags/example_nested_branch_dag.py
[2022-12-21 17:16:50,403] {processor.py:641} INFO - Processing file /home/airflow/.local/lib/python3.7/site-packages/airflow/example_dags/example_nested_branch_dag.py for tasks to queue
[2022-12-21 17:16:50,403] {logging_mixin.py:115} INFO - [2022-12-21 17:16:50,403] {dagbag.py:507} INFO - Filling up the DagBag from /home/airflow/.local/lib/python3.7/site-packages/airflow/example_dags/example_nested_branch_dag.py
[2022-12-21 17:16:50,413] {processor.py:651} INFO - DAG(s) dict_keys(['example_nested_branch_dag']) retrieved from /home/airflow/.local/lib/python3.7/site-packages/airflow/example_dags/example_nested_branch_dag.py
[2022-12-21 17:16:50,436] {logging_mixin.py:115} INFO - [2022-12-21 17:16:50,436] {dag.py:2371} INFO - Sync 1 DAGs
[2022-12-21 17:16:50,453] {logging_mixin.py:115} INFO - [2022-12-21 17:16:50,453] {dag.py:2919} INFO - Setting next_dagrun for example_nested_branch_dag to 2022-12-20T00:00:00+00:00, run_after=2022-12-21T00:00:00+00:00
[2022-12-21 17:16:50,463] {processor.py:161} INFO - Processing /home/airflow/.local/lib/python3.7/site-packages/airflow/example_dags/example_nested_branch_dag.py took 0.064 seconds
[2022-12-21 17:17:21,067] {processor.py:153} INFO - Started process (PID=24861) to work on /home/airflow/.local/lib/python3.7/site-packages/airflow/example_dags/example_nested_branch_dag.py
[2022-12-21 17:17:21,068] {processor.py:641} INFO - Processing file /home/airflow/.local/lib/python3.7/site-packages/airflow/example_dags/example_nested_branch_dag.py for tasks to queue
[2022-12-21 17:17:21,068] {logging_mixin.py:115} INFO - [2022-12-21 17:17:21,068] {dagbag.py:507} INFO - Filling up the DagBag from /home/airflow/.local/lib/python3.7/site-packages/airflow/example_dags/example_nested_branch_dag.py
[2022-12-21 17:17:21,075] {processor.py:651} INFO - DAG(s) dict_keys(['example_nested_branch_dag']) retrieved from /home/airflow/.local/lib/python3.7/site-packages/airflow/example_dags/example_nested_branch_dag.py
[2022-12-21 17:17:21,097] {logging_mixin.py:115} INFO - [2022-12-21 17:17:21,097] {dag.py:2371} INFO - Sync 1 DAGs
[2022-12-21 17:17:21,113] {logging_mixin.py:115} INFO - [2022-12-21 17:17:21,113] {dag.py:2919} INFO - Setting next_dagrun for example_nested_branch_dag to 2022-12-20T00:00:00+00:00, run_after=2022-12-21T00:00:00+00:00
[2022-12-21 17:17:21,123] {processor.py:161} INFO - Processing /home/airflow/.local/lib/python3.7/site-packages/airflow/example_dags/example_nested_branch_dag.py took 0.058 seconds
[2022-12-21 17:17:51,634] {processor.py:153} INFO - Started process (PID=24928) to work on /home/airflow/.local/lib/python3.7/site-packages/airflow/example_dags/example_nested_branch_dag.py
[2022-12-21 17:17:51,634] {processor.py:641} INFO - Processing file /home/airflow/.local/lib/python3.7/site-packages/airflow/example_dags/example_nested_branch_dag.py for tasks to queue
[2022-12-21 17:17:51,635] {logging_mixin.py:115} INFO - [2022-12-21 17:17:51,635] {dagbag.py:507} INFO - Filling up the DagBag from /home/airflow/.local/lib/python3.7/site-packages/airflow/example_dags/example_nested_branch_dag.py
[2022-12-21 17:17:51,644] {processor.py:651} INFO - DAG(s) dict_keys(['example_nested_branch_dag']) retrieved from /home/airflow/.local/lib/python3.7/site-packages/airflow/example_dags/example_nested_branch_dag.py
[2022-12-21 17:17:51,664] {logging_mixin.py:115} INFO - [2022-12-21 17:17:51,664] {dag.py:2371} INFO - Sync 1 DAGs
[2022-12-21 17:17:51,681] {logging_mixin.py:115} INFO - [2022-12-21 17:17:51,681] {dag.py:2919} INFO - Setting next_dagrun for example_nested_branch_dag to 2022-12-20T00:00:00+00:00, run_after=2022-12-21T00:00:00+00:00
[2022-12-21 17:17:51,691] {processor.py:161} INFO - Processing /home/airflow/.local/lib/python3.7/site-packages/airflow/example_dags/example_nested_branch_dag.py took 0.059 seconds
[2022-12-21 17:18:22,468] {processor.py:153} INFO - Started process (PID=24998) to work on /home/airflow/.local/lib/python3.7/site-packages/airflow/example_dags/example_nested_branch_dag.py
[2022-12-21 17:18:22,469] {processor.py:641} INFO - Processing file /home/airflow/.local/lib/python3.7/site-packages/airflow/example_dags/example_nested_branch_dag.py for tasks to queue
[2022-12-21 17:18:22,469] {logging_mixin.py:115} INFO - [2022-12-21 17:18:22,469] {dagbag.py:507} INFO - Filling up the DagBag from /home/airflow/.local/lib/python3.7/site-packages/airflow/example_dags/example_nested_branch_dag.py
[2022-12-21 17:18:22,478] {processor.py:651} INFO - DAG(s) dict_keys(['example_nested_branch_dag']) retrieved from /home/airflow/.local/lib/python3.7/site-packages/airflow/example_dags/example_nested_branch_dag.py
[2022-12-21 17:18:22,500] {logging_mixin.py:115} INFO - [2022-12-21 17:18:22,500] {dag.py:2371} INFO - Sync 1 DAGs
[2022-12-21 17:18:22,521] {logging_mixin.py:115} INFO - [2022-12-21 17:18:22,521] {dag.py:2919} INFO - Setting next_dagrun for example_nested_branch_dag to 2022-12-20T00:00:00+00:00, run_after=2022-12-21T00:00:00+00:00
[2022-12-21 17:18:22,533] {processor.py:161} INFO - Processing /home/airflow/.local/lib/python3.7/site-packages/airflow/example_dags/example_nested_branch_dag.py took 0.068 seconds
[2022-12-21 17:18:53,187] {processor.py:153} INFO - Started process (PID=25065) to work on /home/airflow/.local/lib/python3.7/site-packages/airflow/example_dags/example_nested_branch_dag.py
[2022-12-21 17:18:53,187] {processor.py:641} INFO - Processing file /home/airflow/.local/lib/python3.7/site-packages/airflow/example_dags/example_nested_branch_dag.py for tasks to queue
[2022-12-21 17:18:53,188] {logging_mixin.py:115} INFO - [2022-12-21 17:18:53,188] {dagbag.py:507} INFO - Filling up the DagBag from /home/airflow/.local/lib/python3.7/site-packages/airflow/example_dags/example_nested_branch_dag.py
[2022-12-21 17:18:53,195] {processor.py:651} INFO - DAG(s) dict_keys(['example_nested_branch_dag']) retrieved from /home/airflow/.local/lib/python3.7/site-packages/airflow/example_dags/example_nested_branch_dag.py
[2022-12-21 17:18:53,215] {logging_mixin.py:115} INFO - [2022-12-21 17:18:53,215] {dag.py:2371} INFO - Sync 1 DAGs
[2022-12-21 17:18:53,237] {logging_mixin.py:115} INFO - [2022-12-21 17:18:53,237] {dag.py:2919} INFO - Setting next_dagrun for example_nested_branch_dag to 2022-12-20T00:00:00+00:00, run_after=2022-12-21T00:00:00+00:00
[2022-12-21 17:18:53,251] {processor.py:161} INFO - Processing /home/airflow/.local/lib/python3.7/site-packages/airflow/example_dags/example_nested_branch_dag.py took 0.067 seconds
[2022-12-21 17:19:23,954] {processor.py:153} INFO - Started process (PID=25124) to work on /home/airflow/.local/lib/python3.7/site-packages/airflow/example_dags/example_nested_branch_dag.py
[2022-12-21 17:19:23,955] {processor.py:641} INFO - Processing file /home/airflow/.local/lib/python3.7/site-packages/airflow/example_dags/example_nested_branch_dag.py for tasks to queue
[2022-12-21 17:19:23,955] {logging_mixin.py:115} INFO - [2022-12-21 17:19:23,955] {dagbag.py:507} INFO - Filling up the DagBag from /home/airflow/.local/lib/python3.7/site-packages/airflow/example_dags/example_nested_branch_dag.py
[2022-12-21 17:19:23,965] {processor.py:651} INFO - DAG(s) dict_keys(['example_nested_branch_dag']) retrieved from /home/airflow/.local/lib/python3.7/site-packages/airflow/example_dags/example_nested_branch_dag.py
[2022-12-21 17:19:23,989] {logging_mixin.py:115} INFO - [2022-12-21 17:19:23,989] {dag.py:2371} INFO - Sync 1 DAGs
[2022-12-21 17:19:24,007] {logging_mixin.py:115} INFO - [2022-12-21 17:19:24,007] {dag.py:2919} INFO - Setting next_dagrun for example_nested_branch_dag to 2022-12-20T00:00:00+00:00, run_after=2022-12-21T00:00:00+00:00
[2022-12-21 17:19:24,017] {processor.py:161} INFO - Processing /home/airflow/.local/lib/python3.7/site-packages/airflow/example_dags/example_nested_branch_dag.py took 0.065 seconds
[2022-12-21 17:19:54,641] {processor.py:153} INFO - Started process (PID=25192) to work on /home/airflow/.local/lib/python3.7/site-packages/airflow/example_dags/example_nested_branch_dag.py
[2022-12-21 17:19:54,642] {processor.py:641} INFO - Processing file /home/airflow/.local/lib/python3.7/site-packages/airflow/example_dags/example_nested_branch_dag.py for tasks to queue
[2022-12-21 17:19:54,642] {logging_mixin.py:115} INFO - [2022-12-21 17:19:54,642] {dagbag.py:507} INFO - Filling up the DagBag from /home/airflow/.local/lib/python3.7/site-packages/airflow/example_dags/example_nested_branch_dag.py
[2022-12-21 17:19:54,651] {processor.py:651} INFO - DAG(s) dict_keys(['example_nested_branch_dag']) retrieved from /home/airflow/.local/lib/python3.7/site-packages/airflow/example_dags/example_nested_branch_dag.py
[2022-12-21 17:19:54,673] {logging_mixin.py:115} INFO - [2022-12-21 17:19:54,673] {dag.py:2371} INFO - Sync 1 DAGs
[2022-12-21 17:19:54,692] {logging_mixin.py:115} INFO - [2022-12-21 17:19:54,692] {dag.py:2919} INFO - Setting next_dagrun for example_nested_branch_dag to 2022-12-20T00:00:00+00:00, run_after=2022-12-21T00:00:00+00:00
[2022-12-21 17:19:54,704] {processor.py:161} INFO - Processing /home/airflow/.local/lib/python3.7/site-packages/airflow/example_dags/example_nested_branch_dag.py took 0.065 seconds
[2022-12-21 17:20:25,312] {processor.py:153} INFO - Started process (PID=25258) to work on /home/airflow/.local/lib/python3.7/site-packages/airflow/example_dags/example_nested_branch_dag.py
[2022-12-21 17:20:25,313] {processor.py:641} INFO - Processing file /home/airflow/.local/lib/python3.7/site-packages/airflow/example_dags/example_nested_branch_dag.py for tasks to queue
[2022-12-21 17:20:25,313] {logging_mixin.py:115} INFO - [2022-12-21 17:20:25,313] {dagbag.py:507} INFO - Filling up the DagBag from /home/airflow/.local/lib/python3.7/site-packages/airflow/example_dags/example_nested_branch_dag.py
[2022-12-21 17:20:25,321] {processor.py:651} INFO - DAG(s) dict_keys(['example_nested_branch_dag']) retrieved from /home/airflow/.local/lib/python3.7/site-packages/airflow/example_dags/example_nested_branch_dag.py
[2022-12-21 17:20:25,342] {logging_mixin.py:115} INFO - [2022-12-21 17:20:25,342] {dag.py:2371} INFO - Sync 1 DAGs
[2022-12-21 17:20:25,358] {logging_mixin.py:115} INFO - [2022-12-21 17:20:25,358] {dag.py:2919} INFO - Setting next_dagrun for example_nested_branch_dag to 2022-12-20T00:00:00+00:00, run_after=2022-12-21T00:00:00+00:00
[2022-12-21 17:20:25,368] {processor.py:161} INFO - Processing /home/airflow/.local/lib/python3.7/site-packages/airflow/example_dags/example_nested_branch_dag.py took 0.058 seconds
[2022-12-21 17:20:56,135] {processor.py:153} INFO - Started process (PID=25326) to work on /home/airflow/.local/lib/python3.7/site-packages/airflow/example_dags/example_nested_branch_dag.py
[2022-12-21 17:20:56,136] {processor.py:641} INFO - Processing file /home/airflow/.local/lib/python3.7/site-packages/airflow/example_dags/example_nested_branch_dag.py for tasks to queue
[2022-12-21 17:20:56,136] {logging_mixin.py:115} INFO - [2022-12-21 17:20:56,136] {dagbag.py:507} INFO - Filling up the DagBag from /home/airflow/.local/lib/python3.7/site-packages/airflow/example_dags/example_nested_branch_dag.py
[2022-12-21 17:20:56,143] {processor.py:651} INFO - DAG(s) dict_keys(['example_nested_branch_dag']) retrieved from /home/airflow/.local/lib/python3.7/site-packages/airflow/example_dags/example_nested_branch_dag.py
[2022-12-21 17:20:56,164] {logging_mixin.py:115} INFO - [2022-12-21 17:20:56,164] {dag.py:2371} INFO - Sync 1 DAGs
[2022-12-21 17:20:56,181] {logging_mixin.py:115} INFO - [2022-12-21 17:20:56,181] {dag.py:2919} INFO - Setting next_dagrun for example_nested_branch_dag to 2022-12-20T00:00:00+00:00, run_after=2022-12-21T00:00:00+00:00
[2022-12-21 17:20:56,191] {processor.py:161} INFO - Processing /home/airflow/.local/lib/python3.7/site-packages/airflow/example_dags/example_nested_branch_dag.py took 0.058 seconds
[2022-12-21 17:21:26,606] {processor.py:153} INFO - Started process (PID=25382) to work on /home/airflow/.local/lib/python3.7/site-packages/airflow/example_dags/example_nested_branch_dag.py
[2022-12-21 17:21:26,607] {processor.py:641} INFO - Processing file /home/airflow/.local/lib/python3.7/site-packages/airflow/example_dags/example_nested_branch_dag.py for tasks to queue
[2022-12-21 17:21:26,607] {logging_mixin.py:115} INFO - [2022-12-21 17:21:26,607] {dagbag.py:507} INFO - Filling up the DagBag from /home/airflow/.local/lib/python3.7/site-packages/airflow/example_dags/example_nested_branch_dag.py
[2022-12-21 17:21:26,615] {processor.py:651} INFO - DAG(s) dict_keys(['example_nested_branch_dag']) retrieved from /home/airflow/.local/lib/python3.7/site-packages/airflow/example_dags/example_nested_branch_dag.py
[2022-12-21 17:21:26,637] {logging_mixin.py:115} INFO - [2022-12-21 17:21:26,637] {dag.py:2371} INFO - Sync 1 DAGs
[2022-12-21 17:21:26,657] {logging_mixin.py:115} INFO - [2022-12-21 17:21:26,657] {dag.py:2919} INFO - Setting next_dagrun for example_nested_branch_dag to 2022-12-20T00:00:00+00:00, run_after=2022-12-21T00:00:00+00:00
[2022-12-21 17:21:26,667] {processor.py:161} INFO - Processing /home/airflow/.local/lib/python3.7/site-packages/airflow/example_dags/example_nested_branch_dag.py took 0.063 seconds
[2022-12-21 17:21:57,087] {processor.py:153} INFO - Started process (PID=25448) to work on /home/airflow/.local/lib/python3.7/site-packages/airflow/example_dags/example_nested_branch_dag.py
[2022-12-21 17:21:57,088] {processor.py:641} INFO - Processing file /home/airflow/.local/lib/python3.7/site-packages/airflow/example_dags/example_nested_branch_dag.py for tasks to queue
[2022-12-21 17:21:57,088] {logging_mixin.py:115} INFO - [2022-12-21 17:21:57,088] {dagbag.py:507} INFO - Filling up the DagBag from /home/airflow/.local/lib/python3.7/site-packages/airflow/example_dags/example_nested_branch_dag.py
[2022-12-21 17:21:57,095] {processor.py:651} INFO - DAG(s) dict_keys(['example_nested_branch_dag']) retrieved from /home/airflow/.local/lib/python3.7/site-packages/airflow/example_dags/example_nested_branch_dag.py
[2022-12-21 17:21:57,116] {logging_mixin.py:115} INFO - [2022-12-21 17:21:57,116] {dag.py:2371} INFO - Sync 1 DAGs
[2022-12-21 17:21:57,132] {logging_mixin.py:115} INFO - [2022-12-21 17:21:57,132] {dag.py:2919} INFO - Setting next_dagrun for example_nested_branch_dag to 2022-12-20T00:00:00+00:00, run_after=2022-12-21T00:00:00+00:00
[2022-12-21 17:21:57,140] {processor.py:161} INFO - Processing /home/airflow/.local/lib/python3.7/site-packages/airflow/example_dags/example_nested_branch_dag.py took 0.055 seconds
[2022-12-21 17:22:27,552] {processor.py:153} INFO - Started process (PID=25516) to work on /home/airflow/.local/lib/python3.7/site-packages/airflow/example_dags/example_nested_branch_dag.py
[2022-12-21 17:22:27,553] {processor.py:641} INFO - Processing file /home/airflow/.local/lib/python3.7/site-packages/airflow/example_dags/example_nested_branch_dag.py for tasks to queue
[2022-12-21 17:22:27,553] {logging_mixin.py:115} INFO - [2022-12-21 17:22:27,553] {dagbag.py:507} INFO - Filling up the DagBag from /home/airflow/.local/lib/python3.7/site-packages/airflow/example_dags/example_nested_branch_dag.py
[2022-12-21 17:22:27,561] {processor.py:651} INFO - DAG(s) dict_keys(['example_nested_branch_dag']) retrieved from /home/airflow/.local/lib/python3.7/site-packages/airflow/example_dags/example_nested_branch_dag.py
[2022-12-21 17:22:27,583] {logging_mixin.py:115} INFO - [2022-12-21 17:22:27,583] {dag.py:2371} INFO - Sync 1 DAGs
[2022-12-21 17:22:27,604] {logging_mixin.py:115} INFO - [2022-12-21 17:22:27,604] {dag.py:2919} INFO - Setting next_dagrun for example_nested_branch_dag to 2022-12-20T00:00:00+00:00, run_after=2022-12-21T00:00:00+00:00
[2022-12-21 17:22:27,614] {processor.py:161} INFO - Processing /home/airflow/.local/lib/python3.7/site-packages/airflow/example_dags/example_nested_branch_dag.py took 0.064 seconds
[2022-12-21 17:22:57,832] {processor.py:153} INFO - Started process (PID=25573) to work on /home/airflow/.local/lib/python3.7/site-packages/airflow/example_dags/example_nested_branch_dag.py
[2022-12-21 17:22:57,833] {processor.py:641} INFO - Processing file /home/airflow/.local/lib/python3.7/site-packages/airflow/example_dags/example_nested_branch_dag.py for tasks to queue
[2022-12-21 17:22:57,834] {logging_mixin.py:115} INFO - [2022-12-21 17:22:57,834] {dagbag.py:507} INFO - Filling up the DagBag from /home/airflow/.local/lib/python3.7/site-packages/airflow/example_dags/example_nested_branch_dag.py
[2022-12-21 17:22:57,843] {processor.py:651} INFO - DAG(s) dict_keys(['example_nested_branch_dag']) retrieved from /home/airflow/.local/lib/python3.7/site-packages/airflow/example_dags/example_nested_branch_dag.py
[2022-12-21 17:22:57,868] {logging_mixin.py:115} INFO - [2022-12-21 17:22:57,868] {dag.py:2371} INFO - Sync 1 DAGs
[2022-12-21 17:22:57,887] {logging_mixin.py:115} INFO - [2022-12-21 17:22:57,887] {dag.py:2919} INFO - Setting next_dagrun for example_nested_branch_dag to 2022-12-20T00:00:00+00:00, run_after=2022-12-21T00:00:00+00:00
[2022-12-21 17:22:57,896] {processor.py:161} INFO - Processing /home/airflow/.local/lib/python3.7/site-packages/airflow/example_dags/example_nested_branch_dag.py took 0.067 seconds
[2022-12-21 17:23:28,800] {processor.py:153} INFO - Started process (PID=25640) to work on /home/airflow/.local/lib/python3.7/site-packages/airflow/example_dags/example_nested_branch_dag.py
[2022-12-21 17:23:28,800] {processor.py:641} INFO - Processing file /home/airflow/.local/lib/python3.7/site-packages/airflow/example_dags/example_nested_branch_dag.py for tasks to queue
[2022-12-21 17:23:28,801] {logging_mixin.py:115} INFO - [2022-12-21 17:23:28,801] {dagbag.py:507} INFO - Filling up the DagBag from /home/airflow/.local/lib/python3.7/site-packages/airflow/example_dags/example_nested_branch_dag.py
[2022-12-21 17:23:28,808] {processor.py:651} INFO - DAG(s) dict_keys(['example_nested_branch_dag']) retrieved from /home/airflow/.local/lib/python3.7/site-packages/airflow/example_dags/example_nested_branch_dag.py
[2022-12-21 17:23:28,829] {logging_mixin.py:115} INFO - [2022-12-21 17:23:28,829] {dag.py:2371} INFO - Sync 1 DAGs
[2022-12-21 17:23:28,849] {logging_mixin.py:115} INFO - [2022-12-21 17:23:28,849] {dag.py:2919} INFO - Setting next_dagrun for example_nested_branch_dag to 2022-12-20T00:00:00+00:00, run_after=2022-12-21T00:00:00+00:00
[2022-12-21 17:23:28,859] {processor.py:161} INFO - Processing /home/airflow/.local/lib/python3.7/site-packages/airflow/example_dags/example_nested_branch_dag.py took 0.062 seconds
