[2022-12-21 16:54:58,447] {processor.py:153} INFO - Started process (PID=22067) to work on /home/airflow/.local/lib/python3.7/site-packages/airflow/example_dags/example_branch_python_dop_operator_3.py
[2022-12-21 16:54:58,447] {processor.py:641} INFO - Processing file /home/airflow/.local/lib/python3.7/site-packages/airflow/example_dags/example_branch_python_dop_operator_3.py for tasks to queue
[2022-12-21 16:54:58,447] {logging_mixin.py:115} INFO - [2022-12-21 16:54:58,447] {dagbag.py:507} INFO - Filling up the DagBag from /home/airflow/.local/lib/python3.7/site-packages/airflow/example_dags/example_branch_python_dop_operator_3.py
[2022-12-21 16:54:58,454] {processor.py:651} INFO - DAG(s) dict_keys(['example_branch_dop_operator_v3']) retrieved from /home/airflow/.local/lib/python3.7/site-packages/airflow/example_dags/example_branch_python_dop_operator_3.py
[2022-12-21 16:54:58,473] {logging_mixin.py:115} INFO - [2022-12-21 16:54:58,472] {dag.py:2371} INFO - Sync 1 DAGs
[2022-12-21 16:54:58,492] {logging_mixin.py:115} INFO - [2022-12-21 16:54:58,492] {dag.py:2919} INFO - Setting next_dagrun for example_branch_dop_operator_v3 to 2022-12-21T16:53:00+00:00, run_after=2022-12-21T16:54:00+00:00
[2022-12-21 16:54:58,502] {processor.py:161} INFO - Processing /home/airflow/.local/lib/python3.7/site-packages/airflow/example_dags/example_branch_python_dop_operator_3.py took 0.057 seconds
[2022-12-21 16:55:29,041] {processor.py:153} INFO - Started process (PID=22133) to work on /home/airflow/.local/lib/python3.7/site-packages/airflow/example_dags/example_branch_python_dop_operator_3.py
[2022-12-21 16:55:29,041] {processor.py:641} INFO - Processing file /home/airflow/.local/lib/python3.7/site-packages/airflow/example_dags/example_branch_python_dop_operator_3.py for tasks to queue
[2022-12-21 16:55:29,042] {logging_mixin.py:115} INFO - [2022-12-21 16:55:29,042] {dagbag.py:507} INFO - Filling up the DagBag from /home/airflow/.local/lib/python3.7/site-packages/airflow/example_dags/example_branch_python_dop_operator_3.py
[2022-12-21 16:55:29,049] {processor.py:651} INFO - DAG(s) dict_keys(['example_branch_dop_operator_v3']) retrieved from /home/airflow/.local/lib/python3.7/site-packages/airflow/example_dags/example_branch_python_dop_operator_3.py
[2022-12-21 16:55:29,070] {logging_mixin.py:115} INFO - [2022-12-21 16:55:29,070] {dag.py:2371} INFO - Sync 1 DAGs
[2022-12-21 16:55:29,092] {logging_mixin.py:115} INFO - [2022-12-21 16:55:29,092] {dag.py:2919} INFO - Setting next_dagrun for example_branch_dop_operator_v3 to 2022-12-21T16:54:00+00:00, run_after=2022-12-21T16:55:00+00:00
[2022-12-21 16:55:29,101] {processor.py:161} INFO - Processing /home/airflow/.local/lib/python3.7/site-packages/airflow/example_dags/example_branch_python_dop_operator_3.py took 0.062 seconds
[2022-12-21 16:55:59,544] {processor.py:153} INFO - Started process (PID=22199) to work on /home/airflow/.local/lib/python3.7/site-packages/airflow/example_dags/example_branch_python_dop_operator_3.py
[2022-12-21 16:55:59,545] {processor.py:641} INFO - Processing file /home/airflow/.local/lib/python3.7/site-packages/airflow/example_dags/example_branch_python_dop_operator_3.py for tasks to queue
[2022-12-21 16:55:59,545] {logging_mixin.py:115} INFO - [2022-12-21 16:55:59,545] {dagbag.py:507} INFO - Filling up the DagBag from /home/airflow/.local/lib/python3.7/site-packages/airflow/example_dags/example_branch_python_dop_operator_3.py
[2022-12-21 16:55:59,552] {processor.py:651} INFO - DAG(s) dict_keys(['example_branch_dop_operator_v3']) retrieved from /home/airflow/.local/lib/python3.7/site-packages/airflow/example_dags/example_branch_python_dop_operator_3.py
[2022-12-21 16:55:59,568] {logging_mixin.py:115} INFO - [2022-12-21 16:55:59,568] {dag.py:2371} INFO - Sync 1 DAGs
[2022-12-21 16:55:59,586] {logging_mixin.py:115} INFO - [2022-12-21 16:55:59,586] {dag.py:2919} INFO - Setting next_dagrun for example_branch_dop_operator_v3 to 2022-12-21T16:54:00+00:00, run_after=2022-12-21T16:55:00+00:00
[2022-12-21 16:55:59,595] {processor.py:161} INFO - Processing /home/airflow/.local/lib/python3.7/site-packages/airflow/example_dags/example_branch_python_dop_operator_3.py took 0.053 seconds
[2022-12-21 16:56:29,855] {processor.py:153} INFO - Started process (PID=22256) to work on /home/airflow/.local/lib/python3.7/site-packages/airflow/example_dags/example_branch_python_dop_operator_3.py
[2022-12-21 16:56:29,856] {processor.py:641} INFO - Processing file /home/airflow/.local/lib/python3.7/site-packages/airflow/example_dags/example_branch_python_dop_operator_3.py for tasks to queue
[2022-12-21 16:56:29,856] {logging_mixin.py:115} INFO - [2022-12-21 16:56:29,856] {dagbag.py:507} INFO - Filling up the DagBag from /home/airflow/.local/lib/python3.7/site-packages/airflow/example_dags/example_branch_python_dop_operator_3.py
[2022-12-21 16:56:29,864] {processor.py:651} INFO - DAG(s) dict_keys(['example_branch_dop_operator_v3']) retrieved from /home/airflow/.local/lib/python3.7/site-packages/airflow/example_dags/example_branch_python_dop_operator_3.py
[2022-12-21 16:56:29,882] {logging_mixin.py:115} INFO - [2022-12-21 16:56:29,882] {dag.py:2371} INFO - Sync 1 DAGs
[2022-12-21 16:56:29,902] {logging_mixin.py:115} INFO - [2022-12-21 16:56:29,902] {dag.py:2919} INFO - Setting next_dagrun for example_branch_dop_operator_v3 to 2022-12-21T16:55:00+00:00, run_after=2022-12-21T16:56:00+00:00
[2022-12-21 16:56:29,910] {processor.py:161} INFO - Processing /home/airflow/.local/lib/python3.7/site-packages/airflow/example_dags/example_branch_python_dop_operator_3.py took 0.058 seconds
[2022-12-21 16:57:00,391] {processor.py:153} INFO - Started process (PID=22323) to work on /home/airflow/.local/lib/python3.7/site-packages/airflow/example_dags/example_branch_python_dop_operator_3.py
[2022-12-21 16:57:00,392] {processor.py:641} INFO - Processing file /home/airflow/.local/lib/python3.7/site-packages/airflow/example_dags/example_branch_python_dop_operator_3.py for tasks to queue
[2022-12-21 16:57:00,392] {logging_mixin.py:115} INFO - [2022-12-21 16:57:00,392] {dagbag.py:507} INFO - Filling up the DagBag from /home/airflow/.local/lib/python3.7/site-packages/airflow/example_dags/example_branch_python_dop_operator_3.py
[2022-12-21 16:57:00,400] {processor.py:651} INFO - DAG(s) dict_keys(['example_branch_dop_operator_v3']) retrieved from /home/airflow/.local/lib/python3.7/site-packages/airflow/example_dags/example_branch_python_dop_operator_3.py
[2022-12-21 16:57:00,420] {logging_mixin.py:115} INFO - [2022-12-21 16:57:00,420] {dag.py:2371} INFO - Sync 1 DAGs
[2022-12-21 16:57:00,439] {logging_mixin.py:115} INFO - [2022-12-21 16:57:00,439] {dag.py:2919} INFO - Setting next_dagrun for example_branch_dop_operator_v3 to 2022-12-21T16:56:00+00:00, run_after=2022-12-21T16:57:00+00:00
[2022-12-21 16:57:00,448] {processor.py:161} INFO - Processing /home/airflow/.local/lib/python3.7/site-packages/airflow/example_dags/example_branch_python_dop_operator_3.py took 0.059 seconds
[2022-12-21 16:57:30,753] {processor.py:153} INFO - Started process (PID=22390) to work on /home/airflow/.local/lib/python3.7/site-packages/airflow/example_dags/example_branch_python_dop_operator_3.py
[2022-12-21 16:57:30,754] {processor.py:641} INFO - Processing file /home/airflow/.local/lib/python3.7/site-packages/airflow/example_dags/example_branch_python_dop_operator_3.py for tasks to queue
[2022-12-21 16:57:30,754] {logging_mixin.py:115} INFO - [2022-12-21 16:57:30,754] {dagbag.py:507} INFO - Filling up the DagBag from /home/airflow/.local/lib/python3.7/site-packages/airflow/example_dags/example_branch_python_dop_operator_3.py
[2022-12-21 16:57:30,761] {processor.py:651} INFO - DAG(s) dict_keys(['example_branch_dop_operator_v3']) retrieved from /home/airflow/.local/lib/python3.7/site-packages/airflow/example_dags/example_branch_python_dop_operator_3.py
[2022-12-21 16:57:30,777] {logging_mixin.py:115} INFO - [2022-12-21 16:57:30,777] {dag.py:2371} INFO - Sync 1 DAGs
[2022-12-21 16:57:30,794] {logging_mixin.py:115} INFO - [2022-12-21 16:57:30,794] {dag.py:2919} INFO - Setting next_dagrun for example_branch_dop_operator_v3 to 2022-12-21T16:56:00+00:00, run_after=2022-12-21T16:57:00+00:00
[2022-12-21 16:57:30,804] {processor.py:161} INFO - Processing /home/airflow/.local/lib/python3.7/site-packages/airflow/example_dags/example_branch_python_dop_operator_3.py took 0.052 seconds
[2022-12-21 16:58:01,116] {processor.py:153} INFO - Started process (PID=22456) to work on /home/airflow/.local/lib/python3.7/site-packages/airflow/example_dags/example_branch_python_dop_operator_3.py
[2022-12-21 16:58:01,116] {processor.py:641} INFO - Processing file /home/airflow/.local/lib/python3.7/site-packages/airflow/example_dags/example_branch_python_dop_operator_3.py for tasks to queue
[2022-12-21 16:58:01,116] {logging_mixin.py:115} INFO - [2022-12-21 16:58:01,116] {dagbag.py:507} INFO - Filling up the DagBag from /home/airflow/.local/lib/python3.7/site-packages/airflow/example_dags/example_branch_python_dop_operator_3.py
[2022-12-21 16:58:01,123] {processor.py:651} INFO - DAG(s) dict_keys(['example_branch_dop_operator_v3']) retrieved from /home/airflow/.local/lib/python3.7/site-packages/airflow/example_dags/example_branch_python_dop_operator_3.py
[2022-12-21 16:58:01,142] {logging_mixin.py:115} INFO - [2022-12-21 16:58:01,142] {dag.py:2371} INFO - Sync 1 DAGs
[2022-12-21 16:58:01,164] {logging_mixin.py:115} INFO - [2022-12-21 16:58:01,163] {dag.py:2919} INFO - Setting next_dagrun for example_branch_dop_operator_v3 to 2022-12-21T16:57:00+00:00, run_after=2022-12-21T16:58:00+00:00
[2022-12-21 16:58:01,173] {processor.py:161} INFO - Processing /home/airflow/.local/lib/python3.7/site-packages/airflow/example_dags/example_branch_python_dop_operator_3.py took 0.060 seconds
[2022-12-21 16:58:31,598] {processor.py:153} INFO - Started process (PID=22513) to work on /home/airflow/.local/lib/python3.7/site-packages/airflow/example_dags/example_branch_python_dop_operator_3.py
[2022-12-21 16:58:31,599] {processor.py:641} INFO - Processing file /home/airflow/.local/lib/python3.7/site-packages/airflow/example_dags/example_branch_python_dop_operator_3.py for tasks to queue
[2022-12-21 16:58:31,599] {logging_mixin.py:115} INFO - [2022-12-21 16:58:31,599] {dagbag.py:507} INFO - Filling up the DagBag from /home/airflow/.local/lib/python3.7/site-packages/airflow/example_dags/example_branch_python_dop_operator_3.py
[2022-12-21 16:58:31,606] {processor.py:651} INFO - DAG(s) dict_keys(['example_branch_dop_operator_v3']) retrieved from /home/airflow/.local/lib/python3.7/site-packages/airflow/example_dags/example_branch_python_dop_operator_3.py
[2022-12-21 16:58:31,623] {logging_mixin.py:115} INFO - [2022-12-21 16:58:31,623] {dag.py:2371} INFO - Sync 1 DAGs
[2022-12-21 16:58:31,643] {logging_mixin.py:115} INFO - [2022-12-21 16:58:31,643] {dag.py:2919} INFO - Setting next_dagrun for example_branch_dop_operator_v3 to 2022-12-21T16:57:00+00:00, run_after=2022-12-21T16:58:00+00:00
[2022-12-21 16:58:31,651] {processor.py:161} INFO - Processing /home/airflow/.local/lib/python3.7/site-packages/airflow/example_dags/example_branch_python_dop_operator_3.py took 0.056 seconds
[2022-12-21 16:59:02,156] {processor.py:153} INFO - Started process (PID=22579) to work on /home/airflow/.local/lib/python3.7/site-packages/airflow/example_dags/example_branch_python_dop_operator_3.py
[2022-12-21 16:59:02,156] {processor.py:641} INFO - Processing file /home/airflow/.local/lib/python3.7/site-packages/airflow/example_dags/example_branch_python_dop_operator_3.py for tasks to queue
[2022-12-21 16:59:02,156] {logging_mixin.py:115} INFO - [2022-12-21 16:59:02,156] {dagbag.py:507} INFO - Filling up the DagBag from /home/airflow/.local/lib/python3.7/site-packages/airflow/example_dags/example_branch_python_dop_operator_3.py
[2022-12-21 16:59:02,164] {processor.py:651} INFO - DAG(s) dict_keys(['example_branch_dop_operator_v3']) retrieved from /home/airflow/.local/lib/python3.7/site-packages/airflow/example_dags/example_branch_python_dop_operator_3.py
[2022-12-21 16:59:02,185] {logging_mixin.py:115} INFO - [2022-12-21 16:59:02,185] {dag.py:2371} INFO - Sync 1 DAGs
[2022-12-21 16:59:02,206] {logging_mixin.py:115} INFO - [2022-12-21 16:59:02,206] {dag.py:2919} INFO - Setting next_dagrun for example_branch_dop_operator_v3 to 2022-12-21T16:58:00+00:00, run_after=2022-12-21T16:59:00+00:00
[2022-12-21 16:59:02,216] {processor.py:161} INFO - Processing /home/airflow/.local/lib/python3.7/site-packages/airflow/example_dags/example_branch_python_dop_operator_3.py took 0.063 seconds
[2022-12-21 16:59:32,641] {processor.py:153} INFO - Started process (PID=22647) to work on /home/airflow/.local/lib/python3.7/site-packages/airflow/example_dags/example_branch_python_dop_operator_3.py
[2022-12-21 16:59:32,642] {processor.py:641} INFO - Processing file /home/airflow/.local/lib/python3.7/site-packages/airflow/example_dags/example_branch_python_dop_operator_3.py for tasks to queue
[2022-12-21 16:59:32,642] {logging_mixin.py:115} INFO - [2022-12-21 16:59:32,642] {dagbag.py:507} INFO - Filling up the DagBag from /home/airflow/.local/lib/python3.7/site-packages/airflow/example_dags/example_branch_python_dop_operator_3.py
[2022-12-21 16:59:32,651] {processor.py:651} INFO - DAG(s) dict_keys(['example_branch_dop_operator_v3']) retrieved from /home/airflow/.local/lib/python3.7/site-packages/airflow/example_dags/example_branch_python_dop_operator_3.py
[2022-12-21 16:59:32,669] {logging_mixin.py:115} INFO - [2022-12-21 16:59:32,669] {dag.py:2371} INFO - Sync 1 DAGs
[2022-12-21 16:59:32,689] {logging_mixin.py:115} INFO - [2022-12-21 16:59:32,689] {dag.py:2919} INFO - Setting next_dagrun for example_branch_dop_operator_v3 to 2022-12-21T16:58:00+00:00, run_after=2022-12-21T16:59:00+00:00
[2022-12-21 16:59:32,698] {processor.py:161} INFO - Processing /home/airflow/.local/lib/python3.7/site-packages/airflow/example_dags/example_branch_python_dop_operator_3.py took 0.060 seconds
[2022-12-21 17:00:03,217] {processor.py:153} INFO - Started process (PID=22713) to work on /home/airflow/.local/lib/python3.7/site-packages/airflow/example_dags/example_branch_python_dop_operator_3.py
[2022-12-21 17:00:03,218] {processor.py:641} INFO - Processing file /home/airflow/.local/lib/python3.7/site-packages/airflow/example_dags/example_branch_python_dop_operator_3.py for tasks to queue
[2022-12-21 17:00:03,218] {logging_mixin.py:115} INFO - [2022-12-21 17:00:03,218] {dagbag.py:507} INFO - Filling up the DagBag from /home/airflow/.local/lib/python3.7/site-packages/airflow/example_dags/example_branch_python_dop_operator_3.py
[2022-12-21 17:00:03,227] {processor.py:651} INFO - DAG(s) dict_keys(['example_branch_dop_operator_v3']) retrieved from /home/airflow/.local/lib/python3.7/site-packages/airflow/example_dags/example_branch_python_dop_operator_3.py
[2022-12-21 17:00:03,249] {logging_mixin.py:115} INFO - [2022-12-21 17:00:03,248] {dag.py:2371} INFO - Sync 1 DAGs
[2022-12-21 17:00:03,273] {logging_mixin.py:115} INFO - [2022-12-21 17:00:03,273] {dag.py:2919} INFO - Setting next_dagrun for example_branch_dop_operator_v3 to 2022-12-21T16:59:00+00:00, run_after=2022-12-21T17:00:00+00:00
[2022-12-21 17:00:03,284] {processor.py:161} INFO - Processing /home/airflow/.local/lib/python3.7/site-packages/airflow/example_dags/example_branch_python_dop_operator_3.py took 0.069 seconds
[2022-12-21 17:00:33,766] {processor.py:153} INFO - Started process (PID=22770) to work on /home/airflow/.local/lib/python3.7/site-packages/airflow/example_dags/example_branch_python_dop_operator_3.py
[2022-12-21 17:00:33,766] {processor.py:641} INFO - Processing file /home/airflow/.local/lib/python3.7/site-packages/airflow/example_dags/example_branch_python_dop_operator_3.py for tasks to queue
[2022-12-21 17:00:33,766] {logging_mixin.py:115} INFO - [2022-12-21 17:00:33,766] {dagbag.py:507} INFO - Filling up the DagBag from /home/airflow/.local/lib/python3.7/site-packages/airflow/example_dags/example_branch_python_dop_operator_3.py
[2022-12-21 17:00:33,773] {processor.py:651} INFO - DAG(s) dict_keys(['example_branch_dop_operator_v3']) retrieved from /home/airflow/.local/lib/python3.7/site-packages/airflow/example_dags/example_branch_python_dop_operator_3.py
[2022-12-21 17:00:33,793] {logging_mixin.py:115} INFO - [2022-12-21 17:00:33,793] {dag.py:2371} INFO - Sync 1 DAGs
[2022-12-21 17:00:33,818] {logging_mixin.py:115} INFO - [2022-12-21 17:00:33,818] {dag.py:2919} INFO - Setting next_dagrun for example_branch_dop_operator_v3 to 2022-12-21T16:59:00+00:00, run_after=2022-12-21T17:00:00+00:00
[2022-12-21 17:00:33,828] {processor.py:161} INFO - Processing /home/airflow/.local/lib/python3.7/site-packages/airflow/example_dags/example_branch_python_dop_operator_3.py took 0.065 seconds
[2022-12-21 17:01:04,256] {processor.py:153} INFO - Started process (PID=22836) to work on /home/airflow/.local/lib/python3.7/site-packages/airflow/example_dags/example_branch_python_dop_operator_3.py
[2022-12-21 17:01:04,257] {processor.py:641} INFO - Processing file /home/airflow/.local/lib/python3.7/site-packages/airflow/example_dags/example_branch_python_dop_operator_3.py for tasks to queue
[2022-12-21 17:01:04,257] {logging_mixin.py:115} INFO - [2022-12-21 17:01:04,257] {dagbag.py:507} INFO - Filling up the DagBag from /home/airflow/.local/lib/python3.7/site-packages/airflow/example_dags/example_branch_python_dop_operator_3.py
[2022-12-21 17:01:04,267] {processor.py:651} INFO - DAG(s) dict_keys(['example_branch_dop_operator_v3']) retrieved from /home/airflow/.local/lib/python3.7/site-packages/airflow/example_dags/example_branch_python_dop_operator_3.py
[2022-12-21 17:01:04,286] {logging_mixin.py:115} INFO - [2022-12-21 17:01:04,286] {dag.py:2371} INFO - Sync 1 DAGs
[2022-12-21 17:01:04,308] {logging_mixin.py:115} INFO - [2022-12-21 17:01:04,308] {dag.py:2919} INFO - Setting next_dagrun for example_branch_dop_operator_v3 to 2022-12-21T17:00:00+00:00, run_after=2022-12-21T17:01:00+00:00
[2022-12-21 17:01:04,321] {processor.py:161} INFO - Processing /home/airflow/.local/lib/python3.7/site-packages/airflow/example_dags/example_branch_python_dop_operator_3.py took 0.067 seconds
[2022-12-21 17:01:34,872] {processor.py:153} INFO - Started process (PID=22902) to work on /home/airflow/.local/lib/python3.7/site-packages/airflow/example_dags/example_branch_python_dop_operator_3.py
[2022-12-21 17:01:34,873] {processor.py:641} INFO - Processing file /home/airflow/.local/lib/python3.7/site-packages/airflow/example_dags/example_branch_python_dop_operator_3.py for tasks to queue
[2022-12-21 17:01:34,873] {logging_mixin.py:115} INFO - [2022-12-21 17:01:34,873] {dagbag.py:507} INFO - Filling up the DagBag from /home/airflow/.local/lib/python3.7/site-packages/airflow/example_dags/example_branch_python_dop_operator_3.py
[2022-12-21 17:01:34,880] {processor.py:651} INFO - DAG(s) dict_keys(['example_branch_dop_operator_v3']) retrieved from /home/airflow/.local/lib/python3.7/site-packages/airflow/example_dags/example_branch_python_dop_operator_3.py
[2022-12-21 17:01:34,899] {logging_mixin.py:115} INFO - [2022-12-21 17:01:34,899] {dag.py:2371} INFO - Sync 1 DAGs
[2022-12-21 17:01:34,918] {logging_mixin.py:115} INFO - [2022-12-21 17:01:34,918] {dag.py:2919} INFO - Setting next_dagrun for example_branch_dop_operator_v3 to 2022-12-21T17:00:00+00:00, run_after=2022-12-21T17:01:00+00:00
[2022-12-21 17:01:34,927] {processor.py:161} INFO - Processing /home/airflow/.local/lib/python3.7/site-packages/airflow/example_dags/example_branch_python_dop_operator_3.py took 0.057 seconds
[2022-12-21 17:02:05,458] {processor.py:153} INFO - Started process (PID=22965) to work on /home/airflow/.local/lib/python3.7/site-packages/airflow/example_dags/example_branch_python_dop_operator_3.py
[2022-12-21 17:02:05,459] {processor.py:641} INFO - Processing file /home/airflow/.local/lib/python3.7/site-packages/airflow/example_dags/example_branch_python_dop_operator_3.py for tasks to queue
[2022-12-21 17:02:05,459] {logging_mixin.py:115} INFO - [2022-12-21 17:02:05,459] {dagbag.py:507} INFO - Filling up the DagBag from /home/airflow/.local/lib/python3.7/site-packages/airflow/example_dags/example_branch_python_dop_operator_3.py
[2022-12-21 17:02:05,466] {processor.py:651} INFO - DAG(s) dict_keys(['example_branch_dop_operator_v3']) retrieved from /home/airflow/.local/lib/python3.7/site-packages/airflow/example_dags/example_branch_python_dop_operator_3.py
[2022-12-21 17:02:05,484] {logging_mixin.py:115} INFO - [2022-12-21 17:02:05,484] {dag.py:2371} INFO - Sync 1 DAGs
[2022-12-21 17:02:05,506] {logging_mixin.py:115} INFO - [2022-12-21 17:02:05,506] {dag.py:2919} INFO - Setting next_dagrun for example_branch_dop_operator_v3 to 2022-12-21T17:01:00+00:00, run_after=2022-12-21T17:02:00+00:00
[2022-12-21 17:02:05,517] {processor.py:161} INFO - Processing /home/airflow/.local/lib/python3.7/site-packages/airflow/example_dags/example_branch_python_dop_operator_3.py took 0.061 seconds
[2022-12-21 17:02:36,090] {processor.py:153} INFO - Started process (PID=23024) to work on /home/airflow/.local/lib/python3.7/site-packages/airflow/example_dags/example_branch_python_dop_operator_3.py
[2022-12-21 17:02:36,090] {processor.py:641} INFO - Processing file /home/airflow/.local/lib/python3.7/site-packages/airflow/example_dags/example_branch_python_dop_operator_3.py for tasks to queue
[2022-12-21 17:02:36,091] {logging_mixin.py:115} INFO - [2022-12-21 17:02:36,091] {dagbag.py:507} INFO - Filling up the DagBag from /home/airflow/.local/lib/python3.7/site-packages/airflow/example_dags/example_branch_python_dop_operator_3.py
[2022-12-21 17:02:36,100] {processor.py:651} INFO - DAG(s) dict_keys(['example_branch_dop_operator_v3']) retrieved from /home/airflow/.local/lib/python3.7/site-packages/airflow/example_dags/example_branch_python_dop_operator_3.py
[2022-12-21 17:02:36,125] {logging_mixin.py:115} INFO - [2022-12-21 17:02:36,125] {dag.py:2371} INFO - Sync 1 DAGs
[2022-12-21 17:02:36,156] {logging_mixin.py:115} INFO - [2022-12-21 17:02:36,156] {dag.py:2919} INFO - Setting next_dagrun for example_branch_dop_operator_v3 to 2022-12-21T17:01:00+00:00, run_after=2022-12-21T17:02:00+00:00
[2022-12-21 17:02:36,169] {processor.py:161} INFO - Processing /home/airflow/.local/lib/python3.7/site-packages/airflow/example_dags/example_branch_python_dop_operator_3.py took 0.082 seconds
[2022-12-21 17:03:06,768] {processor.py:153} INFO - Started process (PID=23090) to work on /home/airflow/.local/lib/python3.7/site-packages/airflow/example_dags/example_branch_python_dop_operator_3.py
[2022-12-21 17:03:06,769] {processor.py:641} INFO - Processing file /home/airflow/.local/lib/python3.7/site-packages/airflow/example_dags/example_branch_python_dop_operator_3.py for tasks to queue
[2022-12-21 17:03:06,769] {logging_mixin.py:115} INFO - [2022-12-21 17:03:06,769] {dagbag.py:507} INFO - Filling up the DagBag from /home/airflow/.local/lib/python3.7/site-packages/airflow/example_dags/example_branch_python_dop_operator_3.py
[2022-12-21 17:03:06,777] {processor.py:651} INFO - DAG(s) dict_keys(['example_branch_dop_operator_v3']) retrieved from /home/airflow/.local/lib/python3.7/site-packages/airflow/example_dags/example_branch_python_dop_operator_3.py
[2022-12-21 17:03:06,797] {logging_mixin.py:115} INFO - [2022-12-21 17:03:06,797] {dag.py:2371} INFO - Sync 1 DAGs
[2022-12-21 17:03:06,818] {logging_mixin.py:115} INFO - [2022-12-21 17:03:06,818] {dag.py:2919} INFO - Setting next_dagrun for example_branch_dop_operator_v3 to 2022-12-21T17:02:00+00:00, run_after=2022-12-21T17:03:00+00:00
[2022-12-21 17:03:06,831] {processor.py:161} INFO - Processing /home/airflow/.local/lib/python3.7/site-packages/airflow/example_dags/example_branch_python_dop_operator_3.py took 0.065 seconds
[2022-12-21 17:03:37,570] {processor.py:153} INFO - Started process (PID=23157) to work on /home/airflow/.local/lib/python3.7/site-packages/airflow/example_dags/example_branch_python_dop_operator_3.py
[2022-12-21 17:03:37,570] {processor.py:641} INFO - Processing file /home/airflow/.local/lib/python3.7/site-packages/airflow/example_dags/example_branch_python_dop_operator_3.py for tasks to queue
[2022-12-21 17:03:37,571] {logging_mixin.py:115} INFO - [2022-12-21 17:03:37,571] {dagbag.py:507} INFO - Filling up the DagBag from /home/airflow/.local/lib/python3.7/site-packages/airflow/example_dags/example_branch_python_dop_operator_3.py
[2022-12-21 17:03:37,578] {processor.py:651} INFO - DAG(s) dict_keys(['example_branch_dop_operator_v3']) retrieved from /home/airflow/.local/lib/python3.7/site-packages/airflow/example_dags/example_branch_python_dop_operator_3.py
[2022-12-21 17:03:37,596] {logging_mixin.py:115} INFO - [2022-12-21 17:03:37,596] {dag.py:2371} INFO - Sync 1 DAGs
[2022-12-21 17:03:37,617] {logging_mixin.py:115} INFO - [2022-12-21 17:03:37,616] {dag.py:2919} INFO - Setting next_dagrun for example_branch_dop_operator_v3 to 2022-12-21T17:02:00+00:00, run_after=2022-12-21T17:03:00+00:00
[2022-12-21 17:03:37,626] {processor.py:161} INFO - Processing /home/airflow/.local/lib/python3.7/site-packages/airflow/example_dags/example_branch_python_dop_operator_3.py took 0.058 seconds
[2022-12-21 17:04:08,145] {processor.py:153} INFO - Started process (PID=23214) to work on /home/airflow/.local/lib/python3.7/site-packages/airflow/example_dags/example_branch_python_dop_operator_3.py
[2022-12-21 17:04:08,146] {processor.py:641} INFO - Processing file /home/airflow/.local/lib/python3.7/site-packages/airflow/example_dags/example_branch_python_dop_operator_3.py for tasks to queue
[2022-12-21 17:04:08,147] {logging_mixin.py:115} INFO - [2022-12-21 17:04:08,147] {dagbag.py:507} INFO - Filling up the DagBag from /home/airflow/.local/lib/python3.7/site-packages/airflow/example_dags/example_branch_python_dop_operator_3.py
[2022-12-21 17:04:08,155] {processor.py:651} INFO - DAG(s) dict_keys(['example_branch_dop_operator_v3']) retrieved from /home/airflow/.local/lib/python3.7/site-packages/airflow/example_dags/example_branch_python_dop_operator_3.py
[2022-12-21 17:04:08,174] {logging_mixin.py:115} INFO - [2022-12-21 17:04:08,173] {dag.py:2371} INFO - Sync 1 DAGs
[2022-12-21 17:04:08,197] {logging_mixin.py:115} INFO - [2022-12-21 17:04:08,197] {dag.py:2919} INFO - Setting next_dagrun for example_branch_dop_operator_v3 to 2022-12-21T17:03:00+00:00, run_after=2022-12-21T17:04:00+00:00
[2022-12-21 17:04:08,209] {processor.py:161} INFO - Processing /home/airflow/.local/lib/python3.7/site-packages/airflow/example_dags/example_branch_python_dop_operator_3.py took 0.066 seconds
[2022-12-21 17:04:38,688] {processor.py:153} INFO - Started process (PID=23280) to work on /home/airflow/.local/lib/python3.7/site-packages/airflow/example_dags/example_branch_python_dop_operator_3.py
[2022-12-21 17:04:38,689] {processor.py:641} INFO - Processing file /home/airflow/.local/lib/python3.7/site-packages/airflow/example_dags/example_branch_python_dop_operator_3.py for tasks to queue
[2022-12-21 17:04:38,690] {logging_mixin.py:115} INFO - [2022-12-21 17:04:38,690] {dagbag.py:507} INFO - Filling up the DagBag from /home/airflow/.local/lib/python3.7/site-packages/airflow/example_dags/example_branch_python_dop_operator_3.py
[2022-12-21 17:04:38,697] {processor.py:651} INFO - DAG(s) dict_keys(['example_branch_dop_operator_v3']) retrieved from /home/airflow/.local/lib/python3.7/site-packages/airflow/example_dags/example_branch_python_dop_operator_3.py
[2022-12-21 17:04:38,718] {logging_mixin.py:115} INFO - [2022-12-21 17:04:38,718] {dag.py:2371} INFO - Sync 1 DAGs
[2022-12-21 17:04:38,740] {logging_mixin.py:115} INFO - [2022-12-21 17:04:38,740] {dag.py:2919} INFO - Setting next_dagrun for example_branch_dop_operator_v3 to 2022-12-21T17:03:00+00:00, run_after=2022-12-21T17:04:00+00:00
[2022-12-21 17:04:38,750] {processor.py:161} INFO - Processing /home/airflow/.local/lib/python3.7/site-packages/airflow/example_dags/example_branch_python_dop_operator_3.py took 0.064 seconds
[2022-12-21 17:05:09,207] {processor.py:153} INFO - Started process (PID=23346) to work on /home/airflow/.local/lib/python3.7/site-packages/airflow/example_dags/example_branch_python_dop_operator_3.py
[2022-12-21 17:05:09,207] {processor.py:641} INFO - Processing file /home/airflow/.local/lib/python3.7/site-packages/airflow/example_dags/example_branch_python_dop_operator_3.py for tasks to queue
[2022-12-21 17:05:09,208] {logging_mixin.py:115} INFO - [2022-12-21 17:05:09,208] {dagbag.py:507} INFO - Filling up the DagBag from /home/airflow/.local/lib/python3.7/site-packages/airflow/example_dags/example_branch_python_dop_operator_3.py
[2022-12-21 17:05:09,216] {processor.py:651} INFO - DAG(s) dict_keys(['example_branch_dop_operator_v3']) retrieved from /home/airflow/.local/lib/python3.7/site-packages/airflow/example_dags/example_branch_python_dop_operator_3.py
[2022-12-21 17:05:09,236] {logging_mixin.py:115} INFO - [2022-12-21 17:05:09,236] {dag.py:2371} INFO - Sync 1 DAGs
[2022-12-21 17:05:09,256] {logging_mixin.py:115} INFO - [2022-12-21 17:05:09,256] {dag.py:2919} INFO - Setting next_dagrun for example_branch_dop_operator_v3 to 2022-12-21T17:04:00+00:00, run_after=2022-12-21T17:05:00+00:00
[2022-12-21 17:05:09,266] {processor.py:161} INFO - Processing /home/airflow/.local/lib/python3.7/site-packages/airflow/example_dags/example_branch_python_dop_operator_3.py took 0.062 seconds
[2022-12-21 17:05:39,927] {processor.py:153} INFO - Started process (PID=23411) to work on /home/airflow/.local/lib/python3.7/site-packages/airflow/example_dags/example_branch_python_dop_operator_3.py
[2022-12-21 17:05:39,928] {processor.py:641} INFO - Processing file /home/airflow/.local/lib/python3.7/site-packages/airflow/example_dags/example_branch_python_dop_operator_3.py for tasks to queue
[2022-12-21 17:05:39,929] {logging_mixin.py:115} INFO - [2022-12-21 17:05:39,928] {dagbag.py:507} INFO - Filling up the DagBag from /home/airflow/.local/lib/python3.7/site-packages/airflow/example_dags/example_branch_python_dop_operator_3.py
[2022-12-21 17:05:39,939] {processor.py:651} INFO - DAG(s) dict_keys(['example_branch_dop_operator_v3']) retrieved from /home/airflow/.local/lib/python3.7/site-packages/airflow/example_dags/example_branch_python_dop_operator_3.py
[2022-12-21 17:05:39,963] {logging_mixin.py:115} INFO - [2022-12-21 17:05:39,963] {dag.py:2371} INFO - Sync 1 DAGs
[2022-12-21 17:05:39,990] {logging_mixin.py:115} INFO - [2022-12-21 17:05:39,989] {dag.py:2919} INFO - Setting next_dagrun for example_branch_dop_operator_v3 to 2022-12-21T17:04:00+00:00, run_after=2022-12-21T17:05:00+00:00
[2022-12-21 17:05:40,000] {processor.py:161} INFO - Processing /home/airflow/.local/lib/python3.7/site-packages/airflow/example_dags/example_branch_python_dop_operator_3.py took 0.076 seconds
[2022-12-21 17:06:10,850] {processor.py:153} INFO - Started process (PID=23469) to work on /home/airflow/.local/lib/python3.7/site-packages/airflow/example_dags/example_branch_python_dop_operator_3.py
[2022-12-21 17:06:10,851] {processor.py:641} INFO - Processing file /home/airflow/.local/lib/python3.7/site-packages/airflow/example_dags/example_branch_python_dop_operator_3.py for tasks to queue
[2022-12-21 17:06:10,851] {logging_mixin.py:115} INFO - [2022-12-21 17:06:10,851] {dagbag.py:507} INFO - Filling up the DagBag from /home/airflow/.local/lib/python3.7/site-packages/airflow/example_dags/example_branch_python_dop_operator_3.py
[2022-12-21 17:06:10,860] {processor.py:651} INFO - DAG(s) dict_keys(['example_branch_dop_operator_v3']) retrieved from /home/airflow/.local/lib/python3.7/site-packages/airflow/example_dags/example_branch_python_dop_operator_3.py
[2022-12-21 17:06:10,880] {logging_mixin.py:115} INFO - [2022-12-21 17:06:10,880] {dag.py:2371} INFO - Sync 1 DAGs
[2022-12-21 17:06:10,904] {logging_mixin.py:115} INFO - [2022-12-21 17:06:10,904] {dag.py:2919} INFO - Setting next_dagrun for example_branch_dop_operator_v3 to 2022-12-21T17:05:00+00:00, run_after=2022-12-21T17:06:00+00:00
[2022-12-21 17:06:10,914] {processor.py:161} INFO - Processing /home/airflow/.local/lib/python3.7/site-packages/airflow/example_dags/example_branch_python_dop_operator_3.py took 0.066 seconds
[2022-12-21 17:06:41,386] {processor.py:153} INFO - Started process (PID=23536) to work on /home/airflow/.local/lib/python3.7/site-packages/airflow/example_dags/example_branch_python_dop_operator_3.py
[2022-12-21 17:06:41,387] {processor.py:641} INFO - Processing file /home/airflow/.local/lib/python3.7/site-packages/airflow/example_dags/example_branch_python_dop_operator_3.py for tasks to queue
[2022-12-21 17:06:41,387] {logging_mixin.py:115} INFO - [2022-12-21 17:06:41,387] {dagbag.py:507} INFO - Filling up the DagBag from /home/airflow/.local/lib/python3.7/site-packages/airflow/example_dags/example_branch_python_dop_operator_3.py
[2022-12-21 17:06:41,396] {processor.py:651} INFO - DAG(s) dict_keys(['example_branch_dop_operator_v3']) retrieved from /home/airflow/.local/lib/python3.7/site-packages/airflow/example_dags/example_branch_python_dop_operator_3.py
[2022-12-21 17:06:41,416] {logging_mixin.py:115} INFO - [2022-12-21 17:06:41,415] {dag.py:2371} INFO - Sync 1 DAGs
[2022-12-21 17:06:41,437] {logging_mixin.py:115} INFO - [2022-12-21 17:06:41,437] {dag.py:2919} INFO - Setting next_dagrun for example_branch_dop_operator_v3 to 2022-12-21T17:05:00+00:00, run_after=2022-12-21T17:06:00+00:00
[2022-12-21 17:06:41,446] {processor.py:161} INFO - Processing /home/airflow/.local/lib/python3.7/site-packages/airflow/example_dags/example_branch_python_dop_operator_3.py took 0.064 seconds
[2022-12-21 17:07:11,932] {processor.py:153} INFO - Started process (PID=23602) to work on /home/airflow/.local/lib/python3.7/site-packages/airflow/example_dags/example_branch_python_dop_operator_3.py
[2022-12-21 17:07:11,933] {processor.py:641} INFO - Processing file /home/airflow/.local/lib/python3.7/site-packages/airflow/example_dags/example_branch_python_dop_operator_3.py for tasks to queue
[2022-12-21 17:07:11,933] {logging_mixin.py:115} INFO - [2022-12-21 17:07:11,933] {dagbag.py:507} INFO - Filling up the DagBag from /home/airflow/.local/lib/python3.7/site-packages/airflow/example_dags/example_branch_python_dop_operator_3.py
[2022-12-21 17:07:11,940] {processor.py:651} INFO - DAG(s) dict_keys(['example_branch_dop_operator_v3']) retrieved from /home/airflow/.local/lib/python3.7/site-packages/airflow/example_dags/example_branch_python_dop_operator_3.py
[2022-12-21 17:07:11,958] {logging_mixin.py:115} INFO - [2022-12-21 17:07:11,958] {dag.py:2371} INFO - Sync 1 DAGs
[2022-12-21 17:07:11,980] {logging_mixin.py:115} INFO - [2022-12-21 17:07:11,980] {dag.py:2919} INFO - Setting next_dagrun for example_branch_dop_operator_v3 to 2022-12-21T17:06:00+00:00, run_after=2022-12-21T17:07:00+00:00
[2022-12-21 17:07:11,993] {processor.py:161} INFO - Processing /home/airflow/.local/lib/python3.7/site-packages/airflow/example_dags/example_branch_python_dop_operator_3.py took 0.063 seconds
[2022-12-21 17:07:42,502] {processor.py:153} INFO - Started process (PID=23667) to work on /home/airflow/.local/lib/python3.7/site-packages/airflow/example_dags/example_branch_python_dop_operator_3.py
[2022-12-21 17:07:42,502] {processor.py:641} INFO - Processing file /home/airflow/.local/lib/python3.7/site-packages/airflow/example_dags/example_branch_python_dop_operator_3.py for tasks to queue
[2022-12-21 17:07:42,502] {logging_mixin.py:115} INFO - [2022-12-21 17:07:42,502] {dagbag.py:507} INFO - Filling up the DagBag from /home/airflow/.local/lib/python3.7/site-packages/airflow/example_dags/example_branch_python_dop_operator_3.py
[2022-12-21 17:07:42,510] {processor.py:651} INFO - DAG(s) dict_keys(['example_branch_dop_operator_v3']) retrieved from /home/airflow/.local/lib/python3.7/site-packages/airflow/example_dags/example_branch_python_dop_operator_3.py
[2022-12-21 17:07:42,530] {logging_mixin.py:115} INFO - [2022-12-21 17:07:42,530] {dag.py:2371} INFO - Sync 1 DAGs
[2022-12-21 17:07:42,550] {logging_mixin.py:115} INFO - [2022-12-21 17:07:42,550] {dag.py:2919} INFO - Setting next_dagrun for example_branch_dop_operator_v3 to 2022-12-21T17:06:00+00:00, run_after=2022-12-21T17:07:00+00:00
[2022-12-21 17:07:42,561] {processor.py:161} INFO - Processing /home/airflow/.local/lib/python3.7/site-packages/airflow/example_dags/example_branch_python_dop_operator_3.py took 0.061 seconds
[2022-12-21 17:08:13,021] {processor.py:153} INFO - Started process (PID=23724) to work on /home/airflow/.local/lib/python3.7/site-packages/airflow/example_dags/example_branch_python_dop_operator_3.py
[2022-12-21 17:08:13,022] {processor.py:641} INFO - Processing file /home/airflow/.local/lib/python3.7/site-packages/airflow/example_dags/example_branch_python_dop_operator_3.py for tasks to queue
[2022-12-21 17:08:13,023] {logging_mixin.py:115} INFO - [2022-12-21 17:08:13,023] {dagbag.py:507} INFO - Filling up the DagBag from /home/airflow/.local/lib/python3.7/site-packages/airflow/example_dags/example_branch_python_dop_operator_3.py
[2022-12-21 17:08:13,031] {processor.py:651} INFO - DAG(s) dict_keys(['example_branch_dop_operator_v3']) retrieved from /home/airflow/.local/lib/python3.7/site-packages/airflow/example_dags/example_branch_python_dop_operator_3.py
[2022-12-21 17:08:13,051] {logging_mixin.py:115} INFO - [2022-12-21 17:08:13,051] {dag.py:2371} INFO - Sync 1 DAGs
[2022-12-21 17:08:13,074] {logging_mixin.py:115} INFO - [2022-12-21 17:08:13,074] {dag.py:2919} INFO - Setting next_dagrun for example_branch_dop_operator_v3 to 2022-12-21T17:07:00+00:00, run_after=2022-12-21T17:08:00+00:00
[2022-12-21 17:08:13,087] {processor.py:161} INFO - Processing /home/airflow/.local/lib/python3.7/site-packages/airflow/example_dags/example_branch_python_dop_operator_3.py took 0.069 seconds
[2022-12-21 17:08:43,633] {processor.py:153} INFO - Started process (PID=23791) to work on /home/airflow/.local/lib/python3.7/site-packages/airflow/example_dags/example_branch_python_dop_operator_3.py
[2022-12-21 17:08:43,633] {processor.py:641} INFO - Processing file /home/airflow/.local/lib/python3.7/site-packages/airflow/example_dags/example_branch_python_dop_operator_3.py for tasks to queue
[2022-12-21 17:08:43,633] {logging_mixin.py:115} INFO - [2022-12-21 17:08:43,633] {dagbag.py:507} INFO - Filling up the DagBag from /home/airflow/.local/lib/python3.7/site-packages/airflow/example_dags/example_branch_python_dop_operator_3.py
[2022-12-21 17:08:43,640] {processor.py:651} INFO - DAG(s) dict_keys(['example_branch_dop_operator_v3']) retrieved from /home/airflow/.local/lib/python3.7/site-packages/airflow/example_dags/example_branch_python_dop_operator_3.py
[2022-12-21 17:08:43,659] {logging_mixin.py:115} INFO - [2022-12-21 17:08:43,659] {dag.py:2371} INFO - Sync 1 DAGs
[2022-12-21 17:08:43,680] {logging_mixin.py:115} INFO - [2022-12-21 17:08:43,680] {dag.py:2919} INFO - Setting next_dagrun for example_branch_dop_operator_v3 to 2022-12-21T17:07:00+00:00, run_after=2022-12-21T17:08:00+00:00
[2022-12-21 17:08:43,690] {processor.py:161} INFO - Processing /home/airflow/.local/lib/python3.7/site-packages/airflow/example_dags/example_branch_python_dop_operator_3.py took 0.059 seconds
[2022-12-21 17:09:14,397] {processor.py:153} INFO - Started process (PID=23857) to work on /home/airflow/.local/lib/python3.7/site-packages/airflow/example_dags/example_branch_python_dop_operator_3.py
[2022-12-21 17:09:14,398] {processor.py:641} INFO - Processing file /home/airflow/.local/lib/python3.7/site-packages/airflow/example_dags/example_branch_python_dop_operator_3.py for tasks to queue
[2022-12-21 17:09:14,398] {logging_mixin.py:115} INFO - [2022-12-21 17:09:14,398] {dagbag.py:507} INFO - Filling up the DagBag from /home/airflow/.local/lib/python3.7/site-packages/airflow/example_dags/example_branch_python_dop_operator_3.py
[2022-12-21 17:09:14,407] {processor.py:651} INFO - DAG(s) dict_keys(['example_branch_dop_operator_v3']) retrieved from /home/airflow/.local/lib/python3.7/site-packages/airflow/example_dags/example_branch_python_dop_operator_3.py
[2022-12-21 17:09:14,428] {logging_mixin.py:115} INFO - [2022-12-21 17:09:14,428] {dag.py:2371} INFO - Sync 1 DAGs
[2022-12-21 17:09:14,450] {logging_mixin.py:115} INFO - [2022-12-21 17:09:14,449] {dag.py:2919} INFO - Setting next_dagrun for example_branch_dop_operator_v3 to 2022-12-21T17:08:00+00:00, run_after=2022-12-21T17:09:00+00:00
[2022-12-21 17:09:14,459] {processor.py:161} INFO - Processing /home/airflow/.local/lib/python3.7/site-packages/airflow/example_dags/example_branch_python_dop_operator_3.py took 0.065 seconds
[2022-12-21 17:09:45,074] {processor.py:153} INFO - Started process (PID=23925) to work on /home/airflow/.local/lib/python3.7/site-packages/airflow/example_dags/example_branch_python_dop_operator_3.py
[2022-12-21 17:09:45,074] {processor.py:641} INFO - Processing file /home/airflow/.local/lib/python3.7/site-packages/airflow/example_dags/example_branch_python_dop_operator_3.py for tasks to queue
[2022-12-21 17:09:45,075] {logging_mixin.py:115} INFO - [2022-12-21 17:09:45,075] {dagbag.py:507} INFO - Filling up the DagBag from /home/airflow/.local/lib/python3.7/site-packages/airflow/example_dags/example_branch_python_dop_operator_3.py
[2022-12-21 17:09:45,082] {processor.py:651} INFO - DAG(s) dict_keys(['example_branch_dop_operator_v3']) retrieved from /home/airflow/.local/lib/python3.7/site-packages/airflow/example_dags/example_branch_python_dop_operator_3.py
[2022-12-21 17:09:45,101] {logging_mixin.py:115} INFO - [2022-12-21 17:09:45,101] {dag.py:2371} INFO - Sync 1 DAGs
[2022-12-21 17:09:45,124] {logging_mixin.py:115} INFO - [2022-12-21 17:09:45,124] {dag.py:2919} INFO - Setting next_dagrun for example_branch_dop_operator_v3 to 2022-12-21T17:08:00+00:00, run_after=2022-12-21T17:09:00+00:00
[2022-12-21 17:09:45,134] {processor.py:161} INFO - Processing /home/airflow/.local/lib/python3.7/site-packages/airflow/example_dags/example_branch_python_dop_operator_3.py took 0.063 seconds
[2022-12-21 17:10:15,765] {processor.py:153} INFO - Started process (PID=23982) to work on /home/airflow/.local/lib/python3.7/site-packages/airflow/example_dags/example_branch_python_dop_operator_3.py
[2022-12-21 17:10:15,766] {processor.py:641} INFO - Processing file /home/airflow/.local/lib/python3.7/site-packages/airflow/example_dags/example_branch_python_dop_operator_3.py for tasks to queue
[2022-12-21 17:10:15,766] {logging_mixin.py:115} INFO - [2022-12-21 17:10:15,766] {dagbag.py:507} INFO - Filling up the DagBag from /home/airflow/.local/lib/python3.7/site-packages/airflow/example_dags/example_branch_python_dop_operator_3.py
[2022-12-21 17:10:15,773] {processor.py:651} INFO - DAG(s) dict_keys(['example_branch_dop_operator_v3']) retrieved from /home/airflow/.local/lib/python3.7/site-packages/airflow/example_dags/example_branch_python_dop_operator_3.py
[2022-12-21 17:10:15,797] {logging_mixin.py:115} INFO - [2022-12-21 17:10:15,796] {dag.py:2371} INFO - Sync 1 DAGs
[2022-12-21 17:10:15,827] {logging_mixin.py:115} INFO - [2022-12-21 17:10:15,827] {dag.py:2919} INFO - Setting next_dagrun for example_branch_dop_operator_v3 to 2022-12-21T17:09:00+00:00, run_after=2022-12-21T17:10:00+00:00
[2022-12-21 17:10:15,837] {processor.py:161} INFO - Processing /home/airflow/.local/lib/python3.7/site-packages/airflow/example_dags/example_branch_python_dop_operator_3.py took 0.075 seconds
[2022-12-21 17:10:46,359] {processor.py:153} INFO - Started process (PID=24049) to work on /home/airflow/.local/lib/python3.7/site-packages/airflow/example_dags/example_branch_python_dop_operator_3.py
[2022-12-21 17:10:46,360] {processor.py:641} INFO - Processing file /home/airflow/.local/lib/python3.7/site-packages/airflow/example_dags/example_branch_python_dop_operator_3.py for tasks to queue
[2022-12-21 17:10:46,360] {logging_mixin.py:115} INFO - [2022-12-21 17:10:46,360] {dagbag.py:507} INFO - Filling up the DagBag from /home/airflow/.local/lib/python3.7/site-packages/airflow/example_dags/example_branch_python_dop_operator_3.py
[2022-12-21 17:10:46,368] {processor.py:651} INFO - DAG(s) dict_keys(['example_branch_dop_operator_v3']) retrieved from /home/airflow/.local/lib/python3.7/site-packages/airflow/example_dags/example_branch_python_dop_operator_3.py
[2022-12-21 17:10:46,391] {logging_mixin.py:115} INFO - [2022-12-21 17:10:46,391] {dag.py:2371} INFO - Sync 1 DAGs
[2022-12-21 17:10:46,415] {logging_mixin.py:115} INFO - [2022-12-21 17:10:46,415] {dag.py:2919} INFO - Setting next_dagrun for example_branch_dop_operator_v3 to 2022-12-21T17:09:00+00:00, run_after=2022-12-21T17:10:00+00:00
[2022-12-21 17:10:46,426] {processor.py:161} INFO - Processing /home/airflow/.local/lib/python3.7/site-packages/airflow/example_dags/example_branch_python_dop_operator_3.py took 0.069 seconds
[2022-12-21 17:11:16,967] {processor.py:153} INFO - Started process (PID=24115) to work on /home/airflow/.local/lib/python3.7/site-packages/airflow/example_dags/example_branch_python_dop_operator_3.py
[2022-12-21 17:11:16,967] {processor.py:641} INFO - Processing file /home/airflow/.local/lib/python3.7/site-packages/airflow/example_dags/example_branch_python_dop_operator_3.py for tasks to queue
[2022-12-21 17:11:16,968] {logging_mixin.py:115} INFO - [2022-12-21 17:11:16,968] {dagbag.py:507} INFO - Filling up the DagBag from /home/airflow/.local/lib/python3.7/site-packages/airflow/example_dags/example_branch_python_dop_operator_3.py
[2022-12-21 17:11:16,975] {processor.py:651} INFO - DAG(s) dict_keys(['example_branch_dop_operator_v3']) retrieved from /home/airflow/.local/lib/python3.7/site-packages/airflow/example_dags/example_branch_python_dop_operator_3.py
[2022-12-21 17:11:16,995] {logging_mixin.py:115} INFO - [2022-12-21 17:11:16,995] {dag.py:2371} INFO - Sync 1 DAGs
[2022-12-21 17:11:17,022] {logging_mixin.py:115} INFO - [2022-12-21 17:11:17,021] {dag.py:2919} INFO - Setting next_dagrun for example_branch_dop_operator_v3 to 2022-12-21T17:10:00+00:00, run_after=2022-12-21T17:11:00+00:00
[2022-12-21 17:11:17,033] {processor.py:161} INFO - Processing /home/airflow/.local/lib/python3.7/site-packages/airflow/example_dags/example_branch_python_dop_operator_3.py took 0.069 seconds
[2022-12-21 17:11:47,578] {processor.py:153} INFO - Started process (PID=24181) to work on /home/airflow/.local/lib/python3.7/site-packages/airflow/example_dags/example_branch_python_dop_operator_3.py
[2022-12-21 17:11:47,579] {processor.py:641} INFO - Processing file /home/airflow/.local/lib/python3.7/site-packages/airflow/example_dags/example_branch_python_dop_operator_3.py for tasks to queue
[2022-12-21 17:11:47,579] {logging_mixin.py:115} INFO - [2022-12-21 17:11:47,579] {dagbag.py:507} INFO - Filling up the DagBag from /home/airflow/.local/lib/python3.7/site-packages/airflow/example_dags/example_branch_python_dop_operator_3.py
[2022-12-21 17:11:47,587] {processor.py:651} INFO - DAG(s) dict_keys(['example_branch_dop_operator_v3']) retrieved from /home/airflow/.local/lib/python3.7/site-packages/airflow/example_dags/example_branch_python_dop_operator_3.py
[2022-12-21 17:11:47,608] {logging_mixin.py:115} INFO - [2022-12-21 17:11:47,608] {dag.py:2371} INFO - Sync 1 DAGs
[2022-12-21 17:11:47,634] {logging_mixin.py:115} INFO - [2022-12-21 17:11:47,634] {dag.py:2919} INFO - Setting next_dagrun for example_branch_dop_operator_v3 to 2022-12-21T17:10:00+00:00, run_after=2022-12-21T17:11:00+00:00
[2022-12-21 17:11:47,644] {processor.py:161} INFO - Processing /home/airflow/.local/lib/python3.7/site-packages/airflow/example_dags/example_branch_python_dop_operator_3.py took 0.068 seconds
[2022-12-21 17:12:18,177] {processor.py:153} INFO - Started process (PID=24237) to work on /home/airflow/.local/lib/python3.7/site-packages/airflow/example_dags/example_branch_python_dop_operator_3.py
[2022-12-21 17:12:18,178] {processor.py:641} INFO - Processing file /home/airflow/.local/lib/python3.7/site-packages/airflow/example_dags/example_branch_python_dop_operator_3.py for tasks to queue
[2022-12-21 17:12:18,178] {logging_mixin.py:115} INFO - [2022-12-21 17:12:18,178] {dagbag.py:507} INFO - Filling up the DagBag from /home/airflow/.local/lib/python3.7/site-packages/airflow/example_dags/example_branch_python_dop_operator_3.py
[2022-12-21 17:12:18,186] {processor.py:651} INFO - DAG(s) dict_keys(['example_branch_dop_operator_v3']) retrieved from /home/airflow/.local/lib/python3.7/site-packages/airflow/example_dags/example_branch_python_dop_operator_3.py
[2022-12-21 17:12:18,207] {logging_mixin.py:115} INFO - [2022-12-21 17:12:18,207] {dag.py:2371} INFO - Sync 1 DAGs
[2022-12-21 17:12:18,230] {logging_mixin.py:115} INFO - [2022-12-21 17:12:18,230] {dag.py:2919} INFO - Setting next_dagrun for example_branch_dop_operator_v3 to 2022-12-21T17:11:00+00:00, run_after=2022-12-21T17:12:00+00:00
[2022-12-21 17:12:18,240] {processor.py:161} INFO - Processing /home/airflow/.local/lib/python3.7/site-packages/airflow/example_dags/example_branch_python_dop_operator_3.py took 0.065 seconds
[2022-12-21 17:12:48,698] {processor.py:153} INFO - Started process (PID=24304) to work on /home/airflow/.local/lib/python3.7/site-packages/airflow/example_dags/example_branch_python_dop_operator_3.py
[2022-12-21 17:12:48,699] {processor.py:641} INFO - Processing file /home/airflow/.local/lib/python3.7/site-packages/airflow/example_dags/example_branch_python_dop_operator_3.py for tasks to queue
[2022-12-21 17:12:48,699] {logging_mixin.py:115} INFO - [2022-12-21 17:12:48,699] {dagbag.py:507} INFO - Filling up the DagBag from /home/airflow/.local/lib/python3.7/site-packages/airflow/example_dags/example_branch_python_dop_operator_3.py
[2022-12-21 17:12:48,707] {processor.py:651} INFO - DAG(s) dict_keys(['example_branch_dop_operator_v3']) retrieved from /home/airflow/.local/lib/python3.7/site-packages/airflow/example_dags/example_branch_python_dop_operator_3.py
[2022-12-21 17:12:48,731] {logging_mixin.py:115} INFO - [2022-12-21 17:12:48,731] {dag.py:2371} INFO - Sync 1 DAGs
[2022-12-21 17:12:48,758] {logging_mixin.py:115} INFO - [2022-12-21 17:12:48,758] {dag.py:2919} INFO - Setting next_dagrun for example_branch_dop_operator_v3 to 2022-12-21T17:11:00+00:00, run_after=2022-12-21T17:12:00+00:00
[2022-12-21 17:12:48,769] {processor.py:161} INFO - Processing /home/airflow/.local/lib/python3.7/site-packages/airflow/example_dags/example_branch_python_dop_operator_3.py took 0.073 seconds
[2022-12-21 17:13:19,195] {processor.py:153} INFO - Started process (PID=24369) to work on /home/airflow/.local/lib/python3.7/site-packages/airflow/example_dags/example_branch_python_dop_operator_3.py
[2022-12-21 17:13:19,196] {processor.py:641} INFO - Processing file /home/airflow/.local/lib/python3.7/site-packages/airflow/example_dags/example_branch_python_dop_operator_3.py for tasks to queue
[2022-12-21 17:13:19,196] {logging_mixin.py:115} INFO - [2022-12-21 17:13:19,196] {dagbag.py:507} INFO - Filling up the DagBag from /home/airflow/.local/lib/python3.7/site-packages/airflow/example_dags/example_branch_python_dop_operator_3.py
[2022-12-21 17:13:19,204] {processor.py:651} INFO - DAG(s) dict_keys(['example_branch_dop_operator_v3']) retrieved from /home/airflow/.local/lib/python3.7/site-packages/airflow/example_dags/example_branch_python_dop_operator_3.py
[2022-12-21 17:13:19,227] {logging_mixin.py:115} INFO - [2022-12-21 17:13:19,227] {dag.py:2371} INFO - Sync 1 DAGs
[2022-12-21 17:13:19,249] {logging_mixin.py:115} INFO - [2022-12-21 17:13:19,249] {dag.py:2919} INFO - Setting next_dagrun for example_branch_dop_operator_v3 to 2022-12-21T17:12:00+00:00, run_after=2022-12-21T17:13:00+00:00
[2022-12-21 17:13:19,258] {processor.py:161} INFO - Processing /home/airflow/.local/lib/python3.7/site-packages/airflow/example_dags/example_branch_python_dop_operator_3.py took 0.066 seconds
[2022-12-21 17:13:49,795] {processor.py:153} INFO - Started process (PID=24426) to work on /home/airflow/.local/lib/python3.7/site-packages/airflow/example_dags/example_branch_python_dop_operator_3.py
[2022-12-21 17:13:49,796] {processor.py:641} INFO - Processing file /home/airflow/.local/lib/python3.7/site-packages/airflow/example_dags/example_branch_python_dop_operator_3.py for tasks to queue
[2022-12-21 17:13:49,796] {logging_mixin.py:115} INFO - [2022-12-21 17:13:49,796] {dagbag.py:507} INFO - Filling up the DagBag from /home/airflow/.local/lib/python3.7/site-packages/airflow/example_dags/example_branch_python_dop_operator_3.py
[2022-12-21 17:13:49,803] {processor.py:651} INFO - DAG(s) dict_keys(['example_branch_dop_operator_v3']) retrieved from /home/airflow/.local/lib/python3.7/site-packages/airflow/example_dags/example_branch_python_dop_operator_3.py
[2022-12-21 17:13:49,827] {logging_mixin.py:115} INFO - [2022-12-21 17:13:49,827] {dag.py:2371} INFO - Sync 1 DAGs
[2022-12-21 17:13:49,855] {logging_mixin.py:115} INFO - [2022-12-21 17:13:49,855] {dag.py:2919} INFO - Setting next_dagrun for example_branch_dop_operator_v3 to 2022-12-21T17:12:00+00:00, run_after=2022-12-21T17:13:00+00:00
[2022-12-21 17:13:49,867] {processor.py:161} INFO - Processing /home/airflow/.local/lib/python3.7/site-packages/airflow/example_dags/example_branch_python_dop_operator_3.py took 0.074 seconds
[2022-12-21 17:14:20,516] {processor.py:153} INFO - Started process (PID=24493) to work on /home/airflow/.local/lib/python3.7/site-packages/airflow/example_dags/example_branch_python_dop_operator_3.py
[2022-12-21 17:14:20,516] {processor.py:641} INFO - Processing file /home/airflow/.local/lib/python3.7/site-packages/airflow/example_dags/example_branch_python_dop_operator_3.py for tasks to queue
[2022-12-21 17:14:20,517] {logging_mixin.py:115} INFO - [2022-12-21 17:14:20,517] {dagbag.py:507} INFO - Filling up the DagBag from /home/airflow/.local/lib/python3.7/site-packages/airflow/example_dags/example_branch_python_dop_operator_3.py
[2022-12-21 17:14:20,524] {processor.py:651} INFO - DAG(s) dict_keys(['example_branch_dop_operator_v3']) retrieved from /home/airflow/.local/lib/python3.7/site-packages/airflow/example_dags/example_branch_python_dop_operator_3.py
[2022-12-21 17:14:20,544] {logging_mixin.py:115} INFO - [2022-12-21 17:14:20,544] {dag.py:2371} INFO - Sync 1 DAGs
[2022-12-21 17:14:20,564] {logging_mixin.py:115} INFO - [2022-12-21 17:14:20,564] {dag.py:2919} INFO - Setting next_dagrun for example_branch_dop_operator_v3 to 2022-12-21T17:13:00+00:00, run_after=2022-12-21T17:14:00+00:00
[2022-12-21 17:14:20,574] {processor.py:161} INFO - Processing /home/airflow/.local/lib/python3.7/site-packages/airflow/example_dags/example_branch_python_dop_operator_3.py took 0.061 seconds
[2022-12-21 17:14:51,284] {processor.py:153} INFO - Started process (PID=24559) to work on /home/airflow/.local/lib/python3.7/site-packages/airflow/example_dags/example_branch_python_dop_operator_3.py
[2022-12-21 17:14:51,285] {processor.py:641} INFO - Processing file /home/airflow/.local/lib/python3.7/site-packages/airflow/example_dags/example_branch_python_dop_operator_3.py for tasks to queue
[2022-12-21 17:14:51,285] {logging_mixin.py:115} INFO - [2022-12-21 17:14:51,285] {dagbag.py:507} INFO - Filling up the DagBag from /home/airflow/.local/lib/python3.7/site-packages/airflow/example_dags/example_branch_python_dop_operator_3.py
[2022-12-21 17:14:51,295] {processor.py:651} INFO - DAG(s) dict_keys(['example_branch_dop_operator_v3']) retrieved from /home/airflow/.local/lib/python3.7/site-packages/airflow/example_dags/example_branch_python_dop_operator_3.py
[2022-12-21 17:14:51,318] {logging_mixin.py:115} INFO - [2022-12-21 17:14:51,318] {dag.py:2371} INFO - Sync 1 DAGs
[2022-12-21 17:14:51,343] {logging_mixin.py:115} INFO - [2022-12-21 17:14:51,343] {dag.py:2919} INFO - Setting next_dagrun for example_branch_dop_operator_v3 to 2022-12-21T17:13:00+00:00, run_after=2022-12-21T17:14:00+00:00
[2022-12-21 17:14:51,354] {processor.py:161} INFO - Processing /home/airflow/.local/lib/python3.7/site-packages/airflow/example_dags/example_branch_python_dop_operator_3.py took 0.072 seconds
[2022-12-21 17:15:21,818] {processor.py:153} INFO - Started process (PID=24625) to work on /home/airflow/.local/lib/python3.7/site-packages/airflow/example_dags/example_branch_python_dop_operator_3.py
[2022-12-21 17:15:21,819] {processor.py:641} INFO - Processing file /home/airflow/.local/lib/python3.7/site-packages/airflow/example_dags/example_branch_python_dop_operator_3.py for tasks to queue
[2022-12-21 17:15:21,819] {logging_mixin.py:115} INFO - [2022-12-21 17:15:21,819] {dagbag.py:507} INFO - Filling up the DagBag from /home/airflow/.local/lib/python3.7/site-packages/airflow/example_dags/example_branch_python_dop_operator_3.py
[2022-12-21 17:15:21,827] {processor.py:651} INFO - DAG(s) dict_keys(['example_branch_dop_operator_v3']) retrieved from /home/airflow/.local/lib/python3.7/site-packages/airflow/example_dags/example_branch_python_dop_operator_3.py
[2022-12-21 17:15:21,848] {logging_mixin.py:115} INFO - [2022-12-21 17:15:21,847] {dag.py:2371} INFO - Sync 1 DAGs
[2022-12-21 17:15:21,872] {logging_mixin.py:115} INFO - [2022-12-21 17:15:21,872] {dag.py:2919} INFO - Setting next_dagrun for example_branch_dop_operator_v3 to 2022-12-21T17:14:00+00:00, run_after=2022-12-21T17:15:00+00:00
[2022-12-21 17:15:21,884] {processor.py:161} INFO - Processing /home/airflow/.local/lib/python3.7/site-packages/airflow/example_dags/example_branch_python_dop_operator_3.py took 0.068 seconds
[2022-12-21 17:15:52,525] {processor.py:153} INFO - Started process (PID=24690) to work on /home/airflow/.local/lib/python3.7/site-packages/airflow/example_dags/example_branch_python_dop_operator_3.py
[2022-12-21 17:15:52,526] {processor.py:641} INFO - Processing file /home/airflow/.local/lib/python3.7/site-packages/airflow/example_dags/example_branch_python_dop_operator_3.py for tasks to queue
[2022-12-21 17:15:52,526] {logging_mixin.py:115} INFO - [2022-12-21 17:15:52,526] {dagbag.py:507} INFO - Filling up the DagBag from /home/airflow/.local/lib/python3.7/site-packages/airflow/example_dags/example_branch_python_dop_operator_3.py
[2022-12-21 17:15:52,533] {processor.py:651} INFO - DAG(s) dict_keys(['example_branch_dop_operator_v3']) retrieved from /home/airflow/.local/lib/python3.7/site-packages/airflow/example_dags/example_branch_python_dop_operator_3.py
[2022-12-21 17:15:52,553] {logging_mixin.py:115} INFO - [2022-12-21 17:15:52,553] {dag.py:2371} INFO - Sync 1 DAGs
[2022-12-21 17:15:52,576] {logging_mixin.py:115} INFO - [2022-12-21 17:15:52,576] {dag.py:2919} INFO - Setting next_dagrun for example_branch_dop_operator_v3 to 2022-12-21T17:14:00+00:00, run_after=2022-12-21T17:15:00+00:00
[2022-12-21 17:15:52,587] {processor.py:161} INFO - Processing /home/airflow/.local/lib/python3.7/site-packages/airflow/example_dags/example_branch_python_dop_operator_3.py took 0.064 seconds
[2022-12-21 17:16:23,230] {processor.py:153} INFO - Started process (PID=24747) to work on /home/airflow/.local/lib/python3.7/site-packages/airflow/example_dags/example_branch_python_dop_operator_3.py
[2022-12-21 17:16:23,230] {processor.py:641} INFO - Processing file /home/airflow/.local/lib/python3.7/site-packages/airflow/example_dags/example_branch_python_dop_operator_3.py for tasks to queue
[2022-12-21 17:16:23,231] {logging_mixin.py:115} INFO - [2022-12-21 17:16:23,231] {dagbag.py:507} INFO - Filling up the DagBag from /home/airflow/.local/lib/python3.7/site-packages/airflow/example_dags/example_branch_python_dop_operator_3.py
[2022-12-21 17:16:23,238] {processor.py:651} INFO - DAG(s) dict_keys(['example_branch_dop_operator_v3']) retrieved from /home/airflow/.local/lib/python3.7/site-packages/airflow/example_dags/example_branch_python_dop_operator_3.py
[2022-12-21 17:16:23,257] {logging_mixin.py:115} INFO - [2022-12-21 17:16:23,257] {dag.py:2371} INFO - Sync 1 DAGs
[2022-12-21 17:16:23,280] {logging_mixin.py:115} INFO - [2022-12-21 17:16:23,280] {dag.py:2919} INFO - Setting next_dagrun for example_branch_dop_operator_v3 to 2022-12-21T17:15:00+00:00, run_after=2022-12-21T17:16:00+00:00
[2022-12-21 17:16:23,291] {processor.py:161} INFO - Processing /home/airflow/.local/lib/python3.7/site-packages/airflow/example_dags/example_branch_python_dop_operator_3.py took 0.064 seconds
[2022-12-21 17:16:53,840] {processor.py:153} INFO - Started process (PID=24814) to work on /home/airflow/.local/lib/python3.7/site-packages/airflow/example_dags/example_branch_python_dop_operator_3.py
[2022-12-21 17:16:53,841] {processor.py:641} INFO - Processing file /home/airflow/.local/lib/python3.7/site-packages/airflow/example_dags/example_branch_python_dop_operator_3.py for tasks to queue
[2022-12-21 17:16:53,842] {logging_mixin.py:115} INFO - [2022-12-21 17:16:53,842] {dagbag.py:507} INFO - Filling up the DagBag from /home/airflow/.local/lib/python3.7/site-packages/airflow/example_dags/example_branch_python_dop_operator_3.py
[2022-12-21 17:16:53,851] {processor.py:651} INFO - DAG(s) dict_keys(['example_branch_dop_operator_v3']) retrieved from /home/airflow/.local/lib/python3.7/site-packages/airflow/example_dags/example_branch_python_dop_operator_3.py
[2022-12-21 17:16:53,871] {logging_mixin.py:115} INFO - [2022-12-21 17:16:53,871] {dag.py:2371} INFO - Sync 1 DAGs
[2022-12-21 17:16:53,894] {logging_mixin.py:115} INFO - [2022-12-21 17:16:53,894] {dag.py:2919} INFO - Setting next_dagrun for example_branch_dop_operator_v3 to 2022-12-21T17:15:00+00:00, run_after=2022-12-21T17:16:00+00:00
[2022-12-21 17:16:53,906] {processor.py:161} INFO - Processing /home/airflow/.local/lib/python3.7/site-packages/airflow/example_dags/example_branch_python_dop_operator_3.py took 0.069 seconds
[2022-12-21 17:17:24,485] {processor.py:153} INFO - Started process (PID=24880) to work on /home/airflow/.local/lib/python3.7/site-packages/airflow/example_dags/example_branch_python_dop_operator_3.py
[2022-12-21 17:17:24,486] {processor.py:641} INFO - Processing file /home/airflow/.local/lib/python3.7/site-packages/airflow/example_dags/example_branch_python_dop_operator_3.py for tasks to queue
[2022-12-21 17:17:24,487] {logging_mixin.py:115} INFO - [2022-12-21 17:17:24,487] {dagbag.py:507} INFO - Filling up the DagBag from /home/airflow/.local/lib/python3.7/site-packages/airflow/example_dags/example_branch_python_dop_operator_3.py
[2022-12-21 17:17:24,496] {processor.py:651} INFO - DAG(s) dict_keys(['example_branch_dop_operator_v3']) retrieved from /home/airflow/.local/lib/python3.7/site-packages/airflow/example_dags/example_branch_python_dop_operator_3.py
[2022-12-21 17:17:24,518] {logging_mixin.py:115} INFO - [2022-12-21 17:17:24,517] {dag.py:2371} INFO - Sync 1 DAGs
[2022-12-21 17:17:24,539] {logging_mixin.py:115} INFO - [2022-12-21 17:17:24,539] {dag.py:2919} INFO - Setting next_dagrun for example_branch_dop_operator_v3 to 2022-12-21T17:16:00+00:00, run_after=2022-12-21T17:17:00+00:00
[2022-12-21 17:17:24,551] {processor.py:161} INFO - Processing /home/airflow/.local/lib/python3.7/site-packages/airflow/example_dags/example_branch_python_dop_operator_3.py took 0.069 seconds
[2022-12-21 17:17:55,066] {processor.py:153} INFO - Started process (PID=24937) to work on /home/airflow/.local/lib/python3.7/site-packages/airflow/example_dags/example_branch_python_dop_operator_3.py
[2022-12-21 17:17:55,067] {processor.py:641} INFO - Processing file /home/airflow/.local/lib/python3.7/site-packages/airflow/example_dags/example_branch_python_dop_operator_3.py for tasks to queue
[2022-12-21 17:17:55,067] {logging_mixin.py:115} INFO - [2022-12-21 17:17:55,067] {dagbag.py:507} INFO - Filling up the DagBag from /home/airflow/.local/lib/python3.7/site-packages/airflow/example_dags/example_branch_python_dop_operator_3.py
[2022-12-21 17:17:55,077] {processor.py:651} INFO - DAG(s) dict_keys(['example_branch_dop_operator_v3']) retrieved from /home/airflow/.local/lib/python3.7/site-packages/airflow/example_dags/example_branch_python_dop_operator_3.py
[2022-12-21 17:17:55,097] {logging_mixin.py:115} INFO - [2022-12-21 17:17:55,097] {dag.py:2371} INFO - Sync 1 DAGs
[2022-12-21 17:17:55,120] {logging_mixin.py:115} INFO - [2022-12-21 17:17:55,120] {dag.py:2919} INFO - Setting next_dagrun for example_branch_dop_operator_v3 to 2022-12-21T17:16:00+00:00, run_after=2022-12-21T17:17:00+00:00
[2022-12-21 17:17:55,132] {processor.py:161} INFO - Processing /home/airflow/.local/lib/python3.7/site-packages/airflow/example_dags/example_branch_python_dop_operator_3.py took 0.068 seconds
[2022-12-21 17:18:25,800] {processor.py:153} INFO - Started process (PID=25005) to work on /home/airflow/.local/lib/python3.7/site-packages/airflow/example_dags/example_branch_python_dop_operator_3.py
[2022-12-21 17:18:25,801] {processor.py:641} INFO - Processing file /home/airflow/.local/lib/python3.7/site-packages/airflow/example_dags/example_branch_python_dop_operator_3.py for tasks to queue
[2022-12-21 17:18:25,802] {logging_mixin.py:115} INFO - [2022-12-21 17:18:25,802] {dagbag.py:507} INFO - Filling up the DagBag from /home/airflow/.local/lib/python3.7/site-packages/airflow/example_dags/example_branch_python_dop_operator_3.py
[2022-12-21 17:18:25,815] {processor.py:651} INFO - DAG(s) dict_keys(['example_branch_dop_operator_v3']) retrieved from /home/airflow/.local/lib/python3.7/site-packages/airflow/example_dags/example_branch_python_dop_operator_3.py
[2022-12-21 17:18:25,839] {logging_mixin.py:115} INFO - [2022-12-21 17:18:25,839] {dag.py:2371} INFO - Sync 1 DAGs
[2022-12-21 17:18:25,864] {logging_mixin.py:115} INFO - [2022-12-21 17:18:25,864] {dag.py:2919} INFO - Setting next_dagrun for example_branch_dop_operator_v3 to 2022-12-21T17:17:00+00:00, run_after=2022-12-21T17:18:00+00:00
[2022-12-21 17:18:25,877] {processor.py:161} INFO - Processing /home/airflow/.local/lib/python3.7/site-packages/airflow/example_dags/example_branch_python_dop_operator_3.py took 0.079 seconds
[2022-12-21 17:18:56,592] {processor.py:153} INFO - Started process (PID=25072) to work on /home/airflow/.local/lib/python3.7/site-packages/airflow/example_dags/example_branch_python_dop_operator_3.py
[2022-12-21 17:18:56,593] {processor.py:641} INFO - Processing file /home/airflow/.local/lib/python3.7/site-packages/airflow/example_dags/example_branch_python_dop_operator_3.py for tasks to queue
[2022-12-21 17:18:56,593] {logging_mixin.py:115} INFO - [2022-12-21 17:18:56,593] {dagbag.py:507} INFO - Filling up the DagBag from /home/airflow/.local/lib/python3.7/site-packages/airflow/example_dags/example_branch_python_dop_operator_3.py
[2022-12-21 17:18:56,600] {processor.py:651} INFO - DAG(s) dict_keys(['example_branch_dop_operator_v3']) retrieved from /home/airflow/.local/lib/python3.7/site-packages/airflow/example_dags/example_branch_python_dop_operator_3.py
[2022-12-21 17:18:56,624] {logging_mixin.py:115} INFO - [2022-12-21 17:18:56,624] {dag.py:2371} INFO - Sync 1 DAGs
[2022-12-21 17:18:56,648] {logging_mixin.py:115} INFO - [2022-12-21 17:18:56,648] {dag.py:2919} INFO - Setting next_dagrun for example_branch_dop_operator_v3 to 2022-12-21T17:17:00+00:00, run_after=2022-12-21T17:18:00+00:00
[2022-12-21 17:18:56,661] {processor.py:161} INFO - Processing /home/airflow/.local/lib/python3.7/site-packages/airflow/example_dags/example_branch_python_dop_operator_3.py took 0.072 seconds
[2022-12-21 17:19:27,257] {processor.py:153} INFO - Started process (PID=25140) to work on /home/airflow/.local/lib/python3.7/site-packages/airflow/example_dags/example_branch_python_dop_operator_3.py
[2022-12-21 17:19:27,257] {processor.py:641} INFO - Processing file /home/airflow/.local/lib/python3.7/site-packages/airflow/example_dags/example_branch_python_dop_operator_3.py for tasks to queue
[2022-12-21 17:19:27,258] {logging_mixin.py:115} INFO - [2022-12-21 17:19:27,258] {dagbag.py:507} INFO - Filling up the DagBag from /home/airflow/.local/lib/python3.7/site-packages/airflow/example_dags/example_branch_python_dop_operator_3.py
[2022-12-21 17:19:27,265] {processor.py:651} INFO - DAG(s) dict_keys(['example_branch_dop_operator_v3']) retrieved from /home/airflow/.local/lib/python3.7/site-packages/airflow/example_dags/example_branch_python_dop_operator_3.py
[2022-12-21 17:19:27,283] {logging_mixin.py:115} INFO - [2022-12-21 17:19:27,283] {dag.py:2371} INFO - Sync 1 DAGs
[2022-12-21 17:19:27,305] {logging_mixin.py:115} INFO - [2022-12-21 17:19:27,305] {dag.py:2919} INFO - Setting next_dagrun for example_branch_dop_operator_v3 to 2022-12-21T17:18:00+00:00, run_after=2022-12-21T17:19:00+00:00
[2022-12-21 17:19:27,316] {processor.py:161} INFO - Processing /home/airflow/.local/lib/python3.7/site-packages/airflow/example_dags/example_branch_python_dop_operator_3.py took 0.062 seconds
[2022-12-21 17:19:57,926] {processor.py:153} INFO - Started process (PID=25199) to work on /home/airflow/.local/lib/python3.7/site-packages/airflow/example_dags/example_branch_python_dop_operator_3.py
[2022-12-21 17:19:57,927] {processor.py:641} INFO - Processing file /home/airflow/.local/lib/python3.7/site-packages/airflow/example_dags/example_branch_python_dop_operator_3.py for tasks to queue
[2022-12-21 17:19:57,927] {logging_mixin.py:115} INFO - [2022-12-21 17:19:57,927] {dagbag.py:507} INFO - Filling up the DagBag from /home/airflow/.local/lib/python3.7/site-packages/airflow/example_dags/example_branch_python_dop_operator_3.py
[2022-12-21 17:19:57,934] {processor.py:651} INFO - DAG(s) dict_keys(['example_branch_dop_operator_v3']) retrieved from /home/airflow/.local/lib/python3.7/site-packages/airflow/example_dags/example_branch_python_dop_operator_3.py
[2022-12-21 17:19:57,953] {logging_mixin.py:115} INFO - [2022-12-21 17:19:57,953] {dag.py:2371} INFO - Sync 1 DAGs
[2022-12-21 17:19:57,978] {logging_mixin.py:115} INFO - [2022-12-21 17:19:57,978] {dag.py:2919} INFO - Setting next_dagrun for example_branch_dop_operator_v3 to 2022-12-21T17:18:00+00:00, run_after=2022-12-21T17:19:00+00:00
[2022-12-21 17:19:57,990] {processor.py:161} INFO - Processing /home/airflow/.local/lib/python3.7/site-packages/airflow/example_dags/example_branch_python_dop_operator_3.py took 0.066 seconds
[2022-12-21 17:20:28,578] {processor.py:153} INFO - Started process (PID=25265) to work on /home/airflow/.local/lib/python3.7/site-packages/airflow/example_dags/example_branch_python_dop_operator_3.py
[2022-12-21 17:20:28,579] {processor.py:641} INFO - Processing file /home/airflow/.local/lib/python3.7/site-packages/airflow/example_dags/example_branch_python_dop_operator_3.py for tasks to queue
[2022-12-21 17:20:28,579] {logging_mixin.py:115} INFO - [2022-12-21 17:20:28,579] {dagbag.py:507} INFO - Filling up the DagBag from /home/airflow/.local/lib/python3.7/site-packages/airflow/example_dags/example_branch_python_dop_operator_3.py
[2022-12-21 17:20:28,586] {processor.py:651} INFO - DAG(s) dict_keys(['example_branch_dop_operator_v3']) retrieved from /home/airflow/.local/lib/python3.7/site-packages/airflow/example_dags/example_branch_python_dop_operator_3.py
[2022-12-21 17:20:28,605] {logging_mixin.py:115} INFO - [2022-12-21 17:20:28,604] {dag.py:2371} INFO - Sync 1 DAGs
[2022-12-21 17:20:28,623] {logging_mixin.py:115} INFO - [2022-12-21 17:20:28,623] {dag.py:2919} INFO - Setting next_dagrun for example_branch_dop_operator_v3 to 2022-12-21T17:19:00+00:00, run_after=2022-12-21T17:20:00+00:00
[2022-12-21 17:20:28,633] {processor.py:161} INFO - Processing /home/airflow/.local/lib/python3.7/site-packages/airflow/example_dags/example_branch_python_dop_operator_3.py took 0.057 seconds
[2022-12-21 17:20:59,293] {processor.py:153} INFO - Started process (PID=25331) to work on /home/airflow/.local/lib/python3.7/site-packages/airflow/example_dags/example_branch_python_dop_operator_3.py
[2022-12-21 17:20:59,294] {processor.py:641} INFO - Processing file /home/airflow/.local/lib/python3.7/site-packages/airflow/example_dags/example_branch_python_dop_operator_3.py for tasks to queue
[2022-12-21 17:20:59,295] {logging_mixin.py:115} INFO - [2022-12-21 17:20:59,295] {dagbag.py:507} INFO - Filling up the DagBag from /home/airflow/.local/lib/python3.7/site-packages/airflow/example_dags/example_branch_python_dop_operator_3.py
[2022-12-21 17:20:59,305] {processor.py:651} INFO - DAG(s) dict_keys(['example_branch_dop_operator_v3']) retrieved from /home/airflow/.local/lib/python3.7/site-packages/airflow/example_dags/example_branch_python_dop_operator_3.py
[2022-12-21 17:20:59,329] {logging_mixin.py:115} INFO - [2022-12-21 17:20:59,329] {dag.py:2371} INFO - Sync 1 DAGs
[2022-12-21 17:20:59,351] {logging_mixin.py:115} INFO - [2022-12-21 17:20:59,351] {dag.py:2919} INFO - Setting next_dagrun for example_branch_dop_operator_v3 to 2022-12-21T17:19:00+00:00, run_after=2022-12-21T17:20:00+00:00
[2022-12-21 17:20:59,362] {processor.py:161} INFO - Processing /home/airflow/.local/lib/python3.7/site-packages/airflow/example_dags/example_branch_python_dop_operator_3.py took 0.071 seconds
[2022-12-21 17:21:29,767] {processor.py:153} INFO - Started process (PID=25397) to work on /home/airflow/.local/lib/python3.7/site-packages/airflow/example_dags/example_branch_python_dop_operator_3.py
[2022-12-21 17:21:29,767] {processor.py:641} INFO - Processing file /home/airflow/.local/lib/python3.7/site-packages/airflow/example_dags/example_branch_python_dop_operator_3.py for tasks to queue
[2022-12-21 17:21:29,768] {logging_mixin.py:115} INFO - [2022-12-21 17:21:29,768] {dagbag.py:507} INFO - Filling up the DagBag from /home/airflow/.local/lib/python3.7/site-packages/airflow/example_dags/example_branch_python_dop_operator_3.py
[2022-12-21 17:21:29,776] {processor.py:651} INFO - DAG(s) dict_keys(['example_branch_dop_operator_v3']) retrieved from /home/airflow/.local/lib/python3.7/site-packages/airflow/example_dags/example_branch_python_dop_operator_3.py
[2022-12-21 17:21:29,799] {logging_mixin.py:115} INFO - [2022-12-21 17:21:29,799] {dag.py:2371} INFO - Sync 1 DAGs
[2022-12-21 17:21:29,822] {logging_mixin.py:115} INFO - [2022-12-21 17:21:29,822] {dag.py:2919} INFO - Setting next_dagrun for example_branch_dop_operator_v3 to 2022-12-21T17:20:00+00:00, run_after=2022-12-21T17:21:00+00:00
[2022-12-21 17:21:29,833] {processor.py:161} INFO - Processing /home/airflow/.local/lib/python3.7/site-packages/airflow/example_dags/example_branch_python_dop_operator_3.py took 0.069 seconds
[2022-12-21 17:22:00,245] {processor.py:153} INFO - Started process (PID=25453) to work on /home/airflow/.local/lib/python3.7/site-packages/airflow/example_dags/example_branch_python_dop_operator_3.py
[2022-12-21 17:22:00,245] {processor.py:641} INFO - Processing file /home/airflow/.local/lib/python3.7/site-packages/airflow/example_dags/example_branch_python_dop_operator_3.py for tasks to queue
[2022-12-21 17:22:00,246] {logging_mixin.py:115} INFO - [2022-12-21 17:22:00,246] {dagbag.py:507} INFO - Filling up the DagBag from /home/airflow/.local/lib/python3.7/site-packages/airflow/example_dags/example_branch_python_dop_operator_3.py
[2022-12-21 17:22:00,254] {processor.py:651} INFO - DAG(s) dict_keys(['example_branch_dop_operator_v3']) retrieved from /home/airflow/.local/lib/python3.7/site-packages/airflow/example_dags/example_branch_python_dop_operator_3.py
[2022-12-21 17:22:00,276] {logging_mixin.py:115} INFO - [2022-12-21 17:22:00,276] {dag.py:2371} INFO - Sync 1 DAGs
[2022-12-21 17:22:00,301] {logging_mixin.py:115} INFO - [2022-12-21 17:22:00,300] {dag.py:2919} INFO - Setting next_dagrun for example_branch_dop_operator_v3 to 2022-12-21T17:21:00+00:00, run_after=2022-12-21T17:22:00+00:00
[2022-12-21 17:22:00,312] {processor.py:161} INFO - Processing /home/airflow/.local/lib/python3.7/site-packages/airflow/example_dags/example_branch_python_dop_operator_3.py took 0.070 seconds
[2022-12-21 17:22:30,786] {processor.py:153} INFO - Started process (PID=25521) to work on /home/airflow/.local/lib/python3.7/site-packages/airflow/example_dags/example_branch_python_dop_operator_3.py
[2022-12-21 17:22:30,786] {processor.py:641} INFO - Processing file /home/airflow/.local/lib/python3.7/site-packages/airflow/example_dags/example_branch_python_dop_operator_3.py for tasks to queue
[2022-12-21 17:22:30,787] {logging_mixin.py:115} INFO - [2022-12-21 17:22:30,787] {dagbag.py:507} INFO - Filling up the DagBag from /home/airflow/.local/lib/python3.7/site-packages/airflow/example_dags/example_branch_python_dop_operator_3.py
[2022-12-21 17:22:30,795] {processor.py:651} INFO - DAG(s) dict_keys(['example_branch_dop_operator_v3']) retrieved from /home/airflow/.local/lib/python3.7/site-packages/airflow/example_dags/example_branch_python_dop_operator_3.py
[2022-12-21 17:22:30,815] {logging_mixin.py:115} INFO - [2022-12-21 17:22:30,815] {dag.py:2371} INFO - Sync 1 DAGs
[2022-12-21 17:22:30,839] {logging_mixin.py:115} INFO - [2022-12-21 17:22:30,839] {dag.py:2919} INFO - Setting next_dagrun for example_branch_dop_operator_v3 to 2022-12-21T17:21:00+00:00, run_after=2022-12-21T17:22:00+00:00
[2022-12-21 17:22:30,850] {processor.py:161} INFO - Processing /home/airflow/.local/lib/python3.7/site-packages/airflow/example_dags/example_branch_python_dop_operator_3.py took 0.067 seconds
[2022-12-21 17:23:00,998] {processor.py:153} INFO - Started process (PID=25588) to work on /home/airflow/.local/lib/python3.7/site-packages/airflow/example_dags/example_branch_python_dop_operator_3.py
[2022-12-21 17:23:00,998] {processor.py:641} INFO - Processing file /home/airflow/.local/lib/python3.7/site-packages/airflow/example_dags/example_branch_python_dop_operator_3.py for tasks to queue
[2022-12-21 17:23:00,998] {logging_mixin.py:115} INFO - [2022-12-21 17:23:00,998] {dagbag.py:507} INFO - Filling up the DagBag from /home/airflow/.local/lib/python3.7/site-packages/airflow/example_dags/example_branch_python_dop_operator_3.py
[2022-12-21 17:23:01,006] {processor.py:651} INFO - DAG(s) dict_keys(['example_branch_dop_operator_v3']) retrieved from /home/airflow/.local/lib/python3.7/site-packages/airflow/example_dags/example_branch_python_dop_operator_3.py
[2022-12-21 17:23:01,027] {logging_mixin.py:115} INFO - [2022-12-21 17:23:01,027] {dag.py:2371} INFO - Sync 1 DAGs
[2022-12-21 17:23:01,053] {logging_mixin.py:115} INFO - [2022-12-21 17:23:01,053] {dag.py:2919} INFO - Setting next_dagrun for example_branch_dop_operator_v3 to 2022-12-21T17:22:00+00:00, run_after=2022-12-21T17:23:00+00:00
[2022-12-21 17:23:01,065] {processor.py:161} INFO - Processing /home/airflow/.local/lib/python3.7/site-packages/airflow/example_dags/example_branch_python_dop_operator_3.py took 0.069 seconds
[2022-12-21 17:23:31,957] {processor.py:153} INFO - Started process (PID=25654) to work on /home/airflow/.local/lib/python3.7/site-packages/airflow/example_dags/example_branch_python_dop_operator_3.py
[2022-12-21 17:23:31,958] {processor.py:641} INFO - Processing file /home/airflow/.local/lib/python3.7/site-packages/airflow/example_dags/example_branch_python_dop_operator_3.py for tasks to queue
[2022-12-21 17:23:31,958] {logging_mixin.py:115} INFO - [2022-12-21 17:23:31,958] {dagbag.py:507} INFO - Filling up the DagBag from /home/airflow/.local/lib/python3.7/site-packages/airflow/example_dags/example_branch_python_dop_operator_3.py
[2022-12-21 17:23:31,967] {processor.py:651} INFO - DAG(s) dict_keys(['example_branch_dop_operator_v3']) retrieved from /home/airflow/.local/lib/python3.7/site-packages/airflow/example_dags/example_branch_python_dop_operator_3.py
[2022-12-21 17:23:31,990] {logging_mixin.py:115} INFO - [2022-12-21 17:23:31,990] {dag.py:2371} INFO - Sync 1 DAGs
[2022-12-21 17:23:32,015] {logging_mixin.py:115} INFO - [2022-12-21 17:23:32,015] {dag.py:2919} INFO - Setting next_dagrun for example_branch_dop_operator_v3 to 2022-12-21T17:22:00+00:00, run_after=2022-12-21T17:23:00+00:00
[2022-12-21 17:23:32,026] {processor.py:161} INFO - Processing /home/airflow/.local/lib/python3.7/site-packages/airflow/example_dags/example_branch_python_dop_operator_3.py took 0.071 seconds
