[2022-12-21 16:54:58,336] {processor.py:153} INFO - Started process (PID=22066) to work on /home/airflow/.local/lib/python3.7/site-packages/airflow/example_dags/example_task_group_decorator.py
[2022-12-21 16:54:58,337] {processor.py:641} INFO - Processing file /home/airflow/.local/lib/python3.7/site-packages/airflow/example_dags/example_task_group_decorator.py for tasks to queue
[2022-12-21 16:54:58,337] {logging_mixin.py:115} INFO - [2022-12-21 16:54:58,337] {dagbag.py:507} INFO - Filling up the DagBag from /home/airflow/.local/lib/python3.7/site-packages/airflow/example_dags/example_task_group_decorator.py
[2022-12-21 16:54:58,358] {processor.py:651} INFO - DAG(s) dict_keys(['example_task_group_decorator']) retrieved from /home/airflow/.local/lib/python3.7/site-packages/airflow/example_dags/example_task_group_decorator.py
[2022-12-21 16:54:58,411] {logging_mixin.py:115} INFO - [2022-12-21 16:54:58,411] {dag.py:2371} INFO - Sync 1 DAGs
[2022-12-21 16:54:58,429] {logging_mixin.py:115} INFO - [2022-12-21 16:54:58,429] {dag.py:2919} INFO - Setting next_dagrun for example_task_group_decorator to 2022-12-20T16:54:58.429434+00:00, run_after=2022-12-21T16:54:58.429434+00:00
[2022-12-21 16:54:58,443] {processor.py:161} INFO - Processing /home/airflow/.local/lib/python3.7/site-packages/airflow/example_dags/example_task_group_decorator.py took 0.110 seconds
[2022-12-21 16:55:28,984] {processor.py:153} INFO - Started process (PID=22132) to work on /home/airflow/.local/lib/python3.7/site-packages/airflow/example_dags/example_task_group_decorator.py
[2022-12-21 16:55:28,984] {processor.py:641} INFO - Processing file /home/airflow/.local/lib/python3.7/site-packages/airflow/example_dags/example_task_group_decorator.py for tasks to queue
[2022-12-21 16:55:28,985] {logging_mixin.py:115} INFO - [2022-12-21 16:55:28,985] {dagbag.py:507} INFO - Filling up the DagBag from /home/airflow/.local/lib/python3.7/site-packages/airflow/example_dags/example_task_group_decorator.py
[2022-12-21 16:55:29,002] {processor.py:651} INFO - DAG(s) dict_keys(['example_task_group_decorator']) retrieved from /home/airflow/.local/lib/python3.7/site-packages/airflow/example_dags/example_task_group_decorator.py
[2022-12-21 16:55:29,048] {logging_mixin.py:115} INFO - [2022-12-21 16:55:29,048] {dag.py:2371} INFO - Sync 1 DAGs
[2022-12-21 16:55:29,068] {logging_mixin.py:115} INFO - [2022-12-21 16:55:29,068] {dag.py:2919} INFO - Setting next_dagrun for example_task_group_decorator to 2022-12-20T16:55:29.068087+00:00, run_after=2022-12-21T16:55:29.068087+00:00
[2022-12-21 16:55:29,079] {processor.py:161} INFO - Processing /home/airflow/.local/lib/python3.7/site-packages/airflow/example_dags/example_task_group_decorator.py took 0.097 seconds
[2022-12-21 16:55:59,483] {processor.py:153} INFO - Started process (PID=22198) to work on /home/airflow/.local/lib/python3.7/site-packages/airflow/example_dags/example_task_group_decorator.py
[2022-12-21 16:55:59,484] {processor.py:641} INFO - Processing file /home/airflow/.local/lib/python3.7/site-packages/airflow/example_dags/example_task_group_decorator.py for tasks to queue
[2022-12-21 16:55:59,484] {logging_mixin.py:115} INFO - [2022-12-21 16:55:59,484] {dagbag.py:507} INFO - Filling up the DagBag from /home/airflow/.local/lib/python3.7/site-packages/airflow/example_dags/example_task_group_decorator.py
[2022-12-21 16:55:59,501] {processor.py:651} INFO - DAG(s) dict_keys(['example_task_group_decorator']) retrieved from /home/airflow/.local/lib/python3.7/site-packages/airflow/example_dags/example_task_group_decorator.py
[2022-12-21 16:55:59,548] {logging_mixin.py:115} INFO - [2022-12-21 16:55:59,548] {dag.py:2371} INFO - Sync 1 DAGs
[2022-12-21 16:55:59,562] {logging_mixin.py:115} INFO - [2022-12-21 16:55:59,561] {dag.py:2919} INFO - Setting next_dagrun for example_task_group_decorator to 2022-12-20T16:55:59.561680+00:00, run_after=2022-12-21T16:55:59.561680+00:00
[2022-12-21 16:55:59,571] {processor.py:161} INFO - Processing /home/airflow/.local/lib/python3.7/site-packages/airflow/example_dags/example_task_group_decorator.py took 0.090 seconds
[2022-12-21 16:56:29,789] {processor.py:153} INFO - Started process (PID=22255) to work on /home/airflow/.local/lib/python3.7/site-packages/airflow/example_dags/example_task_group_decorator.py
[2022-12-21 16:56:29,790] {processor.py:641} INFO - Processing file /home/airflow/.local/lib/python3.7/site-packages/airflow/example_dags/example_task_group_decorator.py for tasks to queue
[2022-12-21 16:56:29,790] {logging_mixin.py:115} INFO - [2022-12-21 16:56:29,790] {dagbag.py:507} INFO - Filling up the DagBag from /home/airflow/.local/lib/python3.7/site-packages/airflow/example_dags/example_task_group_decorator.py
[2022-12-21 16:56:29,807] {processor.py:651} INFO - DAG(s) dict_keys(['example_task_group_decorator']) retrieved from /home/airflow/.local/lib/python3.7/site-packages/airflow/example_dags/example_task_group_decorator.py
[2022-12-21 16:56:29,857] {logging_mixin.py:115} INFO - [2022-12-21 16:56:29,857] {dag.py:2371} INFO - Sync 1 DAGs
[2022-12-21 16:56:29,873] {logging_mixin.py:115} INFO - [2022-12-21 16:56:29,873] {dag.py:2919} INFO - Setting next_dagrun for example_task_group_decorator to 2022-12-20T16:56:29.873153+00:00, run_after=2022-12-21T16:56:29.873153+00:00
[2022-12-21 16:56:29,882] {processor.py:161} INFO - Processing /home/airflow/.local/lib/python3.7/site-packages/airflow/example_dags/example_task_group_decorator.py took 0.095 seconds
[2022-12-21 16:57:00,327] {processor.py:153} INFO - Started process (PID=22322) to work on /home/airflow/.local/lib/python3.7/site-packages/airflow/example_dags/example_task_group_decorator.py
[2022-12-21 16:57:00,327] {processor.py:641} INFO - Processing file /home/airflow/.local/lib/python3.7/site-packages/airflow/example_dags/example_task_group_decorator.py for tasks to queue
[2022-12-21 16:57:00,327] {logging_mixin.py:115} INFO - [2022-12-21 16:57:00,327] {dagbag.py:507} INFO - Filling up the DagBag from /home/airflow/.local/lib/python3.7/site-packages/airflow/example_dags/example_task_group_decorator.py
[2022-12-21 16:57:00,345] {processor.py:651} INFO - DAG(s) dict_keys(['example_task_group_decorator']) retrieved from /home/airflow/.local/lib/python3.7/site-packages/airflow/example_dags/example_task_group_decorator.py
[2022-12-21 16:57:00,393] {logging_mixin.py:115} INFO - [2022-12-21 16:57:00,393] {dag.py:2371} INFO - Sync 1 DAGs
[2022-12-21 16:57:00,409] {logging_mixin.py:115} INFO - [2022-12-21 16:57:00,409] {dag.py:2919} INFO - Setting next_dagrun for example_task_group_decorator to 2022-12-20T16:57:00.409014+00:00, run_after=2022-12-21T16:57:00.409014+00:00
[2022-12-21 16:57:00,419] {processor.py:161} INFO - Processing /home/airflow/.local/lib/python3.7/site-packages/airflow/example_dags/example_task_group_decorator.py took 0.095 seconds
[2022-12-21 16:57:30,691] {processor.py:153} INFO - Started process (PID=22389) to work on /home/airflow/.local/lib/python3.7/site-packages/airflow/example_dags/example_task_group_decorator.py
[2022-12-21 16:57:30,692] {processor.py:641} INFO - Processing file /home/airflow/.local/lib/python3.7/site-packages/airflow/example_dags/example_task_group_decorator.py for tasks to queue
[2022-12-21 16:57:30,692] {logging_mixin.py:115} INFO - [2022-12-21 16:57:30,692] {dagbag.py:507} INFO - Filling up the DagBag from /home/airflow/.local/lib/python3.7/site-packages/airflow/example_dags/example_task_group_decorator.py
[2022-12-21 16:57:30,711] {processor.py:651} INFO - DAG(s) dict_keys(['example_task_group_decorator']) retrieved from /home/airflow/.local/lib/python3.7/site-packages/airflow/example_dags/example_task_group_decorator.py
[2022-12-21 16:57:30,764] {logging_mixin.py:115} INFO - [2022-12-21 16:57:30,764] {dag.py:2371} INFO - Sync 1 DAGs
[2022-12-21 16:57:30,777] {logging_mixin.py:115} INFO - [2022-12-21 16:57:30,777] {dag.py:2919} INFO - Setting next_dagrun for example_task_group_decorator to 2022-12-20T16:57:30.777110+00:00, run_after=2022-12-21T16:57:30.777110+00:00
[2022-12-21 16:57:30,786] {processor.py:161} INFO - Processing /home/airflow/.local/lib/python3.7/site-packages/airflow/example_dags/example_task_group_decorator.py took 0.097 seconds
[2022-12-21 16:58:01,066] {processor.py:153} INFO - Started process (PID=22455) to work on /home/airflow/.local/lib/python3.7/site-packages/airflow/example_dags/example_task_group_decorator.py
[2022-12-21 16:58:01,066] {processor.py:641} INFO - Processing file /home/airflow/.local/lib/python3.7/site-packages/airflow/example_dags/example_task_group_decorator.py for tasks to queue
[2022-12-21 16:58:01,066] {logging_mixin.py:115} INFO - [2022-12-21 16:58:01,066] {dagbag.py:507} INFO - Filling up the DagBag from /home/airflow/.local/lib/python3.7/site-packages/airflow/example_dags/example_task_group_decorator.py
[2022-12-21 16:58:01,087] {processor.py:651} INFO - DAG(s) dict_keys(['example_task_group_decorator']) retrieved from /home/airflow/.local/lib/python3.7/site-packages/airflow/example_dags/example_task_group_decorator.py
[2022-12-21 16:58:01,136] {logging_mixin.py:115} INFO - [2022-12-21 16:58:01,136] {dag.py:2371} INFO - Sync 1 DAGs
[2022-12-21 16:58:01,153] {logging_mixin.py:115} INFO - [2022-12-21 16:58:01,153] {dag.py:2919} INFO - Setting next_dagrun for example_task_group_decorator to 2022-12-20T16:58:01.152949+00:00, run_after=2022-12-21T16:58:01.152949+00:00
[2022-12-21 16:58:01,164] {processor.py:161} INFO - Processing /home/airflow/.local/lib/python3.7/site-packages/airflow/example_dags/example_task_group_decorator.py took 0.101 seconds
[2022-12-21 16:58:31,543] {processor.py:153} INFO - Started process (PID=22512) to work on /home/airflow/.local/lib/python3.7/site-packages/airflow/example_dags/example_task_group_decorator.py
[2022-12-21 16:58:31,543] {processor.py:641} INFO - Processing file /home/airflow/.local/lib/python3.7/site-packages/airflow/example_dags/example_task_group_decorator.py for tasks to queue
[2022-12-21 16:58:31,544] {logging_mixin.py:115} INFO - [2022-12-21 16:58:31,544] {dagbag.py:507} INFO - Filling up the DagBag from /home/airflow/.local/lib/python3.7/site-packages/airflow/example_dags/example_task_group_decorator.py
[2022-12-21 16:58:31,567] {processor.py:651} INFO - DAG(s) dict_keys(['example_task_group_decorator']) retrieved from /home/airflow/.local/lib/python3.7/site-packages/airflow/example_dags/example_task_group_decorator.py
[2022-12-21 16:58:31,629] {logging_mixin.py:115} INFO - [2022-12-21 16:58:31,629] {dag.py:2371} INFO - Sync 1 DAGs
[2022-12-21 16:58:31,650] {logging_mixin.py:115} INFO - [2022-12-21 16:58:31,650] {dag.py:2919} INFO - Setting next_dagrun for example_task_group_decorator to 2022-12-20T16:58:31.650213+00:00, run_after=2022-12-21T16:58:31.650213+00:00
[2022-12-21 16:58:31,664] {processor.py:161} INFO - Processing /home/airflow/.local/lib/python3.7/site-packages/airflow/example_dags/example_task_group_decorator.py took 0.125 seconds
[2022-12-21 16:59:02,082] {processor.py:153} INFO - Started process (PID=22578) to work on /home/airflow/.local/lib/python3.7/site-packages/airflow/example_dags/example_task_group_decorator.py
[2022-12-21 16:59:02,082] {processor.py:641} INFO - Processing file /home/airflow/.local/lib/python3.7/site-packages/airflow/example_dags/example_task_group_decorator.py for tasks to queue
[2022-12-21 16:59:02,082] {logging_mixin.py:115} INFO - [2022-12-21 16:59:02,082] {dagbag.py:507} INFO - Filling up the DagBag from /home/airflow/.local/lib/python3.7/site-packages/airflow/example_dags/example_task_group_decorator.py
[2022-12-21 16:59:02,100] {processor.py:651} INFO - DAG(s) dict_keys(['example_task_group_decorator']) retrieved from /home/airflow/.local/lib/python3.7/site-packages/airflow/example_dags/example_task_group_decorator.py
[2022-12-21 16:59:02,151] {logging_mixin.py:115} INFO - [2022-12-21 16:59:02,151] {dag.py:2371} INFO - Sync 1 DAGs
[2022-12-21 16:59:02,166] {logging_mixin.py:115} INFO - [2022-12-21 16:59:02,166] {dag.py:2919} INFO - Setting next_dagrun for example_task_group_decorator to 2022-12-20T16:59:02.166156+00:00, run_after=2022-12-21T16:59:02.166156+00:00
[2022-12-21 16:59:02,177] {processor.py:161} INFO - Processing /home/airflow/.local/lib/python3.7/site-packages/airflow/example_dags/example_task_group_decorator.py took 0.097 seconds
[2022-12-21 16:59:32,530] {processor.py:153} INFO - Started process (PID=22646) to work on /home/airflow/.local/lib/python3.7/site-packages/airflow/example_dags/example_task_group_decorator.py
[2022-12-21 16:59:32,530] {processor.py:641} INFO - Processing file /home/airflow/.local/lib/python3.7/site-packages/airflow/example_dags/example_task_group_decorator.py for tasks to queue
[2022-12-21 16:59:32,531] {logging_mixin.py:115} INFO - [2022-12-21 16:59:32,530] {dagbag.py:507} INFO - Filling up the DagBag from /home/airflow/.local/lib/python3.7/site-packages/airflow/example_dags/example_task_group_decorator.py
[2022-12-21 16:59:32,549] {processor.py:651} INFO - DAG(s) dict_keys(['example_task_group_decorator']) retrieved from /home/airflow/.local/lib/python3.7/site-packages/airflow/example_dags/example_task_group_decorator.py
[2022-12-21 16:59:32,601] {logging_mixin.py:115} INFO - [2022-12-21 16:59:32,601] {dag.py:2371} INFO - Sync 1 DAGs
[2022-12-21 16:59:32,617] {logging_mixin.py:115} INFO - [2022-12-21 16:59:32,617] {dag.py:2919} INFO - Setting next_dagrun for example_task_group_decorator to 2022-12-20T16:59:32.617497+00:00, run_after=2022-12-21T16:59:32.617497+00:00
[2022-12-21 16:59:32,629] {processor.py:161} INFO - Processing /home/airflow/.local/lib/python3.7/site-packages/airflow/example_dags/example_task_group_decorator.py took 0.101 seconds
[2022-12-21 17:00:03,107] {processor.py:153} INFO - Started process (PID=22710) to work on /home/airflow/.local/lib/python3.7/site-packages/airflow/example_dags/example_task_group_decorator.py
[2022-12-21 17:00:03,108] {processor.py:641} INFO - Processing file /home/airflow/.local/lib/python3.7/site-packages/airflow/example_dags/example_task_group_decorator.py for tasks to queue
[2022-12-21 17:00:03,108] {logging_mixin.py:115} INFO - [2022-12-21 17:00:03,108] {dagbag.py:507} INFO - Filling up the DagBag from /home/airflow/.local/lib/python3.7/site-packages/airflow/example_dags/example_task_group_decorator.py
[2022-12-21 17:00:03,131] {processor.py:651} INFO - DAG(s) dict_keys(['example_task_group_decorator']) retrieved from /home/airflow/.local/lib/python3.7/site-packages/airflow/example_dags/example_task_group_decorator.py
[2022-12-21 17:00:03,188] {logging_mixin.py:115} INFO - [2022-12-21 17:00:03,188] {dag.py:2371} INFO - Sync 1 DAGs
[2022-12-21 17:00:03,206] {logging_mixin.py:115} INFO - [2022-12-21 17:00:03,206] {dag.py:2919} INFO - Setting next_dagrun for example_task_group_decorator to 2022-12-20T17:00:03.205787+00:00, run_after=2022-12-21T17:00:03.205787+00:00
[2022-12-21 17:00:03,220] {processor.py:161} INFO - Processing /home/airflow/.local/lib/python3.7/site-packages/airflow/example_dags/example_task_group_decorator.py took 0.115 seconds
[2022-12-21 17:00:33,693] {processor.py:153} INFO - Started process (PID=22769) to work on /home/airflow/.local/lib/python3.7/site-packages/airflow/example_dags/example_task_group_decorator.py
[2022-12-21 17:00:33,693] {processor.py:641} INFO - Processing file /home/airflow/.local/lib/python3.7/site-packages/airflow/example_dags/example_task_group_decorator.py for tasks to queue
[2022-12-21 17:00:33,694] {logging_mixin.py:115} INFO - [2022-12-21 17:00:33,694] {dagbag.py:507} INFO - Filling up the DagBag from /home/airflow/.local/lib/python3.7/site-packages/airflow/example_dags/example_task_group_decorator.py
[2022-12-21 17:00:33,712] {processor.py:651} INFO - DAG(s) dict_keys(['example_task_group_decorator']) retrieved from /home/airflow/.local/lib/python3.7/site-packages/airflow/example_dags/example_task_group_decorator.py
[2022-12-21 17:00:33,761] {logging_mixin.py:115} INFO - [2022-12-21 17:00:33,761] {dag.py:2371} INFO - Sync 1 DAGs
[2022-12-21 17:00:33,778] {logging_mixin.py:115} INFO - [2022-12-21 17:00:33,778] {dag.py:2919} INFO - Setting next_dagrun for example_task_group_decorator to 2022-12-20T17:00:33.777950+00:00, run_after=2022-12-21T17:00:33.777950+00:00
[2022-12-21 17:00:33,791] {processor.py:161} INFO - Processing /home/airflow/.local/lib/python3.7/site-packages/airflow/example_dags/example_task_group_decorator.py took 0.101 seconds
[2022-12-21 17:01:04,189] {processor.py:153} INFO - Started process (PID=22835) to work on /home/airflow/.local/lib/python3.7/site-packages/airflow/example_dags/example_task_group_decorator.py
[2022-12-21 17:01:04,190] {processor.py:641} INFO - Processing file /home/airflow/.local/lib/python3.7/site-packages/airflow/example_dags/example_task_group_decorator.py for tasks to queue
[2022-12-21 17:01:04,190] {logging_mixin.py:115} INFO - [2022-12-21 17:01:04,190] {dagbag.py:507} INFO - Filling up the DagBag from /home/airflow/.local/lib/python3.7/site-packages/airflow/example_dags/example_task_group_decorator.py
[2022-12-21 17:01:04,208] {processor.py:651} INFO - DAG(s) dict_keys(['example_task_group_decorator']) retrieved from /home/airflow/.local/lib/python3.7/site-packages/airflow/example_dags/example_task_group_decorator.py
[2022-12-21 17:01:04,258] {logging_mixin.py:115} INFO - [2022-12-21 17:01:04,258] {dag.py:2371} INFO - Sync 1 DAGs
[2022-12-21 17:01:04,277] {logging_mixin.py:115} INFO - [2022-12-21 17:01:04,276] {dag.py:2919} INFO - Setting next_dagrun for example_task_group_decorator to 2022-12-20T17:01:04.276653+00:00, run_after=2022-12-21T17:01:04.276653+00:00
[2022-12-21 17:01:04,291] {processor.py:161} INFO - Processing /home/airflow/.local/lib/python3.7/site-packages/airflow/example_dags/example_task_group_decorator.py took 0.105 seconds
[2022-12-21 17:01:34,779] {processor.py:153} INFO - Started process (PID=22901) to work on /home/airflow/.local/lib/python3.7/site-packages/airflow/example_dags/example_task_group_decorator.py
[2022-12-21 17:01:34,779] {processor.py:641} INFO - Processing file /home/airflow/.local/lib/python3.7/site-packages/airflow/example_dags/example_task_group_decorator.py for tasks to queue
[2022-12-21 17:01:34,779] {logging_mixin.py:115} INFO - [2022-12-21 17:01:34,779] {dagbag.py:507} INFO - Filling up the DagBag from /home/airflow/.local/lib/python3.7/site-packages/airflow/example_dags/example_task_group_decorator.py
[2022-12-21 17:01:34,801] {processor.py:651} INFO - DAG(s) dict_keys(['example_task_group_decorator']) retrieved from /home/airflow/.local/lib/python3.7/site-packages/airflow/example_dags/example_task_group_decorator.py
[2022-12-21 17:01:34,852] {logging_mixin.py:115} INFO - [2022-12-21 17:01:34,852] {dag.py:2371} INFO - Sync 1 DAGs
[2022-12-21 17:01:34,867] {logging_mixin.py:115} INFO - [2022-12-21 17:01:34,867] {dag.py:2919} INFO - Setting next_dagrun for example_task_group_decorator to 2022-12-20T17:01:34.867470+00:00, run_after=2022-12-21T17:01:34.867470+00:00
[2022-12-21 17:01:34,881] {processor.py:161} INFO - Processing /home/airflow/.local/lib/python3.7/site-packages/airflow/example_dags/example_task_group_decorator.py took 0.105 seconds
[2022-12-21 17:02:05,386] {processor.py:153} INFO - Started process (PID=22964) to work on /home/airflow/.local/lib/python3.7/site-packages/airflow/example_dags/example_task_group_decorator.py
[2022-12-21 17:02:05,387] {processor.py:641} INFO - Processing file /home/airflow/.local/lib/python3.7/site-packages/airflow/example_dags/example_task_group_decorator.py for tasks to queue
[2022-12-21 17:02:05,387] {logging_mixin.py:115} INFO - [2022-12-21 17:02:05,387] {dagbag.py:507} INFO - Filling up the DagBag from /home/airflow/.local/lib/python3.7/site-packages/airflow/example_dags/example_task_group_decorator.py
[2022-12-21 17:02:05,411] {processor.py:651} INFO - DAG(s) dict_keys(['example_task_group_decorator']) retrieved from /home/airflow/.local/lib/python3.7/site-packages/airflow/example_dags/example_task_group_decorator.py
[2022-12-21 17:02:05,462] {logging_mixin.py:115} INFO - [2022-12-21 17:02:05,462] {dag.py:2371} INFO - Sync 1 DAGs
[2022-12-21 17:02:05,476] {logging_mixin.py:115} INFO - [2022-12-21 17:02:05,476] {dag.py:2919} INFO - Setting next_dagrun for example_task_group_decorator to 2022-12-20T17:02:05.476476+00:00, run_after=2022-12-21T17:02:05.476476+00:00
[2022-12-21 17:02:05,488] {processor.py:161} INFO - Processing /home/airflow/.local/lib/python3.7/site-packages/airflow/example_dags/example_task_group_decorator.py took 0.104 seconds
[2022-12-21 17:02:35,996] {processor.py:153} INFO - Started process (PID=23023) to work on /home/airflow/.local/lib/python3.7/site-packages/airflow/example_dags/example_task_group_decorator.py
[2022-12-21 17:02:35,997] {processor.py:641} INFO - Processing file /home/airflow/.local/lib/python3.7/site-packages/airflow/example_dags/example_task_group_decorator.py for tasks to queue
[2022-12-21 17:02:35,997] {logging_mixin.py:115} INFO - [2022-12-21 17:02:35,997] {dagbag.py:507} INFO - Filling up the DagBag from /home/airflow/.local/lib/python3.7/site-packages/airflow/example_dags/example_task_group_decorator.py
[2022-12-21 17:02:36,019] {processor.py:651} INFO - DAG(s) dict_keys(['example_task_group_decorator']) retrieved from /home/airflow/.local/lib/python3.7/site-packages/airflow/example_dags/example_task_group_decorator.py
[2022-12-21 17:02:36,086] {logging_mixin.py:115} INFO - [2022-12-21 17:02:36,086] {dag.py:2371} INFO - Sync 1 DAGs
[2022-12-21 17:02:36,105] {logging_mixin.py:115} INFO - [2022-12-21 17:02:36,104] {dag.py:2919} INFO - Setting next_dagrun for example_task_group_decorator to 2022-12-20T17:02:36.104721+00:00, run_after=2022-12-21T17:02:36.104721+00:00
[2022-12-21 17:02:36,119] {processor.py:161} INFO - Processing /home/airflow/.local/lib/python3.7/site-packages/airflow/example_dags/example_task_group_decorator.py took 0.125 seconds
[2022-12-21 17:03:06,695] {processor.py:153} INFO - Started process (PID=23089) to work on /home/airflow/.local/lib/python3.7/site-packages/airflow/example_dags/example_task_group_decorator.py
[2022-12-21 17:03:06,696] {processor.py:641} INFO - Processing file /home/airflow/.local/lib/python3.7/site-packages/airflow/example_dags/example_task_group_decorator.py for tasks to queue
[2022-12-21 17:03:06,697] {logging_mixin.py:115} INFO - [2022-12-21 17:03:06,696] {dagbag.py:507} INFO - Filling up the DagBag from /home/airflow/.local/lib/python3.7/site-packages/airflow/example_dags/example_task_group_decorator.py
[2022-12-21 17:03:06,718] {processor.py:651} INFO - DAG(s) dict_keys(['example_task_group_decorator']) retrieved from /home/airflow/.local/lib/python3.7/site-packages/airflow/example_dags/example_task_group_decorator.py
[2022-12-21 17:03:06,788] {logging_mixin.py:115} INFO - [2022-12-21 17:03:06,788] {dag.py:2371} INFO - Sync 1 DAGs
[2022-12-21 17:03:06,812] {logging_mixin.py:115} INFO - [2022-12-21 17:03:06,811] {dag.py:2919} INFO - Setting next_dagrun for example_task_group_decorator to 2022-12-20T17:03:06.811711+00:00, run_after=2022-12-21T17:03:06.811711+00:00
[2022-12-21 17:03:06,826] {processor.py:161} INFO - Processing /home/airflow/.local/lib/python3.7/site-packages/airflow/example_dags/example_task_group_decorator.py took 0.133 seconds
[2022-12-21 17:03:37,475] {processor.py:153} INFO - Started process (PID=23156) to work on /home/airflow/.local/lib/python3.7/site-packages/airflow/example_dags/example_task_group_decorator.py
[2022-12-21 17:03:37,475] {processor.py:641} INFO - Processing file /home/airflow/.local/lib/python3.7/site-packages/airflow/example_dags/example_task_group_decorator.py for tasks to queue
[2022-12-21 17:03:37,476] {logging_mixin.py:115} INFO - [2022-12-21 17:03:37,476] {dagbag.py:507} INFO - Filling up the DagBag from /home/airflow/.local/lib/python3.7/site-packages/airflow/example_dags/example_task_group_decorator.py
[2022-12-21 17:03:37,494] {processor.py:651} INFO - DAG(s) dict_keys(['example_task_group_decorator']) retrieved from /home/airflow/.local/lib/python3.7/site-packages/airflow/example_dags/example_task_group_decorator.py
[2022-12-21 17:03:37,547] {logging_mixin.py:115} INFO - [2022-12-21 17:03:37,547] {dag.py:2371} INFO - Sync 1 DAGs
[2022-12-21 17:03:37,563] {logging_mixin.py:115} INFO - [2022-12-21 17:03:37,563] {dag.py:2919} INFO - Setting next_dagrun for example_task_group_decorator to 2022-12-20T17:03:37.563343+00:00, run_after=2022-12-21T17:03:37.563343+00:00
[2022-12-21 17:03:37,576] {processor.py:161} INFO - Processing /home/airflow/.local/lib/python3.7/site-packages/airflow/example_dags/example_task_group_decorator.py took 0.103 seconds
[2022-12-21 17:04:08,083] {processor.py:153} INFO - Started process (PID=23213) to work on /home/airflow/.local/lib/python3.7/site-packages/airflow/example_dags/example_task_group_decorator.py
[2022-12-21 17:04:08,084] {processor.py:641} INFO - Processing file /home/airflow/.local/lib/python3.7/site-packages/airflow/example_dags/example_task_group_decorator.py for tasks to queue
[2022-12-21 17:04:08,084] {logging_mixin.py:115} INFO - [2022-12-21 17:04:08,084] {dagbag.py:507} INFO - Filling up the DagBag from /home/airflow/.local/lib/python3.7/site-packages/airflow/example_dags/example_task_group_decorator.py
[2022-12-21 17:04:08,103] {processor.py:651} INFO - DAG(s) dict_keys(['example_task_group_decorator']) retrieved from /home/airflow/.local/lib/python3.7/site-packages/airflow/example_dags/example_task_group_decorator.py
[2022-12-21 17:04:08,161] {logging_mixin.py:115} INFO - [2022-12-21 17:04:08,161] {dag.py:2371} INFO - Sync 1 DAGs
[2022-12-21 17:04:08,176] {logging_mixin.py:115} INFO - [2022-12-21 17:04:08,176] {dag.py:2919} INFO - Setting next_dagrun for example_task_group_decorator to 2022-12-20T17:04:08.176591+00:00, run_after=2022-12-21T17:04:08.176591+00:00
[2022-12-21 17:04:08,189] {processor.py:161} INFO - Processing /home/airflow/.local/lib/python3.7/site-packages/airflow/example_dags/example_task_group_decorator.py took 0.109 seconds
[2022-12-21 17:04:38,602] {processor.py:153} INFO - Started process (PID=23279) to work on /home/airflow/.local/lib/python3.7/site-packages/airflow/example_dags/example_task_group_decorator.py
[2022-12-21 17:04:38,603] {processor.py:641} INFO - Processing file /home/airflow/.local/lib/python3.7/site-packages/airflow/example_dags/example_task_group_decorator.py for tasks to queue
[2022-12-21 17:04:38,603] {logging_mixin.py:115} INFO - [2022-12-21 17:04:38,603] {dagbag.py:507} INFO - Filling up the DagBag from /home/airflow/.local/lib/python3.7/site-packages/airflow/example_dags/example_task_group_decorator.py
[2022-12-21 17:04:38,623] {processor.py:651} INFO - DAG(s) dict_keys(['example_task_group_decorator']) retrieved from /home/airflow/.local/lib/python3.7/site-packages/airflow/example_dags/example_task_group_decorator.py
[2022-12-21 17:04:38,677] {logging_mixin.py:115} INFO - [2022-12-21 17:04:38,677] {dag.py:2371} INFO - Sync 1 DAGs
[2022-12-21 17:04:38,694] {logging_mixin.py:115} INFO - [2022-12-21 17:04:38,693] {dag.py:2919} INFO - Setting next_dagrun for example_task_group_decorator to 2022-12-20T17:04:38.693797+00:00, run_after=2022-12-21T17:04:38.693797+00:00
[2022-12-21 17:04:38,706] {processor.py:161} INFO - Processing /home/airflow/.local/lib/python3.7/site-packages/airflow/example_dags/example_task_group_decorator.py took 0.107 seconds
[2022-12-21 17:05:09,146] {processor.py:153} INFO - Started process (PID=23345) to work on /home/airflow/.local/lib/python3.7/site-packages/airflow/example_dags/example_task_group_decorator.py
[2022-12-21 17:05:09,146] {processor.py:641} INFO - Processing file /home/airflow/.local/lib/python3.7/site-packages/airflow/example_dags/example_task_group_decorator.py for tasks to queue
[2022-12-21 17:05:09,147] {logging_mixin.py:115} INFO - [2022-12-21 17:05:09,147] {dagbag.py:507} INFO - Filling up the DagBag from /home/airflow/.local/lib/python3.7/site-packages/airflow/example_dags/example_task_group_decorator.py
[2022-12-21 17:05:09,168] {processor.py:651} INFO - DAG(s) dict_keys(['example_task_group_decorator']) retrieved from /home/airflow/.local/lib/python3.7/site-packages/airflow/example_dags/example_task_group_decorator.py
[2022-12-21 17:05:09,222] {logging_mixin.py:115} INFO - [2022-12-21 17:05:09,221] {dag.py:2371} INFO - Sync 1 DAGs
[2022-12-21 17:05:09,239] {logging_mixin.py:115} INFO - [2022-12-21 17:05:09,239] {dag.py:2919} INFO - Setting next_dagrun for example_task_group_decorator to 2022-12-20T17:05:09.238926+00:00, run_after=2022-12-21T17:05:09.238926+00:00
[2022-12-21 17:05:09,251] {processor.py:161} INFO - Processing /home/airflow/.local/lib/python3.7/site-packages/airflow/example_dags/example_task_group_decorator.py took 0.107 seconds
[2022-12-21 17:05:39,834] {processor.py:153} INFO - Started process (PID=23410) to work on /home/airflow/.local/lib/python3.7/site-packages/airflow/example_dags/example_task_group_decorator.py
[2022-12-21 17:05:39,835] {processor.py:641} INFO - Processing file /home/airflow/.local/lib/python3.7/site-packages/airflow/example_dags/example_task_group_decorator.py for tasks to queue
[2022-12-21 17:05:39,836] {logging_mixin.py:115} INFO - [2022-12-21 17:05:39,836] {dagbag.py:507} INFO - Filling up the DagBag from /home/airflow/.local/lib/python3.7/site-packages/airflow/example_dags/example_task_group_decorator.py
[2022-12-21 17:05:39,874] {processor.py:651} INFO - DAG(s) dict_keys(['example_task_group_decorator']) retrieved from /home/airflow/.local/lib/python3.7/site-packages/airflow/example_dags/example_task_group_decorator.py
[2022-12-21 17:05:39,958] {logging_mixin.py:115} INFO - [2022-12-21 17:05:39,958] {dag.py:2371} INFO - Sync 1 DAGs
[2022-12-21 17:05:39,979] {logging_mixin.py:115} INFO - [2022-12-21 17:05:39,979] {dag.py:2919} INFO - Setting next_dagrun for example_task_group_decorator to 2022-12-20T17:05:39.978972+00:00, run_after=2022-12-21T17:05:39.978972+00:00
[2022-12-21 17:05:39,993] {processor.py:161} INFO - Processing /home/airflow/.local/lib/python3.7/site-packages/airflow/example_dags/example_task_group_decorator.py took 0.162 seconds
[2022-12-21 17:06:10,776] {processor.py:153} INFO - Started process (PID=23468) to work on /home/airflow/.local/lib/python3.7/site-packages/airflow/example_dags/example_task_group_decorator.py
[2022-12-21 17:06:10,777] {processor.py:641} INFO - Processing file /home/airflow/.local/lib/python3.7/site-packages/airflow/example_dags/example_task_group_decorator.py for tasks to queue
[2022-12-21 17:06:10,777] {logging_mixin.py:115} INFO - [2022-12-21 17:06:10,777] {dagbag.py:507} INFO - Filling up the DagBag from /home/airflow/.local/lib/python3.7/site-packages/airflow/example_dags/example_task_group_decorator.py
[2022-12-21 17:06:10,799] {processor.py:651} INFO - DAG(s) dict_keys(['example_task_group_decorator']) retrieved from /home/airflow/.local/lib/python3.7/site-packages/airflow/example_dags/example_task_group_decorator.py
[2022-12-21 17:06:10,853] {logging_mixin.py:115} INFO - [2022-12-21 17:06:10,852] {dag.py:2371} INFO - Sync 1 DAGs
[2022-12-21 17:06:10,870] {logging_mixin.py:115} INFO - [2022-12-21 17:06:10,870] {dag.py:2919} INFO - Setting next_dagrun for example_task_group_decorator to 2022-12-20T17:06:10.870062+00:00, run_after=2022-12-21T17:06:10.870062+00:00
[2022-12-21 17:06:10,884] {processor.py:161} INFO - Processing /home/airflow/.local/lib/python3.7/site-packages/airflow/example_dags/example_task_group_decorator.py took 0.111 seconds
[2022-12-21 17:06:41,324] {processor.py:153} INFO - Started process (PID=23535) to work on /home/airflow/.local/lib/python3.7/site-packages/airflow/example_dags/example_task_group_decorator.py
[2022-12-21 17:06:41,325] {processor.py:641} INFO - Processing file /home/airflow/.local/lib/python3.7/site-packages/airflow/example_dags/example_task_group_decorator.py for tasks to queue
[2022-12-21 17:06:41,325] {logging_mixin.py:115} INFO - [2022-12-21 17:06:41,325] {dagbag.py:507} INFO - Filling up the DagBag from /home/airflow/.local/lib/python3.7/site-packages/airflow/example_dags/example_task_group_decorator.py
[2022-12-21 17:06:41,343] {processor.py:651} INFO - DAG(s) dict_keys(['example_task_group_decorator']) retrieved from /home/airflow/.local/lib/python3.7/site-packages/airflow/example_dags/example_task_group_decorator.py
[2022-12-21 17:06:41,400] {logging_mixin.py:115} INFO - [2022-12-21 17:06:41,399] {dag.py:2371} INFO - Sync 1 DAGs
[2022-12-21 17:06:41,418] {logging_mixin.py:115} INFO - [2022-12-21 17:06:41,418] {dag.py:2919} INFO - Setting next_dagrun for example_task_group_decorator to 2022-12-20T17:06:41.418153+00:00, run_after=2022-12-21T17:06:41.418153+00:00
[2022-12-21 17:06:41,431] {processor.py:161} INFO - Processing /home/airflow/.local/lib/python3.7/site-packages/airflow/example_dags/example_task_group_decorator.py took 0.109 seconds
[2022-12-21 17:07:11,874] {processor.py:153} INFO - Started process (PID=23601) to work on /home/airflow/.local/lib/python3.7/site-packages/airflow/example_dags/example_task_group_decorator.py
[2022-12-21 17:07:11,875] {processor.py:641} INFO - Processing file /home/airflow/.local/lib/python3.7/site-packages/airflow/example_dags/example_task_group_decorator.py for tasks to queue
[2022-12-21 17:07:11,875] {logging_mixin.py:115} INFO - [2022-12-21 17:07:11,875] {dagbag.py:507} INFO - Filling up the DagBag from /home/airflow/.local/lib/python3.7/site-packages/airflow/example_dags/example_task_group_decorator.py
[2022-12-21 17:07:11,894] {processor.py:651} INFO - DAG(s) dict_keys(['example_task_group_decorator']) retrieved from /home/airflow/.local/lib/python3.7/site-packages/airflow/example_dags/example_task_group_decorator.py
[2022-12-21 17:07:11,945] {logging_mixin.py:115} INFO - [2022-12-21 17:07:11,945] {dag.py:2371} INFO - Sync 1 DAGs
[2022-12-21 17:07:11,958] {logging_mixin.py:115} INFO - [2022-12-21 17:07:11,958] {dag.py:2919} INFO - Setting next_dagrun for example_task_group_decorator to 2022-12-20T17:07:11.958592+00:00, run_after=2022-12-21T17:07:11.958592+00:00
[2022-12-21 17:07:11,969] {processor.py:161} INFO - Processing /home/airflow/.local/lib/python3.7/site-packages/airflow/example_dags/example_task_group_decorator.py took 0.097 seconds
[2022-12-21 17:07:42,412] {processor.py:153} INFO - Started process (PID=23666) to work on /home/airflow/.local/lib/python3.7/site-packages/airflow/example_dags/example_task_group_decorator.py
[2022-12-21 17:07:42,412] {processor.py:641} INFO - Processing file /home/airflow/.local/lib/python3.7/site-packages/airflow/example_dags/example_task_group_decorator.py for tasks to queue
[2022-12-21 17:07:42,413] {logging_mixin.py:115} INFO - [2022-12-21 17:07:42,413] {dagbag.py:507} INFO - Filling up the DagBag from /home/airflow/.local/lib/python3.7/site-packages/airflow/example_dags/example_task_group_decorator.py
[2022-12-21 17:07:42,432] {processor.py:651} INFO - DAG(s) dict_keys(['example_task_group_decorator']) retrieved from /home/airflow/.local/lib/python3.7/site-packages/airflow/example_dags/example_task_group_decorator.py
[2022-12-21 17:07:42,485] {logging_mixin.py:115} INFO - [2022-12-21 17:07:42,485] {dag.py:2371} INFO - Sync 1 DAGs
[2022-12-21 17:07:42,500] {logging_mixin.py:115} INFO - [2022-12-21 17:07:42,500] {dag.py:2919} INFO - Setting next_dagrun for example_task_group_decorator to 2022-12-20T17:07:42.500404+00:00, run_after=2022-12-21T17:07:42.500404+00:00
[2022-12-21 17:07:42,514] {processor.py:161} INFO - Processing /home/airflow/.local/lib/python3.7/site-packages/airflow/example_dags/example_task_group_decorator.py took 0.104 seconds
[2022-12-21 17:08:12,964] {processor.py:153} INFO - Started process (PID=23723) to work on /home/airflow/.local/lib/python3.7/site-packages/airflow/example_dags/example_task_group_decorator.py
[2022-12-21 17:08:12,965] {processor.py:641} INFO - Processing file /home/airflow/.local/lib/python3.7/site-packages/airflow/example_dags/example_task_group_decorator.py for tasks to queue
[2022-12-21 17:08:12,965] {logging_mixin.py:115} INFO - [2022-12-21 17:08:12,965] {dagbag.py:507} INFO - Filling up the DagBag from /home/airflow/.local/lib/python3.7/site-packages/airflow/example_dags/example_task_group_decorator.py
[2022-12-21 17:08:12,986] {processor.py:651} INFO - DAG(s) dict_keys(['example_task_group_decorator']) retrieved from /home/airflow/.local/lib/python3.7/site-packages/airflow/example_dags/example_task_group_decorator.py
[2022-12-21 17:08:13,040] {logging_mixin.py:115} INFO - [2022-12-21 17:08:13,040] {dag.py:2371} INFO - Sync 1 DAGs
[2022-12-21 17:08:13,054] {logging_mixin.py:115} INFO - [2022-12-21 17:08:13,054] {dag.py:2919} INFO - Setting next_dagrun for example_task_group_decorator to 2022-12-20T17:08:13.054239+00:00, run_after=2022-12-21T17:08:13.054239+00:00
[2022-12-21 17:08:13,067] {processor.py:161} INFO - Processing /home/airflow/.local/lib/python3.7/site-packages/airflow/example_dags/example_task_group_decorator.py took 0.105 seconds
[2022-12-21 17:08:43,568] {processor.py:153} INFO - Started process (PID=23790) to work on /home/airflow/.local/lib/python3.7/site-packages/airflow/example_dags/example_task_group_decorator.py
[2022-12-21 17:08:43,569] {processor.py:641} INFO - Processing file /home/airflow/.local/lib/python3.7/site-packages/airflow/example_dags/example_task_group_decorator.py for tasks to queue
[2022-12-21 17:08:43,569] {logging_mixin.py:115} INFO - [2022-12-21 17:08:43,569] {dagbag.py:507} INFO - Filling up the DagBag from /home/airflow/.local/lib/python3.7/site-packages/airflow/example_dags/example_task_group_decorator.py
[2022-12-21 17:08:43,590] {processor.py:651} INFO - DAG(s) dict_keys(['example_task_group_decorator']) retrieved from /home/airflow/.local/lib/python3.7/site-packages/airflow/example_dags/example_task_group_decorator.py
[2022-12-21 17:08:43,646] {logging_mixin.py:115} INFO - [2022-12-21 17:08:43,646] {dag.py:2371} INFO - Sync 1 DAGs
[2022-12-21 17:08:43,660] {logging_mixin.py:115} INFO - [2022-12-21 17:08:43,660] {dag.py:2919} INFO - Setting next_dagrun for example_task_group_decorator to 2022-12-20T17:08:43.660109+00:00, run_after=2022-12-21T17:08:43.660109+00:00
[2022-12-21 17:08:43,672] {processor.py:161} INFO - Processing /home/airflow/.local/lib/python3.7/site-packages/airflow/example_dags/example_task_group_decorator.py took 0.106 seconds
[2022-12-21 17:09:14,294] {processor.py:153} INFO - Started process (PID=23856) to work on /home/airflow/.local/lib/python3.7/site-packages/airflow/example_dags/example_task_group_decorator.py
[2022-12-21 17:09:14,295] {processor.py:641} INFO - Processing file /home/airflow/.local/lib/python3.7/site-packages/airflow/example_dags/example_task_group_decorator.py for tasks to queue
[2022-12-21 17:09:14,296] {logging_mixin.py:115} INFO - [2022-12-21 17:09:14,296] {dagbag.py:507} INFO - Filling up the DagBag from /home/airflow/.local/lib/python3.7/site-packages/airflow/example_dags/example_task_group_decorator.py
[2022-12-21 17:09:14,317] {processor.py:651} INFO - DAG(s) dict_keys(['example_task_group_decorator']) retrieved from /home/airflow/.local/lib/python3.7/site-packages/airflow/example_dags/example_task_group_decorator.py
[2022-12-21 17:09:14,373] {logging_mixin.py:115} INFO - [2022-12-21 17:09:14,373] {dag.py:2371} INFO - Sync 1 DAGs
[2022-12-21 17:09:14,389] {logging_mixin.py:115} INFO - [2022-12-21 17:09:14,389] {dag.py:2919} INFO - Setting next_dagrun for example_task_group_decorator to 2022-12-20T17:09:14.389631+00:00, run_after=2022-12-21T17:09:14.389631+00:00
[2022-12-21 17:09:14,401] {processor.py:161} INFO - Processing /home/airflow/.local/lib/python3.7/site-packages/airflow/example_dags/example_task_group_decorator.py took 0.110 seconds
[2022-12-21 17:09:45,022] {processor.py:153} INFO - Started process (PID=23924) to work on /home/airflow/.local/lib/python3.7/site-packages/airflow/example_dags/example_task_group_decorator.py
[2022-12-21 17:09:45,022] {processor.py:641} INFO - Processing file /home/airflow/.local/lib/python3.7/site-packages/airflow/example_dags/example_task_group_decorator.py for tasks to queue
[2022-12-21 17:09:45,023] {logging_mixin.py:115} INFO - [2022-12-21 17:09:45,023] {dagbag.py:507} INFO - Filling up the DagBag from /home/airflow/.local/lib/python3.7/site-packages/airflow/example_dags/example_task_group_decorator.py
[2022-12-21 17:09:45,052] {processor.py:651} INFO - DAG(s) dict_keys(['example_task_group_decorator']) retrieved from /home/airflow/.local/lib/python3.7/site-packages/airflow/example_dags/example_task_group_decorator.py
[2022-12-21 17:09:45,108] {logging_mixin.py:115} INFO - [2022-12-21 17:09:45,107] {dag.py:2371} INFO - Sync 1 DAGs
[2022-12-21 17:09:45,125] {logging_mixin.py:115} INFO - [2022-12-21 17:09:45,124] {dag.py:2919} INFO - Setting next_dagrun for example_task_group_decorator to 2022-12-20T17:09:45.124785+00:00, run_after=2022-12-21T17:09:45.124785+00:00
[2022-12-21 17:09:45,136] {processor.py:161} INFO - Processing /home/airflow/.local/lib/python3.7/site-packages/airflow/example_dags/example_task_group_decorator.py took 0.117 seconds
[2022-12-21 17:10:15,694] {processor.py:153} INFO - Started process (PID=23981) to work on /home/airflow/.local/lib/python3.7/site-packages/airflow/example_dags/example_task_group_decorator.py
[2022-12-21 17:10:15,695] {processor.py:641} INFO - Processing file /home/airflow/.local/lib/python3.7/site-packages/airflow/example_dags/example_task_group_decorator.py for tasks to queue
[2022-12-21 17:10:15,696] {logging_mixin.py:115} INFO - [2022-12-21 17:10:15,696] {dagbag.py:507} INFO - Filling up the DagBag from /home/airflow/.local/lib/python3.7/site-packages/airflow/example_dags/example_task_group_decorator.py
[2022-12-21 17:10:15,717] {processor.py:651} INFO - DAG(s) dict_keys(['example_task_group_decorator']) retrieved from /home/airflow/.local/lib/python3.7/site-packages/airflow/example_dags/example_task_group_decorator.py
[2022-12-21 17:10:15,772] {logging_mixin.py:115} INFO - [2022-12-21 17:10:15,772] {dag.py:2371} INFO - Sync 1 DAGs
[2022-12-21 17:10:15,788] {logging_mixin.py:115} INFO - [2022-12-21 17:10:15,788] {dag.py:2919} INFO - Setting next_dagrun for example_task_group_decorator to 2022-12-20T17:10:15.787918+00:00, run_after=2022-12-21T17:10:15.787918+00:00
[2022-12-21 17:10:15,800] {processor.py:161} INFO - Processing /home/airflow/.local/lib/python3.7/site-packages/airflow/example_dags/example_task_group_decorator.py took 0.108 seconds
[2022-12-21 17:10:46,259] {processor.py:153} INFO - Started process (PID=24048) to work on /home/airflow/.local/lib/python3.7/site-packages/airflow/example_dags/example_task_group_decorator.py
[2022-12-21 17:10:46,260] {processor.py:641} INFO - Processing file /home/airflow/.local/lib/python3.7/site-packages/airflow/example_dags/example_task_group_decorator.py for tasks to queue
[2022-12-21 17:10:46,260] {logging_mixin.py:115} INFO - [2022-12-21 17:10:46,260] {dagbag.py:507} INFO - Filling up the DagBag from /home/airflow/.local/lib/python3.7/site-packages/airflow/example_dags/example_task_group_decorator.py
[2022-12-21 17:10:46,280] {processor.py:651} INFO - DAG(s) dict_keys(['example_task_group_decorator']) retrieved from /home/airflow/.local/lib/python3.7/site-packages/airflow/example_dags/example_task_group_decorator.py
[2022-12-21 17:10:46,347] {logging_mixin.py:115} INFO - [2022-12-21 17:10:46,347] {dag.py:2371} INFO - Sync 1 DAGs
[2022-12-21 17:10:46,367] {logging_mixin.py:115} INFO - [2022-12-21 17:10:46,366] {dag.py:2919} INFO - Setting next_dagrun for example_task_group_decorator to 2022-12-20T17:10:46.366691+00:00, run_after=2022-12-21T17:10:46.366691+00:00
[2022-12-21 17:10:46,379] {processor.py:161} INFO - Processing /home/airflow/.local/lib/python3.7/site-packages/airflow/example_dags/example_task_group_decorator.py took 0.123 seconds
[2022-12-21 17:11:16,894] {processor.py:153} INFO - Started process (PID=24114) to work on /home/airflow/.local/lib/python3.7/site-packages/airflow/example_dags/example_task_group_decorator.py
[2022-12-21 17:11:16,894] {processor.py:641} INFO - Processing file /home/airflow/.local/lib/python3.7/site-packages/airflow/example_dags/example_task_group_decorator.py for tasks to queue
[2022-12-21 17:11:16,894] {logging_mixin.py:115} INFO - [2022-12-21 17:11:16,894] {dagbag.py:507} INFO - Filling up the DagBag from /home/airflow/.local/lib/python3.7/site-packages/airflow/example_dags/example_task_group_decorator.py
[2022-12-21 17:11:16,919] {processor.py:651} INFO - DAG(s) dict_keys(['example_task_group_decorator']) retrieved from /home/airflow/.local/lib/python3.7/site-packages/airflow/example_dags/example_task_group_decorator.py
[2022-12-21 17:11:16,974] {logging_mixin.py:115} INFO - [2022-12-21 17:11:16,974] {dag.py:2371} INFO - Sync 1 DAGs
[2022-12-21 17:11:16,989] {logging_mixin.py:115} INFO - [2022-12-21 17:11:16,989] {dag.py:2919} INFO - Setting next_dagrun for example_task_group_decorator to 2022-12-20T17:11:16.989417+00:00, run_after=2022-12-21T17:11:16.989417+00:00
[2022-12-21 17:11:17,002] {processor.py:161} INFO - Processing /home/airflow/.local/lib/python3.7/site-packages/airflow/example_dags/example_task_group_decorator.py took 0.111 seconds
[2022-12-21 17:11:47,511] {processor.py:153} INFO - Started process (PID=24180) to work on /home/airflow/.local/lib/python3.7/site-packages/airflow/example_dags/example_task_group_decorator.py
[2022-12-21 17:11:47,512] {processor.py:641} INFO - Processing file /home/airflow/.local/lib/python3.7/site-packages/airflow/example_dags/example_task_group_decorator.py for tasks to queue
[2022-12-21 17:11:47,513] {logging_mixin.py:115} INFO - [2022-12-21 17:11:47,513] {dagbag.py:507} INFO - Filling up the DagBag from /home/airflow/.local/lib/python3.7/site-packages/airflow/example_dags/example_task_group_decorator.py
[2022-12-21 17:11:47,539] {processor.py:651} INFO - DAG(s) dict_keys(['example_task_group_decorator']) retrieved from /home/airflow/.local/lib/python3.7/site-packages/airflow/example_dags/example_task_group_decorator.py
[2022-12-21 17:11:47,593] {logging_mixin.py:115} INFO - [2022-12-21 17:11:47,593] {dag.py:2371} INFO - Sync 1 DAGs
[2022-12-21 17:11:47,610] {logging_mixin.py:115} INFO - [2022-12-21 17:11:47,610] {dag.py:2919} INFO - Setting next_dagrun for example_task_group_decorator to 2022-12-20T17:11:47.609860+00:00, run_after=2022-12-21T17:11:47.609860+00:00
[2022-12-21 17:11:47,623] {processor.py:161} INFO - Processing /home/airflow/.local/lib/python3.7/site-packages/airflow/example_dags/example_task_group_decorator.py took 0.115 seconds
[2022-12-21 17:12:18,101] {processor.py:153} INFO - Started process (PID=24236) to work on /home/airflow/.local/lib/python3.7/site-packages/airflow/example_dags/example_task_group_decorator.py
[2022-12-21 17:12:18,102] {processor.py:641} INFO - Processing file /home/airflow/.local/lib/python3.7/site-packages/airflow/example_dags/example_task_group_decorator.py for tasks to queue
[2022-12-21 17:12:18,102] {logging_mixin.py:115} INFO - [2022-12-21 17:12:18,102] {dagbag.py:507} INFO - Filling up the DagBag from /home/airflow/.local/lib/python3.7/site-packages/airflow/example_dags/example_task_group_decorator.py
[2022-12-21 17:12:18,122] {processor.py:651} INFO - DAG(s) dict_keys(['example_task_group_decorator']) retrieved from /home/airflow/.local/lib/python3.7/site-packages/airflow/example_dags/example_task_group_decorator.py
[2022-12-21 17:12:18,176] {logging_mixin.py:115} INFO - [2022-12-21 17:12:18,176] {dag.py:2371} INFO - Sync 1 DAGs
[2022-12-21 17:12:18,192] {logging_mixin.py:115} INFO - [2022-12-21 17:12:18,192] {dag.py:2919} INFO - Setting next_dagrun for example_task_group_decorator to 2022-12-20T17:12:18.192087+00:00, run_after=2022-12-21T17:12:18.192087+00:00
[2022-12-21 17:12:18,205] {processor.py:161} INFO - Processing /home/airflow/.local/lib/python3.7/site-packages/airflow/example_dags/example_task_group_decorator.py took 0.107 seconds
[2022-12-21 17:12:48,626] {processor.py:153} INFO - Started process (PID=24303) to work on /home/airflow/.local/lib/python3.7/site-packages/airflow/example_dags/example_task_group_decorator.py
[2022-12-21 17:12:48,627] {processor.py:641} INFO - Processing file /home/airflow/.local/lib/python3.7/site-packages/airflow/example_dags/example_task_group_decorator.py for tasks to queue
[2022-12-21 17:12:48,627] {logging_mixin.py:115} INFO - [2022-12-21 17:12:48,627] {dagbag.py:507} INFO - Filling up the DagBag from /home/airflow/.local/lib/python3.7/site-packages/airflow/example_dags/example_task_group_decorator.py
[2022-12-21 17:12:48,650] {processor.py:651} INFO - DAG(s) dict_keys(['example_task_group_decorator']) retrieved from /home/airflow/.local/lib/python3.7/site-packages/airflow/example_dags/example_task_group_decorator.py
[2022-12-21 17:12:48,707] {logging_mixin.py:115} INFO - [2022-12-21 17:12:48,707] {dag.py:2371} INFO - Sync 1 DAGs
[2022-12-21 17:12:48,723] {logging_mixin.py:115} INFO - [2022-12-21 17:12:48,723] {dag.py:2919} INFO - Setting next_dagrun for example_task_group_decorator to 2022-12-20T17:12:48.723357+00:00, run_after=2022-12-21T17:12:48.723357+00:00
[2022-12-21 17:12:48,736] {processor.py:161} INFO - Processing /home/airflow/.local/lib/python3.7/site-packages/airflow/example_dags/example_task_group_decorator.py took 0.112 seconds
[2022-12-21 17:13:19,093] {processor.py:153} INFO - Started process (PID=24368) to work on /home/airflow/.local/lib/python3.7/site-packages/airflow/example_dags/example_task_group_decorator.py
[2022-12-21 17:13:19,093] {processor.py:641} INFO - Processing file /home/airflow/.local/lib/python3.7/site-packages/airflow/example_dags/example_task_group_decorator.py for tasks to queue
[2022-12-21 17:13:19,094] {logging_mixin.py:115} INFO - [2022-12-21 17:13:19,094] {dagbag.py:507} INFO - Filling up the DagBag from /home/airflow/.local/lib/python3.7/site-packages/airflow/example_dags/example_task_group_decorator.py
[2022-12-21 17:13:19,116] {processor.py:651} INFO - DAG(s) dict_keys(['example_task_group_decorator']) retrieved from /home/airflow/.local/lib/python3.7/site-packages/airflow/example_dags/example_task_group_decorator.py
[2022-12-21 17:13:19,167] {logging_mixin.py:115} INFO - [2022-12-21 17:13:19,167] {dag.py:2371} INFO - Sync 1 DAGs
[2022-12-21 17:13:19,182] {logging_mixin.py:115} INFO - [2022-12-21 17:13:19,182] {dag.py:2919} INFO - Setting next_dagrun for example_task_group_decorator to 2022-12-20T17:13:19.181937+00:00, run_after=2022-12-21T17:13:19.181937+00:00
[2022-12-21 17:13:19,194] {processor.py:161} INFO - Processing /home/airflow/.local/lib/python3.7/site-packages/airflow/example_dags/example_task_group_decorator.py took 0.104 seconds
[2022-12-21 17:13:49,746] {processor.py:153} INFO - Started process (PID=24425) to work on /home/airflow/.local/lib/python3.7/site-packages/airflow/example_dags/example_task_group_decorator.py
[2022-12-21 17:13:49,746] {processor.py:641} INFO - Processing file /home/airflow/.local/lib/python3.7/site-packages/airflow/example_dags/example_task_group_decorator.py for tasks to queue
[2022-12-21 17:13:49,747] {logging_mixin.py:115} INFO - [2022-12-21 17:13:49,747] {dagbag.py:507} INFO - Filling up the DagBag from /home/airflow/.local/lib/python3.7/site-packages/airflow/example_dags/example_task_group_decorator.py
[2022-12-21 17:13:49,768] {processor.py:651} INFO - DAG(s) dict_keys(['example_task_group_decorator']) retrieved from /home/airflow/.local/lib/python3.7/site-packages/airflow/example_dags/example_task_group_decorator.py
[2022-12-21 17:13:49,819] {logging_mixin.py:115} INFO - [2022-12-21 17:13:49,819] {dag.py:2371} INFO - Sync 1 DAGs
[2022-12-21 17:13:49,834] {logging_mixin.py:115} INFO - [2022-12-21 17:13:49,834] {dag.py:2919} INFO - Setting next_dagrun for example_task_group_decorator to 2022-12-20T17:13:49.834343+00:00, run_after=2022-12-21T17:13:49.834343+00:00
[2022-12-21 17:13:49,847] {processor.py:161} INFO - Processing /home/airflow/.local/lib/python3.7/site-packages/airflow/example_dags/example_task_group_decorator.py took 0.103 seconds
[2022-12-21 17:14:20,383] {processor.py:153} INFO - Started process (PID=24492) to work on /home/airflow/.local/lib/python3.7/site-packages/airflow/example_dags/example_task_group_decorator.py
[2022-12-21 17:14:20,384] {processor.py:641} INFO - Processing file /home/airflow/.local/lib/python3.7/site-packages/airflow/example_dags/example_task_group_decorator.py for tasks to queue
[2022-12-21 17:14:20,385] {logging_mixin.py:115} INFO - [2022-12-21 17:14:20,385] {dagbag.py:507} INFO - Filling up the DagBag from /home/airflow/.local/lib/python3.7/site-packages/airflow/example_dags/example_task_group_decorator.py
[2022-12-21 17:14:20,409] {processor.py:651} INFO - DAG(s) dict_keys(['example_task_group_decorator']) retrieved from /home/airflow/.local/lib/python3.7/site-packages/airflow/example_dags/example_task_group_decorator.py
[2022-12-21 17:14:20,473] {logging_mixin.py:115} INFO - [2022-12-21 17:14:20,473] {dag.py:2371} INFO - Sync 1 DAGs
[2022-12-21 17:14:20,488] {logging_mixin.py:115} INFO - [2022-12-21 17:14:20,487] {dag.py:2919} INFO - Setting next_dagrun for example_task_group_decorator to 2022-12-20T17:14:20.487706+00:00, run_after=2022-12-21T17:14:20.487706+00:00
[2022-12-21 17:14:20,499] {processor.py:161} INFO - Processing /home/airflow/.local/lib/python3.7/site-packages/airflow/example_dags/example_task_group_decorator.py took 0.118 seconds
[2022-12-21 17:14:51,191] {processor.py:153} INFO - Started process (PID=24558) to work on /home/airflow/.local/lib/python3.7/site-packages/airflow/example_dags/example_task_group_decorator.py
[2022-12-21 17:14:51,192] {processor.py:641} INFO - Processing file /home/airflow/.local/lib/python3.7/site-packages/airflow/example_dags/example_task_group_decorator.py for tasks to queue
[2022-12-21 17:14:51,192] {logging_mixin.py:115} INFO - [2022-12-21 17:14:51,192] {dagbag.py:507} INFO - Filling up the DagBag from /home/airflow/.local/lib/python3.7/site-packages/airflow/example_dags/example_task_group_decorator.py
[2022-12-21 17:14:51,217] {processor.py:651} INFO - DAG(s) dict_keys(['example_task_group_decorator']) retrieved from /home/airflow/.local/lib/python3.7/site-packages/airflow/example_dags/example_task_group_decorator.py
[2022-12-21 17:14:51,272] {logging_mixin.py:115} INFO - [2022-12-21 17:14:51,272] {dag.py:2371} INFO - Sync 1 DAGs
[2022-12-21 17:14:51,291] {logging_mixin.py:115} INFO - [2022-12-21 17:14:51,291] {dag.py:2919} INFO - Setting next_dagrun for example_task_group_decorator to 2022-12-20T17:14:51.290936+00:00, run_after=2022-12-21T17:14:51.290936+00:00
[2022-12-21 17:14:51,303] {processor.py:161} INFO - Processing /home/airflow/.local/lib/python3.7/site-packages/airflow/example_dags/example_task_group_decorator.py took 0.115 seconds
[2022-12-21 17:15:21,741] {processor.py:153} INFO - Started process (PID=24624) to work on /home/airflow/.local/lib/python3.7/site-packages/airflow/example_dags/example_task_group_decorator.py
[2022-12-21 17:15:21,741] {processor.py:641} INFO - Processing file /home/airflow/.local/lib/python3.7/site-packages/airflow/example_dags/example_task_group_decorator.py for tasks to queue
[2022-12-21 17:15:21,742] {logging_mixin.py:115} INFO - [2022-12-21 17:15:21,742] {dagbag.py:507} INFO - Filling up the DagBag from /home/airflow/.local/lib/python3.7/site-packages/airflow/example_dags/example_task_group_decorator.py
[2022-12-21 17:15:21,761] {processor.py:651} INFO - DAG(s) dict_keys(['example_task_group_decorator']) retrieved from /home/airflow/.local/lib/python3.7/site-packages/airflow/example_dags/example_task_group_decorator.py
[2022-12-21 17:15:21,818] {logging_mixin.py:115} INFO - [2022-12-21 17:15:21,817] {dag.py:2371} INFO - Sync 1 DAGs
[2022-12-21 17:15:21,835] {logging_mixin.py:115} INFO - [2022-12-21 17:15:21,835] {dag.py:2919} INFO - Setting next_dagrun for example_task_group_decorator to 2022-12-20T17:15:21.835388+00:00, run_after=2022-12-21T17:15:21.835388+00:00
[2022-12-21 17:15:21,847] {processor.py:161} INFO - Processing /home/airflow/.local/lib/python3.7/site-packages/airflow/example_dags/example_task_group_decorator.py took 0.109 seconds
[2022-12-21 17:15:52,461] {processor.py:153} INFO - Started process (PID=24687) to work on /home/airflow/.local/lib/python3.7/site-packages/airflow/example_dags/example_task_group_decorator.py
[2022-12-21 17:15:52,462] {processor.py:641} INFO - Processing file /home/airflow/.local/lib/python3.7/site-packages/airflow/example_dags/example_task_group_decorator.py for tasks to queue
[2022-12-21 17:15:52,462] {logging_mixin.py:115} INFO - [2022-12-21 17:15:52,462] {dagbag.py:507} INFO - Filling up the DagBag from /home/airflow/.local/lib/python3.7/site-packages/airflow/example_dags/example_task_group_decorator.py
[2022-12-21 17:15:52,481] {processor.py:651} INFO - DAG(s) dict_keys(['example_task_group_decorator']) retrieved from /home/airflow/.local/lib/python3.7/site-packages/airflow/example_dags/example_task_group_decorator.py
[2022-12-21 17:15:52,539] {logging_mixin.py:115} INFO - [2022-12-21 17:15:52,539] {dag.py:2371} INFO - Sync 1 DAGs
[2022-12-21 17:15:52,554] {logging_mixin.py:115} INFO - [2022-12-21 17:15:52,554] {dag.py:2919} INFO - Setting next_dagrun for example_task_group_decorator to 2022-12-20T17:15:52.554158+00:00, run_after=2022-12-21T17:15:52.554158+00:00
[2022-12-21 17:15:52,567] {processor.py:161} INFO - Processing /home/airflow/.local/lib/python3.7/site-packages/airflow/example_dags/example_task_group_decorator.py took 0.109 seconds
[2022-12-21 17:16:23,156] {processor.py:153} INFO - Started process (PID=24746) to work on /home/airflow/.local/lib/python3.7/site-packages/airflow/example_dags/example_task_group_decorator.py
[2022-12-21 17:16:23,157] {processor.py:641} INFO - Processing file /home/airflow/.local/lib/python3.7/site-packages/airflow/example_dags/example_task_group_decorator.py for tasks to queue
[2022-12-21 17:16:23,157] {logging_mixin.py:115} INFO - [2022-12-21 17:16:23,157] {dagbag.py:507} INFO - Filling up the DagBag from /home/airflow/.local/lib/python3.7/site-packages/airflow/example_dags/example_task_group_decorator.py
[2022-12-21 17:16:23,182] {processor.py:651} INFO - DAG(s) dict_keys(['example_task_group_decorator']) retrieved from /home/airflow/.local/lib/python3.7/site-packages/airflow/example_dags/example_task_group_decorator.py
[2022-12-21 17:16:23,239] {logging_mixin.py:115} INFO - [2022-12-21 17:16:23,239] {dag.py:2371} INFO - Sync 1 DAGs
[2022-12-21 17:16:23,254] {logging_mixin.py:115} INFO - [2022-12-21 17:16:23,254] {dag.py:2919} INFO - Setting next_dagrun for example_task_group_decorator to 2022-12-20T17:16:23.253856+00:00, run_after=2022-12-21T17:16:23.253856+00:00
[2022-12-21 17:16:23,265] {processor.py:161} INFO - Processing /home/airflow/.local/lib/python3.7/site-packages/airflow/example_dags/example_task_group_decorator.py took 0.112 seconds
[2022-12-21 17:16:53,782] {processor.py:153} INFO - Started process (PID=24813) to work on /home/airflow/.local/lib/python3.7/site-packages/airflow/example_dags/example_task_group_decorator.py
[2022-12-21 17:16:53,782] {processor.py:641} INFO - Processing file /home/airflow/.local/lib/python3.7/site-packages/airflow/example_dags/example_task_group_decorator.py for tasks to queue
[2022-12-21 17:16:53,783] {logging_mixin.py:115} INFO - [2022-12-21 17:16:53,783] {dagbag.py:507} INFO - Filling up the DagBag from /home/airflow/.local/lib/python3.7/site-packages/airflow/example_dags/example_task_group_decorator.py
[2022-12-21 17:16:53,803] {processor.py:651} INFO - DAG(s) dict_keys(['example_task_group_decorator']) retrieved from /home/airflow/.local/lib/python3.7/site-packages/airflow/example_dags/example_task_group_decorator.py
[2022-12-21 17:16:53,858] {logging_mixin.py:115} INFO - [2022-12-21 17:16:53,858] {dag.py:2371} INFO - Sync 1 DAGs
[2022-12-21 17:16:53,874] {logging_mixin.py:115} INFO - [2022-12-21 17:16:53,874] {dag.py:2919} INFO - Setting next_dagrun for example_task_group_decorator to 2022-12-20T17:16:53.874409+00:00, run_after=2022-12-21T17:16:53.874409+00:00
[2022-12-21 17:16:53,887] {processor.py:161} INFO - Processing /home/airflow/.local/lib/python3.7/site-packages/airflow/example_dags/example_task_group_decorator.py took 0.108 seconds
[2022-12-21 17:17:24,407] {processor.py:153} INFO - Started process (PID=24879) to work on /home/airflow/.local/lib/python3.7/site-packages/airflow/example_dags/example_task_group_decorator.py
[2022-12-21 17:17:24,408] {processor.py:641} INFO - Processing file /home/airflow/.local/lib/python3.7/site-packages/airflow/example_dags/example_task_group_decorator.py for tasks to queue
[2022-12-21 17:17:24,408] {logging_mixin.py:115} INFO - [2022-12-21 17:17:24,408] {dagbag.py:507} INFO - Filling up the DagBag from /home/airflow/.local/lib/python3.7/site-packages/airflow/example_dags/example_task_group_decorator.py
[2022-12-21 17:17:24,429] {processor.py:651} INFO - DAG(s) dict_keys(['example_task_group_decorator']) retrieved from /home/airflow/.local/lib/python3.7/site-packages/airflow/example_dags/example_task_group_decorator.py
[2022-12-21 17:17:24,500] {logging_mixin.py:115} INFO - [2022-12-21 17:17:24,500] {dag.py:2371} INFO - Sync 1 DAGs
[2022-12-21 17:17:24,518] {logging_mixin.py:115} INFO - [2022-12-21 17:17:24,517] {dag.py:2919} INFO - Setting next_dagrun for example_task_group_decorator to 2022-12-20T17:17:24.517737+00:00, run_after=2022-12-21T17:17:24.517737+00:00
[2022-12-21 17:17:24,531] {processor.py:161} INFO - Processing /home/airflow/.local/lib/python3.7/site-packages/airflow/example_dags/example_task_group_decorator.py took 0.127 seconds
[2022-12-21 17:17:54,991] {processor.py:153} INFO - Started process (PID=24936) to work on /home/airflow/.local/lib/python3.7/site-packages/airflow/example_dags/example_task_group_decorator.py
[2022-12-21 17:17:54,992] {processor.py:641} INFO - Processing file /home/airflow/.local/lib/python3.7/site-packages/airflow/example_dags/example_task_group_decorator.py for tasks to queue
[2022-12-21 17:17:54,992] {logging_mixin.py:115} INFO - [2022-12-21 17:17:54,992] {dagbag.py:507} INFO - Filling up the DagBag from /home/airflow/.local/lib/python3.7/site-packages/airflow/example_dags/example_task_group_decorator.py
[2022-12-21 17:17:55,012] {processor.py:651} INFO - DAG(s) dict_keys(['example_task_group_decorator']) retrieved from /home/airflow/.local/lib/python3.7/site-packages/airflow/example_dags/example_task_group_decorator.py
[2022-12-21 17:17:55,062] {logging_mixin.py:115} INFO - [2022-12-21 17:17:55,062] {dag.py:2371} INFO - Sync 1 DAGs
[2022-12-21 17:17:55,079] {logging_mixin.py:115} INFO - [2022-12-21 17:17:55,079] {dag.py:2919} INFO - Setting next_dagrun for example_task_group_decorator to 2022-12-20T17:17:55.079036+00:00, run_after=2022-12-21T17:17:55.079036+00:00
[2022-12-21 17:17:55,090] {processor.py:161} INFO - Processing /home/airflow/.local/lib/python3.7/site-packages/airflow/example_dags/example_task_group_decorator.py took 0.102 seconds
[2022-12-21 17:18:25,645] {processor.py:153} INFO - Started process (PID=25003) to work on /home/airflow/.local/lib/python3.7/site-packages/airflow/example_dags/example_task_group_decorator.py
[2022-12-21 17:18:25,646] {processor.py:641} INFO - Processing file /home/airflow/.local/lib/python3.7/site-packages/airflow/example_dags/example_task_group_decorator.py for tasks to queue
[2022-12-21 17:18:25,646] {logging_mixin.py:115} INFO - [2022-12-21 17:18:25,646] {dagbag.py:507} INFO - Filling up the DagBag from /home/airflow/.local/lib/python3.7/site-packages/airflow/example_dags/example_task_group_decorator.py
[2022-12-21 17:18:25,677] {processor.py:651} INFO - DAG(s) dict_keys(['example_task_group_decorator']) retrieved from /home/airflow/.local/lib/python3.7/site-packages/airflow/example_dags/example_task_group_decorator.py
[2022-12-21 17:18:25,750] {logging_mixin.py:115} INFO - [2022-12-21 17:18:25,750] {dag.py:2371} INFO - Sync 1 DAGs
[2022-12-21 17:18:25,769] {logging_mixin.py:115} INFO - [2022-12-21 17:18:25,769] {dag.py:2919} INFO - Setting next_dagrun for example_task_group_decorator to 2022-12-20T17:18:25.769153+00:00, run_after=2022-12-21T17:18:25.769153+00:00
[2022-12-21 17:18:25,784] {processor.py:161} INFO - Processing /home/airflow/.local/lib/python3.7/site-packages/airflow/example_dags/example_task_group_decorator.py took 0.142 seconds
[2022-12-21 17:18:56,471] {processor.py:153} INFO - Started process (PID=25070) to work on /home/airflow/.local/lib/python3.7/site-packages/airflow/example_dags/example_task_group_decorator.py
[2022-12-21 17:18:56,471] {processor.py:641} INFO - Processing file /home/airflow/.local/lib/python3.7/site-packages/airflow/example_dags/example_task_group_decorator.py for tasks to queue
[2022-12-21 17:18:56,471] {logging_mixin.py:115} INFO - [2022-12-21 17:18:56,471] {dagbag.py:507} INFO - Filling up the DagBag from /home/airflow/.local/lib/python3.7/site-packages/airflow/example_dags/example_task_group_decorator.py
[2022-12-21 17:18:56,495] {processor.py:651} INFO - DAG(s) dict_keys(['example_task_group_decorator']) retrieved from /home/airflow/.local/lib/python3.7/site-packages/airflow/example_dags/example_task_group_decorator.py
[2022-12-21 17:18:56,550] {logging_mixin.py:115} INFO - [2022-12-21 17:18:56,550] {dag.py:2371} INFO - Sync 1 DAGs
[2022-12-21 17:18:56,565] {logging_mixin.py:115} INFO - [2022-12-21 17:18:56,565] {dag.py:2919} INFO - Setting next_dagrun for example_task_group_decorator to 2022-12-20T17:18:56.565640+00:00, run_after=2022-12-21T17:18:56.565640+00:00
[2022-12-21 17:18:56,578] {processor.py:161} INFO - Processing /home/airflow/.local/lib/python3.7/site-packages/airflow/example_dags/example_task_group_decorator.py took 0.110 seconds
[2022-12-21 17:19:27,121] {processor.py:153} INFO - Started process (PID=25138) to work on /home/airflow/.local/lib/python3.7/site-packages/airflow/example_dags/example_task_group_decorator.py
[2022-12-21 17:19:27,122] {processor.py:641} INFO - Processing file /home/airflow/.local/lib/python3.7/site-packages/airflow/example_dags/example_task_group_decorator.py for tasks to queue
[2022-12-21 17:19:27,123] {logging_mixin.py:115} INFO - [2022-12-21 17:19:27,123] {dagbag.py:507} INFO - Filling up the DagBag from /home/airflow/.local/lib/python3.7/site-packages/airflow/example_dags/example_task_group_decorator.py
[2022-12-21 17:19:27,147] {processor.py:651} INFO - DAG(s) dict_keys(['example_task_group_decorator']) retrieved from /home/airflow/.local/lib/python3.7/site-packages/airflow/example_dags/example_task_group_decorator.py
[2022-12-21 17:19:27,208] {logging_mixin.py:115} INFO - [2022-12-21 17:19:27,208] {dag.py:2371} INFO - Sync 1 DAGs
[2022-12-21 17:19:27,228] {logging_mixin.py:115} INFO - [2022-12-21 17:19:27,228] {dag.py:2919} INFO - Setting next_dagrun for example_task_group_decorator to 2022-12-20T17:19:27.228561+00:00, run_after=2022-12-21T17:19:27.228561+00:00
[2022-12-21 17:19:27,242] {processor.py:161} INFO - Processing /home/airflow/.local/lib/python3.7/site-packages/airflow/example_dags/example_task_group_decorator.py took 0.124 seconds
[2022-12-21 17:19:57,811] {processor.py:153} INFO - Started process (PID=25197) to work on /home/airflow/.local/lib/python3.7/site-packages/airflow/example_dags/example_task_group_decorator.py
[2022-12-21 17:19:57,811] {processor.py:641} INFO - Processing file /home/airflow/.local/lib/python3.7/site-packages/airflow/example_dags/example_task_group_decorator.py for tasks to queue
[2022-12-21 17:19:57,812] {logging_mixin.py:115} INFO - [2022-12-21 17:19:57,812] {dagbag.py:507} INFO - Filling up the DagBag from /home/airflow/.local/lib/python3.7/site-packages/airflow/example_dags/example_task_group_decorator.py
[2022-12-21 17:19:57,832] {processor.py:651} INFO - DAG(s) dict_keys(['example_task_group_decorator']) retrieved from /home/airflow/.local/lib/python3.7/site-packages/airflow/example_dags/example_task_group_decorator.py
[2022-12-21 17:19:57,885] {logging_mixin.py:115} INFO - [2022-12-21 17:19:57,885] {dag.py:2371} INFO - Sync 1 DAGs
[2022-12-21 17:19:57,900] {logging_mixin.py:115} INFO - [2022-12-21 17:19:57,900] {dag.py:2919} INFO - Setting next_dagrun for example_task_group_decorator to 2022-12-20T17:19:57.900380+00:00, run_after=2022-12-21T17:19:57.900380+00:00
[2022-12-21 17:19:57,913] {processor.py:161} INFO - Processing /home/airflow/.local/lib/python3.7/site-packages/airflow/example_dags/example_task_group_decorator.py took 0.105 seconds
[2022-12-21 17:20:28,467] {processor.py:153} INFO - Started process (PID=25263) to work on /home/airflow/.local/lib/python3.7/site-packages/airflow/example_dags/example_task_group_decorator.py
[2022-12-21 17:20:28,467] {processor.py:641} INFO - Processing file /home/airflow/.local/lib/python3.7/site-packages/airflow/example_dags/example_task_group_decorator.py for tasks to queue
[2022-12-21 17:20:28,467] {logging_mixin.py:115} INFO - [2022-12-21 17:20:28,467] {dagbag.py:507} INFO - Filling up the DagBag from /home/airflow/.local/lib/python3.7/site-packages/airflow/example_dags/example_task_group_decorator.py
[2022-12-21 17:20:28,489] {processor.py:651} INFO - DAG(s) dict_keys(['example_task_group_decorator']) retrieved from /home/airflow/.local/lib/python3.7/site-packages/airflow/example_dags/example_task_group_decorator.py
[2022-12-21 17:20:28,542] {logging_mixin.py:115} INFO - [2022-12-21 17:20:28,542] {dag.py:2371} INFO - Sync 1 DAGs
[2022-12-21 17:20:28,556] {logging_mixin.py:115} INFO - [2022-12-21 17:20:28,555] {dag.py:2919} INFO - Setting next_dagrun for example_task_group_decorator to 2022-12-20T17:20:28.555804+00:00, run_after=2022-12-21T17:20:28.555804+00:00
[2022-12-21 17:20:28,566] {processor.py:161} INFO - Processing /home/airflow/.local/lib/python3.7/site-packages/airflow/example_dags/example_task_group_decorator.py took 0.101 seconds
[2022-12-21 17:20:59,289] {processor.py:153} INFO - Started process (PID=25330) to work on /home/airflow/.local/lib/python3.7/site-packages/airflow/example_dags/example_task_group_decorator.py
[2022-12-21 17:20:59,290] {processor.py:641} INFO - Processing file /home/airflow/.local/lib/python3.7/site-packages/airflow/example_dags/example_task_group_decorator.py for tasks to queue
[2022-12-21 17:20:59,290] {logging_mixin.py:115} INFO - [2022-12-21 17:20:59,290] {dagbag.py:507} INFO - Filling up the DagBag from /home/airflow/.local/lib/python3.7/site-packages/airflow/example_dags/example_task_group_decorator.py
[2022-12-21 17:20:59,316] {processor.py:651} INFO - DAG(s) dict_keys(['example_task_group_decorator']) retrieved from /home/airflow/.local/lib/python3.7/site-packages/airflow/example_dags/example_task_group_decorator.py
[2022-12-21 17:20:59,377] {logging_mixin.py:115} INFO - [2022-12-21 17:20:59,377] {dag.py:2371} INFO - Sync 1 DAGs
[2022-12-21 17:20:59,398] {logging_mixin.py:115} INFO - [2022-12-21 17:20:59,398] {dag.py:2919} INFO - Setting next_dagrun for example_task_group_decorator to 2022-12-20T17:20:59.397784+00:00, run_after=2022-12-21T17:20:59.397784+00:00
[2022-12-21 17:20:59,414] {processor.py:161} INFO - Processing /home/airflow/.local/lib/python3.7/site-packages/airflow/example_dags/example_task_group_decorator.py took 0.128 seconds
[2022-12-21 17:21:29,762] {processor.py:153} INFO - Started process (PID=25396) to work on /home/airflow/.local/lib/python3.7/site-packages/airflow/example_dags/example_task_group_decorator.py
[2022-12-21 17:21:29,763] {processor.py:641} INFO - Processing file /home/airflow/.local/lib/python3.7/site-packages/airflow/example_dags/example_task_group_decorator.py for tasks to queue
[2022-12-21 17:21:29,763] {logging_mixin.py:115} INFO - [2022-12-21 17:21:29,763] {dagbag.py:507} INFO - Filling up the DagBag from /home/airflow/.local/lib/python3.7/site-packages/airflow/example_dags/example_task_group_decorator.py
[2022-12-21 17:21:29,787] {processor.py:651} INFO - DAG(s) dict_keys(['example_task_group_decorator']) retrieved from /home/airflow/.local/lib/python3.7/site-packages/airflow/example_dags/example_task_group_decorator.py
[2022-12-21 17:21:29,853] {logging_mixin.py:115} INFO - [2022-12-21 17:21:29,853] {dag.py:2371} INFO - Sync 1 DAGs
[2022-12-21 17:21:29,873] {logging_mixin.py:115} INFO - [2022-12-21 17:21:29,873] {dag.py:2919} INFO - Setting next_dagrun for example_task_group_decorator to 2022-12-20T17:21:29.873122+00:00, run_after=2022-12-21T17:21:29.873122+00:00
[2022-12-21 17:21:29,885] {processor.py:161} INFO - Processing /home/airflow/.local/lib/python3.7/site-packages/airflow/example_dags/example_task_group_decorator.py took 0.126 seconds
[2022-12-21 17:22:00,239] {processor.py:153} INFO - Started process (PID=25452) to work on /home/airflow/.local/lib/python3.7/site-packages/airflow/example_dags/example_task_group_decorator.py
[2022-12-21 17:22:00,240] {processor.py:641} INFO - Processing file /home/airflow/.local/lib/python3.7/site-packages/airflow/example_dags/example_task_group_decorator.py for tasks to queue
[2022-12-21 17:22:00,240] {logging_mixin.py:115} INFO - [2022-12-21 17:22:00,240] {dagbag.py:507} INFO - Filling up the DagBag from /home/airflow/.local/lib/python3.7/site-packages/airflow/example_dags/example_task_group_decorator.py
[2022-12-21 17:22:00,264] {processor.py:651} INFO - DAG(s) dict_keys(['example_task_group_decorator']) retrieved from /home/airflow/.local/lib/python3.7/site-packages/airflow/example_dags/example_task_group_decorator.py
[2022-12-21 17:22:00,331] {logging_mixin.py:115} INFO - [2022-12-21 17:22:00,330] {dag.py:2371} INFO - Sync 1 DAGs
[2022-12-21 17:22:00,351] {logging_mixin.py:115} INFO - [2022-12-21 17:22:00,351] {dag.py:2919} INFO - Setting next_dagrun for example_task_group_decorator to 2022-12-20T17:22:00.351079+00:00, run_after=2022-12-21T17:22:00.351079+00:00
[2022-12-21 17:22:00,364] {processor.py:161} INFO - Processing /home/airflow/.local/lib/python3.7/site-packages/airflow/example_dags/example_task_group_decorator.py took 0.127 seconds
[2022-12-21 17:22:30,783] {processor.py:153} INFO - Started process (PID=25520) to work on /home/airflow/.local/lib/python3.7/site-packages/airflow/example_dags/example_task_group_decorator.py
[2022-12-21 17:22:30,784] {processor.py:641} INFO - Processing file /home/airflow/.local/lib/python3.7/site-packages/airflow/example_dags/example_task_group_decorator.py for tasks to queue
[2022-12-21 17:22:30,784] {logging_mixin.py:115} INFO - [2022-12-21 17:22:30,784] {dagbag.py:507} INFO - Filling up the DagBag from /home/airflow/.local/lib/python3.7/site-packages/airflow/example_dags/example_task_group_decorator.py
[2022-12-21 17:22:30,810] {processor.py:651} INFO - DAG(s) dict_keys(['example_task_group_decorator']) retrieved from /home/airflow/.local/lib/python3.7/site-packages/airflow/example_dags/example_task_group_decorator.py
[2022-12-21 17:22:30,890] {logging_mixin.py:115} INFO - [2022-12-21 17:22:30,890] {dag.py:2371} INFO - Sync 1 DAGs
[2022-12-21 17:22:30,907] {logging_mixin.py:115} INFO - [2022-12-21 17:22:30,907] {dag.py:2919} INFO - Setting next_dagrun for example_task_group_decorator to 2022-12-20T17:22:30.907101+00:00, run_after=2022-12-21T17:22:30.907101+00:00
[2022-12-21 17:22:30,920] {processor.py:161} INFO - Processing /home/airflow/.local/lib/python3.7/site-packages/airflow/example_dags/example_task_group_decorator.py took 0.140 seconds
[2022-12-21 17:23:00,993] {processor.py:153} INFO - Started process (PID=25587) to work on /home/airflow/.local/lib/python3.7/site-packages/airflow/example_dags/example_task_group_decorator.py
[2022-12-21 17:23:00,994] {processor.py:641} INFO - Processing file /home/airflow/.local/lib/python3.7/site-packages/airflow/example_dags/example_task_group_decorator.py for tasks to queue
[2022-12-21 17:23:00,995] {logging_mixin.py:115} INFO - [2022-12-21 17:23:00,995] {dagbag.py:507} INFO - Filling up the DagBag from /home/airflow/.local/lib/python3.7/site-packages/airflow/example_dags/example_task_group_decorator.py
[2022-12-21 17:23:01,018] {processor.py:651} INFO - DAG(s) dict_keys(['example_task_group_decorator']) retrieved from /home/airflow/.local/lib/python3.7/site-packages/airflow/example_dags/example_task_group_decorator.py
[2022-12-21 17:23:01,073] {logging_mixin.py:115} INFO - [2022-12-21 17:23:01,072] {dag.py:2371} INFO - Sync 1 DAGs
[2022-12-21 17:23:01,087] {logging_mixin.py:115} INFO - [2022-12-21 17:23:01,087] {dag.py:2919} INFO - Setting next_dagrun for example_task_group_decorator to 2022-12-20T17:23:01.086888+00:00, run_after=2022-12-21T17:23:01.086888+00:00
[2022-12-21 17:23:01,098] {processor.py:161} INFO - Processing /home/airflow/.local/lib/python3.7/site-packages/airflow/example_dags/example_task_group_decorator.py took 0.107 seconds
[2022-12-21 17:23:31,953] {processor.py:153} INFO - Started process (PID=25653) to work on /home/airflow/.local/lib/python3.7/site-packages/airflow/example_dags/example_task_group_decorator.py
[2022-12-21 17:23:31,953] {processor.py:641} INFO - Processing file /home/airflow/.local/lib/python3.7/site-packages/airflow/example_dags/example_task_group_decorator.py for tasks to queue
[2022-12-21 17:23:31,954] {logging_mixin.py:115} INFO - [2022-12-21 17:23:31,954] {dagbag.py:507} INFO - Filling up the DagBag from /home/airflow/.local/lib/python3.7/site-packages/airflow/example_dags/example_task_group_decorator.py
[2022-12-21 17:23:31,976] {processor.py:651} INFO - DAG(s) dict_keys(['example_task_group_decorator']) retrieved from /home/airflow/.local/lib/python3.7/site-packages/airflow/example_dags/example_task_group_decorator.py
[2022-12-21 17:23:32,040] {logging_mixin.py:115} INFO - [2022-12-21 17:23:32,040] {dag.py:2371} INFO - Sync 1 DAGs
[2022-12-21 17:23:32,055] {logging_mixin.py:115} INFO - [2022-12-21 17:23:32,055] {dag.py:2919} INFO - Setting next_dagrun for example_task_group_decorator to 2022-12-20T17:23:32.055109+00:00, run_after=2022-12-21T17:23:32.055109+00:00
[2022-12-21 17:23:32,067] {processor.py:161} INFO - Processing /home/airflow/.local/lib/python3.7/site-packages/airflow/example_dags/example_task_group_decorator.py took 0.117 seconds
