[2022-12-21 16:55:25,591] {processor.py:153} INFO - Started process (PID=22114) to work on /home/airflow/.local/lib/python3.7/site-packages/airflow/example_dags/example_branch_operator.py
[2022-12-21 16:55:25,592] {processor.py:641} INFO - Processing file /home/airflow/.local/lib/python3.7/site-packages/airflow/example_dags/example_branch_operator.py for tasks to queue
[2022-12-21 16:55:25,592] {logging_mixin.py:115} INFO - [2022-12-21 16:55:25,592] {dagbag.py:507} INFO - Filling up the DagBag from /home/airflow/.local/lib/python3.7/site-packages/airflow/example_dags/example_branch_operator.py
[2022-12-21 16:55:25,598] {processor.py:651} INFO - DAG(s) dict_keys(['example_branch_operator']) retrieved from /home/airflow/.local/lib/python3.7/site-packages/airflow/example_dags/example_branch_operator.py
[2022-12-21 16:55:25,616] {logging_mixin.py:115} INFO - [2022-12-21 16:55:25,616] {dag.py:2371} INFO - Sync 1 DAGs
[2022-12-21 16:55:25,631] {logging_mixin.py:115} INFO - [2022-12-21 16:55:25,631] {dag.py:2919} INFO - Setting next_dagrun for example_branch_operator to 2022-12-20T00:00:00+00:00, run_after=2022-12-21T00:00:00+00:00
[2022-12-21 16:55:25,640] {processor.py:161} INFO - Processing /home/airflow/.local/lib/python3.7/site-packages/airflow/example_dags/example_branch_operator.py took 0.050 seconds
[2022-12-21 16:55:56,057] {processor.py:153} INFO - Started process (PID=22180) to work on /home/airflow/.local/lib/python3.7/site-packages/airflow/example_dags/example_branch_operator.py
[2022-12-21 16:55:56,058] {processor.py:641} INFO - Processing file /home/airflow/.local/lib/python3.7/site-packages/airflow/example_dags/example_branch_operator.py for tasks to queue
[2022-12-21 16:55:56,058] {logging_mixin.py:115} INFO - [2022-12-21 16:55:56,058] {dagbag.py:507} INFO - Filling up the DagBag from /home/airflow/.local/lib/python3.7/site-packages/airflow/example_dags/example_branch_operator.py
[2022-12-21 16:55:56,068] {processor.py:651} INFO - DAG(s) dict_keys(['example_branch_operator']) retrieved from /home/airflow/.local/lib/python3.7/site-packages/airflow/example_dags/example_branch_operator.py
[2022-12-21 16:55:56,088] {logging_mixin.py:115} INFO - [2022-12-21 16:55:56,088] {dag.py:2371} INFO - Sync 1 DAGs
[2022-12-21 16:55:56,108] {logging_mixin.py:115} INFO - [2022-12-21 16:55:56,108] {dag.py:2919} INFO - Setting next_dagrun for example_branch_operator to 2022-12-20T00:00:00+00:00, run_after=2022-12-21T00:00:00+00:00
[2022-12-21 16:55:56,118] {processor.py:161} INFO - Processing /home/airflow/.local/lib/python3.7/site-packages/airflow/example_dags/example_branch_operator.py took 0.063 seconds
[2022-12-21 16:56:26,404] {processor.py:153} INFO - Started process (PID=22246) to work on /home/airflow/.local/lib/python3.7/site-packages/airflow/example_dags/example_branch_operator.py
[2022-12-21 16:56:26,405] {processor.py:641} INFO - Processing file /home/airflow/.local/lib/python3.7/site-packages/airflow/example_dags/example_branch_operator.py for tasks to queue
[2022-12-21 16:56:26,405] {logging_mixin.py:115} INFO - [2022-12-21 16:56:26,405] {dagbag.py:507} INFO - Filling up the DagBag from /home/airflow/.local/lib/python3.7/site-packages/airflow/example_dags/example_branch_operator.py
[2022-12-21 16:56:26,412] {processor.py:651} INFO - DAG(s) dict_keys(['example_branch_operator']) retrieved from /home/airflow/.local/lib/python3.7/site-packages/airflow/example_dags/example_branch_operator.py
[2022-12-21 16:56:26,429] {logging_mixin.py:115} INFO - [2022-12-21 16:56:26,429] {dag.py:2371} INFO - Sync 1 DAGs
[2022-12-21 16:56:26,444] {logging_mixin.py:115} INFO - [2022-12-21 16:56:26,444] {dag.py:2919} INFO - Setting next_dagrun for example_branch_operator to 2022-12-20T00:00:00+00:00, run_after=2022-12-21T00:00:00+00:00
[2022-12-21 16:56:26,452] {processor.py:161} INFO - Processing /home/airflow/.local/lib/python3.7/site-packages/airflow/example_dags/example_branch_operator.py took 0.049 seconds
[2022-12-21 16:56:56,861] {processor.py:153} INFO - Started process (PID=22313) to work on /home/airflow/.local/lib/python3.7/site-packages/airflow/example_dags/example_branch_operator.py
[2022-12-21 16:56:56,861] {processor.py:641} INFO - Processing file /home/airflow/.local/lib/python3.7/site-packages/airflow/example_dags/example_branch_operator.py for tasks to queue
[2022-12-21 16:56:56,862] {logging_mixin.py:115} INFO - [2022-12-21 16:56:56,862] {dagbag.py:507} INFO - Filling up the DagBag from /home/airflow/.local/lib/python3.7/site-packages/airflow/example_dags/example_branch_operator.py
[2022-12-21 16:56:56,869] {processor.py:651} INFO - DAG(s) dict_keys(['example_branch_operator']) retrieved from /home/airflow/.local/lib/python3.7/site-packages/airflow/example_dags/example_branch_operator.py
[2022-12-21 16:56:56,888] {logging_mixin.py:115} INFO - [2022-12-21 16:56:56,888] {dag.py:2371} INFO - Sync 1 DAGs
[2022-12-21 16:56:56,904] {logging_mixin.py:115} INFO - [2022-12-21 16:56:56,904] {dag.py:2919} INFO - Setting next_dagrun for example_branch_operator to 2022-12-20T00:00:00+00:00, run_after=2022-12-21T00:00:00+00:00
[2022-12-21 16:56:56,912] {processor.py:161} INFO - Processing /home/airflow/.local/lib/python3.7/site-packages/airflow/example_dags/example_branch_operator.py took 0.053 seconds
[2022-12-21 16:57:27,289] {processor.py:153} INFO - Started process (PID=22370) to work on /home/airflow/.local/lib/python3.7/site-packages/airflow/example_dags/example_branch_operator.py
[2022-12-21 16:57:27,289] {processor.py:641} INFO - Processing file /home/airflow/.local/lib/python3.7/site-packages/airflow/example_dags/example_branch_operator.py for tasks to queue
[2022-12-21 16:57:27,290] {logging_mixin.py:115} INFO - [2022-12-21 16:57:27,290] {dagbag.py:507} INFO - Filling up the DagBag from /home/airflow/.local/lib/python3.7/site-packages/airflow/example_dags/example_branch_operator.py
[2022-12-21 16:57:27,297] {processor.py:651} INFO - DAG(s) dict_keys(['example_branch_operator']) retrieved from /home/airflow/.local/lib/python3.7/site-packages/airflow/example_dags/example_branch_operator.py
[2022-12-21 16:57:27,316] {logging_mixin.py:115} INFO - [2022-12-21 16:57:27,316] {dag.py:2371} INFO - Sync 1 DAGs
[2022-12-21 16:57:27,331] {logging_mixin.py:115} INFO - [2022-12-21 16:57:27,331] {dag.py:2919} INFO - Setting next_dagrun for example_branch_operator to 2022-12-20T00:00:00+00:00, run_after=2022-12-21T00:00:00+00:00
[2022-12-21 16:57:27,339] {processor.py:161} INFO - Processing /home/airflow/.local/lib/python3.7/site-packages/airflow/example_dags/example_branch_operator.py took 0.052 seconds
[2022-12-21 16:57:57,652] {processor.py:153} INFO - Started process (PID=22437) to work on /home/airflow/.local/lib/python3.7/site-packages/airflow/example_dags/example_branch_operator.py
[2022-12-21 16:57:57,652] {processor.py:641} INFO - Processing file /home/airflow/.local/lib/python3.7/site-packages/airflow/example_dags/example_branch_operator.py for tasks to queue
[2022-12-21 16:57:57,652] {logging_mixin.py:115} INFO - [2022-12-21 16:57:57,652] {dagbag.py:507} INFO - Filling up the DagBag from /home/airflow/.local/lib/python3.7/site-packages/airflow/example_dags/example_branch_operator.py
[2022-12-21 16:57:57,659] {processor.py:651} INFO - DAG(s) dict_keys(['example_branch_operator']) retrieved from /home/airflow/.local/lib/python3.7/site-packages/airflow/example_dags/example_branch_operator.py
[2022-12-21 16:57:57,679] {logging_mixin.py:115} INFO - [2022-12-21 16:57:57,678] {dag.py:2371} INFO - Sync 1 DAGs
[2022-12-21 16:57:57,695] {logging_mixin.py:115} INFO - [2022-12-21 16:57:57,695] {dag.py:2919} INFO - Setting next_dagrun for example_branch_operator to 2022-12-20T00:00:00+00:00, run_after=2022-12-21T00:00:00+00:00
[2022-12-21 16:57:57,703] {processor.py:161} INFO - Processing /home/airflow/.local/lib/python3.7/site-packages/airflow/example_dags/example_branch_operator.py took 0.053 seconds
[2022-12-21 16:58:28,108] {processor.py:153} INFO - Started process (PID=22503) to work on /home/airflow/.local/lib/python3.7/site-packages/airflow/example_dags/example_branch_operator.py
[2022-12-21 16:58:28,109] {processor.py:641} INFO - Processing file /home/airflow/.local/lib/python3.7/site-packages/airflow/example_dags/example_branch_operator.py for tasks to queue
[2022-12-21 16:58:28,109] {logging_mixin.py:115} INFO - [2022-12-21 16:58:28,109] {dagbag.py:507} INFO - Filling up the DagBag from /home/airflow/.local/lib/python3.7/site-packages/airflow/example_dags/example_branch_operator.py
[2022-12-21 16:58:28,116] {processor.py:651} INFO - DAG(s) dict_keys(['example_branch_operator']) retrieved from /home/airflow/.local/lib/python3.7/site-packages/airflow/example_dags/example_branch_operator.py
[2022-12-21 16:58:28,138] {logging_mixin.py:115} INFO - [2022-12-21 16:58:28,137] {dag.py:2371} INFO - Sync 1 DAGs
[2022-12-21 16:58:28,154] {logging_mixin.py:115} INFO - [2022-12-21 16:58:28,154] {dag.py:2919} INFO - Setting next_dagrun for example_branch_operator to 2022-12-20T00:00:00+00:00, run_after=2022-12-21T00:00:00+00:00
[2022-12-21 16:58:28,163] {processor.py:161} INFO - Processing /home/airflow/.local/lib/python3.7/site-packages/airflow/example_dags/example_branch_operator.py took 0.057 seconds
[2022-12-21 16:58:58,675] {processor.py:153} INFO - Started process (PID=22569) to work on /home/airflow/.local/lib/python3.7/site-packages/airflow/example_dags/example_branch_operator.py
[2022-12-21 16:58:58,676] {processor.py:641} INFO - Processing file /home/airflow/.local/lib/python3.7/site-packages/airflow/example_dags/example_branch_operator.py for tasks to queue
[2022-12-21 16:58:58,676] {logging_mixin.py:115} INFO - [2022-12-21 16:58:58,676] {dagbag.py:507} INFO - Filling up the DagBag from /home/airflow/.local/lib/python3.7/site-packages/airflow/example_dags/example_branch_operator.py
[2022-12-21 16:58:58,683] {processor.py:651} INFO - DAG(s) dict_keys(['example_branch_operator']) retrieved from /home/airflow/.local/lib/python3.7/site-packages/airflow/example_dags/example_branch_operator.py
[2022-12-21 16:58:58,704] {logging_mixin.py:115} INFO - [2022-12-21 16:58:58,704] {dag.py:2371} INFO - Sync 1 DAGs
[2022-12-21 16:58:58,723] {logging_mixin.py:115} INFO - [2022-12-21 16:58:58,723] {dag.py:2919} INFO - Setting next_dagrun for example_branch_operator to 2022-12-20T00:00:00+00:00, run_after=2022-12-21T00:00:00+00:00
[2022-12-21 16:58:58,732] {processor.py:161} INFO - Processing /home/airflow/.local/lib/python3.7/site-packages/airflow/example_dags/example_branch_operator.py took 0.059 seconds
[2022-12-21 16:59:29,069] {processor.py:153} INFO - Started process (PID=22627) to work on /home/airflow/.local/lib/python3.7/site-packages/airflow/example_dags/example_branch_operator.py
[2022-12-21 16:59:29,070] {processor.py:641} INFO - Processing file /home/airflow/.local/lib/python3.7/site-packages/airflow/example_dags/example_branch_operator.py for tasks to queue
[2022-12-21 16:59:29,070] {logging_mixin.py:115} INFO - [2022-12-21 16:59:29,070] {dagbag.py:507} INFO - Filling up the DagBag from /home/airflow/.local/lib/python3.7/site-packages/airflow/example_dags/example_branch_operator.py
[2022-12-21 16:59:29,079] {processor.py:651} INFO - DAG(s) dict_keys(['example_branch_operator']) retrieved from /home/airflow/.local/lib/python3.7/site-packages/airflow/example_dags/example_branch_operator.py
[2022-12-21 16:59:29,100] {logging_mixin.py:115} INFO - [2022-12-21 16:59:29,099] {dag.py:2371} INFO - Sync 1 DAGs
[2022-12-21 16:59:29,118] {logging_mixin.py:115} INFO - [2022-12-21 16:59:29,118] {dag.py:2919} INFO - Setting next_dagrun for example_branch_operator to 2022-12-20T00:00:00+00:00, run_after=2022-12-21T00:00:00+00:00
[2022-12-21 16:59:29,127] {processor.py:161} INFO - Processing /home/airflow/.local/lib/python3.7/site-packages/airflow/example_dags/example_branch_operator.py took 0.060 seconds
[2022-12-21 16:59:59,655] {processor.py:153} INFO - Started process (PID=22693) to work on /home/airflow/.local/lib/python3.7/site-packages/airflow/example_dags/example_branch_operator.py
[2022-12-21 16:59:59,655] {processor.py:641} INFO - Processing file /home/airflow/.local/lib/python3.7/site-packages/airflow/example_dags/example_branch_operator.py for tasks to queue
[2022-12-21 16:59:59,656] {logging_mixin.py:115} INFO - [2022-12-21 16:59:59,656] {dagbag.py:507} INFO - Filling up the DagBag from /home/airflow/.local/lib/python3.7/site-packages/airflow/example_dags/example_branch_operator.py
[2022-12-21 16:59:59,666] {processor.py:651} INFO - DAG(s) dict_keys(['example_branch_operator']) retrieved from /home/airflow/.local/lib/python3.7/site-packages/airflow/example_dags/example_branch_operator.py
[2022-12-21 16:59:59,686] {logging_mixin.py:115} INFO - [2022-12-21 16:59:59,686] {dag.py:2371} INFO - Sync 1 DAGs
[2022-12-21 16:59:59,702] {logging_mixin.py:115} INFO - [2022-12-21 16:59:59,702] {dag.py:2919} INFO - Setting next_dagrun for example_branch_operator to 2022-12-20T00:00:00+00:00, run_after=2022-12-21T00:00:00+00:00
[2022-12-21 16:59:59,711] {processor.py:161} INFO - Processing /home/airflow/.local/lib/python3.7/site-packages/airflow/example_dags/example_branch_operator.py took 0.058 seconds
[2022-12-21 17:00:30,261] {processor.py:153} INFO - Started process (PID=22760) to work on /home/airflow/.local/lib/python3.7/site-packages/airflow/example_dags/example_branch_operator.py
[2022-12-21 17:00:30,262] {processor.py:641} INFO - Processing file /home/airflow/.local/lib/python3.7/site-packages/airflow/example_dags/example_branch_operator.py for tasks to queue
[2022-12-21 17:00:30,262] {logging_mixin.py:115} INFO - [2022-12-21 17:00:30,262] {dagbag.py:507} INFO - Filling up the DagBag from /home/airflow/.local/lib/python3.7/site-packages/airflow/example_dags/example_branch_operator.py
[2022-12-21 17:00:30,274] {processor.py:651} INFO - DAG(s) dict_keys(['example_branch_operator']) retrieved from /home/airflow/.local/lib/python3.7/site-packages/airflow/example_dags/example_branch_operator.py
[2022-12-21 17:00:30,298] {logging_mixin.py:115} INFO - [2022-12-21 17:00:30,298] {dag.py:2371} INFO - Sync 1 DAGs
[2022-12-21 17:00:30,320] {logging_mixin.py:115} INFO - [2022-12-21 17:00:30,320] {dag.py:2919} INFO - Setting next_dagrun for example_branch_operator to 2022-12-20T00:00:00+00:00, run_after=2022-12-21T00:00:00+00:00
[2022-12-21 17:00:30,330] {processor.py:161} INFO - Processing /home/airflow/.local/lib/python3.7/site-packages/airflow/example_dags/example_branch_operator.py took 0.072 seconds
[2022-12-21 17:01:00,735] {processor.py:153} INFO - Started process (PID=22826) to work on /home/airflow/.local/lib/python3.7/site-packages/airflow/example_dags/example_branch_operator.py
[2022-12-21 17:01:00,736] {processor.py:641} INFO - Processing file /home/airflow/.local/lib/python3.7/site-packages/airflow/example_dags/example_branch_operator.py for tasks to queue
[2022-12-21 17:01:00,736] {logging_mixin.py:115} INFO - [2022-12-21 17:01:00,736] {dagbag.py:507} INFO - Filling up the DagBag from /home/airflow/.local/lib/python3.7/site-packages/airflow/example_dags/example_branch_operator.py
[2022-12-21 17:01:00,748] {processor.py:651} INFO - DAG(s) dict_keys(['example_branch_operator']) retrieved from /home/airflow/.local/lib/python3.7/site-packages/airflow/example_dags/example_branch_operator.py
[2022-12-21 17:01:00,769] {logging_mixin.py:115} INFO - [2022-12-21 17:01:00,769] {dag.py:2371} INFO - Sync 1 DAGs
[2022-12-21 17:01:00,788] {logging_mixin.py:115} INFO - [2022-12-21 17:01:00,788] {dag.py:2919} INFO - Setting next_dagrun for example_branch_operator to 2022-12-20T00:00:00+00:00, run_after=2022-12-21T00:00:00+00:00
[2022-12-21 17:01:00,797] {processor.py:161} INFO - Processing /home/airflow/.local/lib/python3.7/site-packages/airflow/example_dags/example_branch_operator.py took 0.065 seconds
[2022-12-21 17:01:31,279] {processor.py:153} INFO - Started process (PID=22883) to work on /home/airflow/.local/lib/python3.7/site-packages/airflow/example_dags/example_branch_operator.py
[2022-12-21 17:01:31,279] {processor.py:641} INFO - Processing file /home/airflow/.local/lib/python3.7/site-packages/airflow/example_dags/example_branch_operator.py for tasks to queue
[2022-12-21 17:01:31,280] {logging_mixin.py:115} INFO - [2022-12-21 17:01:31,280] {dagbag.py:507} INFO - Filling up the DagBag from /home/airflow/.local/lib/python3.7/site-packages/airflow/example_dags/example_branch_operator.py
[2022-12-21 17:01:31,292] {processor.py:651} INFO - DAG(s) dict_keys(['example_branch_operator']) retrieved from /home/airflow/.local/lib/python3.7/site-packages/airflow/example_dags/example_branch_operator.py
[2022-12-21 17:01:31,315] {logging_mixin.py:115} INFO - [2022-12-21 17:01:31,315] {dag.py:2371} INFO - Sync 1 DAGs
[2022-12-21 17:01:31,336] {logging_mixin.py:115} INFO - [2022-12-21 17:01:31,336] {dag.py:2919} INFO - Setting next_dagrun for example_branch_operator to 2022-12-20T00:00:00+00:00, run_after=2022-12-21T00:00:00+00:00
[2022-12-21 17:01:31,346] {processor.py:161} INFO - Processing /home/airflow/.local/lib/python3.7/site-packages/airflow/example_dags/example_branch_operator.py took 0.070 seconds
[2022-12-21 17:02:01,922] {processor.py:153} INFO - Started process (PID=22948) to work on /home/airflow/.local/lib/python3.7/site-packages/airflow/example_dags/example_branch_operator.py
[2022-12-21 17:02:01,923] {processor.py:641} INFO - Processing file /home/airflow/.local/lib/python3.7/site-packages/airflow/example_dags/example_branch_operator.py for tasks to queue
[2022-12-21 17:02:01,923] {logging_mixin.py:115} INFO - [2022-12-21 17:02:01,923] {dagbag.py:507} INFO - Filling up the DagBag from /home/airflow/.local/lib/python3.7/site-packages/airflow/example_dags/example_branch_operator.py
[2022-12-21 17:02:01,932] {processor.py:651} INFO - DAG(s) dict_keys(['example_branch_operator']) retrieved from /home/airflow/.local/lib/python3.7/site-packages/airflow/example_dags/example_branch_operator.py
[2022-12-21 17:02:01,953] {logging_mixin.py:115} INFO - [2022-12-21 17:02:01,953] {dag.py:2371} INFO - Sync 1 DAGs
[2022-12-21 17:02:01,973] {logging_mixin.py:115} INFO - [2022-12-21 17:02:01,973] {dag.py:2919} INFO - Setting next_dagrun for example_branch_operator to 2022-12-20T00:00:00+00:00, run_after=2022-12-21T00:00:00+00:00
[2022-12-21 17:02:01,983] {processor.py:161} INFO - Processing /home/airflow/.local/lib/python3.7/site-packages/airflow/example_dags/example_branch_operator.py took 0.063 seconds
[2022-12-21 17:02:32,475] {processor.py:153} INFO - Started process (PID=23014) to work on /home/airflow/.local/lib/python3.7/site-packages/airflow/example_dags/example_branch_operator.py
[2022-12-21 17:02:32,475] {processor.py:641} INFO - Processing file /home/airflow/.local/lib/python3.7/site-packages/airflow/example_dags/example_branch_operator.py for tasks to queue
[2022-12-21 17:02:32,475] {logging_mixin.py:115} INFO - [2022-12-21 17:02:32,475] {dagbag.py:507} INFO - Filling up the DagBag from /home/airflow/.local/lib/python3.7/site-packages/airflow/example_dags/example_branch_operator.py
[2022-12-21 17:02:32,484] {processor.py:651} INFO - DAG(s) dict_keys(['example_branch_operator']) retrieved from /home/airflow/.local/lib/python3.7/site-packages/airflow/example_dags/example_branch_operator.py
[2022-12-21 17:02:32,506] {logging_mixin.py:115} INFO - [2022-12-21 17:02:32,506] {dag.py:2371} INFO - Sync 1 DAGs
[2022-12-21 17:02:32,524] {logging_mixin.py:115} INFO - [2022-12-21 17:02:32,524] {dag.py:2919} INFO - Setting next_dagrun for example_branch_operator to 2022-12-20T00:00:00+00:00, run_after=2022-12-21T00:00:00+00:00
[2022-12-21 17:02:32,533] {processor.py:161} INFO - Processing /home/airflow/.local/lib/python3.7/site-packages/airflow/example_dags/example_branch_operator.py took 0.061 seconds
[2022-12-21 17:03:03,243] {processor.py:153} INFO - Started process (PID=23080) to work on /home/airflow/.local/lib/python3.7/site-packages/airflow/example_dags/example_branch_operator.py
[2022-12-21 17:03:03,243] {processor.py:641} INFO - Processing file /home/airflow/.local/lib/python3.7/site-packages/airflow/example_dags/example_branch_operator.py for tasks to queue
[2022-12-21 17:03:03,244] {logging_mixin.py:115} INFO - [2022-12-21 17:03:03,243] {dagbag.py:507} INFO - Filling up the DagBag from /home/airflow/.local/lib/python3.7/site-packages/airflow/example_dags/example_branch_operator.py
[2022-12-21 17:03:03,252] {processor.py:651} INFO - DAG(s) dict_keys(['example_branch_operator']) retrieved from /home/airflow/.local/lib/python3.7/site-packages/airflow/example_dags/example_branch_operator.py
[2022-12-21 17:03:03,274] {logging_mixin.py:115} INFO - [2022-12-21 17:03:03,274] {dag.py:2371} INFO - Sync 1 DAGs
[2022-12-21 17:03:03,296] {logging_mixin.py:115} INFO - [2022-12-21 17:03:03,295] {dag.py:2919} INFO - Setting next_dagrun for example_branch_operator to 2022-12-20T00:00:00+00:00, run_after=2022-12-21T00:00:00+00:00
[2022-12-21 17:03:03,305] {processor.py:161} INFO - Processing /home/airflow/.local/lib/python3.7/site-packages/airflow/example_dags/example_branch_operator.py took 0.065 seconds
[2022-12-21 17:03:34,042] {processor.py:153} INFO - Started process (PID=23137) to work on /home/airflow/.local/lib/python3.7/site-packages/airflow/example_dags/example_branch_operator.py
[2022-12-21 17:03:34,043] {processor.py:641} INFO - Processing file /home/airflow/.local/lib/python3.7/site-packages/airflow/example_dags/example_branch_operator.py for tasks to queue
[2022-12-21 17:03:34,043] {logging_mixin.py:115} INFO - [2022-12-21 17:03:34,043] {dagbag.py:507} INFO - Filling up the DagBag from /home/airflow/.local/lib/python3.7/site-packages/airflow/example_dags/example_branch_operator.py
[2022-12-21 17:03:34,053] {processor.py:651} INFO - DAG(s) dict_keys(['example_branch_operator']) retrieved from /home/airflow/.local/lib/python3.7/site-packages/airflow/example_dags/example_branch_operator.py
[2022-12-21 17:03:34,072] {logging_mixin.py:115} INFO - [2022-12-21 17:03:34,072] {dag.py:2371} INFO - Sync 1 DAGs
[2022-12-21 17:03:34,089] {logging_mixin.py:115} INFO - [2022-12-21 17:03:34,089] {dag.py:2919} INFO - Setting next_dagrun for example_branch_operator to 2022-12-20T00:00:00+00:00, run_after=2022-12-21T00:00:00+00:00
[2022-12-21 17:03:34,099] {processor.py:161} INFO - Processing /home/airflow/.local/lib/python3.7/site-packages/airflow/example_dags/example_branch_operator.py took 0.060 seconds
[2022-12-21 17:04:04,601] {processor.py:153} INFO - Started process (PID=23204) to work on /home/airflow/.local/lib/python3.7/site-packages/airflow/example_dags/example_branch_operator.py
[2022-12-21 17:04:04,602] {processor.py:641} INFO - Processing file /home/airflow/.local/lib/python3.7/site-packages/airflow/example_dags/example_branch_operator.py for tasks to queue
[2022-12-21 17:04:04,602] {logging_mixin.py:115} INFO - [2022-12-21 17:04:04,602] {dagbag.py:507} INFO - Filling up the DagBag from /home/airflow/.local/lib/python3.7/site-packages/airflow/example_dags/example_branch_operator.py
[2022-12-21 17:04:04,614] {processor.py:651} INFO - DAG(s) dict_keys(['example_branch_operator']) retrieved from /home/airflow/.local/lib/python3.7/site-packages/airflow/example_dags/example_branch_operator.py
[2022-12-21 17:04:04,639] {logging_mixin.py:115} INFO - [2022-12-21 17:04:04,639] {dag.py:2371} INFO - Sync 1 DAGs
[2022-12-21 17:04:04,663] {logging_mixin.py:115} INFO - [2022-12-21 17:04:04,663] {dag.py:2919} INFO - Setting next_dagrun for example_branch_operator to 2022-12-20T00:00:00+00:00, run_after=2022-12-21T00:00:00+00:00
[2022-12-21 17:04:04,672] {processor.py:161} INFO - Processing /home/airflow/.local/lib/python3.7/site-packages/airflow/example_dags/example_branch_operator.py took 0.075 seconds
[2022-12-21 17:04:35,172] {processor.py:153} INFO - Started process (PID=23270) to work on /home/airflow/.local/lib/python3.7/site-packages/airflow/example_dags/example_branch_operator.py
[2022-12-21 17:04:35,172] {processor.py:641} INFO - Processing file /home/airflow/.local/lib/python3.7/site-packages/airflow/example_dags/example_branch_operator.py for tasks to queue
[2022-12-21 17:04:35,173] {logging_mixin.py:115} INFO - [2022-12-21 17:04:35,173] {dagbag.py:507} INFO - Filling up the DagBag from /home/airflow/.local/lib/python3.7/site-packages/airflow/example_dags/example_branch_operator.py
[2022-12-21 17:04:35,183] {processor.py:651} INFO - DAG(s) dict_keys(['example_branch_operator']) retrieved from /home/airflow/.local/lib/python3.7/site-packages/airflow/example_dags/example_branch_operator.py
[2022-12-21 17:04:35,205] {logging_mixin.py:115} INFO - [2022-12-21 17:04:35,205] {dag.py:2371} INFO - Sync 1 DAGs
[2022-12-21 17:04:35,226] {logging_mixin.py:115} INFO - [2022-12-21 17:04:35,226] {dag.py:2919} INFO - Setting next_dagrun for example_branch_operator to 2022-12-20T00:00:00+00:00, run_after=2022-12-21T00:00:00+00:00
[2022-12-21 17:04:35,237] {processor.py:161} INFO - Processing /home/airflow/.local/lib/python3.7/site-packages/airflow/example_dags/example_branch_operator.py took 0.068 seconds
[2022-12-21 17:05:05,703] {processor.py:153} INFO - Started process (PID=23336) to work on /home/airflow/.local/lib/python3.7/site-packages/airflow/example_dags/example_branch_operator.py
[2022-12-21 17:05:05,704] {processor.py:641} INFO - Processing file /home/airflow/.local/lib/python3.7/site-packages/airflow/example_dags/example_branch_operator.py for tasks to queue
[2022-12-21 17:05:05,704] {logging_mixin.py:115} INFO - [2022-12-21 17:05:05,704] {dagbag.py:507} INFO - Filling up the DagBag from /home/airflow/.local/lib/python3.7/site-packages/airflow/example_dags/example_branch_operator.py
[2022-12-21 17:05:05,712] {processor.py:651} INFO - DAG(s) dict_keys(['example_branch_operator']) retrieved from /home/airflow/.local/lib/python3.7/site-packages/airflow/example_dags/example_branch_operator.py
[2022-12-21 17:05:05,733] {logging_mixin.py:115} INFO - [2022-12-21 17:05:05,733] {dag.py:2371} INFO - Sync 1 DAGs
[2022-12-21 17:05:05,750] {logging_mixin.py:115} INFO - [2022-12-21 17:05:05,750] {dag.py:2919} INFO - Setting next_dagrun for example_branch_operator to 2022-12-20T00:00:00+00:00, run_after=2022-12-21T00:00:00+00:00
[2022-12-21 17:05:05,760] {processor.py:161} INFO - Processing /home/airflow/.local/lib/python3.7/site-packages/airflow/example_dags/example_branch_operator.py took 0.059 seconds
[2022-12-21 17:05:36,364] {processor.py:153} INFO - Started process (PID=23392) to work on /home/airflow/.local/lib/python3.7/site-packages/airflow/example_dags/example_branch_operator.py
[2022-12-21 17:05:36,364] {processor.py:641} INFO - Processing file /home/airflow/.local/lib/python3.7/site-packages/airflow/example_dags/example_branch_operator.py for tasks to queue
[2022-12-21 17:05:36,365] {logging_mixin.py:115} INFO - [2022-12-21 17:05:36,365] {dagbag.py:507} INFO - Filling up the DagBag from /home/airflow/.local/lib/python3.7/site-packages/airflow/example_dags/example_branch_operator.py
[2022-12-21 17:05:36,373] {processor.py:651} INFO - DAG(s) dict_keys(['example_branch_operator']) retrieved from /home/airflow/.local/lib/python3.7/site-packages/airflow/example_dags/example_branch_operator.py
[2022-12-21 17:05:36,399] {logging_mixin.py:115} INFO - [2022-12-21 17:05:36,399] {dag.py:2371} INFO - Sync 1 DAGs
[2022-12-21 17:05:36,418] {logging_mixin.py:115} INFO - [2022-12-21 17:05:36,418] {dag.py:2919} INFO - Setting next_dagrun for example_branch_operator to 2022-12-20T00:00:00+00:00, run_after=2022-12-21T00:00:00+00:00
[2022-12-21 17:05:36,428] {processor.py:161} INFO - Processing /home/airflow/.local/lib/python3.7/site-packages/airflow/example_dags/example_branch_operator.py took 0.067 seconds
[2022-12-21 17:06:07,323] {processor.py:153} INFO - Started process (PID=23459) to work on /home/airflow/.local/lib/python3.7/site-packages/airflow/example_dags/example_branch_operator.py
[2022-12-21 17:06:07,324] {processor.py:641} INFO - Processing file /home/airflow/.local/lib/python3.7/site-packages/airflow/example_dags/example_branch_operator.py for tasks to queue
[2022-12-21 17:06:07,324] {logging_mixin.py:115} INFO - [2022-12-21 17:06:07,324] {dagbag.py:507} INFO - Filling up the DagBag from /home/airflow/.local/lib/python3.7/site-packages/airflow/example_dags/example_branch_operator.py
[2022-12-21 17:06:07,335] {processor.py:651} INFO - DAG(s) dict_keys(['example_branch_operator']) retrieved from /home/airflow/.local/lib/python3.7/site-packages/airflow/example_dags/example_branch_operator.py
[2022-12-21 17:06:07,360] {logging_mixin.py:115} INFO - [2022-12-21 17:06:07,360] {dag.py:2371} INFO - Sync 1 DAGs
[2022-12-21 17:06:07,383] {logging_mixin.py:115} INFO - [2022-12-21 17:06:07,383] {dag.py:2919} INFO - Setting next_dagrun for example_branch_operator to 2022-12-20T00:00:00+00:00, run_after=2022-12-21T00:00:00+00:00
[2022-12-21 17:06:07,394] {processor.py:161} INFO - Processing /home/airflow/.local/lib/python3.7/site-packages/airflow/example_dags/example_branch_operator.py took 0.075 seconds
[2022-12-21 17:06:37,864] {processor.py:153} INFO - Started process (PID=23526) to work on /home/airflow/.local/lib/python3.7/site-packages/airflow/example_dags/example_branch_operator.py
[2022-12-21 17:06:37,864] {processor.py:641} INFO - Processing file /home/airflow/.local/lib/python3.7/site-packages/airflow/example_dags/example_branch_operator.py for tasks to queue
[2022-12-21 17:06:37,864] {logging_mixin.py:115} INFO - [2022-12-21 17:06:37,864] {dagbag.py:507} INFO - Filling up the DagBag from /home/airflow/.local/lib/python3.7/site-packages/airflow/example_dags/example_branch_operator.py
[2022-12-21 17:06:37,873] {processor.py:651} INFO - DAG(s) dict_keys(['example_branch_operator']) retrieved from /home/airflow/.local/lib/python3.7/site-packages/airflow/example_dags/example_branch_operator.py
[2022-12-21 17:06:37,895] {logging_mixin.py:115} INFO - [2022-12-21 17:06:37,895] {dag.py:2371} INFO - Sync 1 DAGs
[2022-12-21 17:06:37,913] {logging_mixin.py:115} INFO - [2022-12-21 17:06:37,913] {dag.py:2919} INFO - Setting next_dagrun for example_branch_operator to 2022-12-20T00:00:00+00:00, run_after=2022-12-21T00:00:00+00:00
[2022-12-21 17:06:37,929] {processor.py:161} INFO - Processing /home/airflow/.local/lib/python3.7/site-packages/airflow/example_dags/example_branch_operator.py took 0.068 seconds
[2022-12-21 17:07:08,386] {processor.py:153} INFO - Started process (PID=23592) to work on /home/airflow/.local/lib/python3.7/site-packages/airflow/example_dags/example_branch_operator.py
[2022-12-21 17:07:08,387] {processor.py:641} INFO - Processing file /home/airflow/.local/lib/python3.7/site-packages/airflow/example_dags/example_branch_operator.py for tasks to queue
[2022-12-21 17:07:08,387] {logging_mixin.py:115} INFO - [2022-12-21 17:07:08,387] {dagbag.py:507} INFO - Filling up the DagBag from /home/airflow/.local/lib/python3.7/site-packages/airflow/example_dags/example_branch_operator.py
[2022-12-21 17:07:08,395] {processor.py:651} INFO - DAG(s) dict_keys(['example_branch_operator']) retrieved from /home/airflow/.local/lib/python3.7/site-packages/airflow/example_dags/example_branch_operator.py
[2022-12-21 17:07:08,416] {logging_mixin.py:115} INFO - [2022-12-21 17:07:08,416] {dag.py:2371} INFO - Sync 1 DAGs
[2022-12-21 17:07:08,438] {logging_mixin.py:115} INFO - [2022-12-21 17:07:08,438] {dag.py:2919} INFO - Setting next_dagrun for example_branch_operator to 2022-12-20T00:00:00+00:00, run_after=2022-12-21T00:00:00+00:00
[2022-12-21 17:07:08,448] {processor.py:161} INFO - Processing /home/airflow/.local/lib/python3.7/site-packages/airflow/example_dags/example_branch_operator.py took 0.064 seconds
[2022-12-21 17:07:38,973] {processor.py:153} INFO - Started process (PID=23648) to work on /home/airflow/.local/lib/python3.7/site-packages/airflow/example_dags/example_branch_operator.py
[2022-12-21 17:07:38,973] {processor.py:641} INFO - Processing file /home/airflow/.local/lib/python3.7/site-packages/airflow/example_dags/example_branch_operator.py for tasks to queue
[2022-12-21 17:07:38,974] {logging_mixin.py:115} INFO - [2022-12-21 17:07:38,973] {dagbag.py:507} INFO - Filling up the DagBag from /home/airflow/.local/lib/python3.7/site-packages/airflow/example_dags/example_branch_operator.py
[2022-12-21 17:07:38,982] {processor.py:651} INFO - DAG(s) dict_keys(['example_branch_operator']) retrieved from /home/airflow/.local/lib/python3.7/site-packages/airflow/example_dags/example_branch_operator.py
[2022-12-21 17:07:39,006] {logging_mixin.py:115} INFO - [2022-12-21 17:07:39,006] {dag.py:2371} INFO - Sync 1 DAGs
[2022-12-21 17:07:39,030] {logging_mixin.py:115} INFO - [2022-12-21 17:07:39,030] {dag.py:2919} INFO - Setting next_dagrun for example_branch_operator to 2022-12-20T00:00:00+00:00, run_after=2022-12-21T00:00:00+00:00
[2022-12-21 17:07:39,042] {processor.py:161} INFO - Processing /home/airflow/.local/lib/python3.7/site-packages/airflow/example_dags/example_branch_operator.py took 0.072 seconds
[2022-12-21 17:08:09,512] {processor.py:153} INFO - Started process (PID=23714) to work on /home/airflow/.local/lib/python3.7/site-packages/airflow/example_dags/example_branch_operator.py
[2022-12-21 17:08:09,513] {processor.py:641} INFO - Processing file /home/airflow/.local/lib/python3.7/site-packages/airflow/example_dags/example_branch_operator.py for tasks to queue
[2022-12-21 17:08:09,513] {logging_mixin.py:115} INFO - [2022-12-21 17:08:09,513] {dagbag.py:507} INFO - Filling up the DagBag from /home/airflow/.local/lib/python3.7/site-packages/airflow/example_dags/example_branch_operator.py
[2022-12-21 17:08:09,521] {processor.py:651} INFO - DAG(s) dict_keys(['example_branch_operator']) retrieved from /home/airflow/.local/lib/python3.7/site-packages/airflow/example_dags/example_branch_operator.py
[2022-12-21 17:08:09,541] {logging_mixin.py:115} INFO - [2022-12-21 17:08:09,541] {dag.py:2371} INFO - Sync 1 DAGs
[2022-12-21 17:08:09,558] {logging_mixin.py:115} INFO - [2022-12-21 17:08:09,558] {dag.py:2919} INFO - Setting next_dagrun for example_branch_operator to 2022-12-20T00:00:00+00:00, run_after=2022-12-21T00:00:00+00:00
[2022-12-21 17:08:09,566] {processor.py:161} INFO - Processing /home/airflow/.local/lib/python3.7/site-packages/airflow/example_dags/example_branch_operator.py took 0.057 seconds
[2022-12-21 17:08:40,126] {processor.py:153} INFO - Started process (PID=23781) to work on /home/airflow/.local/lib/python3.7/site-packages/airflow/example_dags/example_branch_operator.py
[2022-12-21 17:08:40,126] {processor.py:641} INFO - Processing file /home/airflow/.local/lib/python3.7/site-packages/airflow/example_dags/example_branch_operator.py for tasks to queue
[2022-12-21 17:08:40,127] {logging_mixin.py:115} INFO - [2022-12-21 17:08:40,127] {dagbag.py:507} INFO - Filling up the DagBag from /home/airflow/.local/lib/python3.7/site-packages/airflow/example_dags/example_branch_operator.py
[2022-12-21 17:08:40,134] {processor.py:651} INFO - DAG(s) dict_keys(['example_branch_operator']) retrieved from /home/airflow/.local/lib/python3.7/site-packages/airflow/example_dags/example_branch_operator.py
[2022-12-21 17:08:40,156] {logging_mixin.py:115} INFO - [2022-12-21 17:08:40,156] {dag.py:2371} INFO - Sync 1 DAGs
[2022-12-21 17:08:40,175] {logging_mixin.py:115} INFO - [2022-12-21 17:08:40,175] {dag.py:2919} INFO - Setting next_dagrun for example_branch_operator to 2022-12-20T00:00:00+00:00, run_after=2022-12-21T00:00:00+00:00
[2022-12-21 17:08:40,185] {processor.py:161} INFO - Processing /home/airflow/.local/lib/python3.7/site-packages/airflow/example_dags/example_branch_operator.py took 0.062 seconds
[2022-12-21 17:09:10,755] {processor.py:153} INFO - Started process (PID=23838) to work on /home/airflow/.local/lib/python3.7/site-packages/airflow/example_dags/example_branch_operator.py
[2022-12-21 17:09:10,756] {processor.py:641} INFO - Processing file /home/airflow/.local/lib/python3.7/site-packages/airflow/example_dags/example_branch_operator.py for tasks to queue
[2022-12-21 17:09:10,756] {logging_mixin.py:115} INFO - [2022-12-21 17:09:10,756] {dagbag.py:507} INFO - Filling up the DagBag from /home/airflow/.local/lib/python3.7/site-packages/airflow/example_dags/example_branch_operator.py
[2022-12-21 17:09:10,763] {processor.py:651} INFO - DAG(s) dict_keys(['example_branch_operator']) retrieved from /home/airflow/.local/lib/python3.7/site-packages/airflow/example_dags/example_branch_operator.py
[2022-12-21 17:09:10,785] {logging_mixin.py:115} INFO - [2022-12-21 17:09:10,785] {dag.py:2371} INFO - Sync 1 DAGs
[2022-12-21 17:09:10,802] {logging_mixin.py:115} INFO - [2022-12-21 17:09:10,802] {dag.py:2919} INFO - Setting next_dagrun for example_branch_operator to 2022-12-20T00:00:00+00:00, run_after=2022-12-21T00:00:00+00:00
[2022-12-21 17:09:10,812] {processor.py:161} INFO - Processing /home/airflow/.local/lib/python3.7/site-packages/airflow/example_dags/example_branch_operator.py took 0.059 seconds
[2022-12-21 17:09:41,526] {processor.py:153} INFO - Started process (PID=23905) to work on /home/airflow/.local/lib/python3.7/site-packages/airflow/example_dags/example_branch_operator.py
[2022-12-21 17:09:41,526] {processor.py:641} INFO - Processing file /home/airflow/.local/lib/python3.7/site-packages/airflow/example_dags/example_branch_operator.py for tasks to queue
[2022-12-21 17:09:41,526] {logging_mixin.py:115} INFO - [2022-12-21 17:09:41,526] {dagbag.py:507} INFO - Filling up the DagBag from /home/airflow/.local/lib/python3.7/site-packages/airflow/example_dags/example_branch_operator.py
[2022-12-21 17:09:41,536] {processor.py:651} INFO - DAG(s) dict_keys(['example_branch_operator']) retrieved from /home/airflow/.local/lib/python3.7/site-packages/airflow/example_dags/example_branch_operator.py
[2022-12-21 17:09:41,557] {logging_mixin.py:115} INFO - [2022-12-21 17:09:41,557] {dag.py:2371} INFO - Sync 1 DAGs
[2022-12-21 17:09:41,578] {logging_mixin.py:115} INFO - [2022-12-21 17:09:41,578] {dag.py:2919} INFO - Setting next_dagrun for example_branch_operator to 2022-12-20T00:00:00+00:00, run_after=2022-12-21T00:00:00+00:00
[2022-12-21 17:09:41,588] {processor.py:161} INFO - Processing /home/airflow/.local/lib/python3.7/site-packages/airflow/example_dags/example_branch_operator.py took 0.065 seconds
[2022-12-21 17:10:12,264] {processor.py:153} INFO - Started process (PID=23972) to work on /home/airflow/.local/lib/python3.7/site-packages/airflow/example_dags/example_branch_operator.py
[2022-12-21 17:10:12,264] {processor.py:641} INFO - Processing file /home/airflow/.local/lib/python3.7/site-packages/airflow/example_dags/example_branch_operator.py for tasks to queue
[2022-12-21 17:10:12,265] {logging_mixin.py:115} INFO - [2022-12-21 17:10:12,265] {dagbag.py:507} INFO - Filling up the DagBag from /home/airflow/.local/lib/python3.7/site-packages/airflow/example_dags/example_branch_operator.py
[2022-12-21 17:10:12,274] {processor.py:651} INFO - DAG(s) dict_keys(['example_branch_operator']) retrieved from /home/airflow/.local/lib/python3.7/site-packages/airflow/example_dags/example_branch_operator.py
[2022-12-21 17:10:12,296] {logging_mixin.py:115} INFO - [2022-12-21 17:10:12,296] {dag.py:2371} INFO - Sync 1 DAGs
[2022-12-21 17:10:12,314] {logging_mixin.py:115} INFO - [2022-12-21 17:10:12,314] {dag.py:2919} INFO - Setting next_dagrun for example_branch_operator to 2022-12-20T00:00:00+00:00, run_after=2022-12-21T00:00:00+00:00
[2022-12-21 17:10:12,325] {processor.py:161} INFO - Processing /home/airflow/.local/lib/python3.7/site-packages/airflow/example_dags/example_branch_operator.py took 0.064 seconds
[2022-12-21 17:10:42,801] {processor.py:153} INFO - Started process (PID=24039) to work on /home/airflow/.local/lib/python3.7/site-packages/airflow/example_dags/example_branch_operator.py
[2022-12-21 17:10:42,802] {processor.py:641} INFO - Processing file /home/airflow/.local/lib/python3.7/site-packages/airflow/example_dags/example_branch_operator.py for tasks to queue
[2022-12-21 17:10:42,802] {logging_mixin.py:115} INFO - [2022-12-21 17:10:42,802] {dagbag.py:507} INFO - Filling up the DagBag from /home/airflow/.local/lib/python3.7/site-packages/airflow/example_dags/example_branch_operator.py
[2022-12-21 17:10:42,812] {processor.py:651} INFO - DAG(s) dict_keys(['example_branch_operator']) retrieved from /home/airflow/.local/lib/python3.7/site-packages/airflow/example_dags/example_branch_operator.py
[2022-12-21 17:10:42,835] {logging_mixin.py:115} INFO - [2022-12-21 17:10:42,835] {dag.py:2371} INFO - Sync 1 DAGs
[2022-12-21 17:10:42,854] {logging_mixin.py:115} INFO - [2022-12-21 17:10:42,854] {dag.py:2919} INFO - Setting next_dagrun for example_branch_operator to 2022-12-20T00:00:00+00:00, run_after=2022-12-21T00:00:00+00:00
[2022-12-21 17:10:42,864] {processor.py:161} INFO - Processing /home/airflow/.local/lib/python3.7/site-packages/airflow/example_dags/example_branch_operator.py took 0.065 seconds
[2022-12-21 17:11:13,418] {processor.py:153} INFO - Started process (PID=24095) to work on /home/airflow/.local/lib/python3.7/site-packages/airflow/example_dags/example_branch_operator.py
[2022-12-21 17:11:13,419] {processor.py:641} INFO - Processing file /home/airflow/.local/lib/python3.7/site-packages/airflow/example_dags/example_branch_operator.py for tasks to queue
[2022-12-21 17:11:13,419] {logging_mixin.py:115} INFO - [2022-12-21 17:11:13,419] {dagbag.py:507} INFO - Filling up the DagBag from /home/airflow/.local/lib/python3.7/site-packages/airflow/example_dags/example_branch_operator.py
[2022-12-21 17:11:13,432] {processor.py:651} INFO - DAG(s) dict_keys(['example_branch_operator']) retrieved from /home/airflow/.local/lib/python3.7/site-packages/airflow/example_dags/example_branch_operator.py
[2022-12-21 17:11:13,456] {logging_mixin.py:115} INFO - [2022-12-21 17:11:13,456] {dag.py:2371} INFO - Sync 1 DAGs
[2022-12-21 17:11:13,477] {logging_mixin.py:115} INFO - [2022-12-21 17:11:13,476] {dag.py:2919} INFO - Setting next_dagrun for example_branch_operator to 2022-12-20T00:00:00+00:00, run_after=2022-12-21T00:00:00+00:00
[2022-12-21 17:11:13,487] {processor.py:161} INFO - Processing /home/airflow/.local/lib/python3.7/site-packages/airflow/example_dags/example_branch_operator.py took 0.071 seconds
[2022-12-21 17:11:44,055] {processor.py:153} INFO - Started process (PID=24161) to work on /home/airflow/.local/lib/python3.7/site-packages/airflow/example_dags/example_branch_operator.py
[2022-12-21 17:11:44,055] {processor.py:641} INFO - Processing file /home/airflow/.local/lib/python3.7/site-packages/airflow/example_dags/example_branch_operator.py for tasks to queue
[2022-12-21 17:11:44,055] {logging_mixin.py:115} INFO - [2022-12-21 17:11:44,055] {dagbag.py:507} INFO - Filling up the DagBag from /home/airflow/.local/lib/python3.7/site-packages/airflow/example_dags/example_branch_operator.py
[2022-12-21 17:11:44,065] {processor.py:651} INFO - DAG(s) dict_keys(['example_branch_operator']) retrieved from /home/airflow/.local/lib/python3.7/site-packages/airflow/example_dags/example_branch_operator.py
[2022-12-21 17:11:44,086] {logging_mixin.py:115} INFO - [2022-12-21 17:11:44,086] {dag.py:2371} INFO - Sync 1 DAGs
[2022-12-21 17:11:44,103] {logging_mixin.py:115} INFO - [2022-12-21 17:11:44,103] {dag.py:2919} INFO - Setting next_dagrun for example_branch_operator to 2022-12-20T00:00:00+00:00, run_after=2022-12-21T00:00:00+00:00
[2022-12-21 17:11:44,112] {processor.py:161} INFO - Processing /home/airflow/.local/lib/python3.7/site-packages/airflow/example_dags/example_branch_operator.py took 0.060 seconds
[2022-12-21 17:12:14,669] {processor.py:153} INFO - Started process (PID=24227) to work on /home/airflow/.local/lib/python3.7/site-packages/airflow/example_dags/example_branch_operator.py
[2022-12-21 17:12:14,670] {processor.py:641} INFO - Processing file /home/airflow/.local/lib/python3.7/site-packages/airflow/example_dags/example_branch_operator.py for tasks to queue
[2022-12-21 17:12:14,670] {logging_mixin.py:115} INFO - [2022-12-21 17:12:14,670] {dagbag.py:507} INFO - Filling up the DagBag from /home/airflow/.local/lib/python3.7/site-packages/airflow/example_dags/example_branch_operator.py
[2022-12-21 17:12:14,678] {processor.py:651} INFO - DAG(s) dict_keys(['example_branch_operator']) retrieved from /home/airflow/.local/lib/python3.7/site-packages/airflow/example_dags/example_branch_operator.py
[2022-12-21 17:12:14,698] {logging_mixin.py:115} INFO - [2022-12-21 17:12:14,698] {dag.py:2371} INFO - Sync 1 DAGs
[2022-12-21 17:12:14,718] {logging_mixin.py:115} INFO - [2022-12-21 17:12:14,718] {dag.py:2919} INFO - Setting next_dagrun for example_branch_operator to 2022-12-20T00:00:00+00:00, run_after=2022-12-21T00:00:00+00:00
[2022-12-21 17:12:14,727] {processor.py:161} INFO - Processing /home/airflow/.local/lib/python3.7/site-packages/airflow/example_dags/example_branch_operator.py took 0.060 seconds
[2022-12-21 17:12:45,192] {processor.py:153} INFO - Started process (PID=24294) to work on /home/airflow/.local/lib/python3.7/site-packages/airflow/example_dags/example_branch_operator.py
[2022-12-21 17:12:45,192] {processor.py:641} INFO - Processing file /home/airflow/.local/lib/python3.7/site-packages/airflow/example_dags/example_branch_operator.py for tasks to queue
[2022-12-21 17:12:45,192] {logging_mixin.py:115} INFO - [2022-12-21 17:12:45,192] {dagbag.py:507} INFO - Filling up the DagBag from /home/airflow/.local/lib/python3.7/site-packages/airflow/example_dags/example_branch_operator.py
[2022-12-21 17:12:45,201] {processor.py:651} INFO - DAG(s) dict_keys(['example_branch_operator']) retrieved from /home/airflow/.local/lib/python3.7/site-packages/airflow/example_dags/example_branch_operator.py
[2022-12-21 17:12:45,221] {logging_mixin.py:115} INFO - [2022-12-21 17:12:45,221] {dag.py:2371} INFO - Sync 1 DAGs
[2022-12-21 17:12:45,238] {logging_mixin.py:115} INFO - [2022-12-21 17:12:45,238] {dag.py:2919} INFO - Setting next_dagrun for example_branch_operator to 2022-12-20T00:00:00+00:00, run_after=2022-12-21T00:00:00+00:00
[2022-12-21 17:12:45,248] {processor.py:161} INFO - Processing /home/airflow/.local/lib/python3.7/site-packages/airflow/example_dags/example_branch_operator.py took 0.058 seconds
[2022-12-21 17:13:15,642] {processor.py:153} INFO - Started process (PID=24350) to work on /home/airflow/.local/lib/python3.7/site-packages/airflow/example_dags/example_branch_operator.py
[2022-12-21 17:13:15,643] {processor.py:641} INFO - Processing file /home/airflow/.local/lib/python3.7/site-packages/airflow/example_dags/example_branch_operator.py for tasks to queue
[2022-12-21 17:13:15,643] {logging_mixin.py:115} INFO - [2022-12-21 17:13:15,643] {dagbag.py:507} INFO - Filling up the DagBag from /home/airflow/.local/lib/python3.7/site-packages/airflow/example_dags/example_branch_operator.py
[2022-12-21 17:13:15,653] {processor.py:651} INFO - DAG(s) dict_keys(['example_branch_operator']) retrieved from /home/airflow/.local/lib/python3.7/site-packages/airflow/example_dags/example_branch_operator.py
[2022-12-21 17:13:15,676] {logging_mixin.py:115} INFO - [2022-12-21 17:13:15,676] {dag.py:2371} INFO - Sync 1 DAGs
[2022-12-21 17:13:15,695] {logging_mixin.py:115} INFO - [2022-12-21 17:13:15,695] {dag.py:2919} INFO - Setting next_dagrun for example_branch_operator to 2022-12-20T00:00:00+00:00, run_after=2022-12-21T00:00:00+00:00
[2022-12-21 17:13:15,705] {processor.py:161} INFO - Processing /home/airflow/.local/lib/python3.7/site-packages/airflow/example_dags/example_branch_operator.py took 0.065 seconds
[2022-12-21 17:13:46,268] {processor.py:153} INFO - Started process (PID=24416) to work on /home/airflow/.local/lib/python3.7/site-packages/airflow/example_dags/example_branch_operator.py
[2022-12-21 17:13:46,268] {processor.py:641} INFO - Processing file /home/airflow/.local/lib/python3.7/site-packages/airflow/example_dags/example_branch_operator.py for tasks to queue
[2022-12-21 17:13:46,269] {logging_mixin.py:115} INFO - [2022-12-21 17:13:46,269] {dagbag.py:507} INFO - Filling up the DagBag from /home/airflow/.local/lib/python3.7/site-packages/airflow/example_dags/example_branch_operator.py
[2022-12-21 17:13:46,278] {processor.py:651} INFO - DAG(s) dict_keys(['example_branch_operator']) retrieved from /home/airflow/.local/lib/python3.7/site-packages/airflow/example_dags/example_branch_operator.py
[2022-12-21 17:13:46,307] {logging_mixin.py:115} INFO - [2022-12-21 17:13:46,307] {dag.py:2371} INFO - Sync 1 DAGs
[2022-12-21 17:13:46,329] {logging_mixin.py:115} INFO - [2022-12-21 17:13:46,329] {dag.py:2919} INFO - Setting next_dagrun for example_branch_operator to 2022-12-20T00:00:00+00:00, run_after=2022-12-21T00:00:00+00:00
[2022-12-21 17:13:46,339] {processor.py:161} INFO - Processing /home/airflow/.local/lib/python3.7/site-packages/airflow/example_dags/example_branch_operator.py took 0.074 seconds
[2022-12-21 17:14:16,923] {processor.py:153} INFO - Started process (PID=24483) to work on /home/airflow/.local/lib/python3.7/site-packages/airflow/example_dags/example_branch_operator.py
[2022-12-21 17:14:16,923] {processor.py:641} INFO - Processing file /home/airflow/.local/lib/python3.7/site-packages/airflow/example_dags/example_branch_operator.py for tasks to queue
[2022-12-21 17:14:16,924] {logging_mixin.py:115} INFO - [2022-12-21 17:14:16,924] {dagbag.py:507} INFO - Filling up the DagBag from /home/airflow/.local/lib/python3.7/site-packages/airflow/example_dags/example_branch_operator.py
[2022-12-21 17:14:16,934] {processor.py:651} INFO - DAG(s) dict_keys(['example_branch_operator']) retrieved from /home/airflow/.local/lib/python3.7/site-packages/airflow/example_dags/example_branch_operator.py
[2022-12-21 17:14:16,957] {logging_mixin.py:115} INFO - [2022-12-21 17:14:16,957] {dag.py:2371} INFO - Sync 1 DAGs
[2022-12-21 17:14:16,976] {logging_mixin.py:115} INFO - [2022-12-21 17:14:16,976] {dag.py:2919} INFO - Setting next_dagrun for example_branch_operator to 2022-12-20T00:00:00+00:00, run_after=2022-12-21T00:00:00+00:00
[2022-12-21 17:14:16,986] {processor.py:161} INFO - Processing /home/airflow/.local/lib/python3.7/site-packages/airflow/example_dags/example_branch_operator.py took 0.065 seconds
[2022-12-21 17:14:47,749] {processor.py:153} INFO - Started process (PID=24549) to work on /home/airflow/.local/lib/python3.7/site-packages/airflow/example_dags/example_branch_operator.py
[2022-12-21 17:14:47,749] {processor.py:641} INFO - Processing file /home/airflow/.local/lib/python3.7/site-packages/airflow/example_dags/example_branch_operator.py for tasks to queue
[2022-12-21 17:14:47,750] {logging_mixin.py:115} INFO - [2022-12-21 17:14:47,750] {dagbag.py:507} INFO - Filling up the DagBag from /home/airflow/.local/lib/python3.7/site-packages/airflow/example_dags/example_branch_operator.py
[2022-12-21 17:14:47,761] {processor.py:651} INFO - DAG(s) dict_keys(['example_branch_operator']) retrieved from /home/airflow/.local/lib/python3.7/site-packages/airflow/example_dags/example_branch_operator.py
[2022-12-21 17:14:47,783] {logging_mixin.py:115} INFO - [2022-12-21 17:14:47,783] {dag.py:2371} INFO - Sync 1 DAGs
[2022-12-21 17:14:47,802] {logging_mixin.py:115} INFO - [2022-12-21 17:14:47,802] {dag.py:2919} INFO - Setting next_dagrun for example_branch_operator to 2022-12-20T00:00:00+00:00, run_after=2022-12-21T00:00:00+00:00
[2022-12-21 17:14:47,812] {processor.py:161} INFO - Processing /home/airflow/.local/lib/python3.7/site-packages/airflow/example_dags/example_branch_operator.py took 0.065 seconds
[2022-12-21 17:15:18,323] {processor.py:153} INFO - Started process (PID=24605) to work on /home/airflow/.local/lib/python3.7/site-packages/airflow/example_dags/example_branch_operator.py
[2022-12-21 17:15:18,324] {processor.py:641} INFO - Processing file /home/airflow/.local/lib/python3.7/site-packages/airflow/example_dags/example_branch_operator.py for tasks to queue
[2022-12-21 17:15:18,324] {logging_mixin.py:115} INFO - [2022-12-21 17:15:18,324] {dagbag.py:507} INFO - Filling up the DagBag from /home/airflow/.local/lib/python3.7/site-packages/airflow/example_dags/example_branch_operator.py
[2022-12-21 17:15:18,333] {processor.py:651} INFO - DAG(s) dict_keys(['example_branch_operator']) retrieved from /home/airflow/.local/lib/python3.7/site-packages/airflow/example_dags/example_branch_operator.py
[2022-12-21 17:15:18,352] {logging_mixin.py:115} INFO - [2022-12-21 17:15:18,352] {dag.py:2371} INFO - Sync 1 DAGs
[2022-12-21 17:15:18,368] {logging_mixin.py:115} INFO - [2022-12-21 17:15:18,368] {dag.py:2919} INFO - Setting next_dagrun for example_branch_operator to 2022-12-20T00:00:00+00:00, run_after=2022-12-21T00:00:00+00:00
[2022-12-21 17:15:18,378] {processor.py:161} INFO - Processing /home/airflow/.local/lib/python3.7/site-packages/airflow/example_dags/example_branch_operator.py took 0.057 seconds
[2022-12-21 17:15:48,942] {processor.py:153} INFO - Started process (PID=24671) to work on /home/airflow/.local/lib/python3.7/site-packages/airflow/example_dags/example_branch_operator.py
[2022-12-21 17:15:48,943] {processor.py:641} INFO - Processing file /home/airflow/.local/lib/python3.7/site-packages/airflow/example_dags/example_branch_operator.py for tasks to queue
[2022-12-21 17:15:48,943] {logging_mixin.py:115} INFO - [2022-12-21 17:15:48,943] {dagbag.py:507} INFO - Filling up the DagBag from /home/airflow/.local/lib/python3.7/site-packages/airflow/example_dags/example_branch_operator.py
[2022-12-21 17:15:48,951] {processor.py:651} INFO - DAG(s) dict_keys(['example_branch_operator']) retrieved from /home/airflow/.local/lib/python3.7/site-packages/airflow/example_dags/example_branch_operator.py
[2022-12-21 17:15:48,972] {logging_mixin.py:115} INFO - [2022-12-21 17:15:48,971] {dag.py:2371} INFO - Sync 1 DAGs
[2022-12-21 17:15:48,989] {logging_mixin.py:115} INFO - [2022-12-21 17:15:48,989] {dag.py:2919} INFO - Setting next_dagrun for example_branch_operator to 2022-12-20T00:00:00+00:00, run_after=2022-12-21T00:00:00+00:00
[2022-12-21 17:15:48,998] {processor.py:161} INFO - Processing /home/airflow/.local/lib/python3.7/site-packages/airflow/example_dags/example_branch_operator.py took 0.058 seconds
[2022-12-21 17:16:19,655] {processor.py:153} INFO - Started process (PID=24737) to work on /home/airflow/.local/lib/python3.7/site-packages/airflow/example_dags/example_branch_operator.py
[2022-12-21 17:16:19,656] {processor.py:641} INFO - Processing file /home/airflow/.local/lib/python3.7/site-packages/airflow/example_dags/example_branch_operator.py for tasks to queue
[2022-12-21 17:16:19,656] {logging_mixin.py:115} INFO - [2022-12-21 17:16:19,656] {dagbag.py:507} INFO - Filling up the DagBag from /home/airflow/.local/lib/python3.7/site-packages/airflow/example_dags/example_branch_operator.py
[2022-12-21 17:16:19,664] {processor.py:651} INFO - DAG(s) dict_keys(['example_branch_operator']) retrieved from /home/airflow/.local/lib/python3.7/site-packages/airflow/example_dags/example_branch_operator.py
[2022-12-21 17:16:19,691] {logging_mixin.py:115} INFO - [2022-12-21 17:16:19,691] {dag.py:2371} INFO - Sync 1 DAGs
[2022-12-21 17:16:19,713] {logging_mixin.py:115} INFO - [2022-12-21 17:16:19,713] {dag.py:2919} INFO - Setting next_dagrun for example_branch_operator to 2022-12-20T00:00:00+00:00, run_after=2022-12-21T00:00:00+00:00
[2022-12-21 17:16:19,725] {processor.py:161} INFO - Processing /home/airflow/.local/lib/python3.7/site-packages/airflow/example_dags/example_branch_operator.py took 0.072 seconds
[2022-12-21 17:16:50,330] {processor.py:153} INFO - Started process (PID=24804) to work on /home/airflow/.local/lib/python3.7/site-packages/airflow/example_dags/example_branch_operator.py
[2022-12-21 17:16:50,330] {processor.py:641} INFO - Processing file /home/airflow/.local/lib/python3.7/site-packages/airflow/example_dags/example_branch_operator.py for tasks to queue
[2022-12-21 17:16:50,331] {logging_mixin.py:115} INFO - [2022-12-21 17:16:50,331] {dagbag.py:507} INFO - Filling up the DagBag from /home/airflow/.local/lib/python3.7/site-packages/airflow/example_dags/example_branch_operator.py
[2022-12-21 17:16:50,338] {processor.py:651} INFO - DAG(s) dict_keys(['example_branch_operator']) retrieved from /home/airflow/.local/lib/python3.7/site-packages/airflow/example_dags/example_branch_operator.py
[2022-12-21 17:16:50,361] {logging_mixin.py:115} INFO - [2022-12-21 17:16:50,361] {dag.py:2371} INFO - Sync 1 DAGs
[2022-12-21 17:16:50,378] {logging_mixin.py:115} INFO - [2022-12-21 17:16:50,378] {dag.py:2919} INFO - Setting next_dagrun for example_branch_operator to 2022-12-20T00:00:00+00:00, run_after=2022-12-21T00:00:00+00:00
[2022-12-21 17:16:50,388] {processor.py:161} INFO - Processing /home/airflow/.local/lib/python3.7/site-packages/airflow/example_dags/example_branch_operator.py took 0.060 seconds
[2022-12-21 17:17:20,986] {processor.py:153} INFO - Started process (PID=24860) to work on /home/airflow/.local/lib/python3.7/site-packages/airflow/example_dags/example_branch_operator.py
[2022-12-21 17:17:20,987] {processor.py:641} INFO - Processing file /home/airflow/.local/lib/python3.7/site-packages/airflow/example_dags/example_branch_operator.py for tasks to queue
[2022-12-21 17:17:20,987] {logging_mixin.py:115} INFO - [2022-12-21 17:17:20,987] {dagbag.py:507} INFO - Filling up the DagBag from /home/airflow/.local/lib/python3.7/site-packages/airflow/example_dags/example_branch_operator.py
[2022-12-21 17:17:20,995] {processor.py:651} INFO - DAG(s) dict_keys(['example_branch_operator']) retrieved from /home/airflow/.local/lib/python3.7/site-packages/airflow/example_dags/example_branch_operator.py
[2022-12-21 17:17:21,019] {logging_mixin.py:115} INFO - [2022-12-21 17:17:21,019] {dag.py:2371} INFO - Sync 1 DAGs
[2022-12-21 17:17:21,044] {logging_mixin.py:115} INFO - [2022-12-21 17:17:21,044] {dag.py:2919} INFO - Setting next_dagrun for example_branch_operator to 2022-12-20T00:00:00+00:00, run_after=2022-12-21T00:00:00+00:00
[2022-12-21 17:17:21,054] {processor.py:161} INFO - Processing /home/airflow/.local/lib/python3.7/site-packages/airflow/example_dags/example_branch_operator.py took 0.070 seconds
[2022-12-21 17:17:51,559] {processor.py:153} INFO - Started process (PID=24927) to work on /home/airflow/.local/lib/python3.7/site-packages/airflow/example_dags/example_branch_operator.py
[2022-12-21 17:17:51,559] {processor.py:641} INFO - Processing file /home/airflow/.local/lib/python3.7/site-packages/airflow/example_dags/example_branch_operator.py for tasks to queue
[2022-12-21 17:17:51,560] {logging_mixin.py:115} INFO - [2022-12-21 17:17:51,560] {dagbag.py:507} INFO - Filling up the DagBag from /home/airflow/.local/lib/python3.7/site-packages/airflow/example_dags/example_branch_operator.py
[2022-12-21 17:17:51,568] {processor.py:651} INFO - DAG(s) dict_keys(['example_branch_operator']) retrieved from /home/airflow/.local/lib/python3.7/site-packages/airflow/example_dags/example_branch_operator.py
[2022-12-21 17:17:51,592] {logging_mixin.py:115} INFO - [2022-12-21 17:17:51,592] {dag.py:2371} INFO - Sync 1 DAGs
[2022-12-21 17:17:51,610] {logging_mixin.py:115} INFO - [2022-12-21 17:17:51,610] {dag.py:2919} INFO - Setting next_dagrun for example_branch_operator to 2022-12-20T00:00:00+00:00, run_after=2022-12-21T00:00:00+00:00
[2022-12-21 17:17:51,619] {processor.py:161} INFO - Processing /home/airflow/.local/lib/python3.7/site-packages/airflow/example_dags/example_branch_operator.py took 0.063 seconds
[2022-12-21 17:18:22,390] {processor.py:153} INFO - Started process (PID=24997) to work on /home/airflow/.local/lib/python3.7/site-packages/airflow/example_dags/example_branch_operator.py
[2022-12-21 17:18:22,391] {processor.py:641} INFO - Processing file /home/airflow/.local/lib/python3.7/site-packages/airflow/example_dags/example_branch_operator.py for tasks to queue
[2022-12-21 17:18:22,391] {logging_mixin.py:115} INFO - [2022-12-21 17:18:22,391] {dagbag.py:507} INFO - Filling up the DagBag from /home/airflow/.local/lib/python3.7/site-packages/airflow/example_dags/example_branch_operator.py
[2022-12-21 17:18:22,400] {processor.py:651} INFO - DAG(s) dict_keys(['example_branch_operator']) retrieved from /home/airflow/.local/lib/python3.7/site-packages/airflow/example_dags/example_branch_operator.py
[2022-12-21 17:18:22,422] {logging_mixin.py:115} INFO - [2022-12-21 17:18:22,422] {dag.py:2371} INFO - Sync 1 DAGs
[2022-12-21 17:18:22,441] {logging_mixin.py:115} INFO - [2022-12-21 17:18:22,441] {dag.py:2919} INFO - Setting next_dagrun for example_branch_operator to 2022-12-20T00:00:00+00:00, run_after=2022-12-21T00:00:00+00:00
[2022-12-21 17:18:22,453] {processor.py:161} INFO - Processing /home/airflow/.local/lib/python3.7/site-packages/airflow/example_dags/example_branch_operator.py took 0.065 seconds
[2022-12-21 17:18:53,113] {processor.py:153} INFO - Started process (PID=25064) to work on /home/airflow/.local/lib/python3.7/site-packages/airflow/example_dags/example_branch_operator.py
[2022-12-21 17:18:53,113] {processor.py:641} INFO - Processing file /home/airflow/.local/lib/python3.7/site-packages/airflow/example_dags/example_branch_operator.py for tasks to queue
[2022-12-21 17:18:53,114] {logging_mixin.py:115} INFO - [2022-12-21 17:18:53,114] {dagbag.py:507} INFO - Filling up the DagBag from /home/airflow/.local/lib/python3.7/site-packages/airflow/example_dags/example_branch_operator.py
[2022-12-21 17:18:53,122] {processor.py:651} INFO - DAG(s) dict_keys(['example_branch_operator']) retrieved from /home/airflow/.local/lib/python3.7/site-packages/airflow/example_dags/example_branch_operator.py
[2022-12-21 17:18:53,143] {logging_mixin.py:115} INFO - [2022-12-21 17:18:53,143] {dag.py:2371} INFO - Sync 1 DAGs
[2022-12-21 17:18:53,162] {logging_mixin.py:115} INFO - [2022-12-21 17:18:53,162] {dag.py:2919} INFO - Setting next_dagrun for example_branch_operator to 2022-12-20T00:00:00+00:00, run_after=2022-12-21T00:00:00+00:00
[2022-12-21 17:18:53,173] {processor.py:161} INFO - Processing /home/airflow/.local/lib/python3.7/site-packages/airflow/example_dags/example_branch_operator.py took 0.062 seconds
[2022-12-21 17:19:23,882] {processor.py:153} INFO - Started process (PID=25123) to work on /home/airflow/.local/lib/python3.7/site-packages/airflow/example_dags/example_branch_operator.py
[2022-12-21 17:19:23,883] {processor.py:641} INFO - Processing file /home/airflow/.local/lib/python3.7/site-packages/airflow/example_dags/example_branch_operator.py for tasks to queue
[2022-12-21 17:19:23,883] {logging_mixin.py:115} INFO - [2022-12-21 17:19:23,883] {dagbag.py:507} INFO - Filling up the DagBag from /home/airflow/.local/lib/python3.7/site-packages/airflow/example_dags/example_branch_operator.py
[2022-12-21 17:19:23,890] {processor.py:651} INFO - DAG(s) dict_keys(['example_branch_operator']) retrieved from /home/airflow/.local/lib/python3.7/site-packages/airflow/example_dags/example_branch_operator.py
[2022-12-21 17:19:23,910] {logging_mixin.py:115} INFO - [2022-12-21 17:19:23,910] {dag.py:2371} INFO - Sync 1 DAGs
[2022-12-21 17:19:23,930] {logging_mixin.py:115} INFO - [2022-12-21 17:19:23,930] {dag.py:2919} INFO - Setting next_dagrun for example_branch_operator to 2022-12-20T00:00:00+00:00, run_after=2022-12-21T00:00:00+00:00
[2022-12-21 17:19:23,941] {processor.py:161} INFO - Processing /home/airflow/.local/lib/python3.7/site-packages/airflow/example_dags/example_branch_operator.py took 0.061 seconds
[2022-12-21 17:19:54,563] {processor.py:153} INFO - Started process (PID=25191) to work on /home/airflow/.local/lib/python3.7/site-packages/airflow/example_dags/example_branch_operator.py
[2022-12-21 17:19:54,564] {processor.py:641} INFO - Processing file /home/airflow/.local/lib/python3.7/site-packages/airflow/example_dags/example_branch_operator.py for tasks to queue
[2022-12-21 17:19:54,565] {logging_mixin.py:115} INFO - [2022-12-21 17:19:54,564] {dagbag.py:507} INFO - Filling up the DagBag from /home/airflow/.local/lib/python3.7/site-packages/airflow/example_dags/example_branch_operator.py
[2022-12-21 17:19:54,572] {processor.py:651} INFO - DAG(s) dict_keys(['example_branch_operator']) retrieved from /home/airflow/.local/lib/python3.7/site-packages/airflow/example_dags/example_branch_operator.py
[2022-12-21 17:19:54,596] {logging_mixin.py:115} INFO - [2022-12-21 17:19:54,596] {dag.py:2371} INFO - Sync 1 DAGs
[2022-12-21 17:19:54,613] {logging_mixin.py:115} INFO - [2022-12-21 17:19:54,613] {dag.py:2919} INFO - Setting next_dagrun for example_branch_operator to 2022-12-20T00:00:00+00:00, run_after=2022-12-21T00:00:00+00:00
[2022-12-21 17:19:54,625] {processor.py:161} INFO - Processing /home/airflow/.local/lib/python3.7/site-packages/airflow/example_dags/example_branch_operator.py took 0.065 seconds
[2022-12-21 17:20:25,244] {processor.py:153} INFO - Started process (PID=25257) to work on /home/airflow/.local/lib/python3.7/site-packages/airflow/example_dags/example_branch_operator.py
[2022-12-21 17:20:25,245] {processor.py:641} INFO - Processing file /home/airflow/.local/lib/python3.7/site-packages/airflow/example_dags/example_branch_operator.py for tasks to queue
[2022-12-21 17:20:25,245] {logging_mixin.py:115} INFO - [2022-12-21 17:20:25,245] {dagbag.py:507} INFO - Filling up the DagBag from /home/airflow/.local/lib/python3.7/site-packages/airflow/example_dags/example_branch_operator.py
[2022-12-21 17:20:25,255] {processor.py:651} INFO - DAG(s) dict_keys(['example_branch_operator']) retrieved from /home/airflow/.local/lib/python3.7/site-packages/airflow/example_dags/example_branch_operator.py
[2022-12-21 17:20:25,278] {logging_mixin.py:115} INFO - [2022-12-21 17:20:25,278] {dag.py:2371} INFO - Sync 1 DAGs
[2022-12-21 17:20:25,299] {logging_mixin.py:115} INFO - [2022-12-21 17:20:25,299] {dag.py:2919} INFO - Setting next_dagrun for example_branch_operator to 2022-12-20T00:00:00+00:00, run_after=2022-12-21T00:00:00+00:00
[2022-12-21 17:20:25,311] {processor.py:161} INFO - Processing /home/airflow/.local/lib/python3.7/site-packages/airflow/example_dags/example_branch_operator.py took 0.069 seconds
[2022-12-21 17:20:56,067] {processor.py:153} INFO - Started process (PID=25325) to work on /home/airflow/.local/lib/python3.7/site-packages/airflow/example_dags/example_branch_operator.py
[2022-12-21 17:20:56,067] {processor.py:641} INFO - Processing file /home/airflow/.local/lib/python3.7/site-packages/airflow/example_dags/example_branch_operator.py for tasks to queue
[2022-12-21 17:20:56,068] {logging_mixin.py:115} INFO - [2022-12-21 17:20:56,068] {dagbag.py:507} INFO - Filling up the DagBag from /home/airflow/.local/lib/python3.7/site-packages/airflow/example_dags/example_branch_operator.py
[2022-12-21 17:20:56,076] {processor.py:651} INFO - DAG(s) dict_keys(['example_branch_operator']) retrieved from /home/airflow/.local/lib/python3.7/site-packages/airflow/example_dags/example_branch_operator.py
[2022-12-21 17:20:56,095] {logging_mixin.py:115} INFO - [2022-12-21 17:20:56,095] {dag.py:2371} INFO - Sync 1 DAGs
[2022-12-21 17:20:56,113] {logging_mixin.py:115} INFO - [2022-12-21 17:20:56,112] {dag.py:2919} INFO - Setting next_dagrun for example_branch_operator to 2022-12-20T00:00:00+00:00, run_after=2022-12-21T00:00:00+00:00
[2022-12-21 17:20:56,122] {processor.py:161} INFO - Processing /home/airflow/.local/lib/python3.7/site-packages/airflow/example_dags/example_branch_operator.py took 0.058 seconds
[2022-12-21 17:21:26,528] {processor.py:153} INFO - Started process (PID=25381) to work on /home/airflow/.local/lib/python3.7/site-packages/airflow/example_dags/example_branch_operator.py
[2022-12-21 17:21:26,529] {processor.py:641} INFO - Processing file /home/airflow/.local/lib/python3.7/site-packages/airflow/example_dags/example_branch_operator.py for tasks to queue
[2022-12-21 17:21:26,529] {logging_mixin.py:115} INFO - [2022-12-21 17:21:26,529] {dagbag.py:507} INFO - Filling up the DagBag from /home/airflow/.local/lib/python3.7/site-packages/airflow/example_dags/example_branch_operator.py
[2022-12-21 17:21:26,540] {processor.py:651} INFO - DAG(s) dict_keys(['example_branch_operator']) retrieved from /home/airflow/.local/lib/python3.7/site-packages/airflow/example_dags/example_branch_operator.py
[2022-12-21 17:21:26,562] {logging_mixin.py:115} INFO - [2022-12-21 17:21:26,562] {dag.py:2371} INFO - Sync 1 DAGs
[2022-12-21 17:21:26,582] {logging_mixin.py:115} INFO - [2022-12-21 17:21:26,581] {dag.py:2919} INFO - Setting next_dagrun for example_branch_operator to 2022-12-20T00:00:00+00:00, run_after=2022-12-21T00:00:00+00:00
[2022-12-21 17:21:26,593] {processor.py:161} INFO - Processing /home/airflow/.local/lib/python3.7/site-packages/airflow/example_dags/example_branch_operator.py took 0.067 seconds
[2022-12-21 17:21:57,015] {processor.py:153} INFO - Started process (PID=25447) to work on /home/airflow/.local/lib/python3.7/site-packages/airflow/example_dags/example_branch_operator.py
[2022-12-21 17:21:57,016] {processor.py:641} INFO - Processing file /home/airflow/.local/lib/python3.7/site-packages/airflow/example_dags/example_branch_operator.py for tasks to queue
[2022-12-21 17:21:57,016] {logging_mixin.py:115} INFO - [2022-12-21 17:21:57,016] {dagbag.py:507} INFO - Filling up the DagBag from /home/airflow/.local/lib/python3.7/site-packages/airflow/example_dags/example_branch_operator.py
[2022-12-21 17:21:57,023] {processor.py:651} INFO - DAG(s) dict_keys(['example_branch_operator']) retrieved from /home/airflow/.local/lib/python3.7/site-packages/airflow/example_dags/example_branch_operator.py
[2022-12-21 17:21:57,045] {logging_mixin.py:115} INFO - [2022-12-21 17:21:57,045] {dag.py:2371} INFO - Sync 1 DAGs
[2022-12-21 17:21:57,064] {logging_mixin.py:115} INFO - [2022-12-21 17:21:57,064] {dag.py:2919} INFO - Setting next_dagrun for example_branch_operator to 2022-12-20T00:00:00+00:00, run_after=2022-12-21T00:00:00+00:00
[2022-12-21 17:21:57,074] {processor.py:161} INFO - Processing /home/airflow/.local/lib/python3.7/site-packages/airflow/example_dags/example_branch_operator.py took 0.061 seconds
[2022-12-21 17:22:27,471] {processor.py:153} INFO - Started process (PID=25515) to work on /home/airflow/.local/lib/python3.7/site-packages/airflow/example_dags/example_branch_operator.py
[2022-12-21 17:22:27,472] {processor.py:641} INFO - Processing file /home/airflow/.local/lib/python3.7/site-packages/airflow/example_dags/example_branch_operator.py for tasks to queue
[2022-12-21 17:22:27,472] {logging_mixin.py:115} INFO - [2022-12-21 17:22:27,472] {dagbag.py:507} INFO - Filling up the DagBag from /home/airflow/.local/lib/python3.7/site-packages/airflow/example_dags/example_branch_operator.py
[2022-12-21 17:22:27,481] {processor.py:651} INFO - DAG(s) dict_keys(['example_branch_operator']) retrieved from /home/airflow/.local/lib/python3.7/site-packages/airflow/example_dags/example_branch_operator.py
[2022-12-21 17:22:27,505] {logging_mixin.py:115} INFO - [2022-12-21 17:22:27,505] {dag.py:2371} INFO - Sync 1 DAGs
[2022-12-21 17:22:27,528] {logging_mixin.py:115} INFO - [2022-12-21 17:22:27,527] {dag.py:2919} INFO - Setting next_dagrun for example_branch_operator to 2022-12-20T00:00:00+00:00, run_after=2022-12-21T00:00:00+00:00
[2022-12-21 17:22:27,538] {processor.py:161} INFO - Processing /home/airflow/.local/lib/python3.7/site-packages/airflow/example_dags/example_branch_operator.py took 0.070 seconds
[2022-12-21 17:22:57,760] {processor.py:153} INFO - Started process (PID=25572) to work on /home/airflow/.local/lib/python3.7/site-packages/airflow/example_dags/example_branch_operator.py
[2022-12-21 17:22:57,760] {processor.py:641} INFO - Processing file /home/airflow/.local/lib/python3.7/site-packages/airflow/example_dags/example_branch_operator.py for tasks to queue
[2022-12-21 17:22:57,761] {logging_mixin.py:115} INFO - [2022-12-21 17:22:57,761] {dagbag.py:507} INFO - Filling up the DagBag from /home/airflow/.local/lib/python3.7/site-packages/airflow/example_dags/example_branch_operator.py
[2022-12-21 17:22:57,769] {processor.py:651} INFO - DAG(s) dict_keys(['example_branch_operator']) retrieved from /home/airflow/.local/lib/python3.7/site-packages/airflow/example_dags/example_branch_operator.py
[2022-12-21 17:22:57,790] {logging_mixin.py:115} INFO - [2022-12-21 17:22:57,790] {dag.py:2371} INFO - Sync 1 DAGs
[2022-12-21 17:22:57,809] {logging_mixin.py:115} INFO - [2022-12-21 17:22:57,809] {dag.py:2919} INFO - Setting next_dagrun for example_branch_operator to 2022-12-20T00:00:00+00:00, run_after=2022-12-21T00:00:00+00:00
[2022-12-21 17:22:57,818] {processor.py:161} INFO - Processing /home/airflow/.local/lib/python3.7/site-packages/airflow/example_dags/example_branch_operator.py took 0.061 seconds
[2022-12-21 17:23:28,727] {processor.py:153} INFO - Started process (PID=25639) to work on /home/airflow/.local/lib/python3.7/site-packages/airflow/example_dags/example_branch_operator.py
[2022-12-21 17:23:28,727] {processor.py:641} INFO - Processing file /home/airflow/.local/lib/python3.7/site-packages/airflow/example_dags/example_branch_operator.py for tasks to queue
[2022-12-21 17:23:28,728] {logging_mixin.py:115} INFO - [2022-12-21 17:23:28,728] {dagbag.py:507} INFO - Filling up the DagBag from /home/airflow/.local/lib/python3.7/site-packages/airflow/example_dags/example_branch_operator.py
[2022-12-21 17:23:28,737] {processor.py:651} INFO - DAG(s) dict_keys(['example_branch_operator']) retrieved from /home/airflow/.local/lib/python3.7/site-packages/airflow/example_dags/example_branch_operator.py
[2022-12-21 17:23:28,759] {logging_mixin.py:115} INFO - [2022-12-21 17:23:28,759] {dag.py:2371} INFO - Sync 1 DAGs
[2022-12-21 17:23:28,778] {logging_mixin.py:115} INFO - [2022-12-21 17:23:28,778] {dag.py:2919} INFO - Setting next_dagrun for example_branch_operator to 2022-12-20T00:00:00+00:00, run_after=2022-12-21T00:00:00+00:00
[2022-12-21 17:23:28,787] {processor.py:161} INFO - Processing /home/airflow/.local/lib/python3.7/site-packages/airflow/example_dags/example_branch_operator.py took 0.063 seconds
