[2022-12-21 16:55:18,993] {processor.py:153} INFO - Started process (PID=22099) to work on /home/airflow/.local/lib/python3.7/site-packages/airflow/example_dags/example_branch_labels.py
[2022-12-21 16:55:18,993] {processor.py:641} INFO - Processing file /home/airflow/.local/lib/python3.7/site-packages/airflow/example_dags/example_branch_labels.py for tasks to queue
[2022-12-21 16:55:18,994] {logging_mixin.py:115} INFO - [2022-12-21 16:55:18,993] {dagbag.py:507} INFO - Filling up the DagBag from /home/airflow/.local/lib/python3.7/site-packages/airflow/example_dags/example_branch_labels.py
[2022-12-21 16:55:19,000] {processor.py:651} INFO - DAG(s) dict_keys(['example_branch_labels']) retrieved from /home/airflow/.local/lib/python3.7/site-packages/airflow/example_dags/example_branch_labels.py
[2022-12-21 16:55:19,023] {logging_mixin.py:115} INFO - [2022-12-21 16:55:19,023] {dag.py:2371} INFO - Sync 1 DAGs
[2022-12-21 16:55:19,041] {logging_mixin.py:115} INFO - [2022-12-21 16:55:19,041] {dag.py:2919} INFO - Setting next_dagrun for example_branch_labels to 2022-12-20T00:00:00+00:00, run_after=2022-12-21T00:00:00+00:00
[2022-12-21 16:55:19,050] {processor.py:161} INFO - Processing /home/airflow/.local/lib/python3.7/site-packages/airflow/example_dags/example_branch_labels.py took 0.061 seconds
[2022-12-21 16:55:49,521] {processor.py:153} INFO - Started process (PID=22165) to work on /home/airflow/.local/lib/python3.7/site-packages/airflow/example_dags/example_branch_labels.py
[2022-12-21 16:55:49,522] {processor.py:641} INFO - Processing file /home/airflow/.local/lib/python3.7/site-packages/airflow/example_dags/example_branch_labels.py for tasks to queue
[2022-12-21 16:55:49,522] {logging_mixin.py:115} INFO - [2022-12-21 16:55:49,522] {dagbag.py:507} INFO - Filling up the DagBag from /home/airflow/.local/lib/python3.7/site-packages/airflow/example_dags/example_branch_labels.py
[2022-12-21 16:55:49,527] {processor.py:651} INFO - DAG(s) dict_keys(['example_branch_labels']) retrieved from /home/airflow/.local/lib/python3.7/site-packages/airflow/example_dags/example_branch_labels.py
[2022-12-21 16:55:49,547] {logging_mixin.py:115} INFO - [2022-12-21 16:55:49,547] {dag.py:2371} INFO - Sync 1 DAGs
[2022-12-21 16:55:49,565] {logging_mixin.py:115} INFO - [2022-12-21 16:55:49,565] {dag.py:2919} INFO - Setting next_dagrun for example_branch_labels to 2022-12-20T00:00:00+00:00, run_after=2022-12-21T00:00:00+00:00
[2022-12-21 16:55:49,574] {processor.py:161} INFO - Processing /home/airflow/.local/lib/python3.7/site-packages/airflow/example_dags/example_branch_labels.py took 0.055 seconds
[2022-12-21 16:56:19,922] {processor.py:153} INFO - Started process (PID=22221) to work on /home/airflow/.local/lib/python3.7/site-packages/airflow/example_dags/example_branch_labels.py
[2022-12-21 16:56:19,923] {processor.py:641} INFO - Processing file /home/airflow/.local/lib/python3.7/site-packages/airflow/example_dags/example_branch_labels.py for tasks to queue
[2022-12-21 16:56:19,923] {logging_mixin.py:115} INFO - [2022-12-21 16:56:19,923] {dagbag.py:507} INFO - Filling up the DagBag from /home/airflow/.local/lib/python3.7/site-packages/airflow/example_dags/example_branch_labels.py
[2022-12-21 16:56:19,927] {processor.py:651} INFO - DAG(s) dict_keys(['example_branch_labels']) retrieved from /home/airflow/.local/lib/python3.7/site-packages/airflow/example_dags/example_branch_labels.py
[2022-12-21 16:56:19,946] {logging_mixin.py:115} INFO - [2022-12-21 16:56:19,946] {dag.py:2371} INFO - Sync 1 DAGs
[2022-12-21 16:56:19,961] {logging_mixin.py:115} INFO - [2022-12-21 16:56:19,961] {dag.py:2919} INFO - Setting next_dagrun for example_branch_labels to 2022-12-20T00:00:00+00:00, run_after=2022-12-21T00:00:00+00:00
[2022-12-21 16:56:19,969] {processor.py:161} INFO - Processing /home/airflow/.local/lib/python3.7/site-packages/airflow/example_dags/example_branch_labels.py took 0.049 seconds
[2022-12-21 16:56:50,263] {processor.py:153} INFO - Started process (PID=22288) to work on /home/airflow/.local/lib/python3.7/site-packages/airflow/example_dags/example_branch_labels.py
[2022-12-21 16:56:50,263] {processor.py:641} INFO - Processing file /home/airflow/.local/lib/python3.7/site-packages/airflow/example_dags/example_branch_labels.py for tasks to queue
[2022-12-21 16:56:50,263] {logging_mixin.py:115} INFO - [2022-12-21 16:56:50,263] {dagbag.py:507} INFO - Filling up the DagBag from /home/airflow/.local/lib/python3.7/site-packages/airflow/example_dags/example_branch_labels.py
[2022-12-21 16:56:50,268] {processor.py:651} INFO - DAG(s) dict_keys(['example_branch_labels']) retrieved from /home/airflow/.local/lib/python3.7/site-packages/airflow/example_dags/example_branch_labels.py
[2022-12-21 16:56:50,289] {logging_mixin.py:115} INFO - [2022-12-21 16:56:50,289] {dag.py:2371} INFO - Sync 1 DAGs
[2022-12-21 16:56:50,307] {logging_mixin.py:115} INFO - [2022-12-21 16:56:50,307] {dag.py:2919} INFO - Setting next_dagrun for example_branch_labels to 2022-12-20T00:00:00+00:00, run_after=2022-12-21T00:00:00+00:00
[2022-12-21 16:56:50,315] {processor.py:161} INFO - Processing /home/airflow/.local/lib/python3.7/site-packages/airflow/example_dags/example_branch_labels.py took 0.055 seconds
[2022-12-21 16:57:20,812] {processor.py:153} INFO - Started process (PID=22355) to work on /home/airflow/.local/lib/python3.7/site-packages/airflow/example_dags/example_branch_labels.py
[2022-12-21 16:57:20,812] {processor.py:641} INFO - Processing file /home/airflow/.local/lib/python3.7/site-packages/airflow/example_dags/example_branch_labels.py for tasks to queue
[2022-12-21 16:57:20,813] {logging_mixin.py:115} INFO - [2022-12-21 16:57:20,813] {dagbag.py:507} INFO - Filling up the DagBag from /home/airflow/.local/lib/python3.7/site-packages/airflow/example_dags/example_branch_labels.py
[2022-12-21 16:57:20,817] {processor.py:651} INFO - DAG(s) dict_keys(['example_branch_labels']) retrieved from /home/airflow/.local/lib/python3.7/site-packages/airflow/example_dags/example_branch_labels.py
[2022-12-21 16:57:20,837] {logging_mixin.py:115} INFO - [2022-12-21 16:57:20,837] {dag.py:2371} INFO - Sync 1 DAGs
[2022-12-21 16:57:20,853] {logging_mixin.py:115} INFO - [2022-12-21 16:57:20,853] {dag.py:2919} INFO - Setting next_dagrun for example_branch_labels to 2022-12-20T00:00:00+00:00, run_after=2022-12-21T00:00:00+00:00
[2022-12-21 16:57:20,862] {processor.py:161} INFO - Processing /home/airflow/.local/lib/python3.7/site-packages/airflow/example_dags/example_branch_labels.py took 0.052 seconds
[2022-12-21 16:57:51,176] {processor.py:153} INFO - Started process (PID=22422) to work on /home/airflow/.local/lib/python3.7/site-packages/airflow/example_dags/example_branch_labels.py
[2022-12-21 16:57:51,176] {processor.py:641} INFO - Processing file /home/airflow/.local/lib/python3.7/site-packages/airflow/example_dags/example_branch_labels.py for tasks to queue
[2022-12-21 16:57:51,176] {logging_mixin.py:115} INFO - [2022-12-21 16:57:51,176] {dagbag.py:507} INFO - Filling up the DagBag from /home/airflow/.local/lib/python3.7/site-packages/airflow/example_dags/example_branch_labels.py
[2022-12-21 16:57:51,180] {processor.py:651} INFO - DAG(s) dict_keys(['example_branch_labels']) retrieved from /home/airflow/.local/lib/python3.7/site-packages/airflow/example_dags/example_branch_labels.py
[2022-12-21 16:57:51,200] {logging_mixin.py:115} INFO - [2022-12-21 16:57:51,200] {dag.py:2371} INFO - Sync 1 DAGs
[2022-12-21 16:57:51,218] {logging_mixin.py:115} INFO - [2022-12-21 16:57:51,218] {dag.py:2919} INFO - Setting next_dagrun for example_branch_labels to 2022-12-20T00:00:00+00:00, run_after=2022-12-21T00:00:00+00:00
[2022-12-21 16:57:51,225] {processor.py:161} INFO - Processing /home/airflow/.local/lib/python3.7/site-packages/airflow/example_dags/example_branch_labels.py took 0.051 seconds
[2022-12-21 16:58:21,583] {processor.py:153} INFO - Started process (PID=22479) to work on /home/airflow/.local/lib/python3.7/site-packages/airflow/example_dags/example_branch_labels.py
[2022-12-21 16:58:21,583] {processor.py:641} INFO - Processing file /home/airflow/.local/lib/python3.7/site-packages/airflow/example_dags/example_branch_labels.py for tasks to queue
[2022-12-21 16:58:21,584] {logging_mixin.py:115} INFO - [2022-12-21 16:58:21,584] {dagbag.py:507} INFO - Filling up the DagBag from /home/airflow/.local/lib/python3.7/site-packages/airflow/example_dags/example_branch_labels.py
[2022-12-21 16:58:21,588] {processor.py:651} INFO - DAG(s) dict_keys(['example_branch_labels']) retrieved from /home/airflow/.local/lib/python3.7/site-packages/airflow/example_dags/example_branch_labels.py
[2022-12-21 16:58:21,610] {logging_mixin.py:115} INFO - [2022-12-21 16:58:21,610] {dag.py:2371} INFO - Sync 1 DAGs
[2022-12-21 16:58:21,631] {logging_mixin.py:115} INFO - [2022-12-21 16:58:21,631] {dag.py:2919} INFO - Setting next_dagrun for example_branch_labels to 2022-12-20T00:00:00+00:00, run_after=2022-12-21T00:00:00+00:00
[2022-12-21 16:58:21,641] {processor.py:161} INFO - Processing /home/airflow/.local/lib/python3.7/site-packages/airflow/example_dags/example_branch_labels.py took 0.061 seconds
[2022-12-21 16:58:52,086] {processor.py:153} INFO - Started process (PID=22545) to work on /home/airflow/.local/lib/python3.7/site-packages/airflow/example_dags/example_branch_labels.py
[2022-12-21 16:58:52,086] {processor.py:641} INFO - Processing file /home/airflow/.local/lib/python3.7/site-packages/airflow/example_dags/example_branch_labels.py for tasks to queue
[2022-12-21 16:58:52,087] {logging_mixin.py:115} INFO - [2022-12-21 16:58:52,086] {dagbag.py:507} INFO - Filling up the DagBag from /home/airflow/.local/lib/python3.7/site-packages/airflow/example_dags/example_branch_labels.py
[2022-12-21 16:58:52,092] {processor.py:651} INFO - DAG(s) dict_keys(['example_branch_labels']) retrieved from /home/airflow/.local/lib/python3.7/site-packages/airflow/example_dags/example_branch_labels.py
[2022-12-21 16:58:52,112] {logging_mixin.py:115} INFO - [2022-12-21 16:58:52,112] {dag.py:2371} INFO - Sync 1 DAGs
[2022-12-21 16:58:52,134] {logging_mixin.py:115} INFO - [2022-12-21 16:58:52,134] {dag.py:2919} INFO - Setting next_dagrun for example_branch_labels to 2022-12-20T00:00:00+00:00, run_after=2022-12-21T00:00:00+00:00
[2022-12-21 16:58:52,143] {processor.py:161} INFO - Processing /home/airflow/.local/lib/python3.7/site-packages/airflow/example_dags/example_branch_labels.py took 0.060 seconds
[2022-12-21 16:59:22,605] {processor.py:153} INFO - Started process (PID=22612) to work on /home/airflow/.local/lib/python3.7/site-packages/airflow/example_dags/example_branch_labels.py
[2022-12-21 16:59:22,605] {processor.py:641} INFO - Processing file /home/airflow/.local/lib/python3.7/site-packages/airflow/example_dags/example_branch_labels.py for tasks to queue
[2022-12-21 16:59:22,606] {logging_mixin.py:115} INFO - [2022-12-21 16:59:22,605] {dagbag.py:507} INFO - Filling up the DagBag from /home/airflow/.local/lib/python3.7/site-packages/airflow/example_dags/example_branch_labels.py
[2022-12-21 16:59:22,610] {processor.py:651} INFO - DAG(s) dict_keys(['example_branch_labels']) retrieved from /home/airflow/.local/lib/python3.7/site-packages/airflow/example_dags/example_branch_labels.py
[2022-12-21 16:59:22,635] {logging_mixin.py:115} INFO - [2022-12-21 16:59:22,635] {dag.py:2371} INFO - Sync 1 DAGs
[2022-12-21 16:59:22,657] {logging_mixin.py:115} INFO - [2022-12-21 16:59:22,657] {dag.py:2919} INFO - Setting next_dagrun for example_branch_labels to 2022-12-20T00:00:00+00:00, run_after=2022-12-21T00:00:00+00:00
[2022-12-21 16:59:22,667] {processor.py:161} INFO - Processing /home/airflow/.local/lib/python3.7/site-packages/airflow/example_dags/example_branch_labels.py took 0.064 seconds
[2022-12-21 16:59:53,102] {processor.py:153} INFO - Started process (PID=22678) to work on /home/airflow/.local/lib/python3.7/site-packages/airflow/example_dags/example_branch_labels.py
[2022-12-21 16:59:53,103] {processor.py:641} INFO - Processing file /home/airflow/.local/lib/python3.7/site-packages/airflow/example_dags/example_branch_labels.py for tasks to queue
[2022-12-21 16:59:53,103] {logging_mixin.py:115} INFO - [2022-12-21 16:59:53,103] {dagbag.py:507} INFO - Filling up the DagBag from /home/airflow/.local/lib/python3.7/site-packages/airflow/example_dags/example_branch_labels.py
[2022-12-21 16:59:53,107] {processor.py:651} INFO - DAG(s) dict_keys(['example_branch_labels']) retrieved from /home/airflow/.local/lib/python3.7/site-packages/airflow/example_dags/example_branch_labels.py
[2022-12-21 16:59:53,126] {logging_mixin.py:115} INFO - [2022-12-21 16:59:53,126] {dag.py:2371} INFO - Sync 1 DAGs
[2022-12-21 16:59:53,141] {logging_mixin.py:115} INFO - [2022-12-21 16:59:53,141] {dag.py:2919} INFO - Setting next_dagrun for example_branch_labels to 2022-12-20T00:00:00+00:00, run_after=2022-12-21T00:00:00+00:00
[2022-12-21 16:59:53,149] {processor.py:161} INFO - Processing /home/airflow/.local/lib/python3.7/site-packages/airflow/example_dags/example_branch_labels.py took 0.049 seconds
[2022-12-21 17:00:23,672] {processor.py:153} INFO - Started process (PID=22735) to work on /home/airflow/.local/lib/python3.7/site-packages/airflow/example_dags/example_branch_labels.py
[2022-12-21 17:00:23,672] {processor.py:641} INFO - Processing file /home/airflow/.local/lib/python3.7/site-packages/airflow/example_dags/example_branch_labels.py for tasks to queue
[2022-12-21 17:00:23,672] {logging_mixin.py:115} INFO - [2022-12-21 17:00:23,672] {dagbag.py:507} INFO - Filling up the DagBag from /home/airflow/.local/lib/python3.7/site-packages/airflow/example_dags/example_branch_labels.py
[2022-12-21 17:00:23,677] {processor.py:651} INFO - DAG(s) dict_keys(['example_branch_labels']) retrieved from /home/airflow/.local/lib/python3.7/site-packages/airflow/example_dags/example_branch_labels.py
[2022-12-21 17:00:23,699] {logging_mixin.py:115} INFO - [2022-12-21 17:00:23,699] {dag.py:2371} INFO - Sync 1 DAGs
[2022-12-21 17:00:23,718] {logging_mixin.py:115} INFO - [2022-12-21 17:00:23,718] {dag.py:2919} INFO - Setting next_dagrun for example_branch_labels to 2022-12-20T00:00:00+00:00, run_after=2022-12-21T00:00:00+00:00
[2022-12-21 17:00:23,727] {processor.py:161} INFO - Processing /home/airflow/.local/lib/python3.7/site-packages/airflow/example_dags/example_branch_labels.py took 0.058 seconds
[2022-12-21 17:00:54,220] {processor.py:153} INFO - Started process (PID=22801) to work on /home/airflow/.local/lib/python3.7/site-packages/airflow/example_dags/example_branch_labels.py
[2022-12-21 17:00:54,221] {processor.py:641} INFO - Processing file /home/airflow/.local/lib/python3.7/site-packages/airflow/example_dags/example_branch_labels.py for tasks to queue
[2022-12-21 17:00:54,221] {logging_mixin.py:115} INFO - [2022-12-21 17:00:54,221] {dagbag.py:507} INFO - Filling up the DagBag from /home/airflow/.local/lib/python3.7/site-packages/airflow/example_dags/example_branch_labels.py
[2022-12-21 17:00:54,226] {processor.py:651} INFO - DAG(s) dict_keys(['example_branch_labels']) retrieved from /home/airflow/.local/lib/python3.7/site-packages/airflow/example_dags/example_branch_labels.py
[2022-12-21 17:00:54,252] {logging_mixin.py:115} INFO - [2022-12-21 17:00:54,252] {dag.py:2371} INFO - Sync 1 DAGs
[2022-12-21 17:00:54,273] {logging_mixin.py:115} INFO - [2022-12-21 17:00:54,273] {dag.py:2919} INFO - Setting next_dagrun for example_branch_labels to 2022-12-20T00:00:00+00:00, run_after=2022-12-21T00:00:00+00:00
[2022-12-21 17:00:54,285] {processor.py:161} INFO - Processing /home/airflow/.local/lib/python3.7/site-packages/airflow/example_dags/example_branch_labels.py took 0.067 seconds
[2022-12-21 17:01:24,725] {processor.py:153} INFO - Started process (PID=22868) to work on /home/airflow/.local/lib/python3.7/site-packages/airflow/example_dags/example_branch_labels.py
[2022-12-21 17:01:24,726] {processor.py:641} INFO - Processing file /home/airflow/.local/lib/python3.7/site-packages/airflow/example_dags/example_branch_labels.py for tasks to queue
[2022-12-21 17:01:24,726] {logging_mixin.py:115} INFO - [2022-12-21 17:01:24,726] {dagbag.py:507} INFO - Filling up the DagBag from /home/airflow/.local/lib/python3.7/site-packages/airflow/example_dags/example_branch_labels.py
[2022-12-21 17:01:24,732] {processor.py:651} INFO - DAG(s) dict_keys(['example_branch_labels']) retrieved from /home/airflow/.local/lib/python3.7/site-packages/airflow/example_dags/example_branch_labels.py
[2022-12-21 17:01:24,754] {logging_mixin.py:115} INFO - [2022-12-21 17:01:24,754] {dag.py:2371} INFO - Sync 1 DAGs
[2022-12-21 17:01:24,775] {logging_mixin.py:115} INFO - [2022-12-21 17:01:24,775] {dag.py:2919} INFO - Setting next_dagrun for example_branch_labels to 2022-12-20T00:00:00+00:00, run_after=2022-12-21T00:00:00+00:00
[2022-12-21 17:01:24,784] {processor.py:161} INFO - Processing /home/airflow/.local/lib/python3.7/site-packages/airflow/example_dags/example_branch_labels.py took 0.061 seconds
[2022-12-21 17:01:55,307] {processor.py:153} INFO - Started process (PID=22933) to work on /home/airflow/.local/lib/python3.7/site-packages/airflow/example_dags/example_branch_labels.py
[2022-12-21 17:01:55,307] {processor.py:641} INFO - Processing file /home/airflow/.local/lib/python3.7/site-packages/airflow/example_dags/example_branch_labels.py for tasks to queue
[2022-12-21 17:01:55,308] {logging_mixin.py:115} INFO - [2022-12-21 17:01:55,308] {dagbag.py:507} INFO - Filling up the DagBag from /home/airflow/.local/lib/python3.7/site-packages/airflow/example_dags/example_branch_labels.py
[2022-12-21 17:01:55,312] {processor.py:651} INFO - DAG(s) dict_keys(['example_branch_labels']) retrieved from /home/airflow/.local/lib/python3.7/site-packages/airflow/example_dags/example_branch_labels.py
[2022-12-21 17:01:55,332] {logging_mixin.py:115} INFO - [2022-12-21 17:01:55,332] {dag.py:2371} INFO - Sync 1 DAGs
[2022-12-21 17:01:55,351] {logging_mixin.py:115} INFO - [2022-12-21 17:01:55,351] {dag.py:2919} INFO - Setting next_dagrun for example_branch_labels to 2022-12-20T00:00:00+00:00, run_after=2022-12-21T00:00:00+00:00
[2022-12-21 17:01:55,361] {processor.py:161} INFO - Processing /home/airflow/.local/lib/python3.7/site-packages/airflow/example_dags/example_branch_labels.py took 0.057 seconds
[2022-12-21 17:02:25,993] {processor.py:153} INFO - Started process (PID=22989) to work on /home/airflow/.local/lib/python3.7/site-packages/airflow/example_dags/example_branch_labels.py
[2022-12-21 17:02:25,993] {processor.py:641} INFO - Processing file /home/airflow/.local/lib/python3.7/site-packages/airflow/example_dags/example_branch_labels.py for tasks to queue
[2022-12-21 17:02:25,993] {logging_mixin.py:115} INFO - [2022-12-21 17:02:25,993] {dagbag.py:507} INFO - Filling up the DagBag from /home/airflow/.local/lib/python3.7/site-packages/airflow/example_dags/example_branch_labels.py
[2022-12-21 17:02:25,999] {processor.py:651} INFO - DAG(s) dict_keys(['example_branch_labels']) retrieved from /home/airflow/.local/lib/python3.7/site-packages/airflow/example_dags/example_branch_labels.py
[2022-12-21 17:02:26,029] {logging_mixin.py:115} INFO - [2022-12-21 17:02:26,029] {dag.py:2371} INFO - Sync 1 DAGs
[2022-12-21 17:02:26,065] {logging_mixin.py:115} INFO - [2022-12-21 17:02:26,065] {dag.py:2919} INFO - Setting next_dagrun for example_branch_labels to 2022-12-20T00:00:00+00:00, run_after=2022-12-21T00:00:00+00:00
[2022-12-21 17:02:26,077] {processor.py:161} INFO - Processing /home/airflow/.local/lib/python3.7/site-packages/airflow/example_dags/example_branch_labels.py took 0.087 seconds
[2022-12-21 17:02:56,620] {processor.py:153} INFO - Started process (PID=23056) to work on /home/airflow/.local/lib/python3.7/site-packages/airflow/example_dags/example_branch_labels.py
[2022-12-21 17:02:56,621] {processor.py:641} INFO - Processing file /home/airflow/.local/lib/python3.7/site-packages/airflow/example_dags/example_branch_labels.py for tasks to queue
[2022-12-21 17:02:56,621] {logging_mixin.py:115} INFO - [2022-12-21 17:02:56,621] {dagbag.py:507} INFO - Filling up the DagBag from /home/airflow/.local/lib/python3.7/site-packages/airflow/example_dags/example_branch_labels.py
[2022-12-21 17:02:56,627] {processor.py:651} INFO - DAG(s) dict_keys(['example_branch_labels']) retrieved from /home/airflow/.local/lib/python3.7/site-packages/airflow/example_dags/example_branch_labels.py
[2022-12-21 17:02:56,648] {logging_mixin.py:115} INFO - [2022-12-21 17:02:56,648] {dag.py:2371} INFO - Sync 1 DAGs
[2022-12-21 17:02:56,667] {logging_mixin.py:115} INFO - [2022-12-21 17:02:56,666] {dag.py:2919} INFO - Setting next_dagrun for example_branch_labels to 2022-12-20T00:00:00+00:00, run_after=2022-12-21T00:00:00+00:00
[2022-12-21 17:02:56,676] {processor.py:161} INFO - Processing /home/airflow/.local/lib/python3.7/site-packages/airflow/example_dags/example_branch_labels.py took 0.058 seconds
[2022-12-21 17:03:27,323] {processor.py:153} INFO - Started process (PID=23122) to work on /home/airflow/.local/lib/python3.7/site-packages/airflow/example_dags/example_branch_labels.py
[2022-12-21 17:03:27,323] {processor.py:641} INFO - Processing file /home/airflow/.local/lib/python3.7/site-packages/airflow/example_dags/example_branch_labels.py for tasks to queue
[2022-12-21 17:03:27,323] {logging_mixin.py:115} INFO - [2022-12-21 17:03:27,323] {dagbag.py:507} INFO - Filling up the DagBag from /home/airflow/.local/lib/python3.7/site-packages/airflow/example_dags/example_branch_labels.py
[2022-12-21 17:03:27,330] {processor.py:651} INFO - DAG(s) dict_keys(['example_branch_labels']) retrieved from /home/airflow/.local/lib/python3.7/site-packages/airflow/example_dags/example_branch_labels.py
[2022-12-21 17:03:27,352] {logging_mixin.py:115} INFO - [2022-12-21 17:03:27,351] {dag.py:2371} INFO - Sync 1 DAGs
[2022-12-21 17:03:27,371] {logging_mixin.py:115} INFO - [2022-12-21 17:03:27,371] {dag.py:2919} INFO - Setting next_dagrun for example_branch_labels to 2022-12-20T00:00:00+00:00, run_after=2022-12-21T00:00:00+00:00
[2022-12-21 17:03:27,381] {processor.py:161} INFO - Processing /home/airflow/.local/lib/python3.7/site-packages/airflow/example_dags/example_branch_labels.py took 0.061 seconds
[2022-12-21 17:03:58,033] {processor.py:153} INFO - Started process (PID=23189) to work on /home/airflow/.local/lib/python3.7/site-packages/airflow/example_dags/example_branch_labels.py
[2022-12-21 17:03:58,033] {processor.py:641} INFO - Processing file /home/airflow/.local/lib/python3.7/site-packages/airflow/example_dags/example_branch_labels.py for tasks to queue
[2022-12-21 17:03:58,034] {logging_mixin.py:115} INFO - [2022-12-21 17:03:58,034] {dagbag.py:507} INFO - Filling up the DagBag from /home/airflow/.local/lib/python3.7/site-packages/airflow/example_dags/example_branch_labels.py
[2022-12-21 17:03:58,038] {processor.py:651} INFO - DAG(s) dict_keys(['example_branch_labels']) retrieved from /home/airflow/.local/lib/python3.7/site-packages/airflow/example_dags/example_branch_labels.py
[2022-12-21 17:03:58,059] {logging_mixin.py:115} INFO - [2022-12-21 17:03:58,058] {dag.py:2371} INFO - Sync 1 DAGs
[2022-12-21 17:03:58,080] {logging_mixin.py:115} INFO - [2022-12-21 17:03:58,080] {dag.py:2919} INFO - Setting next_dagrun for example_branch_labels to 2022-12-20T00:00:00+00:00, run_after=2022-12-21T00:00:00+00:00
[2022-12-21 17:03:58,089] {processor.py:161} INFO - Processing /home/airflow/.local/lib/python3.7/site-packages/airflow/example_dags/example_branch_labels.py took 0.058 seconds
[2022-12-21 17:04:28,665] {processor.py:153} INFO - Started process (PID=23246) to work on /home/airflow/.local/lib/python3.7/site-packages/airflow/example_dags/example_branch_labels.py
[2022-12-21 17:04:28,665] {processor.py:641} INFO - Processing file /home/airflow/.local/lib/python3.7/site-packages/airflow/example_dags/example_branch_labels.py for tasks to queue
[2022-12-21 17:04:28,666] {logging_mixin.py:115} INFO - [2022-12-21 17:04:28,665] {dagbag.py:507} INFO - Filling up the DagBag from /home/airflow/.local/lib/python3.7/site-packages/airflow/example_dags/example_branch_labels.py
[2022-12-21 17:04:28,670] {processor.py:651} INFO - DAG(s) dict_keys(['example_branch_labels']) retrieved from /home/airflow/.local/lib/python3.7/site-packages/airflow/example_dags/example_branch_labels.py
[2022-12-21 17:04:28,693] {logging_mixin.py:115} INFO - [2022-12-21 17:04:28,693] {dag.py:2371} INFO - Sync 1 DAGs
[2022-12-21 17:04:28,711] {logging_mixin.py:115} INFO - [2022-12-21 17:04:28,711] {dag.py:2919} INFO - Setting next_dagrun for example_branch_labels to 2022-12-20T00:00:00+00:00, run_after=2022-12-21T00:00:00+00:00
[2022-12-21 17:04:28,721] {processor.py:161} INFO - Processing /home/airflow/.local/lib/python3.7/site-packages/airflow/example_dags/example_branch_labels.py took 0.060 seconds
[2022-12-21 17:04:59,148] {processor.py:153} INFO - Started process (PID=23312) to work on /home/airflow/.local/lib/python3.7/site-packages/airflow/example_dags/example_branch_labels.py
[2022-12-21 17:04:59,149] {processor.py:641} INFO - Processing file /home/airflow/.local/lib/python3.7/site-packages/airflow/example_dags/example_branch_labels.py for tasks to queue
[2022-12-21 17:04:59,149] {logging_mixin.py:115} INFO - [2022-12-21 17:04:59,149] {dagbag.py:507} INFO - Filling up the DagBag from /home/airflow/.local/lib/python3.7/site-packages/airflow/example_dags/example_branch_labels.py
[2022-12-21 17:04:59,155] {processor.py:651} INFO - DAG(s) dict_keys(['example_branch_labels']) retrieved from /home/airflow/.local/lib/python3.7/site-packages/airflow/example_dags/example_branch_labels.py
[2022-12-21 17:04:59,177] {logging_mixin.py:115} INFO - [2022-12-21 17:04:59,177] {dag.py:2371} INFO - Sync 1 DAGs
[2022-12-21 17:04:59,196] {logging_mixin.py:115} INFO - [2022-12-21 17:04:59,196] {dag.py:2919} INFO - Setting next_dagrun for example_branch_labels to 2022-12-20T00:00:00+00:00, run_after=2022-12-21T00:00:00+00:00
[2022-12-21 17:04:59,204] {processor.py:161} INFO - Processing /home/airflow/.local/lib/python3.7/site-packages/airflow/example_dags/example_branch_labels.py took 0.059 seconds
[2022-12-21 17:05:29,694] {processor.py:153} INFO - Started process (PID=23377) to work on /home/airflow/.local/lib/python3.7/site-packages/airflow/example_dags/example_branch_labels.py
[2022-12-21 17:05:29,695] {processor.py:641} INFO - Processing file /home/airflow/.local/lib/python3.7/site-packages/airflow/example_dags/example_branch_labels.py for tasks to queue
[2022-12-21 17:05:29,695] {logging_mixin.py:115} INFO - [2022-12-21 17:05:29,695] {dagbag.py:507} INFO - Filling up the DagBag from /home/airflow/.local/lib/python3.7/site-packages/airflow/example_dags/example_branch_labels.py
[2022-12-21 17:05:29,702] {processor.py:651} INFO - DAG(s) dict_keys(['example_branch_labels']) retrieved from /home/airflow/.local/lib/python3.7/site-packages/airflow/example_dags/example_branch_labels.py
[2022-12-21 17:05:29,725] {logging_mixin.py:115} INFO - [2022-12-21 17:05:29,725] {dag.py:2371} INFO - Sync 1 DAGs
[2022-12-21 17:05:29,746] {logging_mixin.py:115} INFO - [2022-12-21 17:05:29,745] {dag.py:2919} INFO - Setting next_dagrun for example_branch_labels to 2022-12-20T00:00:00+00:00, run_after=2022-12-21T00:00:00+00:00
[2022-12-21 17:05:29,755] {processor.py:161} INFO - Processing /home/airflow/.local/lib/python3.7/site-packages/airflow/example_dags/example_branch_labels.py took 0.063 seconds
[2022-12-21 17:06:00,519] {processor.py:153} INFO - Started process (PID=23442) to work on /home/airflow/.local/lib/python3.7/site-packages/airflow/example_dags/example_branch_labels.py
[2022-12-21 17:06:00,519] {processor.py:641} INFO - Processing file /home/airflow/.local/lib/python3.7/site-packages/airflow/example_dags/example_branch_labels.py for tasks to queue
[2022-12-21 17:06:00,520] {logging_mixin.py:115} INFO - [2022-12-21 17:06:00,519] {dagbag.py:507} INFO - Filling up the DagBag from /home/airflow/.local/lib/python3.7/site-packages/airflow/example_dags/example_branch_labels.py
[2022-12-21 17:06:00,527] {processor.py:651} INFO - DAG(s) dict_keys(['example_branch_labels']) retrieved from /home/airflow/.local/lib/python3.7/site-packages/airflow/example_dags/example_branch_labels.py
[2022-12-21 17:06:00,558] {logging_mixin.py:115} INFO - [2022-12-21 17:06:00,558] {dag.py:2371} INFO - Sync 1 DAGs
[2022-12-21 17:06:00,586] {logging_mixin.py:115} INFO - [2022-12-21 17:06:00,586] {dag.py:2919} INFO - Setting next_dagrun for example_branch_labels to 2022-12-20T00:00:00+00:00, run_after=2022-12-21T00:00:00+00:00
[2022-12-21 17:06:00,602] {processor.py:161} INFO - Processing /home/airflow/.local/lib/python3.7/site-packages/airflow/example_dags/example_branch_labels.py took 0.086 seconds
[2022-12-21 17:06:31,315] {processor.py:153} INFO - Started process (PID=23501) to work on /home/airflow/.local/lib/python3.7/site-packages/airflow/example_dags/example_branch_labels.py
[2022-12-21 17:06:31,315] {processor.py:641} INFO - Processing file /home/airflow/.local/lib/python3.7/site-packages/airflow/example_dags/example_branch_labels.py for tasks to queue
[2022-12-21 17:06:31,316] {logging_mixin.py:115} INFO - [2022-12-21 17:06:31,316] {dagbag.py:507} INFO - Filling up the DagBag from /home/airflow/.local/lib/python3.7/site-packages/airflow/example_dags/example_branch_labels.py
[2022-12-21 17:06:31,320] {processor.py:651} INFO - DAG(s) dict_keys(['example_branch_labels']) retrieved from /home/airflow/.local/lib/python3.7/site-packages/airflow/example_dags/example_branch_labels.py
[2022-12-21 17:06:31,340] {logging_mixin.py:115} INFO - [2022-12-21 17:06:31,340] {dag.py:2371} INFO - Sync 1 DAGs
[2022-12-21 17:06:31,359] {logging_mixin.py:115} INFO - [2022-12-21 17:06:31,359] {dag.py:2919} INFO - Setting next_dagrun for example_branch_labels to 2022-12-20T00:00:00+00:00, run_after=2022-12-21T00:00:00+00:00
[2022-12-21 17:06:31,368] {processor.py:161} INFO - Processing /home/airflow/.local/lib/python3.7/site-packages/airflow/example_dags/example_branch_labels.py took 0.054 seconds
[2022-12-21 17:07:01,858] {processor.py:153} INFO - Started process (PID=23568) to work on /home/airflow/.local/lib/python3.7/site-packages/airflow/example_dags/example_branch_labels.py
[2022-12-21 17:07:01,859] {processor.py:641} INFO - Processing file /home/airflow/.local/lib/python3.7/site-packages/airflow/example_dags/example_branch_labels.py for tasks to queue
[2022-12-21 17:07:01,859] {logging_mixin.py:115} INFO - [2022-12-21 17:07:01,859] {dagbag.py:507} INFO - Filling up the DagBag from /home/airflow/.local/lib/python3.7/site-packages/airflow/example_dags/example_branch_labels.py
[2022-12-21 17:07:01,864] {processor.py:651} INFO - DAG(s) dict_keys(['example_branch_labels']) retrieved from /home/airflow/.local/lib/python3.7/site-packages/airflow/example_dags/example_branch_labels.py
[2022-12-21 17:07:01,886] {logging_mixin.py:115} INFO - [2022-12-21 17:07:01,886] {dag.py:2371} INFO - Sync 1 DAGs
[2022-12-21 17:07:01,907] {logging_mixin.py:115} INFO - [2022-12-21 17:07:01,907] {dag.py:2919} INFO - Setting next_dagrun for example_branch_labels to 2022-12-20T00:00:00+00:00, run_after=2022-12-21T00:00:00+00:00
[2022-12-21 17:07:01,916] {processor.py:161} INFO - Processing /home/airflow/.local/lib/python3.7/site-packages/airflow/example_dags/example_branch_labels.py took 0.060 seconds
[2022-12-21 17:07:32,411] {processor.py:153} INFO - Started process (PID=23633) to work on /home/airflow/.local/lib/python3.7/site-packages/airflow/example_dags/example_branch_labels.py
[2022-12-21 17:07:32,411] {processor.py:641} INFO - Processing file /home/airflow/.local/lib/python3.7/site-packages/airflow/example_dags/example_branch_labels.py for tasks to queue
[2022-12-21 17:07:32,411] {logging_mixin.py:115} INFO - [2022-12-21 17:07:32,411] {dagbag.py:507} INFO - Filling up the DagBag from /home/airflow/.local/lib/python3.7/site-packages/airflow/example_dags/example_branch_labels.py
[2022-12-21 17:07:32,417] {processor.py:651} INFO - DAG(s) dict_keys(['example_branch_labels']) retrieved from /home/airflow/.local/lib/python3.7/site-packages/airflow/example_dags/example_branch_labels.py
[2022-12-21 17:07:32,439] {logging_mixin.py:115} INFO - [2022-12-21 17:07:32,439] {dag.py:2371} INFO - Sync 1 DAGs
[2022-12-21 17:07:32,457] {logging_mixin.py:115} INFO - [2022-12-21 17:07:32,456] {dag.py:2919} INFO - Setting next_dagrun for example_branch_labels to 2022-12-20T00:00:00+00:00, run_after=2022-12-21T00:00:00+00:00
[2022-12-21 17:07:32,465] {processor.py:161} INFO - Processing /home/airflow/.local/lib/python3.7/site-packages/airflow/example_dags/example_branch_labels.py took 0.057 seconds
[2022-12-21 17:08:02,953] {processor.py:153} INFO - Started process (PID=23690) to work on /home/airflow/.local/lib/python3.7/site-packages/airflow/example_dags/example_branch_labels.py
[2022-12-21 17:08:02,954] {processor.py:641} INFO - Processing file /home/airflow/.local/lib/python3.7/site-packages/airflow/example_dags/example_branch_labels.py for tasks to queue
[2022-12-21 17:08:02,955] {logging_mixin.py:115} INFO - [2022-12-21 17:08:02,955] {dagbag.py:507} INFO - Filling up the DagBag from /home/airflow/.local/lib/python3.7/site-packages/airflow/example_dags/example_branch_labels.py
[2022-12-21 17:08:02,963] {processor.py:651} INFO - DAG(s) dict_keys(['example_branch_labels']) retrieved from /home/airflow/.local/lib/python3.7/site-packages/airflow/example_dags/example_branch_labels.py
[2022-12-21 17:08:02,985] {logging_mixin.py:115} INFO - [2022-12-21 17:08:02,984] {dag.py:2371} INFO - Sync 1 DAGs
[2022-12-21 17:08:03,002] {logging_mixin.py:115} INFO - [2022-12-21 17:08:03,002] {dag.py:2919} INFO - Setting next_dagrun for example_branch_labels to 2022-12-20T00:00:00+00:00, run_after=2022-12-21T00:00:00+00:00
[2022-12-21 17:08:03,010] {processor.py:161} INFO - Processing /home/airflow/.local/lib/python3.7/site-packages/airflow/example_dags/example_branch_labels.py took 0.059 seconds
[2022-12-21 17:08:33,577] {processor.py:153} INFO - Started process (PID=23757) to work on /home/airflow/.local/lib/python3.7/site-packages/airflow/example_dags/example_branch_labels.py
[2022-12-21 17:08:33,577] {processor.py:641} INFO - Processing file /home/airflow/.local/lib/python3.7/site-packages/airflow/example_dags/example_branch_labels.py for tasks to queue
[2022-12-21 17:08:33,577] {logging_mixin.py:115} INFO - [2022-12-21 17:08:33,577] {dagbag.py:507} INFO - Filling up the DagBag from /home/airflow/.local/lib/python3.7/site-packages/airflow/example_dags/example_branch_labels.py
[2022-12-21 17:08:33,582] {processor.py:651} INFO - DAG(s) dict_keys(['example_branch_labels']) retrieved from /home/airflow/.local/lib/python3.7/site-packages/airflow/example_dags/example_branch_labels.py
[2022-12-21 17:08:33,602] {logging_mixin.py:115} INFO - [2022-12-21 17:08:33,602] {dag.py:2371} INFO - Sync 1 DAGs
[2022-12-21 17:08:33,619] {logging_mixin.py:115} INFO - [2022-12-21 17:08:33,619] {dag.py:2919} INFO - Setting next_dagrun for example_branch_labels to 2022-12-20T00:00:00+00:00, run_after=2022-12-21T00:00:00+00:00
[2022-12-21 17:08:33,629] {processor.py:161} INFO - Processing /home/airflow/.local/lib/python3.7/site-packages/airflow/example_dags/example_branch_labels.py took 0.054 seconds
[2022-12-21 17:09:04,200] {processor.py:153} INFO - Started process (PID=23823) to work on /home/airflow/.local/lib/python3.7/site-packages/airflow/example_dags/example_branch_labels.py
[2022-12-21 17:09:04,201] {processor.py:641} INFO - Processing file /home/airflow/.local/lib/python3.7/site-packages/airflow/example_dags/example_branch_labels.py for tasks to queue
[2022-12-21 17:09:04,201] {logging_mixin.py:115} INFO - [2022-12-21 17:09:04,201] {dagbag.py:507} INFO - Filling up the DagBag from /home/airflow/.local/lib/python3.7/site-packages/airflow/example_dags/example_branch_labels.py
[2022-12-21 17:09:04,207] {processor.py:651} INFO - DAG(s) dict_keys(['example_branch_labels']) retrieved from /home/airflow/.local/lib/python3.7/site-packages/airflow/example_dags/example_branch_labels.py
[2022-12-21 17:09:04,229] {logging_mixin.py:115} INFO - [2022-12-21 17:09:04,229] {dag.py:2371} INFO - Sync 1 DAGs
[2022-12-21 17:09:04,247] {logging_mixin.py:115} INFO - [2022-12-21 17:09:04,246] {dag.py:2919} INFO - Setting next_dagrun for example_branch_labels to 2022-12-20T00:00:00+00:00, run_after=2022-12-21T00:00:00+00:00
[2022-12-21 17:09:04,257] {processor.py:161} INFO - Processing /home/airflow/.local/lib/python3.7/site-packages/airflow/example_dags/example_branch_labels.py took 0.059 seconds
[2022-12-21 17:09:34,905] {processor.py:153} INFO - Started process (PID=23890) to work on /home/airflow/.local/lib/python3.7/site-packages/airflow/example_dags/example_branch_labels.py
[2022-12-21 17:09:34,906] {processor.py:641} INFO - Processing file /home/airflow/.local/lib/python3.7/site-packages/airflow/example_dags/example_branch_labels.py for tasks to queue
[2022-12-21 17:09:34,906] {logging_mixin.py:115} INFO - [2022-12-21 17:09:34,906] {dagbag.py:507} INFO - Filling up the DagBag from /home/airflow/.local/lib/python3.7/site-packages/airflow/example_dags/example_branch_labels.py
[2022-12-21 17:09:34,913] {processor.py:651} INFO - DAG(s) dict_keys(['example_branch_labels']) retrieved from /home/airflow/.local/lib/python3.7/site-packages/airflow/example_dags/example_branch_labels.py
[2022-12-21 17:09:34,934] {logging_mixin.py:115} INFO - [2022-12-21 17:09:34,934] {dag.py:2371} INFO - Sync 1 DAGs
[2022-12-21 17:09:34,955] {logging_mixin.py:115} INFO - [2022-12-21 17:09:34,955] {dag.py:2919} INFO - Setting next_dagrun for example_branch_labels to 2022-12-20T00:00:00+00:00, run_after=2022-12-21T00:00:00+00:00
[2022-12-21 17:09:34,964] {processor.py:161} INFO - Processing /home/airflow/.local/lib/python3.7/site-packages/airflow/example_dags/example_branch_labels.py took 0.062 seconds
[2022-12-21 17:10:05,651] {processor.py:153} INFO - Started process (PID=23948) to work on /home/airflow/.local/lib/python3.7/site-packages/airflow/example_dags/example_branch_labels.py
[2022-12-21 17:10:05,652] {processor.py:641} INFO - Processing file /home/airflow/.local/lib/python3.7/site-packages/airflow/example_dags/example_branch_labels.py for tasks to queue
[2022-12-21 17:10:05,652] {logging_mixin.py:115} INFO - [2022-12-21 17:10:05,652] {dagbag.py:507} INFO - Filling up the DagBag from /home/airflow/.local/lib/python3.7/site-packages/airflow/example_dags/example_branch_labels.py
[2022-12-21 17:10:05,659] {processor.py:651} INFO - DAG(s) dict_keys(['example_branch_labels']) retrieved from /home/airflow/.local/lib/python3.7/site-packages/airflow/example_dags/example_branch_labels.py
[2022-12-21 17:10:05,682] {logging_mixin.py:115} INFO - [2022-12-21 17:10:05,682] {dag.py:2371} INFO - Sync 1 DAGs
[2022-12-21 17:10:05,702] {logging_mixin.py:115} INFO - [2022-12-21 17:10:05,702] {dag.py:2919} INFO - Setting next_dagrun for example_branch_labels to 2022-12-20T00:00:00+00:00, run_after=2022-12-21T00:00:00+00:00
[2022-12-21 17:10:05,710] {processor.py:161} INFO - Processing /home/airflow/.local/lib/python3.7/site-packages/airflow/example_dags/example_branch_labels.py took 0.061 seconds
[2022-12-21 17:10:36,278] {processor.py:153} INFO - Started process (PID=24014) to work on /home/airflow/.local/lib/python3.7/site-packages/airflow/example_dags/example_branch_labels.py
[2022-12-21 17:10:36,279] {processor.py:641} INFO - Processing file /home/airflow/.local/lib/python3.7/site-packages/airflow/example_dags/example_branch_labels.py for tasks to queue
[2022-12-21 17:10:36,279] {logging_mixin.py:115} INFO - [2022-12-21 17:10:36,279] {dagbag.py:507} INFO - Filling up the DagBag from /home/airflow/.local/lib/python3.7/site-packages/airflow/example_dags/example_branch_labels.py
[2022-12-21 17:10:36,287] {processor.py:651} INFO - DAG(s) dict_keys(['example_branch_labels']) retrieved from /home/airflow/.local/lib/python3.7/site-packages/airflow/example_dags/example_branch_labels.py
[2022-12-21 17:10:36,312] {logging_mixin.py:115} INFO - [2022-12-21 17:10:36,312] {dag.py:2371} INFO - Sync 1 DAGs
[2022-12-21 17:10:36,334] {logging_mixin.py:115} INFO - [2022-12-21 17:10:36,334] {dag.py:2919} INFO - Setting next_dagrun for example_branch_labels to 2022-12-20T00:00:00+00:00, run_after=2022-12-21T00:00:00+00:00
[2022-12-21 17:10:36,344] {processor.py:161} INFO - Processing /home/airflow/.local/lib/python3.7/site-packages/airflow/example_dags/example_branch_labels.py took 0.068 seconds
[2022-12-21 17:11:06,837] {processor.py:153} INFO - Started process (PID=24080) to work on /home/airflow/.local/lib/python3.7/site-packages/airflow/example_dags/example_branch_labels.py
[2022-12-21 17:11:06,837] {processor.py:641} INFO - Processing file /home/airflow/.local/lib/python3.7/site-packages/airflow/example_dags/example_branch_labels.py for tasks to queue
[2022-12-21 17:11:06,837] {logging_mixin.py:115} INFO - [2022-12-21 17:11:06,837] {dagbag.py:507} INFO - Filling up the DagBag from /home/airflow/.local/lib/python3.7/site-packages/airflow/example_dags/example_branch_labels.py
[2022-12-21 17:11:06,842] {processor.py:651} INFO - DAG(s) dict_keys(['example_branch_labels']) retrieved from /home/airflow/.local/lib/python3.7/site-packages/airflow/example_dags/example_branch_labels.py
[2022-12-21 17:11:06,865] {logging_mixin.py:115} INFO - [2022-12-21 17:11:06,865] {dag.py:2371} INFO - Sync 1 DAGs
[2022-12-21 17:11:06,884] {logging_mixin.py:115} INFO - [2022-12-21 17:11:06,883] {dag.py:2919} INFO - Setting next_dagrun for example_branch_labels to 2022-12-20T00:00:00+00:00, run_after=2022-12-21T00:00:00+00:00
[2022-12-21 17:11:06,892] {processor.py:161} INFO - Processing /home/airflow/.local/lib/python3.7/site-packages/airflow/example_dags/example_branch_labels.py took 0.058 seconds
[2022-12-21 17:11:37,393] {processor.py:153} INFO - Started process (PID=24146) to work on /home/airflow/.local/lib/python3.7/site-packages/airflow/example_dags/example_branch_labels.py
[2022-12-21 17:11:37,393] {processor.py:641} INFO - Processing file /home/airflow/.local/lib/python3.7/site-packages/airflow/example_dags/example_branch_labels.py for tasks to queue
[2022-12-21 17:11:37,394] {logging_mixin.py:115} INFO - [2022-12-21 17:11:37,394] {dagbag.py:507} INFO - Filling up the DagBag from /home/airflow/.local/lib/python3.7/site-packages/airflow/example_dags/example_branch_labels.py
[2022-12-21 17:11:37,399] {processor.py:651} INFO - DAG(s) dict_keys(['example_branch_labels']) retrieved from /home/airflow/.local/lib/python3.7/site-packages/airflow/example_dags/example_branch_labels.py
[2022-12-21 17:11:37,420] {logging_mixin.py:115} INFO - [2022-12-21 17:11:37,419] {dag.py:2371} INFO - Sync 1 DAGs
[2022-12-21 17:11:37,439] {logging_mixin.py:115} INFO - [2022-12-21 17:11:37,439] {dag.py:2919} INFO - Setting next_dagrun for example_branch_labels to 2022-12-20T00:00:00+00:00, run_after=2022-12-21T00:00:00+00:00
[2022-12-21 17:11:37,448] {processor.py:161} INFO - Processing /home/airflow/.local/lib/python3.7/site-packages/airflow/example_dags/example_branch_labels.py took 0.058 seconds
[2022-12-21 17:12:08,105] {processor.py:153} INFO - Started process (PID=24203) to work on /home/airflow/.local/lib/python3.7/site-packages/airflow/example_dags/example_branch_labels.py
[2022-12-21 17:12:08,105] {processor.py:641} INFO - Processing file /home/airflow/.local/lib/python3.7/site-packages/airflow/example_dags/example_branch_labels.py for tasks to queue
[2022-12-21 17:12:08,105] {logging_mixin.py:115} INFO - [2022-12-21 17:12:08,105] {dagbag.py:507} INFO - Filling up the DagBag from /home/airflow/.local/lib/python3.7/site-packages/airflow/example_dags/example_branch_labels.py
[2022-12-21 17:12:08,112] {processor.py:651} INFO - DAG(s) dict_keys(['example_branch_labels']) retrieved from /home/airflow/.local/lib/python3.7/site-packages/airflow/example_dags/example_branch_labels.py
[2022-12-21 17:12:08,134] {logging_mixin.py:115} INFO - [2022-12-21 17:12:08,133] {dag.py:2371} INFO - Sync 1 DAGs
[2022-12-21 17:12:08,151] {logging_mixin.py:115} INFO - [2022-12-21 17:12:08,151] {dag.py:2919} INFO - Setting next_dagrun for example_branch_labels to 2022-12-20T00:00:00+00:00, run_after=2022-12-21T00:00:00+00:00
[2022-12-21 17:12:08,159] {processor.py:161} INFO - Processing /home/airflow/.local/lib/python3.7/site-packages/airflow/example_dags/example_branch_labels.py took 0.057 seconds
[2022-12-21 17:12:38,642] {processor.py:153} INFO - Started process (PID=24270) to work on /home/airflow/.local/lib/python3.7/site-packages/airflow/example_dags/example_branch_labels.py
[2022-12-21 17:12:38,643] {processor.py:641} INFO - Processing file /home/airflow/.local/lib/python3.7/site-packages/airflow/example_dags/example_branch_labels.py for tasks to queue
[2022-12-21 17:12:38,643] {logging_mixin.py:115} INFO - [2022-12-21 17:12:38,643] {dagbag.py:507} INFO - Filling up the DagBag from /home/airflow/.local/lib/python3.7/site-packages/airflow/example_dags/example_branch_labels.py
[2022-12-21 17:12:38,648] {processor.py:651} INFO - DAG(s) dict_keys(['example_branch_labels']) retrieved from /home/airflow/.local/lib/python3.7/site-packages/airflow/example_dags/example_branch_labels.py
[2022-12-21 17:12:38,669] {logging_mixin.py:115} INFO - [2022-12-21 17:12:38,669] {dag.py:2371} INFO - Sync 1 DAGs
[2022-12-21 17:12:38,688] {logging_mixin.py:115} INFO - [2022-12-21 17:12:38,688] {dag.py:2919} INFO - Setting next_dagrun for example_branch_labels to 2022-12-20T00:00:00+00:00, run_after=2022-12-21T00:00:00+00:00
[2022-12-21 17:12:38,699] {processor.py:161} INFO - Processing /home/airflow/.local/lib/python3.7/site-packages/airflow/example_dags/example_branch_labels.py took 0.059 seconds
[2022-12-21 17:13:09,109] {processor.py:153} INFO - Started process (PID=24335) to work on /home/airflow/.local/lib/python3.7/site-packages/airflow/example_dags/example_branch_labels.py
[2022-12-21 17:13:09,110] {processor.py:641} INFO - Processing file /home/airflow/.local/lib/python3.7/site-packages/airflow/example_dags/example_branch_labels.py for tasks to queue
[2022-12-21 17:13:09,110] {logging_mixin.py:115} INFO - [2022-12-21 17:13:09,110] {dagbag.py:507} INFO - Filling up the DagBag from /home/airflow/.local/lib/python3.7/site-packages/airflow/example_dags/example_branch_labels.py
[2022-12-21 17:13:09,115] {processor.py:651} INFO - DAG(s) dict_keys(['example_branch_labels']) retrieved from /home/airflow/.local/lib/python3.7/site-packages/airflow/example_dags/example_branch_labels.py
[2022-12-21 17:13:09,134] {logging_mixin.py:115} INFO - [2022-12-21 17:13:09,134] {dag.py:2371} INFO - Sync 1 DAGs
[2022-12-21 17:13:09,150] {logging_mixin.py:115} INFO - [2022-12-21 17:13:09,150] {dag.py:2919} INFO - Setting next_dagrun for example_branch_labels to 2022-12-20T00:00:00+00:00, run_after=2022-12-21T00:00:00+00:00
[2022-12-21 17:13:09,158] {processor.py:161} INFO - Processing /home/airflow/.local/lib/python3.7/site-packages/airflow/example_dags/example_branch_labels.py took 0.051 seconds
[2022-12-21 17:13:39,670] {processor.py:153} INFO - Started process (PID=24401) to work on /home/airflow/.local/lib/python3.7/site-packages/airflow/example_dags/example_branch_labels.py
[2022-12-21 17:13:39,671] {processor.py:641} INFO - Processing file /home/airflow/.local/lib/python3.7/site-packages/airflow/example_dags/example_branch_labels.py for tasks to queue
[2022-12-21 17:13:39,671] {logging_mixin.py:115} INFO - [2022-12-21 17:13:39,671] {dagbag.py:507} INFO - Filling up the DagBag from /home/airflow/.local/lib/python3.7/site-packages/airflow/example_dags/example_branch_labels.py
[2022-12-21 17:13:39,677] {processor.py:651} INFO - DAG(s) dict_keys(['example_branch_labels']) retrieved from /home/airflow/.local/lib/python3.7/site-packages/airflow/example_dags/example_branch_labels.py
[2022-12-21 17:13:39,701] {logging_mixin.py:115} INFO - [2022-12-21 17:13:39,700] {dag.py:2371} INFO - Sync 1 DAGs
[2022-12-21 17:13:39,718] {logging_mixin.py:115} INFO - [2022-12-21 17:13:39,718] {dag.py:2919} INFO - Setting next_dagrun for example_branch_labels to 2022-12-20T00:00:00+00:00, run_after=2022-12-21T00:00:00+00:00
[2022-12-21 17:13:39,727] {processor.py:161} INFO - Processing /home/airflow/.local/lib/python3.7/site-packages/airflow/example_dags/example_branch_labels.py took 0.060 seconds
[2022-12-21 17:14:10,280] {processor.py:153} INFO - Started process (PID=24458) to work on /home/airflow/.local/lib/python3.7/site-packages/airflow/example_dags/example_branch_labels.py
[2022-12-21 17:14:10,281] {processor.py:641} INFO - Processing file /home/airflow/.local/lib/python3.7/site-packages/airflow/example_dags/example_branch_labels.py for tasks to queue
[2022-12-21 17:14:10,281] {logging_mixin.py:115} INFO - [2022-12-21 17:14:10,281] {dagbag.py:507} INFO - Filling up the DagBag from /home/airflow/.local/lib/python3.7/site-packages/airflow/example_dags/example_branch_labels.py
[2022-12-21 17:14:10,287] {processor.py:651} INFO - DAG(s) dict_keys(['example_branch_labels']) retrieved from /home/airflow/.local/lib/python3.7/site-packages/airflow/example_dags/example_branch_labels.py
[2022-12-21 17:14:10,310] {logging_mixin.py:115} INFO - [2022-12-21 17:14:10,310] {dag.py:2371} INFO - Sync 1 DAGs
[2022-12-21 17:14:10,329] {logging_mixin.py:115} INFO - [2022-12-21 17:14:10,329] {dag.py:2919} INFO - Setting next_dagrun for example_branch_labels to 2022-12-20T00:00:00+00:00, run_after=2022-12-21T00:00:00+00:00
[2022-12-21 17:14:10,339] {processor.py:161} INFO - Processing /home/airflow/.local/lib/python3.7/site-packages/airflow/example_dags/example_branch_labels.py took 0.061 seconds
[2022-12-21 17:14:41,061] {processor.py:153} INFO - Started process (PID=24524) to work on /home/airflow/.local/lib/python3.7/site-packages/airflow/example_dags/example_branch_labels.py
[2022-12-21 17:14:41,062] {processor.py:641} INFO - Processing file /home/airflow/.local/lib/python3.7/site-packages/airflow/example_dags/example_branch_labels.py for tasks to queue
[2022-12-21 17:14:41,062] {logging_mixin.py:115} INFO - [2022-12-21 17:14:41,062] {dagbag.py:507} INFO - Filling up the DagBag from /home/airflow/.local/lib/python3.7/site-packages/airflow/example_dags/example_branch_labels.py
[2022-12-21 17:14:41,067] {processor.py:651} INFO - DAG(s) dict_keys(['example_branch_labels']) retrieved from /home/airflow/.local/lib/python3.7/site-packages/airflow/example_dags/example_branch_labels.py
[2022-12-21 17:14:41,092] {logging_mixin.py:115} INFO - [2022-12-21 17:14:41,092] {dag.py:2371} INFO - Sync 1 DAGs
[2022-12-21 17:14:41,111] {logging_mixin.py:115} INFO - [2022-12-21 17:14:41,111] {dag.py:2919} INFO - Setting next_dagrun for example_branch_labels to 2022-12-20T00:00:00+00:00, run_after=2022-12-21T00:00:00+00:00
[2022-12-21 17:14:41,121] {processor.py:161} INFO - Processing /home/airflow/.local/lib/python3.7/site-packages/airflow/example_dags/example_branch_labels.py took 0.063 seconds
[2022-12-21 17:15:11,764] {processor.py:153} INFO - Started process (PID=24590) to work on /home/airflow/.local/lib/python3.7/site-packages/airflow/example_dags/example_branch_labels.py
[2022-12-21 17:15:11,764] {processor.py:641} INFO - Processing file /home/airflow/.local/lib/python3.7/site-packages/airflow/example_dags/example_branch_labels.py for tasks to queue
[2022-12-21 17:15:11,765] {logging_mixin.py:115} INFO - [2022-12-21 17:15:11,764] {dagbag.py:507} INFO - Filling up the DagBag from /home/airflow/.local/lib/python3.7/site-packages/airflow/example_dags/example_branch_labels.py
[2022-12-21 17:15:11,770] {processor.py:651} INFO - DAG(s) dict_keys(['example_branch_labels']) retrieved from /home/airflow/.local/lib/python3.7/site-packages/airflow/example_dags/example_branch_labels.py
[2022-12-21 17:15:11,793] {logging_mixin.py:115} INFO - [2022-12-21 17:15:11,793] {dag.py:2371} INFO - Sync 1 DAGs
[2022-12-21 17:15:11,812] {logging_mixin.py:115} INFO - [2022-12-21 17:15:11,812] {dag.py:2919} INFO - Setting next_dagrun for example_branch_labels to 2022-12-20T00:00:00+00:00, run_after=2022-12-21T00:00:00+00:00
[2022-12-21 17:15:11,821] {processor.py:161} INFO - Processing /home/airflow/.local/lib/python3.7/site-packages/airflow/example_dags/example_branch_labels.py took 0.059 seconds
[2022-12-21 17:15:42,312] {processor.py:153} INFO - Started process (PID=24656) to work on /home/airflow/.local/lib/python3.7/site-packages/airflow/example_dags/example_branch_labels.py
[2022-12-21 17:15:42,312] {processor.py:641} INFO - Processing file /home/airflow/.local/lib/python3.7/site-packages/airflow/example_dags/example_branch_labels.py for tasks to queue
[2022-12-21 17:15:42,313] {logging_mixin.py:115} INFO - [2022-12-21 17:15:42,313] {dagbag.py:507} INFO - Filling up the DagBag from /home/airflow/.local/lib/python3.7/site-packages/airflow/example_dags/example_branch_labels.py
[2022-12-21 17:15:42,318] {processor.py:651} INFO - DAG(s) dict_keys(['example_branch_labels']) retrieved from /home/airflow/.local/lib/python3.7/site-packages/airflow/example_dags/example_branch_labels.py
[2022-12-21 17:15:42,341] {logging_mixin.py:115} INFO - [2022-12-21 17:15:42,341] {dag.py:2371} INFO - Sync 1 DAGs
[2022-12-21 17:15:42,366] {logging_mixin.py:115} INFO - [2022-12-21 17:15:42,366] {dag.py:2919} INFO - Setting next_dagrun for example_branch_labels to 2022-12-20T00:00:00+00:00, run_after=2022-12-21T00:00:00+00:00
[2022-12-21 17:15:42,376] {processor.py:161} INFO - Processing /home/airflow/.local/lib/python3.7/site-packages/airflow/example_dags/example_branch_labels.py took 0.066 seconds
[2022-12-21 17:16:13,021] {processor.py:153} INFO - Started process (PID=24712) to work on /home/airflow/.local/lib/python3.7/site-packages/airflow/example_dags/example_branch_labels.py
[2022-12-21 17:16:13,022] {processor.py:641} INFO - Processing file /home/airflow/.local/lib/python3.7/site-packages/airflow/example_dags/example_branch_labels.py for tasks to queue
[2022-12-21 17:16:13,022] {logging_mixin.py:115} INFO - [2022-12-21 17:16:13,022] {dagbag.py:507} INFO - Filling up the DagBag from /home/airflow/.local/lib/python3.7/site-packages/airflow/example_dags/example_branch_labels.py
[2022-12-21 17:16:13,031] {processor.py:651} INFO - DAG(s) dict_keys(['example_branch_labels']) retrieved from /home/airflow/.local/lib/python3.7/site-packages/airflow/example_dags/example_branch_labels.py
[2022-12-21 17:16:13,054] {logging_mixin.py:115} INFO - [2022-12-21 17:16:13,054] {dag.py:2371} INFO - Sync 1 DAGs
[2022-12-21 17:16:13,074] {logging_mixin.py:115} INFO - [2022-12-21 17:16:13,074] {dag.py:2919} INFO - Setting next_dagrun for example_branch_labels to 2022-12-20T00:00:00+00:00, run_after=2022-12-21T00:00:00+00:00
[2022-12-21 17:16:13,084] {processor.py:161} INFO - Processing /home/airflow/.local/lib/python3.7/site-packages/airflow/example_dags/example_branch_labels.py took 0.066 seconds
[2022-12-21 17:16:43,731] {processor.py:153} INFO - Started process (PID=24780) to work on /home/airflow/.local/lib/python3.7/site-packages/airflow/example_dags/example_branch_labels.py
[2022-12-21 17:16:43,731] {processor.py:641} INFO - Processing file /home/airflow/.local/lib/python3.7/site-packages/airflow/example_dags/example_branch_labels.py for tasks to queue
[2022-12-21 17:16:43,732] {logging_mixin.py:115} INFO - [2022-12-21 17:16:43,732] {dagbag.py:507} INFO - Filling up the DagBag from /home/airflow/.local/lib/python3.7/site-packages/airflow/example_dags/example_branch_labels.py
[2022-12-21 17:16:43,738] {processor.py:651} INFO - DAG(s) dict_keys(['example_branch_labels']) retrieved from /home/airflow/.local/lib/python3.7/site-packages/airflow/example_dags/example_branch_labels.py
[2022-12-21 17:16:43,760] {logging_mixin.py:115} INFO - [2022-12-21 17:16:43,760] {dag.py:2371} INFO - Sync 1 DAGs
[2022-12-21 17:16:43,781] {logging_mixin.py:115} INFO - [2022-12-21 17:16:43,781] {dag.py:2919} INFO - Setting next_dagrun for example_branch_labels to 2022-12-20T00:00:00+00:00, run_after=2022-12-21T00:00:00+00:00
[2022-12-21 17:16:43,790] {processor.py:161} INFO - Processing /home/airflow/.local/lib/python3.7/site-packages/airflow/example_dags/example_branch_labels.py took 0.062 seconds
[2022-12-21 17:17:14,338] {processor.py:153} INFO - Started process (PID=24845) to work on /home/airflow/.local/lib/python3.7/site-packages/airflow/example_dags/example_branch_labels.py
[2022-12-21 17:17:14,339] {processor.py:641} INFO - Processing file /home/airflow/.local/lib/python3.7/site-packages/airflow/example_dags/example_branch_labels.py for tasks to queue
[2022-12-21 17:17:14,340] {logging_mixin.py:115} INFO - [2022-12-21 17:17:14,340] {dagbag.py:507} INFO - Filling up the DagBag from /home/airflow/.local/lib/python3.7/site-packages/airflow/example_dags/example_branch_labels.py
[2022-12-21 17:17:14,348] {processor.py:651} INFO - DAG(s) dict_keys(['example_branch_labels']) retrieved from /home/airflow/.local/lib/python3.7/site-packages/airflow/example_dags/example_branch_labels.py
[2022-12-21 17:17:14,374] {logging_mixin.py:115} INFO - [2022-12-21 17:17:14,374] {dag.py:2371} INFO - Sync 1 DAGs
[2022-12-21 17:17:14,396] {logging_mixin.py:115} INFO - [2022-12-21 17:17:14,396] {dag.py:2919} INFO - Setting next_dagrun for example_branch_labels to 2022-12-20T00:00:00+00:00, run_after=2022-12-21T00:00:00+00:00
[2022-12-21 17:17:14,406] {processor.py:161} INFO - Processing /home/airflow/.local/lib/python3.7/site-packages/airflow/example_dags/example_branch_labels.py took 0.071 seconds
[2022-12-21 17:17:44,972] {processor.py:153} INFO - Started process (PID=24912) to work on /home/airflow/.local/lib/python3.7/site-packages/airflow/example_dags/example_branch_labels.py
[2022-12-21 17:17:44,973] {processor.py:641} INFO - Processing file /home/airflow/.local/lib/python3.7/site-packages/airflow/example_dags/example_branch_labels.py for tasks to queue
[2022-12-21 17:17:44,973] {logging_mixin.py:115} INFO - [2022-12-21 17:17:44,973] {dagbag.py:507} INFO - Filling up the DagBag from /home/airflow/.local/lib/python3.7/site-packages/airflow/example_dags/example_branch_labels.py
[2022-12-21 17:17:44,978] {processor.py:651} INFO - DAG(s) dict_keys(['example_branch_labels']) retrieved from /home/airflow/.local/lib/python3.7/site-packages/airflow/example_dags/example_branch_labels.py
[2022-12-21 17:17:44,997] {logging_mixin.py:115} INFO - [2022-12-21 17:17:44,997] {dag.py:2371} INFO - Sync 1 DAGs
[2022-12-21 17:17:45,017] {logging_mixin.py:115} INFO - [2022-12-21 17:17:45,017] {dag.py:2919} INFO - Setting next_dagrun for example_branch_labels to 2022-12-20T00:00:00+00:00, run_after=2022-12-21T00:00:00+00:00
[2022-12-21 17:17:45,028] {processor.py:161} INFO - Processing /home/airflow/.local/lib/python3.7/site-packages/airflow/example_dags/example_branch_labels.py took 0.059 seconds
[2022-12-21 17:18:15,689] {processor.py:153} INFO - Started process (PID=24970) to work on /home/airflow/.local/lib/python3.7/site-packages/airflow/example_dags/example_branch_labels.py
[2022-12-21 17:18:15,690] {processor.py:641} INFO - Processing file /home/airflow/.local/lib/python3.7/site-packages/airflow/example_dags/example_branch_labels.py for tasks to queue
[2022-12-21 17:18:15,690] {logging_mixin.py:115} INFO - [2022-12-21 17:18:15,690] {dagbag.py:507} INFO - Filling up the DagBag from /home/airflow/.local/lib/python3.7/site-packages/airflow/example_dags/example_branch_labels.py
[2022-12-21 17:18:15,695] {processor.py:651} INFO - DAG(s) dict_keys(['example_branch_labels']) retrieved from /home/airflow/.local/lib/python3.7/site-packages/airflow/example_dags/example_branch_labels.py
[2022-12-21 17:18:15,717] {logging_mixin.py:115} INFO - [2022-12-21 17:18:15,717] {dag.py:2371} INFO - Sync 1 DAGs
[2022-12-21 17:18:15,737] {logging_mixin.py:115} INFO - [2022-12-21 17:18:15,737] {dag.py:2919} INFO - Setting next_dagrun for example_branch_labels to 2022-12-20T00:00:00+00:00, run_after=2022-12-21T00:00:00+00:00
[2022-12-21 17:18:15,747] {processor.py:161} INFO - Processing /home/airflow/.local/lib/python3.7/site-packages/airflow/example_dags/example_branch_labels.py took 0.059 seconds
[2022-12-21 17:18:46,422] {processor.py:153} INFO - Started process (PID=25037) to work on /home/airflow/.local/lib/python3.7/site-packages/airflow/example_dags/example_branch_labels.py
[2022-12-21 17:18:46,422] {processor.py:641} INFO - Processing file /home/airflow/.local/lib/python3.7/site-packages/airflow/example_dags/example_branch_labels.py for tasks to queue
[2022-12-21 17:18:46,423] {logging_mixin.py:115} INFO - [2022-12-21 17:18:46,422] {dagbag.py:507} INFO - Filling up the DagBag from /home/airflow/.local/lib/python3.7/site-packages/airflow/example_dags/example_branch_labels.py
[2022-12-21 17:18:46,427] {processor.py:651} INFO - DAG(s) dict_keys(['example_branch_labels']) retrieved from /home/airflow/.local/lib/python3.7/site-packages/airflow/example_dags/example_branch_labels.py
[2022-12-21 17:18:46,449] {logging_mixin.py:115} INFO - [2022-12-21 17:18:46,449] {dag.py:2371} INFO - Sync 1 DAGs
[2022-12-21 17:18:46,469] {logging_mixin.py:115} INFO - [2022-12-21 17:18:46,469] {dag.py:2919} INFO - Setting next_dagrun for example_branch_labels to 2022-12-20T00:00:00+00:00, run_after=2022-12-21T00:00:00+00:00
[2022-12-21 17:18:46,480] {processor.py:161} INFO - Processing /home/airflow/.local/lib/python3.7/site-packages/airflow/example_dags/example_branch_labels.py took 0.060 seconds
[2022-12-21 17:19:17,104] {processor.py:153} INFO - Started process (PID=25104) to work on /home/airflow/.local/lib/python3.7/site-packages/airflow/example_dags/example_branch_labels.py
[2022-12-21 17:19:17,105] {processor.py:641} INFO - Processing file /home/airflow/.local/lib/python3.7/site-packages/airflow/example_dags/example_branch_labels.py for tasks to queue
[2022-12-21 17:19:17,105] {logging_mixin.py:115} INFO - [2022-12-21 17:19:17,105] {dagbag.py:507} INFO - Filling up the DagBag from /home/airflow/.local/lib/python3.7/site-packages/airflow/example_dags/example_branch_labels.py
[2022-12-21 17:19:17,110] {processor.py:651} INFO - DAG(s) dict_keys(['example_branch_labels']) retrieved from /home/airflow/.local/lib/python3.7/site-packages/airflow/example_dags/example_branch_labels.py
[2022-12-21 17:19:17,132] {logging_mixin.py:115} INFO - [2022-12-21 17:19:17,132] {dag.py:2371} INFO - Sync 1 DAGs
[2022-12-21 17:19:17,152] {logging_mixin.py:115} INFO - [2022-12-21 17:19:17,151] {dag.py:2919} INFO - Setting next_dagrun for example_branch_labels to 2022-12-20T00:00:00+00:00, run_after=2022-12-21T00:00:00+00:00
[2022-12-21 17:19:17,161] {processor.py:161} INFO - Processing /home/airflow/.local/lib/python3.7/site-packages/airflow/example_dags/example_branch_labels.py took 0.060 seconds
[2022-12-21 17:19:47,784] {processor.py:153} INFO - Started process (PID=25170) to work on /home/airflow/.local/lib/python3.7/site-packages/airflow/example_dags/example_branch_labels.py
[2022-12-21 17:19:47,785] {processor.py:641} INFO - Processing file /home/airflow/.local/lib/python3.7/site-packages/airflow/example_dags/example_branch_labels.py for tasks to queue
[2022-12-21 17:19:47,785] {logging_mixin.py:115} INFO - [2022-12-21 17:19:47,785] {dagbag.py:507} INFO - Filling up the DagBag from /home/airflow/.local/lib/python3.7/site-packages/airflow/example_dags/example_branch_labels.py
[2022-12-21 17:19:47,793] {processor.py:651} INFO - DAG(s) dict_keys(['example_branch_labels']) retrieved from /home/airflow/.local/lib/python3.7/site-packages/airflow/example_dags/example_branch_labels.py
[2022-12-21 17:19:47,812] {logging_mixin.py:115} INFO - [2022-12-21 17:19:47,812] {dag.py:2371} INFO - Sync 1 DAGs
[2022-12-21 17:19:47,828] {logging_mixin.py:115} INFO - [2022-12-21 17:19:47,828] {dag.py:2919} INFO - Setting next_dagrun for example_branch_labels to 2022-12-20T00:00:00+00:00, run_after=2022-12-21T00:00:00+00:00
[2022-12-21 17:19:47,837] {processor.py:161} INFO - Processing /home/airflow/.local/lib/python3.7/site-packages/airflow/example_dags/example_branch_labels.py took 0.055 seconds
[2022-12-21 17:20:18,454] {processor.py:153} INFO - Started process (PID=25231) to work on /home/airflow/.local/lib/python3.7/site-packages/airflow/example_dags/example_branch_labels.py
[2022-12-21 17:20:18,454] {processor.py:641} INFO - Processing file /home/airflow/.local/lib/python3.7/site-packages/airflow/example_dags/example_branch_labels.py for tasks to queue
[2022-12-21 17:20:18,455] {logging_mixin.py:115} INFO - [2022-12-21 17:20:18,455] {dagbag.py:507} INFO - Filling up the DagBag from /home/airflow/.local/lib/python3.7/site-packages/airflow/example_dags/example_branch_labels.py
[2022-12-21 17:20:18,460] {processor.py:651} INFO - DAG(s) dict_keys(['example_branch_labels']) retrieved from /home/airflow/.local/lib/python3.7/site-packages/airflow/example_dags/example_branch_labels.py
[2022-12-21 17:20:18,481] {logging_mixin.py:115} INFO - [2022-12-21 17:20:18,481] {dag.py:2371} INFO - Sync 1 DAGs
[2022-12-21 17:20:18,501] {logging_mixin.py:115} INFO - [2022-12-21 17:20:18,500] {dag.py:2919} INFO - Setting next_dagrun for example_branch_labels to 2022-12-20T00:00:00+00:00, run_after=2022-12-21T00:00:00+00:00
[2022-12-21 17:20:18,511] {processor.py:161} INFO - Processing /home/airflow/.local/lib/python3.7/site-packages/airflow/example_dags/example_branch_labels.py took 0.060 seconds
[2022-12-21 17:20:49,179] {processor.py:153} INFO - Started process (PID=25298) to work on /home/airflow/.local/lib/python3.7/site-packages/airflow/example_dags/example_branch_labels.py
[2022-12-21 17:20:49,180] {processor.py:641} INFO - Processing file /home/airflow/.local/lib/python3.7/site-packages/airflow/example_dags/example_branch_labels.py for tasks to queue
[2022-12-21 17:20:49,180] {logging_mixin.py:115} INFO - [2022-12-21 17:20:49,180] {dagbag.py:507} INFO - Filling up the DagBag from /home/airflow/.local/lib/python3.7/site-packages/airflow/example_dags/example_branch_labels.py
[2022-12-21 17:20:49,186] {processor.py:651} INFO - DAG(s) dict_keys(['example_branch_labels']) retrieved from /home/airflow/.local/lib/python3.7/site-packages/airflow/example_dags/example_branch_labels.py
[2022-12-21 17:20:49,207] {logging_mixin.py:115} INFO - [2022-12-21 17:20:49,207] {dag.py:2371} INFO - Sync 1 DAGs
[2022-12-21 17:20:49,229] {logging_mixin.py:115} INFO - [2022-12-21 17:20:49,229] {dag.py:2919} INFO - Setting next_dagrun for example_branch_labels to 2022-12-20T00:00:00+00:00, run_after=2022-12-21T00:00:00+00:00
[2022-12-21 17:20:49,240] {processor.py:161} INFO - Processing /home/airflow/.local/lib/python3.7/site-packages/airflow/example_dags/example_branch_labels.py took 0.063 seconds
[2022-12-21 17:21:19,859] {processor.py:153} INFO - Started process (PID=25364) to work on /home/airflow/.local/lib/python3.7/site-packages/airflow/example_dags/example_branch_labels.py
[2022-12-21 17:21:19,859] {processor.py:641} INFO - Processing file /home/airflow/.local/lib/python3.7/site-packages/airflow/example_dags/example_branch_labels.py for tasks to queue
[2022-12-21 17:21:19,860] {logging_mixin.py:115} INFO - [2022-12-21 17:21:19,860] {dagbag.py:507} INFO - Filling up the DagBag from /home/airflow/.local/lib/python3.7/site-packages/airflow/example_dags/example_branch_labels.py
[2022-12-21 17:21:19,865] {processor.py:651} INFO - DAG(s) dict_keys(['example_branch_labels']) retrieved from /home/airflow/.local/lib/python3.7/site-packages/airflow/example_dags/example_branch_labels.py
[2022-12-21 17:21:19,887] {logging_mixin.py:115} INFO - [2022-12-21 17:21:19,887] {dag.py:2371} INFO - Sync 1 DAGs
[2022-12-21 17:21:19,905] {logging_mixin.py:115} INFO - [2022-12-21 17:21:19,905] {dag.py:2919} INFO - Setting next_dagrun for example_branch_labels to 2022-12-20T00:00:00+00:00, run_after=2022-12-21T00:00:00+00:00
[2022-12-21 17:21:19,915] {processor.py:161} INFO - Processing /home/airflow/.local/lib/python3.7/site-packages/airflow/example_dags/example_branch_labels.py took 0.058 seconds
[2022-12-21 17:21:50,400] {processor.py:153} INFO - Started process (PID=25421) to work on /home/airflow/.local/lib/python3.7/site-packages/airflow/example_dags/example_branch_labels.py
[2022-12-21 17:21:50,400] {processor.py:641} INFO - Processing file /home/airflow/.local/lib/python3.7/site-packages/airflow/example_dags/example_branch_labels.py for tasks to queue
[2022-12-21 17:21:50,401] {logging_mixin.py:115} INFO - [2022-12-21 17:21:50,400] {dagbag.py:507} INFO - Filling up the DagBag from /home/airflow/.local/lib/python3.7/site-packages/airflow/example_dags/example_branch_labels.py
[2022-12-21 17:21:50,407] {processor.py:651} INFO - DAG(s) dict_keys(['example_branch_labels']) retrieved from /home/airflow/.local/lib/python3.7/site-packages/airflow/example_dags/example_branch_labels.py
[2022-12-21 17:21:50,428] {logging_mixin.py:115} INFO - [2022-12-21 17:21:50,428] {dag.py:2371} INFO - Sync 1 DAGs
[2022-12-21 17:21:50,447] {logging_mixin.py:115} INFO - [2022-12-21 17:21:50,447] {dag.py:2919} INFO - Setting next_dagrun for example_branch_labels to 2022-12-20T00:00:00+00:00, run_after=2022-12-21T00:00:00+00:00
[2022-12-21 17:21:50,459] {processor.py:161} INFO - Processing /home/airflow/.local/lib/python3.7/site-packages/airflow/example_dags/example_branch_labels.py took 0.062 seconds
[2022-12-21 17:22:20,843] {processor.py:153} INFO - Started process (PID=25488) to work on /home/airflow/.local/lib/python3.7/site-packages/airflow/example_dags/example_branch_labels.py
[2022-12-21 17:22:20,844] {processor.py:641} INFO - Processing file /home/airflow/.local/lib/python3.7/site-packages/airflow/example_dags/example_branch_labels.py for tasks to queue
[2022-12-21 17:22:20,844] {logging_mixin.py:115} INFO - [2022-12-21 17:22:20,844] {dagbag.py:507} INFO - Filling up the DagBag from /home/airflow/.local/lib/python3.7/site-packages/airflow/example_dags/example_branch_labels.py
[2022-12-21 17:22:20,850] {processor.py:651} INFO - DAG(s) dict_keys(['example_branch_labels']) retrieved from /home/airflow/.local/lib/python3.7/site-packages/airflow/example_dags/example_branch_labels.py
[2022-12-21 17:22:20,875] {logging_mixin.py:115} INFO - [2022-12-21 17:22:20,875] {dag.py:2371} INFO - Sync 1 DAGs
[2022-12-21 17:22:20,897] {logging_mixin.py:115} INFO - [2022-12-21 17:22:20,897] {dag.py:2919} INFO - Setting next_dagrun for example_branch_labels to 2022-12-20T00:00:00+00:00, run_after=2022-12-21T00:00:00+00:00
[2022-12-21 17:22:20,909] {processor.py:161} INFO - Processing /home/airflow/.local/lib/python3.7/site-packages/airflow/example_dags/example_branch_labels.py took 0.068 seconds
[2022-12-21 17:22:51,655] {processor.py:153} INFO - Started process (PID=25555) to work on /home/airflow/.local/lib/python3.7/site-packages/airflow/example_dags/example_branch_labels.py
[2022-12-21 17:22:51,655] {processor.py:641} INFO - Processing file /home/airflow/.local/lib/python3.7/site-packages/airflow/example_dags/example_branch_labels.py for tasks to queue
[2022-12-21 17:22:51,656] {logging_mixin.py:115} INFO - [2022-12-21 17:22:51,656] {dagbag.py:507} INFO - Filling up the DagBag from /home/airflow/.local/lib/python3.7/site-packages/airflow/example_dags/example_branch_labels.py
[2022-12-21 17:22:51,662] {processor.py:651} INFO - DAG(s) dict_keys(['example_branch_labels']) retrieved from /home/airflow/.local/lib/python3.7/site-packages/airflow/example_dags/example_branch_labels.py
[2022-12-21 17:22:51,688] {logging_mixin.py:115} INFO - [2022-12-21 17:22:51,688] {dag.py:2371} INFO - Sync 1 DAGs
[2022-12-21 17:22:51,708] {logging_mixin.py:115} INFO - [2022-12-21 17:22:51,708] {dag.py:2919} INFO - Setting next_dagrun for example_branch_labels to 2022-12-20T00:00:00+00:00, run_after=2022-12-21T00:00:00+00:00
[2022-12-21 17:22:51,718] {processor.py:161} INFO - Processing /home/airflow/.local/lib/python3.7/site-packages/airflow/example_dags/example_branch_labels.py took 0.066 seconds
[2022-12-21 17:23:22,015] {processor.py:153} INFO - Started process (PID=25622) to work on /home/airflow/.local/lib/python3.7/site-packages/airflow/example_dags/example_branch_labels.py
[2022-12-21 17:23:22,016] {processor.py:641} INFO - Processing file /home/airflow/.local/lib/python3.7/site-packages/airflow/example_dags/example_branch_labels.py for tasks to queue
[2022-12-21 17:23:22,016] {logging_mixin.py:115} INFO - [2022-12-21 17:23:22,016] {dagbag.py:507} INFO - Filling up the DagBag from /home/airflow/.local/lib/python3.7/site-packages/airflow/example_dags/example_branch_labels.py
[2022-12-21 17:23:22,024] {processor.py:651} INFO - DAG(s) dict_keys(['example_branch_labels']) retrieved from /home/airflow/.local/lib/python3.7/site-packages/airflow/example_dags/example_branch_labels.py
[2022-12-21 17:23:22,047] {logging_mixin.py:115} INFO - [2022-12-21 17:23:22,047] {dag.py:2371} INFO - Sync 1 DAGs
[2022-12-21 17:23:22,068] {logging_mixin.py:115} INFO - [2022-12-21 17:23:22,068] {dag.py:2919} INFO - Setting next_dagrun for example_branch_labels to 2022-12-20T00:00:00+00:00, run_after=2022-12-21T00:00:00+00:00
[2022-12-21 17:23:22,080] {processor.py:161} INFO - Processing /home/airflow/.local/lib/python3.7/site-packages/airflow/example_dags/example_branch_labels.py took 0.067 seconds
[2022-12-21 17:23:52,561] {processor.py:153} INFO - Started process (PID=25679) to work on /home/airflow/.local/lib/python3.7/site-packages/airflow/example_dags/example_branch_labels.py
[2022-12-21 17:23:52,562] {processor.py:641} INFO - Processing file /home/airflow/.local/lib/python3.7/site-packages/airflow/example_dags/example_branch_labels.py for tasks to queue
[2022-12-21 17:23:52,563] {logging_mixin.py:115} INFO - [2022-12-21 17:23:52,563] {dagbag.py:507} INFO - Filling up the DagBag from /home/airflow/.local/lib/python3.7/site-packages/airflow/example_dags/example_branch_labels.py
[2022-12-21 17:23:52,568] {processor.py:651} INFO - DAG(s) dict_keys(['example_branch_labels']) retrieved from /home/airflow/.local/lib/python3.7/site-packages/airflow/example_dags/example_branch_labels.py
[2022-12-21 17:23:52,587] {logging_mixin.py:115} INFO - [2022-12-21 17:23:52,587] {dag.py:2371} INFO - Sync 1 DAGs
[2022-12-21 17:23:52,603] {logging_mixin.py:115} INFO - [2022-12-21 17:23:52,603] {dag.py:2919} INFO - Setting next_dagrun for example_branch_labels to 2022-12-20T00:00:00+00:00, run_after=2022-12-21T00:00:00+00:00
[2022-12-21 17:23:52,612] {processor.py:161} INFO - Processing /home/airflow/.local/lib/python3.7/site-packages/airflow/example_dags/example_branch_labels.py took 0.054 seconds
