[2022-12-21 16:54:58,516] {processor.py:153} INFO - Started process (PID=22069) to work on /home/airflow/.local/lib/python3.7/site-packages/airflow/example_dags/example_trigger_controller_dag.py
[2022-12-21 16:54:58,516] {processor.py:641} INFO - Processing file /home/airflow/.local/lib/python3.7/site-packages/airflow/example_dags/example_trigger_controller_dag.py for tasks to queue
[2022-12-21 16:54:58,516] {logging_mixin.py:115} INFO - [2022-12-21 16:54:58,516] {dagbag.py:507} INFO - Filling up the DagBag from /home/airflow/.local/lib/python3.7/site-packages/airflow/example_dags/example_trigger_controller_dag.py
[2022-12-21 16:54:58,519] {processor.py:651} INFO - DAG(s) dict_keys(['example_trigger_controller_dag']) retrieved from /home/airflow/.local/lib/python3.7/site-packages/airflow/example_dags/example_trigger_controller_dag.py
[2022-12-21 16:54:58,539] {logging_mixin.py:115} INFO - [2022-12-21 16:54:58,539] {dag.py:2371} INFO - Sync 1 DAGs
[2022-12-21 16:54:58,556] {logging_mixin.py:115} INFO - [2022-12-21 16:54:58,556] {dag.py:2919} INFO - Setting next_dagrun for example_trigger_controller_dag to 2021-01-01T00:00:00+00:00, run_after=2021-01-01T00:00:00+00:00
[2022-12-21 16:54:58,566] {processor.py:161} INFO - Processing /home/airflow/.local/lib/python3.7/site-packages/airflow/example_dags/example_trigger_controller_dag.py took 0.053 seconds
[2022-12-21 16:55:29,114] {processor.py:153} INFO - Started process (PID=22135) to work on /home/airflow/.local/lib/python3.7/site-packages/airflow/example_dags/example_trigger_controller_dag.py
[2022-12-21 16:55:29,115] {processor.py:641} INFO - Processing file /home/airflow/.local/lib/python3.7/site-packages/airflow/example_dags/example_trigger_controller_dag.py for tasks to queue
[2022-12-21 16:55:29,115] {logging_mixin.py:115} INFO - [2022-12-21 16:55:29,115] {dagbag.py:507} INFO - Filling up the DagBag from /home/airflow/.local/lib/python3.7/site-packages/airflow/example_dags/example_trigger_controller_dag.py
[2022-12-21 16:55:29,117] {processor.py:651} INFO - DAG(s) dict_keys(['example_trigger_controller_dag']) retrieved from /home/airflow/.local/lib/python3.7/site-packages/airflow/example_dags/example_trigger_controller_dag.py
[2022-12-21 16:55:29,137] {logging_mixin.py:115} INFO - [2022-12-21 16:55:29,137] {dag.py:2371} INFO - Sync 1 DAGs
[2022-12-21 16:55:29,153] {logging_mixin.py:115} INFO - [2022-12-21 16:55:29,153] {dag.py:2919} INFO - Setting next_dagrun for example_trigger_controller_dag to 2021-01-01T00:00:00+00:00, run_after=2021-01-01T00:00:00+00:00
[2022-12-21 16:55:29,163] {processor.py:161} INFO - Processing /home/airflow/.local/lib/python3.7/site-packages/airflow/example_dags/example_trigger_controller_dag.py took 0.052 seconds
[2022-12-21 16:55:59,607] {processor.py:153} INFO - Started process (PID=22201) to work on /home/airflow/.local/lib/python3.7/site-packages/airflow/example_dags/example_trigger_controller_dag.py
[2022-12-21 16:55:59,607] {processor.py:641} INFO - Processing file /home/airflow/.local/lib/python3.7/site-packages/airflow/example_dags/example_trigger_controller_dag.py for tasks to queue
[2022-12-21 16:55:59,608] {logging_mixin.py:115} INFO - [2022-12-21 16:55:59,607] {dagbag.py:507} INFO - Filling up the DagBag from /home/airflow/.local/lib/python3.7/site-packages/airflow/example_dags/example_trigger_controller_dag.py
[2022-12-21 16:55:59,610] {processor.py:651} INFO - DAG(s) dict_keys(['example_trigger_controller_dag']) retrieved from /home/airflow/.local/lib/python3.7/site-packages/airflow/example_dags/example_trigger_controller_dag.py
[2022-12-21 16:55:59,629] {logging_mixin.py:115} INFO - [2022-12-21 16:55:59,629] {dag.py:2371} INFO - Sync 1 DAGs
[2022-12-21 16:55:59,645] {logging_mixin.py:115} INFO - [2022-12-21 16:55:59,645] {dag.py:2919} INFO - Setting next_dagrun for example_trigger_controller_dag to 2021-01-01T00:00:00+00:00, run_after=2021-01-01T00:00:00+00:00
[2022-12-21 16:55:59,654] {processor.py:161} INFO - Processing /home/airflow/.local/lib/python3.7/site-packages/airflow/example_dags/example_trigger_controller_dag.py took 0.050 seconds
[2022-12-21 16:56:29,923] {processor.py:153} INFO - Started process (PID=22258) to work on /home/airflow/.local/lib/python3.7/site-packages/airflow/example_dags/example_trigger_controller_dag.py
[2022-12-21 16:56:29,923] {processor.py:641} INFO - Processing file /home/airflow/.local/lib/python3.7/site-packages/airflow/example_dags/example_trigger_controller_dag.py for tasks to queue
[2022-12-21 16:56:29,923] {logging_mixin.py:115} INFO - [2022-12-21 16:56:29,923] {dagbag.py:507} INFO - Filling up the DagBag from /home/airflow/.local/lib/python3.7/site-packages/airflow/example_dags/example_trigger_controller_dag.py
[2022-12-21 16:56:29,925] {processor.py:651} INFO - DAG(s) dict_keys(['example_trigger_controller_dag']) retrieved from /home/airflow/.local/lib/python3.7/site-packages/airflow/example_dags/example_trigger_controller_dag.py
[2022-12-21 16:56:29,942] {logging_mixin.py:115} INFO - [2022-12-21 16:56:29,942] {dag.py:2371} INFO - Sync 1 DAGs
[2022-12-21 16:56:29,957] {logging_mixin.py:115} INFO - [2022-12-21 16:56:29,957] {dag.py:2919} INFO - Setting next_dagrun for example_trigger_controller_dag to 2021-01-01T00:00:00+00:00, run_after=2021-01-01T00:00:00+00:00
[2022-12-21 16:56:29,966] {processor.py:161} INFO - Processing /home/airflow/.local/lib/python3.7/site-packages/airflow/example_dags/example_trigger_controller_dag.py took 0.046 seconds
[2022-12-21 16:57:00,460] {processor.py:153} INFO - Started process (PID=22325) to work on /home/airflow/.local/lib/python3.7/site-packages/airflow/example_dags/example_trigger_controller_dag.py
[2022-12-21 16:57:00,461] {processor.py:641} INFO - Processing file /home/airflow/.local/lib/python3.7/site-packages/airflow/example_dags/example_trigger_controller_dag.py for tasks to queue
[2022-12-21 16:57:00,461] {logging_mixin.py:115} INFO - [2022-12-21 16:57:00,461] {dagbag.py:507} INFO - Filling up the DagBag from /home/airflow/.local/lib/python3.7/site-packages/airflow/example_dags/example_trigger_controller_dag.py
[2022-12-21 16:57:00,463] {processor.py:651} INFO - DAG(s) dict_keys(['example_trigger_controller_dag']) retrieved from /home/airflow/.local/lib/python3.7/site-packages/airflow/example_dags/example_trigger_controller_dag.py
[2022-12-21 16:57:00,483] {logging_mixin.py:115} INFO - [2022-12-21 16:57:00,483] {dag.py:2371} INFO - Sync 1 DAGs
[2022-12-21 16:57:00,498] {logging_mixin.py:115} INFO - [2022-12-21 16:57:00,498] {dag.py:2919} INFO - Setting next_dagrun for example_trigger_controller_dag to 2021-01-01T00:00:00+00:00, run_after=2021-01-01T00:00:00+00:00
[2022-12-21 16:57:00,507] {processor.py:161} INFO - Processing /home/airflow/.local/lib/python3.7/site-packages/airflow/example_dags/example_trigger_controller_dag.py took 0.049 seconds
[2022-12-21 16:57:30,818] {processor.py:153} INFO - Started process (PID=22392) to work on /home/airflow/.local/lib/python3.7/site-packages/airflow/example_dags/example_trigger_controller_dag.py
[2022-12-21 16:57:30,819] {processor.py:641} INFO - Processing file /home/airflow/.local/lib/python3.7/site-packages/airflow/example_dags/example_trigger_controller_dag.py for tasks to queue
[2022-12-21 16:57:30,820] {logging_mixin.py:115} INFO - [2022-12-21 16:57:30,819] {dagbag.py:507} INFO - Filling up the DagBag from /home/airflow/.local/lib/python3.7/site-packages/airflow/example_dags/example_trigger_controller_dag.py
[2022-12-21 16:57:30,822] {processor.py:651} INFO - DAG(s) dict_keys(['example_trigger_controller_dag']) retrieved from /home/airflow/.local/lib/python3.7/site-packages/airflow/example_dags/example_trigger_controller_dag.py
[2022-12-21 16:57:30,840] {logging_mixin.py:115} INFO - [2022-12-21 16:57:30,840] {dag.py:2371} INFO - Sync 1 DAGs
[2022-12-21 16:57:30,856] {logging_mixin.py:115} INFO - [2022-12-21 16:57:30,856] {dag.py:2919} INFO - Setting next_dagrun for example_trigger_controller_dag to 2021-01-01T00:00:00+00:00, run_after=2021-01-01T00:00:00+00:00
[2022-12-21 16:57:30,866] {processor.py:161} INFO - Processing /home/airflow/.local/lib/python3.7/site-packages/airflow/example_dags/example_trigger_controller_dag.py took 0.051 seconds
[2022-12-21 16:58:01,185] {processor.py:153} INFO - Started process (PID=22458) to work on /home/airflow/.local/lib/python3.7/site-packages/airflow/example_dags/example_trigger_controller_dag.py
[2022-12-21 16:58:01,186] {processor.py:641} INFO - Processing file /home/airflow/.local/lib/python3.7/site-packages/airflow/example_dags/example_trigger_controller_dag.py for tasks to queue
[2022-12-21 16:58:01,186] {logging_mixin.py:115} INFO - [2022-12-21 16:58:01,186] {dagbag.py:507} INFO - Filling up the DagBag from /home/airflow/.local/lib/python3.7/site-packages/airflow/example_dags/example_trigger_controller_dag.py
[2022-12-21 16:58:01,188] {processor.py:651} INFO - DAG(s) dict_keys(['example_trigger_controller_dag']) retrieved from /home/airflow/.local/lib/python3.7/site-packages/airflow/example_dags/example_trigger_controller_dag.py
[2022-12-21 16:58:01,206] {logging_mixin.py:115} INFO - [2022-12-21 16:58:01,206] {dag.py:2371} INFO - Sync 1 DAGs
[2022-12-21 16:58:01,219] {logging_mixin.py:115} INFO - [2022-12-21 16:58:01,219] {dag.py:2919} INFO - Setting next_dagrun for example_trigger_controller_dag to 2021-01-01T00:00:00+00:00, run_after=2021-01-01T00:00:00+00:00
[2022-12-21 16:58:01,227] {processor.py:161} INFO - Processing /home/airflow/.local/lib/python3.7/site-packages/airflow/example_dags/example_trigger_controller_dag.py took 0.044 seconds
[2022-12-21 16:58:31,678] {processor.py:153} INFO - Started process (PID=22515) to work on /home/airflow/.local/lib/python3.7/site-packages/airflow/example_dags/example_trigger_controller_dag.py
[2022-12-21 16:58:31,678] {processor.py:641} INFO - Processing file /home/airflow/.local/lib/python3.7/site-packages/airflow/example_dags/example_trigger_controller_dag.py for tasks to queue
[2022-12-21 16:58:31,679] {logging_mixin.py:115} INFO - [2022-12-21 16:58:31,679] {dagbag.py:507} INFO - Filling up the DagBag from /home/airflow/.local/lib/python3.7/site-packages/airflow/example_dags/example_trigger_controller_dag.py
[2022-12-21 16:58:31,681] {processor.py:651} INFO - DAG(s) dict_keys(['example_trigger_controller_dag']) retrieved from /home/airflow/.local/lib/python3.7/site-packages/airflow/example_dags/example_trigger_controller_dag.py
[2022-12-21 16:58:31,702] {logging_mixin.py:115} INFO - [2022-12-21 16:58:31,702] {dag.py:2371} INFO - Sync 1 DAGs
[2022-12-21 16:58:31,718] {logging_mixin.py:115} INFO - [2022-12-21 16:58:31,717] {dag.py:2919} INFO - Setting next_dagrun for example_trigger_controller_dag to 2021-01-01T00:00:00+00:00, run_after=2021-01-01T00:00:00+00:00
[2022-12-21 16:58:31,727] {processor.py:161} INFO - Processing /home/airflow/.local/lib/python3.7/site-packages/airflow/example_dags/example_trigger_controller_dag.py took 0.052 seconds
[2022-12-21 16:59:02,229] {processor.py:153} INFO - Started process (PID=22581) to work on /home/airflow/.local/lib/python3.7/site-packages/airflow/example_dags/example_trigger_controller_dag.py
[2022-12-21 16:59:02,229] {processor.py:641} INFO - Processing file /home/airflow/.local/lib/python3.7/site-packages/airflow/example_dags/example_trigger_controller_dag.py for tasks to queue
[2022-12-21 16:59:02,230] {logging_mixin.py:115} INFO - [2022-12-21 16:59:02,230] {dagbag.py:507} INFO - Filling up the DagBag from /home/airflow/.local/lib/python3.7/site-packages/airflow/example_dags/example_trigger_controller_dag.py
[2022-12-21 16:59:02,232] {processor.py:651} INFO - DAG(s) dict_keys(['example_trigger_controller_dag']) retrieved from /home/airflow/.local/lib/python3.7/site-packages/airflow/example_dags/example_trigger_controller_dag.py
[2022-12-21 16:59:02,252] {logging_mixin.py:115} INFO - [2022-12-21 16:59:02,252] {dag.py:2371} INFO - Sync 1 DAGs
[2022-12-21 16:59:02,267] {logging_mixin.py:115} INFO - [2022-12-21 16:59:02,267] {dag.py:2919} INFO - Setting next_dagrun for example_trigger_controller_dag to 2021-01-01T00:00:00+00:00, run_after=2021-01-01T00:00:00+00:00
[2022-12-21 16:59:02,276] {processor.py:161} INFO - Processing /home/airflow/.local/lib/python3.7/site-packages/airflow/example_dags/example_trigger_controller_dag.py took 0.049 seconds
[2022-12-21 16:59:32,708] {processor.py:153} INFO - Started process (PID=22649) to work on /home/airflow/.local/lib/python3.7/site-packages/airflow/example_dags/example_trigger_controller_dag.py
[2022-12-21 16:59:32,708] {processor.py:641} INFO - Processing file /home/airflow/.local/lib/python3.7/site-packages/airflow/example_dags/example_trigger_controller_dag.py for tasks to queue
[2022-12-21 16:59:32,709] {logging_mixin.py:115} INFO - [2022-12-21 16:59:32,709] {dagbag.py:507} INFO - Filling up the DagBag from /home/airflow/.local/lib/python3.7/site-packages/airflow/example_dags/example_trigger_controller_dag.py
[2022-12-21 16:59:32,711] {processor.py:651} INFO - DAG(s) dict_keys(['example_trigger_controller_dag']) retrieved from /home/airflow/.local/lib/python3.7/site-packages/airflow/example_dags/example_trigger_controller_dag.py
[2022-12-21 16:59:32,731] {logging_mixin.py:115} INFO - [2022-12-21 16:59:32,730] {dag.py:2371} INFO - Sync 1 DAGs
[2022-12-21 16:59:32,745] {logging_mixin.py:115} INFO - [2022-12-21 16:59:32,745] {dag.py:2919} INFO - Setting next_dagrun for example_trigger_controller_dag to 2021-01-01T00:00:00+00:00, run_after=2021-01-01T00:00:00+00:00
[2022-12-21 16:59:32,754] {processor.py:161} INFO - Processing /home/airflow/.local/lib/python3.7/site-packages/airflow/example_dags/example_trigger_controller_dag.py took 0.048 seconds
[2022-12-21 17:00:03,297] {processor.py:153} INFO - Started process (PID=22715) to work on /home/airflow/.local/lib/python3.7/site-packages/airflow/example_dags/example_trigger_controller_dag.py
[2022-12-21 17:00:03,298] {processor.py:641} INFO - Processing file /home/airflow/.local/lib/python3.7/site-packages/airflow/example_dags/example_trigger_controller_dag.py for tasks to queue
[2022-12-21 17:00:03,298] {logging_mixin.py:115} INFO - [2022-12-21 17:00:03,298] {dagbag.py:507} INFO - Filling up the DagBag from /home/airflow/.local/lib/python3.7/site-packages/airflow/example_dags/example_trigger_controller_dag.py
[2022-12-21 17:00:03,301] {processor.py:651} INFO - DAG(s) dict_keys(['example_trigger_controller_dag']) retrieved from /home/airflow/.local/lib/python3.7/site-packages/airflow/example_dags/example_trigger_controller_dag.py
[2022-12-21 17:00:03,322] {logging_mixin.py:115} INFO - [2022-12-21 17:00:03,322] {dag.py:2371} INFO - Sync 1 DAGs
[2022-12-21 17:00:03,340] {logging_mixin.py:115} INFO - [2022-12-21 17:00:03,340] {dag.py:2919} INFO - Setting next_dagrun for example_trigger_controller_dag to 2021-01-01T00:00:00+00:00, run_after=2021-01-01T00:00:00+00:00
[2022-12-21 17:00:03,351] {processor.py:161} INFO - Processing /home/airflow/.local/lib/python3.7/site-packages/airflow/example_dags/example_trigger_controller_dag.py took 0.057 seconds
[2022-12-21 17:00:33,841] {processor.py:153} INFO - Started process (PID=22772) to work on /home/airflow/.local/lib/python3.7/site-packages/airflow/example_dags/example_trigger_controller_dag.py
[2022-12-21 17:00:33,841] {processor.py:641} INFO - Processing file /home/airflow/.local/lib/python3.7/site-packages/airflow/example_dags/example_trigger_controller_dag.py for tasks to queue
[2022-12-21 17:00:33,841] {logging_mixin.py:115} INFO - [2022-12-21 17:00:33,841] {dagbag.py:507} INFO - Filling up the DagBag from /home/airflow/.local/lib/python3.7/site-packages/airflow/example_dags/example_trigger_controller_dag.py
[2022-12-21 17:00:33,843] {processor.py:651} INFO - DAG(s) dict_keys(['example_trigger_controller_dag']) retrieved from /home/airflow/.local/lib/python3.7/site-packages/airflow/example_dags/example_trigger_controller_dag.py
[2022-12-21 17:00:33,863] {logging_mixin.py:115} INFO - [2022-12-21 17:00:33,863] {dag.py:2371} INFO - Sync 1 DAGs
[2022-12-21 17:00:33,879] {logging_mixin.py:115} INFO - [2022-12-21 17:00:33,879] {dag.py:2919} INFO - Setting next_dagrun for example_trigger_controller_dag to 2021-01-01T00:00:00+00:00, run_after=2021-01-01T00:00:00+00:00
[2022-12-21 17:00:33,889] {processor.py:161} INFO - Processing /home/airflow/.local/lib/python3.7/site-packages/airflow/example_dags/example_trigger_controller_dag.py took 0.051 seconds
[2022-12-21 17:01:04,335] {processor.py:153} INFO - Started process (PID=22838) to work on /home/airflow/.local/lib/python3.7/site-packages/airflow/example_dags/example_trigger_controller_dag.py
[2022-12-21 17:01:04,335] {processor.py:641} INFO - Processing file /home/airflow/.local/lib/python3.7/site-packages/airflow/example_dags/example_trigger_controller_dag.py for tasks to queue
[2022-12-21 17:01:04,336] {logging_mixin.py:115} INFO - [2022-12-21 17:01:04,336] {dagbag.py:507} INFO - Filling up the DagBag from /home/airflow/.local/lib/python3.7/site-packages/airflow/example_dags/example_trigger_controller_dag.py
[2022-12-21 17:01:04,338] {processor.py:651} INFO - DAG(s) dict_keys(['example_trigger_controller_dag']) retrieved from /home/airflow/.local/lib/python3.7/site-packages/airflow/example_dags/example_trigger_controller_dag.py
[2022-12-21 17:01:04,357] {logging_mixin.py:115} INFO - [2022-12-21 17:01:04,357] {dag.py:2371} INFO - Sync 1 DAGs
[2022-12-21 17:01:04,374] {logging_mixin.py:115} INFO - [2022-12-21 17:01:04,374] {dag.py:2919} INFO - Setting next_dagrun for example_trigger_controller_dag to 2021-01-01T00:00:00+00:00, run_after=2021-01-01T00:00:00+00:00
[2022-12-21 17:01:04,385] {processor.py:161} INFO - Processing /home/airflow/.local/lib/python3.7/site-packages/airflow/example_dags/example_trigger_controller_dag.py took 0.052 seconds
[2022-12-21 17:01:34,942] {processor.py:153} INFO - Started process (PID=22904) to work on /home/airflow/.local/lib/python3.7/site-packages/airflow/example_dags/example_trigger_controller_dag.py
[2022-12-21 17:01:34,942] {processor.py:641} INFO - Processing file /home/airflow/.local/lib/python3.7/site-packages/airflow/example_dags/example_trigger_controller_dag.py for tasks to queue
[2022-12-21 17:01:34,943] {logging_mixin.py:115} INFO - [2022-12-21 17:01:34,942] {dagbag.py:507} INFO - Filling up the DagBag from /home/airflow/.local/lib/python3.7/site-packages/airflow/example_dags/example_trigger_controller_dag.py
[2022-12-21 17:01:34,945] {processor.py:651} INFO - DAG(s) dict_keys(['example_trigger_controller_dag']) retrieved from /home/airflow/.local/lib/python3.7/site-packages/airflow/example_dags/example_trigger_controller_dag.py
[2022-12-21 17:01:34,968] {logging_mixin.py:115} INFO - [2022-12-21 17:01:34,968] {dag.py:2371} INFO - Sync 1 DAGs
[2022-12-21 17:01:34,989] {logging_mixin.py:115} INFO - [2022-12-21 17:01:34,989] {dag.py:2919} INFO - Setting next_dagrun for example_trigger_controller_dag to 2021-01-01T00:00:00+00:00, run_after=2021-01-01T00:00:00+00:00
[2022-12-21 17:01:34,998] {processor.py:161} INFO - Processing /home/airflow/.local/lib/python3.7/site-packages/airflow/example_dags/example_trigger_controller_dag.py took 0.060 seconds
[2022-12-21 17:02:05,531] {processor.py:153} INFO - Started process (PID=22967) to work on /home/airflow/.local/lib/python3.7/site-packages/airflow/example_dags/example_trigger_controller_dag.py
[2022-12-21 17:02:05,532] {processor.py:641} INFO - Processing file /home/airflow/.local/lib/python3.7/site-packages/airflow/example_dags/example_trigger_controller_dag.py for tasks to queue
[2022-12-21 17:02:05,533] {logging_mixin.py:115} INFO - [2022-12-21 17:02:05,532] {dagbag.py:507} INFO - Filling up the DagBag from /home/airflow/.local/lib/python3.7/site-packages/airflow/example_dags/example_trigger_controller_dag.py
[2022-12-21 17:02:05,535] {processor.py:651} INFO - DAG(s) dict_keys(['example_trigger_controller_dag']) retrieved from /home/airflow/.local/lib/python3.7/site-packages/airflow/example_dags/example_trigger_controller_dag.py
[2022-12-21 17:02:05,557] {logging_mixin.py:115} INFO - [2022-12-21 17:02:05,556] {dag.py:2371} INFO - Sync 1 DAGs
[2022-12-21 17:02:05,575] {logging_mixin.py:115} INFO - [2022-12-21 17:02:05,575] {dag.py:2919} INFO - Setting next_dagrun for example_trigger_controller_dag to 2021-01-01T00:00:00+00:00, run_after=2021-01-01T00:00:00+00:00
[2022-12-21 17:02:05,586] {processor.py:161} INFO - Processing /home/airflow/.local/lib/python3.7/site-packages/airflow/example_dags/example_trigger_controller_dag.py took 0.057 seconds
[2022-12-21 17:02:36,184] {processor.py:153} INFO - Started process (PID=23026) to work on /home/airflow/.local/lib/python3.7/site-packages/airflow/example_dags/example_trigger_controller_dag.py
[2022-12-21 17:02:36,184] {processor.py:641} INFO - Processing file /home/airflow/.local/lib/python3.7/site-packages/airflow/example_dags/example_trigger_controller_dag.py for tasks to queue
[2022-12-21 17:02:36,185] {logging_mixin.py:115} INFO - [2022-12-21 17:02:36,185] {dagbag.py:507} INFO - Filling up the DagBag from /home/airflow/.local/lib/python3.7/site-packages/airflow/example_dags/example_trigger_controller_dag.py
[2022-12-21 17:02:36,187] {processor.py:651} INFO - DAG(s) dict_keys(['example_trigger_controller_dag']) retrieved from /home/airflow/.local/lib/python3.7/site-packages/airflow/example_dags/example_trigger_controller_dag.py
[2022-12-21 17:02:36,211] {logging_mixin.py:115} INFO - [2022-12-21 17:02:36,211] {dag.py:2371} INFO - Sync 1 DAGs
[2022-12-21 17:02:36,233] {logging_mixin.py:115} INFO - [2022-12-21 17:02:36,233] {dag.py:2919} INFO - Setting next_dagrun for example_trigger_controller_dag to 2021-01-01T00:00:00+00:00, run_after=2021-01-01T00:00:00+00:00
[2022-12-21 17:02:36,245] {processor.py:161} INFO - Processing /home/airflow/.local/lib/python3.7/site-packages/airflow/example_dags/example_trigger_controller_dag.py took 0.064 seconds
[2022-12-21 17:03:06,914] {processor.py:153} INFO - Started process (PID=23092) to work on /home/airflow/.local/lib/python3.7/site-packages/airflow/example_dags/example_trigger_controller_dag.py
[2022-12-21 17:03:06,915] {processor.py:641} INFO - Processing file /home/airflow/.local/lib/python3.7/site-packages/airflow/example_dags/example_trigger_controller_dag.py for tasks to queue
[2022-12-21 17:03:06,915] {logging_mixin.py:115} INFO - [2022-12-21 17:03:06,915] {dagbag.py:507} INFO - Filling up the DagBag from /home/airflow/.local/lib/python3.7/site-packages/airflow/example_dags/example_trigger_controller_dag.py
[2022-12-21 17:03:06,918] {processor.py:651} INFO - DAG(s) dict_keys(['example_trigger_controller_dag']) retrieved from /home/airflow/.local/lib/python3.7/site-packages/airflow/example_dags/example_trigger_controller_dag.py
[2022-12-21 17:03:06,941] {logging_mixin.py:115} INFO - [2022-12-21 17:03:06,941] {dag.py:2371} INFO - Sync 1 DAGs
[2022-12-21 17:03:06,958] {logging_mixin.py:115} INFO - [2022-12-21 17:03:06,958] {dag.py:2919} INFO - Setting next_dagrun for example_trigger_controller_dag to 2021-01-01T00:00:00+00:00, run_after=2021-01-01T00:00:00+00:00
[2022-12-21 17:03:06,968] {processor.py:161} INFO - Processing /home/airflow/.local/lib/python3.7/site-packages/airflow/example_dags/example_trigger_controller_dag.py took 0.057 seconds
[2022-12-21 17:03:37,642] {processor.py:153} INFO - Started process (PID=23159) to work on /home/airflow/.local/lib/python3.7/site-packages/airflow/example_dags/example_trigger_controller_dag.py
[2022-12-21 17:03:37,642] {processor.py:641} INFO - Processing file /home/airflow/.local/lib/python3.7/site-packages/airflow/example_dags/example_trigger_controller_dag.py for tasks to queue
[2022-12-21 17:03:37,643] {logging_mixin.py:115} INFO - [2022-12-21 17:03:37,643] {dagbag.py:507} INFO - Filling up the DagBag from /home/airflow/.local/lib/python3.7/site-packages/airflow/example_dags/example_trigger_controller_dag.py
[2022-12-21 17:03:37,646] {processor.py:651} INFO - DAG(s) dict_keys(['example_trigger_controller_dag']) retrieved from /home/airflow/.local/lib/python3.7/site-packages/airflow/example_dags/example_trigger_controller_dag.py
[2022-12-21 17:03:37,668] {logging_mixin.py:115} INFO - [2022-12-21 17:03:37,668] {dag.py:2371} INFO - Sync 1 DAGs
[2022-12-21 17:03:37,686] {logging_mixin.py:115} INFO - [2022-12-21 17:03:37,686] {dag.py:2919} INFO - Setting next_dagrun for example_trigger_controller_dag to 2021-01-01T00:00:00+00:00, run_after=2021-01-01T00:00:00+00:00
[2022-12-21 17:03:37,696] {processor.py:161} INFO - Processing /home/airflow/.local/lib/python3.7/site-packages/airflow/example_dags/example_trigger_controller_dag.py took 0.058 seconds
[2022-12-21 17:04:08,223] {processor.py:153} INFO - Started process (PID=23216) to work on /home/airflow/.local/lib/python3.7/site-packages/airflow/example_dags/example_trigger_controller_dag.py
[2022-12-21 17:04:08,224] {processor.py:641} INFO - Processing file /home/airflow/.local/lib/python3.7/site-packages/airflow/example_dags/example_trigger_controller_dag.py for tasks to queue
[2022-12-21 17:04:08,224] {logging_mixin.py:115} INFO - [2022-12-21 17:04:08,224] {dagbag.py:507} INFO - Filling up the DagBag from /home/airflow/.local/lib/python3.7/site-packages/airflow/example_dags/example_trigger_controller_dag.py
[2022-12-21 17:04:08,226] {processor.py:651} INFO - DAG(s) dict_keys(['example_trigger_controller_dag']) retrieved from /home/airflow/.local/lib/python3.7/site-packages/airflow/example_dags/example_trigger_controller_dag.py
[2022-12-21 17:04:08,249] {logging_mixin.py:115} INFO - [2022-12-21 17:04:08,249] {dag.py:2371} INFO - Sync 1 DAGs
[2022-12-21 17:04:08,266] {logging_mixin.py:115} INFO - [2022-12-21 17:04:08,266] {dag.py:2919} INFO - Setting next_dagrun for example_trigger_controller_dag to 2021-01-01T00:00:00+00:00, run_after=2021-01-01T00:00:00+00:00
[2022-12-21 17:04:08,277] {processor.py:161} INFO - Processing /home/airflow/.local/lib/python3.7/site-packages/airflow/example_dags/example_trigger_controller_dag.py took 0.057 seconds
[2022-12-21 17:04:38,764] {processor.py:153} INFO - Started process (PID=23282) to work on /home/airflow/.local/lib/python3.7/site-packages/airflow/example_dags/example_trigger_controller_dag.py
[2022-12-21 17:04:38,764] {processor.py:641} INFO - Processing file /home/airflow/.local/lib/python3.7/site-packages/airflow/example_dags/example_trigger_controller_dag.py for tasks to queue
[2022-12-21 17:04:38,765] {logging_mixin.py:115} INFO - [2022-12-21 17:04:38,765] {dagbag.py:507} INFO - Filling up the DagBag from /home/airflow/.local/lib/python3.7/site-packages/airflow/example_dags/example_trigger_controller_dag.py
[2022-12-21 17:04:38,767] {processor.py:651} INFO - DAG(s) dict_keys(['example_trigger_controller_dag']) retrieved from /home/airflow/.local/lib/python3.7/site-packages/airflow/example_dags/example_trigger_controller_dag.py
[2022-12-21 17:04:38,789] {logging_mixin.py:115} INFO - [2022-12-21 17:04:38,789] {dag.py:2371} INFO - Sync 1 DAGs
[2022-12-21 17:04:38,808] {logging_mixin.py:115} INFO - [2022-12-21 17:04:38,808] {dag.py:2919} INFO - Setting next_dagrun for example_trigger_controller_dag to 2021-01-01T00:00:00+00:00, run_after=2021-01-01T00:00:00+00:00
[2022-12-21 17:04:38,819] {processor.py:161} INFO - Processing /home/airflow/.local/lib/python3.7/site-packages/airflow/example_dags/example_trigger_controller_dag.py took 0.058 seconds
[2022-12-21 17:05:09,280] {processor.py:153} INFO - Started process (PID=23348) to work on /home/airflow/.local/lib/python3.7/site-packages/airflow/example_dags/example_trigger_controller_dag.py
[2022-12-21 17:05:09,280] {processor.py:641} INFO - Processing file /home/airflow/.local/lib/python3.7/site-packages/airflow/example_dags/example_trigger_controller_dag.py for tasks to queue
[2022-12-21 17:05:09,281] {logging_mixin.py:115} INFO - [2022-12-21 17:05:09,281] {dagbag.py:507} INFO - Filling up the DagBag from /home/airflow/.local/lib/python3.7/site-packages/airflow/example_dags/example_trigger_controller_dag.py
[2022-12-21 17:05:09,283] {processor.py:651} INFO - DAG(s) dict_keys(['example_trigger_controller_dag']) retrieved from /home/airflow/.local/lib/python3.7/site-packages/airflow/example_dags/example_trigger_controller_dag.py
[2022-12-21 17:05:09,303] {logging_mixin.py:115} INFO - [2022-12-21 17:05:09,303] {dag.py:2371} INFO - Sync 1 DAGs
[2022-12-21 17:05:09,322] {logging_mixin.py:115} INFO - [2022-12-21 17:05:09,322] {dag.py:2919} INFO - Setting next_dagrun for example_trigger_controller_dag to 2021-01-01T00:00:00+00:00, run_after=2021-01-01T00:00:00+00:00
[2022-12-21 17:05:09,333] {processor.py:161} INFO - Processing /home/airflow/.local/lib/python3.7/site-packages/airflow/example_dags/example_trigger_controller_dag.py took 0.055 seconds
[2022-12-21 17:05:40,015] {processor.py:153} INFO - Started process (PID=23413) to work on /home/airflow/.local/lib/python3.7/site-packages/airflow/example_dags/example_trigger_controller_dag.py
[2022-12-21 17:05:40,016] {processor.py:641} INFO - Processing file /home/airflow/.local/lib/python3.7/site-packages/airflow/example_dags/example_trigger_controller_dag.py for tasks to queue
[2022-12-21 17:05:40,016] {logging_mixin.py:115} INFO - [2022-12-21 17:05:40,016] {dagbag.py:507} INFO - Filling up the DagBag from /home/airflow/.local/lib/python3.7/site-packages/airflow/example_dags/example_trigger_controller_dag.py
[2022-12-21 17:05:40,018] {processor.py:651} INFO - DAG(s) dict_keys(['example_trigger_controller_dag']) retrieved from /home/airflow/.local/lib/python3.7/site-packages/airflow/example_dags/example_trigger_controller_dag.py
[2022-12-21 17:05:40,044] {logging_mixin.py:115} INFO - [2022-12-21 17:05:40,044] {dag.py:2371} INFO - Sync 1 DAGs
[2022-12-21 17:05:40,065] {logging_mixin.py:115} INFO - [2022-12-21 17:05:40,065] {dag.py:2919} INFO - Setting next_dagrun for example_trigger_controller_dag to 2021-01-01T00:00:00+00:00, run_after=2021-01-01T00:00:00+00:00
[2022-12-21 17:05:40,076] {processor.py:161} INFO - Processing /home/airflow/.local/lib/python3.7/site-packages/airflow/example_dags/example_trigger_controller_dag.py took 0.063 seconds
[2022-12-21 17:06:10,928] {processor.py:153} INFO - Started process (PID=23471) to work on /home/airflow/.local/lib/python3.7/site-packages/airflow/example_dags/example_trigger_controller_dag.py
[2022-12-21 17:06:10,928] {processor.py:641} INFO - Processing file /home/airflow/.local/lib/python3.7/site-packages/airflow/example_dags/example_trigger_controller_dag.py for tasks to queue
[2022-12-21 17:06:10,929] {logging_mixin.py:115} INFO - [2022-12-21 17:06:10,929] {dagbag.py:507} INFO - Filling up the DagBag from /home/airflow/.local/lib/python3.7/site-packages/airflow/example_dags/example_trigger_controller_dag.py
[2022-12-21 17:06:10,931] {processor.py:651} INFO - DAG(s) dict_keys(['example_trigger_controller_dag']) retrieved from /home/airflow/.local/lib/python3.7/site-packages/airflow/example_dags/example_trigger_controller_dag.py
[2022-12-21 17:06:10,952] {logging_mixin.py:115} INFO - [2022-12-21 17:06:10,952] {dag.py:2371} INFO - Sync 1 DAGs
[2022-12-21 17:06:10,968] {logging_mixin.py:115} INFO - [2022-12-21 17:06:10,968] {dag.py:2919} INFO - Setting next_dagrun for example_trigger_controller_dag to 2021-01-01T00:00:00+00:00, run_after=2021-01-01T00:00:00+00:00
[2022-12-21 17:06:10,978] {processor.py:161} INFO - Processing /home/airflow/.local/lib/python3.7/site-packages/airflow/example_dags/example_trigger_controller_dag.py took 0.053 seconds
[2022-12-21 17:06:41,459] {processor.py:153} INFO - Started process (PID=23538) to work on /home/airflow/.local/lib/python3.7/site-packages/airflow/example_dags/example_trigger_controller_dag.py
[2022-12-21 17:06:41,460] {processor.py:641} INFO - Processing file /home/airflow/.local/lib/python3.7/site-packages/airflow/example_dags/example_trigger_controller_dag.py for tasks to queue
[2022-12-21 17:06:41,460] {logging_mixin.py:115} INFO - [2022-12-21 17:06:41,460] {dagbag.py:507} INFO - Filling up the DagBag from /home/airflow/.local/lib/python3.7/site-packages/airflow/example_dags/example_trigger_controller_dag.py
[2022-12-21 17:06:41,462] {processor.py:651} INFO - DAG(s) dict_keys(['example_trigger_controller_dag']) retrieved from /home/airflow/.local/lib/python3.7/site-packages/airflow/example_dags/example_trigger_controller_dag.py
[2022-12-21 17:06:41,482] {logging_mixin.py:115} INFO - [2022-12-21 17:06:41,482] {dag.py:2371} INFO - Sync 1 DAGs
[2022-12-21 17:06:41,500] {logging_mixin.py:115} INFO - [2022-12-21 17:06:41,500] {dag.py:2919} INFO - Setting next_dagrun for example_trigger_controller_dag to 2021-01-01T00:00:00+00:00, run_after=2021-01-01T00:00:00+00:00
[2022-12-21 17:06:41,510] {processor.py:161} INFO - Processing /home/airflow/.local/lib/python3.7/site-packages/airflow/example_dags/example_trigger_controller_dag.py took 0.053 seconds
[2022-12-21 17:07:12,007] {processor.py:153} INFO - Started process (PID=23604) to work on /home/airflow/.local/lib/python3.7/site-packages/airflow/example_dags/example_trigger_controller_dag.py
[2022-12-21 17:07:12,008] {processor.py:641} INFO - Processing file /home/airflow/.local/lib/python3.7/site-packages/airflow/example_dags/example_trigger_controller_dag.py for tasks to queue
[2022-12-21 17:07:12,008] {logging_mixin.py:115} INFO - [2022-12-21 17:07:12,008] {dagbag.py:507} INFO - Filling up the DagBag from /home/airflow/.local/lib/python3.7/site-packages/airflow/example_dags/example_trigger_controller_dag.py
[2022-12-21 17:07:12,010] {processor.py:651} INFO - DAG(s) dict_keys(['example_trigger_controller_dag']) retrieved from /home/airflow/.local/lib/python3.7/site-packages/airflow/example_dags/example_trigger_controller_dag.py
[2022-12-21 17:07:12,031] {logging_mixin.py:115} INFO - [2022-12-21 17:07:12,031] {dag.py:2371} INFO - Sync 1 DAGs
[2022-12-21 17:07:12,050] {logging_mixin.py:115} INFO - [2022-12-21 17:07:12,050] {dag.py:2919} INFO - Setting next_dagrun for example_trigger_controller_dag to 2021-01-01T00:00:00+00:00, run_after=2021-01-01T00:00:00+00:00
[2022-12-21 17:07:12,061] {processor.py:161} INFO - Processing /home/airflow/.local/lib/python3.7/site-packages/airflow/example_dags/example_trigger_controller_dag.py took 0.056 seconds
[2022-12-21 17:07:42,574] {processor.py:153} INFO - Started process (PID=23669) to work on /home/airflow/.local/lib/python3.7/site-packages/airflow/example_dags/example_trigger_controller_dag.py
[2022-12-21 17:07:42,574] {processor.py:641} INFO - Processing file /home/airflow/.local/lib/python3.7/site-packages/airflow/example_dags/example_trigger_controller_dag.py for tasks to queue
[2022-12-21 17:07:42,574] {logging_mixin.py:115} INFO - [2022-12-21 17:07:42,574] {dagbag.py:507} INFO - Filling up the DagBag from /home/airflow/.local/lib/python3.7/site-packages/airflow/example_dags/example_trigger_controller_dag.py
[2022-12-21 17:07:42,576] {processor.py:651} INFO - DAG(s) dict_keys(['example_trigger_controller_dag']) retrieved from /home/airflow/.local/lib/python3.7/site-packages/airflow/example_dags/example_trigger_controller_dag.py
[2022-12-21 17:07:42,600] {logging_mixin.py:115} INFO - [2022-12-21 17:07:42,600] {dag.py:2371} INFO - Sync 1 DAGs
[2022-12-21 17:07:42,619] {logging_mixin.py:115} INFO - [2022-12-21 17:07:42,619] {dag.py:2919} INFO - Setting next_dagrun for example_trigger_controller_dag to 2021-01-01T00:00:00+00:00, run_after=2021-01-01T00:00:00+00:00
[2022-12-21 17:07:42,628] {processor.py:161} INFO - Processing /home/airflow/.local/lib/python3.7/site-packages/airflow/example_dags/example_trigger_controller_dag.py took 0.057 seconds
[2022-12-21 17:08:13,101] {processor.py:153} INFO - Started process (PID=23726) to work on /home/airflow/.local/lib/python3.7/site-packages/airflow/example_dags/example_trigger_controller_dag.py
[2022-12-21 17:08:13,102] {processor.py:641} INFO - Processing file /home/airflow/.local/lib/python3.7/site-packages/airflow/example_dags/example_trigger_controller_dag.py for tasks to queue
[2022-12-21 17:08:13,103] {logging_mixin.py:115} INFO - [2022-12-21 17:08:13,102] {dagbag.py:507} INFO - Filling up the DagBag from /home/airflow/.local/lib/python3.7/site-packages/airflow/example_dags/example_trigger_controller_dag.py
[2022-12-21 17:08:13,105] {processor.py:651} INFO - DAG(s) dict_keys(['example_trigger_controller_dag']) retrieved from /home/airflow/.local/lib/python3.7/site-packages/airflow/example_dags/example_trigger_controller_dag.py
[2022-12-21 17:08:13,125] {logging_mixin.py:115} INFO - [2022-12-21 17:08:13,125] {dag.py:2371} INFO - Sync 1 DAGs
[2022-12-21 17:08:13,140] {logging_mixin.py:115} INFO - [2022-12-21 17:08:13,140] {dag.py:2919} INFO - Setting next_dagrun for example_trigger_controller_dag to 2021-01-01T00:00:00+00:00, run_after=2021-01-01T00:00:00+00:00
[2022-12-21 17:08:13,148] {processor.py:161} INFO - Processing /home/airflow/.local/lib/python3.7/site-packages/airflow/example_dags/example_trigger_controller_dag.py took 0.049 seconds
[2022-12-21 17:08:43,704] {processor.py:153} INFO - Started process (PID=23793) to work on /home/airflow/.local/lib/python3.7/site-packages/airflow/example_dags/example_trigger_controller_dag.py
[2022-12-21 17:08:43,704] {processor.py:641} INFO - Processing file /home/airflow/.local/lib/python3.7/site-packages/airflow/example_dags/example_trigger_controller_dag.py for tasks to queue
[2022-12-21 17:08:43,705] {logging_mixin.py:115} INFO - [2022-12-21 17:08:43,705] {dagbag.py:507} INFO - Filling up the DagBag from /home/airflow/.local/lib/python3.7/site-packages/airflow/example_dags/example_trigger_controller_dag.py
[2022-12-21 17:08:43,707] {processor.py:651} INFO - DAG(s) dict_keys(['example_trigger_controller_dag']) retrieved from /home/airflow/.local/lib/python3.7/site-packages/airflow/example_dags/example_trigger_controller_dag.py
[2022-12-21 17:08:43,727] {logging_mixin.py:115} INFO - [2022-12-21 17:08:43,727] {dag.py:2371} INFO - Sync 1 DAGs
[2022-12-21 17:08:43,744] {logging_mixin.py:115} INFO - [2022-12-21 17:08:43,744] {dag.py:2919} INFO - Setting next_dagrun for example_trigger_controller_dag to 2021-01-01T00:00:00+00:00, run_after=2021-01-01T00:00:00+00:00
[2022-12-21 17:08:43,753] {processor.py:161} INFO - Processing /home/airflow/.local/lib/python3.7/site-packages/airflow/example_dags/example_trigger_controller_dag.py took 0.052 seconds
[2022-12-21 17:09:14,474] {processor.py:153} INFO - Started process (PID=23859) to work on /home/airflow/.local/lib/python3.7/site-packages/airflow/example_dags/example_trigger_controller_dag.py
[2022-12-21 17:09:14,475] {processor.py:641} INFO - Processing file /home/airflow/.local/lib/python3.7/site-packages/airflow/example_dags/example_trigger_controller_dag.py for tasks to queue
[2022-12-21 17:09:14,475] {logging_mixin.py:115} INFO - [2022-12-21 17:09:14,475] {dagbag.py:507} INFO - Filling up the DagBag from /home/airflow/.local/lib/python3.7/site-packages/airflow/example_dags/example_trigger_controller_dag.py
[2022-12-21 17:09:14,478] {processor.py:651} INFO - DAG(s) dict_keys(['example_trigger_controller_dag']) retrieved from /home/airflow/.local/lib/python3.7/site-packages/airflow/example_dags/example_trigger_controller_dag.py
[2022-12-21 17:09:14,500] {logging_mixin.py:115} INFO - [2022-12-21 17:09:14,500] {dag.py:2371} INFO - Sync 1 DAGs
[2022-12-21 17:09:14,518] {logging_mixin.py:115} INFO - [2022-12-21 17:09:14,518] {dag.py:2919} INFO - Setting next_dagrun for example_trigger_controller_dag to 2021-01-01T00:00:00+00:00, run_after=2021-01-01T00:00:00+00:00
[2022-12-21 17:09:14,528] {processor.py:161} INFO - Processing /home/airflow/.local/lib/python3.7/site-packages/airflow/example_dags/example_trigger_controller_dag.py took 0.057 seconds
[2022-12-21 17:09:45,219] {processor.py:153} INFO - Started process (PID=23927) to work on /home/airflow/.local/lib/python3.7/site-packages/airflow/example_dags/example_trigger_controller_dag.py
[2022-12-21 17:09:45,220] {processor.py:641} INFO - Processing file /home/airflow/.local/lib/python3.7/site-packages/airflow/example_dags/example_trigger_controller_dag.py for tasks to queue
[2022-12-21 17:09:45,220] {logging_mixin.py:115} INFO - [2022-12-21 17:09:45,220] {dagbag.py:507} INFO - Filling up the DagBag from /home/airflow/.local/lib/python3.7/site-packages/airflow/example_dags/example_trigger_controller_dag.py
[2022-12-21 17:09:45,223] {processor.py:651} INFO - DAG(s) dict_keys(['example_trigger_controller_dag']) retrieved from /home/airflow/.local/lib/python3.7/site-packages/airflow/example_dags/example_trigger_controller_dag.py
[2022-12-21 17:09:45,244] {logging_mixin.py:115} INFO - [2022-12-21 17:09:45,244] {dag.py:2371} INFO - Sync 1 DAGs
[2022-12-21 17:09:45,263] {logging_mixin.py:115} INFO - [2022-12-21 17:09:45,263] {dag.py:2919} INFO - Setting next_dagrun for example_trigger_controller_dag to 2021-01-01T00:00:00+00:00, run_after=2021-01-01T00:00:00+00:00
[2022-12-21 17:09:45,274] {processor.py:161} INFO - Processing /home/airflow/.local/lib/python3.7/site-packages/airflow/example_dags/example_trigger_controller_dag.py took 0.059 seconds
[2022-12-21 17:10:15,851] {processor.py:153} INFO - Started process (PID=23984) to work on /home/airflow/.local/lib/python3.7/site-packages/airflow/example_dags/example_trigger_controller_dag.py
[2022-12-21 17:10:15,852] {processor.py:641} INFO - Processing file /home/airflow/.local/lib/python3.7/site-packages/airflow/example_dags/example_trigger_controller_dag.py for tasks to queue
[2022-12-21 17:10:15,852] {logging_mixin.py:115} INFO - [2022-12-21 17:10:15,852] {dagbag.py:507} INFO - Filling up the DagBag from /home/airflow/.local/lib/python3.7/site-packages/airflow/example_dags/example_trigger_controller_dag.py
[2022-12-21 17:10:15,854] {processor.py:651} INFO - DAG(s) dict_keys(['example_trigger_controller_dag']) retrieved from /home/airflow/.local/lib/python3.7/site-packages/airflow/example_dags/example_trigger_controller_dag.py
[2022-12-21 17:10:15,874] {logging_mixin.py:115} INFO - [2022-12-21 17:10:15,874] {dag.py:2371} INFO - Sync 1 DAGs
[2022-12-21 17:10:15,893] {logging_mixin.py:115} INFO - [2022-12-21 17:10:15,893] {dag.py:2919} INFO - Setting next_dagrun for example_trigger_controller_dag to 2021-01-01T00:00:00+00:00, run_after=2021-01-01T00:00:00+00:00
[2022-12-21 17:10:15,904] {processor.py:161} INFO - Processing /home/airflow/.local/lib/python3.7/site-packages/airflow/example_dags/example_trigger_controller_dag.py took 0.055 seconds
[2022-12-21 17:10:46,439] {processor.py:153} INFO - Started process (PID=24051) to work on /home/airflow/.local/lib/python3.7/site-packages/airflow/example_dags/example_trigger_controller_dag.py
[2022-12-21 17:10:46,440] {processor.py:641} INFO - Processing file /home/airflow/.local/lib/python3.7/site-packages/airflow/example_dags/example_trigger_controller_dag.py for tasks to queue
[2022-12-21 17:10:46,441] {logging_mixin.py:115} INFO - [2022-12-21 17:10:46,440] {dagbag.py:507} INFO - Filling up the DagBag from /home/airflow/.local/lib/python3.7/site-packages/airflow/example_dags/example_trigger_controller_dag.py
[2022-12-21 17:10:46,443] {processor.py:651} INFO - DAG(s) dict_keys(['example_trigger_controller_dag']) retrieved from /home/airflow/.local/lib/python3.7/site-packages/airflow/example_dags/example_trigger_controller_dag.py
[2022-12-21 17:10:46,464] {logging_mixin.py:115} INFO - [2022-12-21 17:10:46,464] {dag.py:2371} INFO - Sync 1 DAGs
[2022-12-21 17:10:46,481] {logging_mixin.py:115} INFO - [2022-12-21 17:10:46,481] {dag.py:2919} INFO - Setting next_dagrun for example_trigger_controller_dag to 2021-01-01T00:00:00+00:00, run_after=2021-01-01T00:00:00+00:00
[2022-12-21 17:10:46,490] {processor.py:161} INFO - Processing /home/airflow/.local/lib/python3.7/site-packages/airflow/example_dags/example_trigger_controller_dag.py took 0.053 seconds
[2022-12-21 17:11:17,047] {processor.py:153} INFO - Started process (PID=24117) to work on /home/airflow/.local/lib/python3.7/site-packages/airflow/example_dags/example_trigger_controller_dag.py
[2022-12-21 17:11:17,047] {processor.py:641} INFO - Processing file /home/airflow/.local/lib/python3.7/site-packages/airflow/example_dags/example_trigger_controller_dag.py for tasks to queue
[2022-12-21 17:11:17,047] {logging_mixin.py:115} INFO - [2022-12-21 17:11:17,047] {dagbag.py:507} INFO - Filling up the DagBag from /home/airflow/.local/lib/python3.7/site-packages/airflow/example_dags/example_trigger_controller_dag.py
[2022-12-21 17:11:17,050] {processor.py:651} INFO - DAG(s) dict_keys(['example_trigger_controller_dag']) retrieved from /home/airflow/.local/lib/python3.7/site-packages/airflow/example_dags/example_trigger_controller_dag.py
[2022-12-21 17:11:17,075] {logging_mixin.py:115} INFO - [2022-12-21 17:11:17,075] {dag.py:2371} INFO - Sync 1 DAGs
[2022-12-21 17:11:17,108] {logging_mixin.py:115} INFO - [2022-12-21 17:11:17,108] {dag.py:2919} INFO - Setting next_dagrun for example_trigger_controller_dag to 2021-01-01T00:00:00+00:00, run_after=2021-01-01T00:00:00+00:00
[2022-12-21 17:11:17,120] {processor.py:161} INFO - Processing /home/airflow/.local/lib/python3.7/site-packages/airflow/example_dags/example_trigger_controller_dag.py took 0.076 seconds
[2022-12-21 17:11:47,658] {processor.py:153} INFO - Started process (PID=24183) to work on /home/airflow/.local/lib/python3.7/site-packages/airflow/example_dags/example_trigger_controller_dag.py
[2022-12-21 17:11:47,659] {processor.py:641} INFO - Processing file /home/airflow/.local/lib/python3.7/site-packages/airflow/example_dags/example_trigger_controller_dag.py for tasks to queue
[2022-12-21 17:11:47,659] {logging_mixin.py:115} INFO - [2022-12-21 17:11:47,659] {dagbag.py:507} INFO - Filling up the DagBag from /home/airflow/.local/lib/python3.7/site-packages/airflow/example_dags/example_trigger_controller_dag.py
[2022-12-21 17:11:47,661] {processor.py:651} INFO - DAG(s) dict_keys(['example_trigger_controller_dag']) retrieved from /home/airflow/.local/lib/python3.7/site-packages/airflow/example_dags/example_trigger_controller_dag.py
[2022-12-21 17:11:47,685] {logging_mixin.py:115} INFO - [2022-12-21 17:11:47,685] {dag.py:2371} INFO - Sync 1 DAGs
[2022-12-21 17:11:47,702] {logging_mixin.py:115} INFO - [2022-12-21 17:11:47,702] {dag.py:2919} INFO - Setting next_dagrun for example_trigger_controller_dag to 2021-01-01T00:00:00+00:00, run_after=2021-01-01T00:00:00+00:00
[2022-12-21 17:11:47,713] {processor.py:161} INFO - Processing /home/airflow/.local/lib/python3.7/site-packages/airflow/example_dags/example_trigger_controller_dag.py took 0.057 seconds
[2022-12-21 17:12:18,255] {processor.py:153} INFO - Started process (PID=24239) to work on /home/airflow/.local/lib/python3.7/site-packages/airflow/example_dags/example_trigger_controller_dag.py
[2022-12-21 17:12:18,255] {processor.py:641} INFO - Processing file /home/airflow/.local/lib/python3.7/site-packages/airflow/example_dags/example_trigger_controller_dag.py for tasks to queue
[2022-12-21 17:12:18,256] {logging_mixin.py:115} INFO - [2022-12-21 17:12:18,256] {dagbag.py:507} INFO - Filling up the DagBag from /home/airflow/.local/lib/python3.7/site-packages/airflow/example_dags/example_trigger_controller_dag.py
[2022-12-21 17:12:18,258] {processor.py:651} INFO - DAG(s) dict_keys(['example_trigger_controller_dag']) retrieved from /home/airflow/.local/lib/python3.7/site-packages/airflow/example_dags/example_trigger_controller_dag.py
[2022-12-21 17:12:18,281] {logging_mixin.py:115} INFO - [2022-12-21 17:12:18,281] {dag.py:2371} INFO - Sync 1 DAGs
[2022-12-21 17:12:18,300] {logging_mixin.py:115} INFO - [2022-12-21 17:12:18,300] {dag.py:2919} INFO - Setting next_dagrun for example_trigger_controller_dag to 2021-01-01T00:00:00+00:00, run_after=2021-01-01T00:00:00+00:00
[2022-12-21 17:12:18,310] {processor.py:161} INFO - Processing /home/airflow/.local/lib/python3.7/site-packages/airflow/example_dags/example_trigger_controller_dag.py took 0.058 seconds
[2022-12-21 17:12:48,784] {processor.py:153} INFO - Started process (PID=24306) to work on /home/airflow/.local/lib/python3.7/site-packages/airflow/example_dags/example_trigger_controller_dag.py
[2022-12-21 17:12:48,784] {processor.py:641} INFO - Processing file /home/airflow/.local/lib/python3.7/site-packages/airflow/example_dags/example_trigger_controller_dag.py for tasks to queue
[2022-12-21 17:12:48,785] {logging_mixin.py:115} INFO - [2022-12-21 17:12:48,784] {dagbag.py:507} INFO - Filling up the DagBag from /home/airflow/.local/lib/python3.7/site-packages/airflow/example_dags/example_trigger_controller_dag.py
[2022-12-21 17:12:48,786] {processor.py:651} INFO - DAG(s) dict_keys(['example_trigger_controller_dag']) retrieved from /home/airflow/.local/lib/python3.7/site-packages/airflow/example_dags/example_trigger_controller_dag.py
[2022-12-21 17:12:48,807] {logging_mixin.py:115} INFO - [2022-12-21 17:12:48,807] {dag.py:2371} INFO - Sync 1 DAGs
[2022-12-21 17:12:48,826] {logging_mixin.py:115} INFO - [2022-12-21 17:12:48,826] {dag.py:2919} INFO - Setting next_dagrun for example_trigger_controller_dag to 2021-01-01T00:00:00+00:00, run_after=2021-01-01T00:00:00+00:00
[2022-12-21 17:12:48,837] {processor.py:161} INFO - Processing /home/airflow/.local/lib/python3.7/site-packages/airflow/example_dags/example_trigger_controller_dag.py took 0.055 seconds
[2022-12-21 17:13:19,272] {processor.py:153} INFO - Started process (PID=24371) to work on /home/airflow/.local/lib/python3.7/site-packages/airflow/example_dags/example_trigger_controller_dag.py
[2022-12-21 17:13:19,272] {processor.py:641} INFO - Processing file /home/airflow/.local/lib/python3.7/site-packages/airflow/example_dags/example_trigger_controller_dag.py for tasks to queue
[2022-12-21 17:13:19,273] {logging_mixin.py:115} INFO - [2022-12-21 17:13:19,272] {dagbag.py:507} INFO - Filling up the DagBag from /home/airflow/.local/lib/python3.7/site-packages/airflow/example_dags/example_trigger_controller_dag.py
[2022-12-21 17:13:19,275] {processor.py:651} INFO - DAG(s) dict_keys(['example_trigger_controller_dag']) retrieved from /home/airflow/.local/lib/python3.7/site-packages/airflow/example_dags/example_trigger_controller_dag.py
[2022-12-21 17:13:19,294] {logging_mixin.py:115} INFO - [2022-12-21 17:13:19,294] {dag.py:2371} INFO - Sync 1 DAGs
[2022-12-21 17:13:19,309] {logging_mixin.py:115} INFO - [2022-12-21 17:13:19,309] {dag.py:2919} INFO - Setting next_dagrun for example_trigger_controller_dag to 2021-01-01T00:00:00+00:00, run_after=2021-01-01T00:00:00+00:00
[2022-12-21 17:13:19,317] {processor.py:161} INFO - Processing /home/airflow/.local/lib/python3.7/site-packages/airflow/example_dags/example_trigger_controller_dag.py took 0.047 seconds
[2022-12-21 17:13:49,881] {processor.py:153} INFO - Started process (PID=24428) to work on /home/airflow/.local/lib/python3.7/site-packages/airflow/example_dags/example_trigger_controller_dag.py
[2022-12-21 17:13:49,882] {processor.py:641} INFO - Processing file /home/airflow/.local/lib/python3.7/site-packages/airflow/example_dags/example_trigger_controller_dag.py for tasks to queue
[2022-12-21 17:13:49,882] {logging_mixin.py:115} INFO - [2022-12-21 17:13:49,882] {dagbag.py:507} INFO - Filling up the DagBag from /home/airflow/.local/lib/python3.7/site-packages/airflow/example_dags/example_trigger_controller_dag.py
[2022-12-21 17:13:49,885] {processor.py:651} INFO - DAG(s) dict_keys(['example_trigger_controller_dag']) retrieved from /home/airflow/.local/lib/python3.7/site-packages/airflow/example_dags/example_trigger_controller_dag.py
[2022-12-21 17:13:49,905] {logging_mixin.py:115} INFO - [2022-12-21 17:13:49,905] {dag.py:2371} INFO - Sync 1 DAGs
[2022-12-21 17:13:49,920] {logging_mixin.py:115} INFO - [2022-12-21 17:13:49,920] {dag.py:2919} INFO - Setting next_dagrun for example_trigger_controller_dag to 2021-01-01T00:00:00+00:00, run_after=2021-01-01T00:00:00+00:00
[2022-12-21 17:13:49,929] {processor.py:161} INFO - Processing /home/airflow/.local/lib/python3.7/site-packages/airflow/example_dags/example_trigger_controller_dag.py took 0.050 seconds
[2022-12-21 17:14:20,591] {processor.py:153} INFO - Started process (PID=24495) to work on /home/airflow/.local/lib/python3.7/site-packages/airflow/example_dags/example_trigger_controller_dag.py
[2022-12-21 17:14:20,592] {processor.py:641} INFO - Processing file /home/airflow/.local/lib/python3.7/site-packages/airflow/example_dags/example_trigger_controller_dag.py for tasks to queue
[2022-12-21 17:14:20,592] {logging_mixin.py:115} INFO - [2022-12-21 17:14:20,592] {dagbag.py:507} INFO - Filling up the DagBag from /home/airflow/.local/lib/python3.7/site-packages/airflow/example_dags/example_trigger_controller_dag.py
[2022-12-21 17:14:20,595] {processor.py:651} INFO - DAG(s) dict_keys(['example_trigger_controller_dag']) retrieved from /home/airflow/.local/lib/python3.7/site-packages/airflow/example_dags/example_trigger_controller_dag.py
[2022-12-21 17:14:20,621] {logging_mixin.py:115} INFO - [2022-12-21 17:14:20,621] {dag.py:2371} INFO - Sync 1 DAGs
[2022-12-21 17:14:20,645] {logging_mixin.py:115} INFO - [2022-12-21 17:14:20,644] {dag.py:2919} INFO - Setting next_dagrun for example_trigger_controller_dag to 2021-01-01T00:00:00+00:00, run_after=2021-01-01T00:00:00+00:00
[2022-12-21 17:14:20,655] {processor.py:161} INFO - Processing /home/airflow/.local/lib/python3.7/site-packages/airflow/example_dags/example_trigger_controller_dag.py took 0.066 seconds
[2022-12-21 17:14:51,371] {processor.py:153} INFO - Started process (PID=24561) to work on /home/airflow/.local/lib/python3.7/site-packages/airflow/example_dags/example_trigger_controller_dag.py
[2022-12-21 17:14:51,372] {processor.py:641} INFO - Processing file /home/airflow/.local/lib/python3.7/site-packages/airflow/example_dags/example_trigger_controller_dag.py for tasks to queue
[2022-12-21 17:14:51,372] {logging_mixin.py:115} INFO - [2022-12-21 17:14:51,372] {dagbag.py:507} INFO - Filling up the DagBag from /home/airflow/.local/lib/python3.7/site-packages/airflow/example_dags/example_trigger_controller_dag.py
[2022-12-21 17:14:51,375] {processor.py:651} INFO - DAG(s) dict_keys(['example_trigger_controller_dag']) retrieved from /home/airflow/.local/lib/python3.7/site-packages/airflow/example_dags/example_trigger_controller_dag.py
[2022-12-21 17:14:51,403] {logging_mixin.py:115} INFO - [2022-12-21 17:14:51,403] {dag.py:2371} INFO - Sync 1 DAGs
[2022-12-21 17:14:51,422] {logging_mixin.py:115} INFO - [2022-12-21 17:14:51,422] {dag.py:2919} INFO - Setting next_dagrun for example_trigger_controller_dag to 2021-01-01T00:00:00+00:00, run_after=2021-01-01T00:00:00+00:00
[2022-12-21 17:14:51,432] {processor.py:161} INFO - Processing /home/airflow/.local/lib/python3.7/site-packages/airflow/example_dags/example_trigger_controller_dag.py took 0.065 seconds
[2022-12-21 17:15:21,897] {processor.py:153} INFO - Started process (PID=24627) to work on /home/airflow/.local/lib/python3.7/site-packages/airflow/example_dags/example_trigger_controller_dag.py
[2022-12-21 17:15:21,898] {processor.py:641} INFO - Processing file /home/airflow/.local/lib/python3.7/site-packages/airflow/example_dags/example_trigger_controller_dag.py for tasks to queue
[2022-12-21 17:15:21,899] {logging_mixin.py:115} INFO - [2022-12-21 17:15:21,899] {dagbag.py:507} INFO - Filling up the DagBag from /home/airflow/.local/lib/python3.7/site-packages/airflow/example_dags/example_trigger_controller_dag.py
[2022-12-21 17:15:21,901] {processor.py:651} INFO - DAG(s) dict_keys(['example_trigger_controller_dag']) retrieved from /home/airflow/.local/lib/python3.7/site-packages/airflow/example_dags/example_trigger_controller_dag.py
[2022-12-21 17:15:21,921] {logging_mixin.py:115} INFO - [2022-12-21 17:15:21,921] {dag.py:2371} INFO - Sync 1 DAGs
[2022-12-21 17:15:21,939] {logging_mixin.py:115} INFO - [2022-12-21 17:15:21,939] {dag.py:2919} INFO - Setting next_dagrun for example_trigger_controller_dag to 2021-01-01T00:00:00+00:00, run_after=2021-01-01T00:00:00+00:00
[2022-12-21 17:15:21,949] {processor.py:161} INFO - Processing /home/airflow/.local/lib/python3.7/site-packages/airflow/example_dags/example_trigger_controller_dag.py took 0.053 seconds
[2022-12-21 17:15:52,600] {processor.py:153} INFO - Started process (PID=24692) to work on /home/airflow/.local/lib/python3.7/site-packages/airflow/example_dags/example_trigger_controller_dag.py
[2022-12-21 17:15:52,601] {processor.py:641} INFO - Processing file /home/airflow/.local/lib/python3.7/site-packages/airflow/example_dags/example_trigger_controller_dag.py for tasks to queue
[2022-12-21 17:15:52,601] {logging_mixin.py:115} INFO - [2022-12-21 17:15:52,601] {dagbag.py:507} INFO - Filling up the DagBag from /home/airflow/.local/lib/python3.7/site-packages/airflow/example_dags/example_trigger_controller_dag.py
[2022-12-21 17:15:52,604] {processor.py:651} INFO - DAG(s) dict_keys(['example_trigger_controller_dag']) retrieved from /home/airflow/.local/lib/python3.7/site-packages/airflow/example_dags/example_trigger_controller_dag.py
[2022-12-21 17:15:52,623] {logging_mixin.py:115} INFO - [2022-12-21 17:15:52,623] {dag.py:2371} INFO - Sync 1 DAGs
[2022-12-21 17:15:52,642] {logging_mixin.py:115} INFO - [2022-12-21 17:15:52,642] {dag.py:2919} INFO - Setting next_dagrun for example_trigger_controller_dag to 2021-01-01T00:00:00+00:00, run_after=2021-01-01T00:00:00+00:00
[2022-12-21 17:15:52,652] {processor.py:161} INFO - Processing /home/airflow/.local/lib/python3.7/site-packages/airflow/example_dags/example_trigger_controller_dag.py took 0.054 seconds
[2022-12-21 17:16:23,306] {processor.py:153} INFO - Started process (PID=24749) to work on /home/airflow/.local/lib/python3.7/site-packages/airflow/example_dags/example_trigger_controller_dag.py
[2022-12-21 17:16:23,307] {processor.py:641} INFO - Processing file /home/airflow/.local/lib/python3.7/site-packages/airflow/example_dags/example_trigger_controller_dag.py for tasks to queue
[2022-12-21 17:16:23,307] {logging_mixin.py:115} INFO - [2022-12-21 17:16:23,307] {dagbag.py:507} INFO - Filling up the DagBag from /home/airflow/.local/lib/python3.7/site-packages/airflow/example_dags/example_trigger_controller_dag.py
[2022-12-21 17:16:23,310] {processor.py:651} INFO - DAG(s) dict_keys(['example_trigger_controller_dag']) retrieved from /home/airflow/.local/lib/python3.7/site-packages/airflow/example_dags/example_trigger_controller_dag.py
[2022-12-21 17:16:23,330] {logging_mixin.py:115} INFO - [2022-12-21 17:16:23,329] {dag.py:2371} INFO - Sync 1 DAGs
[2022-12-21 17:16:23,350] {logging_mixin.py:115} INFO - [2022-12-21 17:16:23,350] {dag.py:2919} INFO - Setting next_dagrun for example_trigger_controller_dag to 2021-01-01T00:00:00+00:00, run_after=2021-01-01T00:00:00+00:00
[2022-12-21 17:16:23,360] {processor.py:161} INFO - Processing /home/airflow/.local/lib/python3.7/site-packages/airflow/example_dags/example_trigger_controller_dag.py took 0.057 seconds
[2022-12-21 17:16:53,922] {processor.py:153} INFO - Started process (PID=24816) to work on /home/airflow/.local/lib/python3.7/site-packages/airflow/example_dags/example_trigger_controller_dag.py
[2022-12-21 17:16:53,923] {processor.py:641} INFO - Processing file /home/airflow/.local/lib/python3.7/site-packages/airflow/example_dags/example_trigger_controller_dag.py for tasks to queue
[2022-12-21 17:16:53,923] {logging_mixin.py:115} INFO - [2022-12-21 17:16:53,923] {dagbag.py:507} INFO - Filling up the DagBag from /home/airflow/.local/lib/python3.7/site-packages/airflow/example_dags/example_trigger_controller_dag.py
[2022-12-21 17:16:53,925] {processor.py:651} INFO - DAG(s) dict_keys(['example_trigger_controller_dag']) retrieved from /home/airflow/.local/lib/python3.7/site-packages/airflow/example_dags/example_trigger_controller_dag.py
[2022-12-21 17:16:53,947] {logging_mixin.py:115} INFO - [2022-12-21 17:16:53,946] {dag.py:2371} INFO - Sync 1 DAGs
[2022-12-21 17:16:53,964] {logging_mixin.py:115} INFO - [2022-12-21 17:16:53,964] {dag.py:2919} INFO - Setting next_dagrun for example_trigger_controller_dag to 2021-01-01T00:00:00+00:00, run_after=2021-01-01T00:00:00+00:00
[2022-12-21 17:16:53,973] {processor.py:161} INFO - Processing /home/airflow/.local/lib/python3.7/site-packages/airflow/example_dags/example_trigger_controller_dag.py took 0.053 seconds
[2022-12-21 17:17:24,566] {processor.py:153} INFO - Started process (PID=24882) to work on /home/airflow/.local/lib/python3.7/site-packages/airflow/example_dags/example_trigger_controller_dag.py
[2022-12-21 17:17:24,566] {processor.py:641} INFO - Processing file /home/airflow/.local/lib/python3.7/site-packages/airflow/example_dags/example_trigger_controller_dag.py for tasks to queue
[2022-12-21 17:17:24,567] {logging_mixin.py:115} INFO - [2022-12-21 17:17:24,567] {dagbag.py:507} INFO - Filling up the DagBag from /home/airflow/.local/lib/python3.7/site-packages/airflow/example_dags/example_trigger_controller_dag.py
[2022-12-21 17:17:24,569] {processor.py:651} INFO - DAG(s) dict_keys(['example_trigger_controller_dag']) retrieved from /home/airflow/.local/lib/python3.7/site-packages/airflow/example_dags/example_trigger_controller_dag.py
[2022-12-21 17:17:24,591] {logging_mixin.py:115} INFO - [2022-12-21 17:17:24,591] {dag.py:2371} INFO - Sync 1 DAGs
[2022-12-21 17:17:24,613] {logging_mixin.py:115} INFO - [2022-12-21 17:17:24,613] {dag.py:2919} INFO - Setting next_dagrun for example_trigger_controller_dag to 2021-01-01T00:00:00+00:00, run_after=2021-01-01T00:00:00+00:00
[2022-12-21 17:17:24,625] {processor.py:161} INFO - Processing /home/airflow/.local/lib/python3.7/site-packages/airflow/example_dags/example_trigger_controller_dag.py took 0.062 seconds
[2022-12-21 17:17:55,147] {processor.py:153} INFO - Started process (PID=24939) to work on /home/airflow/.local/lib/python3.7/site-packages/airflow/example_dags/example_trigger_controller_dag.py
[2022-12-21 17:17:55,148] {processor.py:641} INFO - Processing file /home/airflow/.local/lib/python3.7/site-packages/airflow/example_dags/example_trigger_controller_dag.py for tasks to queue
[2022-12-21 17:17:55,149] {logging_mixin.py:115} INFO - [2022-12-21 17:17:55,148] {dagbag.py:507} INFO - Filling up the DagBag from /home/airflow/.local/lib/python3.7/site-packages/airflow/example_dags/example_trigger_controller_dag.py
[2022-12-21 17:17:55,151] {processor.py:651} INFO - DAG(s) dict_keys(['example_trigger_controller_dag']) retrieved from /home/airflow/.local/lib/python3.7/site-packages/airflow/example_dags/example_trigger_controller_dag.py
[2022-12-21 17:17:55,174] {logging_mixin.py:115} INFO - [2022-12-21 17:17:55,173] {dag.py:2371} INFO - Sync 1 DAGs
[2022-12-21 17:17:55,195] {logging_mixin.py:115} INFO - [2022-12-21 17:17:55,194] {dag.py:2919} INFO - Setting next_dagrun for example_trigger_controller_dag to 2021-01-01T00:00:00+00:00, run_after=2021-01-01T00:00:00+00:00
[2022-12-21 17:17:55,206] {processor.py:161} INFO - Processing /home/airflow/.local/lib/python3.7/site-packages/airflow/example_dags/example_trigger_controller_dag.py took 0.061 seconds
[2022-12-21 17:18:25,985] {processor.py:153} INFO - Started process (PID=25007) to work on /home/airflow/.local/lib/python3.7/site-packages/airflow/example_dags/example_trigger_controller_dag.py
[2022-12-21 17:18:25,985] {processor.py:641} INFO - Processing file /home/airflow/.local/lib/python3.7/site-packages/airflow/example_dags/example_trigger_controller_dag.py for tasks to queue
[2022-12-21 17:18:25,986] {logging_mixin.py:115} INFO - [2022-12-21 17:18:25,986] {dagbag.py:507} INFO - Filling up the DagBag from /home/airflow/.local/lib/python3.7/site-packages/airflow/example_dags/example_trigger_controller_dag.py
[2022-12-21 17:18:25,990] {processor.py:651} INFO - DAG(s) dict_keys(['example_trigger_controller_dag']) retrieved from /home/airflow/.local/lib/python3.7/site-packages/airflow/example_dags/example_trigger_controller_dag.py
[2022-12-21 17:18:26,017] {logging_mixin.py:115} INFO - [2022-12-21 17:18:26,017] {dag.py:2371} INFO - Sync 1 DAGs
[2022-12-21 17:18:26,040] {logging_mixin.py:115} INFO - [2022-12-21 17:18:26,040] {dag.py:2919} INFO - Setting next_dagrun for example_trigger_controller_dag to 2021-01-01T00:00:00+00:00, run_after=2021-01-01T00:00:00+00:00
[2022-12-21 17:18:26,052] {processor.py:161} INFO - Processing /home/airflow/.local/lib/python3.7/site-packages/airflow/example_dags/example_trigger_controller_dag.py took 0.071 seconds
[2022-12-21 17:18:56,733] {processor.py:153} INFO - Started process (PID=25074) to work on /home/airflow/.local/lib/python3.7/site-packages/airflow/example_dags/example_trigger_controller_dag.py
[2022-12-21 17:18:56,733] {processor.py:641} INFO - Processing file /home/airflow/.local/lib/python3.7/site-packages/airflow/example_dags/example_trigger_controller_dag.py for tasks to queue
[2022-12-21 17:18:56,734] {logging_mixin.py:115} INFO - [2022-12-21 17:18:56,733] {dagbag.py:507} INFO - Filling up the DagBag from /home/airflow/.local/lib/python3.7/site-packages/airflow/example_dags/example_trigger_controller_dag.py
[2022-12-21 17:18:56,736] {processor.py:651} INFO - DAG(s) dict_keys(['example_trigger_controller_dag']) retrieved from /home/airflow/.local/lib/python3.7/site-packages/airflow/example_dags/example_trigger_controller_dag.py
[2022-12-21 17:18:56,758] {logging_mixin.py:115} INFO - [2022-12-21 17:18:56,758] {dag.py:2371} INFO - Sync 1 DAGs
[2022-12-21 17:18:56,784] {logging_mixin.py:115} INFO - [2022-12-21 17:18:56,784] {dag.py:2919} INFO - Setting next_dagrun for example_trigger_controller_dag to 2021-01-01T00:00:00+00:00, run_after=2021-01-01T00:00:00+00:00
[2022-12-21 17:18:56,793] {processor.py:161} INFO - Processing /home/airflow/.local/lib/python3.7/site-packages/airflow/example_dags/example_trigger_controller_dag.py took 0.063 seconds
[2022-12-21 17:19:27,387] {processor.py:153} INFO - Started process (PID=25142) to work on /home/airflow/.local/lib/python3.7/site-packages/airflow/example_dags/example_trigger_controller_dag.py
[2022-12-21 17:19:27,388] {processor.py:641} INFO - Processing file /home/airflow/.local/lib/python3.7/site-packages/airflow/example_dags/example_trigger_controller_dag.py for tasks to queue
[2022-12-21 17:19:27,389] {logging_mixin.py:115} INFO - [2022-12-21 17:19:27,389] {dagbag.py:507} INFO - Filling up the DagBag from /home/airflow/.local/lib/python3.7/site-packages/airflow/example_dags/example_trigger_controller_dag.py
[2022-12-21 17:19:27,391] {processor.py:651} INFO - DAG(s) dict_keys(['example_trigger_controller_dag']) retrieved from /home/airflow/.local/lib/python3.7/site-packages/airflow/example_dags/example_trigger_controller_dag.py
[2022-12-21 17:19:27,412] {logging_mixin.py:115} INFO - [2022-12-21 17:19:27,411] {dag.py:2371} INFO - Sync 1 DAGs
[2022-12-21 17:19:27,428] {logging_mixin.py:115} INFO - [2022-12-21 17:19:27,428] {dag.py:2919} INFO - Setting next_dagrun for example_trigger_controller_dag to 2021-01-01T00:00:00+00:00, run_after=2021-01-01T00:00:00+00:00
[2022-12-21 17:19:27,438] {processor.py:161} INFO - Processing /home/airflow/.local/lib/python3.7/site-packages/airflow/example_dags/example_trigger_controller_dag.py took 0.055 seconds
[2022-12-21 17:19:58,082] {processor.py:153} INFO - Started process (PID=25201) to work on /home/airflow/.local/lib/python3.7/site-packages/airflow/example_dags/example_trigger_controller_dag.py
[2022-12-21 17:19:58,082] {processor.py:641} INFO - Processing file /home/airflow/.local/lib/python3.7/site-packages/airflow/example_dags/example_trigger_controller_dag.py for tasks to queue
[2022-12-21 17:19:58,083] {logging_mixin.py:115} INFO - [2022-12-21 17:19:58,083] {dagbag.py:507} INFO - Filling up the DagBag from /home/airflow/.local/lib/python3.7/site-packages/airflow/example_dags/example_trigger_controller_dag.py
[2022-12-21 17:19:58,085] {processor.py:651} INFO - DAG(s) dict_keys(['example_trigger_controller_dag']) retrieved from /home/airflow/.local/lib/python3.7/site-packages/airflow/example_dags/example_trigger_controller_dag.py
[2022-12-21 17:19:58,109] {logging_mixin.py:115} INFO - [2022-12-21 17:19:58,109] {dag.py:2371} INFO - Sync 1 DAGs
[2022-12-21 17:19:58,128] {logging_mixin.py:115} INFO - [2022-12-21 17:19:58,128] {dag.py:2919} INFO - Setting next_dagrun for example_trigger_controller_dag to 2021-01-01T00:00:00+00:00, run_after=2021-01-01T00:00:00+00:00
[2022-12-21 17:19:58,140] {processor.py:161} INFO - Processing /home/airflow/.local/lib/python3.7/site-packages/airflow/example_dags/example_trigger_controller_dag.py took 0.060 seconds
[2022-12-21 17:20:28,720] {processor.py:153} INFO - Started process (PID=25267) to work on /home/airflow/.local/lib/python3.7/site-packages/airflow/example_dags/example_trigger_controller_dag.py
[2022-12-21 17:20:28,721] {processor.py:641} INFO - Processing file /home/airflow/.local/lib/python3.7/site-packages/airflow/example_dags/example_trigger_controller_dag.py for tasks to queue
[2022-12-21 17:20:28,721] {logging_mixin.py:115} INFO - [2022-12-21 17:20:28,721] {dagbag.py:507} INFO - Filling up the DagBag from /home/airflow/.local/lib/python3.7/site-packages/airflow/example_dags/example_trigger_controller_dag.py
[2022-12-21 17:20:28,723] {processor.py:651} INFO - DAG(s) dict_keys(['example_trigger_controller_dag']) retrieved from /home/airflow/.local/lib/python3.7/site-packages/airflow/example_dags/example_trigger_controller_dag.py
[2022-12-21 17:20:28,743] {logging_mixin.py:115} INFO - [2022-12-21 17:20:28,743] {dag.py:2371} INFO - Sync 1 DAGs
[2022-12-21 17:20:28,763] {logging_mixin.py:115} INFO - [2022-12-21 17:20:28,763] {dag.py:2919} INFO - Setting next_dagrun for example_trigger_controller_dag to 2021-01-01T00:00:00+00:00, run_after=2021-01-01T00:00:00+00:00
[2022-12-21 17:20:28,774] {processor.py:161} INFO - Processing /home/airflow/.local/lib/python3.7/site-packages/airflow/example_dags/example_trigger_controller_dag.py took 0.056 seconds
[2022-12-21 17:20:59,431] {processor.py:153} INFO - Started process (PID=25333) to work on /home/airflow/.local/lib/python3.7/site-packages/airflow/example_dags/example_trigger_controller_dag.py
[2022-12-21 17:20:59,432] {processor.py:641} INFO - Processing file /home/airflow/.local/lib/python3.7/site-packages/airflow/example_dags/example_trigger_controller_dag.py for tasks to queue
[2022-12-21 17:20:59,432] {logging_mixin.py:115} INFO - [2022-12-21 17:20:59,432] {dagbag.py:507} INFO - Filling up the DagBag from /home/airflow/.local/lib/python3.7/site-packages/airflow/example_dags/example_trigger_controller_dag.py
[2022-12-21 17:20:59,435] {processor.py:651} INFO - DAG(s) dict_keys(['example_trigger_controller_dag']) retrieved from /home/airflow/.local/lib/python3.7/site-packages/airflow/example_dags/example_trigger_controller_dag.py
[2022-12-21 17:20:59,463] {logging_mixin.py:115} INFO - [2022-12-21 17:20:59,463] {dag.py:2371} INFO - Sync 1 DAGs
[2022-12-21 17:20:59,486] {logging_mixin.py:115} INFO - [2022-12-21 17:20:59,486] {dag.py:2919} INFO - Setting next_dagrun for example_trigger_controller_dag to 2021-01-01T00:00:00+00:00, run_after=2021-01-01T00:00:00+00:00
[2022-12-21 17:20:59,499] {processor.py:161} INFO - Processing /home/airflow/.local/lib/python3.7/site-packages/airflow/example_dags/example_trigger_controller_dag.py took 0.071 seconds
[2022-12-21 17:21:29,901] {processor.py:153} INFO - Started process (PID=25399) to work on /home/airflow/.local/lib/python3.7/site-packages/airflow/example_dags/example_trigger_controller_dag.py
[2022-12-21 17:21:29,901] {processor.py:641} INFO - Processing file /home/airflow/.local/lib/python3.7/site-packages/airflow/example_dags/example_trigger_controller_dag.py for tasks to queue
[2022-12-21 17:21:29,902] {logging_mixin.py:115} INFO - [2022-12-21 17:21:29,902] {dagbag.py:507} INFO - Filling up the DagBag from /home/airflow/.local/lib/python3.7/site-packages/airflow/example_dags/example_trigger_controller_dag.py
[2022-12-21 17:21:29,906] {processor.py:651} INFO - DAG(s) dict_keys(['example_trigger_controller_dag']) retrieved from /home/airflow/.local/lib/python3.7/site-packages/airflow/example_dags/example_trigger_controller_dag.py
[2022-12-21 17:21:29,928] {logging_mixin.py:115} INFO - [2022-12-21 17:21:29,928] {dag.py:2371} INFO - Sync 1 DAGs
[2022-12-21 17:21:29,946] {logging_mixin.py:115} INFO - [2022-12-21 17:21:29,946] {dag.py:2919} INFO - Setting next_dagrun for example_trigger_controller_dag to 2021-01-01T00:00:00+00:00, run_after=2021-01-01T00:00:00+00:00
[2022-12-21 17:21:29,957] {processor.py:161} INFO - Processing /home/airflow/.local/lib/python3.7/site-packages/airflow/example_dags/example_trigger_controller_dag.py took 0.060 seconds
[2022-12-21 17:22:00,378] {processor.py:153} INFO - Started process (PID=25455) to work on /home/airflow/.local/lib/python3.7/site-packages/airflow/example_dags/example_trigger_controller_dag.py
[2022-12-21 17:22:00,379] {processor.py:641} INFO - Processing file /home/airflow/.local/lib/python3.7/site-packages/airflow/example_dags/example_trigger_controller_dag.py for tasks to queue
[2022-12-21 17:22:00,380] {logging_mixin.py:115} INFO - [2022-12-21 17:22:00,380] {dagbag.py:507} INFO - Filling up the DagBag from /home/airflow/.local/lib/python3.7/site-packages/airflow/example_dags/example_trigger_controller_dag.py
[2022-12-21 17:22:00,383] {processor.py:651} INFO - DAG(s) dict_keys(['example_trigger_controller_dag']) retrieved from /home/airflow/.local/lib/python3.7/site-packages/airflow/example_dags/example_trigger_controller_dag.py
[2022-12-21 17:22:00,406] {logging_mixin.py:115} INFO - [2022-12-21 17:22:00,406] {dag.py:2371} INFO - Sync 1 DAGs
[2022-12-21 17:22:00,422] {logging_mixin.py:115} INFO - [2022-12-21 17:22:00,422] {dag.py:2919} INFO - Setting next_dagrun for example_trigger_controller_dag to 2021-01-01T00:00:00+00:00, run_after=2021-01-01T00:00:00+00:00
[2022-12-21 17:22:00,431] {processor.py:161} INFO - Processing /home/airflow/.local/lib/python3.7/site-packages/airflow/example_dags/example_trigger_controller_dag.py took 0.055 seconds
[2022-12-21 17:22:30,935] {processor.py:153} INFO - Started process (PID=25523) to work on /home/airflow/.local/lib/python3.7/site-packages/airflow/example_dags/example_trigger_controller_dag.py
[2022-12-21 17:22:31,013] {processor.py:641} INFO - Processing file /home/airflow/.local/lib/python3.7/site-packages/airflow/example_dags/example_trigger_controller_dag.py for tasks to queue
[2022-12-21 17:22:31,014] {logging_mixin.py:115} INFO - [2022-12-21 17:22:31,014] {dagbag.py:507} INFO - Filling up the DagBag from /home/airflow/.local/lib/python3.7/site-packages/airflow/example_dags/example_trigger_controller_dag.py
[2022-12-21 17:22:31,016] {processor.py:651} INFO - DAG(s) dict_keys(['example_trigger_controller_dag']) retrieved from /home/airflow/.local/lib/python3.7/site-packages/airflow/example_dags/example_trigger_controller_dag.py
[2022-12-21 17:22:31,039] {logging_mixin.py:115} INFO - [2022-12-21 17:22:31,039] {dag.py:2371} INFO - Sync 1 DAGs
[2022-12-21 17:22:31,056] {logging_mixin.py:115} INFO - [2022-12-21 17:22:31,056] {dag.py:2919} INFO - Setting next_dagrun for example_trigger_controller_dag to 2021-01-01T00:00:00+00:00, run_after=2021-01-01T00:00:00+00:00
[2022-12-21 17:22:31,067] {processor.py:161} INFO - Processing /home/airflow/.local/lib/python3.7/site-packages/airflow/example_dags/example_trigger_controller_dag.py took 0.135 seconds
[2022-12-21 17:23:01,112] {processor.py:153} INFO - Started process (PID=25590) to work on /home/airflow/.local/lib/python3.7/site-packages/airflow/example_dags/example_trigger_controller_dag.py
[2022-12-21 17:23:01,112] {processor.py:641} INFO - Processing file /home/airflow/.local/lib/python3.7/site-packages/airflow/example_dags/example_trigger_controller_dag.py for tasks to queue
[2022-12-21 17:23:01,113] {logging_mixin.py:115} INFO - [2022-12-21 17:23:01,113] {dagbag.py:507} INFO - Filling up the DagBag from /home/airflow/.local/lib/python3.7/site-packages/airflow/example_dags/example_trigger_controller_dag.py
[2022-12-21 17:23:01,115] {processor.py:651} INFO - DAG(s) dict_keys(['example_trigger_controller_dag']) retrieved from /home/airflow/.local/lib/python3.7/site-packages/airflow/example_dags/example_trigger_controller_dag.py
[2022-12-21 17:23:01,134] {logging_mixin.py:115} INFO - [2022-12-21 17:23:01,134] {dag.py:2371} INFO - Sync 1 DAGs
[2022-12-21 17:23:01,152] {logging_mixin.py:115} INFO - [2022-12-21 17:23:01,151] {dag.py:2919} INFO - Setting next_dagrun for example_trigger_controller_dag to 2021-01-01T00:00:00+00:00, run_after=2021-01-01T00:00:00+00:00
[2022-12-21 17:23:01,164] {processor.py:161} INFO - Processing /home/airflow/.local/lib/python3.7/site-packages/airflow/example_dags/example_trigger_controller_dag.py took 0.055 seconds
[2022-12-21 17:23:32,081] {processor.py:153} INFO - Started process (PID=25656) to work on /home/airflow/.local/lib/python3.7/site-packages/airflow/example_dags/example_trigger_controller_dag.py
[2022-12-21 17:23:32,082] {processor.py:641} INFO - Processing file /home/airflow/.local/lib/python3.7/site-packages/airflow/example_dags/example_trigger_controller_dag.py for tasks to queue
[2022-12-21 17:23:32,082] {logging_mixin.py:115} INFO - [2022-12-21 17:23:32,082] {dagbag.py:507} INFO - Filling up the DagBag from /home/airflow/.local/lib/python3.7/site-packages/airflow/example_dags/example_trigger_controller_dag.py
[2022-12-21 17:23:32,084] {processor.py:651} INFO - DAG(s) dict_keys(['example_trigger_controller_dag']) retrieved from /home/airflow/.local/lib/python3.7/site-packages/airflow/example_dags/example_trigger_controller_dag.py
[2022-12-21 17:23:32,105] {logging_mixin.py:115} INFO - [2022-12-21 17:23:32,105] {dag.py:2371} INFO - Sync 1 DAGs
[2022-12-21 17:23:32,122] {logging_mixin.py:115} INFO - [2022-12-21 17:23:32,122] {dag.py:2919} INFO - Setting next_dagrun for example_trigger_controller_dag to 2021-01-01T00:00:00+00:00, run_after=2021-01-01T00:00:00+00:00
[2022-12-21 17:23:32,133] {processor.py:161} INFO - Processing /home/airflow/.local/lib/python3.7/site-packages/airflow/example_dags/example_trigger_controller_dag.py took 0.054 seconds
