[2022-12-21 16:55:23,219] {processor.py:153} INFO - Started process (PID=22105) to work on /home/airflow/.local/lib/python3.7/site-packages/airflow/example_dags/tutorial_etl_dag.py
[2022-12-21 16:55:23,220] {processor.py:641} INFO - Processing file /home/airflow/.local/lib/python3.7/site-packages/airflow/example_dags/tutorial_etl_dag.py for tasks to queue
[2022-12-21 16:55:23,220] {logging_mixin.py:115} INFO - [2022-12-21 16:55:23,220] {dagbag.py:507} INFO - Filling up the DagBag from /home/airflow/.local/lib/python3.7/site-packages/airflow/example_dags/tutorial_etl_dag.py
[2022-12-21 16:55:23,225] {processor.py:651} INFO - DAG(s) dict_keys(['tutorial_etl_dag']) retrieved from /home/airflow/.local/lib/python3.7/site-packages/airflow/example_dags/tutorial_etl_dag.py
[2022-12-21 16:55:23,244] {logging_mixin.py:115} INFO - [2022-12-21 16:55:23,244] {dag.py:2371} INFO - Sync 1 DAGs
[2022-12-21 16:55:23,259] {logging_mixin.py:115} INFO - [2022-12-21 16:55:23,259] {dag.py:2919} INFO - Setting next_dagrun for tutorial_etl_dag to None, run_after=None
[2022-12-21 16:55:23,269] {processor.py:161} INFO - Processing /home/airflow/.local/lib/python3.7/site-packages/airflow/example_dags/tutorial_etl_dag.py took 0.052 seconds
[2022-12-21 16:55:53,748] {processor.py:153} INFO - Started process (PID=22171) to work on /home/airflow/.local/lib/python3.7/site-packages/airflow/example_dags/tutorial_etl_dag.py
[2022-12-21 16:55:53,748] {processor.py:641} INFO - Processing file /home/airflow/.local/lib/python3.7/site-packages/airflow/example_dags/tutorial_etl_dag.py for tasks to queue
[2022-12-21 16:55:53,748] {logging_mixin.py:115} INFO - [2022-12-21 16:55:53,748] {dagbag.py:507} INFO - Filling up the DagBag from /home/airflow/.local/lib/python3.7/site-packages/airflow/example_dags/tutorial_etl_dag.py
[2022-12-21 16:55:53,753] {processor.py:651} INFO - DAG(s) dict_keys(['tutorial_etl_dag']) retrieved from /home/airflow/.local/lib/python3.7/site-packages/airflow/example_dags/tutorial_etl_dag.py
[2022-12-21 16:55:53,770] {logging_mixin.py:115} INFO - [2022-12-21 16:55:53,770] {dag.py:2371} INFO - Sync 1 DAGs
[2022-12-21 16:55:53,783] {logging_mixin.py:115} INFO - [2022-12-21 16:55:53,783] {dag.py:2919} INFO - Setting next_dagrun for tutorial_etl_dag to None, run_after=None
[2022-12-21 16:55:53,791] {processor.py:161} INFO - Processing /home/airflow/.local/lib/python3.7/site-packages/airflow/example_dags/tutorial_etl_dag.py took 0.046 seconds
[2022-12-21 16:56:24,101] {processor.py:153} INFO - Started process (PID=22237) to work on /home/airflow/.local/lib/python3.7/site-packages/airflow/example_dags/tutorial_etl_dag.py
[2022-12-21 16:56:24,101] {processor.py:641} INFO - Processing file /home/airflow/.local/lib/python3.7/site-packages/airflow/example_dags/tutorial_etl_dag.py for tasks to queue
[2022-12-21 16:56:24,102] {logging_mixin.py:115} INFO - [2022-12-21 16:56:24,102] {dagbag.py:507} INFO - Filling up the DagBag from /home/airflow/.local/lib/python3.7/site-packages/airflow/example_dags/tutorial_etl_dag.py
[2022-12-21 16:56:24,106] {processor.py:651} INFO - DAG(s) dict_keys(['tutorial_etl_dag']) retrieved from /home/airflow/.local/lib/python3.7/site-packages/airflow/example_dags/tutorial_etl_dag.py
[2022-12-21 16:56:24,125] {logging_mixin.py:115} INFO - [2022-12-21 16:56:24,125] {dag.py:2371} INFO - Sync 1 DAGs
[2022-12-21 16:56:24,141] {logging_mixin.py:115} INFO - [2022-12-21 16:56:24,141] {dag.py:2919} INFO - Setting next_dagrun for tutorial_etl_dag to None, run_after=None
[2022-12-21 16:56:24,150] {processor.py:161} INFO - Processing /home/airflow/.local/lib/python3.7/site-packages/airflow/example_dags/tutorial_etl_dag.py took 0.050 seconds
[2022-12-21 16:56:54,467] {processor.py:153} INFO - Started process (PID=22296) to work on /home/airflow/.local/lib/python3.7/site-packages/airflow/example_dags/tutorial_etl_dag.py
[2022-12-21 16:56:54,467] {processor.py:641} INFO - Processing file /home/airflow/.local/lib/python3.7/site-packages/airflow/example_dags/tutorial_etl_dag.py for tasks to queue
[2022-12-21 16:56:54,467] {logging_mixin.py:115} INFO - [2022-12-21 16:56:54,467] {dagbag.py:507} INFO - Filling up the DagBag from /home/airflow/.local/lib/python3.7/site-packages/airflow/example_dags/tutorial_etl_dag.py
[2022-12-21 16:56:54,473] {processor.py:651} INFO - DAG(s) dict_keys(['tutorial_etl_dag']) retrieved from /home/airflow/.local/lib/python3.7/site-packages/airflow/example_dags/tutorial_etl_dag.py
[2022-12-21 16:56:54,497] {logging_mixin.py:115} INFO - [2022-12-21 16:56:54,496] {dag.py:2371} INFO - Sync 1 DAGs
[2022-12-21 16:56:54,516] {logging_mixin.py:115} INFO - [2022-12-21 16:56:54,516] {dag.py:2919} INFO - Setting next_dagrun for tutorial_etl_dag to None, run_after=None
[2022-12-21 16:56:54,527] {processor.py:161} INFO - Processing /home/airflow/.local/lib/python3.7/site-packages/airflow/example_dags/tutorial_etl_dag.py took 0.063 seconds
[2022-12-21 16:57:25,033] {processor.py:153} INFO - Started process (PID=22361) to work on /home/airflow/.local/lib/python3.7/site-packages/airflow/example_dags/tutorial_etl_dag.py
[2022-12-21 16:57:25,033] {processor.py:641} INFO - Processing file /home/airflow/.local/lib/python3.7/site-packages/airflow/example_dags/tutorial_etl_dag.py for tasks to queue
[2022-12-21 16:57:25,033] {logging_mixin.py:115} INFO - [2022-12-21 16:57:25,033] {dagbag.py:507} INFO - Filling up the DagBag from /home/airflow/.local/lib/python3.7/site-packages/airflow/example_dags/tutorial_etl_dag.py
[2022-12-21 16:57:25,039] {processor.py:651} INFO - DAG(s) dict_keys(['tutorial_etl_dag']) retrieved from /home/airflow/.local/lib/python3.7/site-packages/airflow/example_dags/tutorial_etl_dag.py
[2022-12-21 16:57:25,059] {logging_mixin.py:115} INFO - [2022-12-21 16:57:25,059] {dag.py:2371} INFO - Sync 1 DAGs
[2022-12-21 16:57:25,077] {logging_mixin.py:115} INFO - [2022-12-21 16:57:25,077] {dag.py:2919} INFO - Setting next_dagrun for tutorial_etl_dag to None, run_after=None
[2022-12-21 16:57:25,085] {processor.py:161} INFO - Processing /home/airflow/.local/lib/python3.7/site-packages/airflow/example_dags/tutorial_etl_dag.py took 0.055 seconds
[2022-12-21 16:57:55,342] {processor.py:153} INFO - Started process (PID=22428) to work on /home/airflow/.local/lib/python3.7/site-packages/airflow/example_dags/tutorial_etl_dag.py
[2022-12-21 16:57:55,342] {processor.py:641} INFO - Processing file /home/airflow/.local/lib/python3.7/site-packages/airflow/example_dags/tutorial_etl_dag.py for tasks to queue
[2022-12-21 16:57:55,343] {logging_mixin.py:115} INFO - [2022-12-21 16:57:55,343] {dagbag.py:507} INFO - Filling up the DagBag from /home/airflow/.local/lib/python3.7/site-packages/airflow/example_dags/tutorial_etl_dag.py
[2022-12-21 16:57:55,347] {processor.py:651} INFO - DAG(s) dict_keys(['tutorial_etl_dag']) retrieved from /home/airflow/.local/lib/python3.7/site-packages/airflow/example_dags/tutorial_etl_dag.py
[2022-12-21 16:57:55,365] {logging_mixin.py:115} INFO - [2022-12-21 16:57:55,365] {dag.py:2371} INFO - Sync 1 DAGs
[2022-12-21 16:57:55,382] {logging_mixin.py:115} INFO - [2022-12-21 16:57:55,381] {dag.py:2919} INFO - Setting next_dagrun for tutorial_etl_dag to None, run_after=None
[2022-12-21 16:57:55,390] {processor.py:161} INFO - Processing /home/airflow/.local/lib/python3.7/site-packages/airflow/example_dags/tutorial_etl_dag.py took 0.049 seconds
[2022-12-21 16:58:25,751] {processor.py:153} INFO - Started process (PID=22494) to work on /home/airflow/.local/lib/python3.7/site-packages/airflow/example_dags/tutorial_etl_dag.py
[2022-12-21 16:58:25,751] {processor.py:641} INFO - Processing file /home/airflow/.local/lib/python3.7/site-packages/airflow/example_dags/tutorial_etl_dag.py for tasks to queue
[2022-12-21 16:58:25,752] {logging_mixin.py:115} INFO - [2022-12-21 16:58:25,752] {dagbag.py:507} INFO - Filling up the DagBag from /home/airflow/.local/lib/python3.7/site-packages/airflow/example_dags/tutorial_etl_dag.py
[2022-12-21 16:58:25,758] {processor.py:651} INFO - DAG(s) dict_keys(['tutorial_etl_dag']) retrieved from /home/airflow/.local/lib/python3.7/site-packages/airflow/example_dags/tutorial_etl_dag.py
[2022-12-21 16:58:25,777] {logging_mixin.py:115} INFO - [2022-12-21 16:58:25,777] {dag.py:2371} INFO - Sync 1 DAGs
[2022-12-21 16:58:25,795] {logging_mixin.py:115} INFO - [2022-12-21 16:58:25,795] {dag.py:2919} INFO - Setting next_dagrun for tutorial_etl_dag to None, run_after=None
[2022-12-21 16:58:25,807] {processor.py:161} INFO - Processing /home/airflow/.local/lib/python3.7/site-packages/airflow/example_dags/tutorial_etl_dag.py took 0.059 seconds
[2022-12-21 16:58:56,319] {processor.py:153} INFO - Started process (PID=22558) to work on /home/airflow/.local/lib/python3.7/site-packages/airflow/example_dags/tutorial_etl_dag.py
[2022-12-21 16:58:56,320] {processor.py:641} INFO - Processing file /home/airflow/.local/lib/python3.7/site-packages/airflow/example_dags/tutorial_etl_dag.py for tasks to queue
[2022-12-21 16:58:56,320] {logging_mixin.py:115} INFO - [2022-12-21 16:58:56,320] {dagbag.py:507} INFO - Filling up the DagBag from /home/airflow/.local/lib/python3.7/site-packages/airflow/example_dags/tutorial_etl_dag.py
[2022-12-21 16:58:56,325] {processor.py:651} INFO - DAG(s) dict_keys(['tutorial_etl_dag']) retrieved from /home/airflow/.local/lib/python3.7/site-packages/airflow/example_dags/tutorial_etl_dag.py
[2022-12-21 16:58:56,346] {logging_mixin.py:115} INFO - [2022-12-21 16:58:56,346] {dag.py:2371} INFO - Sync 1 DAGs
[2022-12-21 16:58:56,366] {logging_mixin.py:115} INFO - [2022-12-21 16:58:56,366] {dag.py:2919} INFO - Setting next_dagrun for tutorial_etl_dag to None, run_after=None
[2022-12-21 16:58:56,376] {processor.py:161} INFO - Processing /home/airflow/.local/lib/python3.7/site-packages/airflow/example_dags/tutorial_etl_dag.py took 0.059 seconds
[2022-12-21 16:59:26,784] {processor.py:153} INFO - Started process (PID=22618) to work on /home/airflow/.local/lib/python3.7/site-packages/airflow/example_dags/tutorial_etl_dag.py
[2022-12-21 16:59:26,785] {processor.py:641} INFO - Processing file /home/airflow/.local/lib/python3.7/site-packages/airflow/example_dags/tutorial_etl_dag.py for tasks to queue
[2022-12-21 16:59:26,785] {logging_mixin.py:115} INFO - [2022-12-21 16:59:26,785] {dagbag.py:507} INFO - Filling up the DagBag from /home/airflow/.local/lib/python3.7/site-packages/airflow/example_dags/tutorial_etl_dag.py
[2022-12-21 16:59:26,791] {processor.py:651} INFO - DAG(s) dict_keys(['tutorial_etl_dag']) retrieved from /home/airflow/.local/lib/python3.7/site-packages/airflow/example_dags/tutorial_etl_dag.py
[2022-12-21 16:59:26,810] {logging_mixin.py:115} INFO - [2022-12-21 16:59:26,810] {dag.py:2371} INFO - Sync 1 DAGs
[2022-12-21 16:59:26,831] {logging_mixin.py:115} INFO - [2022-12-21 16:59:26,831] {dag.py:2919} INFO - Setting next_dagrun for tutorial_etl_dag to None, run_after=None
[2022-12-21 16:59:26,840] {processor.py:161} INFO - Processing /home/airflow/.local/lib/python3.7/site-packages/airflow/example_dags/tutorial_etl_dag.py took 0.060 seconds
[2022-12-21 16:59:57,295] {processor.py:153} INFO - Started process (PID=22684) to work on /home/airflow/.local/lib/python3.7/site-packages/airflow/example_dags/tutorial_etl_dag.py
[2022-12-21 16:59:57,295] {processor.py:641} INFO - Processing file /home/airflow/.local/lib/python3.7/site-packages/airflow/example_dags/tutorial_etl_dag.py for tasks to queue
[2022-12-21 16:59:57,296] {logging_mixin.py:115} INFO - [2022-12-21 16:59:57,296] {dagbag.py:507} INFO - Filling up the DagBag from /home/airflow/.local/lib/python3.7/site-packages/airflow/example_dags/tutorial_etl_dag.py
[2022-12-21 16:59:57,301] {processor.py:651} INFO - DAG(s) dict_keys(['tutorial_etl_dag']) retrieved from /home/airflow/.local/lib/python3.7/site-packages/airflow/example_dags/tutorial_etl_dag.py
[2022-12-21 16:59:57,321] {logging_mixin.py:115} INFO - [2022-12-21 16:59:57,321] {dag.py:2371} INFO - Sync 1 DAGs
[2022-12-21 16:59:57,337] {logging_mixin.py:115} INFO - [2022-12-21 16:59:57,337] {dag.py:2919} INFO - Setting next_dagrun for tutorial_etl_dag to None, run_after=None
[2022-12-21 16:59:57,347] {processor.py:161} INFO - Processing /home/airflow/.local/lib/python3.7/site-packages/airflow/example_dags/tutorial_etl_dag.py took 0.054 seconds
[2022-12-21 17:00:27,909] {processor.py:153} INFO - Started process (PID=22751) to work on /home/airflow/.local/lib/python3.7/site-packages/airflow/example_dags/tutorial_etl_dag.py
[2022-12-21 17:00:27,909] {processor.py:641} INFO - Processing file /home/airflow/.local/lib/python3.7/site-packages/airflow/example_dags/tutorial_etl_dag.py for tasks to queue
[2022-12-21 17:00:27,910] {logging_mixin.py:115} INFO - [2022-12-21 17:00:27,910] {dagbag.py:507} INFO - Filling up the DagBag from /home/airflow/.local/lib/python3.7/site-packages/airflow/example_dags/tutorial_etl_dag.py
[2022-12-21 17:00:27,915] {processor.py:651} INFO - DAG(s) dict_keys(['tutorial_etl_dag']) retrieved from /home/airflow/.local/lib/python3.7/site-packages/airflow/example_dags/tutorial_etl_dag.py
[2022-12-21 17:00:27,935] {logging_mixin.py:115} INFO - [2022-12-21 17:00:27,935] {dag.py:2371} INFO - Sync 1 DAGs
[2022-12-21 17:00:27,951] {logging_mixin.py:115} INFO - [2022-12-21 17:00:27,951] {dag.py:2919} INFO - Setting next_dagrun for tutorial_etl_dag to None, run_after=None
[2022-12-21 17:00:27,961] {processor.py:161} INFO - Processing /home/airflow/.local/lib/python3.7/site-packages/airflow/example_dags/tutorial_etl_dag.py took 0.055 seconds
[2022-12-21 17:00:58,409] {processor.py:153} INFO - Started process (PID=22807) to work on /home/airflow/.local/lib/python3.7/site-packages/airflow/example_dags/tutorial_etl_dag.py
[2022-12-21 17:00:58,410] {processor.py:641} INFO - Processing file /home/airflow/.local/lib/python3.7/site-packages/airflow/example_dags/tutorial_etl_dag.py for tasks to queue
[2022-12-21 17:00:58,410] {logging_mixin.py:115} INFO - [2022-12-21 17:00:58,410] {dagbag.py:507} INFO - Filling up the DagBag from /home/airflow/.local/lib/python3.7/site-packages/airflow/example_dags/tutorial_etl_dag.py
[2022-12-21 17:00:58,416] {processor.py:651} INFO - DAG(s) dict_keys(['tutorial_etl_dag']) retrieved from /home/airflow/.local/lib/python3.7/site-packages/airflow/example_dags/tutorial_etl_dag.py
[2022-12-21 17:00:58,438] {logging_mixin.py:115} INFO - [2022-12-21 17:00:58,438] {dag.py:2371} INFO - Sync 1 DAGs
[2022-12-21 17:00:58,456] {logging_mixin.py:115} INFO - [2022-12-21 17:00:58,455] {dag.py:2919} INFO - Setting next_dagrun for tutorial_etl_dag to None, run_after=None
[2022-12-21 17:00:58,465] {processor.py:161} INFO - Processing /home/airflow/.local/lib/python3.7/site-packages/airflow/example_dags/tutorial_etl_dag.py took 0.058 seconds
[2022-12-21 17:01:28,898] {processor.py:153} INFO - Started process (PID=22874) to work on /home/airflow/.local/lib/python3.7/site-packages/airflow/example_dags/tutorial_etl_dag.py
[2022-12-21 17:01:28,899] {processor.py:641} INFO - Processing file /home/airflow/.local/lib/python3.7/site-packages/airflow/example_dags/tutorial_etl_dag.py for tasks to queue
[2022-12-21 17:01:28,899] {logging_mixin.py:115} INFO - [2022-12-21 17:01:28,899] {dagbag.py:507} INFO - Filling up the DagBag from /home/airflow/.local/lib/python3.7/site-packages/airflow/example_dags/tutorial_etl_dag.py
[2022-12-21 17:01:28,905] {processor.py:651} INFO - DAG(s) dict_keys(['tutorial_etl_dag']) retrieved from /home/airflow/.local/lib/python3.7/site-packages/airflow/example_dags/tutorial_etl_dag.py
[2022-12-21 17:01:28,924] {logging_mixin.py:115} INFO - [2022-12-21 17:01:28,924] {dag.py:2371} INFO - Sync 1 DAGs
[2022-12-21 17:01:28,941] {logging_mixin.py:115} INFO - [2022-12-21 17:01:28,941] {dag.py:2919} INFO - Setting next_dagrun for tutorial_etl_dag to None, run_after=None
[2022-12-21 17:01:28,951] {processor.py:161} INFO - Processing /home/airflow/.local/lib/python3.7/site-packages/airflow/example_dags/tutorial_etl_dag.py took 0.056 seconds
[2022-12-21 17:01:59,551] {processor.py:153} INFO - Started process (PID=22939) to work on /home/airflow/.local/lib/python3.7/site-packages/airflow/example_dags/tutorial_etl_dag.py
[2022-12-21 17:01:59,552] {processor.py:641} INFO - Processing file /home/airflow/.local/lib/python3.7/site-packages/airflow/example_dags/tutorial_etl_dag.py for tasks to queue
[2022-12-21 17:01:59,552] {logging_mixin.py:115} INFO - [2022-12-21 17:01:59,552] {dagbag.py:507} INFO - Filling up the DagBag from /home/airflow/.local/lib/python3.7/site-packages/airflow/example_dags/tutorial_etl_dag.py
[2022-12-21 17:01:59,558] {processor.py:651} INFO - DAG(s) dict_keys(['tutorial_etl_dag']) retrieved from /home/airflow/.local/lib/python3.7/site-packages/airflow/example_dags/tutorial_etl_dag.py
[2022-12-21 17:01:59,578] {logging_mixin.py:115} INFO - [2022-12-21 17:01:59,578] {dag.py:2371} INFO - Sync 1 DAGs
[2022-12-21 17:01:59,597] {logging_mixin.py:115} INFO - [2022-12-21 17:01:59,597] {dag.py:2919} INFO - Setting next_dagrun for tutorial_etl_dag to None, run_after=None
[2022-12-21 17:01:59,606] {processor.py:161} INFO - Processing /home/airflow/.local/lib/python3.7/site-packages/airflow/example_dags/tutorial_etl_dag.py took 0.058 seconds
[2022-12-21 17:02:30,118] {processor.py:153} INFO - Started process (PID=23005) to work on /home/airflow/.local/lib/python3.7/site-packages/airflow/example_dags/tutorial_etl_dag.py
[2022-12-21 17:02:30,119] {processor.py:641} INFO - Processing file /home/airflow/.local/lib/python3.7/site-packages/airflow/example_dags/tutorial_etl_dag.py for tasks to queue
[2022-12-21 17:02:30,119] {logging_mixin.py:115} INFO - [2022-12-21 17:02:30,119] {dagbag.py:507} INFO - Filling up the DagBag from /home/airflow/.local/lib/python3.7/site-packages/airflow/example_dags/tutorial_etl_dag.py
[2022-12-21 17:02:30,125] {processor.py:651} INFO - DAG(s) dict_keys(['tutorial_etl_dag']) retrieved from /home/airflow/.local/lib/python3.7/site-packages/airflow/example_dags/tutorial_etl_dag.py
[2022-12-21 17:02:30,145] {logging_mixin.py:115} INFO - [2022-12-21 17:02:30,144] {dag.py:2371} INFO - Sync 1 DAGs
[2022-12-21 17:02:30,162] {logging_mixin.py:115} INFO - [2022-12-21 17:02:30,162] {dag.py:2919} INFO - Setting next_dagrun for tutorial_etl_dag to None, run_after=None
[2022-12-21 17:02:30,171] {processor.py:161} INFO - Processing /home/airflow/.local/lib/python3.7/site-packages/airflow/example_dags/tutorial_etl_dag.py took 0.055 seconds
[2022-12-21 17:03:00,865] {processor.py:153} INFO - Started process (PID=23062) to work on /home/airflow/.local/lib/python3.7/site-packages/airflow/example_dags/tutorial_etl_dag.py
[2022-12-21 17:03:00,866] {processor.py:641} INFO - Processing file /home/airflow/.local/lib/python3.7/site-packages/airflow/example_dags/tutorial_etl_dag.py for tasks to queue
[2022-12-21 17:03:00,866] {logging_mixin.py:115} INFO - [2022-12-21 17:03:00,866] {dagbag.py:507} INFO - Filling up the DagBag from /home/airflow/.local/lib/python3.7/site-packages/airflow/example_dags/tutorial_etl_dag.py
[2022-12-21 17:03:00,872] {processor.py:651} INFO - DAG(s) dict_keys(['tutorial_etl_dag']) retrieved from /home/airflow/.local/lib/python3.7/site-packages/airflow/example_dags/tutorial_etl_dag.py
[2022-12-21 17:03:00,893] {logging_mixin.py:115} INFO - [2022-12-21 17:03:00,893] {dag.py:2371} INFO - Sync 1 DAGs
[2022-12-21 17:03:00,912] {logging_mixin.py:115} INFO - [2022-12-21 17:03:00,912] {dag.py:2919} INFO - Setting next_dagrun for tutorial_etl_dag to None, run_after=None
[2022-12-21 17:03:00,922] {processor.py:161} INFO - Processing /home/airflow/.local/lib/python3.7/site-packages/airflow/example_dags/tutorial_etl_dag.py took 0.060 seconds
[2022-12-21 17:03:31,675] {processor.py:153} INFO - Started process (PID=23128) to work on /home/airflow/.local/lib/python3.7/site-packages/airflow/example_dags/tutorial_etl_dag.py
[2022-12-21 17:03:31,676] {processor.py:641} INFO - Processing file /home/airflow/.local/lib/python3.7/site-packages/airflow/example_dags/tutorial_etl_dag.py for tasks to queue
[2022-12-21 17:03:31,676] {logging_mixin.py:115} INFO - [2022-12-21 17:03:31,676] {dagbag.py:507} INFO - Filling up the DagBag from /home/airflow/.local/lib/python3.7/site-packages/airflow/example_dags/tutorial_etl_dag.py
[2022-12-21 17:03:31,682] {processor.py:651} INFO - DAG(s) dict_keys(['tutorial_etl_dag']) retrieved from /home/airflow/.local/lib/python3.7/site-packages/airflow/example_dags/tutorial_etl_dag.py
[2022-12-21 17:03:31,704] {logging_mixin.py:115} INFO - [2022-12-21 17:03:31,703] {dag.py:2371} INFO - Sync 1 DAGs
[2022-12-21 17:03:31,726] {logging_mixin.py:115} INFO - [2022-12-21 17:03:31,726] {dag.py:2919} INFO - Setting next_dagrun for tutorial_etl_dag to None, run_after=None
[2022-12-21 17:03:31,736] {processor.py:161} INFO - Processing /home/airflow/.local/lib/python3.7/site-packages/airflow/example_dags/tutorial_etl_dag.py took 0.064 seconds
[2022-12-21 17:04:02,199] {processor.py:153} INFO - Started process (PID=23195) to work on /home/airflow/.local/lib/python3.7/site-packages/airflow/example_dags/tutorial_etl_dag.py
[2022-12-21 17:04:02,200] {processor.py:641} INFO - Processing file /home/airflow/.local/lib/python3.7/site-packages/airflow/example_dags/tutorial_etl_dag.py for tasks to queue
[2022-12-21 17:04:02,201] {logging_mixin.py:115} INFO - [2022-12-21 17:04:02,200] {dagbag.py:507} INFO - Filling up the DagBag from /home/airflow/.local/lib/python3.7/site-packages/airflow/example_dags/tutorial_etl_dag.py
[2022-12-21 17:04:02,209] {processor.py:651} INFO - DAG(s) dict_keys(['tutorial_etl_dag']) retrieved from /home/airflow/.local/lib/python3.7/site-packages/airflow/example_dags/tutorial_etl_dag.py
[2022-12-21 17:04:02,232] {logging_mixin.py:115} INFO - [2022-12-21 17:04:02,232] {dag.py:2371} INFO - Sync 1 DAGs
[2022-12-21 17:04:02,250] {logging_mixin.py:115} INFO - [2022-12-21 17:04:02,250] {dag.py:2919} INFO - Setting next_dagrun for tutorial_etl_dag to None, run_after=None
[2022-12-21 17:04:02,261] {processor.py:161} INFO - Processing /home/airflow/.local/lib/python3.7/site-packages/airflow/example_dags/tutorial_etl_dag.py took 0.064 seconds
[2022-12-21 17:04:32,845] {processor.py:153} INFO - Started process (PID=23261) to work on /home/airflow/.local/lib/python3.7/site-packages/airflow/example_dags/tutorial_etl_dag.py
[2022-12-21 17:04:32,845] {processor.py:641} INFO - Processing file /home/airflow/.local/lib/python3.7/site-packages/airflow/example_dags/tutorial_etl_dag.py for tasks to queue
[2022-12-21 17:04:32,846] {logging_mixin.py:115} INFO - [2022-12-21 17:04:32,846] {dagbag.py:507} INFO - Filling up the DagBag from /home/airflow/.local/lib/python3.7/site-packages/airflow/example_dags/tutorial_etl_dag.py
[2022-12-21 17:04:32,851] {processor.py:651} INFO - DAG(s) dict_keys(['tutorial_etl_dag']) retrieved from /home/airflow/.local/lib/python3.7/site-packages/airflow/example_dags/tutorial_etl_dag.py
[2022-12-21 17:04:32,872] {logging_mixin.py:115} INFO - [2022-12-21 17:04:32,872] {dag.py:2371} INFO - Sync 1 DAGs
[2022-12-21 17:04:32,888] {logging_mixin.py:115} INFO - [2022-12-21 17:04:32,888] {dag.py:2919} INFO - Setting next_dagrun for tutorial_etl_dag to None, run_after=None
[2022-12-21 17:04:32,898] {processor.py:161} INFO - Processing /home/airflow/.local/lib/python3.7/site-packages/airflow/example_dags/tutorial_etl_dag.py took 0.057 seconds
[2022-12-21 17:05:03,329] {processor.py:153} INFO - Started process (PID=23318) to work on /home/airflow/.local/lib/python3.7/site-packages/airflow/example_dags/tutorial_etl_dag.py
[2022-12-21 17:05:03,329] {processor.py:641} INFO - Processing file /home/airflow/.local/lib/python3.7/site-packages/airflow/example_dags/tutorial_etl_dag.py for tasks to queue
[2022-12-21 17:05:03,329] {logging_mixin.py:115} INFO - [2022-12-21 17:05:03,329] {dagbag.py:507} INFO - Filling up the DagBag from /home/airflow/.local/lib/python3.7/site-packages/airflow/example_dags/tutorial_etl_dag.py
[2022-12-21 17:05:03,334] {processor.py:651} INFO - DAG(s) dict_keys(['tutorial_etl_dag']) retrieved from /home/airflow/.local/lib/python3.7/site-packages/airflow/example_dags/tutorial_etl_dag.py
[2022-12-21 17:05:03,354] {logging_mixin.py:115} INFO - [2022-12-21 17:05:03,354] {dag.py:2371} INFO - Sync 1 DAGs
[2022-12-21 17:05:03,371] {logging_mixin.py:115} INFO - [2022-12-21 17:05:03,371] {dag.py:2919} INFO - Setting next_dagrun for tutorial_etl_dag to None, run_after=None
[2022-12-21 17:05:03,381] {processor.py:161} INFO - Processing /home/airflow/.local/lib/python3.7/site-packages/airflow/example_dags/tutorial_etl_dag.py took 0.055 seconds
[2022-12-21 17:05:33,896] {processor.py:153} INFO - Started process (PID=23383) to work on /home/airflow/.local/lib/python3.7/site-packages/airflow/example_dags/tutorial_etl_dag.py
[2022-12-21 17:05:33,897] {processor.py:641} INFO - Processing file /home/airflow/.local/lib/python3.7/site-packages/airflow/example_dags/tutorial_etl_dag.py for tasks to queue
[2022-12-21 17:05:33,897] {logging_mixin.py:115} INFO - [2022-12-21 17:05:33,897] {dagbag.py:507} INFO - Filling up the DagBag from /home/airflow/.local/lib/python3.7/site-packages/airflow/example_dags/tutorial_etl_dag.py
[2022-12-21 17:05:33,903] {processor.py:651} INFO - DAG(s) dict_keys(['tutorial_etl_dag']) retrieved from /home/airflow/.local/lib/python3.7/site-packages/airflow/example_dags/tutorial_etl_dag.py
[2022-12-21 17:05:33,923] {logging_mixin.py:115} INFO - [2022-12-21 17:05:33,923] {dag.py:2371} INFO - Sync 1 DAGs
[2022-12-21 17:05:33,943] {logging_mixin.py:115} INFO - [2022-12-21 17:05:33,943] {dag.py:2919} INFO - Setting next_dagrun for tutorial_etl_dag to None, run_after=None
[2022-12-21 17:05:33,953] {processor.py:161} INFO - Processing /home/airflow/.local/lib/python3.7/site-packages/airflow/example_dags/tutorial_etl_dag.py took 0.060 seconds
[2022-12-21 17:06:04,833] {processor.py:153} INFO - Started process (PID=23450) to work on /home/airflow/.local/lib/python3.7/site-packages/airflow/example_dags/tutorial_etl_dag.py
[2022-12-21 17:06:04,834] {processor.py:641} INFO - Processing file /home/airflow/.local/lib/python3.7/site-packages/airflow/example_dags/tutorial_etl_dag.py for tasks to queue
[2022-12-21 17:06:04,834] {logging_mixin.py:115} INFO - [2022-12-21 17:06:04,834] {dagbag.py:507} INFO - Filling up the DagBag from /home/airflow/.local/lib/python3.7/site-packages/airflow/example_dags/tutorial_etl_dag.py
[2022-12-21 17:06:04,841] {processor.py:651} INFO - DAG(s) dict_keys(['tutorial_etl_dag']) retrieved from /home/airflow/.local/lib/python3.7/site-packages/airflow/example_dags/tutorial_etl_dag.py
[2022-12-21 17:06:04,863] {logging_mixin.py:115} INFO - [2022-12-21 17:06:04,862] {dag.py:2371} INFO - Sync 1 DAGs
[2022-12-21 17:06:04,881] {logging_mixin.py:115} INFO - [2022-12-21 17:06:04,881] {dag.py:2919} INFO - Setting next_dagrun for tutorial_etl_dag to None, run_after=None
[2022-12-21 17:06:04,890] {processor.py:161} INFO - Processing /home/airflow/.local/lib/python3.7/site-packages/airflow/example_dags/tutorial_etl_dag.py took 0.059 seconds
[2022-12-21 17:06:35,487] {processor.py:153} INFO - Started process (PID=23517) to work on /home/airflow/.local/lib/python3.7/site-packages/airflow/example_dags/tutorial_etl_dag.py
[2022-12-21 17:06:35,487] {processor.py:641} INFO - Processing file /home/airflow/.local/lib/python3.7/site-packages/airflow/example_dags/tutorial_etl_dag.py for tasks to queue
[2022-12-21 17:06:35,488] {logging_mixin.py:115} INFO - [2022-12-21 17:06:35,488] {dagbag.py:507} INFO - Filling up the DagBag from /home/airflow/.local/lib/python3.7/site-packages/airflow/example_dags/tutorial_etl_dag.py
[2022-12-21 17:06:35,493] {processor.py:651} INFO - DAG(s) dict_keys(['tutorial_etl_dag']) retrieved from /home/airflow/.local/lib/python3.7/site-packages/airflow/example_dags/tutorial_etl_dag.py
[2022-12-21 17:06:35,514] {logging_mixin.py:115} INFO - [2022-12-21 17:06:35,514] {dag.py:2371} INFO - Sync 1 DAGs
[2022-12-21 17:06:35,531] {logging_mixin.py:115} INFO - [2022-12-21 17:06:35,531] {dag.py:2919} INFO - Setting next_dagrun for tutorial_etl_dag to None, run_after=None
[2022-12-21 17:06:35,541] {processor.py:161} INFO - Processing /home/airflow/.local/lib/python3.7/site-packages/airflow/example_dags/tutorial_etl_dag.py took 0.057 seconds
[2022-12-21 17:07:06,012] {processor.py:153} INFO - Started process (PID=23574) to work on /home/airflow/.local/lib/python3.7/site-packages/airflow/example_dags/tutorial_etl_dag.py
[2022-12-21 17:07:06,013] {processor.py:641} INFO - Processing file /home/airflow/.local/lib/python3.7/site-packages/airflow/example_dags/tutorial_etl_dag.py for tasks to queue
[2022-12-21 17:07:06,013] {logging_mixin.py:115} INFO - [2022-12-21 17:07:06,013] {dagbag.py:507} INFO - Filling up the DagBag from /home/airflow/.local/lib/python3.7/site-packages/airflow/example_dags/tutorial_etl_dag.py
[2022-12-21 17:07:06,018] {processor.py:651} INFO - DAG(s) dict_keys(['tutorial_etl_dag']) retrieved from /home/airflow/.local/lib/python3.7/site-packages/airflow/example_dags/tutorial_etl_dag.py
[2022-12-21 17:07:06,039] {logging_mixin.py:115} INFO - [2022-12-21 17:07:06,038] {dag.py:2371} INFO - Sync 1 DAGs
[2022-12-21 17:07:06,055] {logging_mixin.py:115} INFO - [2022-12-21 17:07:06,055] {dag.py:2919} INFO - Setting next_dagrun for tutorial_etl_dag to None, run_after=None
[2022-12-21 17:07:06,065] {processor.py:161} INFO - Processing /home/airflow/.local/lib/python3.7/site-packages/airflow/example_dags/tutorial_etl_dag.py took 0.055 seconds
[2022-12-21 17:07:36,601] {processor.py:153} INFO - Started process (PID=23639) to work on /home/airflow/.local/lib/python3.7/site-packages/airflow/example_dags/tutorial_etl_dag.py
[2022-12-21 17:07:36,601] {processor.py:641} INFO - Processing file /home/airflow/.local/lib/python3.7/site-packages/airflow/example_dags/tutorial_etl_dag.py for tasks to queue
[2022-12-21 17:07:36,602] {logging_mixin.py:115} INFO - [2022-12-21 17:07:36,602] {dagbag.py:507} INFO - Filling up the DagBag from /home/airflow/.local/lib/python3.7/site-packages/airflow/example_dags/tutorial_etl_dag.py
[2022-12-21 17:07:36,607] {processor.py:651} INFO - DAG(s) dict_keys(['tutorial_etl_dag']) retrieved from /home/airflow/.local/lib/python3.7/site-packages/airflow/example_dags/tutorial_etl_dag.py
[2022-12-21 17:07:36,626] {logging_mixin.py:115} INFO - [2022-12-21 17:07:36,626] {dag.py:2371} INFO - Sync 1 DAGs
[2022-12-21 17:07:36,642] {logging_mixin.py:115} INFO - [2022-12-21 17:07:36,642] {dag.py:2919} INFO - Setting next_dagrun for tutorial_etl_dag to None, run_after=None
[2022-12-21 17:07:36,651] {processor.py:161} INFO - Processing /home/airflow/.local/lib/python3.7/site-packages/airflow/example_dags/tutorial_etl_dag.py took 0.053 seconds
[2022-12-21 17:08:07,191] {processor.py:153} INFO - Started process (PID=23705) to work on /home/airflow/.local/lib/python3.7/site-packages/airflow/example_dags/tutorial_etl_dag.py
[2022-12-21 17:08:07,191] {processor.py:641} INFO - Processing file /home/airflow/.local/lib/python3.7/site-packages/airflow/example_dags/tutorial_etl_dag.py for tasks to queue
[2022-12-21 17:08:07,191] {logging_mixin.py:115} INFO - [2022-12-21 17:08:07,191] {dagbag.py:507} INFO - Filling up the DagBag from /home/airflow/.local/lib/python3.7/site-packages/airflow/example_dags/tutorial_etl_dag.py
[2022-12-21 17:08:07,197] {processor.py:651} INFO - DAG(s) dict_keys(['tutorial_etl_dag']) retrieved from /home/airflow/.local/lib/python3.7/site-packages/airflow/example_dags/tutorial_etl_dag.py
[2022-12-21 17:08:07,221] {logging_mixin.py:115} INFO - [2022-12-21 17:08:07,221] {dag.py:2371} INFO - Sync 1 DAGs
[2022-12-21 17:08:07,244] {logging_mixin.py:115} INFO - [2022-12-21 17:08:07,244] {dag.py:2919} INFO - Setting next_dagrun for tutorial_etl_dag to None, run_after=None
[2022-12-21 17:08:07,254] {processor.py:161} INFO - Processing /home/airflow/.local/lib/python3.7/site-packages/airflow/example_dags/tutorial_etl_dag.py took 0.066 seconds
[2022-12-21 17:08:37,747] {processor.py:153} INFO - Started process (PID=23772) to work on /home/airflow/.local/lib/python3.7/site-packages/airflow/example_dags/tutorial_etl_dag.py
[2022-12-21 17:08:37,748] {processor.py:641} INFO - Processing file /home/airflow/.local/lib/python3.7/site-packages/airflow/example_dags/tutorial_etl_dag.py for tasks to queue
[2022-12-21 17:08:37,749] {logging_mixin.py:115} INFO - [2022-12-21 17:08:37,749] {dagbag.py:507} INFO - Filling up the DagBag from /home/airflow/.local/lib/python3.7/site-packages/airflow/example_dags/tutorial_etl_dag.py
[2022-12-21 17:08:37,756] {processor.py:651} INFO - DAG(s) dict_keys(['tutorial_etl_dag']) retrieved from /home/airflow/.local/lib/python3.7/site-packages/airflow/example_dags/tutorial_etl_dag.py
[2022-12-21 17:08:37,778] {logging_mixin.py:115} INFO - [2022-12-21 17:08:37,778] {dag.py:2371} INFO - Sync 1 DAGs
[2022-12-21 17:08:37,797] {logging_mixin.py:115} INFO - [2022-12-21 17:08:37,797] {dag.py:2919} INFO - Setting next_dagrun for tutorial_etl_dag to None, run_after=None
[2022-12-21 17:08:37,808] {processor.py:161} INFO - Processing /home/airflow/.local/lib/python3.7/site-packages/airflow/example_dags/tutorial_etl_dag.py took 0.063 seconds
[2022-12-21 17:09:08,442] {processor.py:153} INFO - Started process (PID=23829) to work on /home/airflow/.local/lib/python3.7/site-packages/airflow/example_dags/tutorial_etl_dag.py
[2022-12-21 17:09:08,442] {processor.py:641} INFO - Processing file /home/airflow/.local/lib/python3.7/site-packages/airflow/example_dags/tutorial_etl_dag.py for tasks to queue
[2022-12-21 17:09:08,443] {logging_mixin.py:115} INFO - [2022-12-21 17:09:08,442] {dagbag.py:507} INFO - Filling up the DagBag from /home/airflow/.local/lib/python3.7/site-packages/airflow/example_dags/tutorial_etl_dag.py
[2022-12-21 17:09:08,448] {processor.py:651} INFO - DAG(s) dict_keys(['tutorial_etl_dag']) retrieved from /home/airflow/.local/lib/python3.7/site-packages/airflow/example_dags/tutorial_etl_dag.py
[2022-12-21 17:09:08,470] {logging_mixin.py:115} INFO - [2022-12-21 17:09:08,470] {dag.py:2371} INFO - Sync 1 DAGs
[2022-12-21 17:09:08,487] {logging_mixin.py:115} INFO - [2022-12-21 17:09:08,487] {dag.py:2919} INFO - Setting next_dagrun for tutorial_etl_dag to None, run_after=None
[2022-12-21 17:09:08,497] {processor.py:161} INFO - Processing /home/airflow/.local/lib/python3.7/site-packages/airflow/example_dags/tutorial_etl_dag.py took 0.057 seconds
[2022-12-21 17:09:39,145] {processor.py:153} INFO - Started process (PID=23896) to work on /home/airflow/.local/lib/python3.7/site-packages/airflow/example_dags/tutorial_etl_dag.py
[2022-12-21 17:09:39,145] {processor.py:641} INFO - Processing file /home/airflow/.local/lib/python3.7/site-packages/airflow/example_dags/tutorial_etl_dag.py for tasks to queue
[2022-12-21 17:09:39,145] {logging_mixin.py:115} INFO - [2022-12-21 17:09:39,145] {dagbag.py:507} INFO - Filling up the DagBag from /home/airflow/.local/lib/python3.7/site-packages/airflow/example_dags/tutorial_etl_dag.py
[2022-12-21 17:09:39,151] {processor.py:651} INFO - DAG(s) dict_keys(['tutorial_etl_dag']) retrieved from /home/airflow/.local/lib/python3.7/site-packages/airflow/example_dags/tutorial_etl_dag.py
[2022-12-21 17:09:39,173] {logging_mixin.py:115} INFO - [2022-12-21 17:09:39,173] {dag.py:2371} INFO - Sync 1 DAGs
[2022-12-21 17:09:39,191] {logging_mixin.py:115} INFO - [2022-12-21 17:09:39,191] {dag.py:2919} INFO - Setting next_dagrun for tutorial_etl_dag to None, run_after=None
[2022-12-21 17:09:39,201] {processor.py:161} INFO - Processing /home/airflow/.local/lib/python3.7/site-packages/airflow/example_dags/tutorial_etl_dag.py took 0.059 seconds
[2022-12-21 17:10:09,901] {processor.py:153} INFO - Started process (PID=23963) to work on /home/airflow/.local/lib/python3.7/site-packages/airflow/example_dags/tutorial_etl_dag.py
[2022-12-21 17:10:09,901] {processor.py:641} INFO - Processing file /home/airflow/.local/lib/python3.7/site-packages/airflow/example_dags/tutorial_etl_dag.py for tasks to queue
[2022-12-21 17:10:09,902] {logging_mixin.py:115} INFO - [2022-12-21 17:10:09,901] {dagbag.py:507} INFO - Filling up the DagBag from /home/airflow/.local/lib/python3.7/site-packages/airflow/example_dags/tutorial_etl_dag.py
[2022-12-21 17:10:09,907] {processor.py:651} INFO - DAG(s) dict_keys(['tutorial_etl_dag']) retrieved from /home/airflow/.local/lib/python3.7/site-packages/airflow/example_dags/tutorial_etl_dag.py
[2022-12-21 17:10:09,927] {logging_mixin.py:115} INFO - [2022-12-21 17:10:09,927] {dag.py:2371} INFO - Sync 1 DAGs
[2022-12-21 17:10:09,946] {logging_mixin.py:115} INFO - [2022-12-21 17:10:09,946] {dag.py:2919} INFO - Setting next_dagrun for tutorial_etl_dag to None, run_after=None
[2022-12-21 17:10:09,957] {processor.py:161} INFO - Processing /home/airflow/.local/lib/python3.7/site-packages/airflow/example_dags/tutorial_etl_dag.py took 0.059 seconds
[2022-12-21 17:10:40,487] {processor.py:153} INFO - Started process (PID=24028) to work on /home/airflow/.local/lib/python3.7/site-packages/airflow/example_dags/tutorial_etl_dag.py
[2022-12-21 17:10:40,488] {processor.py:641} INFO - Processing file /home/airflow/.local/lib/python3.7/site-packages/airflow/example_dags/tutorial_etl_dag.py for tasks to queue
[2022-12-21 17:10:40,488] {logging_mixin.py:115} INFO - [2022-12-21 17:10:40,488] {dagbag.py:507} INFO - Filling up the DagBag from /home/airflow/.local/lib/python3.7/site-packages/airflow/example_dags/tutorial_etl_dag.py
[2022-12-21 17:10:40,495] {processor.py:651} INFO - DAG(s) dict_keys(['tutorial_etl_dag']) retrieved from /home/airflow/.local/lib/python3.7/site-packages/airflow/example_dags/tutorial_etl_dag.py
[2022-12-21 17:10:40,518] {logging_mixin.py:115} INFO - [2022-12-21 17:10:40,518] {dag.py:2371} INFO - Sync 1 DAGs
[2022-12-21 17:10:40,535] {logging_mixin.py:115} INFO - [2022-12-21 17:10:40,535] {dag.py:2919} INFO - Setting next_dagrun for tutorial_etl_dag to None, run_after=None
[2022-12-21 17:10:40,546] {processor.py:161} INFO - Processing /home/airflow/.local/lib/python3.7/site-packages/airflow/example_dags/tutorial_etl_dag.py took 0.062 seconds
[2022-12-21 17:11:11,010] {processor.py:153} INFO - Started process (PID=24086) to work on /home/airflow/.local/lib/python3.7/site-packages/airflow/example_dags/tutorial_etl_dag.py
[2022-12-21 17:11:11,011] {processor.py:641} INFO - Processing file /home/airflow/.local/lib/python3.7/site-packages/airflow/example_dags/tutorial_etl_dag.py for tasks to queue
[2022-12-21 17:11:11,011] {logging_mixin.py:115} INFO - [2022-12-21 17:11:11,011] {dagbag.py:507} INFO - Filling up the DagBag from /home/airflow/.local/lib/python3.7/site-packages/airflow/example_dags/tutorial_etl_dag.py
[2022-12-21 17:11:11,017] {processor.py:651} INFO - DAG(s) dict_keys(['tutorial_etl_dag']) retrieved from /home/airflow/.local/lib/python3.7/site-packages/airflow/example_dags/tutorial_etl_dag.py
[2022-12-21 17:11:11,037] {logging_mixin.py:115} INFO - [2022-12-21 17:11:11,037] {dag.py:2371} INFO - Sync 1 DAGs
[2022-12-21 17:11:11,057] {logging_mixin.py:115} INFO - [2022-12-21 17:11:11,057] {dag.py:2919} INFO - Setting next_dagrun for tutorial_etl_dag to None, run_after=None
[2022-12-21 17:11:11,069] {processor.py:161} INFO - Processing /home/airflow/.local/lib/python3.7/site-packages/airflow/example_dags/tutorial_etl_dag.py took 0.062 seconds
[2022-12-21 17:11:41,625] {processor.py:153} INFO - Started process (PID=24152) to work on /home/airflow/.local/lib/python3.7/site-packages/airflow/example_dags/tutorial_etl_dag.py
[2022-12-21 17:11:41,625] {processor.py:641} INFO - Processing file /home/airflow/.local/lib/python3.7/site-packages/airflow/example_dags/tutorial_etl_dag.py for tasks to queue
[2022-12-21 17:11:41,625] {logging_mixin.py:115} INFO - [2022-12-21 17:11:41,625] {dagbag.py:507} INFO - Filling up the DagBag from /home/airflow/.local/lib/python3.7/site-packages/airflow/example_dags/tutorial_etl_dag.py
[2022-12-21 17:11:41,630] {processor.py:651} INFO - DAG(s) dict_keys(['tutorial_etl_dag']) retrieved from /home/airflow/.local/lib/python3.7/site-packages/airflow/example_dags/tutorial_etl_dag.py
[2022-12-21 17:11:41,649] {logging_mixin.py:115} INFO - [2022-12-21 17:11:41,649] {dag.py:2371} INFO - Sync 1 DAGs
[2022-12-21 17:11:41,666] {logging_mixin.py:115} INFO - [2022-12-21 17:11:41,666] {dag.py:2919} INFO - Setting next_dagrun for tutorial_etl_dag to None, run_after=None
[2022-12-21 17:11:41,679] {processor.py:161} INFO - Processing /home/airflow/.local/lib/python3.7/site-packages/airflow/example_dags/tutorial_etl_dag.py took 0.057 seconds
[2022-12-21 17:12:12,294] {processor.py:153} INFO - Started process (PID=24218) to work on /home/airflow/.local/lib/python3.7/site-packages/airflow/example_dags/tutorial_etl_dag.py
[2022-12-21 17:12:12,295] {processor.py:641} INFO - Processing file /home/airflow/.local/lib/python3.7/site-packages/airflow/example_dags/tutorial_etl_dag.py for tasks to queue
[2022-12-21 17:12:12,296] {logging_mixin.py:115} INFO - [2022-12-21 17:12:12,296] {dagbag.py:507} INFO - Filling up the DagBag from /home/airflow/.local/lib/python3.7/site-packages/airflow/example_dags/tutorial_etl_dag.py
[2022-12-21 17:12:12,303] {processor.py:651} INFO - DAG(s) dict_keys(['tutorial_etl_dag']) retrieved from /home/airflow/.local/lib/python3.7/site-packages/airflow/example_dags/tutorial_etl_dag.py
[2022-12-21 17:12:12,323] {logging_mixin.py:115} INFO - [2022-12-21 17:12:12,323] {dag.py:2371} INFO - Sync 1 DAGs
[2022-12-21 17:12:12,340] {logging_mixin.py:115} INFO - [2022-12-21 17:12:12,340] {dag.py:2919} INFO - Setting next_dagrun for tutorial_etl_dag to None, run_after=None
[2022-12-21 17:12:12,349] {processor.py:161} INFO - Processing /home/airflow/.local/lib/python3.7/site-packages/airflow/example_dags/tutorial_etl_dag.py took 0.057 seconds
[2022-12-21 17:12:42,834] {processor.py:153} INFO - Started process (PID=24276) to work on /home/airflow/.local/lib/python3.7/site-packages/airflow/example_dags/tutorial_etl_dag.py
[2022-12-21 17:12:42,834] {processor.py:641} INFO - Processing file /home/airflow/.local/lib/python3.7/site-packages/airflow/example_dags/tutorial_etl_dag.py for tasks to queue
[2022-12-21 17:12:42,835] {logging_mixin.py:115} INFO - [2022-12-21 17:12:42,835] {dagbag.py:507} INFO - Filling up the DagBag from /home/airflow/.local/lib/python3.7/site-packages/airflow/example_dags/tutorial_etl_dag.py
[2022-12-21 17:12:42,841] {processor.py:651} INFO - DAG(s) dict_keys(['tutorial_etl_dag']) retrieved from /home/airflow/.local/lib/python3.7/site-packages/airflow/example_dags/tutorial_etl_dag.py
[2022-12-21 17:12:42,862] {logging_mixin.py:115} INFO - [2022-12-21 17:12:42,862] {dag.py:2371} INFO - Sync 1 DAGs
[2022-12-21 17:12:42,878] {logging_mixin.py:115} INFO - [2022-12-21 17:12:42,878] {dag.py:2919} INFO - Setting next_dagrun for tutorial_etl_dag to None, run_after=None
[2022-12-21 17:12:42,887] {processor.py:161} INFO - Processing /home/airflow/.local/lib/python3.7/site-packages/airflow/example_dags/tutorial_etl_dag.py took 0.055 seconds
[2022-12-21 17:13:13,271] {processor.py:153} INFO - Started process (PID=24341) to work on /home/airflow/.local/lib/python3.7/site-packages/airflow/example_dags/tutorial_etl_dag.py
[2022-12-21 17:13:13,272] {processor.py:641} INFO - Processing file /home/airflow/.local/lib/python3.7/site-packages/airflow/example_dags/tutorial_etl_dag.py for tasks to queue
[2022-12-21 17:13:13,272] {logging_mixin.py:115} INFO - [2022-12-21 17:13:13,272] {dagbag.py:507} INFO - Filling up the DagBag from /home/airflow/.local/lib/python3.7/site-packages/airflow/example_dags/tutorial_etl_dag.py
[2022-12-21 17:13:13,278] {processor.py:651} INFO - DAG(s) dict_keys(['tutorial_etl_dag']) retrieved from /home/airflow/.local/lib/python3.7/site-packages/airflow/example_dags/tutorial_etl_dag.py
[2022-12-21 17:13:13,301] {logging_mixin.py:115} INFO - [2022-12-21 17:13:13,301] {dag.py:2371} INFO - Sync 1 DAGs
[2022-12-21 17:13:13,321] {logging_mixin.py:115} INFO - [2022-12-21 17:13:13,321] {dag.py:2919} INFO - Setting next_dagrun for tutorial_etl_dag to None, run_after=None
[2022-12-21 17:13:13,330] {processor.py:161} INFO - Processing /home/airflow/.local/lib/python3.7/site-packages/airflow/example_dags/tutorial_etl_dag.py took 0.062 seconds
[2022-12-21 17:13:43,908] {processor.py:153} INFO - Started process (PID=24407) to work on /home/airflow/.local/lib/python3.7/site-packages/airflow/example_dags/tutorial_etl_dag.py
[2022-12-21 17:13:43,908] {processor.py:641} INFO - Processing file /home/airflow/.local/lib/python3.7/site-packages/airflow/example_dags/tutorial_etl_dag.py for tasks to queue
[2022-12-21 17:13:43,908] {logging_mixin.py:115} INFO - [2022-12-21 17:13:43,908] {dagbag.py:507} INFO - Filling up the DagBag from /home/airflow/.local/lib/python3.7/site-packages/airflow/example_dags/tutorial_etl_dag.py
[2022-12-21 17:13:43,913] {processor.py:651} INFO - DAG(s) dict_keys(['tutorial_etl_dag']) retrieved from /home/airflow/.local/lib/python3.7/site-packages/airflow/example_dags/tutorial_etl_dag.py
[2022-12-21 17:13:43,932] {logging_mixin.py:115} INFO - [2022-12-21 17:13:43,932] {dag.py:2371} INFO - Sync 1 DAGs
[2022-12-21 17:13:43,950] {logging_mixin.py:115} INFO - [2022-12-21 17:13:43,949] {dag.py:2919} INFO - Setting next_dagrun for tutorial_etl_dag to None, run_after=None
[2022-12-21 17:13:43,958] {processor.py:161} INFO - Processing /home/airflow/.local/lib/python3.7/site-packages/airflow/example_dags/tutorial_etl_dag.py took 0.053 seconds
[2022-12-21 17:14:14,553] {processor.py:153} INFO - Started process (PID=24474) to work on /home/airflow/.local/lib/python3.7/site-packages/airflow/example_dags/tutorial_etl_dag.py
[2022-12-21 17:14:14,553] {processor.py:641} INFO - Processing file /home/airflow/.local/lib/python3.7/site-packages/airflow/example_dags/tutorial_etl_dag.py for tasks to queue
[2022-12-21 17:14:14,554] {logging_mixin.py:115} INFO - [2022-12-21 17:14:14,554] {dagbag.py:507} INFO - Filling up the DagBag from /home/airflow/.local/lib/python3.7/site-packages/airflow/example_dags/tutorial_etl_dag.py
[2022-12-21 17:14:14,559] {processor.py:651} INFO - DAG(s) dict_keys(['tutorial_etl_dag']) retrieved from /home/airflow/.local/lib/python3.7/site-packages/airflow/example_dags/tutorial_etl_dag.py
[2022-12-21 17:14:14,581] {logging_mixin.py:115} INFO - [2022-12-21 17:14:14,581] {dag.py:2371} INFO - Sync 1 DAGs
[2022-12-21 17:14:14,599] {logging_mixin.py:115} INFO - [2022-12-21 17:14:14,599] {dag.py:2919} INFO - Setting next_dagrun for tutorial_etl_dag to None, run_after=None
[2022-12-21 17:14:14,609] {processor.py:161} INFO - Processing /home/airflow/.local/lib/python3.7/site-packages/airflow/example_dags/tutorial_etl_dag.py took 0.058 seconds
[2022-12-21 17:14:45,347] {processor.py:153} INFO - Started process (PID=24530) to work on /home/airflow/.local/lib/python3.7/site-packages/airflow/example_dags/tutorial_etl_dag.py
[2022-12-21 17:14:45,348] {processor.py:641} INFO - Processing file /home/airflow/.local/lib/python3.7/site-packages/airflow/example_dags/tutorial_etl_dag.py for tasks to queue
[2022-12-21 17:14:45,348] {logging_mixin.py:115} INFO - [2022-12-21 17:14:45,348] {dagbag.py:507} INFO - Filling up the DagBag from /home/airflow/.local/lib/python3.7/site-packages/airflow/example_dags/tutorial_etl_dag.py
[2022-12-21 17:14:45,354] {processor.py:651} INFO - DAG(s) dict_keys(['tutorial_etl_dag']) retrieved from /home/airflow/.local/lib/python3.7/site-packages/airflow/example_dags/tutorial_etl_dag.py
[2022-12-21 17:14:45,373] {logging_mixin.py:115} INFO - [2022-12-21 17:14:45,373] {dag.py:2371} INFO - Sync 1 DAGs
[2022-12-21 17:14:45,390] {logging_mixin.py:115} INFO - [2022-12-21 17:14:45,390] {dag.py:2919} INFO - Setting next_dagrun for tutorial_etl_dag to None, run_after=None
[2022-12-21 17:14:45,404] {processor.py:161} INFO - Processing /home/airflow/.local/lib/python3.7/site-packages/airflow/example_dags/tutorial_etl_dag.py took 0.060 seconds
[2022-12-21 17:15:15,959] {processor.py:153} INFO - Started process (PID=24596) to work on /home/airflow/.local/lib/python3.7/site-packages/airflow/example_dags/tutorial_etl_dag.py
[2022-12-21 17:15:15,960] {processor.py:641} INFO - Processing file /home/airflow/.local/lib/python3.7/site-packages/airflow/example_dags/tutorial_etl_dag.py for tasks to queue
[2022-12-21 17:15:15,960] {logging_mixin.py:115} INFO - [2022-12-21 17:15:15,960] {dagbag.py:507} INFO - Filling up the DagBag from /home/airflow/.local/lib/python3.7/site-packages/airflow/example_dags/tutorial_etl_dag.py
[2022-12-21 17:15:15,966] {processor.py:651} INFO - DAG(s) dict_keys(['tutorial_etl_dag']) retrieved from /home/airflow/.local/lib/python3.7/site-packages/airflow/example_dags/tutorial_etl_dag.py
[2022-12-21 17:15:15,987] {logging_mixin.py:115} INFO - [2022-12-21 17:15:15,987] {dag.py:2371} INFO - Sync 1 DAGs
[2022-12-21 17:15:16,006] {logging_mixin.py:115} INFO - [2022-12-21 17:15:16,006] {dag.py:2919} INFO - Setting next_dagrun for tutorial_etl_dag to None, run_after=None
[2022-12-21 17:15:16,016] {processor.py:161} INFO - Processing /home/airflow/.local/lib/python3.7/site-packages/airflow/example_dags/tutorial_etl_dag.py took 0.059 seconds
[2022-12-21 17:15:46,561] {processor.py:153} INFO - Started process (PID=24662) to work on /home/airflow/.local/lib/python3.7/site-packages/airflow/example_dags/tutorial_etl_dag.py
[2022-12-21 17:15:46,562] {processor.py:641} INFO - Processing file /home/airflow/.local/lib/python3.7/site-packages/airflow/example_dags/tutorial_etl_dag.py for tasks to queue
[2022-12-21 17:15:46,563] {logging_mixin.py:115} INFO - [2022-12-21 17:15:46,563] {dagbag.py:507} INFO - Filling up the DagBag from /home/airflow/.local/lib/python3.7/site-packages/airflow/example_dags/tutorial_etl_dag.py
[2022-12-21 17:15:46,568] {processor.py:651} INFO - DAG(s) dict_keys(['tutorial_etl_dag']) retrieved from /home/airflow/.local/lib/python3.7/site-packages/airflow/example_dags/tutorial_etl_dag.py
[2022-12-21 17:15:46,588] {logging_mixin.py:115} INFO - [2022-12-21 17:15:46,588] {dag.py:2371} INFO - Sync 1 DAGs
[2022-12-21 17:15:46,607] {logging_mixin.py:115} INFO - [2022-12-21 17:15:46,607] {dag.py:2919} INFO - Setting next_dagrun for tutorial_etl_dag to None, run_after=None
[2022-12-21 17:15:46,617] {processor.py:161} INFO - Processing /home/airflow/.local/lib/python3.7/site-packages/airflow/example_dags/tutorial_etl_dag.py took 0.059 seconds
[2022-12-21 17:16:17,273] {processor.py:153} INFO - Started process (PID=24728) to work on /home/airflow/.local/lib/python3.7/site-packages/airflow/example_dags/tutorial_etl_dag.py
[2022-12-21 17:16:17,274] {processor.py:641} INFO - Processing file /home/airflow/.local/lib/python3.7/site-packages/airflow/example_dags/tutorial_etl_dag.py for tasks to queue
[2022-12-21 17:16:17,274] {logging_mixin.py:115} INFO - [2022-12-21 17:16:17,274] {dagbag.py:507} INFO - Filling up the DagBag from /home/airflow/.local/lib/python3.7/site-packages/airflow/example_dags/tutorial_etl_dag.py
[2022-12-21 17:16:17,279] {processor.py:651} INFO - DAG(s) dict_keys(['tutorial_etl_dag']) retrieved from /home/airflow/.local/lib/python3.7/site-packages/airflow/example_dags/tutorial_etl_dag.py
[2022-12-21 17:16:17,299] {logging_mixin.py:115} INFO - [2022-12-21 17:16:17,299] {dag.py:2371} INFO - Sync 1 DAGs
[2022-12-21 17:16:17,316] {logging_mixin.py:115} INFO - [2022-12-21 17:16:17,316] {dag.py:2919} INFO - Setting next_dagrun for tutorial_etl_dag to None, run_after=None
[2022-12-21 17:16:17,325] {processor.py:161} INFO - Processing /home/airflow/.local/lib/python3.7/site-packages/airflow/example_dags/tutorial_etl_dag.py took 0.054 seconds
[2022-12-21 17:16:47,932] {processor.py:153} INFO - Started process (PID=24786) to work on /home/airflow/.local/lib/python3.7/site-packages/airflow/example_dags/tutorial_etl_dag.py
[2022-12-21 17:16:47,933] {processor.py:641} INFO - Processing file /home/airflow/.local/lib/python3.7/site-packages/airflow/example_dags/tutorial_etl_dag.py for tasks to queue
[2022-12-21 17:16:47,933] {logging_mixin.py:115} INFO - [2022-12-21 17:16:47,933] {dagbag.py:507} INFO - Filling up the DagBag from /home/airflow/.local/lib/python3.7/site-packages/airflow/example_dags/tutorial_etl_dag.py
[2022-12-21 17:16:47,939] {processor.py:651} INFO - DAG(s) dict_keys(['tutorial_etl_dag']) retrieved from /home/airflow/.local/lib/python3.7/site-packages/airflow/example_dags/tutorial_etl_dag.py
[2022-12-21 17:16:47,964] {logging_mixin.py:115} INFO - [2022-12-21 17:16:47,964] {dag.py:2371} INFO - Sync 1 DAGs
[2022-12-21 17:16:47,983] {logging_mixin.py:115} INFO - [2022-12-21 17:16:47,983] {dag.py:2919} INFO - Setting next_dagrun for tutorial_etl_dag to None, run_after=None
[2022-12-21 17:16:47,993] {processor.py:161} INFO - Processing /home/airflow/.local/lib/python3.7/site-packages/airflow/example_dags/tutorial_etl_dag.py took 0.064 seconds
[2022-12-21 17:17:18,600] {processor.py:153} INFO - Started process (PID=24851) to work on /home/airflow/.local/lib/python3.7/site-packages/airflow/example_dags/tutorial_etl_dag.py
[2022-12-21 17:17:18,600] {processor.py:641} INFO - Processing file /home/airflow/.local/lib/python3.7/site-packages/airflow/example_dags/tutorial_etl_dag.py for tasks to queue
[2022-12-21 17:17:18,601] {logging_mixin.py:115} INFO - [2022-12-21 17:17:18,601] {dagbag.py:507} INFO - Filling up the DagBag from /home/airflow/.local/lib/python3.7/site-packages/airflow/example_dags/tutorial_etl_dag.py
[2022-12-21 17:17:18,608] {processor.py:651} INFO - DAG(s) dict_keys(['tutorial_etl_dag']) retrieved from /home/airflow/.local/lib/python3.7/site-packages/airflow/example_dags/tutorial_etl_dag.py
[2022-12-21 17:17:18,629] {logging_mixin.py:115} INFO - [2022-12-21 17:17:18,628] {dag.py:2371} INFO - Sync 1 DAGs
[2022-12-21 17:17:18,647] {logging_mixin.py:115} INFO - [2022-12-21 17:17:18,647] {dag.py:2919} INFO - Setting next_dagrun for tutorial_etl_dag to None, run_after=None
[2022-12-21 17:17:18,657] {processor.py:161} INFO - Processing /home/airflow/.local/lib/python3.7/site-packages/airflow/example_dags/tutorial_etl_dag.py took 0.060 seconds
[2022-12-21 17:17:49,177] {processor.py:153} INFO - Started process (PID=24918) to work on /home/airflow/.local/lib/python3.7/site-packages/airflow/example_dags/tutorial_etl_dag.py
[2022-12-21 17:17:49,178] {processor.py:641} INFO - Processing file /home/airflow/.local/lib/python3.7/site-packages/airflow/example_dags/tutorial_etl_dag.py for tasks to queue
[2022-12-21 17:17:49,178] {logging_mixin.py:115} INFO - [2022-12-21 17:17:49,178] {dagbag.py:507} INFO - Filling up the DagBag from /home/airflow/.local/lib/python3.7/site-packages/airflow/example_dags/tutorial_etl_dag.py
[2022-12-21 17:17:49,185] {processor.py:651} INFO - DAG(s) dict_keys(['tutorial_etl_dag']) retrieved from /home/airflow/.local/lib/python3.7/site-packages/airflow/example_dags/tutorial_etl_dag.py
[2022-12-21 17:17:49,208] {logging_mixin.py:115} INFO - [2022-12-21 17:17:49,208] {dag.py:2371} INFO - Sync 1 DAGs
[2022-12-21 17:17:49,228] {logging_mixin.py:115} INFO - [2022-12-21 17:17:49,228] {dag.py:2919} INFO - Setting next_dagrun for tutorial_etl_dag to None, run_after=None
[2022-12-21 17:17:49,238] {processor.py:161} INFO - Processing /home/airflow/.local/lib/python3.7/site-packages/airflow/example_dags/tutorial_etl_dag.py took 0.063 seconds
[2022-12-21 17:18:20,008] {processor.py:153} INFO - Started process (PID=24988) to work on /home/airflow/.local/lib/python3.7/site-packages/airflow/example_dags/tutorial_etl_dag.py
[2022-12-21 17:18:20,009] {processor.py:641} INFO - Processing file /home/airflow/.local/lib/python3.7/site-packages/airflow/example_dags/tutorial_etl_dag.py for tasks to queue
[2022-12-21 17:18:20,009] {logging_mixin.py:115} INFO - [2022-12-21 17:18:20,009] {dagbag.py:507} INFO - Filling up the DagBag from /home/airflow/.local/lib/python3.7/site-packages/airflow/example_dags/tutorial_etl_dag.py
[2022-12-21 17:18:20,015] {processor.py:651} INFO - DAG(s) dict_keys(['tutorial_etl_dag']) retrieved from /home/airflow/.local/lib/python3.7/site-packages/airflow/example_dags/tutorial_etl_dag.py
[2022-12-21 17:18:20,037] {logging_mixin.py:115} INFO - [2022-12-21 17:18:20,037] {dag.py:2371} INFO - Sync 1 DAGs
[2022-12-21 17:18:20,056] {logging_mixin.py:115} INFO - [2022-12-21 17:18:20,056] {dag.py:2919} INFO - Setting next_dagrun for tutorial_etl_dag to None, run_after=None
[2022-12-21 17:18:20,065] {processor.py:161} INFO - Processing /home/airflow/.local/lib/python3.7/site-packages/airflow/example_dags/tutorial_etl_dag.py took 0.060 seconds
[2022-12-21 17:18:50,757] {processor.py:153} INFO - Started process (PID=25045) to work on /home/airflow/.local/lib/python3.7/site-packages/airflow/example_dags/tutorial_etl_dag.py
[2022-12-21 17:18:50,757] {processor.py:641} INFO - Processing file /home/airflow/.local/lib/python3.7/site-packages/airflow/example_dags/tutorial_etl_dag.py for tasks to queue
[2022-12-21 17:18:50,757] {logging_mixin.py:115} INFO - [2022-12-21 17:18:50,757] {dagbag.py:507} INFO - Filling up the DagBag from /home/airflow/.local/lib/python3.7/site-packages/airflow/example_dags/tutorial_etl_dag.py
[2022-12-21 17:18:50,762] {processor.py:651} INFO - DAG(s) dict_keys(['tutorial_etl_dag']) retrieved from /home/airflow/.local/lib/python3.7/site-packages/airflow/example_dags/tutorial_etl_dag.py
[2022-12-21 17:18:50,781] {logging_mixin.py:115} INFO - [2022-12-21 17:18:50,781] {dag.py:2371} INFO - Sync 1 DAGs
[2022-12-21 17:18:50,797] {logging_mixin.py:115} INFO - [2022-12-21 17:18:50,797] {dag.py:2919} INFO - Setting next_dagrun for tutorial_etl_dag to None, run_after=None
[2022-12-21 17:18:50,808] {processor.py:161} INFO - Processing /home/airflow/.local/lib/python3.7/site-packages/airflow/example_dags/tutorial_etl_dag.py took 0.054 seconds
[2022-12-21 17:19:21,424] {processor.py:153} INFO - Started process (PID=25112) to work on /home/airflow/.local/lib/python3.7/site-packages/airflow/example_dags/tutorial_etl_dag.py
[2022-12-21 17:19:21,425] {processor.py:641} INFO - Processing file /home/airflow/.local/lib/python3.7/site-packages/airflow/example_dags/tutorial_etl_dag.py for tasks to queue
[2022-12-21 17:19:21,425] {logging_mixin.py:115} INFO - [2022-12-21 17:19:21,425] {dagbag.py:507} INFO - Filling up the DagBag from /home/airflow/.local/lib/python3.7/site-packages/airflow/example_dags/tutorial_etl_dag.py
[2022-12-21 17:19:21,431] {processor.py:651} INFO - DAG(s) dict_keys(['tutorial_etl_dag']) retrieved from /home/airflow/.local/lib/python3.7/site-packages/airflow/example_dags/tutorial_etl_dag.py
[2022-12-21 17:19:21,449] {logging_mixin.py:115} INFO - [2022-12-21 17:19:21,449] {dag.py:2371} INFO - Sync 1 DAGs
[2022-12-21 17:19:21,468] {logging_mixin.py:115} INFO - [2022-12-21 17:19:21,468] {dag.py:2919} INFO - Setting next_dagrun for tutorial_etl_dag to None, run_after=None
[2022-12-21 17:19:21,477] {processor.py:161} INFO - Processing /home/airflow/.local/lib/python3.7/site-packages/airflow/example_dags/tutorial_etl_dag.py took 0.055 seconds
[2022-12-21 17:19:52,018] {processor.py:153} INFO - Started process (PID=25178) to work on /home/airflow/.local/lib/python3.7/site-packages/airflow/example_dags/tutorial_etl_dag.py
[2022-12-21 17:19:52,018] {processor.py:641} INFO - Processing file /home/airflow/.local/lib/python3.7/site-packages/airflow/example_dags/tutorial_etl_dag.py for tasks to queue
[2022-12-21 17:19:52,019] {logging_mixin.py:115} INFO - [2022-12-21 17:19:52,019] {dagbag.py:507} INFO - Filling up the DagBag from /home/airflow/.local/lib/python3.7/site-packages/airflow/example_dags/tutorial_etl_dag.py
[2022-12-21 17:19:52,024] {processor.py:651} INFO - DAG(s) dict_keys(['tutorial_etl_dag']) retrieved from /home/airflow/.local/lib/python3.7/site-packages/airflow/example_dags/tutorial_etl_dag.py
[2022-12-21 17:19:52,045] {logging_mixin.py:115} INFO - [2022-12-21 17:19:52,045] {dag.py:2371} INFO - Sync 1 DAGs
[2022-12-21 17:19:52,062] {logging_mixin.py:115} INFO - [2022-12-21 17:19:52,062] {dag.py:2919} INFO - Setting next_dagrun for tutorial_etl_dag to None, run_after=None
[2022-12-21 17:19:52,072] {processor.py:161} INFO - Processing /home/airflow/.local/lib/python3.7/site-packages/airflow/example_dags/tutorial_etl_dag.py took 0.057 seconds
[2022-12-21 17:20:22,758] {processor.py:153} INFO - Started process (PID=25246) to work on /home/airflow/.local/lib/python3.7/site-packages/airflow/example_dags/tutorial_etl_dag.py
[2022-12-21 17:20:22,758] {processor.py:641} INFO - Processing file /home/airflow/.local/lib/python3.7/site-packages/airflow/example_dags/tutorial_etl_dag.py for tasks to queue
[2022-12-21 17:20:22,758] {logging_mixin.py:115} INFO - [2022-12-21 17:20:22,758] {dagbag.py:507} INFO - Filling up the DagBag from /home/airflow/.local/lib/python3.7/site-packages/airflow/example_dags/tutorial_etl_dag.py
[2022-12-21 17:20:22,764] {processor.py:651} INFO - DAG(s) dict_keys(['tutorial_etl_dag']) retrieved from /home/airflow/.local/lib/python3.7/site-packages/airflow/example_dags/tutorial_etl_dag.py
[2022-12-21 17:20:22,783] {logging_mixin.py:115} INFO - [2022-12-21 17:20:22,783] {dag.py:2371} INFO - Sync 1 DAGs
[2022-12-21 17:20:22,798] {logging_mixin.py:115} INFO - [2022-12-21 17:20:22,798] {dag.py:2919} INFO - Setting next_dagrun for tutorial_etl_dag to None, run_after=None
[2022-12-21 17:20:22,807] {processor.py:161} INFO - Processing /home/airflow/.local/lib/python3.7/site-packages/airflow/example_dags/tutorial_etl_dag.py took 0.052 seconds
[2022-12-21 17:20:53,433] {processor.py:153} INFO - Started process (PID=25304) to work on /home/airflow/.local/lib/python3.7/site-packages/airflow/example_dags/tutorial_etl_dag.py
[2022-12-21 17:20:53,433] {processor.py:641} INFO - Processing file /home/airflow/.local/lib/python3.7/site-packages/airflow/example_dags/tutorial_etl_dag.py for tasks to queue
[2022-12-21 17:20:53,434] {logging_mixin.py:115} INFO - [2022-12-21 17:20:53,434] {dagbag.py:507} INFO - Filling up the DagBag from /home/airflow/.local/lib/python3.7/site-packages/airflow/example_dags/tutorial_etl_dag.py
[2022-12-21 17:20:53,447] {processor.py:651} INFO - DAG(s) dict_keys(['tutorial_etl_dag']) retrieved from /home/airflow/.local/lib/python3.7/site-packages/airflow/example_dags/tutorial_etl_dag.py
[2022-12-21 17:20:53,473] {logging_mixin.py:115} INFO - [2022-12-21 17:20:53,472] {dag.py:2371} INFO - Sync 1 DAGs
[2022-12-21 17:20:53,498] {logging_mixin.py:115} INFO - [2022-12-21 17:20:53,498] {dag.py:2919} INFO - Setting next_dagrun for tutorial_etl_dag to None, run_after=None
[2022-12-21 17:20:53,510] {processor.py:161} INFO - Processing /home/airflow/.local/lib/python3.7/site-packages/airflow/example_dags/tutorial_etl_dag.py took 0.080 seconds
[2022-12-21 17:21:24,048] {processor.py:153} INFO - Started process (PID=25370) to work on /home/airflow/.local/lib/python3.7/site-packages/airflow/example_dags/tutorial_etl_dag.py
[2022-12-21 17:21:24,049] {processor.py:641} INFO - Processing file /home/airflow/.local/lib/python3.7/site-packages/airflow/example_dags/tutorial_etl_dag.py for tasks to queue
[2022-12-21 17:21:24,050] {logging_mixin.py:115} INFO - [2022-12-21 17:21:24,049] {dagbag.py:507} INFO - Filling up the DagBag from /home/airflow/.local/lib/python3.7/site-packages/airflow/example_dags/tutorial_etl_dag.py
[2022-12-21 17:21:24,056] {processor.py:651} INFO - DAG(s) dict_keys(['tutorial_etl_dag']) retrieved from /home/airflow/.local/lib/python3.7/site-packages/airflow/example_dags/tutorial_etl_dag.py
[2022-12-21 17:21:24,080] {logging_mixin.py:115} INFO - [2022-12-21 17:21:24,080] {dag.py:2371} INFO - Sync 1 DAGs
[2022-12-21 17:21:24,097] {logging_mixin.py:115} INFO - [2022-12-21 17:21:24,097] {dag.py:2919} INFO - Setting next_dagrun for tutorial_etl_dag to None, run_after=None
[2022-12-21 17:21:24,106] {processor.py:161} INFO - Processing /home/airflow/.local/lib/python3.7/site-packages/airflow/example_dags/tutorial_etl_dag.py took 0.061 seconds
[2022-12-21 17:21:54,524] {processor.py:153} INFO - Started process (PID=25436) to work on /home/airflow/.local/lib/python3.7/site-packages/airflow/example_dags/tutorial_etl_dag.py
[2022-12-21 17:21:54,524] {processor.py:641} INFO - Processing file /home/airflow/.local/lib/python3.7/site-packages/airflow/example_dags/tutorial_etl_dag.py for tasks to queue
[2022-12-21 17:21:54,525] {logging_mixin.py:115} INFO - [2022-12-21 17:21:54,524] {dagbag.py:507} INFO - Filling up the DagBag from /home/airflow/.local/lib/python3.7/site-packages/airflow/example_dags/tutorial_etl_dag.py
[2022-12-21 17:21:54,529] {processor.py:651} INFO - DAG(s) dict_keys(['tutorial_etl_dag']) retrieved from /home/airflow/.local/lib/python3.7/site-packages/airflow/example_dags/tutorial_etl_dag.py
[2022-12-21 17:21:54,548] {logging_mixin.py:115} INFO - [2022-12-21 17:21:54,548] {dag.py:2371} INFO - Sync 1 DAGs
[2022-12-21 17:21:54,566] {logging_mixin.py:115} INFO - [2022-12-21 17:21:54,566] {dag.py:2919} INFO - Setting next_dagrun for tutorial_etl_dag to None, run_after=None
[2022-12-21 17:21:54,577] {processor.py:161} INFO - Processing /home/airflow/.local/lib/python3.7/site-packages/airflow/example_dags/tutorial_etl_dag.py took 0.055 seconds
[2022-12-21 17:22:25,031] {processor.py:153} INFO - Started process (PID=25504) to work on /home/airflow/.local/lib/python3.7/site-packages/airflow/example_dags/tutorial_etl_dag.py
[2022-12-21 17:22:25,031] {processor.py:641} INFO - Processing file /home/airflow/.local/lib/python3.7/site-packages/airflow/example_dags/tutorial_etl_dag.py for tasks to queue
[2022-12-21 17:22:25,032] {logging_mixin.py:115} INFO - [2022-12-21 17:22:25,032] {dagbag.py:507} INFO - Filling up the DagBag from /home/airflow/.local/lib/python3.7/site-packages/airflow/example_dags/tutorial_etl_dag.py
[2022-12-21 17:22:25,039] {processor.py:651} INFO - DAG(s) dict_keys(['tutorial_etl_dag']) retrieved from /home/airflow/.local/lib/python3.7/site-packages/airflow/example_dags/tutorial_etl_dag.py
[2022-12-21 17:22:25,059] {logging_mixin.py:115} INFO - [2022-12-21 17:22:25,059] {dag.py:2371} INFO - Sync 1 DAGs
[2022-12-21 17:22:25,078] {logging_mixin.py:115} INFO - [2022-12-21 17:22:25,078] {dag.py:2919} INFO - Setting next_dagrun for tutorial_etl_dag to None, run_after=None
[2022-12-21 17:22:25,090] {processor.py:161} INFO - Processing /home/airflow/.local/lib/python3.7/site-packages/airflow/example_dags/tutorial_etl_dag.py took 0.062 seconds
[2022-12-21 17:22:55,977] {processor.py:153} INFO - Started process (PID=25561) to work on /home/airflow/.local/lib/python3.7/site-packages/airflow/example_dags/tutorial_etl_dag.py
[2022-12-21 17:22:56,109] {processor.py:641} INFO - Processing file /home/airflow/.local/lib/python3.7/site-packages/airflow/example_dags/tutorial_etl_dag.py for tasks to queue
[2022-12-21 17:22:56,110] {logging_mixin.py:115} INFO - [2022-12-21 17:22:56,110] {dagbag.py:507} INFO - Filling up the DagBag from /home/airflow/.local/lib/python3.7/site-packages/airflow/example_dags/tutorial_etl_dag.py
[2022-12-21 17:22:56,122] {processor.py:651} INFO - DAG(s) dict_keys(['tutorial_etl_dag']) retrieved from /home/airflow/.local/lib/python3.7/site-packages/airflow/example_dags/tutorial_etl_dag.py
[2022-12-21 17:22:56,190] {logging_mixin.py:115} INFO - [2022-12-21 17:22:56,190] {dag.py:2371} INFO - Sync 1 DAGs
[2022-12-21 17:22:56,210] {logging_mixin.py:115} INFO - [2022-12-21 17:22:56,210] {dag.py:2919} INFO - Setting next_dagrun for tutorial_etl_dag to None, run_after=None
[2022-12-21 17:22:56,220] {processor.py:161} INFO - Processing /home/airflow/.local/lib/python3.7/site-packages/airflow/example_dags/tutorial_etl_dag.py took 0.245 seconds
[2022-12-21 17:23:26,271] {processor.py:153} INFO - Started process (PID=25628) to work on /home/airflow/.local/lib/python3.7/site-packages/airflow/example_dags/tutorial_etl_dag.py
[2022-12-21 17:23:26,271] {processor.py:641} INFO - Processing file /home/airflow/.local/lib/python3.7/site-packages/airflow/example_dags/tutorial_etl_dag.py for tasks to queue
[2022-12-21 17:23:26,272] {logging_mixin.py:115} INFO - [2022-12-21 17:23:26,272] {dagbag.py:507} INFO - Filling up the DagBag from /home/airflow/.local/lib/python3.7/site-packages/airflow/example_dags/tutorial_etl_dag.py
[2022-12-21 17:23:26,277] {processor.py:651} INFO - DAG(s) dict_keys(['tutorial_etl_dag']) retrieved from /home/airflow/.local/lib/python3.7/site-packages/airflow/example_dags/tutorial_etl_dag.py
[2022-12-21 17:23:26,298] {logging_mixin.py:115} INFO - [2022-12-21 17:23:26,297] {dag.py:2371} INFO - Sync 1 DAGs
[2022-12-21 17:23:26,315] {logging_mixin.py:115} INFO - [2022-12-21 17:23:26,314] {dag.py:2919} INFO - Setting next_dagrun for tutorial_etl_dag to None, run_after=None
[2022-12-21 17:23:26,324] {processor.py:161} INFO - Processing /home/airflow/.local/lib/python3.7/site-packages/airflow/example_dags/tutorial_etl_dag.py took 0.055 seconds
