[2022-12-21 16:55:23,347] {processor.py:153} INFO - Started process (PID=22108) to work on /home/airflow/.local/lib/python3.7/site-packages/airflow/example_dags/tutorial.py
[2022-12-21 16:55:23,347] {processor.py:641} INFO - Processing file /home/airflow/.local/lib/python3.7/site-packages/airflow/example_dags/tutorial.py for tasks to queue
[2022-12-21 16:55:23,348] {logging_mixin.py:115} INFO - [2022-12-21 16:55:23,348] {dagbag.py:507} INFO - Filling up the DagBag from /home/airflow/.local/lib/python3.7/site-packages/airflow/example_dags/tutorial.py
[2022-12-21 16:55:23,353] {processor.py:651} INFO - DAG(s) dict_keys(['tutorial']) retrieved from /home/airflow/.local/lib/python3.7/site-packages/airflow/example_dags/tutorial.py
[2022-12-21 16:55:23,378] {logging_mixin.py:115} INFO - [2022-12-21 16:55:23,378] {dag.py:2371} INFO - Sync 1 DAGs
[2022-12-21 16:55:23,398] {logging_mixin.py:115} INFO - [2022-12-21 16:55:23,398] {dag.py:2919} INFO - Setting next_dagrun for tutorial to 2022-12-20T16:55:23.397897+00:00, run_after=2022-12-21T16:55:23.397897+00:00
[2022-12-21 16:55:23,408] {processor.py:161} INFO - Processing /home/airflow/.local/lib/python3.7/site-packages/airflow/example_dags/tutorial.py took 0.063 seconds
[2022-12-21 16:55:53,860] {processor.py:153} INFO - Started process (PID=22174) to work on /home/airflow/.local/lib/python3.7/site-packages/airflow/example_dags/tutorial.py
[2022-12-21 16:55:53,860] {processor.py:641} INFO - Processing file /home/airflow/.local/lib/python3.7/site-packages/airflow/example_dags/tutorial.py for tasks to queue
[2022-12-21 16:55:53,861] {logging_mixin.py:115} INFO - [2022-12-21 16:55:53,861] {dagbag.py:507} INFO - Filling up the DagBag from /home/airflow/.local/lib/python3.7/site-packages/airflow/example_dags/tutorial.py
[2022-12-21 16:55:53,865] {processor.py:651} INFO - DAG(s) dict_keys(['tutorial']) retrieved from /home/airflow/.local/lib/python3.7/site-packages/airflow/example_dags/tutorial.py
[2022-12-21 16:55:53,881] {logging_mixin.py:115} INFO - [2022-12-21 16:55:53,881] {dag.py:2371} INFO - Sync 1 DAGs
[2022-12-21 16:55:53,896] {logging_mixin.py:115} INFO - [2022-12-21 16:55:53,896] {dag.py:2919} INFO - Setting next_dagrun for tutorial to 2022-12-20T16:55:53.896004+00:00, run_after=2022-12-21T16:55:53.896004+00:00
[2022-12-21 16:55:53,905] {processor.py:161} INFO - Processing /home/airflow/.local/lib/python3.7/site-packages/airflow/example_dags/tutorial.py took 0.047 seconds
[2022-12-21 16:56:24,220] {processor.py:153} INFO - Started process (PID=22240) to work on /home/airflow/.local/lib/python3.7/site-packages/airflow/example_dags/tutorial.py
[2022-12-21 16:56:24,221] {processor.py:641} INFO - Processing file /home/airflow/.local/lib/python3.7/site-packages/airflow/example_dags/tutorial.py for tasks to queue
[2022-12-21 16:56:24,222] {logging_mixin.py:115} INFO - [2022-12-21 16:56:24,222] {dagbag.py:507} INFO - Filling up the DagBag from /home/airflow/.local/lib/python3.7/site-packages/airflow/example_dags/tutorial.py
[2022-12-21 16:56:24,225] {processor.py:651} INFO - DAG(s) dict_keys(['tutorial']) retrieved from /home/airflow/.local/lib/python3.7/site-packages/airflow/example_dags/tutorial.py
[2022-12-21 16:56:24,243] {logging_mixin.py:115} INFO - [2022-12-21 16:56:24,243] {dag.py:2371} INFO - Sync 1 DAGs
[2022-12-21 16:56:24,257] {logging_mixin.py:115} INFO - [2022-12-21 16:56:24,257] {dag.py:2919} INFO - Setting next_dagrun for tutorial to 2022-12-20T16:56:24.257461+00:00, run_after=2022-12-21T16:56:24.257461+00:00
[2022-12-21 16:56:24,265] {processor.py:161} INFO - Processing /home/airflow/.local/lib/python3.7/site-packages/airflow/example_dags/tutorial.py took 0.047 seconds
[2022-12-21 16:56:54,623] {processor.py:153} INFO - Started process (PID=22305) to work on /home/airflow/.local/lib/python3.7/site-packages/airflow/example_dags/tutorial.py
[2022-12-21 16:56:54,624] {processor.py:641} INFO - Processing file /home/airflow/.local/lib/python3.7/site-packages/airflow/example_dags/tutorial.py for tasks to queue
[2022-12-21 16:56:54,624] {logging_mixin.py:115} INFO - [2022-12-21 16:56:54,624] {dagbag.py:507} INFO - Filling up the DagBag from /home/airflow/.local/lib/python3.7/site-packages/airflow/example_dags/tutorial.py
[2022-12-21 16:56:54,630] {processor.py:651} INFO - DAG(s) dict_keys(['tutorial']) retrieved from /home/airflow/.local/lib/python3.7/site-packages/airflow/example_dags/tutorial.py
[2022-12-21 16:56:54,674] {logging_mixin.py:115} INFO - [2022-12-21 16:56:54,674] {dag.py:2371} INFO - Sync 1 DAGs
[2022-12-21 16:56:54,696] {logging_mixin.py:115} INFO - [2022-12-21 16:56:54,696] {dag.py:2919} INFO - Setting next_dagrun for tutorial to 2022-12-20T16:56:54.696429+00:00, run_after=2022-12-21T16:56:54.696429+00:00
[2022-12-21 16:56:54,706] {processor.py:161} INFO - Processing /home/airflow/.local/lib/python3.7/site-packages/airflow/example_dags/tutorial.py took 0.095 seconds
[2022-12-21 16:57:25,158] {processor.py:153} INFO - Started process (PID=22364) to work on /home/airflow/.local/lib/python3.7/site-packages/airflow/example_dags/tutorial.py
[2022-12-21 16:57:25,158] {processor.py:641} INFO - Processing file /home/airflow/.local/lib/python3.7/site-packages/airflow/example_dags/tutorial.py for tasks to queue
[2022-12-21 16:57:25,159] {logging_mixin.py:115} INFO - [2022-12-21 16:57:25,159] {dagbag.py:507} INFO - Filling up the DagBag from /home/airflow/.local/lib/python3.7/site-packages/airflow/example_dags/tutorial.py
[2022-12-21 16:57:25,163] {processor.py:651} INFO - DAG(s) dict_keys(['tutorial']) retrieved from /home/airflow/.local/lib/python3.7/site-packages/airflow/example_dags/tutorial.py
[2022-12-21 16:57:25,179] {logging_mixin.py:115} INFO - [2022-12-21 16:57:25,179] {dag.py:2371} INFO - Sync 1 DAGs
[2022-12-21 16:57:25,193] {logging_mixin.py:115} INFO - [2022-12-21 16:57:25,193] {dag.py:2919} INFO - Setting next_dagrun for tutorial to 2022-12-20T16:57:25.193194+00:00, run_after=2022-12-21T16:57:25.193194+00:00
[2022-12-21 16:57:25,201] {processor.py:161} INFO - Processing /home/airflow/.local/lib/python3.7/site-packages/airflow/example_dags/tutorial.py took 0.046 seconds
[2022-12-21 16:57:55,462] {processor.py:153} INFO - Started process (PID=22431) to work on /home/airflow/.local/lib/python3.7/site-packages/airflow/example_dags/tutorial.py
[2022-12-21 16:57:55,463] {processor.py:641} INFO - Processing file /home/airflow/.local/lib/python3.7/site-packages/airflow/example_dags/tutorial.py for tasks to queue
[2022-12-21 16:57:55,463] {logging_mixin.py:115} INFO - [2022-12-21 16:57:55,463] {dagbag.py:507} INFO - Filling up the DagBag from /home/airflow/.local/lib/python3.7/site-packages/airflow/example_dags/tutorial.py
[2022-12-21 16:57:55,467] {processor.py:651} INFO - DAG(s) dict_keys(['tutorial']) retrieved from /home/airflow/.local/lib/python3.7/site-packages/airflow/example_dags/tutorial.py
[2022-12-21 16:57:55,483] {logging_mixin.py:115} INFO - [2022-12-21 16:57:55,483] {dag.py:2371} INFO - Sync 1 DAGs
[2022-12-21 16:57:55,497] {logging_mixin.py:115} INFO - [2022-12-21 16:57:55,497] {dag.py:2919} INFO - Setting next_dagrun for tutorial to 2022-12-20T16:57:55.496874+00:00, run_after=2022-12-21T16:57:55.496874+00:00
[2022-12-21 16:57:55,504] {processor.py:161} INFO - Processing /home/airflow/.local/lib/python3.7/site-packages/airflow/example_dags/tutorial.py took 0.044 seconds
[2022-12-21 16:58:25,890] {processor.py:153} INFO - Started process (PID=22497) to work on /home/airflow/.local/lib/python3.7/site-packages/airflow/example_dags/tutorial.py
[2022-12-21 16:58:25,891] {processor.py:641} INFO - Processing file /home/airflow/.local/lib/python3.7/site-packages/airflow/example_dags/tutorial.py for tasks to queue
[2022-12-21 16:58:25,891] {logging_mixin.py:115} INFO - [2022-12-21 16:58:25,891] {dagbag.py:507} INFO - Filling up the DagBag from /home/airflow/.local/lib/python3.7/site-packages/airflow/example_dags/tutorial.py
[2022-12-21 16:58:25,895] {processor.py:651} INFO - DAG(s) dict_keys(['tutorial']) retrieved from /home/airflow/.local/lib/python3.7/site-packages/airflow/example_dags/tutorial.py
[2022-12-21 16:58:25,913] {logging_mixin.py:115} INFO - [2022-12-21 16:58:25,913] {dag.py:2371} INFO - Sync 1 DAGs
[2022-12-21 16:58:25,932] {logging_mixin.py:115} INFO - [2022-12-21 16:58:25,932] {dag.py:2919} INFO - Setting next_dagrun for tutorial to 2022-12-20T16:58:25.932185+00:00, run_after=2022-12-21T16:58:25.932185+00:00
[2022-12-21 16:58:25,943] {processor.py:161} INFO - Processing /home/airflow/.local/lib/python3.7/site-packages/airflow/example_dags/tutorial.py took 0.055 seconds
[2022-12-21 16:58:56,463] {processor.py:153} INFO - Started process (PID=22563) to work on /home/airflow/.local/lib/python3.7/site-packages/airflow/example_dags/tutorial.py
[2022-12-21 16:58:56,464] {processor.py:641} INFO - Processing file /home/airflow/.local/lib/python3.7/site-packages/airflow/example_dags/tutorial.py for tasks to queue
[2022-12-21 16:58:56,464] {logging_mixin.py:115} INFO - [2022-12-21 16:58:56,464] {dagbag.py:507} INFO - Filling up the DagBag from /home/airflow/.local/lib/python3.7/site-packages/airflow/example_dags/tutorial.py
[2022-12-21 16:58:56,470] {processor.py:651} INFO - DAG(s) dict_keys(['tutorial']) retrieved from /home/airflow/.local/lib/python3.7/site-packages/airflow/example_dags/tutorial.py
[2022-12-21 16:58:56,489] {logging_mixin.py:115} INFO - [2022-12-21 16:58:56,489] {dag.py:2371} INFO - Sync 1 DAGs
[2022-12-21 16:58:56,506] {logging_mixin.py:115} INFO - [2022-12-21 16:58:56,506] {dag.py:2919} INFO - Setting next_dagrun for tutorial to 2022-12-20T16:58:56.506325+00:00, run_after=2022-12-21T16:58:56.506325+00:00
[2022-12-21 16:58:56,516] {processor.py:161} INFO - Processing /home/airflow/.local/lib/python3.7/site-packages/airflow/example_dags/tutorial.py took 0.055 seconds
[2022-12-21 16:59:26,919] {processor.py:153} INFO - Started process (PID=22621) to work on /home/airflow/.local/lib/python3.7/site-packages/airflow/example_dags/tutorial.py
[2022-12-21 16:59:26,919] {processor.py:641} INFO - Processing file /home/airflow/.local/lib/python3.7/site-packages/airflow/example_dags/tutorial.py for tasks to queue
[2022-12-21 16:59:26,920] {logging_mixin.py:115} INFO - [2022-12-21 16:59:26,920] {dagbag.py:507} INFO - Filling up the DagBag from /home/airflow/.local/lib/python3.7/site-packages/airflow/example_dags/tutorial.py
[2022-12-21 16:59:26,924] {processor.py:651} INFO - DAG(s) dict_keys(['tutorial']) retrieved from /home/airflow/.local/lib/python3.7/site-packages/airflow/example_dags/tutorial.py
[2022-12-21 16:59:26,942] {logging_mixin.py:115} INFO - [2022-12-21 16:59:26,942] {dag.py:2371} INFO - Sync 1 DAGs
[2022-12-21 16:59:26,957] {logging_mixin.py:115} INFO - [2022-12-21 16:59:26,957] {dag.py:2919} INFO - Setting next_dagrun for tutorial to 2022-12-20T16:59:26.957620+00:00, run_after=2022-12-21T16:59:26.957620+00:00
[2022-12-21 16:59:26,967] {processor.py:161} INFO - Processing /home/airflow/.local/lib/python3.7/site-packages/airflow/example_dags/tutorial.py took 0.051 seconds
[2022-12-21 16:59:57,434] {processor.py:153} INFO - Started process (PID=22687) to work on /home/airflow/.local/lib/python3.7/site-packages/airflow/example_dags/tutorial.py
[2022-12-21 16:59:57,435] {processor.py:641} INFO - Processing file /home/airflow/.local/lib/python3.7/site-packages/airflow/example_dags/tutorial.py for tasks to queue
[2022-12-21 16:59:57,435] {logging_mixin.py:115} INFO - [2022-12-21 16:59:57,435] {dagbag.py:507} INFO - Filling up the DagBag from /home/airflow/.local/lib/python3.7/site-packages/airflow/example_dags/tutorial.py
[2022-12-21 16:59:57,439] {processor.py:651} INFO - DAG(s) dict_keys(['tutorial']) retrieved from /home/airflow/.local/lib/python3.7/site-packages/airflow/example_dags/tutorial.py
[2022-12-21 16:59:57,458] {logging_mixin.py:115} INFO - [2022-12-21 16:59:57,458] {dag.py:2371} INFO - Sync 1 DAGs
[2022-12-21 16:59:57,473] {logging_mixin.py:115} INFO - [2022-12-21 16:59:57,473] {dag.py:2919} INFO - Setting next_dagrun for tutorial to 2022-12-20T16:59:57.473670+00:00, run_after=2022-12-21T16:59:57.473670+00:00
[2022-12-21 16:59:57,483] {processor.py:161} INFO - Processing /home/airflow/.local/lib/python3.7/site-packages/airflow/example_dags/tutorial.py took 0.051 seconds
[2022-12-21 17:00:28,044] {processor.py:153} INFO - Started process (PID=22754) to work on /home/airflow/.local/lib/python3.7/site-packages/airflow/example_dags/tutorial.py
[2022-12-21 17:00:28,045] {processor.py:641} INFO - Processing file /home/airflow/.local/lib/python3.7/site-packages/airflow/example_dags/tutorial.py for tasks to queue
[2022-12-21 17:00:28,045] {logging_mixin.py:115} INFO - [2022-12-21 17:00:28,045] {dagbag.py:507} INFO - Filling up the DagBag from /home/airflow/.local/lib/python3.7/site-packages/airflow/example_dags/tutorial.py
[2022-12-21 17:00:28,050] {processor.py:651} INFO - DAG(s) dict_keys(['tutorial']) retrieved from /home/airflow/.local/lib/python3.7/site-packages/airflow/example_dags/tutorial.py
[2022-12-21 17:00:28,067] {logging_mixin.py:115} INFO - [2022-12-21 17:00:28,067] {dag.py:2371} INFO - Sync 1 DAGs
[2022-12-21 17:00:28,082] {logging_mixin.py:115} INFO - [2022-12-21 17:00:28,082] {dag.py:2919} INFO - Setting next_dagrun for tutorial to 2022-12-20T17:00:28.082631+00:00, run_after=2022-12-21T17:00:28.082631+00:00
[2022-12-21 17:00:28,091] {processor.py:161} INFO - Processing /home/airflow/.local/lib/python3.7/site-packages/airflow/example_dags/tutorial.py took 0.049 seconds
[2022-12-21 17:00:58,552] {processor.py:153} INFO - Started process (PID=22810) to work on /home/airflow/.local/lib/python3.7/site-packages/airflow/example_dags/tutorial.py
[2022-12-21 17:00:58,553] {processor.py:641} INFO - Processing file /home/airflow/.local/lib/python3.7/site-packages/airflow/example_dags/tutorial.py for tasks to queue
[2022-12-21 17:00:58,553] {logging_mixin.py:115} INFO - [2022-12-21 17:00:58,553] {dagbag.py:507} INFO - Filling up the DagBag from /home/airflow/.local/lib/python3.7/site-packages/airflow/example_dags/tutorial.py
[2022-12-21 17:00:58,558] {processor.py:651} INFO - DAG(s) dict_keys(['tutorial']) retrieved from /home/airflow/.local/lib/python3.7/site-packages/airflow/example_dags/tutorial.py
[2022-12-21 17:00:58,579] {logging_mixin.py:115} INFO - [2022-12-21 17:00:58,578] {dag.py:2371} INFO - Sync 1 DAGs
[2022-12-21 17:00:58,598] {logging_mixin.py:115} INFO - [2022-12-21 17:00:58,598] {dag.py:2919} INFO - Setting next_dagrun for tutorial to 2022-12-20T17:00:58.598092+00:00, run_after=2022-12-21T17:00:58.598092+00:00
[2022-12-21 17:00:58,608] {processor.py:161} INFO - Processing /home/airflow/.local/lib/python3.7/site-packages/airflow/example_dags/tutorial.py took 0.058 seconds
[2022-12-21 17:01:29,036] {processor.py:153} INFO - Started process (PID=22877) to work on /home/airflow/.local/lib/python3.7/site-packages/airflow/example_dags/tutorial.py
[2022-12-21 17:01:29,037] {processor.py:641} INFO - Processing file /home/airflow/.local/lib/python3.7/site-packages/airflow/example_dags/tutorial.py for tasks to queue
[2022-12-21 17:01:29,037] {logging_mixin.py:115} INFO - [2022-12-21 17:01:29,037] {dagbag.py:507} INFO - Filling up the DagBag from /home/airflow/.local/lib/python3.7/site-packages/airflow/example_dags/tutorial.py
[2022-12-21 17:01:29,044] {processor.py:651} INFO - DAG(s) dict_keys(['tutorial']) retrieved from /home/airflow/.local/lib/python3.7/site-packages/airflow/example_dags/tutorial.py
[2022-12-21 17:01:29,069] {logging_mixin.py:115} INFO - [2022-12-21 17:01:29,069] {dag.py:2371} INFO - Sync 1 DAGs
[2022-12-21 17:01:29,089] {logging_mixin.py:115} INFO - [2022-12-21 17:01:29,088] {dag.py:2919} INFO - Setting next_dagrun for tutorial to 2022-12-20T17:01:29.088707+00:00, run_after=2022-12-21T17:01:29.088707+00:00
[2022-12-21 17:01:29,099] {processor.py:161} INFO - Processing /home/airflow/.local/lib/python3.7/site-packages/airflow/example_dags/tutorial.py took 0.066 seconds
[2022-12-21 17:01:59,691] {processor.py:153} INFO - Started process (PID=22942) to work on /home/airflow/.local/lib/python3.7/site-packages/airflow/example_dags/tutorial.py
[2022-12-21 17:01:59,692] {processor.py:641} INFO - Processing file /home/airflow/.local/lib/python3.7/site-packages/airflow/example_dags/tutorial.py for tasks to queue
[2022-12-21 17:01:59,692] {logging_mixin.py:115} INFO - [2022-12-21 17:01:59,692] {dagbag.py:507} INFO - Filling up the DagBag from /home/airflow/.local/lib/python3.7/site-packages/airflow/example_dags/tutorial.py
[2022-12-21 17:01:59,697] {processor.py:651} INFO - DAG(s) dict_keys(['tutorial']) retrieved from /home/airflow/.local/lib/python3.7/site-packages/airflow/example_dags/tutorial.py
[2022-12-21 17:01:59,718] {logging_mixin.py:115} INFO - [2022-12-21 17:01:59,718] {dag.py:2371} INFO - Sync 1 DAGs
[2022-12-21 17:01:59,734] {logging_mixin.py:115} INFO - [2022-12-21 17:01:59,734] {dag.py:2919} INFO - Setting next_dagrun for tutorial to 2022-12-20T17:01:59.734479+00:00, run_after=2022-12-21T17:01:59.734479+00:00
[2022-12-21 17:01:59,744] {processor.py:161} INFO - Processing /home/airflow/.local/lib/python3.7/site-packages/airflow/example_dags/tutorial.py took 0.055 seconds
[2022-12-21 17:02:30,250] {processor.py:153} INFO - Started process (PID=23008) to work on /home/airflow/.local/lib/python3.7/site-packages/airflow/example_dags/tutorial.py
[2022-12-21 17:02:30,251] {processor.py:641} INFO - Processing file /home/airflow/.local/lib/python3.7/site-packages/airflow/example_dags/tutorial.py for tasks to queue
[2022-12-21 17:02:30,251] {logging_mixin.py:115} INFO - [2022-12-21 17:02:30,251] {dagbag.py:507} INFO - Filling up the DagBag from /home/airflow/.local/lib/python3.7/site-packages/airflow/example_dags/tutorial.py
[2022-12-21 17:02:30,255] {processor.py:651} INFO - DAG(s) dict_keys(['tutorial']) retrieved from /home/airflow/.local/lib/python3.7/site-packages/airflow/example_dags/tutorial.py
[2022-12-21 17:02:30,274] {logging_mixin.py:115} INFO - [2022-12-21 17:02:30,273] {dag.py:2371} INFO - Sync 1 DAGs
[2022-12-21 17:02:30,289] {logging_mixin.py:115} INFO - [2022-12-21 17:02:30,289] {dag.py:2919} INFO - Setting next_dagrun for tutorial to 2022-12-20T17:02:30.289502+00:00, run_after=2022-12-21T17:02:30.289502+00:00
[2022-12-21 17:02:30,299] {processor.py:161} INFO - Processing /home/airflow/.local/lib/python3.7/site-packages/airflow/example_dags/tutorial.py took 0.051 seconds
[2022-12-21 17:03:01,006] {processor.py:153} INFO - Started process (PID=23065) to work on /home/airflow/.local/lib/python3.7/site-packages/airflow/example_dags/tutorial.py
[2022-12-21 17:03:01,007] {processor.py:641} INFO - Processing file /home/airflow/.local/lib/python3.7/site-packages/airflow/example_dags/tutorial.py for tasks to queue
[2022-12-21 17:03:01,008] {logging_mixin.py:115} INFO - [2022-12-21 17:03:01,007] {dagbag.py:507} INFO - Filling up the DagBag from /home/airflow/.local/lib/python3.7/site-packages/airflow/example_dags/tutorial.py
[2022-12-21 17:03:01,012] {processor.py:651} INFO - DAG(s) dict_keys(['tutorial']) retrieved from /home/airflow/.local/lib/python3.7/site-packages/airflow/example_dags/tutorial.py
[2022-12-21 17:03:01,030] {logging_mixin.py:115} INFO - [2022-12-21 17:03:01,030] {dag.py:2371} INFO - Sync 1 DAGs
[2022-12-21 17:03:01,046] {logging_mixin.py:115} INFO - [2022-12-21 17:03:01,046] {dag.py:2919} INFO - Setting next_dagrun for tutorial to 2022-12-20T17:03:01.046400+00:00, run_after=2022-12-21T17:03:01.046400+00:00
[2022-12-21 17:03:01,055] {processor.py:161} INFO - Processing /home/airflow/.local/lib/python3.7/site-packages/airflow/example_dags/tutorial.py took 0.051 seconds
[2022-12-21 17:03:31,818] {processor.py:153} INFO - Started process (PID=23131) to work on /home/airflow/.local/lib/python3.7/site-packages/airflow/example_dags/tutorial.py
[2022-12-21 17:03:31,818] {processor.py:641} INFO - Processing file /home/airflow/.local/lib/python3.7/site-packages/airflow/example_dags/tutorial.py for tasks to queue
[2022-12-21 17:03:31,819] {logging_mixin.py:115} INFO - [2022-12-21 17:03:31,819] {dagbag.py:507} INFO - Filling up the DagBag from /home/airflow/.local/lib/python3.7/site-packages/airflow/example_dags/tutorial.py
[2022-12-21 17:03:31,824] {processor.py:651} INFO - DAG(s) dict_keys(['tutorial']) retrieved from /home/airflow/.local/lib/python3.7/site-packages/airflow/example_dags/tutorial.py
[2022-12-21 17:03:31,848] {logging_mixin.py:115} INFO - [2022-12-21 17:03:31,848] {dag.py:2371} INFO - Sync 1 DAGs
[2022-12-21 17:03:31,867] {logging_mixin.py:115} INFO - [2022-12-21 17:03:31,867] {dag.py:2919} INFO - Setting next_dagrun for tutorial to 2022-12-20T17:03:31.867114+00:00, run_after=2022-12-21T17:03:31.867114+00:00
[2022-12-21 17:03:31,877] {processor.py:161} INFO - Processing /home/airflow/.local/lib/python3.7/site-packages/airflow/example_dags/tutorial.py took 0.061 seconds
[2022-12-21 17:04:02,346] {processor.py:153} INFO - Started process (PID=23198) to work on /home/airflow/.local/lib/python3.7/site-packages/airflow/example_dags/tutorial.py
[2022-12-21 17:04:02,347] {processor.py:641} INFO - Processing file /home/airflow/.local/lib/python3.7/site-packages/airflow/example_dags/tutorial.py for tasks to queue
[2022-12-21 17:04:02,348] {logging_mixin.py:115} INFO - [2022-12-21 17:04:02,348] {dagbag.py:507} INFO - Filling up the DagBag from /home/airflow/.local/lib/python3.7/site-packages/airflow/example_dags/tutorial.py
[2022-12-21 17:04:02,352] {processor.py:651} INFO - DAG(s) dict_keys(['tutorial']) retrieved from /home/airflow/.local/lib/python3.7/site-packages/airflow/example_dags/tutorial.py
[2022-12-21 17:04:02,373] {logging_mixin.py:115} INFO - [2022-12-21 17:04:02,373] {dag.py:2371} INFO - Sync 1 DAGs
[2022-12-21 17:04:02,391] {logging_mixin.py:115} INFO - [2022-12-21 17:04:02,391] {dag.py:2919} INFO - Setting next_dagrun for tutorial to 2022-12-20T17:04:02.390983+00:00, run_after=2022-12-21T17:04:02.390983+00:00
[2022-12-21 17:04:02,401] {processor.py:161} INFO - Processing /home/airflow/.local/lib/python3.7/site-packages/airflow/example_dags/tutorial.py took 0.057 seconds
[2022-12-21 17:04:32,978] {processor.py:153} INFO - Started process (PID=23264) to work on /home/airflow/.local/lib/python3.7/site-packages/airflow/example_dags/tutorial.py
[2022-12-21 17:04:32,978] {processor.py:641} INFO - Processing file /home/airflow/.local/lib/python3.7/site-packages/airflow/example_dags/tutorial.py for tasks to queue
[2022-12-21 17:04:32,979] {logging_mixin.py:115} INFO - [2022-12-21 17:04:32,979] {dagbag.py:507} INFO - Filling up the DagBag from /home/airflow/.local/lib/python3.7/site-packages/airflow/example_dags/tutorial.py
[2022-12-21 17:04:32,985] {processor.py:651} INFO - DAG(s) dict_keys(['tutorial']) retrieved from /home/airflow/.local/lib/python3.7/site-packages/airflow/example_dags/tutorial.py
[2022-12-21 17:04:33,005] {logging_mixin.py:115} INFO - [2022-12-21 17:04:33,005] {dag.py:2371} INFO - Sync 1 DAGs
[2022-12-21 17:04:33,023] {logging_mixin.py:115} INFO - [2022-12-21 17:04:33,023] {dag.py:2919} INFO - Setting next_dagrun for tutorial to 2022-12-20T17:04:33.022970+00:00, run_after=2022-12-21T17:04:33.022970+00:00
[2022-12-21 17:04:33,033] {processor.py:161} INFO - Processing /home/airflow/.local/lib/python3.7/site-packages/airflow/example_dags/tutorial.py took 0.058 seconds
[2022-12-21 17:05:03,466] {processor.py:153} INFO - Started process (PID=23321) to work on /home/airflow/.local/lib/python3.7/site-packages/airflow/example_dags/tutorial.py
[2022-12-21 17:05:03,466] {processor.py:641} INFO - Processing file /home/airflow/.local/lib/python3.7/site-packages/airflow/example_dags/tutorial.py for tasks to queue
[2022-12-21 17:05:03,466] {logging_mixin.py:115} INFO - [2022-12-21 17:05:03,466] {dagbag.py:507} INFO - Filling up the DagBag from /home/airflow/.local/lib/python3.7/site-packages/airflow/example_dags/tutorial.py
[2022-12-21 17:05:03,471] {processor.py:651} INFO - DAG(s) dict_keys(['tutorial']) retrieved from /home/airflow/.local/lib/python3.7/site-packages/airflow/example_dags/tutorial.py
[2022-12-21 17:05:03,495] {logging_mixin.py:115} INFO - [2022-12-21 17:05:03,495] {dag.py:2371} INFO - Sync 1 DAGs
[2022-12-21 17:05:03,519] {logging_mixin.py:115} INFO - [2022-12-21 17:05:03,519] {dag.py:2919} INFO - Setting next_dagrun for tutorial to 2022-12-20T17:05:03.518753+00:00, run_after=2022-12-21T17:05:03.518753+00:00
[2022-12-21 17:05:03,529] {processor.py:161} INFO - Processing /home/airflow/.local/lib/python3.7/site-packages/airflow/example_dags/tutorial.py took 0.066 seconds
[2022-12-21 17:05:34,049] {processor.py:153} INFO - Started process (PID=23386) to work on /home/airflow/.local/lib/python3.7/site-packages/airflow/example_dags/tutorial.py
[2022-12-21 17:05:34,050] {processor.py:641} INFO - Processing file /home/airflow/.local/lib/python3.7/site-packages/airflow/example_dags/tutorial.py for tasks to queue
[2022-12-21 17:05:34,050] {logging_mixin.py:115} INFO - [2022-12-21 17:05:34,050] {dagbag.py:507} INFO - Filling up the DagBag from /home/airflow/.local/lib/python3.7/site-packages/airflow/example_dags/tutorial.py
[2022-12-21 17:05:34,056] {processor.py:651} INFO - DAG(s) dict_keys(['tutorial']) retrieved from /home/airflow/.local/lib/python3.7/site-packages/airflow/example_dags/tutorial.py
[2022-12-21 17:05:34,078] {logging_mixin.py:115} INFO - [2022-12-21 17:05:34,078] {dag.py:2371} INFO - Sync 1 DAGs
[2022-12-21 17:05:34,097] {logging_mixin.py:115} INFO - [2022-12-21 17:05:34,097] {dag.py:2919} INFO - Setting next_dagrun for tutorial to 2022-12-20T17:05:34.097027+00:00, run_after=2022-12-21T17:05:34.097027+00:00
[2022-12-21 17:05:34,110] {processor.py:161} INFO - Processing /home/airflow/.local/lib/python3.7/site-packages/airflow/example_dags/tutorial.py took 0.063 seconds
[2022-12-21 17:06:05,144] {processor.py:153} INFO - Started process (PID=23453) to work on /home/airflow/.local/lib/python3.7/site-packages/airflow/example_dags/tutorial.py
[2022-12-21 17:06:05,145] {processor.py:641} INFO - Processing file /home/airflow/.local/lib/python3.7/site-packages/airflow/example_dags/tutorial.py for tasks to queue
[2022-12-21 17:06:05,145] {logging_mixin.py:115} INFO - [2022-12-21 17:06:05,145] {dagbag.py:507} INFO - Filling up the DagBag from /home/airflow/.local/lib/python3.7/site-packages/airflow/example_dags/tutorial.py
[2022-12-21 17:06:05,150] {processor.py:651} INFO - DAG(s) dict_keys(['tutorial']) retrieved from /home/airflow/.local/lib/python3.7/site-packages/airflow/example_dags/tutorial.py
[2022-12-21 17:06:05,170] {logging_mixin.py:115} INFO - [2022-12-21 17:06:05,170] {dag.py:2371} INFO - Sync 1 DAGs
[2022-12-21 17:06:05,188] {logging_mixin.py:115} INFO - [2022-12-21 17:06:05,188] {dag.py:2919} INFO - Setting next_dagrun for tutorial to 2022-12-20T17:06:05.188417+00:00, run_after=2022-12-21T17:06:05.188417+00:00
[2022-12-21 17:06:05,198] {processor.py:161} INFO - Processing /home/airflow/.local/lib/python3.7/site-packages/airflow/example_dags/tutorial.py took 0.056 seconds
[2022-12-21 17:06:35,626] {processor.py:153} INFO - Started process (PID=23520) to work on /home/airflow/.local/lib/python3.7/site-packages/airflow/example_dags/tutorial.py
[2022-12-21 17:06:35,627] {processor.py:641} INFO - Processing file /home/airflow/.local/lib/python3.7/site-packages/airflow/example_dags/tutorial.py for tasks to queue
[2022-12-21 17:06:35,627] {logging_mixin.py:115} INFO - [2022-12-21 17:06:35,627] {dagbag.py:507} INFO - Filling up the DagBag from /home/airflow/.local/lib/python3.7/site-packages/airflow/example_dags/tutorial.py
[2022-12-21 17:06:35,632] {processor.py:651} INFO - DAG(s) dict_keys(['tutorial']) retrieved from /home/airflow/.local/lib/python3.7/site-packages/airflow/example_dags/tutorial.py
[2022-12-21 17:06:35,656] {logging_mixin.py:115} INFO - [2022-12-21 17:06:35,656] {dag.py:2371} INFO - Sync 1 DAGs
[2022-12-21 17:06:35,676] {logging_mixin.py:115} INFO - [2022-12-21 17:06:35,676] {dag.py:2919} INFO - Setting next_dagrun for tutorial to 2022-12-20T17:06:35.676394+00:00, run_after=2022-12-21T17:06:35.676394+00:00
[2022-12-21 17:06:35,686] {processor.py:161} INFO - Processing /home/airflow/.local/lib/python3.7/site-packages/airflow/example_dags/tutorial.py took 0.063 seconds
[2022-12-21 17:07:06,150] {processor.py:153} INFO - Started process (PID=23577) to work on /home/airflow/.local/lib/python3.7/site-packages/airflow/example_dags/tutorial.py
[2022-12-21 17:07:06,151] {processor.py:641} INFO - Processing file /home/airflow/.local/lib/python3.7/site-packages/airflow/example_dags/tutorial.py for tasks to queue
[2022-12-21 17:07:06,151] {logging_mixin.py:115} INFO - [2022-12-21 17:07:06,151] {dagbag.py:507} INFO - Filling up the DagBag from /home/airflow/.local/lib/python3.7/site-packages/airflow/example_dags/tutorial.py
[2022-12-21 17:07:06,157] {processor.py:651} INFO - DAG(s) dict_keys(['tutorial']) retrieved from /home/airflow/.local/lib/python3.7/site-packages/airflow/example_dags/tutorial.py
[2022-12-21 17:07:06,181] {logging_mixin.py:115} INFO - [2022-12-21 17:07:06,181] {dag.py:2371} INFO - Sync 1 DAGs
[2022-12-21 17:07:06,203] {logging_mixin.py:115} INFO - [2022-12-21 17:07:06,203] {dag.py:2919} INFO - Setting next_dagrun for tutorial to 2022-12-20T17:07:06.203471+00:00, run_after=2022-12-21T17:07:06.203471+00:00
[2022-12-21 17:07:06,214] {processor.py:161} INFO - Processing /home/airflow/.local/lib/python3.7/site-packages/airflow/example_dags/tutorial.py took 0.067 seconds
[2022-12-21 17:07:36,732] {processor.py:153} INFO - Started process (PID=23642) to work on /home/airflow/.local/lib/python3.7/site-packages/airflow/example_dags/tutorial.py
[2022-12-21 17:07:36,733] {processor.py:641} INFO - Processing file /home/airflow/.local/lib/python3.7/site-packages/airflow/example_dags/tutorial.py for tasks to queue
[2022-12-21 17:07:36,733] {logging_mixin.py:115} INFO - [2022-12-21 17:07:36,733] {dagbag.py:507} INFO - Filling up the DagBag from /home/airflow/.local/lib/python3.7/site-packages/airflow/example_dags/tutorial.py
[2022-12-21 17:07:36,739] {processor.py:651} INFO - DAG(s) dict_keys(['tutorial']) retrieved from /home/airflow/.local/lib/python3.7/site-packages/airflow/example_dags/tutorial.py
[2022-12-21 17:07:36,760] {logging_mixin.py:115} INFO - [2022-12-21 17:07:36,760] {dag.py:2371} INFO - Sync 1 DAGs
[2022-12-21 17:07:36,782] {logging_mixin.py:115} INFO - [2022-12-21 17:07:36,782] {dag.py:2919} INFO - Setting next_dagrun for tutorial to 2022-12-20T17:07:36.781986+00:00, run_after=2022-12-21T17:07:36.781986+00:00
[2022-12-21 17:07:36,794] {processor.py:161} INFO - Processing /home/airflow/.local/lib/python3.7/site-packages/airflow/example_dags/tutorial.py took 0.065 seconds
[2022-12-21 17:08:07,341] {processor.py:153} INFO - Started process (PID=23708) to work on /home/airflow/.local/lib/python3.7/site-packages/airflow/example_dags/tutorial.py
[2022-12-21 17:08:07,341] {processor.py:641} INFO - Processing file /home/airflow/.local/lib/python3.7/site-packages/airflow/example_dags/tutorial.py for tasks to queue
[2022-12-21 17:08:07,342] {logging_mixin.py:115} INFO - [2022-12-21 17:08:07,342] {dagbag.py:507} INFO - Filling up the DagBag from /home/airflow/.local/lib/python3.7/site-packages/airflow/example_dags/tutorial.py
[2022-12-21 17:08:07,348] {processor.py:651} INFO - DAG(s) dict_keys(['tutorial']) retrieved from /home/airflow/.local/lib/python3.7/site-packages/airflow/example_dags/tutorial.py
[2022-12-21 17:08:07,370] {logging_mixin.py:115} INFO - [2022-12-21 17:08:07,370] {dag.py:2371} INFO - Sync 1 DAGs
[2022-12-21 17:08:07,388] {logging_mixin.py:115} INFO - [2022-12-21 17:08:07,388] {dag.py:2919} INFO - Setting next_dagrun for tutorial to 2022-12-20T17:08:07.388108+00:00, run_after=2022-12-21T17:08:07.388108+00:00
[2022-12-21 17:08:07,398] {processor.py:161} INFO - Processing /home/airflow/.local/lib/python3.7/site-packages/airflow/example_dags/tutorial.py took 0.060 seconds
[2022-12-21 17:08:37,895] {processor.py:153} INFO - Started process (PID=23775) to work on /home/airflow/.local/lib/python3.7/site-packages/airflow/example_dags/tutorial.py
[2022-12-21 17:08:37,896] {processor.py:641} INFO - Processing file /home/airflow/.local/lib/python3.7/site-packages/airflow/example_dags/tutorial.py for tasks to queue
[2022-12-21 17:08:37,896] {logging_mixin.py:115} INFO - [2022-12-21 17:08:37,896] {dagbag.py:507} INFO - Filling up the DagBag from /home/airflow/.local/lib/python3.7/site-packages/airflow/example_dags/tutorial.py
[2022-12-21 17:08:37,900] {processor.py:651} INFO - DAG(s) dict_keys(['tutorial']) retrieved from /home/airflow/.local/lib/python3.7/site-packages/airflow/example_dags/tutorial.py
[2022-12-21 17:08:37,925] {logging_mixin.py:115} INFO - [2022-12-21 17:08:37,925] {dag.py:2371} INFO - Sync 1 DAGs
[2022-12-21 17:08:37,941] {logging_mixin.py:115} INFO - [2022-12-21 17:08:37,941] {dag.py:2919} INFO - Setting next_dagrun for tutorial to 2022-12-20T17:08:37.941241+00:00, run_after=2022-12-21T17:08:37.941241+00:00
[2022-12-21 17:08:37,951] {processor.py:161} INFO - Processing /home/airflow/.local/lib/python3.7/site-packages/airflow/example_dags/tutorial.py took 0.058 seconds
[2022-12-21 17:09:08,582] {processor.py:153} INFO - Started process (PID=23832) to work on /home/airflow/.local/lib/python3.7/site-packages/airflow/example_dags/tutorial.py
[2022-12-21 17:09:08,583] {processor.py:641} INFO - Processing file /home/airflow/.local/lib/python3.7/site-packages/airflow/example_dags/tutorial.py for tasks to queue
[2022-12-21 17:09:08,583] {logging_mixin.py:115} INFO - [2022-12-21 17:09:08,583] {dagbag.py:507} INFO - Filling up the DagBag from /home/airflow/.local/lib/python3.7/site-packages/airflow/example_dags/tutorial.py
[2022-12-21 17:09:08,590] {processor.py:651} INFO - DAG(s) dict_keys(['tutorial']) retrieved from /home/airflow/.local/lib/python3.7/site-packages/airflow/example_dags/tutorial.py
[2022-12-21 17:09:08,611] {logging_mixin.py:115} INFO - [2022-12-21 17:09:08,611] {dag.py:2371} INFO - Sync 1 DAGs
[2022-12-21 17:09:08,627] {logging_mixin.py:115} INFO - [2022-12-21 17:09:08,627] {dag.py:2919} INFO - Setting next_dagrun for tutorial to 2022-12-20T17:09:08.626853+00:00, run_after=2022-12-21T17:09:08.626853+00:00
[2022-12-21 17:09:08,637] {processor.py:161} INFO - Processing /home/airflow/.local/lib/python3.7/site-packages/airflow/example_dags/tutorial.py took 0.058 seconds
[2022-12-21 17:09:39,292] {processor.py:153} INFO - Started process (PID=23899) to work on /home/airflow/.local/lib/python3.7/site-packages/airflow/example_dags/tutorial.py
[2022-12-21 17:09:39,293] {processor.py:641} INFO - Processing file /home/airflow/.local/lib/python3.7/site-packages/airflow/example_dags/tutorial.py for tasks to queue
[2022-12-21 17:09:39,293] {logging_mixin.py:115} INFO - [2022-12-21 17:09:39,293] {dagbag.py:507} INFO - Filling up the DagBag from /home/airflow/.local/lib/python3.7/site-packages/airflow/example_dags/tutorial.py
[2022-12-21 17:09:39,298] {processor.py:651} INFO - DAG(s) dict_keys(['tutorial']) retrieved from /home/airflow/.local/lib/python3.7/site-packages/airflow/example_dags/tutorial.py
[2022-12-21 17:09:39,320] {logging_mixin.py:115} INFO - [2022-12-21 17:09:39,320] {dag.py:2371} INFO - Sync 1 DAGs
[2022-12-21 17:09:39,340] {logging_mixin.py:115} INFO - [2022-12-21 17:09:39,340] {dag.py:2919} INFO - Setting next_dagrun for tutorial to 2022-12-20T17:09:39.340087+00:00, run_after=2022-12-21T17:09:39.340087+00:00
[2022-12-21 17:09:39,350] {processor.py:161} INFO - Processing /home/airflow/.local/lib/python3.7/site-packages/airflow/example_dags/tutorial.py took 0.060 seconds
[2022-12-21 17:10:10,039] {processor.py:153} INFO - Started process (PID=23966) to work on /home/airflow/.local/lib/python3.7/site-packages/airflow/example_dags/tutorial.py
[2022-12-21 17:10:10,040] {processor.py:641} INFO - Processing file /home/airflow/.local/lib/python3.7/site-packages/airflow/example_dags/tutorial.py for tasks to queue
[2022-12-21 17:10:10,041] {logging_mixin.py:115} INFO - [2022-12-21 17:10:10,041] {dagbag.py:507} INFO - Filling up the DagBag from /home/airflow/.local/lib/python3.7/site-packages/airflow/example_dags/tutorial.py
[2022-12-21 17:10:10,045] {processor.py:651} INFO - DAG(s) dict_keys(['tutorial']) retrieved from /home/airflow/.local/lib/python3.7/site-packages/airflow/example_dags/tutorial.py
[2022-12-21 17:10:10,066] {logging_mixin.py:115} INFO - [2022-12-21 17:10:10,066] {dag.py:2371} INFO - Sync 1 DAGs
[2022-12-21 17:10:10,084] {logging_mixin.py:115} INFO - [2022-12-21 17:10:10,084] {dag.py:2919} INFO - Setting next_dagrun for tutorial to 2022-12-20T17:10:10.084642+00:00, run_after=2022-12-21T17:10:10.084642+00:00
[2022-12-21 17:10:10,095] {processor.py:161} INFO - Processing /home/airflow/.local/lib/python3.7/site-packages/airflow/example_dags/tutorial.py took 0.058 seconds
[2022-12-21 17:10:40,636] {processor.py:153} INFO - Started process (PID=24031) to work on /home/airflow/.local/lib/python3.7/site-packages/airflow/example_dags/tutorial.py
[2022-12-21 17:10:40,637] {processor.py:641} INFO - Processing file /home/airflow/.local/lib/python3.7/site-packages/airflow/example_dags/tutorial.py for tasks to queue
[2022-12-21 17:10:40,638] {logging_mixin.py:115} INFO - [2022-12-21 17:10:40,638] {dagbag.py:507} INFO - Filling up the DagBag from /home/airflow/.local/lib/python3.7/site-packages/airflow/example_dags/tutorial.py
[2022-12-21 17:10:40,643] {processor.py:651} INFO - DAG(s) dict_keys(['tutorial']) retrieved from /home/airflow/.local/lib/python3.7/site-packages/airflow/example_dags/tutorial.py
[2022-12-21 17:10:40,666] {logging_mixin.py:115} INFO - [2022-12-21 17:10:40,665] {dag.py:2371} INFO - Sync 1 DAGs
[2022-12-21 17:10:40,686] {logging_mixin.py:115} INFO - [2022-12-21 17:10:40,686] {dag.py:2919} INFO - Setting next_dagrun for tutorial to 2022-12-20T17:10:40.686103+00:00, run_after=2022-12-21T17:10:40.686103+00:00
[2022-12-21 17:10:40,695] {processor.py:161} INFO - Processing /home/airflow/.local/lib/python3.7/site-packages/airflow/example_dags/tutorial.py took 0.061 seconds
[2022-12-21 17:11:11,164] {processor.py:153} INFO - Started process (PID=24089) to work on /home/airflow/.local/lib/python3.7/site-packages/airflow/example_dags/tutorial.py
[2022-12-21 17:11:11,165] {processor.py:641} INFO - Processing file /home/airflow/.local/lib/python3.7/site-packages/airflow/example_dags/tutorial.py for tasks to queue
[2022-12-21 17:11:11,165] {logging_mixin.py:115} INFO - [2022-12-21 17:11:11,165] {dagbag.py:507} INFO - Filling up the DagBag from /home/airflow/.local/lib/python3.7/site-packages/airflow/example_dags/tutorial.py
[2022-12-21 17:11:11,172] {processor.py:651} INFO - DAG(s) dict_keys(['tutorial']) retrieved from /home/airflow/.local/lib/python3.7/site-packages/airflow/example_dags/tutorial.py
[2022-12-21 17:11:11,201] {logging_mixin.py:115} INFO - [2022-12-21 17:11:11,201] {dag.py:2371} INFO - Sync 1 DAGs
[2022-12-21 17:11:11,225] {logging_mixin.py:115} INFO - [2022-12-21 17:11:11,225] {dag.py:2919} INFO - Setting next_dagrun for tutorial to 2022-12-20T17:11:11.224974+00:00, run_after=2022-12-21T17:11:11.224974+00:00
[2022-12-21 17:11:11,238] {processor.py:161} INFO - Processing /home/airflow/.local/lib/python3.7/site-packages/airflow/example_dags/tutorial.py took 0.077 seconds
[2022-12-21 17:11:41,815] {processor.py:153} INFO - Started process (PID=24155) to work on /home/airflow/.local/lib/python3.7/site-packages/airflow/example_dags/tutorial.py
[2022-12-21 17:11:41,815] {processor.py:641} INFO - Processing file /home/airflow/.local/lib/python3.7/site-packages/airflow/example_dags/tutorial.py for tasks to queue
[2022-12-21 17:11:41,816] {logging_mixin.py:115} INFO - [2022-12-21 17:11:41,815] {dagbag.py:507} INFO - Filling up the DagBag from /home/airflow/.local/lib/python3.7/site-packages/airflow/example_dags/tutorial.py
[2022-12-21 17:11:41,820] {processor.py:651} INFO - DAG(s) dict_keys(['tutorial']) retrieved from /home/airflow/.local/lib/python3.7/site-packages/airflow/example_dags/tutorial.py
[2022-12-21 17:11:41,842] {logging_mixin.py:115} INFO - [2022-12-21 17:11:41,842] {dag.py:2371} INFO - Sync 1 DAGs
[2022-12-21 17:11:41,860] {logging_mixin.py:115} INFO - [2022-12-21 17:11:41,860] {dag.py:2919} INFO - Setting next_dagrun for tutorial to 2022-12-20T17:11:41.860288+00:00, run_after=2022-12-21T17:11:41.860288+00:00
[2022-12-21 17:11:41,871] {processor.py:161} INFO - Processing /home/airflow/.local/lib/python3.7/site-packages/airflow/example_dags/tutorial.py took 0.060 seconds
[2022-12-21 17:12:12,431] {processor.py:153} INFO - Started process (PID=24221) to work on /home/airflow/.local/lib/python3.7/site-packages/airflow/example_dags/tutorial.py
[2022-12-21 17:12:12,432] {processor.py:641} INFO - Processing file /home/airflow/.local/lib/python3.7/site-packages/airflow/example_dags/tutorial.py for tasks to queue
[2022-12-21 17:12:12,433] {logging_mixin.py:115} INFO - [2022-12-21 17:12:12,432] {dagbag.py:507} INFO - Filling up the DagBag from /home/airflow/.local/lib/python3.7/site-packages/airflow/example_dags/tutorial.py
[2022-12-21 17:12:12,438] {processor.py:651} INFO - DAG(s) dict_keys(['tutorial']) retrieved from /home/airflow/.local/lib/python3.7/site-packages/airflow/example_dags/tutorial.py
[2022-12-21 17:12:12,462] {logging_mixin.py:115} INFO - [2022-12-21 17:12:12,462] {dag.py:2371} INFO - Sync 1 DAGs
[2022-12-21 17:12:12,486] {logging_mixin.py:115} INFO - [2022-12-21 17:12:12,486] {dag.py:2919} INFO - Setting next_dagrun for tutorial to 2022-12-20T17:12:12.486406+00:00, run_after=2022-12-21T17:12:12.486406+00:00
[2022-12-21 17:12:12,496] {processor.py:161} INFO - Processing /home/airflow/.local/lib/python3.7/site-packages/airflow/example_dags/tutorial.py took 0.069 seconds
[2022-12-21 17:12:42,971] {processor.py:153} INFO - Started process (PID=24279) to work on /home/airflow/.local/lib/python3.7/site-packages/airflow/example_dags/tutorial.py
[2022-12-21 17:12:42,972] {processor.py:641} INFO - Processing file /home/airflow/.local/lib/python3.7/site-packages/airflow/example_dags/tutorial.py for tasks to queue
[2022-12-21 17:12:42,972] {logging_mixin.py:115} INFO - [2022-12-21 17:12:42,972] {dagbag.py:507} INFO - Filling up the DagBag from /home/airflow/.local/lib/python3.7/site-packages/airflow/example_dags/tutorial.py
[2022-12-21 17:12:42,976] {processor.py:651} INFO - DAG(s) dict_keys(['tutorial']) retrieved from /home/airflow/.local/lib/python3.7/site-packages/airflow/example_dags/tutorial.py
[2022-12-21 17:12:42,997] {logging_mixin.py:115} INFO - [2022-12-21 17:12:42,997] {dag.py:2371} INFO - Sync 1 DAGs
[2022-12-21 17:12:43,014] {logging_mixin.py:115} INFO - [2022-12-21 17:12:43,014] {dag.py:2919} INFO - Setting next_dagrun for tutorial to 2022-12-20T17:12:43.014365+00:00, run_after=2022-12-21T17:12:43.014365+00:00
[2022-12-21 17:12:43,024] {processor.py:161} INFO - Processing /home/airflow/.local/lib/python3.7/site-packages/airflow/example_dags/tutorial.py took 0.055 seconds
[2022-12-21 17:13:13,413] {processor.py:153} INFO - Started process (PID=24344) to work on /home/airflow/.local/lib/python3.7/site-packages/airflow/example_dags/tutorial.py
[2022-12-21 17:13:13,414] {processor.py:641} INFO - Processing file /home/airflow/.local/lib/python3.7/site-packages/airflow/example_dags/tutorial.py for tasks to queue
[2022-12-21 17:13:13,414] {logging_mixin.py:115} INFO - [2022-12-21 17:13:13,414] {dagbag.py:507} INFO - Filling up the DagBag from /home/airflow/.local/lib/python3.7/site-packages/airflow/example_dags/tutorial.py
[2022-12-21 17:13:13,419] {processor.py:651} INFO - DAG(s) dict_keys(['tutorial']) retrieved from /home/airflow/.local/lib/python3.7/site-packages/airflow/example_dags/tutorial.py
[2022-12-21 17:13:13,440] {logging_mixin.py:115} INFO - [2022-12-21 17:13:13,440] {dag.py:2371} INFO - Sync 1 DAGs
[2022-12-21 17:13:13,462] {logging_mixin.py:115} INFO - [2022-12-21 17:13:13,462] {dag.py:2919} INFO - Setting next_dagrun for tutorial to 2022-12-20T17:13:13.462043+00:00, run_after=2022-12-21T17:13:13.462043+00:00
[2022-12-21 17:13:13,472] {processor.py:161} INFO - Processing /home/airflow/.local/lib/python3.7/site-packages/airflow/example_dags/tutorial.py took 0.061 seconds
[2022-12-21 17:13:44,043] {processor.py:153} INFO - Started process (PID=24410) to work on /home/airflow/.local/lib/python3.7/site-packages/airflow/example_dags/tutorial.py
[2022-12-21 17:13:44,044] {processor.py:641} INFO - Processing file /home/airflow/.local/lib/python3.7/site-packages/airflow/example_dags/tutorial.py for tasks to queue
[2022-12-21 17:13:44,045] {logging_mixin.py:115} INFO - [2022-12-21 17:13:44,045] {dagbag.py:507} INFO - Filling up the DagBag from /home/airflow/.local/lib/python3.7/site-packages/airflow/example_dags/tutorial.py
[2022-12-21 17:13:44,049] {processor.py:651} INFO - DAG(s) dict_keys(['tutorial']) retrieved from /home/airflow/.local/lib/python3.7/site-packages/airflow/example_dags/tutorial.py
[2022-12-21 17:13:44,068] {logging_mixin.py:115} INFO - [2022-12-21 17:13:44,068] {dag.py:2371} INFO - Sync 1 DAGs
[2022-12-21 17:13:44,085] {logging_mixin.py:115} INFO - [2022-12-21 17:13:44,085] {dag.py:2919} INFO - Setting next_dagrun for tutorial to 2022-12-20T17:13:44.085384+00:00, run_after=2022-12-21T17:13:44.085384+00:00
[2022-12-21 17:13:44,096] {processor.py:161} INFO - Processing /home/airflow/.local/lib/python3.7/site-packages/airflow/example_dags/tutorial.py took 0.055 seconds
[2022-12-21 17:14:14,692] {processor.py:153} INFO - Started process (PID=24477) to work on /home/airflow/.local/lib/python3.7/site-packages/airflow/example_dags/tutorial.py
[2022-12-21 17:14:14,693] {processor.py:641} INFO - Processing file /home/airflow/.local/lib/python3.7/site-packages/airflow/example_dags/tutorial.py for tasks to queue
[2022-12-21 17:14:14,693] {logging_mixin.py:115} INFO - [2022-12-21 17:14:14,693] {dagbag.py:507} INFO - Filling up the DagBag from /home/airflow/.local/lib/python3.7/site-packages/airflow/example_dags/tutorial.py
[2022-12-21 17:14:14,698] {processor.py:651} INFO - DAG(s) dict_keys(['tutorial']) retrieved from /home/airflow/.local/lib/python3.7/site-packages/airflow/example_dags/tutorial.py
[2022-12-21 17:14:14,717] {logging_mixin.py:115} INFO - [2022-12-21 17:14:14,717] {dag.py:2371} INFO - Sync 1 DAGs
[2022-12-21 17:14:14,735] {logging_mixin.py:115} INFO - [2022-12-21 17:14:14,735] {dag.py:2919} INFO - Setting next_dagrun for tutorial to 2022-12-20T17:14:14.734812+00:00, run_after=2022-12-21T17:14:14.734812+00:00
[2022-12-21 17:14:14,746] {processor.py:161} INFO - Processing /home/airflow/.local/lib/python3.7/site-packages/airflow/example_dags/tutorial.py took 0.056 seconds
[2022-12-21 17:14:45,486] {processor.py:153} INFO - Started process (PID=24533) to work on /home/airflow/.local/lib/python3.7/site-packages/airflow/example_dags/tutorial.py
[2022-12-21 17:14:45,487] {processor.py:641} INFO - Processing file /home/airflow/.local/lib/python3.7/site-packages/airflow/example_dags/tutorial.py for tasks to queue
[2022-12-21 17:14:45,487] {logging_mixin.py:115} INFO - [2022-12-21 17:14:45,487] {dagbag.py:507} INFO - Filling up the DagBag from /home/airflow/.local/lib/python3.7/site-packages/airflow/example_dags/tutorial.py
[2022-12-21 17:14:45,492] {processor.py:651} INFO - DAG(s) dict_keys(['tutorial']) retrieved from /home/airflow/.local/lib/python3.7/site-packages/airflow/example_dags/tutorial.py
[2022-12-21 17:14:45,592] {logging_mixin.py:115} INFO - [2022-12-21 17:14:45,592] {dag.py:2371} INFO - Sync 1 DAGs
[2022-12-21 17:14:45,611] {logging_mixin.py:115} INFO - [2022-12-21 17:14:45,611] {dag.py:2919} INFO - Setting next_dagrun for tutorial to 2022-12-20T17:14:45.610994+00:00, run_after=2022-12-21T17:14:45.610994+00:00
[2022-12-21 17:14:45,621] {processor.py:161} INFO - Processing /home/airflow/.local/lib/python3.7/site-packages/airflow/example_dags/tutorial.py took 0.138 seconds
[2022-12-21 17:15:16,096] {processor.py:153} INFO - Started process (PID=24599) to work on /home/airflow/.local/lib/python3.7/site-packages/airflow/example_dags/tutorial.py
[2022-12-21 17:15:16,096] {processor.py:641} INFO - Processing file /home/airflow/.local/lib/python3.7/site-packages/airflow/example_dags/tutorial.py for tasks to queue
[2022-12-21 17:15:16,097] {logging_mixin.py:115} INFO - [2022-12-21 17:15:16,097] {dagbag.py:507} INFO - Filling up the DagBag from /home/airflow/.local/lib/python3.7/site-packages/airflow/example_dags/tutorial.py
[2022-12-21 17:15:16,102] {processor.py:651} INFO - DAG(s) dict_keys(['tutorial']) retrieved from /home/airflow/.local/lib/python3.7/site-packages/airflow/example_dags/tutorial.py
[2022-12-21 17:15:16,123] {logging_mixin.py:115} INFO - [2022-12-21 17:15:16,123] {dag.py:2371} INFO - Sync 1 DAGs
[2022-12-21 17:15:16,140] {logging_mixin.py:115} INFO - [2022-12-21 17:15:16,140] {dag.py:2919} INFO - Setting next_dagrun for tutorial to 2022-12-20T17:15:16.140481+00:00, run_after=2022-12-21T17:15:16.140481+00:00
[2022-12-21 17:15:16,152] {processor.py:161} INFO - Processing /home/airflow/.local/lib/python3.7/site-packages/airflow/example_dags/tutorial.py took 0.059 seconds
[2022-12-21 17:15:46,707] {processor.py:153} INFO - Started process (PID=24665) to work on /home/airflow/.local/lib/python3.7/site-packages/airflow/example_dags/tutorial.py
[2022-12-21 17:15:46,708] {processor.py:641} INFO - Processing file /home/airflow/.local/lib/python3.7/site-packages/airflow/example_dags/tutorial.py for tasks to queue
[2022-12-21 17:15:46,709] {logging_mixin.py:115} INFO - [2022-12-21 17:15:46,709] {dagbag.py:507} INFO - Filling up the DagBag from /home/airflow/.local/lib/python3.7/site-packages/airflow/example_dags/tutorial.py
[2022-12-21 17:15:46,714] {processor.py:651} INFO - DAG(s) dict_keys(['tutorial']) retrieved from /home/airflow/.local/lib/python3.7/site-packages/airflow/example_dags/tutorial.py
[2022-12-21 17:15:46,734] {logging_mixin.py:115} INFO - [2022-12-21 17:15:46,734] {dag.py:2371} INFO - Sync 1 DAGs
[2022-12-21 17:15:46,751] {logging_mixin.py:115} INFO - [2022-12-21 17:15:46,751] {dag.py:2919} INFO - Setting next_dagrun for tutorial to 2022-12-20T17:15:46.751159+00:00, run_after=2022-12-21T17:15:46.751159+00:00
[2022-12-21 17:15:46,761] {processor.py:161} INFO - Processing /home/airflow/.local/lib/python3.7/site-packages/airflow/example_dags/tutorial.py took 0.056 seconds
[2022-12-21 17:16:17,408] {processor.py:153} INFO - Started process (PID=24731) to work on /home/airflow/.local/lib/python3.7/site-packages/airflow/example_dags/tutorial.py
[2022-12-21 17:16:17,409] {processor.py:641} INFO - Processing file /home/airflow/.local/lib/python3.7/site-packages/airflow/example_dags/tutorial.py for tasks to queue
[2022-12-21 17:16:17,410] {logging_mixin.py:115} INFO - [2022-12-21 17:16:17,410] {dagbag.py:507} INFO - Filling up the DagBag from /home/airflow/.local/lib/python3.7/site-packages/airflow/example_dags/tutorial.py
[2022-12-21 17:16:17,416] {processor.py:651} INFO - DAG(s) dict_keys(['tutorial']) retrieved from /home/airflow/.local/lib/python3.7/site-packages/airflow/example_dags/tutorial.py
[2022-12-21 17:16:17,439] {logging_mixin.py:115} INFO - [2022-12-21 17:16:17,439] {dag.py:2371} INFO - Sync 1 DAGs
[2022-12-21 17:16:17,460] {logging_mixin.py:115} INFO - [2022-12-21 17:16:17,460] {dag.py:2919} INFO - Setting next_dagrun for tutorial to 2022-12-20T17:16:17.459851+00:00, run_after=2022-12-21T17:16:17.459851+00:00
[2022-12-21 17:16:17,470] {processor.py:161} INFO - Processing /home/airflow/.local/lib/python3.7/site-packages/airflow/example_dags/tutorial.py took 0.065 seconds
[2022-12-21 17:16:48,078] {processor.py:153} INFO - Started process (PID=24789) to work on /home/airflow/.local/lib/python3.7/site-packages/airflow/example_dags/tutorial.py
[2022-12-21 17:16:48,079] {processor.py:641} INFO - Processing file /home/airflow/.local/lib/python3.7/site-packages/airflow/example_dags/tutorial.py for tasks to queue
[2022-12-21 17:16:48,079] {logging_mixin.py:115} INFO - [2022-12-21 17:16:48,079] {dagbag.py:507} INFO - Filling up the DagBag from /home/airflow/.local/lib/python3.7/site-packages/airflow/example_dags/tutorial.py
[2022-12-21 17:16:48,084] {processor.py:651} INFO - DAG(s) dict_keys(['tutorial']) retrieved from /home/airflow/.local/lib/python3.7/site-packages/airflow/example_dags/tutorial.py
[2022-12-21 17:16:48,105] {logging_mixin.py:115} INFO - [2022-12-21 17:16:48,105] {dag.py:2371} INFO - Sync 1 DAGs
[2022-12-21 17:16:48,123] {logging_mixin.py:115} INFO - [2022-12-21 17:16:48,123] {dag.py:2919} INFO - Setting next_dagrun for tutorial to 2022-12-20T17:16:48.123204+00:00, run_after=2022-12-21T17:16:48.123204+00:00
[2022-12-21 17:16:48,132] {processor.py:161} INFO - Processing /home/airflow/.local/lib/python3.7/site-packages/airflow/example_dags/tutorial.py took 0.056 seconds
[2022-12-21 17:17:18,743] {processor.py:153} INFO - Started process (PID=24854) to work on /home/airflow/.local/lib/python3.7/site-packages/airflow/example_dags/tutorial.py
[2022-12-21 17:17:18,744] {processor.py:641} INFO - Processing file /home/airflow/.local/lib/python3.7/site-packages/airflow/example_dags/tutorial.py for tasks to queue
[2022-12-21 17:17:18,744] {logging_mixin.py:115} INFO - [2022-12-21 17:17:18,744] {dagbag.py:507} INFO - Filling up the DagBag from /home/airflow/.local/lib/python3.7/site-packages/airflow/example_dags/tutorial.py
[2022-12-21 17:17:18,751] {processor.py:651} INFO - DAG(s) dict_keys(['tutorial']) retrieved from /home/airflow/.local/lib/python3.7/site-packages/airflow/example_dags/tutorial.py
[2022-12-21 17:17:18,774] {logging_mixin.py:115} INFO - [2022-12-21 17:17:18,774] {dag.py:2371} INFO - Sync 1 DAGs
[2022-12-21 17:17:18,795] {logging_mixin.py:115} INFO - [2022-12-21 17:17:18,795] {dag.py:2919} INFO - Setting next_dagrun for tutorial to 2022-12-20T17:17:18.794833+00:00, run_after=2022-12-21T17:17:18.794833+00:00
[2022-12-21 17:17:18,805] {processor.py:161} INFO - Processing /home/airflow/.local/lib/python3.7/site-packages/airflow/example_dags/tutorial.py took 0.066 seconds
[2022-12-21 17:17:49,322] {processor.py:153} INFO - Started process (PID=24921) to work on /home/airflow/.local/lib/python3.7/site-packages/airflow/example_dags/tutorial.py
[2022-12-21 17:17:49,323] {processor.py:641} INFO - Processing file /home/airflow/.local/lib/python3.7/site-packages/airflow/example_dags/tutorial.py for tasks to queue
[2022-12-21 17:17:49,323] {logging_mixin.py:115} INFO - [2022-12-21 17:17:49,323] {dagbag.py:507} INFO - Filling up the DagBag from /home/airflow/.local/lib/python3.7/site-packages/airflow/example_dags/tutorial.py
[2022-12-21 17:17:49,328] {processor.py:651} INFO - DAG(s) dict_keys(['tutorial']) retrieved from /home/airflow/.local/lib/python3.7/site-packages/airflow/example_dags/tutorial.py
[2022-12-21 17:17:49,351] {logging_mixin.py:115} INFO - [2022-12-21 17:17:49,351] {dag.py:2371} INFO - Sync 1 DAGs
[2022-12-21 17:17:49,370] {logging_mixin.py:115} INFO - [2022-12-21 17:17:49,370] {dag.py:2919} INFO - Setting next_dagrun for tutorial to 2022-12-20T17:17:49.370007+00:00, run_after=2022-12-21T17:17:49.370007+00:00
[2022-12-21 17:17:49,382] {processor.py:161} INFO - Processing /home/airflow/.local/lib/python3.7/site-packages/airflow/example_dags/tutorial.py took 0.063 seconds
[2022-12-21 17:18:20,150] {processor.py:153} INFO - Started process (PID=24991) to work on /home/airflow/.local/lib/python3.7/site-packages/airflow/example_dags/tutorial.py
[2022-12-21 17:18:20,151] {processor.py:641} INFO - Processing file /home/airflow/.local/lib/python3.7/site-packages/airflow/example_dags/tutorial.py for tasks to queue
[2022-12-21 17:18:20,151] {logging_mixin.py:115} INFO - [2022-12-21 17:18:20,151] {dagbag.py:507} INFO - Filling up the DagBag from /home/airflow/.local/lib/python3.7/site-packages/airflow/example_dags/tutorial.py
[2022-12-21 17:18:20,156] {processor.py:651} INFO - DAG(s) dict_keys(['tutorial']) retrieved from /home/airflow/.local/lib/python3.7/site-packages/airflow/example_dags/tutorial.py
[2022-12-21 17:18:20,175] {logging_mixin.py:115} INFO - [2022-12-21 17:18:20,175] {dag.py:2371} INFO - Sync 1 DAGs
[2022-12-21 17:18:20,192] {logging_mixin.py:115} INFO - [2022-12-21 17:18:20,192] {dag.py:2919} INFO - Setting next_dagrun for tutorial to 2022-12-20T17:18:20.192112+00:00, run_after=2022-12-21T17:18:20.192112+00:00
[2022-12-21 17:18:20,202] {processor.py:161} INFO - Processing /home/airflow/.local/lib/python3.7/site-packages/airflow/example_dags/tutorial.py took 0.055 seconds
[2022-12-21 17:18:50,893] {processor.py:153} INFO - Started process (PID=25048) to work on /home/airflow/.local/lib/python3.7/site-packages/airflow/example_dags/tutorial.py
[2022-12-21 17:18:50,893] {processor.py:641} INFO - Processing file /home/airflow/.local/lib/python3.7/site-packages/airflow/example_dags/tutorial.py for tasks to queue
[2022-12-21 17:18:50,893] {logging_mixin.py:115} INFO - [2022-12-21 17:18:50,893] {dagbag.py:507} INFO - Filling up the DagBag from /home/airflow/.local/lib/python3.7/site-packages/airflow/example_dags/tutorial.py
[2022-12-21 17:18:50,898] {processor.py:651} INFO - DAG(s) dict_keys(['tutorial']) retrieved from /home/airflow/.local/lib/python3.7/site-packages/airflow/example_dags/tutorial.py
[2022-12-21 17:18:50,918] {logging_mixin.py:115} INFO - [2022-12-21 17:18:50,918] {dag.py:2371} INFO - Sync 1 DAGs
[2022-12-21 17:18:50,936] {logging_mixin.py:115} INFO - [2022-12-21 17:18:50,936] {dag.py:2919} INFO - Setting next_dagrun for tutorial to 2022-12-20T17:18:50.935964+00:00, run_after=2022-12-21T17:18:50.935964+00:00
[2022-12-21 17:18:50,945] {processor.py:161} INFO - Processing /home/airflow/.local/lib/python3.7/site-packages/airflow/example_dags/tutorial.py took 0.055 seconds
[2022-12-21 17:19:21,565] {processor.py:153} INFO - Started process (PID=25115) to work on /home/airflow/.local/lib/python3.7/site-packages/airflow/example_dags/tutorial.py
[2022-12-21 17:19:21,565] {processor.py:641} INFO - Processing file /home/airflow/.local/lib/python3.7/site-packages/airflow/example_dags/tutorial.py for tasks to queue
[2022-12-21 17:19:21,566] {logging_mixin.py:115} INFO - [2022-12-21 17:19:21,566] {dagbag.py:507} INFO - Filling up the DagBag from /home/airflow/.local/lib/python3.7/site-packages/airflow/example_dags/tutorial.py
[2022-12-21 17:19:21,572] {processor.py:651} INFO - DAG(s) dict_keys(['tutorial']) retrieved from /home/airflow/.local/lib/python3.7/site-packages/airflow/example_dags/tutorial.py
[2022-12-21 17:19:21,590] {logging_mixin.py:115} INFO - [2022-12-21 17:19:21,590] {dag.py:2371} INFO - Sync 1 DAGs
[2022-12-21 17:19:21,606] {logging_mixin.py:115} INFO - [2022-12-21 17:19:21,606] {dag.py:2919} INFO - Setting next_dagrun for tutorial to 2022-12-20T17:19:21.605914+00:00, run_after=2022-12-21T17:19:21.605914+00:00
[2022-12-21 17:19:21,616] {processor.py:161} INFO - Processing /home/airflow/.local/lib/python3.7/site-packages/airflow/example_dags/tutorial.py took 0.055 seconds
[2022-12-21 17:19:52,150] {processor.py:153} INFO - Started process (PID=25181) to work on /home/airflow/.local/lib/python3.7/site-packages/airflow/example_dags/tutorial.py
[2022-12-21 17:19:52,150] {processor.py:641} INFO - Processing file /home/airflow/.local/lib/python3.7/site-packages/airflow/example_dags/tutorial.py for tasks to queue
[2022-12-21 17:19:52,151] {logging_mixin.py:115} INFO - [2022-12-21 17:19:52,151] {dagbag.py:507} INFO - Filling up the DagBag from /home/airflow/.local/lib/python3.7/site-packages/airflow/example_dags/tutorial.py
[2022-12-21 17:19:52,156] {processor.py:651} INFO - DAG(s) dict_keys(['tutorial']) retrieved from /home/airflow/.local/lib/python3.7/site-packages/airflow/example_dags/tutorial.py
[2022-12-21 17:19:52,175] {logging_mixin.py:115} INFO - [2022-12-21 17:19:52,174] {dag.py:2371} INFO - Sync 1 DAGs
[2022-12-21 17:19:52,191] {logging_mixin.py:115} INFO - [2022-12-21 17:19:52,191] {dag.py:2919} INFO - Setting next_dagrun for tutorial to 2022-12-20T17:19:52.191058+00:00, run_after=2022-12-21T17:19:52.191058+00:00
[2022-12-21 17:19:52,202] {processor.py:161} INFO - Processing /home/airflow/.local/lib/python3.7/site-packages/airflow/example_dags/tutorial.py took 0.055 seconds
[2022-12-21 17:20:22,885] {processor.py:153} INFO - Started process (PID=25249) to work on /home/airflow/.local/lib/python3.7/site-packages/airflow/example_dags/tutorial.py
[2022-12-21 17:20:22,885] {processor.py:641} INFO - Processing file /home/airflow/.local/lib/python3.7/site-packages/airflow/example_dags/tutorial.py for tasks to queue
[2022-12-21 17:20:22,886] {logging_mixin.py:115} INFO - [2022-12-21 17:20:22,886] {dagbag.py:507} INFO - Filling up the DagBag from /home/airflow/.local/lib/python3.7/site-packages/airflow/example_dags/tutorial.py
[2022-12-21 17:20:22,891] {processor.py:651} INFO - DAG(s) dict_keys(['tutorial']) retrieved from /home/airflow/.local/lib/python3.7/site-packages/airflow/example_dags/tutorial.py
[2022-12-21 17:20:22,914] {logging_mixin.py:115} INFO - [2022-12-21 17:20:22,914] {dag.py:2371} INFO - Sync 1 DAGs
[2022-12-21 17:20:22,931] {logging_mixin.py:115} INFO - [2022-12-21 17:20:22,931] {dag.py:2919} INFO - Setting next_dagrun for tutorial to 2022-12-20T17:20:22.931352+00:00, run_after=2022-12-21T17:20:22.931352+00:00
[2022-12-21 17:20:22,941] {processor.py:161} INFO - Processing /home/airflow/.local/lib/python3.7/site-packages/airflow/example_dags/tutorial.py took 0.059 seconds
[2022-12-21 17:20:53,688] {processor.py:153} INFO - Started process (PID=25307) to work on /home/airflow/.local/lib/python3.7/site-packages/airflow/example_dags/tutorial.py
[2022-12-21 17:20:53,689] {processor.py:641} INFO - Processing file /home/airflow/.local/lib/python3.7/site-packages/airflow/example_dags/tutorial.py for tasks to queue
[2022-12-21 17:20:53,690] {logging_mixin.py:115} INFO - [2022-12-21 17:20:53,690] {dagbag.py:507} INFO - Filling up the DagBag from /home/airflow/.local/lib/python3.7/site-packages/airflow/example_dags/tutorial.py
[2022-12-21 17:20:53,697] {processor.py:651} INFO - DAG(s) dict_keys(['tutorial']) retrieved from /home/airflow/.local/lib/python3.7/site-packages/airflow/example_dags/tutorial.py
[2022-12-21 17:20:53,725] {logging_mixin.py:115} INFO - [2022-12-21 17:20:53,725] {dag.py:2371} INFO - Sync 1 DAGs
[2022-12-21 17:20:53,756] {logging_mixin.py:115} INFO - [2022-12-21 17:20:53,755] {dag.py:2919} INFO - Setting next_dagrun for tutorial to 2022-12-20T17:20:53.755141+00:00, run_after=2022-12-21T17:20:53.755141+00:00
[2022-12-21 17:20:53,774] {processor.py:161} INFO - Processing /home/airflow/.local/lib/python3.7/site-packages/airflow/example_dags/tutorial.py took 0.089 seconds
[2022-12-21 17:21:24,182] {processor.py:153} INFO - Started process (PID=25373) to work on /home/airflow/.local/lib/python3.7/site-packages/airflow/example_dags/tutorial.py
[2022-12-21 17:21:24,183] {processor.py:641} INFO - Processing file /home/airflow/.local/lib/python3.7/site-packages/airflow/example_dags/tutorial.py for tasks to queue
[2022-12-21 17:21:24,183] {logging_mixin.py:115} INFO - [2022-12-21 17:21:24,183] {dagbag.py:507} INFO - Filling up the DagBag from /home/airflow/.local/lib/python3.7/site-packages/airflow/example_dags/tutorial.py
[2022-12-21 17:21:24,188] {processor.py:651} INFO - DAG(s) dict_keys(['tutorial']) retrieved from /home/airflow/.local/lib/python3.7/site-packages/airflow/example_dags/tutorial.py
[2022-12-21 17:21:24,213] {logging_mixin.py:115} INFO - [2022-12-21 17:21:24,212] {dag.py:2371} INFO - Sync 1 DAGs
[2022-12-21 17:21:24,237] {logging_mixin.py:115} INFO - [2022-12-21 17:21:24,237] {dag.py:2919} INFO - Setting next_dagrun for tutorial to 2022-12-20T17:21:24.237368+00:00, run_after=2022-12-21T17:21:24.237368+00:00
[2022-12-21 17:21:24,248] {processor.py:161} INFO - Processing /home/airflow/.local/lib/python3.7/site-packages/airflow/example_dags/tutorial.py took 0.069 seconds
[2022-12-21 17:21:54,657] {processor.py:153} INFO - Started process (PID=25439) to work on /home/airflow/.local/lib/python3.7/site-packages/airflow/example_dags/tutorial.py
[2022-12-21 17:21:54,678] {processor.py:641} INFO - Processing file /home/airflow/.local/lib/python3.7/site-packages/airflow/example_dags/tutorial.py for tasks to queue
[2022-12-21 17:21:54,679] {logging_mixin.py:115} INFO - [2022-12-21 17:21:54,679] {dagbag.py:507} INFO - Filling up the DagBag from /home/airflow/.local/lib/python3.7/site-packages/airflow/example_dags/tutorial.py
[2022-12-21 17:21:54,683] {processor.py:651} INFO - DAG(s) dict_keys(['tutorial']) retrieved from /home/airflow/.local/lib/python3.7/site-packages/airflow/example_dags/tutorial.py
[2022-12-21 17:21:54,703] {logging_mixin.py:115} INFO - [2022-12-21 17:21:54,703] {dag.py:2371} INFO - Sync 1 DAGs
[2022-12-21 17:21:54,724] {logging_mixin.py:115} INFO - [2022-12-21 17:21:54,724] {dag.py:2919} INFO - Setting next_dagrun for tutorial to 2022-12-20T17:21:54.724375+00:00, run_after=2022-12-21T17:21:54.724375+00:00
[2022-12-21 17:21:54,736] {processor.py:161} INFO - Processing /home/airflow/.local/lib/python3.7/site-packages/airflow/example_dags/tutorial.py took 0.082 seconds
[2022-12-21 17:22:25,175] {processor.py:153} INFO - Started process (PID=25507) to work on /home/airflow/.local/lib/python3.7/site-packages/airflow/example_dags/tutorial.py
[2022-12-21 17:22:25,176] {processor.py:641} INFO - Processing file /home/airflow/.local/lib/python3.7/site-packages/airflow/example_dags/tutorial.py for tasks to queue
[2022-12-21 17:22:25,176] {logging_mixin.py:115} INFO - [2022-12-21 17:22:25,176] {dagbag.py:507} INFO - Filling up the DagBag from /home/airflow/.local/lib/python3.7/site-packages/airflow/example_dags/tutorial.py
[2022-12-21 17:22:25,181] {processor.py:651} INFO - DAG(s) dict_keys(['tutorial']) retrieved from /home/airflow/.local/lib/python3.7/site-packages/airflow/example_dags/tutorial.py
[2022-12-21 17:22:25,201] {logging_mixin.py:115} INFO - [2022-12-21 17:22:25,201] {dag.py:2371} INFO - Sync 1 DAGs
[2022-12-21 17:22:25,218] {logging_mixin.py:115} INFO - [2022-12-21 17:22:25,218] {dag.py:2919} INFO - Setting next_dagrun for tutorial to 2022-12-20T17:22:25.218369+00:00, run_after=2022-12-21T17:22:25.218369+00:00
[2022-12-21 17:22:25,229] {processor.py:161} INFO - Processing /home/airflow/.local/lib/python3.7/site-packages/airflow/example_dags/tutorial.py took 0.057 seconds
[2022-12-21 17:22:56,299] {processor.py:153} INFO - Started process (PID=25564) to work on /home/airflow/.local/lib/python3.7/site-packages/airflow/example_dags/tutorial.py
[2022-12-21 17:22:56,300] {processor.py:641} INFO - Processing file /home/airflow/.local/lib/python3.7/site-packages/airflow/example_dags/tutorial.py for tasks to queue
[2022-12-21 17:22:56,300] {logging_mixin.py:115} INFO - [2022-12-21 17:22:56,300] {dagbag.py:507} INFO - Filling up the DagBag from /home/airflow/.local/lib/python3.7/site-packages/airflow/example_dags/tutorial.py
[2022-12-21 17:22:56,306] {processor.py:651} INFO - DAG(s) dict_keys(['tutorial']) retrieved from /home/airflow/.local/lib/python3.7/site-packages/airflow/example_dags/tutorial.py
[2022-12-21 17:22:56,328] {logging_mixin.py:115} INFO - [2022-12-21 17:22:56,328] {dag.py:2371} INFO - Sync 1 DAGs
[2022-12-21 17:22:56,345] {logging_mixin.py:115} INFO - [2022-12-21 17:22:56,345] {dag.py:2919} INFO - Setting next_dagrun for tutorial to 2022-12-20T17:22:56.345229+00:00, run_after=2022-12-21T17:22:56.345229+00:00
[2022-12-21 17:22:56,421] {processor.py:161} INFO - Processing /home/airflow/.local/lib/python3.7/site-packages/airflow/example_dags/tutorial.py took 0.125 seconds
[2022-12-21 17:23:27,390] {processor.py:153} INFO - Started process (PID=25631) to work on /home/airflow/.local/lib/python3.7/site-packages/airflow/example_dags/tutorial.py
[2022-12-21 17:23:27,391] {processor.py:641} INFO - Processing file /home/airflow/.local/lib/python3.7/site-packages/airflow/example_dags/tutorial.py for tasks to queue
[2022-12-21 17:23:27,391] {logging_mixin.py:115} INFO - [2022-12-21 17:23:27,391] {dagbag.py:507} INFO - Filling up the DagBag from /home/airflow/.local/lib/python3.7/site-packages/airflow/example_dags/tutorial.py
[2022-12-21 17:23:27,395] {processor.py:651} INFO - DAG(s) dict_keys(['tutorial']) retrieved from /home/airflow/.local/lib/python3.7/site-packages/airflow/example_dags/tutorial.py
[2022-12-21 17:23:27,417] {logging_mixin.py:115} INFO - [2022-12-21 17:23:27,417] {dag.py:2371} INFO - Sync 1 DAGs
[2022-12-21 17:23:27,436] {logging_mixin.py:115} INFO - [2022-12-21 17:23:27,436] {dag.py:2919} INFO - Setting next_dagrun for tutorial to 2022-12-20T17:23:27.436101+00:00, run_after=2022-12-21T17:23:27.436101+00:00
[2022-12-21 17:23:27,446] {processor.py:161} INFO - Processing /home/airflow/.local/lib/python3.7/site-packages/airflow/example_dags/tutorial.py took 0.058 seconds
