[2022-12-21 16:55:23,324] {processor.py:153} INFO - Started process (PID=22107) to work on /home/airflow/.local/lib/python3.7/site-packages/airflow/example_dags/tutorial_taskflow_api_etl.py
[2022-12-21 16:55:23,325] {processor.py:641} INFO - Processing file /home/airflow/.local/lib/python3.7/site-packages/airflow/example_dags/tutorial_taskflow_api_etl.py for tasks to queue
[2022-12-21 16:55:23,325] {logging_mixin.py:115} INFO - [2022-12-21 16:55:23,325] {dagbag.py:507} INFO - Filling up the DagBag from /home/airflow/.local/lib/python3.7/site-packages/airflow/example_dags/tutorial_taskflow_api_etl.py
[2022-12-21 16:55:23,339] {processor.py:651} INFO - DAG(s) dict_keys(['tutorial_taskflow_api_etl']) retrieved from /home/airflow/.local/lib/python3.7/site-packages/airflow/example_dags/tutorial_taskflow_api_etl.py
[2022-12-21 16:55:23,400] {logging_mixin.py:115} INFO - [2022-12-21 16:55:23,400] {dag.py:2371} INFO - Sync 1 DAGs
[2022-12-21 16:55:23,418] {logging_mixin.py:115} INFO - [2022-12-21 16:55:23,418] {dag.py:2919} INFO - Setting next_dagrun for tutorial_taskflow_api_etl to None, run_after=None
[2022-12-21 16:55:23,432] {processor.py:161} INFO - Processing /home/airflow/.local/lib/python3.7/site-packages/airflow/example_dags/tutorial_taskflow_api_etl.py took 0.110 seconds
[2022-12-21 16:55:53,837] {processor.py:153} INFO - Started process (PID=22173) to work on /home/airflow/.local/lib/python3.7/site-packages/airflow/example_dags/tutorial_taskflow_api_etl.py
[2022-12-21 16:55:53,837] {processor.py:641} INFO - Processing file /home/airflow/.local/lib/python3.7/site-packages/airflow/example_dags/tutorial_taskflow_api_etl.py for tasks to queue
[2022-12-21 16:55:53,838] {logging_mixin.py:115} INFO - [2022-12-21 16:55:53,838] {dagbag.py:507} INFO - Filling up the DagBag from /home/airflow/.local/lib/python3.7/site-packages/airflow/example_dags/tutorial_taskflow_api_etl.py
[2022-12-21 16:55:53,848] {processor.py:651} INFO - DAG(s) dict_keys(['tutorial_taskflow_api_etl']) retrieved from /home/airflow/.local/lib/python3.7/site-packages/airflow/example_dags/tutorial_taskflow_api_etl.py
[2022-12-21 16:55:53,890] {logging_mixin.py:115} INFO - [2022-12-21 16:55:53,890] {dag.py:2371} INFO - Sync 1 DAGs
[2022-12-21 16:55:53,903] {logging_mixin.py:115} INFO - [2022-12-21 16:55:53,903] {dag.py:2919} INFO - Setting next_dagrun for tutorial_taskflow_api_etl to None, run_after=None
[2022-12-21 16:55:53,913] {processor.py:161} INFO - Processing /home/airflow/.local/lib/python3.7/site-packages/airflow/example_dags/tutorial_taskflow_api_etl.py took 0.078 seconds
[2022-12-21 16:56:24,200] {processor.py:153} INFO - Started process (PID=22239) to work on /home/airflow/.local/lib/python3.7/site-packages/airflow/example_dags/tutorial_taskflow_api_etl.py
[2022-12-21 16:56:24,201] {processor.py:641} INFO - Processing file /home/airflow/.local/lib/python3.7/site-packages/airflow/example_dags/tutorial_taskflow_api_etl.py for tasks to queue
[2022-12-21 16:56:24,201] {logging_mixin.py:115} INFO - [2022-12-21 16:56:24,201] {dagbag.py:507} INFO - Filling up the DagBag from /home/airflow/.local/lib/python3.7/site-packages/airflow/example_dags/tutorial_taskflow_api_etl.py
[2022-12-21 16:56:24,212] {processor.py:651} INFO - DAG(s) dict_keys(['tutorial_taskflow_api_etl']) retrieved from /home/airflow/.local/lib/python3.7/site-packages/airflow/example_dags/tutorial_taskflow_api_etl.py
[2022-12-21 16:56:24,255] {logging_mixin.py:115} INFO - [2022-12-21 16:56:24,255] {dag.py:2371} INFO - Sync 1 DAGs
[2022-12-21 16:56:24,269] {logging_mixin.py:115} INFO - [2022-12-21 16:56:24,269] {dag.py:2919} INFO - Setting next_dagrun for tutorial_taskflow_api_etl to None, run_after=None
[2022-12-21 16:56:24,279] {processor.py:161} INFO - Processing /home/airflow/.local/lib/python3.7/site-packages/airflow/example_dags/tutorial_taskflow_api_etl.py took 0.081 seconds
[2022-12-21 16:56:54,564] {processor.py:153} INFO - Started process (PID=22304) to work on /home/airflow/.local/lib/python3.7/site-packages/airflow/example_dags/tutorial_taskflow_api_etl.py
[2022-12-21 16:56:54,564] {processor.py:641} INFO - Processing file /home/airflow/.local/lib/python3.7/site-packages/airflow/example_dags/tutorial_taskflow_api_etl.py for tasks to queue
[2022-12-21 16:56:54,564] {logging_mixin.py:115} INFO - [2022-12-21 16:56:54,564] {dagbag.py:507} INFO - Filling up the DagBag from /home/airflow/.local/lib/python3.7/site-packages/airflow/example_dags/tutorial_taskflow_api_etl.py
[2022-12-21 16:56:54,578] {processor.py:651} INFO - DAG(s) dict_keys(['tutorial_taskflow_api_etl']) retrieved from /home/airflow/.local/lib/python3.7/site-packages/airflow/example_dags/tutorial_taskflow_api_etl.py
[2022-12-21 16:56:54,648] {logging_mixin.py:115} INFO - [2022-12-21 16:56:54,648] {dag.py:2371} INFO - Sync 1 DAGs
[2022-12-21 16:56:54,677] {logging_mixin.py:115} INFO - [2022-12-21 16:56:54,677] {dag.py:2919} INFO - Setting next_dagrun for tutorial_taskflow_api_etl to None, run_after=None
[2022-12-21 16:56:54,693] {processor.py:161} INFO - Processing /home/airflow/.local/lib/python3.7/site-packages/airflow/example_dags/tutorial_taskflow_api_etl.py took 0.132 seconds
[2022-12-21 16:57:25,130] {processor.py:153} INFO - Started process (PID=22363) to work on /home/airflow/.local/lib/python3.7/site-packages/airflow/example_dags/tutorial_taskflow_api_etl.py
[2022-12-21 16:57:25,130] {processor.py:641} INFO - Processing file /home/airflow/.local/lib/python3.7/site-packages/airflow/example_dags/tutorial_taskflow_api_etl.py for tasks to queue
[2022-12-21 16:57:25,131] {logging_mixin.py:115} INFO - [2022-12-21 16:57:25,131] {dagbag.py:507} INFO - Filling up the DagBag from /home/airflow/.local/lib/python3.7/site-packages/airflow/example_dags/tutorial_taskflow_api_etl.py
[2022-12-21 16:57:25,142] {processor.py:651} INFO - DAG(s) dict_keys(['tutorial_taskflow_api_etl']) retrieved from /home/airflow/.local/lib/python3.7/site-packages/airflow/example_dags/tutorial_taskflow_api_etl.py
[2022-12-21 16:57:25,186] {logging_mixin.py:115} INFO - [2022-12-21 16:57:25,186] {dag.py:2371} INFO - Sync 1 DAGs
[2022-12-21 16:57:25,199] {logging_mixin.py:115} INFO - [2022-12-21 16:57:25,199] {dag.py:2919} INFO - Setting next_dagrun for tutorial_taskflow_api_etl to None, run_after=None
[2022-12-21 16:57:25,209] {processor.py:161} INFO - Processing /home/airflow/.local/lib/python3.7/site-packages/airflow/example_dags/tutorial_taskflow_api_etl.py took 0.082 seconds
[2022-12-21 16:57:55,436] {processor.py:153} INFO - Started process (PID=22430) to work on /home/airflow/.local/lib/python3.7/site-packages/airflow/example_dags/tutorial_taskflow_api_etl.py
[2022-12-21 16:57:55,436] {processor.py:641} INFO - Processing file /home/airflow/.local/lib/python3.7/site-packages/airflow/example_dags/tutorial_taskflow_api_etl.py for tasks to queue
[2022-12-21 16:57:55,437] {logging_mixin.py:115} INFO - [2022-12-21 16:57:55,437] {dagbag.py:507} INFO - Filling up the DagBag from /home/airflow/.local/lib/python3.7/site-packages/airflow/example_dags/tutorial_taskflow_api_etl.py
[2022-12-21 16:57:55,448] {processor.py:651} INFO - DAG(s) dict_keys(['tutorial_taskflow_api_etl']) retrieved from /home/airflow/.local/lib/python3.7/site-packages/airflow/example_dags/tutorial_taskflow_api_etl.py
[2022-12-21 16:57:55,490] {logging_mixin.py:115} INFO - [2022-12-21 16:57:55,490] {dag.py:2371} INFO - Sync 1 DAGs
[2022-12-21 16:57:55,503] {logging_mixin.py:115} INFO - [2022-12-21 16:57:55,503] {dag.py:2919} INFO - Setting next_dagrun for tutorial_taskflow_api_etl to None, run_after=None
[2022-12-21 16:57:55,511] {processor.py:161} INFO - Processing /home/airflow/.local/lib/python3.7/site-packages/airflow/example_dags/tutorial_taskflow_api_etl.py took 0.078 seconds
[2022-12-21 16:58:25,866] {processor.py:153} INFO - Started process (PID=22496) to work on /home/airflow/.local/lib/python3.7/site-packages/airflow/example_dags/tutorial_taskflow_api_etl.py
[2022-12-21 16:58:25,867] {processor.py:641} INFO - Processing file /home/airflow/.local/lib/python3.7/site-packages/airflow/example_dags/tutorial_taskflow_api_etl.py for tasks to queue
[2022-12-21 16:58:25,868] {logging_mixin.py:115} INFO - [2022-12-21 16:58:25,867] {dagbag.py:507} INFO - Filling up the DagBag from /home/airflow/.local/lib/python3.7/site-packages/airflow/example_dags/tutorial_taskflow_api_etl.py
[2022-12-21 16:58:25,881] {processor.py:651} INFO - DAG(s) dict_keys(['tutorial_taskflow_api_etl']) retrieved from /home/airflow/.local/lib/python3.7/site-packages/airflow/example_dags/tutorial_taskflow_api_etl.py
[2022-12-21 16:58:25,930] {logging_mixin.py:115} INFO - [2022-12-21 16:58:25,930] {dag.py:2371} INFO - Sync 1 DAGs
[2022-12-21 16:58:25,947] {logging_mixin.py:115} INFO - [2022-12-21 16:58:25,947] {dag.py:2919} INFO - Setting next_dagrun for tutorial_taskflow_api_etl to None, run_after=None
[2022-12-21 16:58:25,959] {processor.py:161} INFO - Processing /home/airflow/.local/lib/python3.7/site-packages/airflow/example_dags/tutorial_taskflow_api_etl.py took 0.095 seconds
[2022-12-21 16:58:56,422] {processor.py:153} INFO - Started process (PID=22560) to work on /home/airflow/.local/lib/python3.7/site-packages/airflow/example_dags/tutorial_taskflow_api_etl.py
[2022-12-21 16:58:56,422] {processor.py:641} INFO - Processing file /home/airflow/.local/lib/python3.7/site-packages/airflow/example_dags/tutorial_taskflow_api_etl.py for tasks to queue
[2022-12-21 16:58:56,423] {logging_mixin.py:115} INFO - [2022-12-21 16:58:56,423] {dagbag.py:507} INFO - Filling up the DagBag from /home/airflow/.local/lib/python3.7/site-packages/airflow/example_dags/tutorial_taskflow_api_etl.py
[2022-12-21 16:58:56,435] {processor.py:651} INFO - DAG(s) dict_keys(['tutorial_taskflow_api_etl']) retrieved from /home/airflow/.local/lib/python3.7/site-packages/airflow/example_dags/tutorial_taskflow_api_etl.py
[2022-12-21 16:58:56,486] {logging_mixin.py:115} INFO - [2022-12-21 16:58:56,486] {dag.py:2371} INFO - Sync 1 DAGs
[2022-12-21 16:58:56,504] {logging_mixin.py:115} INFO - [2022-12-21 16:58:56,504] {dag.py:2919} INFO - Setting next_dagrun for tutorial_taskflow_api_etl to None, run_after=None
[2022-12-21 16:58:56,515] {processor.py:161} INFO - Processing /home/airflow/.local/lib/python3.7/site-packages/airflow/example_dags/tutorial_taskflow_api_etl.py took 0.095 seconds
[2022-12-21 16:59:26,888] {processor.py:153} INFO - Started process (PID=22620) to work on /home/airflow/.local/lib/python3.7/site-packages/airflow/example_dags/tutorial_taskflow_api_etl.py
[2022-12-21 16:59:26,889] {processor.py:641} INFO - Processing file /home/airflow/.local/lib/python3.7/site-packages/airflow/example_dags/tutorial_taskflow_api_etl.py for tasks to queue
[2022-12-21 16:59:26,889] {logging_mixin.py:115} INFO - [2022-12-21 16:59:26,889] {dagbag.py:507} INFO - Filling up the DagBag from /home/airflow/.local/lib/python3.7/site-packages/airflow/example_dags/tutorial_taskflow_api_etl.py
[2022-12-21 16:59:26,901] {processor.py:651} INFO - DAG(s) dict_keys(['tutorial_taskflow_api_etl']) retrieved from /home/airflow/.local/lib/python3.7/site-packages/airflow/example_dags/tutorial_taskflow_api_etl.py
[2022-12-21 16:59:26,951] {logging_mixin.py:115} INFO - [2022-12-21 16:59:26,950] {dag.py:2371} INFO - Sync 1 DAGs
[2022-12-21 16:59:26,965] {logging_mixin.py:115} INFO - [2022-12-21 16:59:26,965] {dag.py:2919} INFO - Setting next_dagrun for tutorial_taskflow_api_etl to None, run_after=None
[2022-12-21 16:59:26,975] {processor.py:161} INFO - Processing /home/airflow/.local/lib/python3.7/site-packages/airflow/example_dags/tutorial_taskflow_api_etl.py took 0.089 seconds
[2022-12-21 16:59:57,403] {processor.py:153} INFO - Started process (PID=22686) to work on /home/airflow/.local/lib/python3.7/site-packages/airflow/example_dags/tutorial_taskflow_api_etl.py
[2022-12-21 16:59:57,404] {processor.py:641} INFO - Processing file /home/airflow/.local/lib/python3.7/site-packages/airflow/example_dags/tutorial_taskflow_api_etl.py for tasks to queue
[2022-12-21 16:59:57,404] {logging_mixin.py:115} INFO - [2022-12-21 16:59:57,404] {dagbag.py:507} INFO - Filling up the DagBag from /home/airflow/.local/lib/python3.7/site-packages/airflow/example_dags/tutorial_taskflow_api_etl.py
[2022-12-21 16:59:57,422] {processor.py:651} INFO - DAG(s) dict_keys(['tutorial_taskflow_api_etl']) retrieved from /home/airflow/.local/lib/python3.7/site-packages/airflow/example_dags/tutorial_taskflow_api_etl.py
[2022-12-21 16:59:57,471] {logging_mixin.py:115} INFO - [2022-12-21 16:59:57,470] {dag.py:2371} INFO - Sync 1 DAGs
[2022-12-21 16:59:57,485] {logging_mixin.py:115} INFO - [2022-12-21 16:59:57,485] {dag.py:2919} INFO - Setting next_dagrun for tutorial_taskflow_api_etl to None, run_after=None
[2022-12-21 16:59:57,496] {processor.py:161} INFO - Processing /home/airflow/.local/lib/python3.7/site-packages/airflow/example_dags/tutorial_taskflow_api_etl.py took 0.096 seconds
[2022-12-21 17:00:28,017] {processor.py:153} INFO - Started process (PID=22753) to work on /home/airflow/.local/lib/python3.7/site-packages/airflow/example_dags/tutorial_taskflow_api_etl.py
[2022-12-21 17:00:28,018] {processor.py:641} INFO - Processing file /home/airflow/.local/lib/python3.7/site-packages/airflow/example_dags/tutorial_taskflow_api_etl.py for tasks to queue
[2022-12-21 17:00:28,018] {logging_mixin.py:115} INFO - [2022-12-21 17:00:28,018] {dagbag.py:507} INFO - Filling up the DagBag from /home/airflow/.local/lib/python3.7/site-packages/airflow/example_dags/tutorial_taskflow_api_etl.py
[2022-12-21 17:00:28,032] {processor.py:651} INFO - DAG(s) dict_keys(['tutorial_taskflow_api_etl']) retrieved from /home/airflow/.local/lib/python3.7/site-packages/airflow/example_dags/tutorial_taskflow_api_etl.py
[2022-12-21 17:00:28,082] {logging_mixin.py:115} INFO - [2022-12-21 17:00:28,081] {dag.py:2371} INFO - Sync 1 DAGs
[2022-12-21 17:00:28,096] {logging_mixin.py:115} INFO - [2022-12-21 17:00:28,096] {dag.py:2919} INFO - Setting next_dagrun for tutorial_taskflow_api_etl to None, run_after=None
[2022-12-21 17:00:28,107] {processor.py:161} INFO - Processing /home/airflow/.local/lib/python3.7/site-packages/airflow/example_dags/tutorial_taskflow_api_etl.py took 0.093 seconds
[2022-12-21 17:00:58,529] {processor.py:153} INFO - Started process (PID=22809) to work on /home/airflow/.local/lib/python3.7/site-packages/airflow/example_dags/tutorial_taskflow_api_etl.py
[2022-12-21 17:00:58,530] {processor.py:641} INFO - Processing file /home/airflow/.local/lib/python3.7/site-packages/airflow/example_dags/tutorial_taskflow_api_etl.py for tasks to queue
[2022-12-21 17:00:58,530] {logging_mixin.py:115} INFO - [2022-12-21 17:00:58,530] {dagbag.py:507} INFO - Filling up the DagBag from /home/airflow/.local/lib/python3.7/site-packages/airflow/example_dags/tutorial_taskflow_api_etl.py
[2022-12-21 17:00:58,541] {processor.py:651} INFO - DAG(s) dict_keys(['tutorial_taskflow_api_etl']) retrieved from /home/airflow/.local/lib/python3.7/site-packages/airflow/example_dags/tutorial_taskflow_api_etl.py
[2022-12-21 17:00:58,597] {logging_mixin.py:115} INFO - [2022-12-21 17:00:58,597] {dag.py:2371} INFO - Sync 1 DAGs
[2022-12-21 17:00:58,612] {logging_mixin.py:115} INFO - [2022-12-21 17:00:58,612] {dag.py:2919} INFO - Setting next_dagrun for tutorial_taskflow_api_etl to None, run_after=None
[2022-12-21 17:00:58,624] {processor.py:161} INFO - Processing /home/airflow/.local/lib/python3.7/site-packages/airflow/example_dags/tutorial_taskflow_api_etl.py took 0.098 seconds
[2022-12-21 17:01:29,019] {processor.py:153} INFO - Started process (PID=22876) to work on /home/airflow/.local/lib/python3.7/site-packages/airflow/example_dags/tutorial_taskflow_api_etl.py
[2022-12-21 17:01:29,020] {processor.py:641} INFO - Processing file /home/airflow/.local/lib/python3.7/site-packages/airflow/example_dags/tutorial_taskflow_api_etl.py for tasks to queue
[2022-12-21 17:01:29,020] {logging_mixin.py:115} INFO - [2022-12-21 17:01:29,020] {dagbag.py:507} INFO - Filling up the DagBag from /home/airflow/.local/lib/python3.7/site-packages/airflow/example_dags/tutorial_taskflow_api_etl.py
[2022-12-21 17:01:29,033] {processor.py:651} INFO - DAG(s) dict_keys(['tutorial_taskflow_api_etl']) retrieved from /home/airflow/.local/lib/python3.7/site-packages/airflow/example_dags/tutorial_taskflow_api_etl.py
[2022-12-21 17:01:29,089] {logging_mixin.py:115} INFO - [2022-12-21 17:01:29,089] {dag.py:2371} INFO - Sync 1 DAGs
[2022-12-21 17:01:29,109] {logging_mixin.py:115} INFO - [2022-12-21 17:01:29,109] {dag.py:2919} INFO - Setting next_dagrun for tutorial_taskflow_api_etl to None, run_after=None
[2022-12-21 17:01:29,121] {processor.py:161} INFO - Processing /home/airflow/.local/lib/python3.7/site-packages/airflow/example_dags/tutorial_taskflow_api_etl.py took 0.104 seconds
[2022-12-21 17:01:59,654] {processor.py:153} INFO - Started process (PID=22941) to work on /home/airflow/.local/lib/python3.7/site-packages/airflow/example_dags/tutorial_taskflow_api_etl.py
[2022-12-21 17:01:59,655] {processor.py:641} INFO - Processing file /home/airflow/.local/lib/python3.7/site-packages/airflow/example_dags/tutorial_taskflow_api_etl.py for tasks to queue
[2022-12-21 17:01:59,655] {logging_mixin.py:115} INFO - [2022-12-21 17:01:59,655] {dagbag.py:507} INFO - Filling up the DagBag from /home/airflow/.local/lib/python3.7/site-packages/airflow/example_dags/tutorial_taskflow_api_etl.py
[2022-12-21 17:01:59,668] {processor.py:651} INFO - DAG(s) dict_keys(['tutorial_taskflow_api_etl']) retrieved from /home/airflow/.local/lib/python3.7/site-packages/airflow/example_dags/tutorial_taskflow_api_etl.py
[2022-12-21 17:01:59,721] {logging_mixin.py:115} INFO - [2022-12-21 17:01:59,720] {dag.py:2371} INFO - Sync 1 DAGs
[2022-12-21 17:01:59,738] {logging_mixin.py:115} INFO - [2022-12-21 17:01:59,738] {dag.py:2919} INFO - Setting next_dagrun for tutorial_taskflow_api_etl to None, run_after=None
[2022-12-21 17:01:59,748] {processor.py:161} INFO - Processing /home/airflow/.local/lib/python3.7/site-packages/airflow/example_dags/tutorial_taskflow_api_etl.py took 0.097 seconds
[2022-12-21 17:02:30,222] {processor.py:153} INFO - Started process (PID=23007) to work on /home/airflow/.local/lib/python3.7/site-packages/airflow/example_dags/tutorial_taskflow_api_etl.py
[2022-12-21 17:02:30,223] {processor.py:641} INFO - Processing file /home/airflow/.local/lib/python3.7/site-packages/airflow/example_dags/tutorial_taskflow_api_etl.py for tasks to queue
[2022-12-21 17:02:30,223] {logging_mixin.py:115} INFO - [2022-12-21 17:02:30,223] {dagbag.py:507} INFO - Filling up the DagBag from /home/airflow/.local/lib/python3.7/site-packages/airflow/example_dags/tutorial_taskflow_api_etl.py
[2022-12-21 17:02:30,236] {processor.py:651} INFO - DAG(s) dict_keys(['tutorial_taskflow_api_etl']) retrieved from /home/airflow/.local/lib/python3.7/site-packages/airflow/example_dags/tutorial_taskflow_api_etl.py
[2022-12-21 17:02:30,286] {logging_mixin.py:115} INFO - [2022-12-21 17:02:30,286] {dag.py:2371} INFO - Sync 1 DAGs
[2022-12-21 17:02:30,302] {logging_mixin.py:115} INFO - [2022-12-21 17:02:30,302] {dag.py:2919} INFO - Setting next_dagrun for tutorial_taskflow_api_etl to None, run_after=None
[2022-12-21 17:02:30,313] {processor.py:161} INFO - Processing /home/airflow/.local/lib/python3.7/site-packages/airflow/example_dags/tutorial_taskflow_api_etl.py took 0.093 seconds
[2022-12-21 17:03:00,983] {processor.py:153} INFO - Started process (PID=23064) to work on /home/airflow/.local/lib/python3.7/site-packages/airflow/example_dags/tutorial_taskflow_api_etl.py
[2022-12-21 17:03:00,984] {processor.py:641} INFO - Processing file /home/airflow/.local/lib/python3.7/site-packages/airflow/example_dags/tutorial_taskflow_api_etl.py for tasks to queue
[2022-12-21 17:03:00,984] {logging_mixin.py:115} INFO - [2022-12-21 17:03:00,984] {dagbag.py:507} INFO - Filling up the DagBag from /home/airflow/.local/lib/python3.7/site-packages/airflow/example_dags/tutorial_taskflow_api_etl.py
[2022-12-21 17:03:00,998] {processor.py:651} INFO - DAG(s) dict_keys(['tutorial_taskflow_api_etl']) retrieved from /home/airflow/.local/lib/python3.7/site-packages/airflow/example_dags/tutorial_taskflow_api_etl.py
[2022-12-21 17:03:01,048] {logging_mixin.py:115} INFO - [2022-12-21 17:03:01,048] {dag.py:2371} INFO - Sync 1 DAGs
[2022-12-21 17:03:01,063] {logging_mixin.py:115} INFO - [2022-12-21 17:03:01,062] {dag.py:2919} INFO - Setting next_dagrun for tutorial_taskflow_api_etl to None, run_after=None
[2022-12-21 17:03:01,075] {processor.py:161} INFO - Processing /home/airflow/.local/lib/python3.7/site-packages/airflow/example_dags/tutorial_taskflow_api_etl.py took 0.094 seconds
[2022-12-21 17:03:31,775] {processor.py:153} INFO - Started process (PID=23130) to work on /home/airflow/.local/lib/python3.7/site-packages/airflow/example_dags/tutorial_taskflow_api_etl.py
[2022-12-21 17:03:31,776] {processor.py:641} INFO - Processing file /home/airflow/.local/lib/python3.7/site-packages/airflow/example_dags/tutorial_taskflow_api_etl.py for tasks to queue
[2022-12-21 17:03:31,776] {logging_mixin.py:115} INFO - [2022-12-21 17:03:31,776] {dagbag.py:507} INFO - Filling up the DagBag from /home/airflow/.local/lib/python3.7/site-packages/airflow/example_dags/tutorial_taskflow_api_etl.py
[2022-12-21 17:03:31,789] {processor.py:651} INFO - DAG(s) dict_keys(['tutorial_taskflow_api_etl']) retrieved from /home/airflow/.local/lib/python3.7/site-packages/airflow/example_dags/tutorial_taskflow_api_etl.py
[2022-12-21 17:03:31,855] {logging_mixin.py:115} INFO - [2022-12-21 17:03:31,855] {dag.py:2371} INFO - Sync 1 DAGs
[2022-12-21 17:03:31,873] {logging_mixin.py:115} INFO - [2022-12-21 17:03:31,873] {dag.py:2919} INFO - Setting next_dagrun for tutorial_taskflow_api_etl to None, run_after=None
[2022-12-21 17:03:31,884] {processor.py:161} INFO - Processing /home/airflow/.local/lib/python3.7/site-packages/airflow/example_dags/tutorial_taskflow_api_etl.py took 0.111 seconds
[2022-12-21 17:04:02,313] {processor.py:153} INFO - Started process (PID=23197) to work on /home/airflow/.local/lib/python3.7/site-packages/airflow/example_dags/tutorial_taskflow_api_etl.py
[2022-12-21 17:04:02,314] {processor.py:641} INFO - Processing file /home/airflow/.local/lib/python3.7/site-packages/airflow/example_dags/tutorial_taskflow_api_etl.py for tasks to queue
[2022-12-21 17:04:02,314] {logging_mixin.py:115} INFO - [2022-12-21 17:04:02,314] {dagbag.py:507} INFO - Filling up the DagBag from /home/airflow/.local/lib/python3.7/site-packages/airflow/example_dags/tutorial_taskflow_api_etl.py
[2022-12-21 17:04:02,327] {processor.py:651} INFO - DAG(s) dict_keys(['tutorial_taskflow_api_etl']) retrieved from /home/airflow/.local/lib/python3.7/site-packages/airflow/example_dags/tutorial_taskflow_api_etl.py
[2022-12-21 17:04:02,379] {logging_mixin.py:115} INFO - [2022-12-21 17:04:02,379] {dag.py:2371} INFO - Sync 1 DAGs
[2022-12-21 17:04:02,396] {logging_mixin.py:115} INFO - [2022-12-21 17:04:02,396] {dag.py:2919} INFO - Setting next_dagrun for tutorial_taskflow_api_etl to None, run_after=None
[2022-12-21 17:04:02,408] {processor.py:161} INFO - Processing /home/airflow/.local/lib/python3.7/site-packages/airflow/example_dags/tutorial_taskflow_api_etl.py took 0.097 seconds
[2022-12-21 17:04:32,967] {processor.py:153} INFO - Started process (PID=23263) to work on /home/airflow/.local/lib/python3.7/site-packages/airflow/example_dags/tutorial_taskflow_api_etl.py
[2022-12-21 17:04:32,968] {processor.py:641} INFO - Processing file /home/airflow/.local/lib/python3.7/site-packages/airflow/example_dags/tutorial_taskflow_api_etl.py for tasks to queue
[2022-12-21 17:04:32,968] {logging_mixin.py:115} INFO - [2022-12-21 17:04:32,968] {dagbag.py:507} INFO - Filling up the DagBag from /home/airflow/.local/lib/python3.7/site-packages/airflow/example_dags/tutorial_taskflow_api_etl.py
[2022-12-21 17:04:32,981] {processor.py:651} INFO - DAG(s) dict_keys(['tutorial_taskflow_api_etl']) retrieved from /home/airflow/.local/lib/python3.7/site-packages/airflow/example_dags/tutorial_taskflow_api_etl.py
[2022-12-21 17:04:33,034] {logging_mixin.py:115} INFO - [2022-12-21 17:04:33,034] {dag.py:2371} INFO - Sync 1 DAGs
[2022-12-21 17:04:33,052] {logging_mixin.py:115} INFO - [2022-12-21 17:04:33,052] {dag.py:2919} INFO - Setting next_dagrun for tutorial_taskflow_api_etl to None, run_after=None
[2022-12-21 17:04:33,064] {processor.py:161} INFO - Processing /home/airflow/.local/lib/python3.7/site-packages/airflow/example_dags/tutorial_taskflow_api_etl.py took 0.099 seconds
[2022-12-21 17:05:03,433] {processor.py:153} INFO - Started process (PID=23320) to work on /home/airflow/.local/lib/python3.7/site-packages/airflow/example_dags/tutorial_taskflow_api_etl.py
[2022-12-21 17:05:03,434] {processor.py:641} INFO - Processing file /home/airflow/.local/lib/python3.7/site-packages/airflow/example_dags/tutorial_taskflow_api_etl.py for tasks to queue
[2022-12-21 17:05:03,434] {logging_mixin.py:115} INFO - [2022-12-21 17:05:03,434] {dagbag.py:507} INFO - Filling up the DagBag from /home/airflow/.local/lib/python3.7/site-packages/airflow/example_dags/tutorial_taskflow_api_etl.py
[2022-12-21 17:05:03,448] {processor.py:651} INFO - DAG(s) dict_keys(['tutorial_taskflow_api_etl']) retrieved from /home/airflow/.local/lib/python3.7/site-packages/airflow/example_dags/tutorial_taskflow_api_etl.py
[2022-12-21 17:05:03,502] {logging_mixin.py:115} INFO - [2022-12-21 17:05:03,502] {dag.py:2371} INFO - Sync 1 DAGs
[2022-12-21 17:05:03,521] {logging_mixin.py:115} INFO - [2022-12-21 17:05:03,521] {dag.py:2919} INFO - Setting next_dagrun for tutorial_taskflow_api_etl to None, run_after=None
[2022-12-21 17:05:03,532] {processor.py:161} INFO - Processing /home/airflow/.local/lib/python3.7/site-packages/airflow/example_dags/tutorial_taskflow_api_etl.py took 0.101 seconds
[2022-12-21 17:05:34,006] {processor.py:153} INFO - Started process (PID=23385) to work on /home/airflow/.local/lib/python3.7/site-packages/airflow/example_dags/tutorial_taskflow_api_etl.py
[2022-12-21 17:05:34,006] {processor.py:641} INFO - Processing file /home/airflow/.local/lib/python3.7/site-packages/airflow/example_dags/tutorial_taskflow_api_etl.py for tasks to queue
[2022-12-21 17:05:34,007] {logging_mixin.py:115} INFO - [2022-12-21 17:05:34,007] {dagbag.py:507} INFO - Filling up the DagBag from /home/airflow/.local/lib/python3.7/site-packages/airflow/example_dags/tutorial_taskflow_api_etl.py
[2022-12-21 17:05:34,019] {processor.py:651} INFO - DAG(s) dict_keys(['tutorial_taskflow_api_etl']) retrieved from /home/airflow/.local/lib/python3.7/site-packages/airflow/example_dags/tutorial_taskflow_api_etl.py
[2022-12-21 17:05:34,070] {logging_mixin.py:115} INFO - [2022-12-21 17:05:34,070] {dag.py:2371} INFO - Sync 1 DAGs
[2022-12-21 17:05:34,085] {logging_mixin.py:115} INFO - [2022-12-21 17:05:34,084] {dag.py:2919} INFO - Setting next_dagrun for tutorial_taskflow_api_etl to None, run_after=None
[2022-12-21 17:05:34,098] {processor.py:161} INFO - Processing /home/airflow/.local/lib/python3.7/site-packages/airflow/example_dags/tutorial_taskflow_api_etl.py took 0.095 seconds
[2022-12-21 17:06:05,025] {processor.py:153} INFO - Started process (PID=23452) to work on /home/airflow/.local/lib/python3.7/site-packages/airflow/example_dags/tutorial_taskflow_api_etl.py
[2022-12-21 17:06:05,025] {processor.py:641} INFO - Processing file /home/airflow/.local/lib/python3.7/site-packages/airflow/example_dags/tutorial_taskflow_api_etl.py for tasks to queue
[2022-12-21 17:06:05,026] {logging_mixin.py:115} INFO - [2022-12-21 17:06:05,026] {dagbag.py:507} INFO - Filling up the DagBag from /home/airflow/.local/lib/python3.7/site-packages/airflow/example_dags/tutorial_taskflow_api_etl.py
[2022-12-21 17:06:05,042] {processor.py:651} INFO - DAG(s) dict_keys(['tutorial_taskflow_api_etl']) retrieved from /home/airflow/.local/lib/python3.7/site-packages/airflow/example_dags/tutorial_taskflow_api_etl.py
[2022-12-21 17:06:05,096] {logging_mixin.py:115} INFO - [2022-12-21 17:06:05,096] {dag.py:2371} INFO - Sync 1 DAGs
[2022-12-21 17:06:05,116] {logging_mixin.py:115} INFO - [2022-12-21 17:06:05,116] {dag.py:2919} INFO - Setting next_dagrun for tutorial_taskflow_api_etl to None, run_after=None
[2022-12-21 17:06:05,130] {processor.py:161} INFO - Processing /home/airflow/.local/lib/python3.7/site-packages/airflow/example_dags/tutorial_taskflow_api_etl.py took 0.108 seconds
[2022-12-21 17:06:35,608] {processor.py:153} INFO - Started process (PID=23519) to work on /home/airflow/.local/lib/python3.7/site-packages/airflow/example_dags/tutorial_taskflow_api_etl.py
[2022-12-21 17:06:35,609] {processor.py:641} INFO - Processing file /home/airflow/.local/lib/python3.7/site-packages/airflow/example_dags/tutorial_taskflow_api_etl.py for tasks to queue
[2022-12-21 17:06:35,609] {logging_mixin.py:115} INFO - [2022-12-21 17:06:35,609] {dagbag.py:507} INFO - Filling up the DagBag from /home/airflow/.local/lib/python3.7/site-packages/airflow/example_dags/tutorial_taskflow_api_etl.py
[2022-12-21 17:06:35,625] {processor.py:651} INFO - DAG(s) dict_keys(['tutorial_taskflow_api_etl']) retrieved from /home/airflow/.local/lib/python3.7/site-packages/airflow/example_dags/tutorial_taskflow_api_etl.py
[2022-12-21 17:06:35,682] {logging_mixin.py:115} INFO - [2022-12-21 17:06:35,682] {dag.py:2371} INFO - Sync 1 DAGs
[2022-12-21 17:06:35,699] {logging_mixin.py:115} INFO - [2022-12-21 17:06:35,699] {dag.py:2919} INFO - Setting next_dagrun for tutorial_taskflow_api_etl to None, run_after=None
[2022-12-21 17:06:35,711] {processor.py:161} INFO - Processing /home/airflow/.local/lib/python3.7/site-packages/airflow/example_dags/tutorial_taskflow_api_etl.py took 0.106 seconds
[2022-12-21 17:07:06,120] {processor.py:153} INFO - Started process (PID=23576) to work on /home/airflow/.local/lib/python3.7/site-packages/airflow/example_dags/tutorial_taskflow_api_etl.py
[2022-12-21 17:07:06,120] {processor.py:641} INFO - Processing file /home/airflow/.local/lib/python3.7/site-packages/airflow/example_dags/tutorial_taskflow_api_etl.py for tasks to queue
[2022-12-21 17:07:06,121] {logging_mixin.py:115} INFO - [2022-12-21 17:07:06,121] {dagbag.py:507} INFO - Filling up the DagBag from /home/airflow/.local/lib/python3.7/site-packages/airflow/example_dags/tutorial_taskflow_api_etl.py
[2022-12-21 17:07:06,132] {processor.py:651} INFO - DAG(s) dict_keys(['tutorial_taskflow_api_etl']) retrieved from /home/airflow/.local/lib/python3.7/site-packages/airflow/example_dags/tutorial_taskflow_api_etl.py
[2022-12-21 17:07:06,184] {logging_mixin.py:115} INFO - [2022-12-21 17:07:06,184] {dag.py:2371} INFO - Sync 1 DAGs
[2022-12-21 17:07:06,200] {logging_mixin.py:115} INFO - [2022-12-21 17:07:06,200] {dag.py:2919} INFO - Setting next_dagrun for tutorial_taskflow_api_etl to None, run_after=None
[2022-12-21 17:07:06,211] {processor.py:161} INFO - Processing /home/airflow/.local/lib/python3.7/site-packages/airflow/example_dags/tutorial_taskflow_api_etl.py took 0.094 seconds
[2022-12-21 17:07:36,707] {processor.py:153} INFO - Started process (PID=23641) to work on /home/airflow/.local/lib/python3.7/site-packages/airflow/example_dags/tutorial_taskflow_api_etl.py
[2022-12-21 17:07:36,708] {processor.py:641} INFO - Processing file /home/airflow/.local/lib/python3.7/site-packages/airflow/example_dags/tutorial_taskflow_api_etl.py for tasks to queue
[2022-12-21 17:07:36,708] {logging_mixin.py:115} INFO - [2022-12-21 17:07:36,708] {dagbag.py:507} INFO - Filling up the DagBag from /home/airflow/.local/lib/python3.7/site-packages/airflow/example_dags/tutorial_taskflow_api_etl.py
[2022-12-21 17:07:36,723] {processor.py:651} INFO - DAG(s) dict_keys(['tutorial_taskflow_api_etl']) retrieved from /home/airflow/.local/lib/python3.7/site-packages/airflow/example_dags/tutorial_taskflow_api_etl.py
[2022-12-21 17:07:36,783] {logging_mixin.py:115} INFO - [2022-12-21 17:07:36,783] {dag.py:2371} INFO - Sync 1 DAGs
[2022-12-21 17:07:36,800] {logging_mixin.py:115} INFO - [2022-12-21 17:07:36,800] {dag.py:2919} INFO - Setting next_dagrun for tutorial_taskflow_api_etl to None, run_after=None
[2022-12-21 17:07:36,814] {processor.py:161} INFO - Processing /home/airflow/.local/lib/python3.7/site-packages/airflow/example_dags/tutorial_taskflow_api_etl.py took 0.109 seconds
[2022-12-21 17:08:07,305] {processor.py:153} INFO - Started process (PID=23707) to work on /home/airflow/.local/lib/python3.7/site-packages/airflow/example_dags/tutorial_taskflow_api_etl.py
[2022-12-21 17:08:07,306] {processor.py:641} INFO - Processing file /home/airflow/.local/lib/python3.7/site-packages/airflow/example_dags/tutorial_taskflow_api_etl.py for tasks to queue
[2022-12-21 17:08:07,307] {logging_mixin.py:115} INFO - [2022-12-21 17:08:07,306] {dagbag.py:507} INFO - Filling up the DagBag from /home/airflow/.local/lib/python3.7/site-packages/airflow/example_dags/tutorial_taskflow_api_etl.py
[2022-12-21 17:08:07,324] {processor.py:651} INFO - DAG(s) dict_keys(['tutorial_taskflow_api_etl']) retrieved from /home/airflow/.local/lib/python3.7/site-packages/airflow/example_dags/tutorial_taskflow_api_etl.py
[2022-12-21 17:08:07,377] {logging_mixin.py:115} INFO - [2022-12-21 17:08:07,377] {dag.py:2371} INFO - Sync 1 DAGs
[2022-12-21 17:08:07,392] {logging_mixin.py:115} INFO - [2022-12-21 17:08:07,392] {dag.py:2919} INFO - Setting next_dagrun for tutorial_taskflow_api_etl to None, run_after=None
[2022-12-21 17:08:07,403] {processor.py:161} INFO - Processing /home/airflow/.local/lib/python3.7/site-packages/airflow/example_dags/tutorial_taskflow_api_etl.py took 0.102 seconds
[2022-12-21 17:08:37,866] {processor.py:153} INFO - Started process (PID=23774) to work on /home/airflow/.local/lib/python3.7/site-packages/airflow/example_dags/tutorial_taskflow_api_etl.py
[2022-12-21 17:08:37,867] {processor.py:641} INFO - Processing file /home/airflow/.local/lib/python3.7/site-packages/airflow/example_dags/tutorial_taskflow_api_etl.py for tasks to queue
[2022-12-21 17:08:37,867] {logging_mixin.py:115} INFO - [2022-12-21 17:08:37,867] {dagbag.py:507} INFO - Filling up the DagBag from /home/airflow/.local/lib/python3.7/site-packages/airflow/example_dags/tutorial_taskflow_api_etl.py
[2022-12-21 17:08:37,881] {processor.py:651} INFO - DAG(s) dict_keys(['tutorial_taskflow_api_etl']) retrieved from /home/airflow/.local/lib/python3.7/site-packages/airflow/example_dags/tutorial_taskflow_api_etl.py
[2022-12-21 17:08:37,948] {logging_mixin.py:115} INFO - [2022-12-21 17:08:37,947] {dag.py:2371} INFO - Sync 1 DAGs
[2022-12-21 17:08:37,970] {logging_mixin.py:115} INFO - [2022-12-21 17:08:37,970] {dag.py:2919} INFO - Setting next_dagrun for tutorial_taskflow_api_etl to None, run_after=None
[2022-12-21 17:08:37,983] {processor.py:161} INFO - Processing /home/airflow/.local/lib/python3.7/site-packages/airflow/example_dags/tutorial_taskflow_api_etl.py took 0.121 seconds
[2022-12-21 17:09:08,550] {processor.py:153} INFO - Started process (PID=23831) to work on /home/airflow/.local/lib/python3.7/site-packages/airflow/example_dags/tutorial_taskflow_api_etl.py
[2022-12-21 17:09:08,551] {processor.py:641} INFO - Processing file /home/airflow/.local/lib/python3.7/site-packages/airflow/example_dags/tutorial_taskflow_api_etl.py for tasks to queue
[2022-12-21 17:09:08,551] {logging_mixin.py:115} INFO - [2022-12-21 17:09:08,551] {dagbag.py:507} INFO - Filling up the DagBag from /home/airflow/.local/lib/python3.7/site-packages/airflow/example_dags/tutorial_taskflow_api_etl.py
[2022-12-21 17:09:08,564] {processor.py:651} INFO - DAG(s) dict_keys(['tutorial_taskflow_api_etl']) retrieved from /home/airflow/.local/lib/python3.7/site-packages/airflow/example_dags/tutorial_taskflow_api_etl.py
[2022-12-21 17:09:08,618] {logging_mixin.py:115} INFO - [2022-12-21 17:09:08,617] {dag.py:2371} INFO - Sync 1 DAGs
[2022-12-21 17:09:08,633] {logging_mixin.py:115} INFO - [2022-12-21 17:09:08,633] {dag.py:2919} INFO - Setting next_dagrun for tutorial_taskflow_api_etl to None, run_after=None
[2022-12-21 17:09:08,645] {processor.py:161} INFO - Processing /home/airflow/.local/lib/python3.7/site-packages/airflow/example_dags/tutorial_taskflow_api_etl.py took 0.097 seconds
[2022-12-21 17:09:39,260] {processor.py:153} INFO - Started process (PID=23898) to work on /home/airflow/.local/lib/python3.7/site-packages/airflow/example_dags/tutorial_taskflow_api_etl.py
[2022-12-21 17:09:39,260] {processor.py:641} INFO - Processing file /home/airflow/.local/lib/python3.7/site-packages/airflow/example_dags/tutorial_taskflow_api_etl.py for tasks to queue
[2022-12-21 17:09:39,261] {logging_mixin.py:115} INFO - [2022-12-21 17:09:39,261] {dagbag.py:507} INFO - Filling up the DagBag from /home/airflow/.local/lib/python3.7/site-packages/airflow/example_dags/tutorial_taskflow_api_etl.py
[2022-12-21 17:09:39,276] {processor.py:651} INFO - DAG(s) dict_keys(['tutorial_taskflow_api_etl']) retrieved from /home/airflow/.local/lib/python3.7/site-packages/airflow/example_dags/tutorial_taskflow_api_etl.py
[2022-12-21 17:09:39,334] {logging_mixin.py:115} INFO - [2022-12-21 17:09:39,333] {dag.py:2371} INFO - Sync 1 DAGs
[2022-12-21 17:09:39,349] {logging_mixin.py:115} INFO - [2022-12-21 17:09:39,349] {dag.py:2919} INFO - Setting next_dagrun for tutorial_taskflow_api_etl to None, run_after=None
[2022-12-21 17:09:39,361] {processor.py:161} INFO - Processing /home/airflow/.local/lib/python3.7/site-packages/airflow/example_dags/tutorial_taskflow_api_etl.py took 0.103 seconds
[2022-12-21 17:10:10,009] {processor.py:153} INFO - Started process (PID=23965) to work on /home/airflow/.local/lib/python3.7/site-packages/airflow/example_dags/tutorial_taskflow_api_etl.py
[2022-12-21 17:10:10,010] {processor.py:641} INFO - Processing file /home/airflow/.local/lib/python3.7/site-packages/airflow/example_dags/tutorial_taskflow_api_etl.py for tasks to queue
[2022-12-21 17:10:10,010] {logging_mixin.py:115} INFO - [2022-12-21 17:10:10,010] {dagbag.py:507} INFO - Filling up the DagBag from /home/airflow/.local/lib/python3.7/site-packages/airflow/example_dags/tutorial_taskflow_api_etl.py
[2022-12-21 17:10:10,022] {processor.py:651} INFO - DAG(s) dict_keys(['tutorial_taskflow_api_etl']) retrieved from /home/airflow/.local/lib/python3.7/site-packages/airflow/example_dags/tutorial_taskflow_api_etl.py
[2022-12-21 17:10:10,077] {logging_mixin.py:115} INFO - [2022-12-21 17:10:10,077] {dag.py:2371} INFO - Sync 1 DAGs
[2022-12-21 17:10:10,090] {logging_mixin.py:115} INFO - [2022-12-21 17:10:10,090] {dag.py:2919} INFO - Setting next_dagrun for tutorial_taskflow_api_etl to None, run_after=None
[2022-12-21 17:10:10,101] {processor.py:161} INFO - Processing /home/airflow/.local/lib/python3.7/site-packages/airflow/example_dags/tutorial_taskflow_api_etl.py took 0.094 seconds
[2022-12-21 17:10:40,612] {processor.py:153} INFO - Started process (PID=24030) to work on /home/airflow/.local/lib/python3.7/site-packages/airflow/example_dags/tutorial_taskflow_api_etl.py
[2022-12-21 17:10:40,613] {processor.py:641} INFO - Processing file /home/airflow/.local/lib/python3.7/site-packages/airflow/example_dags/tutorial_taskflow_api_etl.py for tasks to queue
[2022-12-21 17:10:40,613] {logging_mixin.py:115} INFO - [2022-12-21 17:10:40,613] {dagbag.py:507} INFO - Filling up the DagBag from /home/airflow/.local/lib/python3.7/site-packages/airflow/example_dags/tutorial_taskflow_api_etl.py
[2022-12-21 17:10:40,625] {processor.py:651} INFO - DAG(s) dict_keys(['tutorial_taskflow_api_etl']) retrieved from /home/airflow/.local/lib/python3.7/site-packages/airflow/example_dags/tutorial_taskflow_api_etl.py
[2022-12-21 17:10:40,684] {logging_mixin.py:115} INFO - [2022-12-21 17:10:40,684] {dag.py:2371} INFO - Sync 1 DAGs
[2022-12-21 17:10:40,703] {logging_mixin.py:115} INFO - [2022-12-21 17:10:40,703] {dag.py:2919} INFO - Setting next_dagrun for tutorial_taskflow_api_etl to None, run_after=None
[2022-12-21 17:10:40,715] {processor.py:161} INFO - Processing /home/airflow/.local/lib/python3.7/site-packages/airflow/example_dags/tutorial_taskflow_api_etl.py took 0.105 seconds
[2022-12-21 17:11:11,127] {processor.py:153} INFO - Started process (PID=24088) to work on /home/airflow/.local/lib/python3.7/site-packages/airflow/example_dags/tutorial_taskflow_api_etl.py
[2022-12-21 17:11:11,128] {processor.py:641} INFO - Processing file /home/airflow/.local/lib/python3.7/site-packages/airflow/example_dags/tutorial_taskflow_api_etl.py for tasks to queue
[2022-12-21 17:11:11,128] {logging_mixin.py:115} INFO - [2022-12-21 17:11:11,128] {dagbag.py:507} INFO - Filling up the DagBag from /home/airflow/.local/lib/python3.7/site-packages/airflow/example_dags/tutorial_taskflow_api_etl.py
[2022-12-21 17:11:11,144] {processor.py:651} INFO - DAG(s) dict_keys(['tutorial_taskflow_api_etl']) retrieved from /home/airflow/.local/lib/python3.7/site-packages/airflow/example_dags/tutorial_taskflow_api_etl.py
[2022-12-21 17:11:11,207] {logging_mixin.py:115} INFO - [2022-12-21 17:11:11,206] {dag.py:2371} INFO - Sync 1 DAGs
[2022-12-21 17:11:11,223] {logging_mixin.py:115} INFO - [2022-12-21 17:11:11,223] {dag.py:2919} INFO - Setting next_dagrun for tutorial_taskflow_api_etl to None, run_after=None
[2022-12-21 17:11:11,236] {processor.py:161} INFO - Processing /home/airflow/.local/lib/python3.7/site-packages/airflow/example_dags/tutorial_taskflow_api_etl.py took 0.112 seconds
[2022-12-21 17:11:41,745] {processor.py:153} INFO - Started process (PID=24154) to work on /home/airflow/.local/lib/python3.7/site-packages/airflow/example_dags/tutorial_taskflow_api_etl.py
[2022-12-21 17:11:41,746] {processor.py:641} INFO - Processing file /home/airflow/.local/lib/python3.7/site-packages/airflow/example_dags/tutorial_taskflow_api_etl.py for tasks to queue
[2022-12-21 17:11:41,747] {logging_mixin.py:115} INFO - [2022-12-21 17:11:41,746] {dagbag.py:507} INFO - Filling up the DagBag from /home/airflow/.local/lib/python3.7/site-packages/airflow/example_dags/tutorial_taskflow_api_etl.py
[2022-12-21 17:11:41,761] {processor.py:651} INFO - DAG(s) dict_keys(['tutorial_taskflow_api_etl']) retrieved from /home/airflow/.local/lib/python3.7/site-packages/airflow/example_dags/tutorial_taskflow_api_etl.py
[2022-12-21 17:11:41,849] {logging_mixin.py:115} INFO - [2022-12-21 17:11:41,849] {dag.py:2371} INFO - Sync 1 DAGs
[2022-12-21 17:11:41,866] {logging_mixin.py:115} INFO - [2022-12-21 17:11:41,866] {dag.py:2919} INFO - Setting next_dagrun for tutorial_taskflow_api_etl to None, run_after=None
[2022-12-21 17:11:41,878] {processor.py:161} INFO - Processing /home/airflow/.local/lib/python3.7/site-packages/airflow/example_dags/tutorial_taskflow_api_etl.py took 0.136 seconds
[2022-12-21 17:12:12,413] {processor.py:153} INFO - Started process (PID=24220) to work on /home/airflow/.local/lib/python3.7/site-packages/airflow/example_dags/tutorial_taskflow_api_etl.py
[2022-12-21 17:12:12,414] {processor.py:641} INFO - Processing file /home/airflow/.local/lib/python3.7/site-packages/airflow/example_dags/tutorial_taskflow_api_etl.py for tasks to queue
[2022-12-21 17:12:12,414] {logging_mixin.py:115} INFO - [2022-12-21 17:12:12,414] {dagbag.py:507} INFO - Filling up the DagBag from /home/airflow/.local/lib/python3.7/site-packages/airflow/example_dags/tutorial_taskflow_api_etl.py
[2022-12-21 17:12:12,426] {processor.py:651} INFO - DAG(s) dict_keys(['tutorial_taskflow_api_etl']) retrieved from /home/airflow/.local/lib/python3.7/site-packages/airflow/example_dags/tutorial_taskflow_api_etl.py
[2022-12-21 17:12:12,476] {logging_mixin.py:115} INFO - [2022-12-21 17:12:12,476] {dag.py:2371} INFO - Sync 1 DAGs
[2022-12-21 17:12:12,492] {logging_mixin.py:115} INFO - [2022-12-21 17:12:12,492] {dag.py:2919} INFO - Setting next_dagrun for tutorial_taskflow_api_etl to None, run_after=None
[2022-12-21 17:12:12,505] {processor.py:161} INFO - Processing /home/airflow/.local/lib/python3.7/site-packages/airflow/example_dags/tutorial_taskflow_api_etl.py took 0.094 seconds
[2022-12-21 17:12:42,958] {processor.py:153} INFO - Started process (PID=24278) to work on /home/airflow/.local/lib/python3.7/site-packages/airflow/example_dags/tutorial_taskflow_api_etl.py
[2022-12-21 17:12:42,958] {processor.py:641} INFO - Processing file /home/airflow/.local/lib/python3.7/site-packages/airflow/example_dags/tutorial_taskflow_api_etl.py for tasks to queue
[2022-12-21 17:12:42,959] {logging_mixin.py:115} INFO - [2022-12-21 17:12:42,958] {dagbag.py:507} INFO - Filling up the DagBag from /home/airflow/.local/lib/python3.7/site-packages/airflow/example_dags/tutorial_taskflow_api_etl.py
[2022-12-21 17:12:42,976] {processor.py:651} INFO - DAG(s) dict_keys(['tutorial_taskflow_api_etl']) retrieved from /home/airflow/.local/lib/python3.7/site-packages/airflow/example_dags/tutorial_taskflow_api_etl.py
[2022-12-21 17:12:43,035] {logging_mixin.py:115} INFO - [2022-12-21 17:12:43,035] {dag.py:2371} INFO - Sync 1 DAGs
[2022-12-21 17:12:43,054] {logging_mixin.py:115} INFO - [2022-12-21 17:12:43,054] {dag.py:2919} INFO - Setting next_dagrun for tutorial_taskflow_api_etl to None, run_after=None
[2022-12-21 17:12:43,068] {processor.py:161} INFO - Processing /home/airflow/.local/lib/python3.7/site-packages/airflow/example_dags/tutorial_taskflow_api_etl.py took 0.113 seconds
[2022-12-21 17:13:13,383] {processor.py:153} INFO - Started process (PID=24343) to work on /home/airflow/.local/lib/python3.7/site-packages/airflow/example_dags/tutorial_taskflow_api_etl.py
[2022-12-21 17:13:13,384] {processor.py:641} INFO - Processing file /home/airflow/.local/lib/python3.7/site-packages/airflow/example_dags/tutorial_taskflow_api_etl.py for tasks to queue
[2022-12-21 17:13:13,384] {logging_mixin.py:115} INFO - [2022-12-21 17:13:13,384] {dagbag.py:507} INFO - Filling up the DagBag from /home/airflow/.local/lib/python3.7/site-packages/airflow/example_dags/tutorial_taskflow_api_etl.py
[2022-12-21 17:13:13,397] {processor.py:651} INFO - DAG(s) dict_keys(['tutorial_taskflow_api_etl']) retrieved from /home/airflow/.local/lib/python3.7/site-packages/airflow/example_dags/tutorial_taskflow_api_etl.py
[2022-12-21 17:13:13,445] {logging_mixin.py:115} INFO - [2022-12-21 17:13:13,444] {dag.py:2371} INFO - Sync 1 DAGs
[2022-12-21 17:13:13,460] {logging_mixin.py:115} INFO - [2022-12-21 17:13:13,460] {dag.py:2919} INFO - Setting next_dagrun for tutorial_taskflow_api_etl to None, run_after=None
[2022-12-21 17:13:13,472] {processor.py:161} INFO - Processing /home/airflow/.local/lib/python3.7/site-packages/airflow/example_dags/tutorial_taskflow_api_etl.py took 0.091 seconds
[2022-12-21 17:13:44,015] {processor.py:153} INFO - Started process (PID=24409) to work on /home/airflow/.local/lib/python3.7/site-packages/airflow/example_dags/tutorial_taskflow_api_etl.py
[2022-12-21 17:13:44,016] {processor.py:641} INFO - Processing file /home/airflow/.local/lib/python3.7/site-packages/airflow/example_dags/tutorial_taskflow_api_etl.py for tasks to queue
[2022-12-21 17:13:44,016] {logging_mixin.py:115} INFO - [2022-12-21 17:13:44,016] {dagbag.py:507} INFO - Filling up the DagBag from /home/airflow/.local/lib/python3.7/site-packages/airflow/example_dags/tutorial_taskflow_api_etl.py
[2022-12-21 17:13:44,028] {processor.py:651} INFO - DAG(s) dict_keys(['tutorial_taskflow_api_etl']) retrieved from /home/airflow/.local/lib/python3.7/site-packages/airflow/example_dags/tutorial_taskflow_api_etl.py
[2022-12-21 17:13:44,083] {logging_mixin.py:115} INFO - [2022-12-21 17:13:44,083] {dag.py:2371} INFO - Sync 1 DAGs
[2022-12-21 17:13:44,099] {logging_mixin.py:115} INFO - [2022-12-21 17:13:44,098] {dag.py:2919} INFO - Setting next_dagrun for tutorial_taskflow_api_etl to None, run_after=None
[2022-12-21 17:13:44,109] {processor.py:161} INFO - Processing /home/airflow/.local/lib/python3.7/site-packages/airflow/example_dags/tutorial_taskflow_api_etl.py took 0.097 seconds
[2022-12-21 17:14:14,658] {processor.py:153} INFO - Started process (PID=24476) to work on /home/airflow/.local/lib/python3.7/site-packages/airflow/example_dags/tutorial_taskflow_api_etl.py
[2022-12-21 17:14:14,659] {processor.py:641} INFO - Processing file /home/airflow/.local/lib/python3.7/site-packages/airflow/example_dags/tutorial_taskflow_api_etl.py for tasks to queue
[2022-12-21 17:14:14,659] {logging_mixin.py:115} INFO - [2022-12-21 17:14:14,659] {dagbag.py:507} INFO - Filling up the DagBag from /home/airflow/.local/lib/python3.7/site-packages/airflow/example_dags/tutorial_taskflow_api_etl.py
[2022-12-21 17:14:14,673] {processor.py:651} INFO - DAG(s) dict_keys(['tutorial_taskflow_api_etl']) retrieved from /home/airflow/.local/lib/python3.7/site-packages/airflow/example_dags/tutorial_taskflow_api_etl.py
[2022-12-21 17:14:14,722] {logging_mixin.py:115} INFO - [2022-12-21 17:14:14,722] {dag.py:2371} INFO - Sync 1 DAGs
[2022-12-21 17:14:14,739] {logging_mixin.py:115} INFO - [2022-12-21 17:14:14,739] {dag.py:2919} INFO - Setting next_dagrun for tutorial_taskflow_api_etl to None, run_after=None
[2022-12-21 17:14:14,750] {processor.py:161} INFO - Processing /home/airflow/.local/lib/python3.7/site-packages/airflow/example_dags/tutorial_taskflow_api_etl.py took 0.094 seconds
[2022-12-21 17:14:45,445] {processor.py:153} INFO - Started process (PID=24532) to work on /home/airflow/.local/lib/python3.7/site-packages/airflow/example_dags/tutorial_taskflow_api_etl.py
[2022-12-21 17:14:45,446] {processor.py:641} INFO - Processing file /home/airflow/.local/lib/python3.7/site-packages/airflow/example_dags/tutorial_taskflow_api_etl.py for tasks to queue
[2022-12-21 17:14:45,446] {logging_mixin.py:115} INFO - [2022-12-21 17:14:45,446] {dagbag.py:507} INFO - Filling up the DagBag from /home/airflow/.local/lib/python3.7/site-packages/airflow/example_dags/tutorial_taskflow_api_etl.py
[2022-12-21 17:14:45,458] {processor.py:651} INFO - DAG(s) dict_keys(['tutorial_taskflow_api_etl']) retrieved from /home/airflow/.local/lib/python3.7/site-packages/airflow/example_dags/tutorial_taskflow_api_etl.py
[2022-12-21 17:14:45,509] {logging_mixin.py:115} INFO - [2022-12-21 17:14:45,509] {dag.py:2371} INFO - Sync 1 DAGs
[2022-12-21 17:14:45,523] {logging_mixin.py:115} INFO - [2022-12-21 17:14:45,523] {dag.py:2919} INFO - Setting next_dagrun for tutorial_taskflow_api_etl to None, run_after=None
[2022-12-21 17:14:45,533] {processor.py:161} INFO - Processing /home/airflow/.local/lib/python3.7/site-packages/airflow/example_dags/tutorial_taskflow_api_etl.py took 0.090 seconds
[2022-12-21 17:15:16,081] {processor.py:153} INFO - Started process (PID=24598) to work on /home/airflow/.local/lib/python3.7/site-packages/airflow/example_dags/tutorial_taskflow_api_etl.py
[2022-12-21 17:15:16,081] {processor.py:641} INFO - Processing file /home/airflow/.local/lib/python3.7/site-packages/airflow/example_dags/tutorial_taskflow_api_etl.py for tasks to queue
[2022-12-21 17:15:16,081] {logging_mixin.py:115} INFO - [2022-12-21 17:15:16,081] {dagbag.py:507} INFO - Filling up the DagBag from /home/airflow/.local/lib/python3.7/site-packages/airflow/example_dags/tutorial_taskflow_api_etl.py
[2022-12-21 17:15:16,094] {processor.py:651} INFO - DAG(s) dict_keys(['tutorial_taskflow_api_etl']) retrieved from /home/airflow/.local/lib/python3.7/site-packages/airflow/example_dags/tutorial_taskflow_api_etl.py
[2022-12-21 17:15:16,145] {logging_mixin.py:115} INFO - [2022-12-21 17:15:16,145] {dag.py:2371} INFO - Sync 1 DAGs
[2022-12-21 17:15:16,161] {logging_mixin.py:115} INFO - [2022-12-21 17:15:16,161] {dag.py:2919} INFO - Setting next_dagrun for tutorial_taskflow_api_etl to None, run_after=None
[2022-12-21 17:15:16,172] {processor.py:161} INFO - Processing /home/airflow/.local/lib/python3.7/site-packages/airflow/example_dags/tutorial_taskflow_api_etl.py took 0.094 seconds
[2022-12-21 17:15:46,668] {processor.py:153} INFO - Started process (PID=24664) to work on /home/airflow/.local/lib/python3.7/site-packages/airflow/example_dags/tutorial_taskflow_api_etl.py
[2022-12-21 17:15:46,669] {processor.py:641} INFO - Processing file /home/airflow/.local/lib/python3.7/site-packages/airflow/example_dags/tutorial_taskflow_api_etl.py for tasks to queue
[2022-12-21 17:15:46,670] {logging_mixin.py:115} INFO - [2022-12-21 17:15:46,670] {dagbag.py:507} INFO - Filling up the DagBag from /home/airflow/.local/lib/python3.7/site-packages/airflow/example_dags/tutorial_taskflow_api_etl.py
[2022-12-21 17:15:46,682] {processor.py:651} INFO - DAG(s) dict_keys(['tutorial_taskflow_api_etl']) retrieved from /home/airflow/.local/lib/python3.7/site-packages/airflow/example_dags/tutorial_taskflow_api_etl.py
[2022-12-21 17:15:46,738] {logging_mixin.py:115} INFO - [2022-12-21 17:15:46,738] {dag.py:2371} INFO - Sync 1 DAGs
[2022-12-21 17:15:46,752] {logging_mixin.py:115} INFO - [2022-12-21 17:15:46,752] {dag.py:2919} INFO - Setting next_dagrun for tutorial_taskflow_api_etl to None, run_after=None
[2022-12-21 17:15:46,764] {processor.py:161} INFO - Processing /home/airflow/.local/lib/python3.7/site-packages/airflow/example_dags/tutorial_taskflow_api_etl.py took 0.098 seconds
[2022-12-21 17:16:17,402] {processor.py:153} INFO - Started process (PID=24730) to work on /home/airflow/.local/lib/python3.7/site-packages/airflow/example_dags/tutorial_taskflow_api_etl.py
[2022-12-21 17:16:17,403] {processor.py:641} INFO - Processing file /home/airflow/.local/lib/python3.7/site-packages/airflow/example_dags/tutorial_taskflow_api_etl.py for tasks to queue
[2022-12-21 17:16:17,404] {logging_mixin.py:115} INFO - [2022-12-21 17:16:17,403] {dagbag.py:507} INFO - Filling up the DagBag from /home/airflow/.local/lib/python3.7/site-packages/airflow/example_dags/tutorial_taskflow_api_etl.py
[2022-12-21 17:16:17,420] {processor.py:651} INFO - DAG(s) dict_keys(['tutorial_taskflow_api_etl']) retrieved from /home/airflow/.local/lib/python3.7/site-packages/airflow/example_dags/tutorial_taskflow_api_etl.py
[2022-12-21 17:16:17,469] {logging_mixin.py:115} INFO - [2022-12-21 17:16:17,469] {dag.py:2371} INFO - Sync 1 DAGs
[2022-12-21 17:16:17,485] {logging_mixin.py:115} INFO - [2022-12-21 17:16:17,485] {dag.py:2919} INFO - Setting next_dagrun for tutorial_taskflow_api_etl to None, run_after=None
[2022-12-21 17:16:17,496] {processor.py:161} INFO - Processing /home/airflow/.local/lib/python3.7/site-packages/airflow/example_dags/tutorial_taskflow_api_etl.py took 0.096 seconds
[2022-12-21 17:16:48,042] {processor.py:153} INFO - Started process (PID=24788) to work on /home/airflow/.local/lib/python3.7/site-packages/airflow/example_dags/tutorial_taskflow_api_etl.py
[2022-12-21 17:16:48,043] {processor.py:641} INFO - Processing file /home/airflow/.local/lib/python3.7/site-packages/airflow/example_dags/tutorial_taskflow_api_etl.py for tasks to queue
[2022-12-21 17:16:48,044] {logging_mixin.py:115} INFO - [2022-12-21 17:16:48,044] {dagbag.py:507} INFO - Filling up the DagBag from /home/airflow/.local/lib/python3.7/site-packages/airflow/example_dags/tutorial_taskflow_api_etl.py
[2022-12-21 17:16:48,055] {processor.py:651} INFO - DAG(s) dict_keys(['tutorial_taskflow_api_etl']) retrieved from /home/airflow/.local/lib/python3.7/site-packages/airflow/example_dags/tutorial_taskflow_api_etl.py
[2022-12-21 17:16:48,112] {logging_mixin.py:115} INFO - [2022-12-21 17:16:48,112] {dag.py:2371} INFO - Sync 1 DAGs
[2022-12-21 17:16:48,130] {logging_mixin.py:115} INFO - [2022-12-21 17:16:48,130] {dag.py:2919} INFO - Setting next_dagrun for tutorial_taskflow_api_etl to None, run_after=None
[2022-12-21 17:16:48,140] {processor.py:161} INFO - Processing /home/airflow/.local/lib/python3.7/site-packages/airflow/example_dags/tutorial_taskflow_api_etl.py took 0.101 seconds
[2022-12-21 17:17:18,715] {processor.py:153} INFO - Started process (PID=24853) to work on /home/airflow/.local/lib/python3.7/site-packages/airflow/example_dags/tutorial_taskflow_api_etl.py
[2022-12-21 17:17:18,715] {processor.py:641} INFO - Processing file /home/airflow/.local/lib/python3.7/site-packages/airflow/example_dags/tutorial_taskflow_api_etl.py for tasks to queue
[2022-12-21 17:17:18,716] {logging_mixin.py:115} INFO - [2022-12-21 17:17:18,716] {dagbag.py:507} INFO - Filling up the DagBag from /home/airflow/.local/lib/python3.7/site-packages/airflow/example_dags/tutorial_taskflow_api_etl.py
[2022-12-21 17:17:18,729] {processor.py:651} INFO - DAG(s) dict_keys(['tutorial_taskflow_api_etl']) retrieved from /home/airflow/.local/lib/python3.7/site-packages/airflow/example_dags/tutorial_taskflow_api_etl.py
[2022-12-21 17:17:18,798] {logging_mixin.py:115} INFO - [2022-12-21 17:17:18,798] {dag.py:2371} INFO - Sync 1 DAGs
[2022-12-21 17:17:18,818] {logging_mixin.py:115} INFO - [2022-12-21 17:17:18,818] {dag.py:2919} INFO - Setting next_dagrun for tutorial_taskflow_api_etl to None, run_after=None
[2022-12-21 17:17:18,833] {processor.py:161} INFO - Processing /home/airflow/.local/lib/python3.7/site-packages/airflow/example_dags/tutorial_taskflow_api_etl.py took 0.121 seconds
[2022-12-21 17:17:49,293] {processor.py:153} INFO - Started process (PID=24920) to work on /home/airflow/.local/lib/python3.7/site-packages/airflow/example_dags/tutorial_taskflow_api_etl.py
[2022-12-21 17:17:49,293] {processor.py:641} INFO - Processing file /home/airflow/.local/lib/python3.7/site-packages/airflow/example_dags/tutorial_taskflow_api_etl.py for tasks to queue
[2022-12-21 17:17:49,294] {logging_mixin.py:115} INFO - [2022-12-21 17:17:49,294] {dagbag.py:507} INFO - Filling up the DagBag from /home/airflow/.local/lib/python3.7/site-packages/airflow/example_dags/tutorial_taskflow_api_etl.py
[2022-12-21 17:17:49,306] {processor.py:651} INFO - DAG(s) dict_keys(['tutorial_taskflow_api_etl']) retrieved from /home/airflow/.local/lib/python3.7/site-packages/airflow/example_dags/tutorial_taskflow_api_etl.py
[2022-12-21 17:17:49,360] {logging_mixin.py:115} INFO - [2022-12-21 17:17:49,360] {dag.py:2371} INFO - Sync 1 DAGs
[2022-12-21 17:17:49,376] {logging_mixin.py:115} INFO - [2022-12-21 17:17:49,376] {dag.py:2919} INFO - Setting next_dagrun for tutorial_taskflow_api_etl to None, run_after=None
[2022-12-21 17:17:49,386] {processor.py:161} INFO - Processing /home/airflow/.local/lib/python3.7/site-packages/airflow/example_dags/tutorial_taskflow_api_etl.py took 0.095 seconds
[2022-12-21 17:18:20,116] {processor.py:153} INFO - Started process (PID=24990) to work on /home/airflow/.local/lib/python3.7/site-packages/airflow/example_dags/tutorial_taskflow_api_etl.py
[2022-12-21 17:18:20,117] {processor.py:641} INFO - Processing file /home/airflow/.local/lib/python3.7/site-packages/airflow/example_dags/tutorial_taskflow_api_etl.py for tasks to queue
[2022-12-21 17:18:20,117] {logging_mixin.py:115} INFO - [2022-12-21 17:18:20,117] {dagbag.py:507} INFO - Filling up the DagBag from /home/airflow/.local/lib/python3.7/site-packages/airflow/example_dags/tutorial_taskflow_api_etl.py
[2022-12-21 17:18:20,131] {processor.py:651} INFO - DAG(s) dict_keys(['tutorial_taskflow_api_etl']) retrieved from /home/airflow/.local/lib/python3.7/site-packages/airflow/example_dags/tutorial_taskflow_api_etl.py
[2022-12-21 17:18:20,183] {logging_mixin.py:115} INFO - [2022-12-21 17:18:20,183] {dag.py:2371} INFO - Sync 1 DAGs
[2022-12-21 17:18:20,203] {logging_mixin.py:115} INFO - [2022-12-21 17:18:20,203] {dag.py:2919} INFO - Setting next_dagrun for tutorial_taskflow_api_etl to None, run_after=None
[2022-12-21 17:18:20,217] {processor.py:161} INFO - Processing /home/airflow/.local/lib/python3.7/site-packages/airflow/example_dags/tutorial_taskflow_api_etl.py took 0.104 seconds
[2022-12-21 17:18:50,872] {processor.py:153} INFO - Started process (PID=25047) to work on /home/airflow/.local/lib/python3.7/site-packages/airflow/example_dags/tutorial_taskflow_api_etl.py
[2022-12-21 17:18:50,872] {processor.py:641} INFO - Processing file /home/airflow/.local/lib/python3.7/site-packages/airflow/example_dags/tutorial_taskflow_api_etl.py for tasks to queue
[2022-12-21 17:18:50,873] {logging_mixin.py:115} INFO - [2022-12-21 17:18:50,873] {dagbag.py:507} INFO - Filling up the DagBag from /home/airflow/.local/lib/python3.7/site-packages/airflow/example_dags/tutorial_taskflow_api_etl.py
[2022-12-21 17:18:50,885] {processor.py:651} INFO - DAG(s) dict_keys(['tutorial_taskflow_api_etl']) retrieved from /home/airflow/.local/lib/python3.7/site-packages/airflow/example_dags/tutorial_taskflow_api_etl.py
[2022-12-21 17:18:50,935] {logging_mixin.py:115} INFO - [2022-12-21 17:18:50,935] {dag.py:2371} INFO - Sync 1 DAGs
[2022-12-21 17:18:50,952] {logging_mixin.py:115} INFO - [2022-12-21 17:18:50,952] {dag.py:2919} INFO - Setting next_dagrun for tutorial_taskflow_api_etl to None, run_after=None
[2022-12-21 17:18:50,966] {processor.py:161} INFO - Processing /home/airflow/.local/lib/python3.7/site-packages/airflow/example_dags/tutorial_taskflow_api_etl.py took 0.096 seconds
[2022-12-21 17:19:21,532] {processor.py:153} INFO - Started process (PID=25114) to work on /home/airflow/.local/lib/python3.7/site-packages/airflow/example_dags/tutorial_taskflow_api_etl.py
[2022-12-21 17:19:21,533] {processor.py:641} INFO - Processing file /home/airflow/.local/lib/python3.7/site-packages/airflow/example_dags/tutorial_taskflow_api_etl.py for tasks to queue
[2022-12-21 17:19:21,534] {logging_mixin.py:115} INFO - [2022-12-21 17:19:21,534] {dagbag.py:507} INFO - Filling up the DagBag from /home/airflow/.local/lib/python3.7/site-packages/airflow/example_dags/tutorial_taskflow_api_etl.py
[2022-12-21 17:19:21,547] {processor.py:651} INFO - DAG(s) dict_keys(['tutorial_taskflow_api_etl']) retrieved from /home/airflow/.local/lib/python3.7/site-packages/airflow/example_dags/tutorial_taskflow_api_etl.py
[2022-12-21 17:19:21,599] {logging_mixin.py:115} INFO - [2022-12-21 17:19:21,599] {dag.py:2371} INFO - Sync 1 DAGs
[2022-12-21 17:19:21,613] {logging_mixin.py:115} INFO - [2022-12-21 17:19:21,613] {dag.py:2919} INFO - Setting next_dagrun for tutorial_taskflow_api_etl to None, run_after=None
[2022-12-21 17:19:21,625] {processor.py:161} INFO - Processing /home/airflow/.local/lib/python3.7/site-packages/airflow/example_dags/tutorial_taskflow_api_etl.py took 0.095 seconds
[2022-12-21 17:19:52,138] {processor.py:153} INFO - Started process (PID=25180) to work on /home/airflow/.local/lib/python3.7/site-packages/airflow/example_dags/tutorial_taskflow_api_etl.py
[2022-12-21 17:19:52,138] {processor.py:641} INFO - Processing file /home/airflow/.local/lib/python3.7/site-packages/airflow/example_dags/tutorial_taskflow_api_etl.py for tasks to queue
[2022-12-21 17:19:52,139] {logging_mixin.py:115} INFO - [2022-12-21 17:19:52,139] {dagbag.py:507} INFO - Filling up the DagBag from /home/airflow/.local/lib/python3.7/site-packages/airflow/example_dags/tutorial_taskflow_api_etl.py
[2022-12-21 17:19:52,152] {processor.py:651} INFO - DAG(s) dict_keys(['tutorial_taskflow_api_etl']) retrieved from /home/airflow/.local/lib/python3.7/site-packages/airflow/example_dags/tutorial_taskflow_api_etl.py
[2022-12-21 17:19:52,198] {logging_mixin.py:115} INFO - [2022-12-21 17:19:52,198] {dag.py:2371} INFO - Sync 1 DAGs
[2022-12-21 17:19:52,212] {logging_mixin.py:115} INFO - [2022-12-21 17:19:52,212] {dag.py:2919} INFO - Setting next_dagrun for tutorial_taskflow_api_etl to None, run_after=None
[2022-12-21 17:19:52,223] {processor.py:161} INFO - Processing /home/airflow/.local/lib/python3.7/site-packages/airflow/example_dags/tutorial_taskflow_api_etl.py took 0.088 seconds
[2022-12-21 17:20:22,867] {processor.py:153} INFO - Started process (PID=25248) to work on /home/airflow/.local/lib/python3.7/site-packages/airflow/example_dags/tutorial_taskflow_api_etl.py
[2022-12-21 17:20:22,867] {processor.py:641} INFO - Processing file /home/airflow/.local/lib/python3.7/site-packages/airflow/example_dags/tutorial_taskflow_api_etl.py for tasks to queue
[2022-12-21 17:20:22,868] {logging_mixin.py:115} INFO - [2022-12-21 17:20:22,868] {dagbag.py:507} INFO - Filling up the DagBag from /home/airflow/.local/lib/python3.7/site-packages/airflow/example_dags/tutorial_taskflow_api_etl.py
[2022-12-21 17:20:22,879] {processor.py:651} INFO - DAG(s) dict_keys(['tutorial_taskflow_api_etl']) retrieved from /home/airflow/.local/lib/python3.7/site-packages/airflow/example_dags/tutorial_taskflow_api_etl.py
[2022-12-21 17:20:22,931] {logging_mixin.py:115} INFO - [2022-12-21 17:20:22,931] {dag.py:2371} INFO - Sync 1 DAGs
[2022-12-21 17:20:22,949] {logging_mixin.py:115} INFO - [2022-12-21 17:20:22,948] {dag.py:2919} INFO - Setting next_dagrun for tutorial_taskflow_api_etl to None, run_after=None
[2022-12-21 17:20:22,960] {processor.py:161} INFO - Processing /home/airflow/.local/lib/python3.7/site-packages/airflow/example_dags/tutorial_taskflow_api_etl.py took 0.096 seconds
[2022-12-21 17:20:53,591] {processor.py:153} INFO - Started process (PID=25306) to work on /home/airflow/.local/lib/python3.7/site-packages/airflow/example_dags/tutorial_taskflow_api_etl.py
[2022-12-21 17:20:53,591] {processor.py:641} INFO - Processing file /home/airflow/.local/lib/python3.7/site-packages/airflow/example_dags/tutorial_taskflow_api_etl.py for tasks to queue
[2022-12-21 17:20:53,592] {logging_mixin.py:115} INFO - [2022-12-21 17:20:53,592] {dagbag.py:507} INFO - Filling up the DagBag from /home/airflow/.local/lib/python3.7/site-packages/airflow/example_dags/tutorial_taskflow_api_etl.py
[2022-12-21 17:20:53,613] {processor.py:651} INFO - DAG(s) dict_keys(['tutorial_taskflow_api_etl']) retrieved from /home/airflow/.local/lib/python3.7/site-packages/airflow/example_dags/tutorial_taskflow_api_etl.py
[2022-12-21 17:20:53,687] {logging_mixin.py:115} INFO - [2022-12-21 17:20:53,687] {dag.py:2371} INFO - Sync 1 DAGs
[2022-12-21 17:20:53,713] {logging_mixin.py:115} INFO - [2022-12-21 17:20:53,713] {dag.py:2919} INFO - Setting next_dagrun for tutorial_taskflow_api_etl to None, run_after=None
[2022-12-21 17:20:53,730] {processor.py:161} INFO - Processing /home/airflow/.local/lib/python3.7/site-packages/airflow/example_dags/tutorial_taskflow_api_etl.py took 0.144 seconds
[2022-12-21 17:21:24,158] {processor.py:153} INFO - Started process (PID=25372) to work on /home/airflow/.local/lib/python3.7/site-packages/airflow/example_dags/tutorial_taskflow_api_etl.py
[2022-12-21 17:21:24,158] {processor.py:641} INFO - Processing file /home/airflow/.local/lib/python3.7/site-packages/airflow/example_dags/tutorial_taskflow_api_etl.py for tasks to queue
[2022-12-21 17:21:24,159] {logging_mixin.py:115} INFO - [2022-12-21 17:21:24,159] {dagbag.py:507} INFO - Filling up the DagBag from /home/airflow/.local/lib/python3.7/site-packages/airflow/example_dags/tutorial_taskflow_api_etl.py
[2022-12-21 17:21:24,173] {processor.py:651} INFO - DAG(s) dict_keys(['tutorial_taskflow_api_etl']) retrieved from /home/airflow/.local/lib/python3.7/site-packages/airflow/example_dags/tutorial_taskflow_api_etl.py
[2022-12-21 17:21:24,226] {logging_mixin.py:115} INFO - [2022-12-21 17:21:24,226] {dag.py:2371} INFO - Sync 1 DAGs
[2022-12-21 17:21:24,244] {logging_mixin.py:115} INFO - [2022-12-21 17:21:24,244] {dag.py:2919} INFO - Setting next_dagrun for tutorial_taskflow_api_etl to None, run_after=None
[2022-12-21 17:21:24,255] {processor.py:161} INFO - Processing /home/airflow/.local/lib/python3.7/site-packages/airflow/example_dags/tutorial_taskflow_api_etl.py took 0.099 seconds
[2022-12-21 17:21:54,637] {processor.py:153} INFO - Started process (PID=25438) to work on /home/airflow/.local/lib/python3.7/site-packages/airflow/example_dags/tutorial_taskflow_api_etl.py
[2022-12-21 17:21:54,638] {processor.py:641} INFO - Processing file /home/airflow/.local/lib/python3.7/site-packages/airflow/example_dags/tutorial_taskflow_api_etl.py for tasks to queue
[2022-12-21 17:21:54,638] {logging_mixin.py:115} INFO - [2022-12-21 17:21:54,638] {dagbag.py:507} INFO - Filling up the DagBag from /home/airflow/.local/lib/python3.7/site-packages/airflow/example_dags/tutorial_taskflow_api_etl.py
[2022-12-21 17:21:54,652] {processor.py:651} INFO - DAG(s) dict_keys(['tutorial_taskflow_api_etl']) retrieved from /home/airflow/.local/lib/python3.7/site-packages/airflow/example_dags/tutorial_taskflow_api_etl.py
[2022-12-21 17:21:54,704] {logging_mixin.py:115} INFO - [2022-12-21 17:21:54,704] {dag.py:2371} INFO - Sync 1 DAGs
[2022-12-21 17:21:54,722] {logging_mixin.py:115} INFO - [2022-12-21 17:21:54,722] {dag.py:2919} INFO - Setting next_dagrun for tutorial_taskflow_api_etl to None, run_after=None
[2022-12-21 17:21:54,733] {processor.py:161} INFO - Processing /home/airflow/.local/lib/python3.7/site-packages/airflow/example_dags/tutorial_taskflow_api_etl.py took 0.099 seconds
[2022-12-21 17:22:25,152] {processor.py:153} INFO - Started process (PID=25506) to work on /home/airflow/.local/lib/python3.7/site-packages/airflow/example_dags/tutorial_taskflow_api_etl.py
[2022-12-21 17:22:25,153] {processor.py:641} INFO - Processing file /home/airflow/.local/lib/python3.7/site-packages/airflow/example_dags/tutorial_taskflow_api_etl.py for tasks to queue
[2022-12-21 17:22:25,154] {logging_mixin.py:115} INFO - [2022-12-21 17:22:25,154] {dagbag.py:507} INFO - Filling up the DagBag from /home/airflow/.local/lib/python3.7/site-packages/airflow/example_dags/tutorial_taskflow_api_etl.py
[2022-12-21 17:22:25,167] {processor.py:651} INFO - DAG(s) dict_keys(['tutorial_taskflow_api_etl']) retrieved from /home/airflow/.local/lib/python3.7/site-packages/airflow/example_dags/tutorial_taskflow_api_etl.py
[2022-12-21 17:22:25,225] {logging_mixin.py:115} INFO - [2022-12-21 17:22:25,225] {dag.py:2371} INFO - Sync 1 DAGs
[2022-12-21 17:22:25,242] {logging_mixin.py:115} INFO - [2022-12-21 17:22:25,242] {dag.py:2919} INFO - Setting next_dagrun for tutorial_taskflow_api_etl to None, run_after=None
[2022-12-21 17:22:25,254] {processor.py:161} INFO - Processing /home/airflow/.local/lib/python3.7/site-packages/airflow/example_dags/tutorial_taskflow_api_etl.py took 0.104 seconds
[2022-12-21 17:22:56,258] {processor.py:153} INFO - Started process (PID=25563) to work on /home/airflow/.local/lib/python3.7/site-packages/airflow/example_dags/tutorial_taskflow_api_etl.py
[2022-12-21 17:22:56,259] {processor.py:641} INFO - Processing file /home/airflow/.local/lib/python3.7/site-packages/airflow/example_dags/tutorial_taskflow_api_etl.py for tasks to queue
[2022-12-21 17:22:56,259] {logging_mixin.py:115} INFO - [2022-12-21 17:22:56,259] {dagbag.py:507} INFO - Filling up the DagBag from /home/airflow/.local/lib/python3.7/site-packages/airflow/example_dags/tutorial_taskflow_api_etl.py
[2022-12-21 17:22:56,276] {processor.py:651} INFO - DAG(s) dict_keys(['tutorial_taskflow_api_etl']) retrieved from /home/airflow/.local/lib/python3.7/site-packages/airflow/example_dags/tutorial_taskflow_api_etl.py
[2022-12-21 17:22:56,330] {logging_mixin.py:115} INFO - [2022-12-21 17:22:56,330] {dag.py:2371} INFO - Sync 1 DAGs
[2022-12-21 17:22:56,345] {logging_mixin.py:115} INFO - [2022-12-21 17:22:56,345] {dag.py:2919} INFO - Setting next_dagrun for tutorial_taskflow_api_etl to None, run_after=None
[2022-12-21 17:22:56,422] {processor.py:161} INFO - Processing /home/airflow/.local/lib/python3.7/site-packages/airflow/example_dags/tutorial_taskflow_api_etl.py took 0.168 seconds
[2022-12-21 17:23:27,386] {processor.py:153} INFO - Started process (PID=25630) to work on /home/airflow/.local/lib/python3.7/site-packages/airflow/example_dags/tutorial_taskflow_api_etl.py
[2022-12-21 17:23:27,386] {processor.py:641} INFO - Processing file /home/airflow/.local/lib/python3.7/site-packages/airflow/example_dags/tutorial_taskflow_api_etl.py for tasks to queue
[2022-12-21 17:23:27,387] {logging_mixin.py:115} INFO - [2022-12-21 17:23:27,387] {dagbag.py:507} INFO - Filling up the DagBag from /home/airflow/.local/lib/python3.7/site-packages/airflow/example_dags/tutorial_taskflow_api_etl.py
[2022-12-21 17:23:27,399] {processor.py:651} INFO - DAG(s) dict_keys(['tutorial_taskflow_api_etl']) retrieved from /home/airflow/.local/lib/python3.7/site-packages/airflow/example_dags/tutorial_taskflow_api_etl.py
[2022-12-21 17:23:27,451] {logging_mixin.py:115} INFO - [2022-12-21 17:23:27,451] {dag.py:2371} INFO - Sync 1 DAGs
[2022-12-21 17:23:27,467] {logging_mixin.py:115} INFO - [2022-12-21 17:23:27,467] {dag.py:2919} INFO - Setting next_dagrun for tutorial_taskflow_api_etl to None, run_after=None
[2022-12-21 17:23:27,478] {processor.py:161} INFO - Processing /home/airflow/.local/lib/python3.7/site-packages/airflow/example_dags/tutorial_taskflow_api_etl.py took 0.094 seconds
