[2022-12-21 16:55:25,587] {processor.py:153} INFO - Started process (PID=22113) to work on /home/airflow/.local/lib/python3.7/site-packages/airflow/example_dags/tutorial_taskflow_api_etl_virtualenv.py
[2022-12-21 16:55:25,588] {processor.py:641} INFO - Processing file /home/airflow/.local/lib/python3.7/site-packages/airflow/example_dags/tutorial_taskflow_api_etl_virtualenv.py for tasks to queue
[2022-12-21 16:55:25,588] {logging_mixin.py:115} INFO - [2022-12-21 16:55:25,588] {dagbag.py:507} INFO - Filling up the DagBag from /home/airflow/.local/lib/python3.7/site-packages/airflow/example_dags/tutorial_taskflow_api_etl_virtualenv.py
[2022-12-21 16:55:25,600] {processor.py:651} INFO - DAG(s) dict_keys(['tutorial_taskflow_api_etl_virtualenv']) retrieved from /home/airflow/.local/lib/python3.7/site-packages/airflow/example_dags/tutorial_taskflow_api_etl_virtualenv.py
[2022-12-21 16:55:25,646] {logging_mixin.py:115} INFO - [2022-12-21 16:55:25,646] {dag.py:2371} INFO - Sync 1 DAGs
[2022-12-21 16:55:25,660] {logging_mixin.py:115} INFO - [2022-12-21 16:55:25,660] {dag.py:2919} INFO - Setting next_dagrun for tutorial_taskflow_api_etl_virtualenv to None, run_after=None
[2022-12-21 16:55:25,672] {processor.py:161} INFO - Processing /home/airflow/.local/lib/python3.7/site-packages/airflow/example_dags/tutorial_taskflow_api_etl_virtualenv.py took 0.087 seconds
[2022-12-21 16:55:56,054] {processor.py:153} INFO - Started process (PID=22179) to work on /home/airflow/.local/lib/python3.7/site-packages/airflow/example_dags/tutorial_taskflow_api_etl_virtualenv.py
[2022-12-21 16:55:56,055] {processor.py:641} INFO - Processing file /home/airflow/.local/lib/python3.7/site-packages/airflow/example_dags/tutorial_taskflow_api_etl_virtualenv.py for tasks to queue
[2022-12-21 16:55:56,055] {logging_mixin.py:115} INFO - [2022-12-21 16:55:56,055] {dagbag.py:507} INFO - Filling up the DagBag from /home/airflow/.local/lib/python3.7/site-packages/airflow/example_dags/tutorial_taskflow_api_etl_virtualenv.py
[2022-12-21 16:55:56,070] {processor.py:651} INFO - DAG(s) dict_keys(['tutorial_taskflow_api_etl_virtualenv']) retrieved from /home/airflow/.local/lib/python3.7/site-packages/airflow/example_dags/tutorial_taskflow_api_etl_virtualenv.py
[2022-12-21 16:55:56,122] {logging_mixin.py:115} INFO - [2022-12-21 16:55:56,122] {dag.py:2371} INFO - Sync 1 DAGs
[2022-12-21 16:55:56,136] {logging_mixin.py:115} INFO - [2022-12-21 16:55:56,136] {dag.py:2919} INFO - Setting next_dagrun for tutorial_taskflow_api_etl_virtualenv to None, run_after=None
[2022-12-21 16:55:56,145] {processor.py:161} INFO - Processing /home/airflow/.local/lib/python3.7/site-packages/airflow/example_dags/tutorial_taskflow_api_etl_virtualenv.py took 0.094 seconds
[2022-12-21 16:56:26,401] {processor.py:153} INFO - Started process (PID=22245) to work on /home/airflow/.local/lib/python3.7/site-packages/airflow/example_dags/tutorial_taskflow_api_etl_virtualenv.py
[2022-12-21 16:56:26,401] {processor.py:641} INFO - Processing file /home/airflow/.local/lib/python3.7/site-packages/airflow/example_dags/tutorial_taskflow_api_etl_virtualenv.py for tasks to queue
[2022-12-21 16:56:26,402] {logging_mixin.py:115} INFO - [2022-12-21 16:56:26,402] {dagbag.py:507} INFO - Filling up the DagBag from /home/airflow/.local/lib/python3.7/site-packages/airflow/example_dags/tutorial_taskflow_api_etl_virtualenv.py
[2022-12-21 16:56:26,413] {processor.py:651} INFO - DAG(s) dict_keys(['tutorial_taskflow_api_etl_virtualenv']) retrieved from /home/airflow/.local/lib/python3.7/site-packages/airflow/example_dags/tutorial_taskflow_api_etl_virtualenv.py
[2022-12-21 16:56:26,454] {logging_mixin.py:115} INFO - [2022-12-21 16:56:26,454] {dag.py:2371} INFO - Sync 1 DAGs
[2022-12-21 16:56:26,467] {logging_mixin.py:115} INFO - [2022-12-21 16:56:26,467] {dag.py:2919} INFO - Setting next_dagrun for tutorial_taskflow_api_etl_virtualenv to None, run_after=None
[2022-12-21 16:56:26,476] {processor.py:161} INFO - Processing /home/airflow/.local/lib/python3.7/site-packages/airflow/example_dags/tutorial_taskflow_api_etl_virtualenv.py took 0.078 seconds
[2022-12-21 16:56:56,859] {processor.py:153} INFO - Started process (PID=22312) to work on /home/airflow/.local/lib/python3.7/site-packages/airflow/example_dags/tutorial_taskflow_api_etl_virtualenv.py
[2022-12-21 16:56:56,860] {processor.py:641} INFO - Processing file /home/airflow/.local/lib/python3.7/site-packages/airflow/example_dags/tutorial_taskflow_api_etl_virtualenv.py for tasks to queue
[2022-12-21 16:56:56,860] {logging_mixin.py:115} INFO - [2022-12-21 16:56:56,860] {dagbag.py:507} INFO - Filling up the DagBag from /home/airflow/.local/lib/python3.7/site-packages/airflow/example_dags/tutorial_taskflow_api_etl_virtualenv.py
[2022-12-21 16:56:56,871] {processor.py:651} INFO - DAG(s) dict_keys(['tutorial_taskflow_api_etl_virtualenv']) retrieved from /home/airflow/.local/lib/python3.7/site-packages/airflow/example_dags/tutorial_taskflow_api_etl_virtualenv.py
[2022-12-21 16:56:56,916] {logging_mixin.py:115} INFO - [2022-12-21 16:56:56,916] {dag.py:2371} INFO - Sync 1 DAGs
[2022-12-21 16:56:56,935] {logging_mixin.py:115} INFO - [2022-12-21 16:56:56,935] {dag.py:2919} INFO - Setting next_dagrun for tutorial_taskflow_api_etl_virtualenv to None, run_after=None
[2022-12-21 16:56:56,946] {processor.py:161} INFO - Processing /home/airflow/.local/lib/python3.7/site-packages/airflow/example_dags/tutorial_taskflow_api_etl_virtualenv.py took 0.089 seconds
[2022-12-21 16:57:27,285] {processor.py:153} INFO - Started process (PID=22369) to work on /home/airflow/.local/lib/python3.7/site-packages/airflow/example_dags/tutorial_taskflow_api_etl_virtualenv.py
[2022-12-21 16:57:27,286] {processor.py:641} INFO - Processing file /home/airflow/.local/lib/python3.7/site-packages/airflow/example_dags/tutorial_taskflow_api_etl_virtualenv.py for tasks to queue
[2022-12-21 16:57:27,287] {logging_mixin.py:115} INFO - [2022-12-21 16:57:27,286] {dagbag.py:507} INFO - Filling up the DagBag from /home/airflow/.local/lib/python3.7/site-packages/airflow/example_dags/tutorial_taskflow_api_etl_virtualenv.py
[2022-12-21 16:57:27,298] {processor.py:651} INFO - DAG(s) dict_keys(['tutorial_taskflow_api_etl_virtualenv']) retrieved from /home/airflow/.local/lib/python3.7/site-packages/airflow/example_dags/tutorial_taskflow_api_etl_virtualenv.py
[2022-12-21 16:57:27,342] {logging_mixin.py:115} INFO - [2022-12-21 16:57:27,342] {dag.py:2371} INFO - Sync 1 DAGs
[2022-12-21 16:57:27,359] {logging_mixin.py:115} INFO - [2022-12-21 16:57:27,358] {dag.py:2919} INFO - Setting next_dagrun for tutorial_taskflow_api_etl_virtualenv to None, run_after=None
[2022-12-21 16:57:27,368] {processor.py:161} INFO - Processing /home/airflow/.local/lib/python3.7/site-packages/airflow/example_dags/tutorial_taskflow_api_etl_virtualenv.py took 0.085 seconds
[2022-12-21 16:57:57,649] {processor.py:153} INFO - Started process (PID=22436) to work on /home/airflow/.local/lib/python3.7/site-packages/airflow/example_dags/tutorial_taskflow_api_etl_virtualenv.py
[2022-12-21 16:57:57,649] {processor.py:641} INFO - Processing file /home/airflow/.local/lib/python3.7/site-packages/airflow/example_dags/tutorial_taskflow_api_etl_virtualenv.py for tasks to queue
[2022-12-21 16:57:57,649] {logging_mixin.py:115} INFO - [2022-12-21 16:57:57,649] {dagbag.py:507} INFO - Filling up the DagBag from /home/airflow/.local/lib/python3.7/site-packages/airflow/example_dags/tutorial_taskflow_api_etl_virtualenv.py
[2022-12-21 16:57:57,662] {processor.py:651} INFO - DAG(s) dict_keys(['tutorial_taskflow_api_etl_virtualenv']) retrieved from /home/airflow/.local/lib/python3.7/site-packages/airflow/example_dags/tutorial_taskflow_api_etl_virtualenv.py
[2022-12-21 16:57:57,708] {logging_mixin.py:115} INFO - [2022-12-21 16:57:57,707] {dag.py:2371} INFO - Sync 1 DAGs
[2022-12-21 16:57:57,724] {logging_mixin.py:115} INFO - [2022-12-21 16:57:57,724] {dag.py:2919} INFO - Setting next_dagrun for tutorial_taskflow_api_etl_virtualenv to None, run_after=None
[2022-12-21 16:57:57,733] {processor.py:161} INFO - Processing /home/airflow/.local/lib/python3.7/site-packages/airflow/example_dags/tutorial_taskflow_api_etl_virtualenv.py took 0.087 seconds
[2022-12-21 16:58:28,105] {processor.py:153} INFO - Started process (PID=22502) to work on /home/airflow/.local/lib/python3.7/site-packages/airflow/example_dags/tutorial_taskflow_api_etl_virtualenv.py
[2022-12-21 16:58:28,106] {processor.py:641} INFO - Processing file /home/airflow/.local/lib/python3.7/site-packages/airflow/example_dags/tutorial_taskflow_api_etl_virtualenv.py for tasks to queue
[2022-12-21 16:58:28,107] {logging_mixin.py:115} INFO - [2022-12-21 16:58:28,106] {dagbag.py:507} INFO - Filling up the DagBag from /home/airflow/.local/lib/python3.7/site-packages/airflow/example_dags/tutorial_taskflow_api_etl_virtualenv.py
[2022-12-21 16:58:28,119] {processor.py:651} INFO - DAG(s) dict_keys(['tutorial_taskflow_api_etl_virtualenv']) retrieved from /home/airflow/.local/lib/python3.7/site-packages/airflow/example_dags/tutorial_taskflow_api_etl_virtualenv.py
[2022-12-21 16:58:28,162] {logging_mixin.py:115} INFO - [2022-12-21 16:58:28,162] {dag.py:2371} INFO - Sync 1 DAGs
[2022-12-21 16:58:28,177] {logging_mixin.py:115} INFO - [2022-12-21 16:58:28,177] {dag.py:2919} INFO - Setting next_dagrun for tutorial_taskflow_api_etl_virtualenv to None, run_after=None
[2022-12-21 16:58:28,188] {processor.py:161} INFO - Processing /home/airflow/.local/lib/python3.7/site-packages/airflow/example_dags/tutorial_taskflow_api_etl_virtualenv.py took 0.085 seconds
[2022-12-21 16:58:58,671] {processor.py:153} INFO - Started process (PID=22568) to work on /home/airflow/.local/lib/python3.7/site-packages/airflow/example_dags/tutorial_taskflow_api_etl_virtualenv.py
[2022-12-21 16:58:58,672] {processor.py:641} INFO - Processing file /home/airflow/.local/lib/python3.7/site-packages/airflow/example_dags/tutorial_taskflow_api_etl_virtualenv.py for tasks to queue
[2022-12-21 16:58:58,672] {logging_mixin.py:115} INFO - [2022-12-21 16:58:58,672] {dagbag.py:507} INFO - Filling up the DagBag from /home/airflow/.local/lib/python3.7/site-packages/airflow/example_dags/tutorial_taskflow_api_etl_virtualenv.py
[2022-12-21 16:58:58,686] {processor.py:651} INFO - DAG(s) dict_keys(['tutorial_taskflow_api_etl_virtualenv']) retrieved from /home/airflow/.local/lib/python3.7/site-packages/airflow/example_dags/tutorial_taskflow_api_etl_virtualenv.py
[2022-12-21 16:58:58,741] {logging_mixin.py:115} INFO - [2022-12-21 16:58:58,740] {dag.py:2371} INFO - Sync 1 DAGs
[2022-12-21 16:58:58,758] {logging_mixin.py:115} INFO - [2022-12-21 16:58:58,758] {dag.py:2919} INFO - Setting next_dagrun for tutorial_taskflow_api_etl_virtualenv to None, run_after=None
[2022-12-21 16:58:58,768] {processor.py:161} INFO - Processing /home/airflow/.local/lib/python3.7/site-packages/airflow/example_dags/tutorial_taskflow_api_etl_virtualenv.py took 0.099 seconds
[2022-12-21 16:59:29,064] {processor.py:153} INFO - Started process (PID=22626) to work on /home/airflow/.local/lib/python3.7/site-packages/airflow/example_dags/tutorial_taskflow_api_etl_virtualenv.py
[2022-12-21 16:59:29,065] {processor.py:641} INFO - Processing file /home/airflow/.local/lib/python3.7/site-packages/airflow/example_dags/tutorial_taskflow_api_etl_virtualenv.py for tasks to queue
[2022-12-21 16:59:29,065] {logging_mixin.py:115} INFO - [2022-12-21 16:59:29,065] {dagbag.py:507} INFO - Filling up the DagBag from /home/airflow/.local/lib/python3.7/site-packages/airflow/example_dags/tutorial_taskflow_api_etl_virtualenv.py
[2022-12-21 16:59:29,078] {processor.py:651} INFO - DAG(s) dict_keys(['tutorial_taskflow_api_etl_virtualenv']) retrieved from /home/airflow/.local/lib/python3.7/site-packages/airflow/example_dags/tutorial_taskflow_api_etl_virtualenv.py
[2022-12-21 16:59:29,130] {logging_mixin.py:115} INFO - [2022-12-21 16:59:29,130] {dag.py:2371} INFO - Sync 1 DAGs
[2022-12-21 16:59:29,147] {logging_mixin.py:115} INFO - [2022-12-21 16:59:29,147] {dag.py:2919} INFO - Setting next_dagrun for tutorial_taskflow_api_etl_virtualenv to None, run_after=None
[2022-12-21 16:59:29,159] {processor.py:161} INFO - Processing /home/airflow/.local/lib/python3.7/site-packages/airflow/example_dags/tutorial_taskflow_api_etl_virtualenv.py took 0.098 seconds
[2022-12-21 16:59:59,650] {processor.py:153} INFO - Started process (PID=22692) to work on /home/airflow/.local/lib/python3.7/site-packages/airflow/example_dags/tutorial_taskflow_api_etl_virtualenv.py
[2022-12-21 16:59:59,650] {processor.py:641} INFO - Processing file /home/airflow/.local/lib/python3.7/site-packages/airflow/example_dags/tutorial_taskflow_api_etl_virtualenv.py for tasks to queue
[2022-12-21 16:59:59,650] {logging_mixin.py:115} INFO - [2022-12-21 16:59:59,650] {dagbag.py:507} INFO - Filling up the DagBag from /home/airflow/.local/lib/python3.7/site-packages/airflow/example_dags/tutorial_taskflow_api_etl_virtualenv.py
[2022-12-21 16:59:59,662] {processor.py:651} INFO - DAG(s) dict_keys(['tutorial_taskflow_api_etl_virtualenv']) retrieved from /home/airflow/.local/lib/python3.7/site-packages/airflow/example_dags/tutorial_taskflow_api_etl_virtualenv.py
[2022-12-21 16:59:59,717] {logging_mixin.py:115} INFO - [2022-12-21 16:59:59,717] {dag.py:2371} INFO - Sync 1 DAGs
[2022-12-21 16:59:59,736] {logging_mixin.py:115} INFO - [2022-12-21 16:59:59,736] {dag.py:2919} INFO - Setting next_dagrun for tutorial_taskflow_api_etl_virtualenv to None, run_after=None
[2022-12-21 16:59:59,747] {processor.py:161} INFO - Processing /home/airflow/.local/lib/python3.7/site-packages/airflow/example_dags/tutorial_taskflow_api_etl_virtualenv.py took 0.099 seconds
[2022-12-21 17:00:30,256] {processor.py:153} INFO - Started process (PID=22759) to work on /home/airflow/.local/lib/python3.7/site-packages/airflow/example_dags/tutorial_taskflow_api_etl_virtualenv.py
[2022-12-21 17:00:30,257] {processor.py:641} INFO - Processing file /home/airflow/.local/lib/python3.7/site-packages/airflow/example_dags/tutorial_taskflow_api_etl_virtualenv.py for tasks to queue
[2022-12-21 17:00:30,257] {logging_mixin.py:115} INFO - [2022-12-21 17:00:30,257] {dagbag.py:507} INFO - Filling up the DagBag from /home/airflow/.local/lib/python3.7/site-packages/airflow/example_dags/tutorial_taskflow_api_etl_virtualenv.py
[2022-12-21 17:00:30,268] {processor.py:651} INFO - DAG(s) dict_keys(['tutorial_taskflow_api_etl_virtualenv']) retrieved from /home/airflow/.local/lib/python3.7/site-packages/airflow/example_dags/tutorial_taskflow_api_etl_virtualenv.py
[2022-12-21 17:00:30,312] {logging_mixin.py:115} INFO - [2022-12-21 17:00:30,312] {dag.py:2371} INFO - Sync 1 DAGs
[2022-12-21 17:00:30,327] {logging_mixin.py:115} INFO - [2022-12-21 17:00:30,326] {dag.py:2919} INFO - Setting next_dagrun for tutorial_taskflow_api_etl_virtualenv to None, run_after=None
[2022-12-21 17:00:30,337] {processor.py:161} INFO - Processing /home/airflow/.local/lib/python3.7/site-packages/airflow/example_dags/tutorial_taskflow_api_etl_virtualenv.py took 0.083 seconds
[2022-12-21 17:01:00,730] {processor.py:153} INFO - Started process (PID=22825) to work on /home/airflow/.local/lib/python3.7/site-packages/airflow/example_dags/tutorial_taskflow_api_etl_virtualenv.py
[2022-12-21 17:01:00,730] {processor.py:641} INFO - Processing file /home/airflow/.local/lib/python3.7/site-packages/airflow/example_dags/tutorial_taskflow_api_etl_virtualenv.py for tasks to queue
[2022-12-21 17:01:00,731] {logging_mixin.py:115} INFO - [2022-12-21 17:01:00,731] {dagbag.py:507} INFO - Filling up the DagBag from /home/airflow/.local/lib/python3.7/site-packages/airflow/example_dags/tutorial_taskflow_api_etl_virtualenv.py
[2022-12-21 17:01:00,746] {processor.py:651} INFO - DAG(s) dict_keys(['tutorial_taskflow_api_etl_virtualenv']) retrieved from /home/airflow/.local/lib/python3.7/site-packages/airflow/example_dags/tutorial_taskflow_api_etl_virtualenv.py
[2022-12-21 17:01:00,802] {logging_mixin.py:115} INFO - [2022-12-21 17:01:00,802] {dag.py:2371} INFO - Sync 1 DAGs
[2022-12-21 17:01:00,817] {logging_mixin.py:115} INFO - [2022-12-21 17:01:00,817] {dag.py:2919} INFO - Setting next_dagrun for tutorial_taskflow_api_etl_virtualenv to None, run_after=None
[2022-12-21 17:01:00,828] {processor.py:161} INFO - Processing /home/airflow/.local/lib/python3.7/site-packages/airflow/example_dags/tutorial_taskflow_api_etl_virtualenv.py took 0.101 seconds
[2022-12-21 17:01:31,274] {processor.py:153} INFO - Started process (PID=22882) to work on /home/airflow/.local/lib/python3.7/site-packages/airflow/example_dags/tutorial_taskflow_api_etl_virtualenv.py
[2022-12-21 17:01:31,275] {processor.py:641} INFO - Processing file /home/airflow/.local/lib/python3.7/site-packages/airflow/example_dags/tutorial_taskflow_api_etl_virtualenv.py for tasks to queue
[2022-12-21 17:01:31,276] {logging_mixin.py:115} INFO - [2022-12-21 17:01:31,276] {dagbag.py:507} INFO - Filling up the DagBag from /home/airflow/.local/lib/python3.7/site-packages/airflow/example_dags/tutorial_taskflow_api_etl_virtualenv.py
[2022-12-21 17:01:31,290] {processor.py:651} INFO - DAG(s) dict_keys(['tutorial_taskflow_api_etl_virtualenv']) retrieved from /home/airflow/.local/lib/python3.7/site-packages/airflow/example_dags/tutorial_taskflow_api_etl_virtualenv.py
[2022-12-21 17:01:31,343] {logging_mixin.py:115} INFO - [2022-12-21 17:01:31,343] {dag.py:2371} INFO - Sync 1 DAGs
[2022-12-21 17:01:31,358] {logging_mixin.py:115} INFO - [2022-12-21 17:01:31,358] {dag.py:2919} INFO - Setting next_dagrun for tutorial_taskflow_api_etl_virtualenv to None, run_after=None
[2022-12-21 17:01:31,370] {processor.py:161} INFO - Processing /home/airflow/.local/lib/python3.7/site-packages/airflow/example_dags/tutorial_taskflow_api_etl_virtualenv.py took 0.097 seconds
[2022-12-21 17:02:01,917] {processor.py:153} INFO - Started process (PID=22947) to work on /home/airflow/.local/lib/python3.7/site-packages/airflow/example_dags/tutorial_taskflow_api_etl_virtualenv.py
[2022-12-21 17:02:01,918] {processor.py:641} INFO - Processing file /home/airflow/.local/lib/python3.7/site-packages/airflow/example_dags/tutorial_taskflow_api_etl_virtualenv.py for tasks to queue
[2022-12-21 17:02:01,918] {logging_mixin.py:115} INFO - [2022-12-21 17:02:01,918] {dagbag.py:507} INFO - Filling up the DagBag from /home/airflow/.local/lib/python3.7/site-packages/airflow/example_dags/tutorial_taskflow_api_etl_virtualenv.py
[2022-12-21 17:02:01,931] {processor.py:651} INFO - DAG(s) dict_keys(['tutorial_taskflow_api_etl_virtualenv']) retrieved from /home/airflow/.local/lib/python3.7/site-packages/airflow/example_dags/tutorial_taskflow_api_etl_virtualenv.py
[2022-12-21 17:02:01,986] {logging_mixin.py:115} INFO - [2022-12-21 17:02:01,986] {dag.py:2371} INFO - Sync 1 DAGs
[2022-12-21 17:02:02,002] {logging_mixin.py:115} INFO - [2022-12-21 17:02:02,002] {dag.py:2919} INFO - Setting next_dagrun for tutorial_taskflow_api_etl_virtualenv to None, run_after=None
[2022-12-21 17:02:02,013] {processor.py:161} INFO - Processing /home/airflow/.local/lib/python3.7/site-packages/airflow/example_dags/tutorial_taskflow_api_etl_virtualenv.py took 0.099 seconds
[2022-12-21 17:02:32,470] {processor.py:153} INFO - Started process (PID=23013) to work on /home/airflow/.local/lib/python3.7/site-packages/airflow/example_dags/tutorial_taskflow_api_etl_virtualenv.py
[2022-12-21 17:02:32,471] {processor.py:641} INFO - Processing file /home/airflow/.local/lib/python3.7/site-packages/airflow/example_dags/tutorial_taskflow_api_etl_virtualenv.py for tasks to queue
[2022-12-21 17:02:32,471] {logging_mixin.py:115} INFO - [2022-12-21 17:02:32,471] {dagbag.py:507} INFO - Filling up the DagBag from /home/airflow/.local/lib/python3.7/site-packages/airflow/example_dags/tutorial_taskflow_api_etl_virtualenv.py
[2022-12-21 17:02:32,485] {processor.py:651} INFO - DAG(s) dict_keys(['tutorial_taskflow_api_etl_virtualenv']) retrieved from /home/airflow/.local/lib/python3.7/site-packages/airflow/example_dags/tutorial_taskflow_api_etl_virtualenv.py
[2022-12-21 17:02:32,535] {logging_mixin.py:115} INFO - [2022-12-21 17:02:32,535] {dag.py:2371} INFO - Sync 1 DAGs
[2022-12-21 17:02:32,552] {logging_mixin.py:115} INFO - [2022-12-21 17:02:32,552] {dag.py:2919} INFO - Setting next_dagrun for tutorial_taskflow_api_etl_virtualenv to None, run_after=None
[2022-12-21 17:02:32,565] {processor.py:161} INFO - Processing /home/airflow/.local/lib/python3.7/site-packages/airflow/example_dags/tutorial_taskflow_api_etl_virtualenv.py took 0.098 seconds
[2022-12-21 17:03:03,239] {processor.py:153} INFO - Started process (PID=23079) to work on /home/airflow/.local/lib/python3.7/site-packages/airflow/example_dags/tutorial_taskflow_api_etl_virtualenv.py
[2022-12-21 17:03:03,240] {processor.py:641} INFO - Processing file /home/airflow/.local/lib/python3.7/site-packages/airflow/example_dags/tutorial_taskflow_api_etl_virtualenv.py for tasks to queue
[2022-12-21 17:03:03,240] {logging_mixin.py:115} INFO - [2022-12-21 17:03:03,240] {dagbag.py:507} INFO - Filling up the DagBag from /home/airflow/.local/lib/python3.7/site-packages/airflow/example_dags/tutorial_taskflow_api_etl_virtualenv.py
[2022-12-21 17:03:03,254] {processor.py:651} INFO - DAG(s) dict_keys(['tutorial_taskflow_api_etl_virtualenv']) retrieved from /home/airflow/.local/lib/python3.7/site-packages/airflow/example_dags/tutorial_taskflow_api_etl_virtualenv.py
[2022-12-21 17:03:03,306] {logging_mixin.py:115} INFO - [2022-12-21 17:03:03,306] {dag.py:2371} INFO - Sync 1 DAGs
[2022-12-21 17:03:03,324] {logging_mixin.py:115} INFO - [2022-12-21 17:03:03,324] {dag.py:2919} INFO - Setting next_dagrun for tutorial_taskflow_api_etl_virtualenv to None, run_after=None
[2022-12-21 17:03:03,336] {processor.py:161} INFO - Processing /home/airflow/.local/lib/python3.7/site-packages/airflow/example_dags/tutorial_taskflow_api_etl_virtualenv.py took 0.100 seconds
[2022-12-21 17:03:34,037] {processor.py:153} INFO - Started process (PID=23136) to work on /home/airflow/.local/lib/python3.7/site-packages/airflow/example_dags/tutorial_taskflow_api_etl_virtualenv.py
[2022-12-21 17:03:34,038] {processor.py:641} INFO - Processing file /home/airflow/.local/lib/python3.7/site-packages/airflow/example_dags/tutorial_taskflow_api_etl_virtualenv.py for tasks to queue
[2022-12-21 17:03:34,038] {logging_mixin.py:115} INFO - [2022-12-21 17:03:34,038] {dagbag.py:507} INFO - Filling up the DagBag from /home/airflow/.local/lib/python3.7/site-packages/airflow/example_dags/tutorial_taskflow_api_etl_virtualenv.py
[2022-12-21 17:03:34,051] {processor.py:651} INFO - DAG(s) dict_keys(['tutorial_taskflow_api_etl_virtualenv']) retrieved from /home/airflow/.local/lib/python3.7/site-packages/airflow/example_dags/tutorial_taskflow_api_etl_virtualenv.py
[2022-12-21 17:03:34,099] {logging_mixin.py:115} INFO - [2022-12-21 17:03:34,099] {dag.py:2371} INFO - Sync 1 DAGs
[2022-12-21 17:03:34,115] {logging_mixin.py:115} INFO - [2022-12-21 17:03:34,115] {dag.py:2919} INFO - Setting next_dagrun for tutorial_taskflow_api_etl_virtualenv to None, run_after=None
[2022-12-21 17:03:34,127] {processor.py:161} INFO - Processing /home/airflow/.local/lib/python3.7/site-packages/airflow/example_dags/tutorial_taskflow_api_etl_virtualenv.py took 0.093 seconds
[2022-12-21 17:04:04,594] {processor.py:153} INFO - Started process (PID=23203) to work on /home/airflow/.local/lib/python3.7/site-packages/airflow/example_dags/tutorial_taskflow_api_etl_virtualenv.py
[2022-12-21 17:04:04,595] {processor.py:641} INFO - Processing file /home/airflow/.local/lib/python3.7/site-packages/airflow/example_dags/tutorial_taskflow_api_etl_virtualenv.py for tasks to queue
[2022-12-21 17:04:04,596] {logging_mixin.py:115} INFO - [2022-12-21 17:04:04,596] {dagbag.py:507} INFO - Filling up the DagBag from /home/airflow/.local/lib/python3.7/site-packages/airflow/example_dags/tutorial_taskflow_api_etl_virtualenv.py
[2022-12-21 17:04:04,609] {processor.py:651} INFO - DAG(s) dict_keys(['tutorial_taskflow_api_etl_virtualenv']) retrieved from /home/airflow/.local/lib/python3.7/site-packages/airflow/example_dags/tutorial_taskflow_api_etl_virtualenv.py
[2022-12-21 17:04:04,661] {logging_mixin.py:115} INFO - [2022-12-21 17:04:04,661] {dag.py:2371} INFO - Sync 1 DAGs
[2022-12-21 17:04:04,679] {logging_mixin.py:115} INFO - [2022-12-21 17:04:04,679] {dag.py:2919} INFO - Setting next_dagrun for tutorial_taskflow_api_etl_virtualenv to None, run_after=None
[2022-12-21 17:04:04,690] {processor.py:161} INFO - Processing /home/airflow/.local/lib/python3.7/site-packages/airflow/example_dags/tutorial_taskflow_api_etl_virtualenv.py took 0.098 seconds
[2022-12-21 17:04:35,168] {processor.py:153} INFO - Started process (PID=23269) to work on /home/airflow/.local/lib/python3.7/site-packages/airflow/example_dags/tutorial_taskflow_api_etl_virtualenv.py
[2022-12-21 17:04:35,168] {processor.py:641} INFO - Processing file /home/airflow/.local/lib/python3.7/site-packages/airflow/example_dags/tutorial_taskflow_api_etl_virtualenv.py for tasks to queue
[2022-12-21 17:04:35,169] {logging_mixin.py:115} INFO - [2022-12-21 17:04:35,169] {dagbag.py:507} INFO - Filling up the DagBag from /home/airflow/.local/lib/python3.7/site-packages/airflow/example_dags/tutorial_taskflow_api_etl_virtualenv.py
[2022-12-21 17:04:35,182] {processor.py:651} INFO - DAG(s) dict_keys(['tutorial_taskflow_api_etl_virtualenv']) retrieved from /home/airflow/.local/lib/python3.7/site-packages/airflow/example_dags/tutorial_taskflow_api_etl_virtualenv.py
[2022-12-21 17:04:35,240] {logging_mixin.py:115} INFO - [2022-12-21 17:04:35,239] {dag.py:2371} INFO - Sync 1 DAGs
[2022-12-21 17:04:35,258] {logging_mixin.py:115} INFO - [2022-12-21 17:04:35,258] {dag.py:2919} INFO - Setting next_dagrun for tutorial_taskflow_api_etl_virtualenv to None, run_after=None
[2022-12-21 17:04:35,271] {processor.py:161} INFO - Processing /home/airflow/.local/lib/python3.7/site-packages/airflow/example_dags/tutorial_taskflow_api_etl_virtualenv.py took 0.107 seconds
[2022-12-21 17:05:05,699] {processor.py:153} INFO - Started process (PID=23335) to work on /home/airflow/.local/lib/python3.7/site-packages/airflow/example_dags/tutorial_taskflow_api_etl_virtualenv.py
[2022-12-21 17:05:05,700] {processor.py:641} INFO - Processing file /home/airflow/.local/lib/python3.7/site-packages/airflow/example_dags/tutorial_taskflow_api_etl_virtualenv.py for tasks to queue
[2022-12-21 17:05:05,700] {logging_mixin.py:115} INFO - [2022-12-21 17:05:05,700] {dagbag.py:507} INFO - Filling up the DagBag from /home/airflow/.local/lib/python3.7/site-packages/airflow/example_dags/tutorial_taskflow_api_etl_virtualenv.py
[2022-12-21 17:05:05,712] {processor.py:651} INFO - DAG(s) dict_keys(['tutorial_taskflow_api_etl_virtualenv']) retrieved from /home/airflow/.local/lib/python3.7/site-packages/airflow/example_dags/tutorial_taskflow_api_etl_virtualenv.py
[2022-12-21 17:05:05,767] {logging_mixin.py:115} INFO - [2022-12-21 17:05:05,767] {dag.py:2371} INFO - Sync 1 DAGs
[2022-12-21 17:05:05,784] {logging_mixin.py:115} INFO - [2022-12-21 17:05:05,783] {dag.py:2919} INFO - Setting next_dagrun for tutorial_taskflow_api_etl_virtualenv to None, run_after=None
[2022-12-21 17:05:05,796] {processor.py:161} INFO - Processing /home/airflow/.local/lib/python3.7/site-packages/airflow/example_dags/tutorial_taskflow_api_etl_virtualenv.py took 0.100 seconds
[2022-12-21 17:05:36,359] {processor.py:153} INFO - Started process (PID=23391) to work on /home/airflow/.local/lib/python3.7/site-packages/airflow/example_dags/tutorial_taskflow_api_etl_virtualenv.py
[2022-12-21 17:05:36,359] {processor.py:641} INFO - Processing file /home/airflow/.local/lib/python3.7/site-packages/airflow/example_dags/tutorial_taskflow_api_etl_virtualenv.py for tasks to queue
[2022-12-21 17:05:36,360] {logging_mixin.py:115} INFO - [2022-12-21 17:05:36,360] {dagbag.py:507} INFO - Filling up the DagBag from /home/airflow/.local/lib/python3.7/site-packages/airflow/example_dags/tutorial_taskflow_api_etl_virtualenv.py
[2022-12-21 17:05:36,372] {processor.py:651} INFO - DAG(s) dict_keys(['tutorial_taskflow_api_etl_virtualenv']) retrieved from /home/airflow/.local/lib/python3.7/site-packages/airflow/example_dags/tutorial_taskflow_api_etl_virtualenv.py
[2022-12-21 17:05:36,426] {logging_mixin.py:115} INFO - [2022-12-21 17:05:36,426] {dag.py:2371} INFO - Sync 1 DAGs
[2022-12-21 17:05:36,442] {logging_mixin.py:115} INFO - [2022-12-21 17:05:36,442] {dag.py:2919} INFO - Setting next_dagrun for tutorial_taskflow_api_etl_virtualenv to None, run_after=None
[2022-12-21 17:05:36,454] {processor.py:161} INFO - Processing /home/airflow/.local/lib/python3.7/site-packages/airflow/example_dags/tutorial_taskflow_api_etl_virtualenv.py took 0.098 seconds
[2022-12-21 17:06:07,317] {processor.py:153} INFO - Started process (PID=23458) to work on /home/airflow/.local/lib/python3.7/site-packages/airflow/example_dags/tutorial_taskflow_api_etl_virtualenv.py
[2022-12-21 17:06:07,318] {processor.py:641} INFO - Processing file /home/airflow/.local/lib/python3.7/site-packages/airflow/example_dags/tutorial_taskflow_api_etl_virtualenv.py for tasks to queue
[2022-12-21 17:06:07,319] {logging_mixin.py:115} INFO - [2022-12-21 17:06:07,318] {dagbag.py:507} INFO - Filling up the DagBag from /home/airflow/.local/lib/python3.7/site-packages/airflow/example_dags/tutorial_taskflow_api_etl_virtualenv.py
[2022-12-21 17:06:07,333] {processor.py:651} INFO - DAG(s) dict_keys(['tutorial_taskflow_api_etl_virtualenv']) retrieved from /home/airflow/.local/lib/python3.7/site-packages/airflow/example_dags/tutorial_taskflow_api_etl_virtualenv.py
[2022-12-21 17:06:07,394] {logging_mixin.py:115} INFO - [2022-12-21 17:06:07,394] {dag.py:2371} INFO - Sync 1 DAGs
[2022-12-21 17:06:07,413] {logging_mixin.py:115} INFO - [2022-12-21 17:06:07,413] {dag.py:2919} INFO - Setting next_dagrun for tutorial_taskflow_api_etl_virtualenv to None, run_after=None
[2022-12-21 17:06:07,425] {processor.py:161} INFO - Processing /home/airflow/.local/lib/python3.7/site-packages/airflow/example_dags/tutorial_taskflow_api_etl_virtualenv.py took 0.110 seconds
[2022-12-21 17:06:37,861] {processor.py:153} INFO - Started process (PID=23525) to work on /home/airflow/.local/lib/python3.7/site-packages/airflow/example_dags/tutorial_taskflow_api_etl_virtualenv.py
[2022-12-21 17:06:37,861] {processor.py:641} INFO - Processing file /home/airflow/.local/lib/python3.7/site-packages/airflow/example_dags/tutorial_taskflow_api_etl_virtualenv.py for tasks to queue
[2022-12-21 17:06:37,862] {logging_mixin.py:115} INFO - [2022-12-21 17:06:37,862] {dagbag.py:507} INFO - Filling up the DagBag from /home/airflow/.local/lib/python3.7/site-packages/airflow/example_dags/tutorial_taskflow_api_etl_virtualenv.py
[2022-12-21 17:06:37,873] {processor.py:651} INFO - DAG(s) dict_keys(['tutorial_taskflow_api_etl_virtualenv']) retrieved from /home/airflow/.local/lib/python3.7/site-packages/airflow/example_dags/tutorial_taskflow_api_etl_virtualenv.py
[2022-12-21 17:06:37,933] {logging_mixin.py:115} INFO - [2022-12-21 17:06:37,933] {dag.py:2371} INFO - Sync 1 DAGs
[2022-12-21 17:06:37,951] {logging_mixin.py:115} INFO - [2022-12-21 17:06:37,951] {dag.py:2919} INFO - Setting next_dagrun for tutorial_taskflow_api_etl_virtualenv to None, run_after=None
[2022-12-21 17:06:37,961] {processor.py:161} INFO - Processing /home/airflow/.local/lib/python3.7/site-packages/airflow/example_dags/tutorial_taskflow_api_etl_virtualenv.py took 0.104 seconds
[2022-12-21 17:07:08,381] {processor.py:153} INFO - Started process (PID=23591) to work on /home/airflow/.local/lib/python3.7/site-packages/airflow/example_dags/tutorial_taskflow_api_etl_virtualenv.py
[2022-12-21 17:07:08,382] {processor.py:641} INFO - Processing file /home/airflow/.local/lib/python3.7/site-packages/airflow/example_dags/tutorial_taskflow_api_etl_virtualenv.py for tasks to queue
[2022-12-21 17:07:08,382] {logging_mixin.py:115} INFO - [2022-12-21 17:07:08,382] {dagbag.py:507} INFO - Filling up the DagBag from /home/airflow/.local/lib/python3.7/site-packages/airflow/example_dags/tutorial_taskflow_api_etl_virtualenv.py
[2022-12-21 17:07:08,396] {processor.py:651} INFO - DAG(s) dict_keys(['tutorial_taskflow_api_etl_virtualenv']) retrieved from /home/airflow/.local/lib/python3.7/site-packages/airflow/example_dags/tutorial_taskflow_api_etl_virtualenv.py
[2022-12-21 17:07:08,453] {logging_mixin.py:115} INFO - [2022-12-21 17:07:08,453] {dag.py:2371} INFO - Sync 1 DAGs
[2022-12-21 17:07:08,468] {logging_mixin.py:115} INFO - [2022-12-21 17:07:08,468] {dag.py:2919} INFO - Setting next_dagrun for tutorial_taskflow_api_etl_virtualenv to None, run_after=None
[2022-12-21 17:07:08,480] {processor.py:161} INFO - Processing /home/airflow/.local/lib/python3.7/site-packages/airflow/example_dags/tutorial_taskflow_api_etl_virtualenv.py took 0.102 seconds
[2022-12-21 17:07:38,968] {processor.py:153} INFO - Started process (PID=23647) to work on /home/airflow/.local/lib/python3.7/site-packages/airflow/example_dags/tutorial_taskflow_api_etl_virtualenv.py
[2022-12-21 17:07:38,968] {processor.py:641} INFO - Processing file /home/airflow/.local/lib/python3.7/site-packages/airflow/example_dags/tutorial_taskflow_api_etl_virtualenv.py for tasks to queue
[2022-12-21 17:07:38,969] {logging_mixin.py:115} INFO - [2022-12-21 17:07:38,969] {dagbag.py:507} INFO - Filling up the DagBag from /home/airflow/.local/lib/python3.7/site-packages/airflow/example_dags/tutorial_taskflow_api_etl_virtualenv.py
[2022-12-21 17:07:38,984] {processor.py:651} INFO - DAG(s) dict_keys(['tutorial_taskflow_api_etl_virtualenv']) retrieved from /home/airflow/.local/lib/python3.7/site-packages/airflow/example_dags/tutorial_taskflow_api_etl_virtualenv.py
[2022-12-21 17:07:39,035] {logging_mixin.py:115} INFO - [2022-12-21 17:07:39,035] {dag.py:2371} INFO - Sync 1 DAGs
[2022-12-21 17:07:39,050] {logging_mixin.py:115} INFO - [2022-12-21 17:07:39,050] {dag.py:2919} INFO - Setting next_dagrun for tutorial_taskflow_api_etl_virtualenv to None, run_after=None
[2022-12-21 17:07:39,062] {processor.py:161} INFO - Processing /home/airflow/.local/lib/python3.7/site-packages/airflow/example_dags/tutorial_taskflow_api_etl_virtualenv.py took 0.097 seconds
[2022-12-21 17:08:09,508] {processor.py:153} INFO - Started process (PID=23713) to work on /home/airflow/.local/lib/python3.7/site-packages/airflow/example_dags/tutorial_taskflow_api_etl_virtualenv.py
[2022-12-21 17:08:09,509] {processor.py:641} INFO - Processing file /home/airflow/.local/lib/python3.7/site-packages/airflow/example_dags/tutorial_taskflow_api_etl_virtualenv.py for tasks to queue
[2022-12-21 17:08:09,510] {logging_mixin.py:115} INFO - [2022-12-21 17:08:09,510] {dagbag.py:507} INFO - Filling up the DagBag from /home/airflow/.local/lib/python3.7/site-packages/airflow/example_dags/tutorial_taskflow_api_etl_virtualenv.py
[2022-12-21 17:08:09,527] {processor.py:651} INFO - DAG(s) dict_keys(['tutorial_taskflow_api_etl_virtualenv']) retrieved from /home/airflow/.local/lib/python3.7/site-packages/airflow/example_dags/tutorial_taskflow_api_etl_virtualenv.py
[2022-12-21 17:08:09,588] {logging_mixin.py:115} INFO - [2022-12-21 17:08:09,588] {dag.py:2371} INFO - Sync 1 DAGs
[2022-12-21 17:08:09,606] {logging_mixin.py:115} INFO - [2022-12-21 17:08:09,606] {dag.py:2919} INFO - Setting next_dagrun for tutorial_taskflow_api_etl_virtualenv to None, run_after=None
[2022-12-21 17:08:09,617] {processor.py:161} INFO - Processing /home/airflow/.local/lib/python3.7/site-packages/airflow/example_dags/tutorial_taskflow_api_etl_virtualenv.py took 0.112 seconds
[2022-12-21 17:08:40,122] {processor.py:153} INFO - Started process (PID=23780) to work on /home/airflow/.local/lib/python3.7/site-packages/airflow/example_dags/tutorial_taskflow_api_etl_virtualenv.py
[2022-12-21 17:08:40,122] {processor.py:641} INFO - Processing file /home/airflow/.local/lib/python3.7/site-packages/airflow/example_dags/tutorial_taskflow_api_etl_virtualenv.py for tasks to queue
[2022-12-21 17:08:40,123] {logging_mixin.py:115} INFO - [2022-12-21 17:08:40,122] {dagbag.py:507} INFO - Filling up the DagBag from /home/airflow/.local/lib/python3.7/site-packages/airflow/example_dags/tutorial_taskflow_api_etl_virtualenv.py
[2022-12-21 17:08:40,138] {processor.py:651} INFO - DAG(s) dict_keys(['tutorial_taskflow_api_etl_virtualenv']) retrieved from /home/airflow/.local/lib/python3.7/site-packages/airflow/example_dags/tutorial_taskflow_api_etl_virtualenv.py
[2022-12-21 17:08:40,202] {logging_mixin.py:115} INFO - [2022-12-21 17:08:40,202] {dag.py:2371} INFO - Sync 1 DAGs
[2022-12-21 17:08:40,222] {logging_mixin.py:115} INFO - [2022-12-21 17:08:40,222] {dag.py:2919} INFO - Setting next_dagrun for tutorial_taskflow_api_etl_virtualenv to None, run_after=None
[2022-12-21 17:08:40,235] {processor.py:161} INFO - Processing /home/airflow/.local/lib/python3.7/site-packages/airflow/example_dags/tutorial_taskflow_api_etl_virtualenv.py took 0.116 seconds
[2022-12-21 17:09:10,750] {processor.py:153} INFO - Started process (PID=23837) to work on /home/airflow/.local/lib/python3.7/site-packages/airflow/example_dags/tutorial_taskflow_api_etl_virtualenv.py
[2022-12-21 17:09:10,751] {processor.py:641} INFO - Processing file /home/airflow/.local/lib/python3.7/site-packages/airflow/example_dags/tutorial_taskflow_api_etl_virtualenv.py for tasks to queue
[2022-12-21 17:09:10,752] {logging_mixin.py:115} INFO - [2022-12-21 17:09:10,752] {dagbag.py:507} INFO - Filling up the DagBag from /home/airflow/.local/lib/python3.7/site-packages/airflow/example_dags/tutorial_taskflow_api_etl_virtualenv.py
[2022-12-21 17:09:10,763] {processor.py:651} INFO - DAG(s) dict_keys(['tutorial_taskflow_api_etl_virtualenv']) retrieved from /home/airflow/.local/lib/python3.7/site-packages/airflow/example_dags/tutorial_taskflow_api_etl_virtualenv.py
[2022-12-21 17:09:10,815] {logging_mixin.py:115} INFO - [2022-12-21 17:09:10,815] {dag.py:2371} INFO - Sync 1 DAGs
[2022-12-21 17:09:10,830] {logging_mixin.py:115} INFO - [2022-12-21 17:09:10,830] {dag.py:2919} INFO - Setting next_dagrun for tutorial_taskflow_api_etl_virtualenv to None, run_after=None
[2022-12-21 17:09:10,841] {processor.py:161} INFO - Processing /home/airflow/.local/lib/python3.7/site-packages/airflow/example_dags/tutorial_taskflow_api_etl_virtualenv.py took 0.094 seconds
[2022-12-21 17:09:41,522] {processor.py:153} INFO - Started process (PID=23904) to work on /home/airflow/.local/lib/python3.7/site-packages/airflow/example_dags/tutorial_taskflow_api_etl_virtualenv.py
[2022-12-21 17:09:41,522] {processor.py:641} INFO - Processing file /home/airflow/.local/lib/python3.7/site-packages/airflow/example_dags/tutorial_taskflow_api_etl_virtualenv.py for tasks to queue
[2022-12-21 17:09:41,523] {logging_mixin.py:115} INFO - [2022-12-21 17:09:41,522] {dagbag.py:507} INFO - Filling up the DagBag from /home/airflow/.local/lib/python3.7/site-packages/airflow/example_dags/tutorial_taskflow_api_etl_virtualenv.py
[2022-12-21 17:09:41,540] {processor.py:651} INFO - DAG(s) dict_keys(['tutorial_taskflow_api_etl_virtualenv']) retrieved from /home/airflow/.local/lib/python3.7/site-packages/airflow/example_dags/tutorial_taskflow_api_etl_virtualenv.py
[2022-12-21 17:09:41,595] {logging_mixin.py:115} INFO - [2022-12-21 17:09:41,595] {dag.py:2371} INFO - Sync 1 DAGs
[2022-12-21 17:09:41,610] {logging_mixin.py:115} INFO - [2022-12-21 17:09:41,609] {dag.py:2919} INFO - Setting next_dagrun for tutorial_taskflow_api_etl_virtualenv to None, run_after=None
[2022-12-21 17:09:41,620] {processor.py:161} INFO - Processing /home/airflow/.local/lib/python3.7/site-packages/airflow/example_dags/tutorial_taskflow_api_etl_virtualenv.py took 0.101 seconds
[2022-12-21 17:10:12,258] {processor.py:153} INFO - Started process (PID=23971) to work on /home/airflow/.local/lib/python3.7/site-packages/airflow/example_dags/tutorial_taskflow_api_etl_virtualenv.py
[2022-12-21 17:10:12,258] {processor.py:641} INFO - Processing file /home/airflow/.local/lib/python3.7/site-packages/airflow/example_dags/tutorial_taskflow_api_etl_virtualenv.py for tasks to queue
[2022-12-21 17:10:12,259] {logging_mixin.py:115} INFO - [2022-12-21 17:10:12,259] {dagbag.py:507} INFO - Filling up the DagBag from /home/airflow/.local/lib/python3.7/site-packages/airflow/example_dags/tutorial_taskflow_api_etl_virtualenv.py
[2022-12-21 17:10:12,273] {processor.py:651} INFO - DAG(s) dict_keys(['tutorial_taskflow_api_etl_virtualenv']) retrieved from /home/airflow/.local/lib/python3.7/site-packages/airflow/example_dags/tutorial_taskflow_api_etl_virtualenv.py
[2022-12-21 17:10:12,330] {logging_mixin.py:115} INFO - [2022-12-21 17:10:12,330] {dag.py:2371} INFO - Sync 1 DAGs
[2022-12-21 17:10:12,346] {logging_mixin.py:115} INFO - [2022-12-21 17:10:12,346] {dag.py:2919} INFO - Setting next_dagrun for tutorial_taskflow_api_etl_virtualenv to None, run_after=None
[2022-12-21 17:10:12,357] {processor.py:161} INFO - Processing /home/airflow/.local/lib/python3.7/site-packages/airflow/example_dags/tutorial_taskflow_api_etl_virtualenv.py took 0.101 seconds
[2022-12-21 17:10:42,798] {processor.py:153} INFO - Started process (PID=24038) to work on /home/airflow/.local/lib/python3.7/site-packages/airflow/example_dags/tutorial_taskflow_api_etl_virtualenv.py
[2022-12-21 17:10:42,799] {processor.py:641} INFO - Processing file /home/airflow/.local/lib/python3.7/site-packages/airflow/example_dags/tutorial_taskflow_api_etl_virtualenv.py for tasks to queue
[2022-12-21 17:10:42,799] {logging_mixin.py:115} INFO - [2022-12-21 17:10:42,799] {dagbag.py:507} INFO - Filling up the DagBag from /home/airflow/.local/lib/python3.7/site-packages/airflow/example_dags/tutorial_taskflow_api_etl_virtualenv.py
[2022-12-21 17:10:42,818] {processor.py:651} INFO - DAG(s) dict_keys(['tutorial_taskflow_api_etl_virtualenv']) retrieved from /home/airflow/.local/lib/python3.7/site-packages/airflow/example_dags/tutorial_taskflow_api_etl_virtualenv.py
[2022-12-21 17:10:42,869] {logging_mixin.py:115} INFO - [2022-12-21 17:10:42,869] {dag.py:2371} INFO - Sync 1 DAGs
[2022-12-21 17:10:42,885] {logging_mixin.py:115} INFO - [2022-12-21 17:10:42,885] {dag.py:2919} INFO - Setting next_dagrun for tutorial_taskflow_api_etl_virtualenv to None, run_after=None
[2022-12-21 17:10:42,895] {processor.py:161} INFO - Processing /home/airflow/.local/lib/python3.7/site-packages/airflow/example_dags/tutorial_taskflow_api_etl_virtualenv.py took 0.100 seconds
[2022-12-21 17:11:13,413] {processor.py:153} INFO - Started process (PID=24094) to work on /home/airflow/.local/lib/python3.7/site-packages/airflow/example_dags/tutorial_taskflow_api_etl_virtualenv.py
[2022-12-21 17:11:13,414] {processor.py:641} INFO - Processing file /home/airflow/.local/lib/python3.7/site-packages/airflow/example_dags/tutorial_taskflow_api_etl_virtualenv.py for tasks to queue
[2022-12-21 17:11:13,414] {logging_mixin.py:115} INFO - [2022-12-21 17:11:13,414] {dagbag.py:507} INFO - Filling up the DagBag from /home/airflow/.local/lib/python3.7/site-packages/airflow/example_dags/tutorial_taskflow_api_etl_virtualenv.py
[2022-12-21 17:11:13,430] {processor.py:651} INFO - DAG(s) dict_keys(['tutorial_taskflow_api_etl_virtualenv']) retrieved from /home/airflow/.local/lib/python3.7/site-packages/airflow/example_dags/tutorial_taskflow_api_etl_virtualenv.py
[2022-12-21 17:11:13,495] {logging_mixin.py:115} INFO - [2022-12-21 17:11:13,494] {dag.py:2371} INFO - Sync 1 DAGs
[2022-12-21 17:11:13,514] {logging_mixin.py:115} INFO - [2022-12-21 17:11:13,514] {dag.py:2919} INFO - Setting next_dagrun for tutorial_taskflow_api_etl_virtualenv to None, run_after=None
[2022-12-21 17:11:13,526] {processor.py:161} INFO - Processing /home/airflow/.local/lib/python3.7/site-packages/airflow/example_dags/tutorial_taskflow_api_etl_virtualenv.py took 0.116 seconds
[2022-12-21 17:11:44,051] {processor.py:153} INFO - Started process (PID=24160) to work on /home/airflow/.local/lib/python3.7/site-packages/airflow/example_dags/tutorial_taskflow_api_etl_virtualenv.py
[2022-12-21 17:11:44,051] {processor.py:641} INFO - Processing file /home/airflow/.local/lib/python3.7/site-packages/airflow/example_dags/tutorial_taskflow_api_etl_virtualenv.py for tasks to queue
[2022-12-21 17:11:44,052] {logging_mixin.py:115} INFO - [2022-12-21 17:11:44,052] {dagbag.py:507} INFO - Filling up the DagBag from /home/airflow/.local/lib/python3.7/site-packages/airflow/example_dags/tutorial_taskflow_api_etl_virtualenv.py
[2022-12-21 17:11:44,069] {processor.py:651} INFO - DAG(s) dict_keys(['tutorial_taskflow_api_etl_virtualenv']) retrieved from /home/airflow/.local/lib/python3.7/site-packages/airflow/example_dags/tutorial_taskflow_api_etl_virtualenv.py
[2022-12-21 17:11:44,123] {logging_mixin.py:115} INFO - [2022-12-21 17:11:44,122] {dag.py:2371} INFO - Sync 1 DAGs
[2022-12-21 17:11:44,140] {logging_mixin.py:115} INFO - [2022-12-21 17:11:44,140] {dag.py:2919} INFO - Setting next_dagrun for tutorial_taskflow_api_etl_virtualenv to None, run_after=None
[2022-12-21 17:11:44,150] {processor.py:161} INFO - Processing /home/airflow/.local/lib/python3.7/site-packages/airflow/example_dags/tutorial_taskflow_api_etl_virtualenv.py took 0.103 seconds
[2022-12-21 17:12:14,665] {processor.py:153} INFO - Started process (PID=24226) to work on /home/airflow/.local/lib/python3.7/site-packages/airflow/example_dags/tutorial_taskflow_api_etl_virtualenv.py
[2022-12-21 17:12:14,665] {processor.py:641} INFO - Processing file /home/airflow/.local/lib/python3.7/site-packages/airflow/example_dags/tutorial_taskflow_api_etl_virtualenv.py for tasks to queue
[2022-12-21 17:12:14,666] {logging_mixin.py:115} INFO - [2022-12-21 17:12:14,666] {dagbag.py:507} INFO - Filling up the DagBag from /home/airflow/.local/lib/python3.7/site-packages/airflow/example_dags/tutorial_taskflow_api_etl_virtualenv.py
[2022-12-21 17:12:14,677] {processor.py:651} INFO - DAG(s) dict_keys(['tutorial_taskflow_api_etl_virtualenv']) retrieved from /home/airflow/.local/lib/python3.7/site-packages/airflow/example_dags/tutorial_taskflow_api_etl_virtualenv.py
[2022-12-21 17:12:14,738] {logging_mixin.py:115} INFO - [2022-12-21 17:12:14,738] {dag.py:2371} INFO - Sync 1 DAGs
[2022-12-21 17:12:14,759] {logging_mixin.py:115} INFO - [2022-12-21 17:12:14,759] {dag.py:2919} INFO - Setting next_dagrun for tutorial_taskflow_api_etl_virtualenv to None, run_after=None
[2022-12-21 17:12:14,771] {processor.py:161} INFO - Processing /home/airflow/.local/lib/python3.7/site-packages/airflow/example_dags/tutorial_taskflow_api_etl_virtualenv.py took 0.109 seconds
[2022-12-21 17:12:45,189] {processor.py:153} INFO - Started process (PID=24293) to work on /home/airflow/.local/lib/python3.7/site-packages/airflow/example_dags/tutorial_taskflow_api_etl_virtualenv.py
[2022-12-21 17:12:45,189] {processor.py:641} INFO - Processing file /home/airflow/.local/lib/python3.7/site-packages/airflow/example_dags/tutorial_taskflow_api_etl_virtualenv.py for tasks to queue
[2022-12-21 17:12:45,189] {logging_mixin.py:115} INFO - [2022-12-21 17:12:45,189] {dagbag.py:507} INFO - Filling up the DagBag from /home/airflow/.local/lib/python3.7/site-packages/airflow/example_dags/tutorial_taskflow_api_etl_virtualenv.py
[2022-12-21 17:12:45,203] {processor.py:651} INFO - DAG(s) dict_keys(['tutorial_taskflow_api_etl_virtualenv']) retrieved from /home/airflow/.local/lib/python3.7/site-packages/airflow/example_dags/tutorial_taskflow_api_etl_virtualenv.py
[2022-12-21 17:12:45,255] {logging_mixin.py:115} INFO - [2022-12-21 17:12:45,255] {dag.py:2371} INFO - Sync 1 DAGs
[2022-12-21 17:12:45,274] {logging_mixin.py:115} INFO - [2022-12-21 17:12:45,273] {dag.py:2919} INFO - Setting next_dagrun for tutorial_taskflow_api_etl_virtualenv to None, run_after=None
[2022-12-21 17:12:45,285] {processor.py:161} INFO - Processing /home/airflow/.local/lib/python3.7/site-packages/airflow/example_dags/tutorial_taskflow_api_etl_virtualenv.py took 0.099 seconds
[2022-12-21 17:13:15,639] {processor.py:153} INFO - Started process (PID=24349) to work on /home/airflow/.local/lib/python3.7/site-packages/airflow/example_dags/tutorial_taskflow_api_etl_virtualenv.py
[2022-12-21 17:13:15,640] {processor.py:641} INFO - Processing file /home/airflow/.local/lib/python3.7/site-packages/airflow/example_dags/tutorial_taskflow_api_etl_virtualenv.py for tasks to queue
[2022-12-21 17:13:15,640] {logging_mixin.py:115} INFO - [2022-12-21 17:13:15,640] {dagbag.py:507} INFO - Filling up the DagBag from /home/airflow/.local/lib/python3.7/site-packages/airflow/example_dags/tutorial_taskflow_api_etl_virtualenv.py
[2022-12-21 17:13:15,657] {processor.py:651} INFO - DAG(s) dict_keys(['tutorial_taskflow_api_etl_virtualenv']) retrieved from /home/airflow/.local/lib/python3.7/site-packages/airflow/example_dags/tutorial_taskflow_api_etl_virtualenv.py
[2022-12-21 17:13:15,714] {logging_mixin.py:115} INFO - [2022-12-21 17:13:15,713] {dag.py:2371} INFO - Sync 1 DAGs
[2022-12-21 17:13:15,731] {logging_mixin.py:115} INFO - [2022-12-21 17:13:15,730] {dag.py:2919} INFO - Setting next_dagrun for tutorial_taskflow_api_etl_virtualenv to None, run_after=None
[2022-12-21 17:13:15,741] {processor.py:161} INFO - Processing /home/airflow/.local/lib/python3.7/site-packages/airflow/example_dags/tutorial_taskflow_api_etl_virtualenv.py took 0.105 seconds
[2022-12-21 17:13:46,263] {processor.py:153} INFO - Started process (PID=24415) to work on /home/airflow/.local/lib/python3.7/site-packages/airflow/example_dags/tutorial_taskflow_api_etl_virtualenv.py
[2022-12-21 17:13:46,263] {processor.py:641} INFO - Processing file /home/airflow/.local/lib/python3.7/site-packages/airflow/example_dags/tutorial_taskflow_api_etl_virtualenv.py for tasks to queue
[2022-12-21 17:13:46,264] {logging_mixin.py:115} INFO - [2022-12-21 17:13:46,264] {dagbag.py:507} INFO - Filling up the DagBag from /home/airflow/.local/lib/python3.7/site-packages/airflow/example_dags/tutorial_taskflow_api_etl_virtualenv.py
[2022-12-21 17:13:46,275] {processor.py:651} INFO - DAG(s) dict_keys(['tutorial_taskflow_api_etl_virtualenv']) retrieved from /home/airflow/.local/lib/python3.7/site-packages/airflow/example_dags/tutorial_taskflow_api_etl_virtualenv.py
[2022-12-21 17:13:46,331] {logging_mixin.py:115} INFO - [2022-12-21 17:13:46,331] {dag.py:2371} INFO - Sync 1 DAGs
[2022-12-21 17:13:46,347] {logging_mixin.py:115} INFO - [2022-12-21 17:13:46,347] {dag.py:2919} INFO - Setting next_dagrun for tutorial_taskflow_api_etl_virtualenv to None, run_after=None
[2022-12-21 17:13:46,358] {processor.py:161} INFO - Processing /home/airflow/.local/lib/python3.7/site-packages/airflow/example_dags/tutorial_taskflow_api_etl_virtualenv.py took 0.098 seconds
[2022-12-21 17:14:16,919] {processor.py:153} INFO - Started process (PID=24482) to work on /home/airflow/.local/lib/python3.7/site-packages/airflow/example_dags/tutorial_taskflow_api_etl_virtualenv.py
[2022-12-21 17:14:16,920] {processor.py:641} INFO - Processing file /home/airflow/.local/lib/python3.7/site-packages/airflow/example_dags/tutorial_taskflow_api_etl_virtualenv.py for tasks to queue
[2022-12-21 17:14:16,920] {logging_mixin.py:115} INFO - [2022-12-21 17:14:16,920] {dagbag.py:507} INFO - Filling up the DagBag from /home/airflow/.local/lib/python3.7/site-packages/airflow/example_dags/tutorial_taskflow_api_etl_virtualenv.py
[2022-12-21 17:14:16,934] {processor.py:651} INFO - DAG(s) dict_keys(['tutorial_taskflow_api_etl_virtualenv']) retrieved from /home/airflow/.local/lib/python3.7/site-packages/airflow/example_dags/tutorial_taskflow_api_etl_virtualenv.py
[2022-12-21 17:14:16,994] {logging_mixin.py:115} INFO - [2022-12-21 17:14:16,993] {dag.py:2371} INFO - Sync 1 DAGs
[2022-12-21 17:14:17,013] {logging_mixin.py:115} INFO - [2022-12-21 17:14:17,013] {dag.py:2919} INFO - Setting next_dagrun for tutorial_taskflow_api_etl_virtualenv to None, run_after=None
[2022-12-21 17:14:17,024] {processor.py:161} INFO - Processing /home/airflow/.local/lib/python3.7/site-packages/airflow/example_dags/tutorial_taskflow_api_etl_virtualenv.py took 0.107 seconds
[2022-12-21 17:14:47,745] {processor.py:153} INFO - Started process (PID=24548) to work on /home/airflow/.local/lib/python3.7/site-packages/airflow/example_dags/tutorial_taskflow_api_etl_virtualenv.py
[2022-12-21 17:14:47,746] {processor.py:641} INFO - Processing file /home/airflow/.local/lib/python3.7/site-packages/airflow/example_dags/tutorial_taskflow_api_etl_virtualenv.py for tasks to queue
[2022-12-21 17:14:47,747] {logging_mixin.py:115} INFO - [2022-12-21 17:14:47,747] {dagbag.py:507} INFO - Filling up the DagBag from /home/airflow/.local/lib/python3.7/site-packages/airflow/example_dags/tutorial_taskflow_api_etl_virtualenv.py
[2022-12-21 17:14:47,758] {processor.py:651} INFO - DAG(s) dict_keys(['tutorial_taskflow_api_etl_virtualenv']) retrieved from /home/airflow/.local/lib/python3.7/site-packages/airflow/example_dags/tutorial_taskflow_api_etl_virtualenv.py
[2022-12-21 17:14:47,810] {logging_mixin.py:115} INFO - [2022-12-21 17:14:47,810] {dag.py:2371} INFO - Sync 1 DAGs
[2022-12-21 17:14:47,826] {logging_mixin.py:115} INFO - [2022-12-21 17:14:47,826] {dag.py:2919} INFO - Setting next_dagrun for tutorial_taskflow_api_etl_virtualenv to None, run_after=None
[2022-12-21 17:14:47,838] {processor.py:161} INFO - Processing /home/airflow/.local/lib/python3.7/site-packages/airflow/example_dags/tutorial_taskflow_api_etl_virtualenv.py took 0.096 seconds
[2022-12-21 17:15:18,318] {processor.py:153} INFO - Started process (PID=24604) to work on /home/airflow/.local/lib/python3.7/site-packages/airflow/example_dags/tutorial_taskflow_api_etl_virtualenv.py
[2022-12-21 17:15:18,319] {processor.py:641} INFO - Processing file /home/airflow/.local/lib/python3.7/site-packages/airflow/example_dags/tutorial_taskflow_api_etl_virtualenv.py for tasks to queue
[2022-12-21 17:15:18,319] {logging_mixin.py:115} INFO - [2022-12-21 17:15:18,319] {dagbag.py:507} INFO - Filling up the DagBag from /home/airflow/.local/lib/python3.7/site-packages/airflow/example_dags/tutorial_taskflow_api_etl_virtualenv.py
[2022-12-21 17:15:18,332] {processor.py:651} INFO - DAG(s) dict_keys(['tutorial_taskflow_api_etl_virtualenv']) retrieved from /home/airflow/.local/lib/python3.7/site-packages/airflow/example_dags/tutorial_taskflow_api_etl_virtualenv.py
[2022-12-21 17:15:18,378] {logging_mixin.py:115} INFO - [2022-12-21 17:15:18,378] {dag.py:2371} INFO - Sync 1 DAGs
[2022-12-21 17:15:18,392] {logging_mixin.py:115} INFO - [2022-12-21 17:15:18,392] {dag.py:2919} INFO - Setting next_dagrun for tutorial_taskflow_api_etl_virtualenv to None, run_after=None
[2022-12-21 17:15:18,402] {processor.py:161} INFO - Processing /home/airflow/.local/lib/python3.7/site-packages/airflow/example_dags/tutorial_taskflow_api_etl_virtualenv.py took 0.086 seconds
[2022-12-21 17:15:48,937] {processor.py:153} INFO - Started process (PID=24670) to work on /home/airflow/.local/lib/python3.7/site-packages/airflow/example_dags/tutorial_taskflow_api_etl_virtualenv.py
[2022-12-21 17:15:48,938] {processor.py:641} INFO - Processing file /home/airflow/.local/lib/python3.7/site-packages/airflow/example_dags/tutorial_taskflow_api_etl_virtualenv.py for tasks to queue
[2022-12-21 17:15:48,938] {logging_mixin.py:115} INFO - [2022-12-21 17:15:48,938] {dagbag.py:507} INFO - Filling up the DagBag from /home/airflow/.local/lib/python3.7/site-packages/airflow/example_dags/tutorial_taskflow_api_etl_virtualenv.py
[2022-12-21 17:15:48,951] {processor.py:651} INFO - DAG(s) dict_keys(['tutorial_taskflow_api_etl_virtualenv']) retrieved from /home/airflow/.local/lib/python3.7/site-packages/airflow/example_dags/tutorial_taskflow_api_etl_virtualenv.py
[2022-12-21 17:15:49,002] {logging_mixin.py:115} INFO - [2022-12-21 17:15:49,002] {dag.py:2371} INFO - Sync 1 DAGs
[2022-12-21 17:15:49,019] {logging_mixin.py:115} INFO - [2022-12-21 17:15:49,018] {dag.py:2919} INFO - Setting next_dagrun for tutorial_taskflow_api_etl_virtualenv to None, run_after=None
[2022-12-21 17:15:49,030] {processor.py:161} INFO - Processing /home/airflow/.local/lib/python3.7/site-packages/airflow/example_dags/tutorial_taskflow_api_etl_virtualenv.py took 0.095 seconds
[2022-12-21 17:16:19,650] {processor.py:153} INFO - Started process (PID=24736) to work on /home/airflow/.local/lib/python3.7/site-packages/airflow/example_dags/tutorial_taskflow_api_etl_virtualenv.py
[2022-12-21 17:16:19,651] {processor.py:641} INFO - Processing file /home/airflow/.local/lib/python3.7/site-packages/airflow/example_dags/tutorial_taskflow_api_etl_virtualenv.py for tasks to queue
[2022-12-21 17:16:19,652] {logging_mixin.py:115} INFO - [2022-12-21 17:16:19,652] {dagbag.py:507} INFO - Filling up the DagBag from /home/airflow/.local/lib/python3.7/site-packages/airflow/example_dags/tutorial_taskflow_api_etl_virtualenv.py
[2022-12-21 17:16:19,665] {processor.py:651} INFO - DAG(s) dict_keys(['tutorial_taskflow_api_etl_virtualenv']) retrieved from /home/airflow/.local/lib/python3.7/site-packages/airflow/example_dags/tutorial_taskflow_api_etl_virtualenv.py
[2022-12-21 17:16:19,717] {logging_mixin.py:115} INFO - [2022-12-21 17:16:19,717] {dag.py:2371} INFO - Sync 1 DAGs
[2022-12-21 17:16:19,733] {logging_mixin.py:115} INFO - [2022-12-21 17:16:19,733] {dag.py:2919} INFO - Setting next_dagrun for tutorial_taskflow_api_etl_virtualenv to None, run_after=None
[2022-12-21 17:16:19,746] {processor.py:161} INFO - Processing /home/airflow/.local/lib/python3.7/site-packages/airflow/example_dags/tutorial_taskflow_api_etl_virtualenv.py took 0.098 seconds
[2022-12-21 17:16:50,328] {processor.py:153} INFO - Started process (PID=24803) to work on /home/airflow/.local/lib/python3.7/site-packages/airflow/example_dags/tutorial_taskflow_api_etl_virtualenv.py
[2022-12-21 17:16:50,329] {processor.py:641} INFO - Processing file /home/airflow/.local/lib/python3.7/site-packages/airflow/example_dags/tutorial_taskflow_api_etl_virtualenv.py for tasks to queue
[2022-12-21 17:16:50,329] {logging_mixin.py:115} INFO - [2022-12-21 17:16:50,329] {dagbag.py:507} INFO - Filling up the DagBag from /home/airflow/.local/lib/python3.7/site-packages/airflow/example_dags/tutorial_taskflow_api_etl_virtualenv.py
[2022-12-21 17:16:50,340] {processor.py:651} INFO - DAG(s) dict_keys(['tutorial_taskflow_api_etl_virtualenv']) retrieved from /home/airflow/.local/lib/python3.7/site-packages/airflow/example_dags/tutorial_taskflow_api_etl_virtualenv.py
[2022-12-21 17:16:50,388] {logging_mixin.py:115} INFO - [2022-12-21 17:16:50,388] {dag.py:2371} INFO - Sync 1 DAGs
[2022-12-21 17:16:50,404] {logging_mixin.py:115} INFO - [2022-12-21 17:16:50,404] {dag.py:2919} INFO - Setting next_dagrun for tutorial_taskflow_api_etl_virtualenv to None, run_after=None
[2022-12-21 17:16:50,416] {processor.py:161} INFO - Processing /home/airflow/.local/lib/python3.7/site-packages/airflow/example_dags/tutorial_taskflow_api_etl_virtualenv.py took 0.091 seconds
[2022-12-21 17:17:20,982] {processor.py:153} INFO - Started process (PID=24859) to work on /home/airflow/.local/lib/python3.7/site-packages/airflow/example_dags/tutorial_taskflow_api_etl_virtualenv.py
[2022-12-21 17:17:20,983] {processor.py:641} INFO - Processing file /home/airflow/.local/lib/python3.7/site-packages/airflow/example_dags/tutorial_taskflow_api_etl_virtualenv.py for tasks to queue
[2022-12-21 17:17:20,983] {logging_mixin.py:115} INFO - [2022-12-21 17:17:20,983] {dagbag.py:507} INFO - Filling up the DagBag from /home/airflow/.local/lib/python3.7/site-packages/airflow/example_dags/tutorial_taskflow_api_etl_virtualenv.py
[2022-12-21 17:17:20,996] {processor.py:651} INFO - DAG(s) dict_keys(['tutorial_taskflow_api_etl_virtualenv']) retrieved from /home/airflow/.local/lib/python3.7/site-packages/airflow/example_dags/tutorial_taskflow_api_etl_virtualenv.py
[2022-12-21 17:17:21,050] {logging_mixin.py:115} INFO - [2022-12-21 17:17:21,050] {dag.py:2371} INFO - Sync 1 DAGs
[2022-12-21 17:17:21,064] {logging_mixin.py:115} INFO - [2022-12-21 17:17:21,063] {dag.py:2919} INFO - Setting next_dagrun for tutorial_taskflow_api_etl_virtualenv to None, run_after=None
[2022-12-21 17:17:21,074] {processor.py:161} INFO - Processing /home/airflow/.local/lib/python3.7/site-packages/airflow/example_dags/tutorial_taskflow_api_etl_virtualenv.py took 0.095 seconds
[2022-12-21 17:17:51,553] {processor.py:153} INFO - Started process (PID=24926) to work on /home/airflow/.local/lib/python3.7/site-packages/airflow/example_dags/tutorial_taskflow_api_etl_virtualenv.py
[2022-12-21 17:17:51,554] {processor.py:641} INFO - Processing file /home/airflow/.local/lib/python3.7/site-packages/airflow/example_dags/tutorial_taskflow_api_etl_virtualenv.py for tasks to queue
[2022-12-21 17:17:51,554] {logging_mixin.py:115} INFO - [2022-12-21 17:17:51,554] {dagbag.py:507} INFO - Filling up the DagBag from /home/airflow/.local/lib/python3.7/site-packages/airflow/example_dags/tutorial_taskflow_api_etl_virtualenv.py
[2022-12-21 17:17:51,568] {processor.py:651} INFO - DAG(s) dict_keys(['tutorial_taskflow_api_etl_virtualenv']) retrieved from /home/airflow/.local/lib/python3.7/site-packages/airflow/example_dags/tutorial_taskflow_api_etl_virtualenv.py
[2022-12-21 17:17:51,617] {logging_mixin.py:115} INFO - [2022-12-21 17:17:51,617] {dag.py:2371} INFO - Sync 1 DAGs
[2022-12-21 17:17:51,631] {logging_mixin.py:115} INFO - [2022-12-21 17:17:51,631] {dag.py:2919} INFO - Setting next_dagrun for tutorial_taskflow_api_etl_virtualenv to None, run_after=None
[2022-12-21 17:17:51,642] {processor.py:161} INFO - Processing /home/airflow/.local/lib/python3.7/site-packages/airflow/example_dags/tutorial_taskflow_api_etl_virtualenv.py took 0.091 seconds
[2022-12-21 17:18:22,386] {processor.py:153} INFO - Started process (PID=24996) to work on /home/airflow/.local/lib/python3.7/site-packages/airflow/example_dags/tutorial_taskflow_api_etl_virtualenv.py
[2022-12-21 17:18:22,387] {processor.py:641} INFO - Processing file /home/airflow/.local/lib/python3.7/site-packages/airflow/example_dags/tutorial_taskflow_api_etl_virtualenv.py for tasks to queue
[2022-12-21 17:18:22,387] {logging_mixin.py:115} INFO - [2022-12-21 17:18:22,387] {dagbag.py:507} INFO - Filling up the DagBag from /home/airflow/.local/lib/python3.7/site-packages/airflow/example_dags/tutorial_taskflow_api_etl_virtualenv.py
[2022-12-21 17:18:22,401] {processor.py:651} INFO - DAG(s) dict_keys(['tutorial_taskflow_api_etl_virtualenv']) retrieved from /home/airflow/.local/lib/python3.7/site-packages/airflow/example_dags/tutorial_taskflow_api_etl_virtualenv.py
[2022-12-21 17:18:22,456] {logging_mixin.py:115} INFO - [2022-12-21 17:18:22,456] {dag.py:2371} INFO - Sync 1 DAGs
[2022-12-21 17:18:22,476] {logging_mixin.py:115} INFO - [2022-12-21 17:18:22,475] {dag.py:2919} INFO - Setting next_dagrun for tutorial_taskflow_api_etl_virtualenv to None, run_after=None
[2022-12-21 17:18:22,488] {processor.py:161} INFO - Processing /home/airflow/.local/lib/python3.7/site-packages/airflow/example_dags/tutorial_taskflow_api_etl_virtualenv.py took 0.105 seconds
[2022-12-21 17:18:53,111] {processor.py:153} INFO - Started process (PID=25063) to work on /home/airflow/.local/lib/python3.7/site-packages/airflow/example_dags/tutorial_taskflow_api_etl_virtualenv.py
[2022-12-21 17:18:53,111] {processor.py:641} INFO - Processing file /home/airflow/.local/lib/python3.7/site-packages/airflow/example_dags/tutorial_taskflow_api_etl_virtualenv.py for tasks to queue
[2022-12-21 17:18:53,111] {logging_mixin.py:115} INFO - [2022-12-21 17:18:53,111] {dagbag.py:507} INFO - Filling up the DagBag from /home/airflow/.local/lib/python3.7/site-packages/airflow/example_dags/tutorial_taskflow_api_etl_virtualenv.py
[2022-12-21 17:18:53,131] {processor.py:651} INFO - DAG(s) dict_keys(['tutorial_taskflow_api_etl_virtualenv']) retrieved from /home/airflow/.local/lib/python3.7/site-packages/airflow/example_dags/tutorial_taskflow_api_etl_virtualenv.py
[2022-12-21 17:18:53,182] {logging_mixin.py:115} INFO - [2022-12-21 17:18:53,182] {dag.py:2371} INFO - Sync 1 DAGs
[2022-12-21 17:18:53,200] {logging_mixin.py:115} INFO - [2022-12-21 17:18:53,200] {dag.py:2919} INFO - Setting next_dagrun for tutorial_taskflow_api_etl_virtualenv to None, run_after=None
[2022-12-21 17:18:53,212] {processor.py:161} INFO - Processing /home/airflow/.local/lib/python3.7/site-packages/airflow/example_dags/tutorial_taskflow_api_etl_virtualenv.py took 0.105 seconds
[2022-12-21 17:19:23,877] {processor.py:153} INFO - Started process (PID=25122) to work on /home/airflow/.local/lib/python3.7/site-packages/airflow/example_dags/tutorial_taskflow_api_etl_virtualenv.py
[2022-12-21 17:19:23,878] {processor.py:641} INFO - Processing file /home/airflow/.local/lib/python3.7/site-packages/airflow/example_dags/tutorial_taskflow_api_etl_virtualenv.py for tasks to queue
[2022-12-21 17:19:23,878] {logging_mixin.py:115} INFO - [2022-12-21 17:19:23,878] {dagbag.py:507} INFO - Filling up the DagBag from /home/airflow/.local/lib/python3.7/site-packages/airflow/example_dags/tutorial_taskflow_api_etl_virtualenv.py
[2022-12-21 17:19:23,893] {processor.py:651} INFO - DAG(s) dict_keys(['tutorial_taskflow_api_etl_virtualenv']) retrieved from /home/airflow/.local/lib/python3.7/site-packages/airflow/example_dags/tutorial_taskflow_api_etl_virtualenv.py
[2022-12-21 17:19:23,942] {logging_mixin.py:115} INFO - [2022-12-21 17:19:23,941] {dag.py:2371} INFO - Sync 1 DAGs
[2022-12-21 17:19:23,961] {logging_mixin.py:115} INFO - [2022-12-21 17:19:23,961] {dag.py:2919} INFO - Setting next_dagrun for tutorial_taskflow_api_etl_virtualenv to None, run_after=None
[2022-12-21 17:19:23,975] {processor.py:161} INFO - Processing /home/airflow/.local/lib/python3.7/site-packages/airflow/example_dags/tutorial_taskflow_api_etl_virtualenv.py took 0.100 seconds
[2022-12-21 17:19:54,454] {processor.py:153} INFO - Started process (PID=25189) to work on /home/airflow/.local/lib/python3.7/site-packages/airflow/example_dags/tutorial_taskflow_api_etl_virtualenv.py
[2022-12-21 17:19:54,455] {processor.py:641} INFO - Processing file /home/airflow/.local/lib/python3.7/site-packages/airflow/example_dags/tutorial_taskflow_api_etl_virtualenv.py for tasks to queue
[2022-12-21 17:19:54,455] {logging_mixin.py:115} INFO - [2022-12-21 17:19:54,455] {dagbag.py:507} INFO - Filling up the DagBag from /home/airflow/.local/lib/python3.7/site-packages/airflow/example_dags/tutorial_taskflow_api_etl_virtualenv.py
[2022-12-21 17:19:54,467] {processor.py:651} INFO - DAG(s) dict_keys(['tutorial_taskflow_api_etl_virtualenv']) retrieved from /home/airflow/.local/lib/python3.7/site-packages/airflow/example_dags/tutorial_taskflow_api_etl_virtualenv.py
[2022-12-21 17:19:54,521] {logging_mixin.py:115} INFO - [2022-12-21 17:19:54,520] {dag.py:2371} INFO - Sync 1 DAGs
[2022-12-21 17:19:54,536] {logging_mixin.py:115} INFO - [2022-12-21 17:19:54,536] {dag.py:2919} INFO - Setting next_dagrun for tutorial_taskflow_api_etl_virtualenv to None, run_after=None
[2022-12-21 17:19:54,549] {processor.py:161} INFO - Processing /home/airflow/.local/lib/python3.7/site-packages/airflow/example_dags/tutorial_taskflow_api_etl_virtualenv.py took 0.098 seconds
[2022-12-21 17:20:25,120] {processor.py:153} INFO - Started process (PID=25255) to work on /home/airflow/.local/lib/python3.7/site-packages/airflow/example_dags/tutorial_taskflow_api_etl_virtualenv.py
[2022-12-21 17:20:25,121] {processor.py:641} INFO - Processing file /home/airflow/.local/lib/python3.7/site-packages/airflow/example_dags/tutorial_taskflow_api_etl_virtualenv.py for tasks to queue
[2022-12-21 17:20:25,121] {logging_mixin.py:115} INFO - [2022-12-21 17:20:25,121] {dagbag.py:507} INFO - Filling up the DagBag from /home/airflow/.local/lib/python3.7/site-packages/airflow/example_dags/tutorial_taskflow_api_etl_virtualenv.py
[2022-12-21 17:20:25,137] {processor.py:651} INFO - DAG(s) dict_keys(['tutorial_taskflow_api_etl_virtualenv']) retrieved from /home/airflow/.local/lib/python3.7/site-packages/airflow/example_dags/tutorial_taskflow_api_etl_virtualenv.py
[2022-12-21 17:20:25,205] {logging_mixin.py:115} INFO - [2022-12-21 17:20:25,205] {dag.py:2371} INFO - Sync 1 DAGs
[2022-12-21 17:20:25,219] {logging_mixin.py:115} INFO - [2022-12-21 17:20:25,219] {dag.py:2919} INFO - Setting next_dagrun for tutorial_taskflow_api_etl_virtualenv to None, run_after=None
[2022-12-21 17:20:25,230] {processor.py:161} INFO - Processing /home/airflow/.local/lib/python3.7/site-packages/airflow/example_dags/tutorial_taskflow_api_etl_virtualenv.py took 0.113 seconds
[2022-12-21 17:20:55,965] {processor.py:153} INFO - Started process (PID=25323) to work on /home/airflow/.local/lib/python3.7/site-packages/airflow/example_dags/tutorial_taskflow_api_etl_virtualenv.py
[2022-12-21 17:20:55,965] {processor.py:641} INFO - Processing file /home/airflow/.local/lib/python3.7/site-packages/airflow/example_dags/tutorial_taskflow_api_etl_virtualenv.py for tasks to queue
[2022-12-21 17:20:55,966] {logging_mixin.py:115} INFO - [2022-12-21 17:20:55,966] {dagbag.py:507} INFO - Filling up the DagBag from /home/airflow/.local/lib/python3.7/site-packages/airflow/example_dags/tutorial_taskflow_api_etl_virtualenv.py
[2022-12-21 17:20:55,981] {processor.py:651} INFO - DAG(s) dict_keys(['tutorial_taskflow_api_etl_virtualenv']) retrieved from /home/airflow/.local/lib/python3.7/site-packages/airflow/example_dags/tutorial_taskflow_api_etl_virtualenv.py
[2022-12-21 17:20:56,030] {logging_mixin.py:115} INFO - [2022-12-21 17:20:56,030] {dag.py:2371} INFO - Sync 1 DAGs
[2022-12-21 17:20:56,043] {logging_mixin.py:115} INFO - [2022-12-21 17:20:56,043] {dag.py:2919} INFO - Setting next_dagrun for tutorial_taskflow_api_etl_virtualenv to None, run_after=None
[2022-12-21 17:20:56,054] {processor.py:161} INFO - Processing /home/airflow/.local/lib/python3.7/site-packages/airflow/example_dags/tutorial_taskflow_api_etl_virtualenv.py took 0.092 seconds
[2022-12-21 17:21:26,411] {processor.py:153} INFO - Started process (PID=25379) to work on /home/airflow/.local/lib/python3.7/site-packages/airflow/example_dags/tutorial_taskflow_api_etl_virtualenv.py
[2022-12-21 17:21:26,412] {processor.py:641} INFO - Processing file /home/airflow/.local/lib/python3.7/site-packages/airflow/example_dags/tutorial_taskflow_api_etl_virtualenv.py for tasks to queue
[2022-12-21 17:21:26,412] {logging_mixin.py:115} INFO - [2022-12-21 17:21:26,412] {dagbag.py:507} INFO - Filling up the DagBag from /home/airflow/.local/lib/python3.7/site-packages/airflow/example_dags/tutorial_taskflow_api_etl_virtualenv.py
[2022-12-21 17:21:26,426] {processor.py:651} INFO - DAG(s) dict_keys(['tutorial_taskflow_api_etl_virtualenv']) retrieved from /home/airflow/.local/lib/python3.7/site-packages/airflow/example_dags/tutorial_taskflow_api_etl_virtualenv.py
[2022-12-21 17:21:26,483] {logging_mixin.py:115} INFO - [2022-12-21 17:21:26,483] {dag.py:2371} INFO - Sync 1 DAGs
[2022-12-21 17:21:26,500] {logging_mixin.py:115} INFO - [2022-12-21 17:21:26,500] {dag.py:2919} INFO - Setting next_dagrun for tutorial_taskflow_api_etl_virtualenv to None, run_after=None
[2022-12-21 17:21:26,513] {processor.py:161} INFO - Processing /home/airflow/.local/lib/python3.7/site-packages/airflow/example_dags/tutorial_taskflow_api_etl_virtualenv.py took 0.105 seconds
[2022-12-21 17:21:56,903] {processor.py:153} INFO - Started process (PID=25445) to work on /home/airflow/.local/lib/python3.7/site-packages/airflow/example_dags/tutorial_taskflow_api_etl_virtualenv.py
[2022-12-21 17:21:56,903] {processor.py:641} INFO - Processing file /home/airflow/.local/lib/python3.7/site-packages/airflow/example_dags/tutorial_taskflow_api_etl_virtualenv.py for tasks to queue
[2022-12-21 17:21:56,903] {logging_mixin.py:115} INFO - [2022-12-21 17:21:56,903] {dagbag.py:507} INFO - Filling up the DagBag from /home/airflow/.local/lib/python3.7/site-packages/airflow/example_dags/tutorial_taskflow_api_etl_virtualenv.py
[2022-12-21 17:21:56,917] {processor.py:651} INFO - DAG(s) dict_keys(['tutorial_taskflow_api_etl_virtualenv']) retrieved from /home/airflow/.local/lib/python3.7/site-packages/airflow/example_dags/tutorial_taskflow_api_etl_virtualenv.py
[2022-12-21 17:21:56,967] {logging_mixin.py:115} INFO - [2022-12-21 17:21:56,967] {dag.py:2371} INFO - Sync 1 DAGs
[2022-12-21 17:21:56,986] {logging_mixin.py:115} INFO - [2022-12-21 17:21:56,986] {dag.py:2919} INFO - Setting next_dagrun for tutorial_taskflow_api_etl_virtualenv to None, run_after=None
[2022-12-21 17:21:57,000] {processor.py:161} INFO - Processing /home/airflow/.local/lib/python3.7/site-packages/airflow/example_dags/tutorial_taskflow_api_etl_virtualenv.py took 0.099 seconds
[2022-12-21 17:22:27,352] {processor.py:153} INFO - Started process (PID=25513) to work on /home/airflow/.local/lib/python3.7/site-packages/airflow/example_dags/tutorial_taskflow_api_etl_virtualenv.py
[2022-12-21 17:22:27,352] {processor.py:641} INFO - Processing file /home/airflow/.local/lib/python3.7/site-packages/airflow/example_dags/tutorial_taskflow_api_etl_virtualenv.py for tasks to queue
[2022-12-21 17:22:27,353] {logging_mixin.py:115} INFO - [2022-12-21 17:22:27,353] {dagbag.py:507} INFO - Filling up the DagBag from /home/airflow/.local/lib/python3.7/site-packages/airflow/example_dags/tutorial_taskflow_api_etl_virtualenv.py
[2022-12-21 17:22:27,367] {processor.py:651} INFO - DAG(s) dict_keys(['tutorial_taskflow_api_etl_virtualenv']) retrieved from /home/airflow/.local/lib/python3.7/site-packages/airflow/example_dags/tutorial_taskflow_api_etl_virtualenv.py
[2022-12-21 17:22:27,426] {logging_mixin.py:115} INFO - [2022-12-21 17:22:27,426] {dag.py:2371} INFO - Sync 1 DAGs
[2022-12-21 17:22:27,445] {logging_mixin.py:115} INFO - [2022-12-21 17:22:27,444] {dag.py:2919} INFO - Setting next_dagrun for tutorial_taskflow_api_etl_virtualenv to None, run_after=None
[2022-12-21 17:22:27,457] {processor.py:161} INFO - Processing /home/airflow/.local/lib/python3.7/site-packages/airflow/example_dags/tutorial_taskflow_api_etl_virtualenv.py took 0.109 seconds
[2022-12-21 17:22:57,654] {processor.py:153} INFO - Started process (PID=25570) to work on /home/airflow/.local/lib/python3.7/site-packages/airflow/example_dags/tutorial_taskflow_api_etl_virtualenv.py
[2022-12-21 17:22:57,654] {processor.py:641} INFO - Processing file /home/airflow/.local/lib/python3.7/site-packages/airflow/example_dags/tutorial_taskflow_api_etl_virtualenv.py for tasks to queue
[2022-12-21 17:22:57,655] {logging_mixin.py:115} INFO - [2022-12-21 17:22:57,655] {dagbag.py:507} INFO - Filling up the DagBag from /home/airflow/.local/lib/python3.7/site-packages/airflow/example_dags/tutorial_taskflow_api_etl_virtualenv.py
[2022-12-21 17:22:57,668] {processor.py:651} INFO - DAG(s) dict_keys(['tutorial_taskflow_api_etl_virtualenv']) retrieved from /home/airflow/.local/lib/python3.7/site-packages/airflow/example_dags/tutorial_taskflow_api_etl_virtualenv.py
[2022-12-21 17:22:57,721] {logging_mixin.py:115} INFO - [2022-12-21 17:22:57,721] {dag.py:2371} INFO - Sync 1 DAGs
[2022-12-21 17:22:57,735] {logging_mixin.py:115} INFO - [2022-12-21 17:22:57,735] {dag.py:2919} INFO - Setting next_dagrun for tutorial_taskflow_api_etl_virtualenv to None, run_after=None
[2022-12-21 17:22:57,746] {processor.py:161} INFO - Processing /home/airflow/.local/lib/python3.7/site-packages/airflow/example_dags/tutorial_taskflow_api_etl_virtualenv.py took 0.094 seconds
[2022-12-21 17:23:28,620] {processor.py:153} INFO - Started process (PID=25637) to work on /home/airflow/.local/lib/python3.7/site-packages/airflow/example_dags/tutorial_taskflow_api_etl_virtualenv.py
[2022-12-21 17:23:28,621] {processor.py:641} INFO - Processing file /home/airflow/.local/lib/python3.7/site-packages/airflow/example_dags/tutorial_taskflow_api_etl_virtualenv.py for tasks to queue
[2022-12-21 17:23:28,621] {logging_mixin.py:115} INFO - [2022-12-21 17:23:28,621] {dagbag.py:507} INFO - Filling up the DagBag from /home/airflow/.local/lib/python3.7/site-packages/airflow/example_dags/tutorial_taskflow_api_etl_virtualenv.py
[2022-12-21 17:23:28,632] {processor.py:651} INFO - DAG(s) dict_keys(['tutorial_taskflow_api_etl_virtualenv']) retrieved from /home/airflow/.local/lib/python3.7/site-packages/airflow/example_dags/tutorial_taskflow_api_etl_virtualenv.py
[2022-12-21 17:23:28,687] {logging_mixin.py:115} INFO - [2022-12-21 17:23:28,687] {dag.py:2371} INFO - Sync 1 DAGs
[2022-12-21 17:23:28,703] {logging_mixin.py:115} INFO - [2022-12-21 17:23:28,703] {dag.py:2919} INFO - Setting next_dagrun for tutorial_taskflow_api_etl_virtualenv to None, run_after=None
[2022-12-21 17:23:28,714] {processor.py:161} INFO - Processing /home/airflow/.local/lib/python3.7/site-packages/airflow/example_dags/tutorial_taskflow_api_etl_virtualenv.py took 0.097 seconds
