[2022-12-29 16:52:14,580] {processor.py:153} INFO - Started process (PID=7056) to work on /opt/airflow/dags/populating_platform.py
[2022-12-29 16:52:14,581] {processor.py:641} INFO - Processing file /opt/airflow/dags/populating_platform.py for tasks to queue
[2022-12-29 16:52:14,581] {logging_mixin.py:115} INFO - [2022-12-29 16:52:14,581] {dagbag.py:507} INFO - Filling up the DagBag from /opt/airflow/dags/populating_platform.py
[2022-12-29 16:52:14,749] {processor.py:651} INFO - DAG(s) dict_keys(['populating_platform']) retrieved from /opt/airflow/dags/populating_platform.py
[2022-12-29 16:52:14,795] {logging_mixin.py:115} INFO - [2022-12-29 16:52:14,794] {dag.py:2371} INFO - Sync 1 DAGs
[2022-12-29 16:52:14,808] {logging_mixin.py:115} INFO - [2022-12-29 16:52:14,807] {dag.py:2919} INFO - Setting next_dagrun for populating_platform to 2022-12-28T16:52:14.807412+00:00, run_after=2022-12-29T16:52:14.807412+00:00
[2022-12-29 16:52:14,818] {processor.py:161} INFO - Processing /opt/airflow/dags/populating_platform.py took 0.240 seconds
[2022-12-29 16:52:44,996] {processor.py:153} INFO - Started process (PID=7123) to work on /opt/airflow/dags/populating_platform.py
[2022-12-29 16:52:44,996] {processor.py:641} INFO - Processing file /opt/airflow/dags/populating_platform.py for tasks to queue
[2022-12-29 16:52:44,997] {logging_mixin.py:115} INFO - [2022-12-29 16:52:44,997] {dagbag.py:507} INFO - Filling up the DagBag from /opt/airflow/dags/populating_platform.py
[2022-12-29 16:52:45,147] {processor.py:651} INFO - DAG(s) dict_keys(['populating_platform']) retrieved from /opt/airflow/dags/populating_platform.py
[2022-12-29 16:52:45,189] {logging_mixin.py:115} INFO - [2022-12-29 16:52:45,189] {dag.py:2371} INFO - Sync 1 DAGs
[2022-12-29 16:52:45,203] {logging_mixin.py:115} INFO - [2022-12-29 16:52:45,203] {dag.py:2919} INFO - Setting next_dagrun for populating_platform to 2022-12-28T16:52:45.203637+00:00, run_after=2022-12-29T16:52:45.203637+00:00
[2022-12-29 16:52:45,213] {processor.py:161} INFO - Processing /opt/airflow/dags/populating_platform.py took 0.220 seconds
[2022-12-29 16:53:15,449] {processor.py:153} INFO - Started process (PID=7194) to work on /opt/airflow/dags/populating_platform.py
[2022-12-29 16:53:15,449] {processor.py:641} INFO - Processing file /opt/airflow/dags/populating_platform.py for tasks to queue
[2022-12-29 16:53:15,450] {logging_mixin.py:115} INFO - [2022-12-29 16:53:15,450] {dagbag.py:507} INFO - Filling up the DagBag from /opt/airflow/dags/populating_platform.py
[2022-12-29 16:53:15,611] {processor.py:651} INFO - DAG(s) dict_keys(['populating_platform']) retrieved from /opt/airflow/dags/populating_platform.py
[2022-12-29 16:53:15,654] {logging_mixin.py:115} INFO - [2022-12-29 16:53:15,653] {dag.py:2371} INFO - Sync 1 DAGs
[2022-12-29 16:53:15,668] {logging_mixin.py:115} INFO - [2022-12-29 16:53:15,668] {dag.py:2919} INFO - Setting next_dagrun for populating_platform to 2022-12-28T16:53:15.668206+00:00, run_after=2022-12-29T16:53:15.668206+00:00
[2022-12-29 16:53:15,677] {processor.py:161} INFO - Processing /opt/airflow/dags/populating_platform.py took 0.230 seconds
[2022-12-29 16:53:45,817] {processor.py:153} INFO - Started process (PID=7262) to work on /opt/airflow/dags/populating_platform.py
[2022-12-29 16:53:45,817] {processor.py:641} INFO - Processing file /opt/airflow/dags/populating_platform.py for tasks to queue
[2022-12-29 16:53:45,817] {logging_mixin.py:115} INFO - [2022-12-29 16:53:45,817] {dagbag.py:507} INFO - Filling up the DagBag from /opt/airflow/dags/populating_platform.py
[2022-12-29 16:53:45,984] {processor.py:651} INFO - DAG(s) dict_keys(['populating_platform']) retrieved from /opt/airflow/dags/populating_platform.py
[2022-12-29 16:53:46,026] {logging_mixin.py:115} INFO - [2022-12-29 16:53:46,026] {dag.py:2371} INFO - Sync 1 DAGs
[2022-12-29 16:53:46,040] {logging_mixin.py:115} INFO - [2022-12-29 16:53:46,039] {dag.py:2919} INFO - Setting next_dagrun for populating_platform to 2022-12-28T16:53:46.039772+00:00, run_after=2022-12-29T16:53:46.039772+00:00
[2022-12-29 16:53:46,049] {processor.py:161} INFO - Processing /opt/airflow/dags/populating_platform.py took 0.234 seconds
[2022-12-29 16:54:16,257] {processor.py:153} INFO - Started process (PID=7320) to work on /opt/airflow/dags/populating_platform.py
[2022-12-29 16:54:16,257] {processor.py:641} INFO - Processing file /opt/airflow/dags/populating_platform.py for tasks to queue
[2022-12-29 16:54:16,258] {logging_mixin.py:115} INFO - [2022-12-29 16:54:16,258] {dagbag.py:507} INFO - Filling up the DagBag from /opt/airflow/dags/populating_platform.py
[2022-12-29 16:54:16,420] {processor.py:651} INFO - DAG(s) dict_keys(['populating_platform']) retrieved from /opt/airflow/dags/populating_platform.py
[2022-12-29 16:54:16,464] {logging_mixin.py:115} INFO - [2022-12-29 16:54:16,463] {dag.py:2371} INFO - Sync 1 DAGs
[2022-12-29 16:54:16,476] {logging_mixin.py:115} INFO - [2022-12-29 16:54:16,476] {dag.py:2919} INFO - Setting next_dagrun for populating_platform to 2022-12-28T16:54:16.475947+00:00, run_after=2022-12-29T16:54:16.475947+00:00
[2022-12-29 16:54:16,485] {processor.py:161} INFO - Processing /opt/airflow/dags/populating_platform.py took 0.231 seconds
[2022-12-29 16:54:46,808] {processor.py:153} INFO - Started process (PID=7387) to work on /opt/airflow/dags/populating_platform.py
[2022-12-29 16:54:46,808] {processor.py:641} INFO - Processing file /opt/airflow/dags/populating_platform.py for tasks to queue
[2022-12-29 16:54:46,809] {logging_mixin.py:115} INFO - [2022-12-29 16:54:46,809] {dagbag.py:507} INFO - Filling up the DagBag from /opt/airflow/dags/populating_platform.py
[2022-12-29 16:54:47,002] {processor.py:651} INFO - DAG(s) dict_keys(['populating_platform']) retrieved from /opt/airflow/dags/populating_platform.py
[2022-12-29 16:54:47,047] {logging_mixin.py:115} INFO - [2022-12-29 16:54:47,046] {dag.py:2371} INFO - Sync 1 DAGs
[2022-12-29 16:54:47,060] {logging_mixin.py:115} INFO - [2022-12-29 16:54:47,060] {dag.py:2919} INFO - Setting next_dagrun for populating_platform to 2022-12-28T16:54:47.060469+00:00, run_after=2022-12-29T16:54:47.060469+00:00
[2022-12-29 16:54:47,070] {processor.py:161} INFO - Processing /opt/airflow/dags/populating_platform.py took 0.265 seconds
[2022-12-29 16:55:17,140] {processor.py:153} INFO - Started process (PID=7452) to work on /opt/airflow/dags/populating_platform.py
[2022-12-29 16:55:17,140] {processor.py:641} INFO - Processing file /opt/airflow/dags/populating_platform.py for tasks to queue
[2022-12-29 16:55:17,141] {logging_mixin.py:115} INFO - [2022-12-29 16:55:17,141] {dagbag.py:507} INFO - Filling up the DagBag from /opt/airflow/dags/populating_platform.py
[2022-12-29 16:55:17,308] {processor.py:651} INFO - DAG(s) dict_keys(['populating_platform']) retrieved from /opt/airflow/dags/populating_platform.py
[2022-12-29 16:55:17,349] {logging_mixin.py:115} INFO - [2022-12-29 16:55:17,349] {dag.py:2371} INFO - Sync 1 DAGs
[2022-12-29 16:55:17,361] {logging_mixin.py:115} INFO - [2022-12-29 16:55:17,361] {dag.py:2919} INFO - Setting next_dagrun for populating_platform to 2022-12-28T16:55:17.361635+00:00, run_after=2022-12-29T16:55:17.361635+00:00
[2022-12-29 16:55:17,369] {processor.py:161} INFO - Processing /opt/airflow/dags/populating_platform.py took 0.231 seconds
[2022-12-29 16:55:47,478] {processor.py:153} INFO - Started process (PID=7518) to work on /opt/airflow/dags/populating_platform.py
[2022-12-29 16:55:47,479] {processor.py:641} INFO - Processing file /opt/airflow/dags/populating_platform.py for tasks to queue
[2022-12-29 16:55:47,480] {logging_mixin.py:115} INFO - [2022-12-29 16:55:47,480] {dagbag.py:507} INFO - Filling up the DagBag from /opt/airflow/dags/populating_platform.py
[2022-12-29 16:55:47,682] {processor.py:651} INFO - DAG(s) dict_keys(['populating_platform']) retrieved from /opt/airflow/dags/populating_platform.py
[2022-12-29 16:55:47,732] {logging_mixin.py:115} INFO - [2022-12-29 16:55:47,731] {dag.py:2371} INFO - Sync 1 DAGs
[2022-12-29 16:55:47,745] {logging_mixin.py:115} INFO - [2022-12-29 16:55:47,745] {dag.py:2919} INFO - Setting next_dagrun for populating_platform to 2022-12-28T16:55:47.745605+00:00, run_after=2022-12-29T16:55:47.745605+00:00
[2022-12-29 16:55:47,754] {processor.py:161} INFO - Processing /opt/airflow/dags/populating_platform.py took 0.279 seconds
[2022-12-29 16:56:17,851] {processor.py:153} INFO - Started process (PID=7575) to work on /opt/airflow/dags/populating_platform.py
[2022-12-29 16:56:17,851] {processor.py:641} INFO - Processing file /opt/airflow/dags/populating_platform.py for tasks to queue
[2022-12-29 16:56:17,851] {logging_mixin.py:115} INFO - [2022-12-29 16:56:17,851] {dagbag.py:507} INFO - Filling up the DagBag from /opt/airflow/dags/populating_platform.py
[2022-12-29 16:56:18,013] {processor.py:651} INFO - DAG(s) dict_keys(['populating_platform']) retrieved from /opt/airflow/dags/populating_platform.py
[2022-12-29 16:56:18,058] {logging_mixin.py:115} INFO - [2022-12-29 16:56:18,057] {dag.py:2371} INFO - Sync 1 DAGs
[2022-12-29 16:56:18,070] {logging_mixin.py:115} INFO - [2022-12-29 16:56:18,069] {dag.py:2919} INFO - Setting next_dagrun for populating_platform to 2022-12-28T16:56:18.069835+00:00, run_after=2022-12-29T16:56:18.069835+00:00
[2022-12-29 16:56:18,156] {processor.py:161} INFO - Processing /opt/airflow/dags/populating_platform.py took 0.307 seconds
[2022-12-29 16:56:48,438] {processor.py:153} INFO - Started process (PID=7642) to work on /opt/airflow/dags/populating_platform.py
[2022-12-29 16:56:48,439] {processor.py:641} INFO - Processing file /opt/airflow/dags/populating_platform.py for tasks to queue
[2022-12-29 16:56:48,439] {logging_mixin.py:115} INFO - [2022-12-29 16:56:48,439] {dagbag.py:507} INFO - Filling up the DagBag from /opt/airflow/dags/populating_platform.py
[2022-12-29 16:56:48,653] {processor.py:651} INFO - DAG(s) dict_keys(['populating_platform']) retrieved from /opt/airflow/dags/populating_platform.py
[2022-12-29 16:56:48,710] {logging_mixin.py:115} INFO - [2022-12-29 16:56:48,709] {dag.py:2371} INFO - Sync 1 DAGs
[2022-12-29 16:56:48,724] {logging_mixin.py:115} INFO - [2022-12-29 16:56:48,724] {dag.py:2919} INFO - Setting next_dagrun for populating_platform to 2022-12-28T16:56:48.724196+00:00, run_after=2022-12-29T16:56:48.724196+00:00
[2022-12-29 16:56:48,735] {processor.py:161} INFO - Processing /opt/airflow/dags/populating_platform.py took 0.299 seconds
[2022-12-29 16:57:19,107] {processor.py:153} INFO - Started process (PID=7709) to work on /opt/airflow/dags/populating_platform.py
[2022-12-29 16:57:19,107] {processor.py:641} INFO - Processing file /opt/airflow/dags/populating_platform.py for tasks to queue
[2022-12-29 16:57:19,107] {logging_mixin.py:115} INFO - [2022-12-29 16:57:19,107] {dagbag.py:507} INFO - Filling up the DagBag from /opt/airflow/dags/populating_platform.py
[2022-12-29 16:57:19,263] {processor.py:651} INFO - DAG(s) dict_keys(['populating_platform']) retrieved from /opt/airflow/dags/populating_platform.py
[2022-12-29 16:57:19,305] {logging_mixin.py:115} INFO - [2022-12-29 16:57:19,305] {dag.py:2371} INFO - Sync 1 DAGs
[2022-12-29 16:57:19,319] {logging_mixin.py:115} INFO - [2022-12-29 16:57:19,319] {dag.py:2919} INFO - Setting next_dagrun for populating_platform to 2022-12-28T16:57:19.319295+00:00, run_after=2022-12-29T16:57:19.319295+00:00
[2022-12-29 16:57:19,329] {processor.py:161} INFO - Processing /opt/airflow/dags/populating_platform.py took 0.225 seconds
[2022-12-29 16:57:49,375] {processor.py:153} INFO - Started process (PID=7776) to work on /opt/airflow/dags/populating_platform.py
[2022-12-29 16:57:49,376] {processor.py:641} INFO - Processing file /opt/airflow/dags/populating_platform.py for tasks to queue
[2022-12-29 16:57:49,377] {logging_mixin.py:115} INFO - [2022-12-29 16:57:49,377] {dagbag.py:507} INFO - Filling up the DagBag from /opt/airflow/dags/populating_platform.py
[2022-12-29 16:57:49,576] {processor.py:651} INFO - DAG(s) dict_keys(['populating_platform']) retrieved from /opt/airflow/dags/populating_platform.py
[2022-12-29 16:57:49,627] {logging_mixin.py:115} INFO - [2022-12-29 16:57:49,626] {dag.py:2371} INFO - Sync 1 DAGs
[2022-12-29 16:57:49,641] {logging_mixin.py:115} INFO - [2022-12-29 16:57:49,641] {dag.py:2919} INFO - Setting next_dagrun for populating_platform to 2022-12-28T16:57:49.641652+00:00, run_after=2022-12-29T16:57:49.641652+00:00
[2022-12-29 16:57:49,696] {processor.py:161} INFO - Processing /opt/airflow/dags/populating_platform.py took 0.323 seconds
[2022-12-29 16:58:19,842] {processor.py:153} INFO - Started process (PID=7833) to work on /opt/airflow/dags/populating_platform.py
[2022-12-29 16:58:19,842] {processor.py:641} INFO - Processing file /opt/airflow/dags/populating_platform.py for tasks to queue
[2022-12-29 16:58:19,843] {logging_mixin.py:115} INFO - [2022-12-29 16:58:19,843] {dagbag.py:507} INFO - Filling up the DagBag from /opt/airflow/dags/populating_platform.py
[2022-12-29 16:58:19,997] {processor.py:651} INFO - DAG(s) dict_keys(['populating_platform']) retrieved from /opt/airflow/dags/populating_platform.py
[2022-12-29 16:58:20,042] {logging_mixin.py:115} INFO - [2022-12-29 16:58:20,041] {dag.py:2371} INFO - Sync 1 DAGs
[2022-12-29 16:58:20,054] {logging_mixin.py:115} INFO - [2022-12-29 16:58:20,054] {dag.py:2919} INFO - Setting next_dagrun for populating_platform to 2022-12-28T16:58:20.054270+00:00, run_after=2022-12-29T16:58:20.054270+00:00
[2022-12-29 16:58:20,090] {processor.py:161} INFO - Processing /opt/airflow/dags/populating_platform.py took 0.251 seconds
[2022-12-29 16:58:50,427] {processor.py:153} INFO - Started process (PID=7900) to work on /opt/airflow/dags/populating_platform.py
[2022-12-29 16:58:50,428] {processor.py:641} INFO - Processing file /opt/airflow/dags/populating_platform.py for tasks to queue
[2022-12-29 16:58:50,428] {logging_mixin.py:115} INFO - [2022-12-29 16:58:50,428] {dagbag.py:507} INFO - Filling up the DagBag from /opt/airflow/dags/populating_platform.py
[2022-12-29 16:58:50,598] {processor.py:651} INFO - DAG(s) dict_keys(['populating_platform']) retrieved from /opt/airflow/dags/populating_platform.py
[2022-12-29 16:58:50,644] {logging_mixin.py:115} INFO - [2022-12-29 16:58:50,644] {dag.py:2371} INFO - Sync 1 DAGs
[2022-12-29 16:58:50,659] {logging_mixin.py:115} INFO - [2022-12-29 16:58:50,659] {dag.py:2919} INFO - Setting next_dagrun for populating_platform to 2022-12-28T16:58:50.658853+00:00, run_after=2022-12-29T16:58:50.658853+00:00
[2022-12-29 16:58:50,667] {processor.py:161} INFO - Processing /opt/airflow/dags/populating_platform.py took 0.242 seconds
[2022-12-29 16:59:21,233] {processor.py:153} INFO - Started process (PID=7966) to work on /opt/airflow/dags/populating_platform.py
[2022-12-29 16:59:21,233] {processor.py:641} INFO - Processing file /opt/airflow/dags/populating_platform.py for tasks to queue
[2022-12-29 16:59:21,234] {logging_mixin.py:115} INFO - [2022-12-29 16:59:21,234] {dagbag.py:507} INFO - Filling up the DagBag from /opt/airflow/dags/populating_platform.py
[2022-12-29 16:59:21,398] {processor.py:651} INFO - DAG(s) dict_keys(['populating_platform']) retrieved from /opt/airflow/dags/populating_platform.py
[2022-12-29 16:59:21,451] {logging_mixin.py:115} INFO - [2022-12-29 16:59:21,450] {dag.py:2371} INFO - Sync 1 DAGs
[2022-12-29 16:59:21,467] {logging_mixin.py:115} INFO - [2022-12-29 16:59:21,467] {dag.py:2919} INFO - Setting next_dagrun for populating_platform to 2022-12-28T16:59:21.467255+00:00, run_after=2022-12-29T16:59:21.467255+00:00
[2022-12-29 16:59:21,477] {processor.py:161} INFO - Processing /opt/airflow/dags/populating_platform.py took 0.246 seconds
[2022-12-29 16:59:51,833] {processor.py:153} INFO - Started process (PID=8032) to work on /opt/airflow/dags/populating_platform.py
[2022-12-29 16:59:51,838] {processor.py:641} INFO - Processing file /opt/airflow/dags/populating_platform.py for tasks to queue
[2022-12-29 16:59:51,838] {logging_mixin.py:115} INFO - [2022-12-29 16:59:51,838] {dagbag.py:507} INFO - Filling up the DagBag from /opt/airflow/dags/populating_platform.py
[2022-12-29 16:59:51,989] {processor.py:651} INFO - DAG(s) dict_keys(['populating_platform']) retrieved from /opt/airflow/dags/populating_platform.py
[2022-12-29 16:59:52,033] {logging_mixin.py:115} INFO - [2022-12-29 16:59:52,032] {dag.py:2371} INFO - Sync 1 DAGs
[2022-12-29 16:59:52,046] {logging_mixin.py:115} INFO - [2022-12-29 16:59:52,046] {dag.py:2919} INFO - Setting next_dagrun for populating_platform to 2022-12-28T16:59:52.046086+00:00, run_after=2022-12-29T16:59:52.046086+00:00
[2022-12-29 16:59:52,118] {processor.py:161} INFO - Processing /opt/airflow/dags/populating_platform.py took 0.287 seconds
[2022-12-29 17:00:22,412] {processor.py:153} INFO - Started process (PID=8089) to work on /opt/airflow/dags/populating_platform.py
[2022-12-29 17:00:22,413] {processor.py:641} INFO - Processing file /opt/airflow/dags/populating_platform.py for tasks to queue
[2022-12-29 17:00:22,413] {logging_mixin.py:115} INFO - [2022-12-29 17:00:22,413] {dagbag.py:507} INFO - Filling up the DagBag from /opt/airflow/dags/populating_platform.py
[2022-12-29 17:00:22,590] {processor.py:651} INFO - DAG(s) dict_keys(['populating_platform']) retrieved from /opt/airflow/dags/populating_platform.py
[2022-12-29 17:00:22,632] {logging_mixin.py:115} INFO - [2022-12-29 17:00:22,632] {dag.py:2371} INFO - Sync 1 DAGs
[2022-12-29 17:00:22,645] {logging_mixin.py:115} INFO - [2022-12-29 17:00:22,645] {dag.py:2919} INFO - Setting next_dagrun for populating_platform to 2022-12-28T17:00:22.645246+00:00, run_after=2022-12-29T17:00:22.645246+00:00
[2022-12-29 17:00:22,674] {processor.py:161} INFO - Processing /opt/airflow/dags/populating_platform.py took 0.264 seconds
[2022-12-29 17:00:52,878] {processor.py:153} INFO - Started process (PID=8156) to work on /opt/airflow/dags/populating_platform.py
[2022-12-29 17:00:52,879] {processor.py:641} INFO - Processing file /opt/airflow/dags/populating_platform.py for tasks to queue
[2022-12-29 17:00:52,880] {logging_mixin.py:115} INFO - [2022-12-29 17:00:52,879] {dagbag.py:507} INFO - Filling up the DagBag from /opt/airflow/dags/populating_platform.py
[2022-12-29 17:00:53,047] {processor.py:651} INFO - DAG(s) dict_keys(['populating_platform']) retrieved from /opt/airflow/dags/populating_platform.py
[2022-12-29 17:00:53,092] {logging_mixin.py:115} INFO - [2022-12-29 17:00:53,091] {dag.py:2371} INFO - Sync 1 DAGs
[2022-12-29 17:00:53,105] {logging_mixin.py:115} INFO - [2022-12-29 17:00:53,105] {dag.py:2919} INFO - Setting next_dagrun for populating_platform to 2022-12-28T17:00:53.105025+00:00, run_after=2022-12-29T17:00:53.105025+00:00
[2022-12-29 17:00:53,114] {processor.py:161} INFO - Processing /opt/airflow/dags/populating_platform.py took 0.238 seconds
[2022-12-29 17:01:23,206] {processor.py:153} INFO - Started process (PID=8222) to work on /opt/airflow/dags/populating_platform.py
[2022-12-29 17:01:23,207] {processor.py:641} INFO - Processing file /opt/airflow/dags/populating_platform.py for tasks to queue
[2022-12-29 17:01:23,207] {logging_mixin.py:115} INFO - [2022-12-29 17:01:23,207] {dagbag.py:507} INFO - Filling up the DagBag from /opt/airflow/dags/populating_platform.py
[2022-12-29 17:01:23,388] {processor.py:651} INFO - DAG(s) dict_keys(['populating_platform']) retrieved from /opt/airflow/dags/populating_platform.py
[2022-12-29 17:01:23,408] {logging_mixin.py:115} INFO - [2022-12-29 17:01:23,407] {dag.py:2371} INFO - Sync 1 DAGs
[2022-12-29 17:01:23,423] {logging_mixin.py:115} INFO - [2022-12-29 17:01:23,423] {dag.py:2919} INFO - Setting next_dagrun for populating_platform to 2022-12-28T17:01:23.423187+00:00, run_after=2022-12-29T17:01:23.423187+00:00
[2022-12-29 17:01:23,431] {processor.py:161} INFO - Processing /opt/airflow/dags/populating_platform.py took 0.228 seconds
[2022-12-29 17:01:53,530] {processor.py:153} INFO - Started process (PID=8288) to work on /opt/airflow/dags/populating_platform.py
[2022-12-29 17:01:53,530] {processor.py:641} INFO - Processing file /opt/airflow/dags/populating_platform.py for tasks to queue
[2022-12-29 17:01:53,531] {logging_mixin.py:115} INFO - [2022-12-29 17:01:53,531] {dagbag.py:507} INFO - Filling up the DagBag from /opt/airflow/dags/populating_platform.py
[2022-12-29 17:01:53,764] {processor.py:651} INFO - DAG(s) dict_keys(['populating_platform']) retrieved from /opt/airflow/dags/populating_platform.py
[2022-12-29 17:01:53,821] {logging_mixin.py:115} INFO - [2022-12-29 17:01:53,821] {dag.py:2371} INFO - Sync 1 DAGs
[2022-12-29 17:01:53,839] {logging_mixin.py:115} INFO - [2022-12-29 17:01:53,839] {dag.py:2919} INFO - Setting next_dagrun for populating_platform to 2022-12-28T17:01:53.838848+00:00, run_after=2022-12-29T17:01:53.838848+00:00
[2022-12-29 17:01:53,848] {processor.py:161} INFO - Processing /opt/airflow/dags/populating_platform.py took 0.321 seconds
[2022-12-29 17:02:24,079] {processor.py:153} INFO - Started process (PID=8346) to work on /opt/airflow/dags/populating_platform.py
[2022-12-29 17:02:24,080] {processor.py:641} INFO - Processing file /opt/airflow/dags/populating_platform.py for tasks to queue
[2022-12-29 17:02:24,081] {logging_mixin.py:115} INFO - [2022-12-29 17:02:24,080] {dagbag.py:507} INFO - Filling up the DagBag from /opt/airflow/dags/populating_platform.py
[2022-12-29 17:02:24,251] {processor.py:651} INFO - DAG(s) dict_keys(['populating_platform']) retrieved from /opt/airflow/dags/populating_platform.py
[2022-12-29 17:02:24,295] {logging_mixin.py:115} INFO - [2022-12-29 17:02:24,295] {dag.py:2371} INFO - Sync 1 DAGs
[2022-12-29 17:02:24,310] {logging_mixin.py:115} INFO - [2022-12-29 17:02:24,310] {dag.py:2919} INFO - Setting next_dagrun for populating_platform to 2022-12-28T17:02:24.310382+00:00, run_after=2022-12-29T17:02:24.310382+00:00
[2022-12-29 17:02:24,321] {processor.py:161} INFO - Processing /opt/airflow/dags/populating_platform.py took 0.245 seconds
[2022-12-29 17:02:54,671] {processor.py:153} INFO - Started process (PID=8412) to work on /opt/airflow/dags/populating_platform.py
[2022-12-29 17:02:54,672] {processor.py:641} INFO - Processing file /opt/airflow/dags/populating_platform.py for tasks to queue
[2022-12-29 17:02:54,673] {logging_mixin.py:115} INFO - [2022-12-29 17:02:54,673] {dagbag.py:507} INFO - Filling up the DagBag from /opt/airflow/dags/populating_platform.py
[2022-12-29 17:02:54,856] {processor.py:651} INFO - DAG(s) dict_keys(['populating_platform']) retrieved from /opt/airflow/dags/populating_platform.py
[2022-12-29 17:02:54,877] {logging_mixin.py:115} INFO - [2022-12-29 17:02:54,876] {dag.py:2371} INFO - Sync 1 DAGs
[2022-12-29 17:02:54,895] {logging_mixin.py:115} INFO - [2022-12-29 17:02:54,895] {dag.py:2919} INFO - Setting next_dagrun for populating_platform to 2022-12-28T17:02:54.894867+00:00, run_after=2022-12-29T17:02:54.894867+00:00
[2022-12-29 17:02:54,905] {processor.py:161} INFO - Processing /opt/airflow/dags/populating_platform.py took 0.235 seconds
[2022-12-29 17:03:25,078] {processor.py:153} INFO - Started process (PID=8479) to work on /opt/airflow/dags/populating_platform.py
[2022-12-29 17:03:25,079] {processor.py:641} INFO - Processing file /opt/airflow/dags/populating_platform.py for tasks to queue
[2022-12-29 17:03:25,079] {logging_mixin.py:115} INFO - [2022-12-29 17:03:25,079] {dagbag.py:507} INFO - Filling up the DagBag from /opt/airflow/dags/populating_platform.py
[2022-12-29 17:03:25,233] {processor.py:651} INFO - DAG(s) dict_keys(['populating_platform']) retrieved from /opt/airflow/dags/populating_platform.py
[2022-12-29 17:03:25,274] {logging_mixin.py:115} INFO - [2022-12-29 17:03:25,274] {dag.py:2371} INFO - Sync 1 DAGs
[2022-12-29 17:03:25,287] {logging_mixin.py:115} INFO - [2022-12-29 17:03:25,286] {dag.py:2919} INFO - Setting next_dagrun for populating_platform to 2022-12-28T17:03:25.286800+00:00, run_after=2022-12-29T17:03:25.286800+00:00
[2022-12-29 17:03:25,295] {processor.py:161} INFO - Processing /opt/airflow/dags/populating_platform.py took 0.219 seconds
[2022-12-29 17:03:55,374] {processor.py:153} INFO - Started process (PID=8547) to work on /opt/airflow/dags/populating_platform.py
[2022-12-29 17:03:55,374] {processor.py:641} INFO - Processing file /opt/airflow/dags/populating_platform.py for tasks to queue
[2022-12-29 17:03:55,375] {logging_mixin.py:115} INFO - [2022-12-29 17:03:55,375] {dagbag.py:507} INFO - Filling up the DagBag from /opt/airflow/dags/populating_platform.py
[2022-12-29 17:03:55,554] {processor.py:651} INFO - DAG(s) dict_keys(['populating_platform']) retrieved from /opt/airflow/dags/populating_platform.py
[2022-12-29 17:03:55,603] {logging_mixin.py:115} INFO - [2022-12-29 17:03:55,602] {dag.py:2371} INFO - Sync 1 DAGs
[2022-12-29 17:03:55,618] {logging_mixin.py:115} INFO - [2022-12-29 17:03:55,618] {dag.py:2919} INFO - Setting next_dagrun for populating_platform to 2022-12-28T17:03:55.617837+00:00, run_after=2022-12-29T17:03:55.617837+00:00
[2022-12-29 17:03:55,626] {processor.py:161} INFO - Processing /opt/airflow/dags/populating_platform.py took 0.254 seconds
[2022-12-29 17:04:25,661] {processor.py:153} INFO - Started process (PID=8603) to work on /opt/airflow/dags/populating_platform.py
[2022-12-29 17:04:25,662] {processor.py:641} INFO - Processing file /opt/airflow/dags/populating_platform.py for tasks to queue
[2022-12-29 17:04:25,663] {logging_mixin.py:115} INFO - [2022-12-29 17:04:25,663] {dagbag.py:507} INFO - Filling up the DagBag from /opt/airflow/dags/populating_platform.py
[2022-12-29 17:04:25,830] {processor.py:651} INFO - DAG(s) dict_keys(['populating_platform']) retrieved from /opt/airflow/dags/populating_platform.py
[2022-12-29 17:04:25,883] {logging_mixin.py:115} INFO - [2022-12-29 17:04:25,883] {dag.py:2371} INFO - Sync 1 DAGs
[2022-12-29 17:04:25,897] {logging_mixin.py:115} INFO - [2022-12-29 17:04:25,897] {dag.py:2919} INFO - Setting next_dagrun for populating_platform to 2022-12-28T17:04:25.897181+00:00, run_after=2022-12-29T17:04:25.897181+00:00
[2022-12-29 17:04:25,906] {processor.py:161} INFO - Processing /opt/airflow/dags/populating_platform.py took 0.247 seconds
[2022-12-29 17:04:56,189] {processor.py:153} INFO - Started process (PID=8669) to work on /opt/airflow/dags/populating_platform.py
[2022-12-29 17:04:56,190] {processor.py:641} INFO - Processing file /opt/airflow/dags/populating_platform.py for tasks to queue
[2022-12-29 17:04:56,190] {logging_mixin.py:115} INFO - [2022-12-29 17:04:56,190] {dagbag.py:507} INFO - Filling up the DagBag from /opt/airflow/dags/populating_platform.py
[2022-12-29 17:04:56,360] {processor.py:651} INFO - DAG(s) dict_keys(['populating_platform']) retrieved from /opt/airflow/dags/populating_platform.py
[2022-12-29 17:04:56,409] {logging_mixin.py:115} INFO - [2022-12-29 17:04:56,409] {dag.py:2371} INFO - Sync 1 DAGs
[2022-12-29 17:04:56,422] {logging_mixin.py:115} INFO - [2022-12-29 17:04:56,422] {dag.py:2919} INFO - Setting next_dagrun for populating_platform to 2022-12-28T17:04:56.422338+00:00, run_after=2022-12-29T17:04:56.422338+00:00
[2022-12-29 17:04:56,431] {processor.py:161} INFO - Processing /opt/airflow/dags/populating_platform.py took 0.244 seconds
[2022-12-29 17:05:26,691] {processor.py:153} INFO - Started process (PID=8735) to work on /opt/airflow/dags/populating_platform.py
[2022-12-29 17:05:26,692] {processor.py:641} INFO - Processing file /opt/airflow/dags/populating_platform.py for tasks to queue
[2022-12-29 17:05:26,692] {logging_mixin.py:115} INFO - [2022-12-29 17:05:26,692] {dagbag.py:507} INFO - Filling up the DagBag from /opt/airflow/dags/populating_platform.py
[2022-12-29 17:05:26,858] {processor.py:651} INFO - DAG(s) dict_keys(['populating_platform']) retrieved from /opt/airflow/dags/populating_platform.py
[2022-12-29 17:05:26,907] {logging_mixin.py:115} INFO - [2022-12-29 17:05:26,906] {dag.py:2371} INFO - Sync 1 DAGs
[2022-12-29 17:05:26,921] {logging_mixin.py:115} INFO - [2022-12-29 17:05:26,921] {dag.py:2919} INFO - Setting next_dagrun for populating_platform to 2022-12-28T17:05:26.921376+00:00, run_after=2022-12-29T17:05:26.921376+00:00
[2022-12-29 17:05:26,931] {processor.py:161} INFO - Processing /opt/airflow/dags/populating_platform.py took 0.241 seconds
[2022-12-29 17:05:56,987] {processor.py:153} INFO - Started process (PID=8801) to work on /opt/airflow/dags/populating_platform.py
[2022-12-29 17:05:56,988] {processor.py:641} INFO - Processing file /opt/airflow/dags/populating_platform.py for tasks to queue
[2022-12-29 17:05:56,988] {logging_mixin.py:115} INFO - [2022-12-29 17:05:56,988] {dagbag.py:507} INFO - Filling up the DagBag from /opt/airflow/dags/populating_platform.py
[2022-12-29 17:05:57,166] {processor.py:651} INFO - DAG(s) dict_keys(['populating_platform']) retrieved from /opt/airflow/dags/populating_platform.py
[2022-12-29 17:05:57,213] {logging_mixin.py:115} INFO - [2022-12-29 17:05:57,213] {dag.py:2371} INFO - Sync 1 DAGs
[2022-12-29 17:05:57,231] {logging_mixin.py:115} INFO - [2022-12-29 17:05:57,231] {dag.py:2919} INFO - Setting next_dagrun for populating_platform to 2022-12-28T17:05:57.231241+00:00, run_after=2022-12-29T17:05:57.231241+00:00
[2022-12-29 17:05:57,242] {processor.py:161} INFO - Processing /opt/airflow/dags/populating_platform.py took 0.257 seconds
[2022-12-29 17:06:27,268] {processor.py:153} INFO - Started process (PID=8859) to work on /opt/airflow/dags/populating_platform.py
[2022-12-29 17:06:27,268] {processor.py:641} INFO - Processing file /opt/airflow/dags/populating_platform.py for tasks to queue
[2022-12-29 17:06:27,268] {logging_mixin.py:115} INFO - [2022-12-29 17:06:27,268] {dagbag.py:507} INFO - Filling up the DagBag from /opt/airflow/dags/populating_platform.py
[2022-12-29 17:06:27,428] {processor.py:651} INFO - DAG(s) dict_keys(['populating_platform']) retrieved from /opt/airflow/dags/populating_platform.py
[2022-12-29 17:06:27,480] {logging_mixin.py:115} INFO - [2022-12-29 17:06:27,479] {dag.py:2371} INFO - Sync 1 DAGs
[2022-12-29 17:06:27,494] {logging_mixin.py:115} INFO - [2022-12-29 17:06:27,494] {dag.py:2919} INFO - Setting next_dagrun for populating_platform to 2022-12-28T17:06:27.494046+00:00, run_after=2022-12-29T17:06:27.494046+00:00
[2022-12-29 17:06:27,504] {processor.py:161} INFO - Processing /opt/airflow/dags/populating_platform.py took 0.238 seconds
[2022-12-29 17:06:57,610] {processor.py:153} INFO - Started process (PID=8925) to work on /opt/airflow/dags/populating_platform.py
[2022-12-29 17:06:57,611] {processor.py:641} INFO - Processing file /opt/airflow/dags/populating_platform.py for tasks to queue
[2022-12-29 17:06:57,611] {logging_mixin.py:115} INFO - [2022-12-29 17:06:57,611] {dagbag.py:507} INFO - Filling up the DagBag from /opt/airflow/dags/populating_platform.py
[2022-12-29 17:06:57,782] {processor.py:651} INFO - DAG(s) dict_keys(['populating_platform']) retrieved from /opt/airflow/dags/populating_platform.py
[2022-12-29 17:06:57,826] {logging_mixin.py:115} INFO - [2022-12-29 17:06:57,825] {dag.py:2371} INFO - Sync 1 DAGs
[2022-12-29 17:06:57,841] {logging_mixin.py:115} INFO - [2022-12-29 17:06:57,841] {dag.py:2919} INFO - Setting next_dagrun for populating_platform to 2022-12-28T17:06:57.841060+00:00, run_after=2022-12-29T17:06:57.841060+00:00
[2022-12-29 17:06:57,853] {processor.py:161} INFO - Processing /opt/airflow/dags/populating_platform.py took 0.246 seconds
[2022-12-29 17:07:27,958] {processor.py:153} INFO - Started process (PID=8992) to work on /opt/airflow/dags/populating_platform.py
[2022-12-29 17:07:27,959] {processor.py:641} INFO - Processing file /opt/airflow/dags/populating_platform.py for tasks to queue
[2022-12-29 17:07:27,959] {logging_mixin.py:115} INFO - [2022-12-29 17:07:27,959] {dagbag.py:507} INFO - Filling up the DagBag from /opt/airflow/dags/populating_platform.py
[2022-12-29 17:07:28,121] {processor.py:651} INFO - DAG(s) dict_keys(['populating_platform']) retrieved from /opt/airflow/dags/populating_platform.py
[2022-12-29 17:07:28,165] {logging_mixin.py:115} INFO - [2022-12-29 17:07:28,165] {dag.py:2371} INFO - Sync 1 DAGs
[2022-12-29 17:07:28,179] {logging_mixin.py:115} INFO - [2022-12-29 17:07:28,179] {dag.py:2919} INFO - Setting next_dagrun for populating_platform to 2022-12-28T17:07:28.179586+00:00, run_after=2022-12-29T17:07:28.179586+00:00
[2022-12-29 17:07:28,192] {processor.py:161} INFO - Processing /opt/airflow/dags/populating_platform.py took 0.236 seconds
[2022-12-29 17:07:58,383] {processor.py:153} INFO - Started process (PID=9050) to work on /opt/airflow/dags/populating_platform.py
[2022-12-29 17:07:58,383] {processor.py:641} INFO - Processing file /opt/airflow/dags/populating_platform.py for tasks to queue
[2022-12-29 17:07:58,384] {logging_mixin.py:115} INFO - [2022-12-29 17:07:58,384] {dagbag.py:507} INFO - Filling up the DagBag from /opt/airflow/dags/populating_platform.py
[2022-12-29 17:07:58,551] {processor.py:651} INFO - DAG(s) dict_keys(['populating_platform']) retrieved from /opt/airflow/dags/populating_platform.py
[2022-12-29 17:07:58,594] {logging_mixin.py:115} INFO - [2022-12-29 17:07:58,593] {dag.py:2371} INFO - Sync 1 DAGs
[2022-12-29 17:07:58,608] {logging_mixin.py:115} INFO - [2022-12-29 17:07:58,608] {dag.py:2919} INFO - Setting next_dagrun for populating_platform to 2022-12-28T17:07:58.608060+00:00, run_after=2022-12-29T17:07:58.608060+00:00
[2022-12-29 17:07:58,617] {processor.py:161} INFO - Processing /opt/airflow/dags/populating_platform.py took 0.237 seconds
[2022-12-29 17:08:28,632] {processor.py:153} INFO - Started process (PID=9117) to work on /opt/airflow/dags/populating_platform.py
[2022-12-29 17:08:28,632] {processor.py:641} INFO - Processing file /opt/airflow/dags/populating_platform.py for tasks to queue
[2022-12-29 17:08:28,632] {logging_mixin.py:115} INFO - [2022-12-29 17:08:28,632] {dagbag.py:507} INFO - Filling up the DagBag from /opt/airflow/dags/populating_platform.py
[2022-12-29 17:08:28,816] {processor.py:651} INFO - DAG(s) dict_keys(['populating_platform']) retrieved from /opt/airflow/dags/populating_platform.py
[2022-12-29 17:08:28,864] {logging_mixin.py:115} INFO - [2022-12-29 17:08:28,864] {dag.py:2371} INFO - Sync 1 DAGs
[2022-12-29 17:08:28,879] {logging_mixin.py:115} INFO - [2022-12-29 17:08:28,879] {dag.py:2919} INFO - Setting next_dagrun for populating_platform to 2022-12-28T17:08:28.878941+00:00, run_after=2022-12-29T17:08:28.878941+00:00
[2022-12-29 17:08:28,890] {processor.py:161} INFO - Processing /opt/airflow/dags/populating_platform.py took 0.260 seconds
[2022-12-29 17:08:59,110] {processor.py:153} INFO - Started process (PID=9183) to work on /opt/airflow/dags/populating_platform.py
[2022-12-29 17:08:59,110] {processor.py:641} INFO - Processing file /opt/airflow/dags/populating_platform.py for tasks to queue
[2022-12-29 17:08:59,111] {logging_mixin.py:115} INFO - [2022-12-29 17:08:59,111] {dagbag.py:507} INFO - Filling up the DagBag from /opt/airflow/dags/populating_platform.py
[2022-12-29 17:08:59,290] {processor.py:651} INFO - DAG(s) dict_keys(['populating_platform']) retrieved from /opt/airflow/dags/populating_platform.py
[2022-12-29 17:08:59,370] {logging_mixin.py:115} INFO - [2022-12-29 17:08:59,369] {dag.py:2371} INFO - Sync 1 DAGs
[2022-12-29 17:08:59,384] {logging_mixin.py:115} INFO - [2022-12-29 17:08:59,384] {dag.py:2919} INFO - Setting next_dagrun for populating_platform to 2022-12-28T17:08:59.384214+00:00, run_after=2022-12-29T17:08:59.384214+00:00
[2022-12-29 17:08:59,394] {processor.py:161} INFO - Processing /opt/airflow/dags/populating_platform.py took 0.286 seconds
[2022-12-29 17:09:29,438] {processor.py:153} INFO - Started process (PID=9248) to work on /opt/airflow/dags/populating_platform.py
[2022-12-29 17:09:29,438] {processor.py:641} INFO - Processing file /opt/airflow/dags/populating_platform.py for tasks to queue
[2022-12-29 17:09:29,438] {logging_mixin.py:115} INFO - [2022-12-29 17:09:29,438] {dagbag.py:507} INFO - Filling up the DagBag from /opt/airflow/dags/populating_platform.py
[2022-12-29 17:09:29,626] {processor.py:651} INFO - DAG(s) dict_keys(['populating_platform']) retrieved from /opt/airflow/dags/populating_platform.py
[2022-12-29 17:09:29,727] {logging_mixin.py:115} INFO - [2022-12-29 17:09:29,727] {dag.py:2371} INFO - Sync 1 DAGs
[2022-12-29 17:09:29,744] {logging_mixin.py:115} INFO - [2022-12-29 17:09:29,744] {dag.py:2919} INFO - Setting next_dagrun for populating_platform to 2022-12-28T17:09:29.744020+00:00, run_after=2022-12-29T17:09:29.744020+00:00
[2022-12-29 17:09:29,753] {processor.py:161} INFO - Processing /opt/airflow/dags/populating_platform.py took 0.318 seconds
[2022-12-29 17:09:59,773] {processor.py:153} INFO - Started process (PID=9304) to work on /opt/airflow/dags/populating_platform.py
[2022-12-29 17:09:59,775] {processor.py:641} INFO - Processing file /opt/airflow/dags/populating_platform.py for tasks to queue
[2022-12-29 17:09:59,775] {logging_mixin.py:115} INFO - [2022-12-29 17:09:59,775] {dagbag.py:507} INFO - Filling up the DagBag from /opt/airflow/dags/populating_platform.py
[2022-12-29 17:09:59,941] {processor.py:651} INFO - DAG(s) dict_keys(['populating_platform']) retrieved from /opt/airflow/dags/populating_platform.py
[2022-12-29 17:10:00,009] {logging_mixin.py:115} INFO - [2022-12-29 17:10:00,009] {dag.py:2371} INFO - Sync 1 DAGs
[2022-12-29 17:10:00,024] {logging_mixin.py:115} INFO - [2022-12-29 17:10:00,024] {dag.py:2919} INFO - Setting next_dagrun for populating_platform to 2022-12-28T17:10:00.024651+00:00, run_after=2022-12-29T17:10:00.024651+00:00
[2022-12-29 17:10:00,034] {processor.py:161} INFO - Processing /opt/airflow/dags/populating_platform.py took 0.263 seconds
[2022-12-29 17:10:31,019] {processor.py:153} INFO - Started process (PID=9370) to work on /opt/airflow/dags/populating_platform.py
[2022-12-29 17:10:31,019] {processor.py:641} INFO - Processing file /opt/airflow/dags/populating_platform.py for tasks to queue
[2022-12-29 17:10:31,019] {logging_mixin.py:115} INFO - [2022-12-29 17:10:31,019] {dagbag.py:507} INFO - Filling up the DagBag from /opt/airflow/dags/populating_platform.py
[2022-12-29 17:10:31,196] {processor.py:651} INFO - DAG(s) dict_keys(['populating_platform']) retrieved from /opt/airflow/dags/populating_platform.py
[2022-12-29 17:10:31,243] {logging_mixin.py:115} INFO - [2022-12-29 17:10:31,242] {dag.py:2371} INFO - Sync 1 DAGs
[2022-12-29 17:10:31,257] {logging_mixin.py:115} INFO - [2022-12-29 17:10:31,257] {dag.py:2919} INFO - Setting next_dagrun for populating_platform to 2022-12-28T17:10:31.256998+00:00, run_after=2022-12-29T17:10:31.256998+00:00
[2022-12-29 17:10:31,266] {processor.py:161} INFO - Processing /opt/airflow/dags/populating_platform.py took 0.250 seconds
[2022-12-29 17:11:01,426] {processor.py:153} INFO - Started process (PID=9436) to work on /opt/airflow/dags/populating_platform.py
[2022-12-29 17:11:01,427] {processor.py:641} INFO - Processing file /opt/airflow/dags/populating_platform.py for tasks to queue
[2022-12-29 17:11:01,427] {logging_mixin.py:115} INFO - [2022-12-29 17:11:01,427] {dagbag.py:507} INFO - Filling up the DagBag from /opt/airflow/dags/populating_platform.py
[2022-12-29 17:11:01,596] {processor.py:651} INFO - DAG(s) dict_keys(['populating_platform']) retrieved from /opt/airflow/dags/populating_platform.py
[2022-12-29 17:11:01,642] {logging_mixin.py:115} INFO - [2022-12-29 17:11:01,642] {dag.py:2371} INFO - Sync 1 DAGs
[2022-12-29 17:11:01,656] {logging_mixin.py:115} INFO - [2022-12-29 17:11:01,656] {dag.py:2919} INFO - Setting next_dagrun for populating_platform to 2022-12-28T17:11:01.656606+00:00, run_after=2022-12-29T17:11:01.656606+00:00
[2022-12-29 17:11:01,665] {processor.py:161} INFO - Processing /opt/airflow/dags/populating_platform.py took 0.242 seconds
[2022-12-29 17:11:31,910] {processor.py:153} INFO - Started process (PID=9501) to work on /opt/airflow/dags/populating_platform.py
[2022-12-29 17:11:31,910] {processor.py:641} INFO - Processing file /opt/airflow/dags/populating_platform.py for tasks to queue
[2022-12-29 17:11:31,911] {logging_mixin.py:115} INFO - [2022-12-29 17:11:31,911] {dagbag.py:507} INFO - Filling up the DagBag from /opt/airflow/dags/populating_platform.py
[2022-12-29 17:11:32,086] {processor.py:651} INFO - DAG(s) dict_keys(['populating_platform']) retrieved from /opt/airflow/dags/populating_platform.py
[2022-12-29 17:11:32,132] {logging_mixin.py:115} INFO - [2022-12-29 17:11:32,131] {dag.py:2371} INFO - Sync 1 DAGs
[2022-12-29 17:11:32,146] {logging_mixin.py:115} INFO - [2022-12-29 17:11:32,146] {dag.py:2919} INFO - Setting next_dagrun for populating_platform to 2022-12-28T17:11:32.146319+00:00, run_after=2022-12-29T17:11:32.146319+00:00
[2022-12-29 17:11:32,156] {processor.py:161} INFO - Processing /opt/airflow/dags/populating_platform.py took 0.248 seconds
[2022-12-29 17:12:03,101] {processor.py:153} INFO - Started process (PID=9568) to work on /opt/airflow/dags/populating_platform.py
[2022-12-29 17:12:03,102] {processor.py:641} INFO - Processing file /opt/airflow/dags/populating_platform.py for tasks to queue
[2022-12-29 17:12:03,102] {logging_mixin.py:115} INFO - [2022-12-29 17:12:03,102] {dagbag.py:507} INFO - Filling up the DagBag from /opt/airflow/dags/populating_platform.py
[2022-12-29 17:12:03,269] {processor.py:651} INFO - DAG(s) dict_keys(['populating_platform']) retrieved from /opt/airflow/dags/populating_platform.py
[2022-12-29 17:12:03,313] {logging_mixin.py:115} INFO - [2022-12-29 17:12:03,312] {dag.py:2371} INFO - Sync 1 DAGs
[2022-12-29 17:12:03,327] {logging_mixin.py:115} INFO - [2022-12-29 17:12:03,327] {dag.py:2919} INFO - Setting next_dagrun for populating_platform to 2022-12-28T17:12:03.326918+00:00, run_after=2022-12-29T17:12:03.326918+00:00
[2022-12-29 17:12:03,336] {processor.py:161} INFO - Processing /opt/airflow/dags/populating_platform.py took 0.238 seconds
[2022-12-29 17:12:33,608] {processor.py:153} INFO - Started process (PID=9625) to work on /opt/airflow/dags/populating_platform.py
[2022-12-29 17:12:33,609] {processor.py:641} INFO - Processing file /opt/airflow/dags/populating_platform.py for tasks to queue
[2022-12-29 17:12:33,609] {logging_mixin.py:115} INFO - [2022-12-29 17:12:33,609] {dagbag.py:507} INFO - Filling up the DagBag from /opt/airflow/dags/populating_platform.py
[2022-12-29 17:12:33,763] {processor.py:651} INFO - DAG(s) dict_keys(['populating_platform']) retrieved from /opt/airflow/dags/populating_platform.py
[2022-12-29 17:12:33,806] {logging_mixin.py:115} INFO - [2022-12-29 17:12:33,805] {dag.py:2371} INFO - Sync 1 DAGs
[2022-12-29 17:12:33,819] {logging_mixin.py:115} INFO - [2022-12-29 17:12:33,819] {dag.py:2919} INFO - Setting next_dagrun for populating_platform to 2022-12-28T17:12:33.819386+00:00, run_after=2022-12-29T17:12:33.819386+00:00
[2022-12-29 17:12:33,827] {processor.py:161} INFO - Processing /opt/airflow/dags/populating_platform.py took 0.222 seconds
[2022-12-29 17:13:04,313] {processor.py:153} INFO - Started process (PID=9692) to work on /opt/airflow/dags/populating_platform.py
[2022-12-29 17:13:04,313] {processor.py:641} INFO - Processing file /opt/airflow/dags/populating_platform.py for tasks to queue
[2022-12-29 17:13:04,313] {logging_mixin.py:115} INFO - [2022-12-29 17:13:04,313] {dagbag.py:507} INFO - Filling up the DagBag from /opt/airflow/dags/populating_platform.py
[2022-12-29 17:13:04,472] {processor.py:651} INFO - DAG(s) dict_keys(['populating_platform']) retrieved from /opt/airflow/dags/populating_platform.py
[2022-12-29 17:13:04,515] {logging_mixin.py:115} INFO - [2022-12-29 17:13:04,514] {dag.py:2371} INFO - Sync 1 DAGs
[2022-12-29 17:13:04,528] {logging_mixin.py:115} INFO - [2022-12-29 17:13:04,528] {dag.py:2919} INFO - Setting next_dagrun for populating_platform to 2022-12-28T17:13:04.528599+00:00, run_after=2022-12-29T17:13:04.528599+00:00
[2022-12-29 17:13:04,538] {processor.py:161} INFO - Processing /opt/airflow/dags/populating_platform.py took 0.227 seconds
[2022-12-29 17:13:34,655] {processor.py:153} INFO - Started process (PID=9758) to work on /opt/airflow/dags/populating_platform.py
[2022-12-29 17:13:34,655] {processor.py:641} INFO - Processing file /opt/airflow/dags/populating_platform.py for tasks to queue
[2022-12-29 17:13:34,655] {logging_mixin.py:115} INFO - [2022-12-29 17:13:34,655] {dagbag.py:507} INFO - Filling up the DagBag from /opt/airflow/dags/populating_platform.py
[2022-12-29 17:13:34,834] {processor.py:651} INFO - DAG(s) dict_keys(['populating_platform']) retrieved from /opt/airflow/dags/populating_platform.py
[2022-12-29 17:13:34,879] {logging_mixin.py:115} INFO - [2022-12-29 17:13:34,879] {dag.py:2371} INFO - Sync 1 DAGs
[2022-12-29 17:13:34,894] {logging_mixin.py:115} INFO - [2022-12-29 17:13:34,894] {dag.py:2919} INFO - Setting next_dagrun for populating_platform to 2022-12-28T17:13:34.894379+00:00, run_after=2022-12-29T17:13:34.894379+00:00
[2022-12-29 17:13:34,904] {processor.py:161} INFO - Processing /opt/airflow/dags/populating_platform.py took 0.252 seconds
[2022-12-29 17:14:05,013] {processor.py:153} INFO - Started process (PID=9822) to work on /opt/airflow/dags/populating_platform.py
[2022-12-29 17:14:05,014] {processor.py:641} INFO - Processing file /opt/airflow/dags/populating_platform.py for tasks to queue
[2022-12-29 17:14:05,015] {logging_mixin.py:115} INFO - [2022-12-29 17:14:05,015] {dagbag.py:507} INFO - Filling up the DagBag from /opt/airflow/dags/populating_platform.py
[2022-12-29 17:14:05,357] {processor.py:651} INFO - DAG(s) dict_keys(['populating_platform']) retrieved from /opt/airflow/dags/populating_platform.py
[2022-12-29 17:14:05,443] {logging_mixin.py:115} INFO - [2022-12-29 17:14:05,442] {dag.py:2371} INFO - Sync 1 DAGs
[2022-12-29 17:14:05,466] {logging_mixin.py:115} INFO - [2022-12-29 17:14:05,466] {dag.py:2919} INFO - Setting next_dagrun for populating_platform to 2022-12-28T17:14:05.465305+00:00, run_after=2022-12-29T17:14:05.465305+00:00
[2022-12-29 17:14:05,484] {processor.py:161} INFO - Processing /opt/airflow/dags/populating_platform.py took 0.473 seconds
[2022-12-29 17:14:35,520] {processor.py:153} INFO - Started process (PID=9881) to work on /opt/airflow/dags/populating_platform.py
[2022-12-29 17:14:35,520] {processor.py:641} INFO - Processing file /opt/airflow/dags/populating_platform.py for tasks to queue
[2022-12-29 17:14:35,521] {logging_mixin.py:115} INFO - [2022-12-29 17:14:35,521] {dagbag.py:507} INFO - Filling up the DagBag from /opt/airflow/dags/populating_platform.py
[2022-12-29 17:14:35,690] {processor.py:651} INFO - DAG(s) dict_keys(['populating_platform']) retrieved from /opt/airflow/dags/populating_platform.py
[2022-12-29 17:14:35,739] {logging_mixin.py:115} INFO - [2022-12-29 17:14:35,738] {dag.py:2371} INFO - Sync 1 DAGs
[2022-12-29 17:14:35,754] {logging_mixin.py:115} INFO - [2022-12-29 17:14:35,754] {dag.py:2919} INFO - Setting next_dagrun for populating_platform to 2022-12-28T17:14:35.754157+00:00, run_after=2022-12-29T17:14:35.754157+00:00
[2022-12-29 17:14:35,766] {processor.py:161} INFO - Processing /opt/airflow/dags/populating_platform.py took 0.249 seconds
[2022-12-29 17:15:05,983] {processor.py:153} INFO - Started process (PID=9949) to work on /opt/airflow/dags/populating_platform.py
[2022-12-29 17:15:05,983] {processor.py:641} INFO - Processing file /opt/airflow/dags/populating_platform.py for tasks to queue
[2022-12-29 17:15:05,984] {logging_mixin.py:115} INFO - [2022-12-29 17:15:05,984] {dagbag.py:507} INFO - Filling up the DagBag from /opt/airflow/dags/populating_platform.py
[2022-12-29 17:15:06,148] {processor.py:651} INFO - DAG(s) dict_keys(['populating_platform']) retrieved from /opt/airflow/dags/populating_platform.py
[2022-12-29 17:15:06,195] {logging_mixin.py:115} INFO - [2022-12-29 17:15:06,194] {dag.py:2371} INFO - Sync 1 DAGs
[2022-12-29 17:15:06,212] {logging_mixin.py:115} INFO - [2022-12-29 17:15:06,212] {dag.py:2919} INFO - Setting next_dagrun for populating_platform to 2022-12-28T17:15:06.212098+00:00, run_after=2022-12-29T17:15:06.212098+00:00
[2022-12-29 17:15:06,223] {processor.py:161} INFO - Processing /opt/airflow/dags/populating_platform.py took 0.242 seconds
[2022-12-29 17:15:36,333] {processor.py:153} INFO - Started process (PID=10016) to work on /opt/airflow/dags/populating_platform.py
[2022-12-29 17:15:36,334] {processor.py:641} INFO - Processing file /opt/airflow/dags/populating_platform.py for tasks to queue
[2022-12-29 17:15:36,335] {logging_mixin.py:115} INFO - [2022-12-29 17:15:36,335] {dagbag.py:507} INFO - Filling up the DagBag from /opt/airflow/dags/populating_platform.py
[2022-12-29 17:15:36,508] {processor.py:651} INFO - DAG(s) dict_keys(['populating_platform']) retrieved from /opt/airflow/dags/populating_platform.py
[2022-12-29 17:15:36,554] {logging_mixin.py:115} INFO - [2022-12-29 17:15:36,553] {dag.py:2371} INFO - Sync 1 DAGs
[2022-12-29 17:15:36,569] {logging_mixin.py:115} INFO - [2022-12-29 17:15:36,569] {dag.py:2919} INFO - Setting next_dagrun for populating_platform to 2022-12-28T17:15:36.569284+00:00, run_after=2022-12-29T17:15:36.569284+00:00
[2022-12-29 17:15:36,578] {processor.py:161} INFO - Processing /opt/airflow/dags/populating_platform.py took 0.247 seconds
[2022-12-29 17:16:06,819] {processor.py:153} INFO - Started process (PID=10073) to work on /opt/airflow/dags/populating_platform.py
[2022-12-29 17:16:06,820] {processor.py:641} INFO - Processing file /opt/airflow/dags/populating_platform.py for tasks to queue
[2022-12-29 17:16:06,821] {logging_mixin.py:115} INFO - [2022-12-29 17:16:06,821] {dagbag.py:507} INFO - Filling up the DagBag from /opt/airflow/dags/populating_platform.py
[2022-12-29 17:16:06,992] {processor.py:651} INFO - DAG(s) dict_keys(['populating_platform']) retrieved from /opt/airflow/dags/populating_platform.py
[2022-12-29 17:16:07,036] {logging_mixin.py:115} INFO - [2022-12-29 17:16:07,036] {dag.py:2371} INFO - Sync 1 DAGs
[2022-12-29 17:16:07,050] {logging_mixin.py:115} INFO - [2022-12-29 17:16:07,050] {dag.py:2919} INFO - Setting next_dagrun for populating_platform to 2022-12-28T17:16:07.050494+00:00, run_after=2022-12-29T17:16:07.050494+00:00
[2022-12-29 17:16:07,059] {processor.py:161} INFO - Processing /opt/airflow/dags/populating_platform.py took 0.243 seconds
[2022-12-29 17:16:37,075] {processor.py:153} INFO - Started process (PID=10138) to work on /opt/airflow/dags/populating_platform.py
[2022-12-29 17:16:37,076] {processor.py:641} INFO - Processing file /opt/airflow/dags/populating_platform.py for tasks to queue
[2022-12-29 17:16:37,077] {logging_mixin.py:115} INFO - [2022-12-29 17:16:37,076] {dagbag.py:507} INFO - Filling up the DagBag from /opt/airflow/dags/populating_platform.py
[2022-12-29 17:16:37,273] {processor.py:651} INFO - DAG(s) dict_keys(['populating_platform']) retrieved from /opt/airflow/dags/populating_platform.py
[2022-12-29 17:16:37,321] {logging_mixin.py:115} INFO - [2022-12-29 17:16:37,321] {dag.py:2371} INFO - Sync 1 DAGs
[2022-12-29 17:16:37,337] {logging_mixin.py:115} INFO - [2022-12-29 17:16:37,337] {dag.py:2919} INFO - Setting next_dagrun for populating_platform to 2022-12-28T17:16:37.336834+00:00, run_after=2022-12-29T17:16:37.336834+00:00
[2022-12-29 17:16:37,348] {processor.py:161} INFO - Processing /opt/airflow/dags/populating_platform.py took 0.275 seconds
[2022-12-29 17:17:07,526] {processor.py:153} INFO - Started process (PID=10206) to work on /opt/airflow/dags/populating_platform.py
[2022-12-29 17:17:07,526] {processor.py:641} INFO - Processing file /opt/airflow/dags/populating_platform.py for tasks to queue
[2022-12-29 17:17:07,526] {logging_mixin.py:115} INFO - [2022-12-29 17:17:07,526] {dagbag.py:507} INFO - Filling up the DagBag from /opt/airflow/dags/populating_platform.py
[2022-12-29 17:17:07,696] {processor.py:651} INFO - DAG(s) dict_keys(['populating_platform']) retrieved from /opt/airflow/dags/populating_platform.py
[2022-12-29 17:17:07,751] {logging_mixin.py:115} INFO - [2022-12-29 17:17:07,751] {dag.py:2371} INFO - Sync 1 DAGs
[2022-12-29 17:17:07,765] {logging_mixin.py:115} INFO - [2022-12-29 17:17:07,765] {dag.py:2919} INFO - Setting next_dagrun for populating_platform to 2022-12-28T17:17:07.765653+00:00, run_after=2022-12-29T17:17:07.765653+00:00
[2022-12-29 17:17:07,773] {processor.py:161} INFO - Processing /opt/airflow/dags/populating_platform.py took 0.250 seconds
[2022-12-29 17:17:37,924] {processor.py:153} INFO - Started process (PID=10273) to work on /opt/airflow/dags/populating_platform.py
[2022-12-29 17:17:37,925] {processor.py:641} INFO - Processing file /opt/airflow/dags/populating_platform.py for tasks to queue
[2022-12-29 17:17:37,925] {logging_mixin.py:115} INFO - [2022-12-29 17:17:37,925] {dagbag.py:507} INFO - Filling up the DagBag from /opt/airflow/dags/populating_platform.py
[2022-12-29 17:17:38,081] {processor.py:651} INFO - DAG(s) dict_keys(['populating_platform']) retrieved from /opt/airflow/dags/populating_platform.py
[2022-12-29 17:17:38,124] {logging_mixin.py:115} INFO - [2022-12-29 17:17:38,123] {dag.py:2371} INFO - Sync 1 DAGs
[2022-12-29 17:17:38,137] {logging_mixin.py:115} INFO - [2022-12-29 17:17:38,137] {dag.py:2919} INFO - Setting next_dagrun for populating_platform to 2022-12-28T17:17:38.137664+00:00, run_after=2022-12-29T17:17:38.137664+00:00
[2022-12-29 17:17:38,146] {processor.py:161} INFO - Processing /opt/airflow/dags/populating_platform.py took 0.225 seconds
[2022-12-29 17:18:08,621] {processor.py:153} INFO - Started process (PID=10329) to work on /opt/airflow/dags/populating_platform.py
[2022-12-29 17:18:08,622] {processor.py:641} INFO - Processing file /opt/airflow/dags/populating_platform.py for tasks to queue
[2022-12-29 17:18:08,623] {logging_mixin.py:115} INFO - [2022-12-29 17:18:08,623] {dagbag.py:507} INFO - Filling up the DagBag from /opt/airflow/dags/populating_platform.py
[2022-12-29 17:18:08,779] {processor.py:651} INFO - DAG(s) dict_keys(['populating_platform']) retrieved from /opt/airflow/dags/populating_platform.py
[2022-12-29 17:18:08,821] {logging_mixin.py:115} INFO - [2022-12-29 17:18:08,820] {dag.py:2371} INFO - Sync 1 DAGs
[2022-12-29 17:18:08,834] {logging_mixin.py:115} INFO - [2022-12-29 17:18:08,834] {dag.py:2919} INFO - Setting next_dagrun for populating_platform to 2022-12-28T17:18:08.834226+00:00, run_after=2022-12-29T17:18:08.834226+00:00
[2022-12-29 17:18:08,842] {processor.py:161} INFO - Processing /opt/airflow/dags/populating_platform.py took 0.223 seconds
[2022-12-29 17:18:39,019] {processor.py:153} INFO - Started process (PID=10395) to work on /opt/airflow/dags/populating_platform.py
[2022-12-29 17:18:39,019] {processor.py:641} INFO - Processing file /opt/airflow/dags/populating_platform.py for tasks to queue
[2022-12-29 17:18:39,020] {logging_mixin.py:115} INFO - [2022-12-29 17:18:39,019] {dagbag.py:507} INFO - Filling up the DagBag from /opt/airflow/dags/populating_platform.py
[2022-12-29 17:18:39,190] {processor.py:651} INFO - DAG(s) dict_keys(['populating_platform']) retrieved from /opt/airflow/dags/populating_platform.py
[2022-12-29 17:18:39,237] {logging_mixin.py:115} INFO - [2022-12-29 17:18:39,237] {dag.py:2371} INFO - Sync 1 DAGs
[2022-12-29 17:18:39,252] {logging_mixin.py:115} INFO - [2022-12-29 17:18:39,252] {dag.py:2919} INFO - Setting next_dagrun for populating_platform to 2022-12-28T17:18:39.252180+00:00, run_after=2022-12-29T17:18:39.252180+00:00
[2022-12-29 17:18:39,262] {processor.py:161} INFO - Processing /opt/airflow/dags/populating_platform.py took 0.245 seconds
[2022-12-29 17:19:10,272] {processor.py:153} INFO - Started process (PID=10463) to work on /opt/airflow/dags/populating_platform.py
[2022-12-29 17:19:10,272] {processor.py:641} INFO - Processing file /opt/airflow/dags/populating_platform.py for tasks to queue
[2022-12-29 17:19:10,272] {logging_mixin.py:115} INFO - [2022-12-29 17:19:10,272] {dagbag.py:507} INFO - Filling up the DagBag from /opt/airflow/dags/populating_platform.py
[2022-12-29 17:19:10,433] {processor.py:651} INFO - DAG(s) dict_keys(['populating_platform']) retrieved from /opt/airflow/dags/populating_platform.py
[2022-12-29 17:19:10,491] {logging_mixin.py:115} INFO - [2022-12-29 17:19:10,490] {dag.py:2371} INFO - Sync 1 DAGs
[2022-12-29 17:19:10,507] {logging_mixin.py:115} INFO - [2022-12-29 17:19:10,507] {dag.py:2919} INFO - Setting next_dagrun for populating_platform to 2022-12-28T17:19:10.506897+00:00, run_after=2022-12-29T17:19:10.506897+00:00
[2022-12-29 17:19:10,517] {processor.py:161} INFO - Processing /opt/airflow/dags/populating_platform.py took 0.247 seconds
[2022-12-29 17:19:41,518] {processor.py:153} INFO - Started process (PID=10529) to work on /opt/airflow/dags/populating_platform.py
[2022-12-29 17:19:41,519] {processor.py:641} INFO - Processing file /opt/airflow/dags/populating_platform.py for tasks to queue
[2022-12-29 17:19:41,519] {logging_mixin.py:115} INFO - [2022-12-29 17:19:41,519] {dagbag.py:507} INFO - Filling up the DagBag from /opt/airflow/dags/populating_platform.py
[2022-12-29 17:19:41,678] {processor.py:651} INFO - DAG(s) dict_keys(['populating_platform']) retrieved from /opt/airflow/dags/populating_platform.py
[2022-12-29 17:19:41,719] {logging_mixin.py:115} INFO - [2022-12-29 17:19:41,719] {dag.py:2371} INFO - Sync 1 DAGs
[2022-12-29 17:19:41,733] {logging_mixin.py:115} INFO - [2022-12-29 17:19:41,733] {dag.py:2919} INFO - Setting next_dagrun for populating_platform to 2022-12-28T17:19:41.733245+00:00, run_after=2022-12-29T17:19:41.733245+00:00
[2022-12-29 17:19:41,742] {processor.py:161} INFO - Processing /opt/airflow/dags/populating_platform.py took 0.227 seconds
[2022-12-29 17:20:11,769] {processor.py:153} INFO - Started process (PID=10595) to work on /opt/airflow/dags/populating_platform.py
[2022-12-29 17:20:11,769] {processor.py:641} INFO - Processing file /opt/airflow/dags/populating_platform.py for tasks to queue
[2022-12-29 17:20:11,770] {logging_mixin.py:115} INFO - [2022-12-29 17:20:11,770] {dagbag.py:507} INFO - Filling up the DagBag from /opt/airflow/dags/populating_platform.py
[2022-12-29 17:20:11,961] {processor.py:651} INFO - DAG(s) dict_keys(['populating_platform']) retrieved from /opt/airflow/dags/populating_platform.py
[2022-12-29 17:20:12,006] {logging_mixin.py:115} INFO - [2022-12-29 17:20:12,005] {dag.py:2371} INFO - Sync 1 DAGs
[2022-12-29 17:20:12,027] {logging_mixin.py:115} INFO - [2022-12-29 17:20:12,027] {dag.py:2919} INFO - Setting next_dagrun for populating_platform to 2022-12-28T17:20:12.027535+00:00, run_after=2022-12-29T17:20:12.027535+00:00
[2022-12-29 17:20:12,045] {processor.py:161} INFO - Processing /opt/airflow/dags/populating_platform.py took 0.278 seconds
[2022-12-29 17:20:42,063] {processor.py:153} INFO - Started process (PID=10651) to work on /opt/airflow/dags/populating_platform.py
[2022-12-29 17:20:42,064] {processor.py:641} INFO - Processing file /opt/airflow/dags/populating_platform.py for tasks to queue
[2022-12-29 17:20:42,065] {logging_mixin.py:115} INFO - [2022-12-29 17:20:42,065] {dagbag.py:507} INFO - Filling up the DagBag from /opt/airflow/dags/populating_platform.py
[2022-12-29 17:20:42,225] {processor.py:651} INFO - DAG(s) dict_keys(['populating_platform']) retrieved from /opt/airflow/dags/populating_platform.py
[2022-12-29 17:20:42,266] {logging_mixin.py:115} INFO - [2022-12-29 17:20:42,265] {dag.py:2371} INFO - Sync 1 DAGs
[2022-12-29 17:20:42,278] {logging_mixin.py:115} INFO - [2022-12-29 17:20:42,278] {dag.py:2919} INFO - Setting next_dagrun for populating_platform to 2022-12-28T17:20:42.278706+00:00, run_after=2022-12-29T17:20:42.278706+00:00
[2022-12-29 17:20:42,287] {processor.py:161} INFO - Processing /opt/airflow/dags/populating_platform.py took 0.226 seconds
[2022-12-29 17:21:12,329] {processor.py:153} INFO - Started process (PID=10719) to work on /opt/airflow/dags/populating_platform.py
[2022-12-29 17:21:12,329] {processor.py:641} INFO - Processing file /opt/airflow/dags/populating_platform.py for tasks to queue
[2022-12-29 17:21:12,330] {logging_mixin.py:115} INFO - [2022-12-29 17:21:12,330] {dagbag.py:507} INFO - Filling up the DagBag from /opt/airflow/dags/populating_platform.py
[2022-12-29 17:21:12,484] {processor.py:651} INFO - DAG(s) dict_keys(['populating_platform']) retrieved from /opt/airflow/dags/populating_platform.py
[2022-12-29 17:21:12,528] {logging_mixin.py:115} INFO - [2022-12-29 17:21:12,528] {dag.py:2371} INFO - Sync 1 DAGs
[2022-12-29 17:21:12,542] {logging_mixin.py:115} INFO - [2022-12-29 17:21:12,542] {dag.py:2919} INFO - Setting next_dagrun for populating_platform to 2022-12-28T17:21:12.542472+00:00, run_after=2022-12-29T17:21:12.542472+00:00
[2022-12-29 17:21:12,552] {processor.py:161} INFO - Processing /opt/airflow/dags/populating_platform.py took 0.225 seconds
[2022-12-29 17:21:42,846] {processor.py:153} INFO - Started process (PID=10785) to work on /opt/airflow/dags/populating_platform.py
[2022-12-29 17:21:42,847] {processor.py:641} INFO - Processing file /opt/airflow/dags/populating_platform.py for tasks to queue
[2022-12-29 17:21:42,848] {logging_mixin.py:115} INFO - [2022-12-29 17:21:42,848] {dagbag.py:507} INFO - Filling up the DagBag from /opt/airflow/dags/populating_platform.py
[2022-12-29 17:21:43,002] {processor.py:651} INFO - DAG(s) dict_keys(['populating_platform']) retrieved from /opt/airflow/dags/populating_platform.py
[2022-12-29 17:21:43,044] {logging_mixin.py:115} INFO - [2022-12-29 17:21:43,043] {dag.py:2371} INFO - Sync 1 DAGs
[2022-12-29 17:21:43,057] {logging_mixin.py:115} INFO - [2022-12-29 17:21:43,057] {dag.py:2919} INFO - Setting next_dagrun for populating_platform to 2022-12-28T17:21:43.057126+00:00, run_after=2022-12-29T17:21:43.057126+00:00
[2022-12-29 17:21:43,065] {processor.py:161} INFO - Processing /opt/airflow/dags/populating_platform.py took 0.221 seconds
[2022-12-29 17:22:13,298] {processor.py:153} INFO - Started process (PID=10842) to work on /opt/airflow/dags/populating_platform.py
[2022-12-29 17:22:13,299] {processor.py:641} INFO - Processing file /opt/airflow/dags/populating_platform.py for tasks to queue
[2022-12-29 17:22:13,299] {logging_mixin.py:115} INFO - [2022-12-29 17:22:13,299] {dagbag.py:507} INFO - Filling up the DagBag from /opt/airflow/dags/populating_platform.py
[2022-12-29 17:22:13,459] {processor.py:651} INFO - DAG(s) dict_keys(['populating_platform']) retrieved from /opt/airflow/dags/populating_platform.py
[2022-12-29 17:22:13,507] {logging_mixin.py:115} INFO - [2022-12-29 17:22:13,507] {dag.py:2371} INFO - Sync 1 DAGs
[2022-12-29 17:22:13,521] {logging_mixin.py:115} INFO - [2022-12-29 17:22:13,520] {dag.py:2919} INFO - Setting next_dagrun for populating_platform to 2022-12-28T17:22:13.520816+00:00, run_after=2022-12-29T17:22:13.520816+00:00
[2022-12-29 17:22:13,529] {processor.py:161} INFO - Processing /opt/airflow/dags/populating_platform.py took 0.233 seconds
[2022-12-29 17:22:43,621] {processor.py:153} INFO - Started process (PID=10909) to work on /opt/airflow/dags/populating_platform.py
[2022-12-29 17:22:43,622] {processor.py:641} INFO - Processing file /opt/airflow/dags/populating_platform.py for tasks to queue
[2022-12-29 17:22:43,623] {logging_mixin.py:115} INFO - [2022-12-29 17:22:43,623] {dagbag.py:507} INFO - Filling up the DagBag from /opt/airflow/dags/populating_platform.py
[2022-12-29 17:22:43,808] {processor.py:651} INFO - DAG(s) dict_keys(['populating_platform']) retrieved from /opt/airflow/dags/populating_platform.py
[2022-12-29 17:22:43,857] {logging_mixin.py:115} INFO - [2022-12-29 17:22:43,856] {dag.py:2371} INFO - Sync 1 DAGs
[2022-12-29 17:22:43,871] {logging_mixin.py:115} INFO - [2022-12-29 17:22:43,871] {dag.py:2919} INFO - Setting next_dagrun for populating_platform to 2022-12-28T17:22:43.870913+00:00, run_after=2022-12-29T17:22:43.870913+00:00
[2022-12-29 17:22:43,880] {processor.py:161} INFO - Processing /opt/airflow/dags/populating_platform.py took 0.261 seconds
[2022-12-29 17:23:14,067] {processor.py:153} INFO - Started process (PID=10975) to work on /opt/airflow/dags/populating_platform.py
[2022-12-29 17:23:14,067] {processor.py:641} INFO - Processing file /opt/airflow/dags/populating_platform.py for tasks to queue
[2022-12-29 17:23:14,068] {logging_mixin.py:115} INFO - [2022-12-29 17:23:14,068] {dagbag.py:507} INFO - Filling up the DagBag from /opt/airflow/dags/populating_platform.py
[2022-12-29 17:23:14,235] {processor.py:651} INFO - DAG(s) dict_keys(['populating_platform']) retrieved from /opt/airflow/dags/populating_platform.py
[2022-12-29 17:23:14,285] {logging_mixin.py:115} INFO - [2022-12-29 17:23:14,284] {dag.py:2371} INFO - Sync 1 DAGs
[2022-12-29 17:23:14,299] {logging_mixin.py:115} INFO - [2022-12-29 17:23:14,299] {dag.py:2919} INFO - Setting next_dagrun for populating_platform to 2022-12-28T17:23:14.299569+00:00, run_after=2022-12-29T17:23:14.299569+00:00
[2022-12-29 17:23:14,310] {processor.py:161} INFO - Processing /opt/airflow/dags/populating_platform.py took 0.245 seconds
