[2023-01-01 11:53:03,886] {taskinstance.py:1159} INFO - Dependencies all met for <TaskInstance: populating_platform.dag6_load_to_bigquery manual__2023-01-01T11:52:54.189604+00:00 [queued]>
[2023-01-01 11:53:03,896] {taskinstance.py:1159} INFO - Dependencies all met for <TaskInstance: populating_platform.dag6_load_to_bigquery manual__2023-01-01T11:52:54.189604+00:00 [queued]>
[2023-01-01 11:53:03,896] {taskinstance.py:1356} INFO - 
--------------------------------------------------------------------------------
[2023-01-01 11:53:03,896] {taskinstance.py:1357} INFO - Starting attempt 1 of 1
[2023-01-01 11:53:03,897] {taskinstance.py:1358} INFO - 
--------------------------------------------------------------------------------
[2023-01-01 11:53:03,911] {taskinstance.py:1377} INFO - Executing <Task(_PythonDecoratedOperator): dag6_load_to_bigquery> on 2023-01-01 11:52:54.189604+00:00
[2023-01-01 11:53:03,916] {standard_task_runner.py:52} INFO - Started process 4520 to run task
[2023-01-01 11:53:03,918] {standard_task_runner.py:79} INFO - Running: ['***', 'tasks', 'run', 'populating_platform', 'dag6_load_to_bigquery', 'manual__2023-01-01T11:52:54.189604+00:00', '--job-id', '14', '--raw', '--subdir', 'DAGS_FOLDER/populating_platform.py', '--cfg-path', '/tmp/tmpluy8dm1v', '--error-file', '/tmp/tmpqrapksf2']
[2023-01-01 11:53:03,919] {standard_task_runner.py:80} INFO - Job 14: Subtask dag6_load_to_bigquery
[2023-01-01 11:53:03,959] {task_command.py:369} INFO - Running <TaskInstance: populating_platform.dag6_load_to_bigquery manual__2023-01-01T11:52:54.189604+00:00 [running]> on host fd91d50c498d
[2023-01-01 11:53:04,013] {taskinstance.py:1571} INFO - Exporting the following env vars:
AIRFLOW_CTX_DAG_OWNER=***
AIRFLOW_CTX_DAG_ID=populating_platform
AIRFLOW_CTX_TASK_ID=dag6_load_to_bigquery
AIRFLOW_CTX_EXECUTION_DATE=2023-01-01T11:52:54.189604+00:00
AIRFLOW_CTX_TRY_NUMBER=1
AIRFLOW_CTX_DAG_RUN_ID=manual__2023-01-01T11:52:54.189604+00:00
[2023-01-01 11:53:08,343] {python.py:173} INFO - Done. Returned value was: None
[2023-01-01 11:53:08,355] {taskinstance.py:1400} INFO - Marking task as SUCCESS. dag_id=populating_platform, task_id=dag6_load_to_bigquery, execution_date=20230101T115254, start_date=20230101T115303, end_date=20230101T115308
[2023-01-01 11:53:08,383] {local_task_job.py:156} INFO - Task exited with return code 0
[2023-01-01 11:53:08,406] {local_task_job.py:273} INFO - 0 downstream tasks scheduled from follow-on schedule check
