[2022-12-29 16:39:26,888] {taskinstance.py:1159} INFO - Dependencies all met for <TaskInstance: load_rates.dag3_create_dataframe manual__2022-12-29T16:39:19.249478+00:00 [queued]>
[2022-12-29 16:39:26,893] {taskinstance.py:1159} INFO - Dependencies all met for <TaskInstance: load_rates.dag3_create_dataframe manual__2022-12-29T16:39:19.249478+00:00 [queued]>
[2022-12-29 16:39:26,893] {taskinstance.py:1356} INFO - 
--------------------------------------------------------------------------------
[2022-12-29 16:39:26,893] {taskinstance.py:1357} INFO - Starting attempt 1 of 1
[2022-12-29 16:39:26,893] {taskinstance.py:1358} INFO - 
--------------------------------------------------------------------------------
[2022-12-29 16:39:26,903] {taskinstance.py:1377} INFO - Executing <Task(_PythonDecoratedOperator): dag3_create_dataframe> on 2022-12-29 16:39:19.249478+00:00
[2022-12-29 16:39:26,908] {standard_task_runner.py:52} INFO - Started process 15308 to run task
[2022-12-29 16:39:26,910] {standard_task_runner.py:79} INFO - Running: ['***', 'tasks', 'run', 'load_rates', 'dag3_create_dataframe', 'manual__2022-12-29T16:39:19.249478+00:00', '--job-id', '47', '--raw', '--subdir', 'DAGS_FOLDER/extract_data.py', '--cfg-path', '/tmp/tmpnflr7igv', '--error-file', '/tmp/tmp64prqx40']
[2022-12-29 16:39:26,911] {standard_task_runner.py:80} INFO - Job 47: Subtask dag3_create_dataframe
[2022-12-29 16:39:26,950] {task_command.py:369} INFO - Running <TaskInstance: load_rates.dag3_create_dataframe manual__2022-12-29T16:39:19.249478+00:00 [running]> on host 99c1092660ad
[2022-12-29 16:39:27,052] {taskinstance.py:1571} INFO - Exporting the following env vars:
AIRFLOW_CTX_DAG_OWNER=***
AIRFLOW_CTX_DAG_ID=load_rates
AIRFLOW_CTX_TASK_ID=dag3_create_dataframe
AIRFLOW_CTX_EXECUTION_DATE=2022-12-29T16:39:19.249478+00:00
AIRFLOW_CTX_TRY_NUMBER=1
AIRFLOW_CTX_DAG_RUN_ID=manual__2022-12-29T16:39:19.249478+00:00
[2022-12-29 16:39:27,126] {python.py:173} INFO - Done. Returned value was: None
[2022-12-29 16:39:27,136] {taskinstance.py:1400} INFO - Marking task as SUCCESS. dag_id=load_rates, task_id=dag3_create_dataframe, execution_date=20221229T163919, start_date=20221229T163926, end_date=20221229T163927
[2022-12-29 16:39:27,162] {local_task_job.py:156} INFO - Task exited with return code 0
[2022-12-29 16:39:27,192] {local_task_job.py:273} INFO - 2 downstream tasks scheduled from follow-on schedule check
