[2022-12-30 11:38:20,797] {taskinstance.py:1159} INFO - Dependencies all met for <TaskInstance: insert_new_rates.dag2_extract_rates_dictionary scheduled__2022-12-29T11:37:59.470053+00:00 [queued]>
[2022-12-30 11:38:20,804] {taskinstance.py:1159} INFO - Dependencies all met for <TaskInstance: insert_new_rates.dag2_extract_rates_dictionary scheduled__2022-12-29T11:37:59.470053+00:00 [queued]>
[2022-12-30 11:38:20,804] {taskinstance.py:1356} INFO - 
--------------------------------------------------------------------------------
[2022-12-30 11:38:20,804] {taskinstance.py:1357} INFO - Starting attempt 1 of 1
[2022-12-30 11:38:20,804] {taskinstance.py:1358} INFO - 
--------------------------------------------------------------------------------
[2022-12-30 11:38:20,814] {taskinstance.py:1377} INFO - Executing <Task(_PythonDecoratedOperator): dag2_extract_rates_dictionary> on 2022-12-29 11:37:59.470053+00:00
[2022-12-30 11:38:20,819] {standard_task_runner.py:52} INFO - Started process 257 to run task
[2022-12-30 11:38:20,821] {standard_task_runner.py:79} INFO - Running: ['***', 'tasks', 'run', 'insert_new_rates', 'dag2_extract_rates_dictionary', 'scheduled__2022-12-29T11:37:59.470053+00:00', '--job-id', '61', '--raw', '--subdir', 'DAGS_FOLDER/insert_new_rates.py', '--cfg-path', '/tmp/tmpedf9pc5g', '--error-file', '/tmp/tmptg9s1cf_']
[2022-12-30 11:38:20,822] {standard_task_runner.py:80} INFO - Job 61: Subtask dag2_extract_rates_dictionary
[2022-12-30 11:38:20,857] {task_command.py:369} INFO - Running <TaskInstance: insert_new_rates.dag2_extract_rates_dictionary scheduled__2022-12-29T11:37:59.470053+00:00 [running]> on host 99c1092660ad
[2022-12-30 11:38:20,916] {taskinstance.py:1571} INFO - Exporting the following env vars:
AIRFLOW_CTX_DAG_OWNER=***
AIRFLOW_CTX_DAG_ID=insert_new_rates
AIRFLOW_CTX_TASK_ID=dag2_extract_rates_dictionary
AIRFLOW_CTX_EXECUTION_DATE=2022-12-29T11:37:59.470053+00:00
AIRFLOW_CTX_TRY_NUMBER=1
AIRFLOW_CTX_DAG_RUN_ID=scheduled__2022-12-29T11:37:59.470053+00:00
[2022-12-30 11:38:20,917] {python.py:173} INFO - Done. Returned value was: {'2022-03-03': {'AED': 4.064516, 'AFN': 101.055317, 'ALL': 122.783756, 'AMD': 551.816924, 'ANG': 1.998007, 'AOA': 546.909202, 'ARS': 119.561279, 'AUD': 1.508608, 'AWG': 1.992091, 'AZN': 1.878952, 'BAM': 1.95581, 'BBD': 2.238437, 'BDT': 95.371535, 'BGN': 1.957411, 'BHD': 0.417081, 'BIF': 2216.697284, 'BMD': 1.106564, 'BND': 1.50543, 'BOB': 7.621781, 'BRL': 5.568669, 'BSD': 1.108669, 'BTC': 2.6068153e-05, 'BTN': 84.250438, 'BWP': 12.876145, 'BYN': 3.428365, 'BYR': 21688.649005, 'BZD': 2.234737, 'CAD': 1.40221, 'CDF': 2229.726177, 'CHF': 1.015937, 'CLF': 0.031927, 'CLP': 880.968673, 'CNY': 6.993706, 'COP': 4160.070995, 'CRC': 711.927011, 'CUC': 1.106564, 'CUP': 29.323939, 'CVE': 110.260389, 'CZK': 25.776071, 'DJF': 197.364422, 'DKK': 7.438878, 'DOP': 60.50929, 'DZD': 157.231714, 'EGP': 17.407022, 'ERN': 16.598477, 'ETB': 56.842066, 'EUR': 1, 'FJD': 2.342485, 'FKP': 0.80549, 'GBP': 0.828882, 'GEL': 3.546523, 'GGP': 0.80549, 'GHS': 7.621781, 'GIP': 0.805489, 'GMD': 58.981885, 'GNF': 9948.239025, 'GTQ': 8.547543, 'GYD': 232.010298, 'HKD': 8.648736, 'HNL': 27.298735, 'HRK': 7.560931, 'HTG': 116.002625, 'HUF': 380.447866, 'IDR': 15889.591149, 'ILS': 3.589483, 'IMP': 0.80549, 'INR': 83.979279, 'IQD': 1618.077711, 'IRR': 46807.645538, 'ISK': 143.399138, 'JEP': 0.80549, 'JMD': 171.986031, 'JOD': 0.784526, 'JPY': 127.784902, 'KES': 126.325021, 'KGS': 106.964434, 'KHR': 4506.591176, 'KMF': 492.365801, 'KPW': 995.907526, 'KRW': 1335.61161, 'KWD': 0.335514, 'KYD': 0.923891, 'KZT': 552.024375, 'LAK': 12713.070461, 'LBP': 1676.290494, 'LKR': 224.504412, 'LRD': 170.74324, 'LSL': 16.808332, 'LTL': 3.267395, 'LVL': 0.669349, 'LYD': 5.124432, 'MAD': 10.665354, 'MDL': 20.371692, 'MGA': 4421.145043, 'MKD': 61.613815, 'MMK': 1971.326076, 'MNT': 3163.478861, 'MOP': 8.922846, 'MRO': 395.043059, 'MUR': 49.009651, 'MVR': 17.096173, 'MWK': 890.961818, 'MXN': 22.843066, 'MYR': 4.632627, 'MZN': 70.631696, 'NAD': 16.891733, 'NGN': 461.204941, 'NIO': 39.639163, 'NOK': 9.86257, 'NPR': 134.798754, 'NZD': 1.625155, 'OMR': 0.42591, 'PAB': 1.108654, 'PEN': 4.15702, 'PGK': 3.926418, 'PHP': 57.131889, 'PKR': 197.749843, 'PLN': 4.813915, 'PYG': 7719.542297, 'QAR': 4.028969, 'RON': 4.948444, 'RSD': 117.650221, 'RUB': 121.168047, 'RWF': 1124.202987, 'SAR': 4.151809, 'SBD': 8.923953, 'SCR': 15.937262, 'SDG': 494.081928, 'SEK': 10.782224, 'SGD': 1.501392, 'SHP': 1.524181, 'SLL': 12891.467505, 'SOS': 648.446651, 'SRD': 22.590467, 'STD': 22903.634959, 'SVC': 9.700901, 'SYP': 2779.687828, 'SZL': 16.937515, 'THB': 36.045758, 'TJS': 12.511273, 'TMT': 3.872973, 'TND': 3.238361, 'TOP': 2.518151, 'TRY': 15.623018, 'TTD': 7.523623, 'TWD': 31.056264, 'TZS': 2566.449908, 'UAH': 33.314006, 'UGX': 3948.93486, 'USD': 1.106564, 'UYU': 47.172027, 'UZS': 12084.334647, 'VEF': 236616767295.43134, 'VND': 25271.149064, 'VUV': 125.784663, 'WST': 2.890724, 'XAF': 655.92957, 'XAG': 0.04914, 'XAU': 0.000612, 'XCD': 2.990544, 'XDR': 0.797159, 'XOF': 655.938461, 'XPF': 119.91572, 'YER': 276.917253, 'ZAR': 16.823343, 'ZMK': 9960.395838, 'ZMW': 19.900138, 'ZWL': 356.313068}}
[2022-12-30 11:38:20,943] {taskinstance.py:1400} INFO - Marking task as SUCCESS. dag_id=insert_new_rates, task_id=dag2_extract_rates_dictionary, execution_date=20221229T113759, start_date=20221230T113820, end_date=20221230T113820
[2022-12-30 11:38:20,994] {local_task_job.py:156} INFO - Task exited with return code 0
[2022-12-30 11:38:21,027] {local_task_job.py:273} INFO - 1 downstream tasks scheduled from follow-on schedule check
