[2022-12-30 11:44:19,221] {taskinstance.py:1159} INFO - Dependencies all met for <TaskInstance: insert_new_rates.dag4_process_EOD_rates manual__2022-12-30T11:38:17.935605+00:00 [queued]>
[2022-12-30 11:44:19,227] {taskinstance.py:1159} INFO - Dependencies all met for <TaskInstance: insert_new_rates.dag4_process_EOD_rates manual__2022-12-30T11:38:17.935605+00:00 [queued]>
[2022-12-30 11:44:19,227] {taskinstance.py:1356} INFO - 
--------------------------------------------------------------------------------
[2022-12-30 11:44:19,227] {taskinstance.py:1357} INFO - Starting attempt 1 of 1
[2022-12-30 11:44:19,227] {taskinstance.py:1358} INFO - 
--------------------------------------------------------------------------------
[2022-12-30 11:44:19,237] {taskinstance.py:1377} INFO - Executing <Task(_PythonDecoratedOperator): dag4_process_EOD_rates> on 2022-12-30 11:38:17.935605+00:00
[2022-12-30 11:44:19,300] {standard_task_runner.py:52} INFO - Started process 573 to run task
[2022-12-30 11:44:19,303] {standard_task_runner.py:79} INFO - Running: ['***', 'tasks', 'run', 'insert_new_rates', 'dag4_process_EOD_rates', 'manual__2022-12-30T11:38:17.935605+00:00', '--job-id', '65', '--raw', '--subdir', 'DAGS_FOLDER/insert_new_rates.py', '--cfg-path', '/tmp/tmpy5kw0mke', '--error-file', '/tmp/tmpf5w2ar8l']
[2022-12-30 11:44:19,304] {standard_task_runner.py:80} INFO - Job 65: Subtask dag4_process_EOD_rates
[2022-12-30 11:44:19,342] {task_command.py:369} INFO - Running <TaskInstance: insert_new_rates.dag4_process_EOD_rates manual__2022-12-30T11:38:17.935605+00:00 [running]> on host 99c1092660ad
[2022-12-30 11:44:19,394] {taskinstance.py:1571} INFO - Exporting the following env vars:
AIRFLOW_CTX_DAG_OWNER=***
AIRFLOW_CTX_DAG_ID=insert_new_rates
AIRFLOW_CTX_TASK_ID=dag4_process_EOD_rates
AIRFLOW_CTX_EXECUTION_DATE=2022-12-30T11:38:17.935605+00:00
AIRFLOW_CTX_TRY_NUMBER=1
AIRFLOW_CTX_DAG_RUN_ID=manual__2022-12-30T11:38:17.935605+00:00
[2022-12-30 11:44:19,408] {python.py:173} INFO - Done. Returned value was: None
[2022-12-30 11:44:19,416] {taskinstance.py:1400} INFO - Marking task as SUCCESS. dag_id=insert_new_rates, task_id=dag4_process_EOD_rates, execution_date=20221230T113817, start_date=20221230T114419, end_date=20221230T114419
[2022-12-30 11:44:19,435] {local_task_job.py:156} INFO - Task exited with return code 0
[2022-12-30 11:44:19,459] {local_task_job.py:273} INFO - 1 downstream tasks scheduled from follow-on schedule check
