[2023-01-01 11:53:01,091] {taskinstance.py:1159} INFO - Dependencies all met for <TaskInstance: populating_platform.dag4_load_to_google_storage manual__2023-01-01T11:52:54.189604+00:00 [queued]>
[2023-01-01 11:53:01,099] {taskinstance.py:1159} INFO - Dependencies all met for <TaskInstance: populating_platform.dag4_load_to_google_storage manual__2023-01-01T11:52:54.189604+00:00 [queued]>
[2023-01-01 11:53:01,099] {taskinstance.py:1356} INFO - 
--------------------------------------------------------------------------------
[2023-01-01 11:53:01,099] {taskinstance.py:1357} INFO - Starting attempt 1 of 1
[2023-01-01 11:53:01,099] {taskinstance.py:1358} INFO - 
--------------------------------------------------------------------------------
[2023-01-01 11:53:01,125] {taskinstance.py:1377} INFO - Executing <Task(_PythonDecoratedOperator): dag4_load_to_google_storage> on 2023-01-01 11:52:54.189604+00:00
[2023-01-01 11:53:01,130] {standard_task_runner.py:52} INFO - Started process 4517 to run task
[2023-01-01 11:53:01,132] {standard_task_runner.py:79} INFO - Running: ['***', 'tasks', 'run', 'populating_platform', 'dag4_load_to_google_storage', 'manual__2023-01-01T11:52:54.189604+00:00', '--job-id', '13', '--raw', '--subdir', 'DAGS_FOLDER/populating_platform.py', '--cfg-path', '/tmp/tmpn4sesx2q', '--error-file', '/tmp/tmpn3jxj6pj']
[2023-01-01 11:53:01,133] {standard_task_runner.py:80} INFO - Job 13: Subtask dag4_load_to_google_storage
[2023-01-01 11:53:01,175] {task_command.py:369} INFO - Running <TaskInstance: populating_platform.dag4_load_to_google_storage manual__2023-01-01T11:52:54.189604+00:00 [running]> on host fd91d50c498d
[2023-01-01 11:53:01,227] {taskinstance.py:1571} INFO - Exporting the following env vars:
AIRFLOW_CTX_DAG_OWNER=***
AIRFLOW_CTX_DAG_ID=populating_platform
AIRFLOW_CTX_TASK_ID=dag4_load_to_google_storage
AIRFLOW_CTX_EXECUTION_DATE=2023-01-01T11:52:54.189604+00:00
AIRFLOW_CTX_TRY_NUMBER=1
AIRFLOW_CTX_DAG_RUN_ID=manual__2023-01-01T11:52:54.189604+00:00
[2023-01-01 11:53:02,667] {python.py:173} INFO - Done. Returned value was: None
[2023-01-01 11:53:02,677] {taskinstance.py:1400} INFO - Marking task as SUCCESS. dag_id=populating_platform, task_id=dag4_load_to_google_storage, execution_date=20230101T115254, start_date=20230101T115301, end_date=20230101T115302
[2023-01-01 11:53:02,709] {local_task_job.py:156} INFO - Task exited with return code 0
[2023-01-01 11:53:02,734] {local_task_job.py:273} INFO - 1 downstream tasks scheduled from follow-on schedule check
