[2022-12-12 13:01:09,864] {taskinstance.py:1159} INFO - Dependencies all met for <TaskInstance: load_rates.create_dataframe manual__2022-12-12T13:01:08.162234+00:00 [queued]>
[2022-12-12 13:01:09,870] {taskinstance.py:1159} INFO - Dependencies all met for <TaskInstance: load_rates.create_dataframe manual__2022-12-12T13:01:08.162234+00:00 [queued]>
[2022-12-12 13:01:09,870] {taskinstance.py:1356} INFO - 
--------------------------------------------------------------------------------
[2022-12-12 13:01:09,870] {taskinstance.py:1357} INFO - Starting attempt 1 of 1
[2022-12-12 13:01:09,870] {taskinstance.py:1358} INFO - 
--------------------------------------------------------------------------------
[2022-12-12 13:01:10,009] {taskinstance.py:1377} INFO - Executing <Task(_PythonDecoratedOperator): create_dataframe> on 2022-12-12 13:01:08.162234+00:00
[2022-12-12 13:01:10,015] {standard_task_runner.py:52} INFO - Started process 4024 to run task
[2022-12-12 13:01:10,019] {standard_task_runner.py:79} INFO - Running: ['***', 'tasks', 'run', 'load_rates', 'create_dataframe', 'manual__2022-12-12T13:01:08.162234+00:00', '--job-id', '21', '--raw', '--subdir', 'DAGS_FOLDER/load_rates.py', '--cfg-path', '/tmp/tmpqlmygbmo', '--error-file', '/tmp/tmp9ffkrau8']
[2022-12-12 13:01:10,020] {standard_task_runner.py:80} INFO - Job 21: Subtask create_dataframe
[2022-12-12 13:01:10,161] {task_command.py:369} INFO - Running <TaskInstance: load_rates.create_dataframe manual__2022-12-12T13:01:08.162234+00:00 [running]> on host 58259600a754
[2022-12-12 13:01:10,248] {taskinstance.py:1571} INFO - Exporting the following env vars:
AIRFLOW_CTX_DAG_OWNER=***
AIRFLOW_CTX_DAG_ID=load_rates
AIRFLOW_CTX_TASK_ID=create_dataframe
AIRFLOW_CTX_EXECUTION_DATE=2022-12-12T13:01:08.162234+00:00
AIRFLOW_CTX_TRY_NUMBER=1
AIRFLOW_CTX_DAG_RUN_ID=manual__2022-12-12T13:01:08.162234+00:00
[2022-12-12 13:01:10,260] {python.py:173} INFO - Done. Returned value was:         AED         AFN         ALL  ...           ZMK        ZMW         ZWL
0  4.176782  117.979297  121.277018  ...  10235.677475  18.948740  366.160363
1  4.176782  117.979297  121.277018  ...  10235.677475  18.948740  366.160363
2  4.177235  117.993578  121.292102  ...  10236.956907  18.951110  366.206170
3  4.150540  117.235943  120.060423  ...  10171.194552  18.841523  363.853655
4  4.144514  118.362513  119.463303  ...  10156.445865  18.864138  363.326122
5  4.155551  119.074390  120.943795  ...  10183.461167  18.973170  364.293086

[6 rows x 168 columns]
[2022-12-12 13:01:10,309] {xcom.py:585} ERROR - Could not serialize the XCom value into JSON. If you are using pickle instead of JSON for XCom, then you need to enable pickle support for XCom in your *** config.
[2022-12-12 13:01:10,309] {taskinstance.py:1889} ERROR - Task failed with exception
Traceback (most recent call last):
  File "/home/airflow/.local/lib/python3.7/site-packages/airflow/utils/session.py", line 68, in wrapper
    return func(*args, **kwargs)
  File "/home/airflow/.local/lib/python3.7/site-packages/airflow/models/taskinstance.py", line 2380, in xcom_push
    session=session,
  File "/home/airflow/.local/lib/python3.7/site-packages/airflow/utils/session.py", line 68, in wrapper
    return func(*args, **kwargs)
  File "/home/airflow/.local/lib/python3.7/site-packages/airflow/models/xcom.py", line 197, in set
    map_index=map_index,
  File "/home/airflow/.local/lib/python3.7/site-packages/airflow/models/xcom.py", line 582, in serialize_value
    return json.dumps(value).encode('UTF-8')
  File "/usr/local/lib/python3.7/json/__init__.py", line 231, in dumps
    return _default_encoder.encode(obj)
  File "/usr/local/lib/python3.7/json/encoder.py", line 199, in encode
    chunks = self.iterencode(o, _one_shot=True)
  File "/usr/local/lib/python3.7/json/encoder.py", line 257, in iterencode
    return _iterencode(o, 0)
  File "/usr/local/lib/python3.7/json/encoder.py", line 179, in default
    raise TypeError(f'Object of type {o.__class__.__name__} '
TypeError: Object of type DataFrame is not JSON serializable
[2022-12-12 13:01:10,315] {taskinstance.py:1400} INFO - Marking task as FAILED. dag_id=load_rates, task_id=create_dataframe, execution_date=20221212T130108, start_date=20221212T130109, end_date=20221212T130110
[2022-12-12 13:01:10,322] {standard_task_runner.py:97} ERROR - Failed to execute job 21 for task create_dataframe (Object of type DataFrame is not JSON serializable; 4024)
[2022-12-12 13:01:10,351] {local_task_job.py:156} INFO - Task exited with return code 1
[2022-12-12 13:01:10,384] {local_task_job.py:273} INFO - 0 downstream tasks scheduled from follow-on schedule check
