[2023-01-01 11:52:09,427] {taskinstance.py:1159} INFO - Dependencies all met for <TaskInstance: populating_platform.dag4_load_to_google_storage scheduled__2022-12-31T11:51:48.990648+00:00 [queued]>
[2023-01-01 11:52:09,434] {taskinstance.py:1159} INFO - Dependencies all met for <TaskInstance: populating_platform.dag4_load_to_google_storage scheduled__2022-12-31T11:51:48.990648+00:00 [queued]>
[2023-01-01 11:52:09,434] {taskinstance.py:1356} INFO - 
--------------------------------------------------------------------------------
[2023-01-01 11:52:09,434] {taskinstance.py:1357} INFO - Starting attempt 1 of 1
[2023-01-01 11:52:09,434] {taskinstance.py:1358} INFO - 
--------------------------------------------------------------------------------
[2023-01-01 11:52:09,444] {taskinstance.py:1377} INFO - Executing <Task(_PythonDecoratedOperator): dag4_load_to_google_storage> on 2022-12-31 11:51:48.990648+00:00
[2023-01-01 11:52:09,449] {standard_task_runner.py:52} INFO - Started process 4452 to run task
[2023-01-01 11:52:09,451] {standard_task_runner.py:79} INFO - Running: ['***', 'tasks', 'run', 'populating_platform', 'dag4_load_to_google_storage', 'scheduled__2022-12-31T11:51:48.990648+00:00', '--job-id', '6', '--raw', '--subdir', 'DAGS_FOLDER/populating_platform.py', '--cfg-path', '/tmp/tmpq8w6uqyj', '--error-file', '/tmp/tmp8359sw0q']
[2023-01-01 11:52:09,452] {standard_task_runner.py:80} INFO - Job 6: Subtask dag4_load_to_google_storage
[2023-01-01 11:52:09,496] {task_command.py:369} INFO - Running <TaskInstance: populating_platform.dag4_load_to_google_storage scheduled__2022-12-31T11:51:48.990648+00:00 [running]> on host fd91d50c498d
[2023-01-01 11:52:09,554] {taskinstance.py:1571} INFO - Exporting the following env vars:
AIRFLOW_CTX_DAG_OWNER=***
AIRFLOW_CTX_DAG_ID=populating_platform
AIRFLOW_CTX_TASK_ID=dag4_load_to_google_storage
AIRFLOW_CTX_EXECUTION_DATE=2022-12-31T11:51:48.990648+00:00
AIRFLOW_CTX_TRY_NUMBER=1
AIRFLOW_CTX_DAG_RUN_ID=scheduled__2022-12-31T11:51:48.990648+00:00
[2023-01-01 11:52:11,503] {python.py:173} INFO - Done. Returned value was: None
[2023-01-01 11:52:11,513] {taskinstance.py:1400} INFO - Marking task as SUCCESS. dag_id=populating_platform, task_id=dag4_load_to_google_storage, execution_date=20221231T115148, start_date=20230101T115209, end_date=20230101T115211
[2023-01-01 11:52:11,549] {local_task_job.py:156} INFO - Task exited with return code 0
[2023-01-01 11:52:11,578] {local_task_job.py:273} INFO - 1 downstream tasks scheduled from follow-on schedule check
