[2022-12-12 10:15:01,363] {processor.py:153} INFO - Started process (PID=47) to work on /home/airflow/.local/lib/python3.7/site-packages/airflow/example_dags/example_branch_operator_decorator.py
[2022-12-12 10:15:01,364] {processor.py:641} INFO - Processing file /home/airflow/.local/lib/python3.7/site-packages/airflow/example_dags/example_branch_operator_decorator.py for tasks to queue
[2022-12-12 10:15:01,364] {logging_mixin.py:115} INFO - [2022-12-12 10:15:01,364] {dagbag.py:507} INFO - Filling up the DagBag from /home/airflow/.local/lib/python3.7/site-packages/airflow/example_dags/example_branch_operator_decorator.py
[2022-12-12 10:15:01,386] {processor.py:651} INFO - DAG(s) dict_keys(['example_branch_python_operator_decorator']) retrieved from /home/airflow/.local/lib/python3.7/site-packages/airflow/example_dags/example_branch_operator_decorator.py
[2022-12-12 10:15:01,747] {logging_mixin.py:115} INFO - [2022-12-12 10:15:01,747] {manager.py:508} INFO - Created Permission View: can delete on DAG:example_branch_python_operator_decorator
[2022-12-12 10:15:01,762] {logging_mixin.py:115} INFO - [2022-12-12 10:15:01,761] {manager.py:508} INFO - Created Permission View: can read on DAG:example_branch_python_operator_decorator
[2022-12-12 10:15:01,787] {logging_mixin.py:115} INFO - [2022-12-12 10:15:01,786] {manager.py:508} INFO - Created Permission View: can edit on DAG:example_branch_python_operator_decorator
[2022-12-12 10:15:01,787] {logging_mixin.py:115} INFO - [2022-12-12 10:15:01,787] {dag.py:2371} INFO - Sync 1 DAGs
[2022-12-12 10:15:01,805] {logging_mixin.py:115} INFO - [2022-12-12 10:15:01,805] {dag.py:2390} INFO - Creating ORM DAG for example_branch_python_operator_decorator
[2022-12-12 10:15:01,821] {logging_mixin.py:115} INFO - [2022-12-12 10:15:01,820] {dag.py:2919} INFO - Setting next_dagrun for example_branch_python_operator_decorator to 2022-12-11T00:00:00+00:00, run_after=2022-12-12T00:00:00+00:00
[2022-12-12 10:15:01,844] {processor.py:161} INFO - Processing /home/airflow/.local/lib/python3.7/site-packages/airflow/example_dags/example_branch_operator_decorator.py took 0.483 seconds
[2022-12-12 10:15:34,201] {processor.py:153} INFO - Started process (PID=109) to work on /home/airflow/.local/lib/python3.7/site-packages/airflow/example_dags/example_branch_operator_decorator.py
[2022-12-12 10:15:34,201] {processor.py:641} INFO - Processing file /home/airflow/.local/lib/python3.7/site-packages/airflow/example_dags/example_branch_operator_decorator.py for tasks to queue
[2022-12-12 10:15:34,202] {logging_mixin.py:115} INFO - [2022-12-12 10:15:34,202] {dagbag.py:507} INFO - Filling up the DagBag from /home/airflow/.local/lib/python3.7/site-packages/airflow/example_dags/example_branch_operator_decorator.py
[2022-12-12 10:15:34,215] {processor.py:651} INFO - DAG(s) dict_keys(['example_branch_python_operator_decorator']) retrieved from /home/airflow/.local/lib/python3.7/site-packages/airflow/example_dags/example_branch_operator_decorator.py
[2022-12-12 10:15:34,239] {logging_mixin.py:115} INFO - [2022-12-12 10:15:34,239] {dag.py:2371} INFO - Sync 1 DAGs
[2022-12-12 10:15:34,342] {logging_mixin.py:115} INFO - [2022-12-12 10:15:34,342] {dag.py:2919} INFO - Setting next_dagrun for example_branch_python_operator_decorator to 2022-12-11T00:00:00+00:00, run_after=2022-12-12T00:00:00+00:00
[2022-12-12 10:15:34,350] {processor.py:161} INFO - Processing /home/airflow/.local/lib/python3.7/site-packages/airflow/example_dags/example_branch_operator_decorator.py took 0.152 seconds
[2022-12-12 10:16:04,617] {processor.py:153} INFO - Started process (PID=172) to work on /home/airflow/.local/lib/python3.7/site-packages/airflow/example_dags/example_branch_operator_decorator.py
[2022-12-12 10:16:04,673] {processor.py:641} INFO - Processing file /home/airflow/.local/lib/python3.7/site-packages/airflow/example_dags/example_branch_operator_decorator.py for tasks to queue
[2022-12-12 10:16:04,673] {logging_mixin.py:115} INFO - [2022-12-12 10:16:04,673] {dagbag.py:507} INFO - Filling up the DagBag from /home/airflow/.local/lib/python3.7/site-packages/airflow/example_dags/example_branch_operator_decorator.py
[2022-12-12 10:16:04,688] {processor.py:651} INFO - DAG(s) dict_keys(['example_branch_python_operator_decorator']) retrieved from /home/airflow/.local/lib/python3.7/site-packages/airflow/example_dags/example_branch_operator_decorator.py
[2022-12-12 10:16:04,710] {logging_mixin.py:115} INFO - [2022-12-12 10:16:04,710] {dag.py:2371} INFO - Sync 1 DAGs
[2022-12-12 10:16:04,802] {logging_mixin.py:115} INFO - [2022-12-12 10:16:04,802] {dag.py:2919} INFO - Setting next_dagrun for example_branch_python_operator_decorator to 2022-12-11T00:00:00+00:00, run_after=2022-12-12T00:00:00+00:00
[2022-12-12 10:16:04,809] {processor.py:161} INFO - Processing /home/airflow/.local/lib/python3.7/site-packages/airflow/example_dags/example_branch_operator_decorator.py took 0.196 seconds
[2022-12-12 10:16:35,063] {processor.py:153} INFO - Started process (PID=234) to work on /home/airflow/.local/lib/python3.7/site-packages/airflow/example_dags/example_branch_operator_decorator.py
[2022-12-12 10:16:35,064] {processor.py:641} INFO - Processing file /home/airflow/.local/lib/python3.7/site-packages/airflow/example_dags/example_branch_operator_decorator.py for tasks to queue
[2022-12-12 10:16:35,065] {logging_mixin.py:115} INFO - [2022-12-12 10:16:35,065] {dagbag.py:507} INFO - Filling up the DagBag from /home/airflow/.local/lib/python3.7/site-packages/airflow/example_dags/example_branch_operator_decorator.py
[2022-12-12 10:16:35,081] {processor.py:651} INFO - DAG(s) dict_keys(['example_branch_python_operator_decorator']) retrieved from /home/airflow/.local/lib/python3.7/site-packages/airflow/example_dags/example_branch_operator_decorator.py
[2022-12-12 10:16:35,102] {logging_mixin.py:115} INFO - [2022-12-12 10:16:35,102] {dag.py:2371} INFO - Sync 1 DAGs
[2022-12-12 10:16:35,200] {logging_mixin.py:115} INFO - [2022-12-12 10:16:35,200] {dag.py:2919} INFO - Setting next_dagrun for example_branch_python_operator_decorator to 2022-12-11T00:00:00+00:00, run_after=2022-12-12T00:00:00+00:00
[2022-12-12 10:16:35,207] {processor.py:161} INFO - Processing /home/airflow/.local/lib/python3.7/site-packages/airflow/example_dags/example_branch_operator_decorator.py took 0.146 seconds
[2022-12-12 10:17:05,277] {processor.py:153} INFO - Started process (PID=297) to work on /home/airflow/.local/lib/python3.7/site-packages/airflow/example_dags/example_branch_operator_decorator.py
[2022-12-12 10:17:05,427] {processor.py:641} INFO - Processing file /home/airflow/.local/lib/python3.7/site-packages/airflow/example_dags/example_branch_operator_decorator.py for tasks to queue
[2022-12-12 10:17:05,427] {logging_mixin.py:115} INFO - [2022-12-12 10:17:05,427] {dagbag.py:507} INFO - Filling up the DagBag from /home/airflow/.local/lib/python3.7/site-packages/airflow/example_dags/example_branch_operator_decorator.py
[2022-12-12 10:17:05,463] {processor.py:651} INFO - DAG(s) dict_keys(['example_branch_python_operator_decorator']) retrieved from /home/airflow/.local/lib/python3.7/site-packages/airflow/example_dags/example_branch_operator_decorator.py
[2022-12-12 10:17:05,490] {logging_mixin.py:115} INFO - [2022-12-12 10:17:05,490] {dag.py:2371} INFO - Sync 1 DAGs
[2022-12-12 10:17:05,606] {logging_mixin.py:115} INFO - [2022-12-12 10:17:05,606] {dag.py:2919} INFO - Setting next_dagrun for example_branch_python_operator_decorator to 2022-12-11T00:00:00+00:00, run_after=2022-12-12T00:00:00+00:00
[2022-12-12 10:17:05,630] {processor.py:161} INFO - Processing /home/airflow/.local/lib/python3.7/site-packages/airflow/example_dags/example_branch_operator_decorator.py took 0.359 seconds
[2022-12-12 10:17:35,694] {processor.py:153} INFO - Started process (PID=349) to work on /home/airflow/.local/lib/python3.7/site-packages/airflow/example_dags/example_branch_operator_decorator.py
[2022-12-12 10:17:35,695] {processor.py:641} INFO - Processing file /home/airflow/.local/lib/python3.7/site-packages/airflow/example_dags/example_branch_operator_decorator.py for tasks to queue
[2022-12-12 10:17:35,695] {logging_mixin.py:115} INFO - [2022-12-12 10:17:35,695] {dagbag.py:507} INFO - Filling up the DagBag from /home/airflow/.local/lib/python3.7/site-packages/airflow/example_dags/example_branch_operator_decorator.py
[2022-12-12 10:17:35,709] {processor.py:651} INFO - DAG(s) dict_keys(['example_branch_python_operator_decorator']) retrieved from /home/airflow/.local/lib/python3.7/site-packages/airflow/example_dags/example_branch_operator_decorator.py
[2022-12-12 10:17:35,733] {logging_mixin.py:115} INFO - [2022-12-12 10:17:35,733] {dag.py:2371} INFO - Sync 1 DAGs
[2022-12-12 10:17:35,840] {logging_mixin.py:115} INFO - [2022-12-12 10:17:35,840] {dag.py:2919} INFO - Setting next_dagrun for example_branch_python_operator_decorator to 2022-12-11T00:00:00+00:00, run_after=2022-12-12T00:00:00+00:00
[2022-12-12 10:17:35,847] {processor.py:161} INFO - Processing /home/airflow/.local/lib/python3.7/site-packages/airflow/example_dags/example_branch_operator_decorator.py took 0.155 seconds
[2022-12-12 10:18:05,866] {processor.py:153} INFO - Started process (PID=412) to work on /home/airflow/.local/lib/python3.7/site-packages/airflow/example_dags/example_branch_operator_decorator.py
[2022-12-12 10:18:05,867] {processor.py:641} INFO - Processing file /home/airflow/.local/lib/python3.7/site-packages/airflow/example_dags/example_branch_operator_decorator.py for tasks to queue
[2022-12-12 10:18:05,867] {logging_mixin.py:115} INFO - [2022-12-12 10:18:05,867] {dagbag.py:507} INFO - Filling up the DagBag from /home/airflow/.local/lib/python3.7/site-packages/airflow/example_dags/example_branch_operator_decorator.py
[2022-12-12 10:18:05,881] {processor.py:651} INFO - DAG(s) dict_keys(['example_branch_python_operator_decorator']) retrieved from /home/airflow/.local/lib/python3.7/site-packages/airflow/example_dags/example_branch_operator_decorator.py
[2022-12-12 10:18:05,904] {logging_mixin.py:115} INFO - [2022-12-12 10:18:05,904] {dag.py:2371} INFO - Sync 1 DAGs
[2022-12-12 10:18:06,012] {logging_mixin.py:115} INFO - [2022-12-12 10:18:06,012] {dag.py:2919} INFO - Setting next_dagrun for example_branch_python_operator_decorator to 2022-12-11T00:00:00+00:00, run_after=2022-12-12T00:00:00+00:00
[2022-12-12 10:18:06,021] {processor.py:161} INFO - Processing /home/airflow/.local/lib/python3.7/site-packages/airflow/example_dags/example_branch_operator_decorator.py took 0.157 seconds
[2022-12-12 10:18:36,712] {processor.py:153} INFO - Started process (PID=476) to work on /home/airflow/.local/lib/python3.7/site-packages/airflow/example_dags/example_branch_operator_decorator.py
[2022-12-12 10:18:36,713] {processor.py:641} INFO - Processing file /home/airflow/.local/lib/python3.7/site-packages/airflow/example_dags/example_branch_operator_decorator.py for tasks to queue
[2022-12-12 10:18:36,713] {logging_mixin.py:115} INFO - [2022-12-12 10:18:36,713] {dagbag.py:507} INFO - Filling up the DagBag from /home/airflow/.local/lib/python3.7/site-packages/airflow/example_dags/example_branch_operator_decorator.py
[2022-12-12 10:18:36,727] {processor.py:651} INFO - DAG(s) dict_keys(['example_branch_python_operator_decorator']) retrieved from /home/airflow/.local/lib/python3.7/site-packages/airflow/example_dags/example_branch_operator_decorator.py
[2022-12-12 10:18:36,747] {logging_mixin.py:115} INFO - [2022-12-12 10:18:36,747] {dag.py:2371} INFO - Sync 1 DAGs
[2022-12-12 10:18:36,845] {logging_mixin.py:115} INFO - [2022-12-12 10:18:36,845] {dag.py:2919} INFO - Setting next_dagrun for example_branch_python_operator_decorator to 2022-12-11T00:00:00+00:00, run_after=2022-12-12T00:00:00+00:00
[2022-12-12 10:18:36,854] {processor.py:161} INFO - Processing /home/airflow/.local/lib/python3.7/site-packages/airflow/example_dags/example_branch_operator_decorator.py took 0.144 seconds
[2022-12-12 10:19:07,751] {processor.py:153} INFO - Started process (PID=540) to work on /home/airflow/.local/lib/python3.7/site-packages/airflow/example_dags/example_branch_operator_decorator.py
[2022-12-12 10:19:07,751] {processor.py:641} INFO - Processing file /home/airflow/.local/lib/python3.7/site-packages/airflow/example_dags/example_branch_operator_decorator.py for tasks to queue
[2022-12-12 10:19:07,752] {logging_mixin.py:115} INFO - [2022-12-12 10:19:07,752] {dagbag.py:507} INFO - Filling up the DagBag from /home/airflow/.local/lib/python3.7/site-packages/airflow/example_dags/example_branch_operator_decorator.py
[2022-12-12 10:19:07,773] {processor.py:651} INFO - DAG(s) dict_keys(['example_branch_python_operator_decorator']) retrieved from /home/airflow/.local/lib/python3.7/site-packages/airflow/example_dags/example_branch_operator_decorator.py
[2022-12-12 10:19:07,801] {logging_mixin.py:115} INFO - [2022-12-12 10:19:07,801] {dag.py:2371} INFO - Sync 1 DAGs
[2022-12-12 10:19:07,905] {logging_mixin.py:115} INFO - [2022-12-12 10:19:07,905] {dag.py:2919} INFO - Setting next_dagrun for example_branch_python_operator_decorator to 2022-12-11T00:00:00+00:00, run_after=2022-12-12T00:00:00+00:00
[2022-12-12 10:19:07,915] {processor.py:161} INFO - Processing /home/airflow/.local/lib/python3.7/site-packages/airflow/example_dags/example_branch_operator_decorator.py took 0.167 seconds
[2022-12-12 10:19:38,742] {processor.py:153} INFO - Started process (PID=593) to work on /home/airflow/.local/lib/python3.7/site-packages/airflow/example_dags/example_branch_operator_decorator.py
[2022-12-12 10:19:38,742] {processor.py:641} INFO - Processing file /home/airflow/.local/lib/python3.7/site-packages/airflow/example_dags/example_branch_operator_decorator.py for tasks to queue
[2022-12-12 10:19:38,743] {logging_mixin.py:115} INFO - [2022-12-12 10:19:38,742] {dagbag.py:507} INFO - Filling up the DagBag from /home/airflow/.local/lib/python3.7/site-packages/airflow/example_dags/example_branch_operator_decorator.py
[2022-12-12 10:19:38,757] {processor.py:651} INFO - DAG(s) dict_keys(['example_branch_python_operator_decorator']) retrieved from /home/airflow/.local/lib/python3.7/site-packages/airflow/example_dags/example_branch_operator_decorator.py
[2022-12-12 10:19:38,780] {logging_mixin.py:115} INFO - [2022-12-12 10:19:38,780] {dag.py:2371} INFO - Sync 1 DAGs
[2022-12-12 10:19:38,887] {logging_mixin.py:115} INFO - [2022-12-12 10:19:38,887] {dag.py:2919} INFO - Setting next_dagrun for example_branch_python_operator_decorator to 2022-12-11T00:00:00+00:00, run_after=2022-12-12T00:00:00+00:00
[2022-12-12 10:19:38,897] {processor.py:161} INFO - Processing /home/airflow/.local/lib/python3.7/site-packages/airflow/example_dags/example_branch_operator_decorator.py took 0.158 seconds
[2022-12-12 10:20:09,847] {processor.py:153} INFO - Started process (PID=657) to work on /home/airflow/.local/lib/python3.7/site-packages/airflow/example_dags/example_branch_operator_decorator.py
[2022-12-12 10:20:09,848] {processor.py:641} INFO - Processing file /home/airflow/.local/lib/python3.7/site-packages/airflow/example_dags/example_branch_operator_decorator.py for tasks to queue
[2022-12-12 10:20:09,849] {logging_mixin.py:115} INFO - [2022-12-12 10:20:09,849] {dagbag.py:507} INFO - Filling up the DagBag from /home/airflow/.local/lib/python3.7/site-packages/airflow/example_dags/example_branch_operator_decorator.py
[2022-12-12 10:20:09,870] {processor.py:651} INFO - DAG(s) dict_keys(['example_branch_python_operator_decorator']) retrieved from /home/airflow/.local/lib/python3.7/site-packages/airflow/example_dags/example_branch_operator_decorator.py
[2022-12-12 10:20:09,991] {logging_mixin.py:115} INFO - [2022-12-12 10:20:09,991] {dag.py:2371} INFO - Sync 1 DAGs
[2022-12-12 10:20:10,007] {logging_mixin.py:115} INFO - [2022-12-12 10:20:10,007] {dag.py:2919} INFO - Setting next_dagrun for example_branch_python_operator_decorator to 2022-12-11T00:00:00+00:00, run_after=2022-12-12T00:00:00+00:00
[2022-12-12 10:20:10,016] {processor.py:161} INFO - Processing /home/airflow/.local/lib/python3.7/site-packages/airflow/example_dags/example_branch_operator_decorator.py took 0.172 seconds
[2022-12-12 10:20:40,254] {processor.py:153} INFO - Started process (PID=718) to work on /home/airflow/.local/lib/python3.7/site-packages/airflow/example_dags/example_branch_operator_decorator.py
[2022-12-12 10:20:40,254] {processor.py:641} INFO - Processing file /home/airflow/.local/lib/python3.7/site-packages/airflow/example_dags/example_branch_operator_decorator.py for tasks to queue
[2022-12-12 10:20:40,255] {logging_mixin.py:115} INFO - [2022-12-12 10:20:40,254] {dagbag.py:507} INFO - Filling up the DagBag from /home/airflow/.local/lib/python3.7/site-packages/airflow/example_dags/example_branch_operator_decorator.py
[2022-12-12 10:20:40,271] {processor.py:651} INFO - DAG(s) dict_keys(['example_branch_python_operator_decorator']) retrieved from /home/airflow/.local/lib/python3.7/site-packages/airflow/example_dags/example_branch_operator_decorator.py
[2022-12-12 10:20:40,371] {logging_mixin.py:115} INFO - [2022-12-12 10:20:40,371] {dag.py:2371} INFO - Sync 1 DAGs
[2022-12-12 10:20:40,388] {logging_mixin.py:115} INFO - [2022-12-12 10:20:40,388] {dag.py:2919} INFO - Setting next_dagrun for example_branch_python_operator_decorator to 2022-12-11T00:00:00+00:00, run_after=2022-12-12T00:00:00+00:00
[2022-12-12 10:20:40,397] {processor.py:161} INFO - Processing /home/airflow/.local/lib/python3.7/site-packages/airflow/example_dags/example_branch_operator_decorator.py took 0.146 seconds
[2022-12-12 10:21:10,518] {processor.py:153} INFO - Started process (PID=780) to work on /home/airflow/.local/lib/python3.7/site-packages/airflow/example_dags/example_branch_operator_decorator.py
[2022-12-12 10:21:10,519] {processor.py:641} INFO - Processing file /home/airflow/.local/lib/python3.7/site-packages/airflow/example_dags/example_branch_operator_decorator.py for tasks to queue
[2022-12-12 10:21:10,519] {logging_mixin.py:115} INFO - [2022-12-12 10:21:10,519] {dagbag.py:507} INFO - Filling up the DagBag from /home/airflow/.local/lib/python3.7/site-packages/airflow/example_dags/example_branch_operator_decorator.py
[2022-12-12 10:21:10,536] {processor.py:651} INFO - DAG(s) dict_keys(['example_branch_python_operator_decorator']) retrieved from /home/airflow/.local/lib/python3.7/site-packages/airflow/example_dags/example_branch_operator_decorator.py
[2022-12-12 10:21:10,644] {logging_mixin.py:115} INFO - [2022-12-12 10:21:10,644] {dag.py:2371} INFO - Sync 1 DAGs
[2022-12-12 10:21:10,660] {logging_mixin.py:115} INFO - [2022-12-12 10:21:10,660] {dag.py:2919} INFO - Setting next_dagrun for example_branch_python_operator_decorator to 2022-12-11T00:00:00+00:00, run_after=2022-12-12T00:00:00+00:00
[2022-12-12 10:21:10,669] {processor.py:161} INFO - Processing /home/airflow/.local/lib/python3.7/site-packages/airflow/example_dags/example_branch_operator_decorator.py took 0.154 seconds
[2022-12-12 10:21:40,729] {processor.py:153} INFO - Started process (PID=832) to work on /home/airflow/.local/lib/python3.7/site-packages/airflow/example_dags/example_branch_operator_decorator.py
[2022-12-12 10:21:40,730] {processor.py:641} INFO - Processing file /home/airflow/.local/lib/python3.7/site-packages/airflow/example_dags/example_branch_operator_decorator.py for tasks to queue
[2022-12-12 10:21:40,730] {logging_mixin.py:115} INFO - [2022-12-12 10:21:40,730] {dagbag.py:507} INFO - Filling up the DagBag from /home/airflow/.local/lib/python3.7/site-packages/airflow/example_dags/example_branch_operator_decorator.py
[2022-12-12 10:21:40,747] {processor.py:651} INFO - DAG(s) dict_keys(['example_branch_python_operator_decorator']) retrieved from /home/airflow/.local/lib/python3.7/site-packages/airflow/example_dags/example_branch_operator_decorator.py
[2022-12-12 10:21:40,853] {logging_mixin.py:115} INFO - [2022-12-12 10:21:40,853] {dag.py:2371} INFO - Sync 1 DAGs
[2022-12-12 10:21:40,868] {logging_mixin.py:115} INFO - [2022-12-12 10:21:40,867] {dag.py:2919} INFO - Setting next_dagrun for example_branch_python_operator_decorator to 2022-12-11T00:00:00+00:00, run_after=2022-12-12T00:00:00+00:00
[2022-12-12 10:21:40,876] {processor.py:161} INFO - Processing /home/airflow/.local/lib/python3.7/site-packages/airflow/example_dags/example_branch_operator_decorator.py took 0.149 seconds
[2022-12-12 11:40:52,576] {processor.py:153} INFO - Started process (PID=47) to work on /home/airflow/.local/lib/python3.7/site-packages/airflow/example_dags/example_branch_operator_decorator.py
[2022-12-12 11:40:52,582] {processor.py:641} INFO - Processing file /home/airflow/.local/lib/python3.7/site-packages/airflow/example_dags/example_branch_operator_decorator.py for tasks to queue
[2022-12-12 11:40:52,583] {logging_mixin.py:115} INFO - [2022-12-12 11:40:52,583] {dagbag.py:507} INFO - Filling up the DagBag from /home/airflow/.local/lib/python3.7/site-packages/airflow/example_dags/example_branch_operator_decorator.py
[2022-12-12 11:40:52,613] {processor.py:651} INFO - DAG(s) dict_keys(['example_branch_python_operator_decorator']) retrieved from /home/airflow/.local/lib/python3.7/site-packages/airflow/example_dags/example_branch_operator_decorator.py
[2022-12-12 11:40:52,643] {logging_mixin.py:115} INFO - [2022-12-12 11:40:52,643] {dag.py:2371} INFO - Sync 1 DAGs
[2022-12-12 11:40:52,766] {logging_mixin.py:115} INFO - [2022-12-12 11:40:52,766] {dag.py:2919} INFO - Setting next_dagrun for example_branch_python_operator_decorator to 2022-12-11T00:00:00+00:00, run_after=2022-12-12T00:00:00+00:00
[2022-12-12 11:40:52,777] {processor.py:161} INFO - Processing /home/airflow/.local/lib/python3.7/site-packages/airflow/example_dags/example_branch_operator_decorator.py took 0.207 seconds
[2022-12-12 11:41:23,249] {processor.py:153} INFO - Started process (PID=111) to work on /home/airflow/.local/lib/python3.7/site-packages/airflow/example_dags/example_branch_operator_decorator.py
[2022-12-12 11:41:23,250] {processor.py:641} INFO - Processing file /home/airflow/.local/lib/python3.7/site-packages/airflow/example_dags/example_branch_operator_decorator.py for tasks to queue
[2022-12-12 11:41:23,250] {logging_mixin.py:115} INFO - [2022-12-12 11:41:23,250] {dagbag.py:507} INFO - Filling up the DagBag from /home/airflow/.local/lib/python3.7/site-packages/airflow/example_dags/example_branch_operator_decorator.py
[2022-12-12 11:41:23,265] {processor.py:651} INFO - DAG(s) dict_keys(['example_branch_python_operator_decorator']) retrieved from /home/airflow/.local/lib/python3.7/site-packages/airflow/example_dags/example_branch_operator_decorator.py
[2022-12-12 11:41:23,287] {logging_mixin.py:115} INFO - [2022-12-12 11:41:23,287] {dag.py:2371} INFO - Sync 1 DAGs
[2022-12-12 11:41:23,389] {logging_mixin.py:115} INFO - [2022-12-12 11:41:23,389] {dag.py:2919} INFO - Setting next_dagrun for example_branch_python_operator_decorator to 2022-12-11T00:00:00+00:00, run_after=2022-12-12T00:00:00+00:00
[2022-12-12 11:41:23,399] {processor.py:161} INFO - Processing /home/airflow/.local/lib/python3.7/site-packages/airflow/example_dags/example_branch_operator_decorator.py took 0.153 seconds
[2022-12-12 11:41:53,563] {processor.py:153} INFO - Started process (PID=174) to work on /home/airflow/.local/lib/python3.7/site-packages/airflow/example_dags/example_branch_operator_decorator.py
[2022-12-12 11:41:53,564] {processor.py:641} INFO - Processing file /home/airflow/.local/lib/python3.7/site-packages/airflow/example_dags/example_branch_operator_decorator.py for tasks to queue
[2022-12-12 11:41:53,564] {logging_mixin.py:115} INFO - [2022-12-12 11:41:53,564] {dagbag.py:507} INFO - Filling up the DagBag from /home/airflow/.local/lib/python3.7/site-packages/airflow/example_dags/example_branch_operator_decorator.py
[2022-12-12 11:41:53,579] {processor.py:651} INFO - DAG(s) dict_keys(['example_branch_python_operator_decorator']) retrieved from /home/airflow/.local/lib/python3.7/site-packages/airflow/example_dags/example_branch_operator_decorator.py
[2022-12-12 11:41:53,602] {logging_mixin.py:115} INFO - [2022-12-12 11:41:53,601] {dag.py:2371} INFO - Sync 1 DAGs
[2022-12-12 11:41:53,704] {logging_mixin.py:115} INFO - [2022-12-12 11:41:53,704] {dag.py:2919} INFO - Setting next_dagrun for example_branch_python_operator_decorator to 2022-12-11T00:00:00+00:00, run_after=2022-12-12T00:00:00+00:00
[2022-12-12 11:41:53,714] {processor.py:161} INFO - Processing /home/airflow/.local/lib/python3.7/site-packages/airflow/example_dags/example_branch_operator_decorator.py took 0.154 seconds
[2022-12-12 11:43:16,839] {processor.py:153} INFO - Started process (PID=47) to work on /home/airflow/.local/lib/python3.7/site-packages/airflow/example_dags/example_branch_operator_decorator.py
[2022-12-12 11:43:16,840] {processor.py:641} INFO - Processing file /home/airflow/.local/lib/python3.7/site-packages/airflow/example_dags/example_branch_operator_decorator.py for tasks to queue
[2022-12-12 11:43:16,840] {logging_mixin.py:115} INFO - [2022-12-12 11:43:16,840] {dagbag.py:507} INFO - Filling up the DagBag from /home/airflow/.local/lib/python3.7/site-packages/airflow/example_dags/example_branch_operator_decorator.py
[2022-12-12 11:43:16,855] {processor.py:651} INFO - DAG(s) dict_keys(['example_branch_python_operator_decorator']) retrieved from /home/airflow/.local/lib/python3.7/site-packages/airflow/example_dags/example_branch_operator_decorator.py
[2022-12-12 11:43:16,993] {logging_mixin.py:115} INFO - [2022-12-12 11:43:16,993] {dag.py:2371} INFO - Sync 1 DAGs
[2022-12-12 11:43:17,016] {logging_mixin.py:115} INFO - [2022-12-12 11:43:17,016] {dag.py:2919} INFO - Setting next_dagrun for example_branch_python_operator_decorator to 2022-12-11T00:00:00+00:00, run_after=2022-12-12T00:00:00+00:00
[2022-12-12 11:43:17,028] {processor.py:161} INFO - Processing /home/airflow/.local/lib/python3.7/site-packages/airflow/example_dags/example_branch_operator_decorator.py took 0.192 seconds
[2022-12-12 11:43:47,068] {processor.py:153} INFO - Started process (PID=110) to work on /home/airflow/.local/lib/python3.7/site-packages/airflow/example_dags/example_branch_operator_decorator.py
[2022-12-12 11:43:47,068] {processor.py:641} INFO - Processing file /home/airflow/.local/lib/python3.7/site-packages/airflow/example_dags/example_branch_operator_decorator.py for tasks to queue
[2022-12-12 11:43:47,069] {logging_mixin.py:115} INFO - [2022-12-12 11:43:47,069] {dagbag.py:507} INFO - Filling up the DagBag from /home/airflow/.local/lib/python3.7/site-packages/airflow/example_dags/example_branch_operator_decorator.py
[2022-12-12 11:43:47,082] {processor.py:651} INFO - DAG(s) dict_keys(['example_branch_python_operator_decorator']) retrieved from /home/airflow/.local/lib/python3.7/site-packages/airflow/example_dags/example_branch_operator_decorator.py
[2022-12-12 11:43:47,186] {logging_mixin.py:115} INFO - [2022-12-12 11:43:47,186] {dag.py:2371} INFO - Sync 1 DAGs
[2022-12-12 11:43:47,201] {logging_mixin.py:115} INFO - [2022-12-12 11:43:47,201] {dag.py:2919} INFO - Setting next_dagrun for example_branch_python_operator_decorator to 2022-12-11T00:00:00+00:00, run_after=2022-12-12T00:00:00+00:00
[2022-12-12 11:43:47,208] {processor.py:161} INFO - Processing /home/airflow/.local/lib/python3.7/site-packages/airflow/example_dags/example_branch_operator_decorator.py took 0.143 seconds
[2022-12-12 11:44:17,316] {processor.py:153} INFO - Started process (PID=174) to work on /home/airflow/.local/lib/python3.7/site-packages/airflow/example_dags/example_branch_operator_decorator.py
[2022-12-12 11:44:17,317] {processor.py:641} INFO - Processing file /home/airflow/.local/lib/python3.7/site-packages/airflow/example_dags/example_branch_operator_decorator.py for tasks to queue
[2022-12-12 11:44:17,318] {logging_mixin.py:115} INFO - [2022-12-12 11:44:17,317] {dagbag.py:507} INFO - Filling up the DagBag from /home/airflow/.local/lib/python3.7/site-packages/airflow/example_dags/example_branch_operator_decorator.py
[2022-12-12 11:44:17,331] {processor.py:651} INFO - DAG(s) dict_keys(['example_branch_python_operator_decorator']) retrieved from /home/airflow/.local/lib/python3.7/site-packages/airflow/example_dags/example_branch_operator_decorator.py
[2022-12-12 11:44:17,455] {logging_mixin.py:115} INFO - [2022-12-12 11:44:17,455] {dag.py:2371} INFO - Sync 1 DAGs
[2022-12-12 11:44:17,474] {logging_mixin.py:115} INFO - [2022-12-12 11:44:17,474] {dag.py:2919} INFO - Setting next_dagrun for example_branch_python_operator_decorator to 2022-12-11T00:00:00+00:00, run_after=2022-12-12T00:00:00+00:00
[2022-12-12 11:44:17,484] {processor.py:161} INFO - Processing /home/airflow/.local/lib/python3.7/site-packages/airflow/example_dags/example_branch_operator_decorator.py took 0.172 seconds
