[2022-12-12 10:15:05,577] {processor.py:153} INFO - Started process (PID=77) to work on /home/airflow/.local/lib/python3.7/site-packages/airflow/example_dags/example_local_kubernetes_executor.py
[2022-12-12 10:15:05,578] {processor.py:641} INFO - Processing file /home/airflow/.local/lib/python3.7/site-packages/airflow/example_dags/example_local_kubernetes_executor.py for tasks to queue
[2022-12-12 10:15:05,578] {logging_mixin.py:115} INFO - [2022-12-12 10:15:05,578] {dagbag.py:507} INFO - Filling up the DagBag from /home/airflow/.local/lib/python3.7/site-packages/airflow/example_dags/example_local_kubernetes_executor.py
[2022-12-12 10:15:05,602] {processor.py:651} INFO - DAG(s) dict_keys(['example_local_kubernetes_executor']) retrieved from /home/airflow/.local/lib/python3.7/site-packages/airflow/example_dags/example_local_kubernetes_executor.py
[2022-12-12 10:15:05,853] {logging_mixin.py:115} INFO - [2022-12-12 10:15:05,853] {manager.py:508} INFO - Created Permission View: can delete on DAG:example_local_kubernetes_executor
[2022-12-12 10:15:05,861] {logging_mixin.py:115} INFO - [2022-12-12 10:15:05,861] {manager.py:508} INFO - Created Permission View: can read on DAG:example_local_kubernetes_executor
[2022-12-12 10:15:05,868] {logging_mixin.py:115} INFO - [2022-12-12 10:15:05,868] {manager.py:508} INFO - Created Permission View: can edit on DAG:example_local_kubernetes_executor
[2022-12-12 10:15:05,868] {logging_mixin.py:115} INFO - [2022-12-12 10:15:05,868] {dag.py:2371} INFO - Sync 1 DAGs
[2022-12-12 10:15:05,876] {logging_mixin.py:115} INFO - [2022-12-12 10:15:05,876] {dag.py:2390} INFO - Creating ORM DAG for example_local_kubernetes_executor
[2022-12-12 10:15:05,887] {logging_mixin.py:115} INFO - [2022-12-12 10:15:05,886] {dag.py:2919} INFO - Setting next_dagrun for example_local_kubernetes_executor to None, run_after=None
[2022-12-12 10:15:05,898] {processor.py:161} INFO - Processing /home/airflow/.local/lib/python3.7/site-packages/airflow/example_dags/example_local_kubernetes_executor.py took 0.324 seconds
[2022-12-12 10:15:36,094] {processor.py:153} INFO - Started process (PID=139) to work on /home/airflow/.local/lib/python3.7/site-packages/airflow/example_dags/example_local_kubernetes_executor.py
[2022-12-12 10:15:36,094] {processor.py:641} INFO - Processing file /home/airflow/.local/lib/python3.7/site-packages/airflow/example_dags/example_local_kubernetes_executor.py for tasks to queue
[2022-12-12 10:15:36,095] {logging_mixin.py:115} INFO - [2022-12-12 10:15:36,094] {dagbag.py:507} INFO - Filling up the DagBag from /home/airflow/.local/lib/python3.7/site-packages/airflow/example_dags/example_local_kubernetes_executor.py
[2022-12-12 10:15:36,111] {processor.py:651} INFO - DAG(s) dict_keys(['example_local_kubernetes_executor']) retrieved from /home/airflow/.local/lib/python3.7/site-packages/airflow/example_dags/example_local_kubernetes_executor.py
[2022-12-12 10:15:36,135] {logging_mixin.py:115} INFO - [2022-12-12 10:15:36,135] {dag.py:2371} INFO - Sync 1 DAGs
[2022-12-12 10:15:36,254] {logging_mixin.py:115} INFO - [2022-12-12 10:15:36,254] {dag.py:2919} INFO - Setting next_dagrun for example_local_kubernetes_executor to None, run_after=None
[2022-12-12 10:15:36,262] {processor.py:161} INFO - Processing /home/airflow/.local/lib/python3.7/site-packages/airflow/example_dags/example_local_kubernetes_executor.py took 0.171 seconds
[2022-12-12 10:16:06,651] {processor.py:153} INFO - Started process (PID=192) to work on /home/airflow/.local/lib/python3.7/site-packages/airflow/example_dags/example_local_kubernetes_executor.py
[2022-12-12 10:16:06,652] {processor.py:641} INFO - Processing file /home/airflow/.local/lib/python3.7/site-packages/airflow/example_dags/example_local_kubernetes_executor.py for tasks to queue
[2022-12-12 10:16:06,652] {logging_mixin.py:115} INFO - [2022-12-12 10:16:06,652] {dagbag.py:507} INFO - Filling up the DagBag from /home/airflow/.local/lib/python3.7/site-packages/airflow/example_dags/example_local_kubernetes_executor.py
[2022-12-12 10:16:06,666] {processor.py:651} INFO - DAG(s) dict_keys(['example_local_kubernetes_executor']) retrieved from /home/airflow/.local/lib/python3.7/site-packages/airflow/example_dags/example_local_kubernetes_executor.py
[2022-12-12 10:16:06,686] {logging_mixin.py:115} INFO - [2022-12-12 10:16:06,686] {dag.py:2371} INFO - Sync 1 DAGs
[2022-12-12 10:16:06,786] {logging_mixin.py:115} INFO - [2022-12-12 10:16:06,786] {dag.py:2919} INFO - Setting next_dagrun for example_local_kubernetes_executor to None, run_after=None
[2022-12-12 10:16:06,794] {processor.py:161} INFO - Processing /home/airflow/.local/lib/python3.7/site-packages/airflow/example_dags/example_local_kubernetes_executor.py took 0.145 seconds
[2022-12-12 10:16:36,949] {processor.py:153} INFO - Started process (PID=254) to work on /home/airflow/.local/lib/python3.7/site-packages/airflow/example_dags/example_local_kubernetes_executor.py
[2022-12-12 10:16:36,950] {processor.py:641} INFO - Processing file /home/airflow/.local/lib/python3.7/site-packages/airflow/example_dags/example_local_kubernetes_executor.py for tasks to queue
[2022-12-12 10:16:36,951] {logging_mixin.py:115} INFO - [2022-12-12 10:16:36,951] {dagbag.py:507} INFO - Filling up the DagBag from /home/airflow/.local/lib/python3.7/site-packages/airflow/example_dags/example_local_kubernetes_executor.py
[2022-12-12 10:16:36,964] {processor.py:651} INFO - DAG(s) dict_keys(['example_local_kubernetes_executor']) retrieved from /home/airflow/.local/lib/python3.7/site-packages/airflow/example_dags/example_local_kubernetes_executor.py
[2022-12-12 10:16:36,986] {logging_mixin.py:115} INFO - [2022-12-12 10:16:36,985] {dag.py:2371} INFO - Sync 1 DAGs
[2022-12-12 10:16:37,085] {logging_mixin.py:115} INFO - [2022-12-12 10:16:37,085] {dag.py:2919} INFO - Setting next_dagrun for example_local_kubernetes_executor to None, run_after=None
[2022-12-12 10:16:37,093] {processor.py:161} INFO - Processing /home/airflow/.local/lib/python3.7/site-packages/airflow/example_dags/example_local_kubernetes_executor.py took 0.146 seconds
[2022-12-12 10:17:07,182] {processor.py:153} INFO - Started process (PID=317) to work on /home/airflow/.local/lib/python3.7/site-packages/airflow/example_dags/example_local_kubernetes_executor.py
[2022-12-12 10:17:07,183] {processor.py:641} INFO - Processing file /home/airflow/.local/lib/python3.7/site-packages/airflow/example_dags/example_local_kubernetes_executor.py for tasks to queue
[2022-12-12 10:17:07,183] {logging_mixin.py:115} INFO - [2022-12-12 10:17:07,183] {dagbag.py:507} INFO - Filling up the DagBag from /home/airflow/.local/lib/python3.7/site-packages/airflow/example_dags/example_local_kubernetes_executor.py
[2022-12-12 10:17:07,197] {processor.py:651} INFO - DAG(s) dict_keys(['example_local_kubernetes_executor']) retrieved from /home/airflow/.local/lib/python3.7/site-packages/airflow/example_dags/example_local_kubernetes_executor.py
[2022-12-12 10:17:07,220] {logging_mixin.py:115} INFO - [2022-12-12 10:17:07,220] {dag.py:2371} INFO - Sync 1 DAGs
[2022-12-12 10:17:07,323] {logging_mixin.py:115} INFO - [2022-12-12 10:17:07,323] {dag.py:2919} INFO - Setting next_dagrun for example_local_kubernetes_executor to None, run_after=None
[2022-12-12 10:17:07,332] {processor.py:161} INFO - Processing /home/airflow/.local/lib/python3.7/site-packages/airflow/example_dags/example_local_kubernetes_executor.py took 0.153 seconds
[2022-12-12 10:17:37,517] {processor.py:153} INFO - Started process (PID=369) to work on /home/airflow/.local/lib/python3.7/site-packages/airflow/example_dags/example_local_kubernetes_executor.py
[2022-12-12 10:17:37,517] {processor.py:641} INFO - Processing file /home/airflow/.local/lib/python3.7/site-packages/airflow/example_dags/example_local_kubernetes_executor.py for tasks to queue
[2022-12-12 10:17:37,518] {logging_mixin.py:115} INFO - [2022-12-12 10:17:37,518] {dagbag.py:507} INFO - Filling up the DagBag from /home/airflow/.local/lib/python3.7/site-packages/airflow/example_dags/example_local_kubernetes_executor.py
[2022-12-12 10:17:37,533] {processor.py:651} INFO - DAG(s) dict_keys(['example_local_kubernetes_executor']) retrieved from /home/airflow/.local/lib/python3.7/site-packages/airflow/example_dags/example_local_kubernetes_executor.py
[2022-12-12 10:17:37,561] {logging_mixin.py:115} INFO - [2022-12-12 10:17:37,561] {dag.py:2371} INFO - Sync 1 DAGs
[2022-12-12 10:17:37,677] {logging_mixin.py:115} INFO - [2022-12-12 10:17:37,677] {dag.py:2919} INFO - Setting next_dagrun for example_local_kubernetes_executor to None, run_after=None
[2022-12-12 10:17:37,687] {processor.py:161} INFO - Processing /home/airflow/.local/lib/python3.7/site-packages/airflow/example_dags/example_local_kubernetes_executor.py took 0.172 seconds
[2022-12-12 10:18:08,530] {processor.py:153} INFO - Started process (PID=432) to work on /home/airflow/.local/lib/python3.7/site-packages/airflow/example_dags/example_local_kubernetes_executor.py
[2022-12-12 10:18:08,530] {processor.py:641} INFO - Processing file /home/airflow/.local/lib/python3.7/site-packages/airflow/example_dags/example_local_kubernetes_executor.py for tasks to queue
[2022-12-12 10:18:08,531] {logging_mixin.py:115} INFO - [2022-12-12 10:18:08,531] {dagbag.py:507} INFO - Filling up the DagBag from /home/airflow/.local/lib/python3.7/site-packages/airflow/example_dags/example_local_kubernetes_executor.py
[2022-12-12 10:18:08,544] {processor.py:651} INFO - DAG(s) dict_keys(['example_local_kubernetes_executor']) retrieved from /home/airflow/.local/lib/python3.7/site-packages/airflow/example_dags/example_local_kubernetes_executor.py
[2022-12-12 10:18:08,564] {logging_mixin.py:115} INFO - [2022-12-12 10:18:08,564] {dag.py:2371} INFO - Sync 1 DAGs
[2022-12-12 10:18:08,656] {logging_mixin.py:115} INFO - [2022-12-12 10:18:08,656] {dag.py:2919} INFO - Setting next_dagrun for example_local_kubernetes_executor to None, run_after=None
[2022-12-12 10:18:08,663] {processor.py:161} INFO - Processing /home/airflow/.local/lib/python3.7/site-packages/airflow/example_dags/example_local_kubernetes_executor.py took 0.136 seconds
[2022-12-12 10:18:39,396] {processor.py:153} INFO - Started process (PID=496) to work on /home/airflow/.local/lib/python3.7/site-packages/airflow/example_dags/example_local_kubernetes_executor.py
[2022-12-12 10:18:39,397] {processor.py:641} INFO - Processing file /home/airflow/.local/lib/python3.7/site-packages/airflow/example_dags/example_local_kubernetes_executor.py for tasks to queue
[2022-12-12 10:18:39,398] {logging_mixin.py:115} INFO - [2022-12-12 10:18:39,398] {dagbag.py:507} INFO - Filling up the DagBag from /home/airflow/.local/lib/python3.7/site-packages/airflow/example_dags/example_local_kubernetes_executor.py
[2022-12-12 10:18:39,410] {processor.py:651} INFO - DAG(s) dict_keys(['example_local_kubernetes_executor']) retrieved from /home/airflow/.local/lib/python3.7/site-packages/airflow/example_dags/example_local_kubernetes_executor.py
[2022-12-12 10:18:39,431] {logging_mixin.py:115} INFO - [2022-12-12 10:18:39,431] {dag.py:2371} INFO - Sync 1 DAGs
[2022-12-12 10:18:39,530] {logging_mixin.py:115} INFO - [2022-12-12 10:18:39,530] {dag.py:2919} INFO - Setting next_dagrun for example_local_kubernetes_executor to None, run_after=None
[2022-12-12 10:18:39,538] {processor.py:161} INFO - Processing /home/airflow/.local/lib/python3.7/site-packages/airflow/example_dags/example_local_kubernetes_executor.py took 0.144 seconds
[2022-12-12 10:19:10,515] {processor.py:153} INFO - Started process (PID=560) to work on /home/airflow/.local/lib/python3.7/site-packages/airflow/example_dags/example_local_kubernetes_executor.py
[2022-12-12 10:19:10,516] {processor.py:641} INFO - Processing file /home/airflow/.local/lib/python3.7/site-packages/airflow/example_dags/example_local_kubernetes_executor.py for tasks to queue
[2022-12-12 10:19:10,516] {logging_mixin.py:115} INFO - [2022-12-12 10:19:10,516] {dagbag.py:507} INFO - Filling up the DagBag from /home/airflow/.local/lib/python3.7/site-packages/airflow/example_dags/example_local_kubernetes_executor.py
[2022-12-12 10:19:10,531] {processor.py:651} INFO - DAG(s) dict_keys(['example_local_kubernetes_executor']) retrieved from /home/airflow/.local/lib/python3.7/site-packages/airflow/example_dags/example_local_kubernetes_executor.py
[2022-12-12 10:19:10,556] {logging_mixin.py:115} INFO - [2022-12-12 10:19:10,556] {dag.py:2371} INFO - Sync 1 DAGs
[2022-12-12 10:19:10,667] {logging_mixin.py:115} INFO - [2022-12-12 10:19:10,667] {dag.py:2919} INFO - Setting next_dagrun for example_local_kubernetes_executor to None, run_after=None
[2022-12-12 10:19:10,675] {processor.py:161} INFO - Processing /home/airflow/.local/lib/python3.7/site-packages/airflow/example_dags/example_local_kubernetes_executor.py took 0.163 seconds
[2022-12-12 10:19:41,670] {processor.py:153} INFO - Started process (PID=623) to work on /home/airflow/.local/lib/python3.7/site-packages/airflow/example_dags/example_local_kubernetes_executor.py
[2022-12-12 10:19:41,670] {processor.py:641} INFO - Processing file /home/airflow/.local/lib/python3.7/site-packages/airflow/example_dags/example_local_kubernetes_executor.py for tasks to queue
[2022-12-12 10:19:41,671] {logging_mixin.py:115} INFO - [2022-12-12 10:19:41,671] {dagbag.py:507} INFO - Filling up the DagBag from /home/airflow/.local/lib/python3.7/site-packages/airflow/example_dags/example_local_kubernetes_executor.py
[2022-12-12 10:19:41,684] {processor.py:651} INFO - DAG(s) dict_keys(['example_local_kubernetes_executor']) retrieved from /home/airflow/.local/lib/python3.7/site-packages/airflow/example_dags/example_local_kubernetes_executor.py
[2022-12-12 10:19:41,704] {logging_mixin.py:115} INFO - [2022-12-12 10:19:41,704] {dag.py:2371} INFO - Sync 1 DAGs
[2022-12-12 10:19:41,803] {logging_mixin.py:115} INFO - [2022-12-12 10:19:41,803] {dag.py:2919} INFO - Setting next_dagrun for example_local_kubernetes_executor to None, run_after=None
[2022-12-12 10:19:41,811] {processor.py:161} INFO - Processing /home/airflow/.local/lib/python3.7/site-packages/airflow/example_dags/example_local_kubernetes_executor.py took 0.144 seconds
[2022-12-12 10:20:12,027] {processor.py:153} INFO - Started process (PID=677) to work on /home/airflow/.local/lib/python3.7/site-packages/airflow/example_dags/example_local_kubernetes_executor.py
[2022-12-12 10:20:12,027] {processor.py:641} INFO - Processing file /home/airflow/.local/lib/python3.7/site-packages/airflow/example_dags/example_local_kubernetes_executor.py for tasks to queue
[2022-12-12 10:20:12,028] {logging_mixin.py:115} INFO - [2022-12-12 10:20:12,028] {dagbag.py:507} INFO - Filling up the DagBag from /home/airflow/.local/lib/python3.7/site-packages/airflow/example_dags/example_local_kubernetes_executor.py
[2022-12-12 10:20:12,043] {processor.py:651} INFO - DAG(s) dict_keys(['example_local_kubernetes_executor']) retrieved from /home/airflow/.local/lib/python3.7/site-packages/airflow/example_dags/example_local_kubernetes_executor.py
[2022-12-12 10:20:12,153] {logging_mixin.py:115} INFO - [2022-12-12 10:20:12,153] {dag.py:2371} INFO - Sync 1 DAGs
[2022-12-12 10:20:12,167] {logging_mixin.py:115} INFO - [2022-12-12 10:20:12,167] {dag.py:2919} INFO - Setting next_dagrun for example_local_kubernetes_executor to None, run_after=None
[2022-12-12 10:20:12,178] {processor.py:161} INFO - Processing /home/airflow/.local/lib/python3.7/site-packages/airflow/example_dags/example_local_kubernetes_executor.py took 0.154 seconds
[2022-12-12 10:20:42,331] {processor.py:153} INFO - Started process (PID=738) to work on /home/airflow/.local/lib/python3.7/site-packages/airflow/example_dags/example_local_kubernetes_executor.py
[2022-12-12 10:20:42,332] {processor.py:641} INFO - Processing file /home/airflow/.local/lib/python3.7/site-packages/airflow/example_dags/example_local_kubernetes_executor.py for tasks to queue
[2022-12-12 10:20:42,332] {logging_mixin.py:115} INFO - [2022-12-12 10:20:42,332] {dagbag.py:507} INFO - Filling up the DagBag from /home/airflow/.local/lib/python3.7/site-packages/airflow/example_dags/example_local_kubernetes_executor.py
[2022-12-12 10:20:42,348] {processor.py:651} INFO - DAG(s) dict_keys(['example_local_kubernetes_executor']) retrieved from /home/airflow/.local/lib/python3.7/site-packages/airflow/example_dags/example_local_kubernetes_executor.py
[2022-12-12 10:20:42,453] {logging_mixin.py:115} INFO - [2022-12-12 10:20:42,453] {dag.py:2371} INFO - Sync 1 DAGs
[2022-12-12 10:20:42,468] {logging_mixin.py:115} INFO - [2022-12-12 10:20:42,468] {dag.py:2919} INFO - Setting next_dagrun for example_local_kubernetes_executor to None, run_after=None
[2022-12-12 10:20:42,477] {processor.py:161} INFO - Processing /home/airflow/.local/lib/python3.7/site-packages/airflow/example_dags/example_local_kubernetes_executor.py took 0.149 seconds
[2022-12-12 10:21:12,715] {processor.py:153} INFO - Started process (PID=800) to work on /home/airflow/.local/lib/python3.7/site-packages/airflow/example_dags/example_local_kubernetes_executor.py
[2022-12-12 10:21:12,716] {processor.py:641} INFO - Processing file /home/airflow/.local/lib/python3.7/site-packages/airflow/example_dags/example_local_kubernetes_executor.py for tasks to queue
[2022-12-12 10:21:12,716] {logging_mixin.py:115} INFO - [2022-12-12 10:21:12,716] {dagbag.py:507} INFO - Filling up the DagBag from /home/airflow/.local/lib/python3.7/site-packages/airflow/example_dags/example_local_kubernetes_executor.py
[2022-12-12 10:21:12,734] {processor.py:651} INFO - DAG(s) dict_keys(['example_local_kubernetes_executor']) retrieved from /home/airflow/.local/lib/python3.7/site-packages/airflow/example_dags/example_local_kubernetes_executor.py
[2022-12-12 10:21:12,859] {logging_mixin.py:115} INFO - [2022-12-12 10:21:12,859] {dag.py:2371} INFO - Sync 1 DAGs
[2022-12-12 10:21:12,881] {logging_mixin.py:115} INFO - [2022-12-12 10:21:12,881] {dag.py:2919} INFO - Setting next_dagrun for example_local_kubernetes_executor to None, run_after=None
[2022-12-12 10:21:12,891] {processor.py:161} INFO - Processing /home/airflow/.local/lib/python3.7/site-packages/airflow/example_dags/example_local_kubernetes_executor.py took 0.180 seconds
[2022-12-12 10:21:43,876] {processor.py:153} INFO - Started process (PID=861) to work on /home/airflow/.local/lib/python3.7/site-packages/airflow/example_dags/example_local_kubernetes_executor.py
[2022-12-12 10:21:43,876] {processor.py:641} INFO - Processing file /home/airflow/.local/lib/python3.7/site-packages/airflow/example_dags/example_local_kubernetes_executor.py for tasks to queue
[2022-12-12 10:21:43,877] {logging_mixin.py:115} INFO - [2022-12-12 10:21:43,877] {dagbag.py:507} INFO - Filling up the DagBag from /home/airflow/.local/lib/python3.7/site-packages/airflow/example_dags/example_local_kubernetes_executor.py
[2022-12-12 10:21:43,894] {processor.py:651} INFO - DAG(s) dict_keys(['example_local_kubernetes_executor']) retrieved from /home/airflow/.local/lib/python3.7/site-packages/airflow/example_dags/example_local_kubernetes_executor.py
[2022-12-12 10:21:44,007] {logging_mixin.py:115} INFO - [2022-12-12 10:21:44,007] {dag.py:2371} INFO - Sync 1 DAGs
[2022-12-12 10:21:44,022] {logging_mixin.py:115} INFO - [2022-12-12 10:21:44,022] {dag.py:2919} INFO - Setting next_dagrun for example_local_kubernetes_executor to None, run_after=None
[2022-12-12 10:21:44,031] {processor.py:161} INFO - Processing /home/airflow/.local/lib/python3.7/site-packages/airflow/example_dags/example_local_kubernetes_executor.py took 0.158 seconds
[2022-12-12 11:40:54,978] {processor.py:153} INFO - Started process (PID=77) to work on /home/airflow/.local/lib/python3.7/site-packages/airflow/example_dags/example_local_kubernetes_executor.py
[2022-12-12 11:40:54,979] {processor.py:641} INFO - Processing file /home/airflow/.local/lib/python3.7/site-packages/airflow/example_dags/example_local_kubernetes_executor.py for tasks to queue
[2022-12-12 11:40:54,979] {logging_mixin.py:115} INFO - [2022-12-12 11:40:54,979] {dagbag.py:507} INFO - Filling up the DagBag from /home/airflow/.local/lib/python3.7/site-packages/airflow/example_dags/example_local_kubernetes_executor.py
[2022-12-12 11:40:54,993] {processor.py:651} INFO - DAG(s) dict_keys(['example_local_kubernetes_executor']) retrieved from /home/airflow/.local/lib/python3.7/site-packages/airflow/example_dags/example_local_kubernetes_executor.py
[2022-12-12 11:40:55,016] {logging_mixin.py:115} INFO - [2022-12-12 11:40:55,016] {dag.py:2371} INFO - Sync 1 DAGs
[2022-12-12 11:40:55,141] {logging_mixin.py:115} INFO - [2022-12-12 11:40:55,140] {dag.py:2919} INFO - Setting next_dagrun for example_local_kubernetes_executor to None, run_after=None
[2022-12-12 11:40:55,149] {processor.py:161} INFO - Processing /home/airflow/.local/lib/python3.7/site-packages/airflow/example_dags/example_local_kubernetes_executor.py took 0.174 seconds
[2022-12-12 11:41:25,406] {processor.py:153} INFO - Started process (PID=131) to work on /home/airflow/.local/lib/python3.7/site-packages/airflow/example_dags/example_local_kubernetes_executor.py
[2022-12-12 11:41:25,407] {processor.py:641} INFO - Processing file /home/airflow/.local/lib/python3.7/site-packages/airflow/example_dags/example_local_kubernetes_executor.py for tasks to queue
[2022-12-12 11:41:25,407] {logging_mixin.py:115} INFO - [2022-12-12 11:41:25,407] {dagbag.py:507} INFO - Filling up the DagBag from /home/airflow/.local/lib/python3.7/site-packages/airflow/example_dags/example_local_kubernetes_executor.py
[2022-12-12 11:41:25,422] {processor.py:651} INFO - DAG(s) dict_keys(['example_local_kubernetes_executor']) retrieved from /home/airflow/.local/lib/python3.7/site-packages/airflow/example_dags/example_local_kubernetes_executor.py
[2022-12-12 11:41:25,445] {logging_mixin.py:115} INFO - [2022-12-12 11:41:25,445] {dag.py:2371} INFO - Sync 1 DAGs
[2022-12-12 11:41:25,561] {logging_mixin.py:115} INFO - [2022-12-12 11:41:25,560] {dag.py:2919} INFO - Setting next_dagrun for example_local_kubernetes_executor to None, run_after=None
[2022-12-12 11:41:25,569] {processor.py:161} INFO - Processing /home/airflow/.local/lib/python3.7/site-packages/airflow/example_dags/example_local_kubernetes_executor.py took 0.166 seconds
[2022-12-12 11:41:55,722] {processor.py:153} INFO - Started process (PID=194) to work on /home/airflow/.local/lib/python3.7/site-packages/airflow/example_dags/example_local_kubernetes_executor.py
[2022-12-12 11:41:55,722] {processor.py:641} INFO - Processing file /home/airflow/.local/lib/python3.7/site-packages/airflow/example_dags/example_local_kubernetes_executor.py for tasks to queue
[2022-12-12 11:41:55,723] {logging_mixin.py:115} INFO - [2022-12-12 11:41:55,723] {dagbag.py:507} INFO - Filling up the DagBag from /home/airflow/.local/lib/python3.7/site-packages/airflow/example_dags/example_local_kubernetes_executor.py
[2022-12-12 11:41:55,736] {processor.py:651} INFO - DAG(s) dict_keys(['example_local_kubernetes_executor']) retrieved from /home/airflow/.local/lib/python3.7/site-packages/airflow/example_dags/example_local_kubernetes_executor.py
[2022-12-12 11:41:55,755] {logging_mixin.py:115} INFO - [2022-12-12 11:41:55,755] {dag.py:2371} INFO - Sync 1 DAGs
[2022-12-12 11:41:55,856] {logging_mixin.py:115} INFO - [2022-12-12 11:41:55,856] {dag.py:2919} INFO - Setting next_dagrun for example_local_kubernetes_executor to None, run_after=None
[2022-12-12 11:41:55,866] {processor.py:161} INFO - Processing /home/airflow/.local/lib/python3.7/site-packages/airflow/example_dags/example_local_kubernetes_executor.py took 0.147 seconds
[2022-12-12 11:43:19,764] {processor.py:153} INFO - Started process (PID=76) to work on /home/airflow/.local/lib/python3.7/site-packages/airflow/example_dags/example_local_kubernetes_executor.py
[2022-12-12 11:43:19,765] {processor.py:641} INFO - Processing file /home/airflow/.local/lib/python3.7/site-packages/airflow/example_dags/example_local_kubernetes_executor.py for tasks to queue
[2022-12-12 11:43:19,766] {logging_mixin.py:115} INFO - [2022-12-12 11:43:19,766] {dagbag.py:507} INFO - Filling up the DagBag from /home/airflow/.local/lib/python3.7/site-packages/airflow/example_dags/example_local_kubernetes_executor.py
[2022-12-12 11:43:19,782] {processor.py:651} INFO - DAG(s) dict_keys(['example_local_kubernetes_executor']) retrieved from /home/airflow/.local/lib/python3.7/site-packages/airflow/example_dags/example_local_kubernetes_executor.py
[2022-12-12 11:43:19,808] {logging_mixin.py:115} INFO - [2022-12-12 11:43:19,808] {dag.py:2371} INFO - Sync 1 DAGs
[2022-12-12 11:43:19,934] {logging_mixin.py:115} INFO - [2022-12-12 11:43:19,934] {dag.py:2919} INFO - Setting next_dagrun for example_local_kubernetes_executor to None, run_after=None
[2022-12-12 11:43:19,945] {processor.py:161} INFO - Processing /home/airflow/.local/lib/python3.7/site-packages/airflow/example_dags/example_local_kubernetes_executor.py took 0.183 seconds
[2022-12-12 11:43:50,028] {processor.py:153} INFO - Started process (PID=130) to work on /home/airflow/.local/lib/python3.7/site-packages/airflow/example_dags/example_local_kubernetes_executor.py
[2022-12-12 11:43:50,029] {processor.py:641} INFO - Processing file /home/airflow/.local/lib/python3.7/site-packages/airflow/example_dags/example_local_kubernetes_executor.py for tasks to queue
[2022-12-12 11:43:50,029] {logging_mixin.py:115} INFO - [2022-12-12 11:43:50,029] {dagbag.py:507} INFO - Filling up the DagBag from /home/airflow/.local/lib/python3.7/site-packages/airflow/example_dags/example_local_kubernetes_executor.py
[2022-12-12 11:43:50,041] {processor.py:651} INFO - DAG(s) dict_keys(['example_local_kubernetes_executor']) retrieved from /home/airflow/.local/lib/python3.7/site-packages/airflow/example_dags/example_local_kubernetes_executor.py
[2022-12-12 11:43:50,061] {logging_mixin.py:115} INFO - [2022-12-12 11:43:50,060] {dag.py:2371} INFO - Sync 1 DAGs
[2022-12-12 11:43:50,154] {logging_mixin.py:115} INFO - [2022-12-12 11:43:50,154] {dag.py:2919} INFO - Setting next_dagrun for example_local_kubernetes_executor to None, run_after=None
[2022-12-12 11:43:50,161] {processor.py:161} INFO - Processing /home/airflow/.local/lib/python3.7/site-packages/airflow/example_dags/example_local_kubernetes_executor.py took 0.135 seconds
[2022-12-12 11:44:20,341] {processor.py:153} INFO - Started process (PID=194) to work on /home/airflow/.local/lib/python3.7/site-packages/airflow/example_dags/example_local_kubernetes_executor.py
[2022-12-12 11:44:20,341] {processor.py:641} INFO - Processing file /home/airflow/.local/lib/python3.7/site-packages/airflow/example_dags/example_local_kubernetes_executor.py for tasks to queue
[2022-12-12 11:44:20,342] {logging_mixin.py:115} INFO - [2022-12-12 11:44:20,342] {dagbag.py:507} INFO - Filling up the DagBag from /home/airflow/.local/lib/python3.7/site-packages/airflow/example_dags/example_local_kubernetes_executor.py
[2022-12-12 11:44:20,355] {processor.py:651} INFO - DAG(s) dict_keys(['example_local_kubernetes_executor']) retrieved from /home/airflow/.local/lib/python3.7/site-packages/airflow/example_dags/example_local_kubernetes_executor.py
[2022-12-12 11:44:20,378] {logging_mixin.py:115} INFO - [2022-12-12 11:44:20,378] {dag.py:2371} INFO - Sync 1 DAGs
[2022-12-12 11:44:20,479] {logging_mixin.py:115} INFO - [2022-12-12 11:44:20,479] {dag.py:2919} INFO - Setting next_dagrun for example_local_kubernetes_executor to None, run_after=None
[2022-12-12 11:44:20,487] {processor.py:161} INFO - Processing /home/airflow/.local/lib/python3.7/site-packages/airflow/example_dags/example_local_kubernetes_executor.py took 0.149 seconds
