[2022-12-12 10:15:04,853] {processor.py:153} INFO - Started process (PID=72) to work on /home/airflow/.local/lib/python3.7/site-packages/airflow/example_dags/example_time_delta_sensor_async.py
[2022-12-12 10:15:04,853] {processor.py:641} INFO - Processing file /home/airflow/.local/lib/python3.7/site-packages/airflow/example_dags/example_time_delta_sensor_async.py for tasks to queue
[2022-12-12 10:15:04,854] {logging_mixin.py:115} INFO - [2022-12-12 10:15:04,854] {dagbag.py:507} INFO - Filling up the DagBag from /home/airflow/.local/lib/python3.7/site-packages/airflow/example_dags/example_time_delta_sensor_async.py
[2022-12-12 10:15:04,862] {processor.py:651} INFO - DAG(s) dict_keys(['example_time_delta_sensor_async']) retrieved from /home/airflow/.local/lib/python3.7/site-packages/airflow/example_dags/example_time_delta_sensor_async.py
[2022-12-12 10:15:05,139] {logging_mixin.py:115} INFO - [2022-12-12 10:15:05,139] {manager.py:508} INFO - Created Permission View: can delete on DAG:example_time_delta_sensor_async
[2022-12-12 10:15:05,149] {logging_mixin.py:115} INFO - [2022-12-12 10:15:05,149] {manager.py:508} INFO - Created Permission View: can read on DAG:example_time_delta_sensor_async
[2022-12-12 10:15:05,156] {logging_mixin.py:115} INFO - [2022-12-12 10:15:05,156] {manager.py:508} INFO - Created Permission View: can edit on DAG:example_time_delta_sensor_async
[2022-12-12 10:15:05,157] {logging_mixin.py:115} INFO - [2022-12-12 10:15:05,157] {dag.py:2371} INFO - Sync 1 DAGs
[2022-12-12 10:15:05,164] {logging_mixin.py:115} INFO - [2022-12-12 10:15:05,164] {dag.py:2390} INFO - Creating ORM DAG for example_time_delta_sensor_async
[2022-12-12 10:15:05,176] {logging_mixin.py:115} INFO - [2022-12-12 10:15:05,175] {dag.py:2919} INFO - Setting next_dagrun for example_time_delta_sensor_async to None, run_after=None
[2022-12-12 10:15:05,191] {processor.py:161} INFO - Processing /home/airflow/.local/lib/python3.7/site-packages/airflow/example_dags/example_time_delta_sensor_async.py took 0.341 seconds
[2022-12-12 10:15:35,616] {processor.py:153} INFO - Started process (PID=124) to work on /home/airflow/.local/lib/python3.7/site-packages/airflow/example_dags/example_time_delta_sensor_async.py
[2022-12-12 10:15:35,616] {processor.py:641} INFO - Processing file /home/airflow/.local/lib/python3.7/site-packages/airflow/example_dags/example_time_delta_sensor_async.py for tasks to queue
[2022-12-12 10:15:35,617] {logging_mixin.py:115} INFO - [2022-12-12 10:15:35,617] {dagbag.py:507} INFO - Filling up the DagBag from /home/airflow/.local/lib/python3.7/site-packages/airflow/example_dags/example_time_delta_sensor_async.py
[2022-12-12 10:15:35,622] {processor.py:651} INFO - DAG(s) dict_keys(['example_time_delta_sensor_async']) retrieved from /home/airflow/.local/lib/python3.7/site-packages/airflow/example_dags/example_time_delta_sensor_async.py
[2022-12-12 10:15:35,656] {logging_mixin.py:115} INFO - [2022-12-12 10:15:35,655] {dag.py:2371} INFO - Sync 1 DAGs
[2022-12-12 10:15:35,777] {logging_mixin.py:115} INFO - [2022-12-12 10:15:35,777] {dag.py:2919} INFO - Setting next_dagrun for example_time_delta_sensor_async to None, run_after=None
[2022-12-12 10:15:35,787] {processor.py:161} INFO - Processing /home/airflow/.local/lib/python3.7/site-packages/airflow/example_dags/example_time_delta_sensor_async.py took 0.174 seconds
[2022-12-12 10:16:06,093] {processor.py:153} INFO - Started process (PID=187) to work on /home/airflow/.local/lib/python3.7/site-packages/airflow/example_dags/example_time_delta_sensor_async.py
[2022-12-12 10:16:06,093] {processor.py:641} INFO - Processing file /home/airflow/.local/lib/python3.7/site-packages/airflow/example_dags/example_time_delta_sensor_async.py for tasks to queue
[2022-12-12 10:16:06,094] {logging_mixin.py:115} INFO - [2022-12-12 10:16:06,094] {dagbag.py:507} INFO - Filling up the DagBag from /home/airflow/.local/lib/python3.7/site-packages/airflow/example_dags/example_time_delta_sensor_async.py
[2022-12-12 10:16:06,098] {processor.py:651} INFO - DAG(s) dict_keys(['example_time_delta_sensor_async']) retrieved from /home/airflow/.local/lib/python3.7/site-packages/airflow/example_dags/example_time_delta_sensor_async.py
[2022-12-12 10:16:06,124] {logging_mixin.py:115} INFO - [2022-12-12 10:16:06,124] {dag.py:2371} INFO - Sync 1 DAGs
[2022-12-12 10:16:06,229] {logging_mixin.py:115} INFO - [2022-12-12 10:16:06,229] {dag.py:2919} INFO - Setting next_dagrun for example_time_delta_sensor_async to None, run_after=None
[2022-12-12 10:16:06,237] {processor.py:161} INFO - Processing /home/airflow/.local/lib/python3.7/site-packages/airflow/example_dags/example_time_delta_sensor_async.py took 0.147 seconds
[2022-12-12 10:16:36,424] {processor.py:153} INFO - Started process (PID=249) to work on /home/airflow/.local/lib/python3.7/site-packages/airflow/example_dags/example_time_delta_sensor_async.py
[2022-12-12 10:16:36,425] {processor.py:641} INFO - Processing file /home/airflow/.local/lib/python3.7/site-packages/airflow/example_dags/example_time_delta_sensor_async.py for tasks to queue
[2022-12-12 10:16:36,426] {logging_mixin.py:115} INFO - [2022-12-12 10:16:36,425] {dagbag.py:507} INFO - Filling up the DagBag from /home/airflow/.local/lib/python3.7/site-packages/airflow/example_dags/example_time_delta_sensor_async.py
[2022-12-12 10:16:36,430] {processor.py:651} INFO - DAG(s) dict_keys(['example_time_delta_sensor_async']) retrieved from /home/airflow/.local/lib/python3.7/site-packages/airflow/example_dags/example_time_delta_sensor_async.py
[2022-12-12 10:16:36,456] {logging_mixin.py:115} INFO - [2022-12-12 10:16:36,456] {dag.py:2371} INFO - Sync 1 DAGs
[2022-12-12 10:16:36,556] {logging_mixin.py:115} INFO - [2022-12-12 10:16:36,555] {dag.py:2919} INFO - Setting next_dagrun for example_time_delta_sensor_async to None, run_after=None
[2022-12-12 10:16:36,624] {processor.py:161} INFO - Processing /home/airflow/.local/lib/python3.7/site-packages/airflow/example_dags/example_time_delta_sensor_async.py took 0.203 seconds
[2022-12-12 10:17:06,701] {processor.py:153} INFO - Started process (PID=312) to work on /home/airflow/.local/lib/python3.7/site-packages/airflow/example_dags/example_time_delta_sensor_async.py
[2022-12-12 10:17:06,702] {processor.py:641} INFO - Processing file /home/airflow/.local/lib/python3.7/site-packages/airflow/example_dags/example_time_delta_sensor_async.py for tasks to queue
[2022-12-12 10:17:06,702] {logging_mixin.py:115} INFO - [2022-12-12 10:17:06,702] {dagbag.py:507} INFO - Filling up the DagBag from /home/airflow/.local/lib/python3.7/site-packages/airflow/example_dags/example_time_delta_sensor_async.py
[2022-12-12 10:17:06,707] {processor.py:651} INFO - DAG(s) dict_keys(['example_time_delta_sensor_async']) retrieved from /home/airflow/.local/lib/python3.7/site-packages/airflow/example_dags/example_time_delta_sensor_async.py
[2022-12-12 10:17:06,734] {logging_mixin.py:115} INFO - [2022-12-12 10:17:06,734] {dag.py:2371} INFO - Sync 1 DAGs
[2022-12-12 10:17:06,833] {logging_mixin.py:115} INFO - [2022-12-12 10:17:06,833] {dag.py:2919} INFO - Setting next_dagrun for example_time_delta_sensor_async to None, run_after=None
[2022-12-12 10:17:06,842] {processor.py:161} INFO - Processing /home/airflow/.local/lib/python3.7/site-packages/airflow/example_dags/example_time_delta_sensor_async.py took 0.143 seconds
[2022-12-12 10:17:37,142] {processor.py:153} INFO - Started process (PID=364) to work on /home/airflow/.local/lib/python3.7/site-packages/airflow/example_dags/example_time_delta_sensor_async.py
[2022-12-12 10:17:37,143] {processor.py:641} INFO - Processing file /home/airflow/.local/lib/python3.7/site-packages/airflow/example_dags/example_time_delta_sensor_async.py for tasks to queue
[2022-12-12 10:17:37,144] {logging_mixin.py:115} INFO - [2022-12-12 10:17:37,144] {dagbag.py:507} INFO - Filling up the DagBag from /home/airflow/.local/lib/python3.7/site-packages/airflow/example_dags/example_time_delta_sensor_async.py
[2022-12-12 10:17:37,148] {processor.py:651} INFO - DAG(s) dict_keys(['example_time_delta_sensor_async']) retrieved from /home/airflow/.local/lib/python3.7/site-packages/airflow/example_dags/example_time_delta_sensor_async.py
[2022-12-12 10:17:37,178] {logging_mixin.py:115} INFO - [2022-12-12 10:17:37,178] {dag.py:2371} INFO - Sync 1 DAGs
[2022-12-12 10:17:37,283] {logging_mixin.py:115} INFO - [2022-12-12 10:17:37,283] {dag.py:2919} INFO - Setting next_dagrun for example_time_delta_sensor_async to None, run_after=None
[2022-12-12 10:17:37,290] {processor.py:161} INFO - Processing /home/airflow/.local/lib/python3.7/site-packages/airflow/example_dags/example_time_delta_sensor_async.py took 0.151 seconds
[2022-12-12 10:18:08,133] {processor.py:153} INFO - Started process (PID=427) to work on /home/airflow/.local/lib/python3.7/site-packages/airflow/example_dags/example_time_delta_sensor_async.py
[2022-12-12 10:18:08,135] {processor.py:641} INFO - Processing file /home/airflow/.local/lib/python3.7/site-packages/airflow/example_dags/example_time_delta_sensor_async.py for tasks to queue
[2022-12-12 10:18:08,135] {logging_mixin.py:115} INFO - [2022-12-12 10:18:08,135] {dagbag.py:507} INFO - Filling up the DagBag from /home/airflow/.local/lib/python3.7/site-packages/airflow/example_dags/example_time_delta_sensor_async.py
[2022-12-12 10:18:08,140] {processor.py:651} INFO - DAG(s) dict_keys(['example_time_delta_sensor_async']) retrieved from /home/airflow/.local/lib/python3.7/site-packages/airflow/example_dags/example_time_delta_sensor_async.py
[2022-12-12 10:18:08,169] {logging_mixin.py:115} INFO - [2022-12-12 10:18:08,169] {dag.py:2371} INFO - Sync 1 DAGs
[2022-12-12 10:18:08,270] {logging_mixin.py:115} INFO - [2022-12-12 10:18:08,270] {dag.py:2919} INFO - Setting next_dagrun for example_time_delta_sensor_async to None, run_after=None
[2022-12-12 10:18:08,281] {processor.py:161} INFO - Processing /home/airflow/.local/lib/python3.7/site-packages/airflow/example_dags/example_time_delta_sensor_async.py took 0.150 seconds
[2022-12-12 10:18:39,021] {processor.py:153} INFO - Started process (PID=491) to work on /home/airflow/.local/lib/python3.7/site-packages/airflow/example_dags/example_time_delta_sensor_async.py
[2022-12-12 10:18:39,022] {processor.py:641} INFO - Processing file /home/airflow/.local/lib/python3.7/site-packages/airflow/example_dags/example_time_delta_sensor_async.py for tasks to queue
[2022-12-12 10:18:39,022] {logging_mixin.py:115} INFO - [2022-12-12 10:18:39,022] {dagbag.py:507} INFO - Filling up the DagBag from /home/airflow/.local/lib/python3.7/site-packages/airflow/example_dags/example_time_delta_sensor_async.py
[2022-12-12 10:18:39,027] {processor.py:651} INFO - DAG(s) dict_keys(['example_time_delta_sensor_async']) retrieved from /home/airflow/.local/lib/python3.7/site-packages/airflow/example_dags/example_time_delta_sensor_async.py
[2022-12-12 10:18:39,056] {logging_mixin.py:115} INFO - [2022-12-12 10:18:39,056] {dag.py:2371} INFO - Sync 1 DAGs
[2022-12-12 10:18:39,164] {logging_mixin.py:115} INFO - [2022-12-12 10:18:39,164] {dag.py:2919} INFO - Setting next_dagrun for example_time_delta_sensor_async to None, run_after=None
[2022-12-12 10:18:39,173] {processor.py:161} INFO - Processing /home/airflow/.local/lib/python3.7/site-packages/airflow/example_dags/example_time_delta_sensor_async.py took 0.155 seconds
[2022-12-12 10:19:10,137] {processor.py:153} INFO - Started process (PID=555) to work on /home/airflow/.local/lib/python3.7/site-packages/airflow/example_dags/example_time_delta_sensor_async.py
[2022-12-12 10:19:10,137] {processor.py:641} INFO - Processing file /home/airflow/.local/lib/python3.7/site-packages/airflow/example_dags/example_time_delta_sensor_async.py for tasks to queue
[2022-12-12 10:19:10,138] {logging_mixin.py:115} INFO - [2022-12-12 10:19:10,138] {dagbag.py:507} INFO - Filling up the DagBag from /home/airflow/.local/lib/python3.7/site-packages/airflow/example_dags/example_time_delta_sensor_async.py
[2022-12-12 10:19:10,142] {processor.py:651} INFO - DAG(s) dict_keys(['example_time_delta_sensor_async']) retrieved from /home/airflow/.local/lib/python3.7/site-packages/airflow/example_dags/example_time_delta_sensor_async.py
[2022-12-12 10:19:10,172] {logging_mixin.py:115} INFO - [2022-12-12 10:19:10,171] {dag.py:2371} INFO - Sync 1 DAGs
[2022-12-12 10:19:10,280] {logging_mixin.py:115} INFO - [2022-12-12 10:19:10,280] {dag.py:2919} INFO - Setting next_dagrun for example_time_delta_sensor_async to None, run_after=None
[2022-12-12 10:19:10,287] {processor.py:161} INFO - Processing /home/airflow/.local/lib/python3.7/site-packages/airflow/example_dags/example_time_delta_sensor_async.py took 0.153 seconds
[2022-12-12 10:19:41,245] {processor.py:153} INFO - Started process (PID=618) to work on /home/airflow/.local/lib/python3.7/site-packages/airflow/example_dags/example_time_delta_sensor_async.py
[2022-12-12 10:19:41,246] {processor.py:641} INFO - Processing file /home/airflow/.local/lib/python3.7/site-packages/airflow/example_dags/example_time_delta_sensor_async.py for tasks to queue
[2022-12-12 10:19:41,247] {logging_mixin.py:115} INFO - [2022-12-12 10:19:41,247] {dagbag.py:507} INFO - Filling up the DagBag from /home/airflow/.local/lib/python3.7/site-packages/airflow/example_dags/example_time_delta_sensor_async.py
[2022-12-12 10:19:41,253] {processor.py:651} INFO - DAG(s) dict_keys(['example_time_delta_sensor_async']) retrieved from /home/airflow/.local/lib/python3.7/site-packages/airflow/example_dags/example_time_delta_sensor_async.py
[2022-12-12 10:19:41,285] {logging_mixin.py:115} INFO - [2022-12-12 10:19:41,285] {dag.py:2371} INFO - Sync 1 DAGs
[2022-12-12 10:19:41,406] {logging_mixin.py:115} INFO - [2022-12-12 10:19:41,406] {dag.py:2919} INFO - Setting next_dagrun for example_time_delta_sensor_async to None, run_after=None
[2022-12-12 10:19:41,414] {processor.py:161} INFO - Processing /home/airflow/.local/lib/python3.7/site-packages/airflow/example_dags/example_time_delta_sensor_async.py took 0.173 seconds
[2022-12-12 10:20:11,643] {processor.py:153} INFO - Started process (PID=672) to work on /home/airflow/.local/lib/python3.7/site-packages/airflow/example_dags/example_time_delta_sensor_async.py
[2022-12-12 10:20:11,643] {processor.py:641} INFO - Processing file /home/airflow/.local/lib/python3.7/site-packages/airflow/example_dags/example_time_delta_sensor_async.py for tasks to queue
[2022-12-12 10:20:11,644] {logging_mixin.py:115} INFO - [2022-12-12 10:20:11,643] {dagbag.py:507} INFO - Filling up the DagBag from /home/airflow/.local/lib/python3.7/site-packages/airflow/example_dags/example_time_delta_sensor_async.py
[2022-12-12 10:20:11,648] {processor.py:651} INFO - DAG(s) dict_keys(['example_time_delta_sensor_async']) retrieved from /home/airflow/.local/lib/python3.7/site-packages/airflow/example_dags/example_time_delta_sensor_async.py
[2022-12-12 10:20:11,678] {logging_mixin.py:115} INFO - [2022-12-12 10:20:11,677] {dag.py:2371} INFO - Sync 1 DAGs
[2022-12-12 10:20:11,780] {logging_mixin.py:115} INFO - [2022-12-12 10:20:11,780] {dag.py:2919} INFO - Setting next_dagrun for example_time_delta_sensor_async to None, run_after=None
[2022-12-12 10:20:11,788] {processor.py:161} INFO - Processing /home/airflow/.local/lib/python3.7/site-packages/airflow/example_dags/example_time_delta_sensor_async.py took 0.148 seconds
[2022-12-12 10:20:41,841] {processor.py:153} INFO - Started process (PID=733) to work on /home/airflow/.local/lib/python3.7/site-packages/airflow/example_dags/example_time_delta_sensor_async.py
[2022-12-12 10:20:41,841] {processor.py:641} INFO - Processing file /home/airflow/.local/lib/python3.7/site-packages/airflow/example_dags/example_time_delta_sensor_async.py for tasks to queue
[2022-12-12 10:20:41,842] {logging_mixin.py:115} INFO - [2022-12-12 10:20:41,842] {dagbag.py:507} INFO - Filling up the DagBag from /home/airflow/.local/lib/python3.7/site-packages/airflow/example_dags/example_time_delta_sensor_async.py
[2022-12-12 10:20:41,846] {processor.py:651} INFO - DAG(s) dict_keys(['example_time_delta_sensor_async']) retrieved from /home/airflow/.local/lib/python3.7/site-packages/airflow/example_dags/example_time_delta_sensor_async.py
[2022-12-12 10:20:41,875] {logging_mixin.py:115} INFO - [2022-12-12 10:20:41,875] {dag.py:2371} INFO - Sync 1 DAGs
[2022-12-12 10:20:41,978] {logging_mixin.py:115} INFO - [2022-12-12 10:20:41,977] {dag.py:2919} INFO - Setting next_dagrun for example_time_delta_sensor_async to None, run_after=None
[2022-12-12 10:20:41,985] {processor.py:161} INFO - Processing /home/airflow/.local/lib/python3.7/site-packages/airflow/example_dags/example_time_delta_sensor_async.py took 0.147 seconds
[2022-12-12 10:21:12,148] {processor.py:153} INFO - Started process (PID=795) to work on /home/airflow/.local/lib/python3.7/site-packages/airflow/example_dags/example_time_delta_sensor_async.py
[2022-12-12 10:21:12,149] {processor.py:641} INFO - Processing file /home/airflow/.local/lib/python3.7/site-packages/airflow/example_dags/example_time_delta_sensor_async.py for tasks to queue
[2022-12-12 10:21:12,149] {logging_mixin.py:115} INFO - [2022-12-12 10:21:12,149] {dagbag.py:507} INFO - Filling up the DagBag from /home/airflow/.local/lib/python3.7/site-packages/airflow/example_dags/example_time_delta_sensor_async.py
[2022-12-12 10:21:12,154] {processor.py:651} INFO - DAG(s) dict_keys(['example_time_delta_sensor_async']) retrieved from /home/airflow/.local/lib/python3.7/site-packages/airflow/example_dags/example_time_delta_sensor_async.py
[2022-12-12 10:21:12,187] {logging_mixin.py:115} INFO - [2022-12-12 10:21:12,187] {dag.py:2371} INFO - Sync 1 DAGs
[2022-12-12 10:21:12,291] {logging_mixin.py:115} INFO - [2022-12-12 10:21:12,291] {dag.py:2919} INFO - Setting next_dagrun for example_time_delta_sensor_async to None, run_after=None
[2022-12-12 10:21:12,301] {processor.py:161} INFO - Processing /home/airflow/.local/lib/python3.7/site-packages/airflow/example_dags/example_time_delta_sensor_async.py took 0.156 seconds
[2022-12-12 10:21:43,304] {processor.py:153} INFO - Started process (PID=856) to work on /home/airflow/.local/lib/python3.7/site-packages/airflow/example_dags/example_time_delta_sensor_async.py
[2022-12-12 10:21:43,305] {processor.py:641} INFO - Processing file /home/airflow/.local/lib/python3.7/site-packages/airflow/example_dags/example_time_delta_sensor_async.py for tasks to queue
[2022-12-12 10:21:43,305] {logging_mixin.py:115} INFO - [2022-12-12 10:21:43,305] {dagbag.py:507} INFO - Filling up the DagBag from /home/airflow/.local/lib/python3.7/site-packages/airflow/example_dags/example_time_delta_sensor_async.py
[2022-12-12 10:21:43,309] {processor.py:651} INFO - DAG(s) dict_keys(['example_time_delta_sensor_async']) retrieved from /home/airflow/.local/lib/python3.7/site-packages/airflow/example_dags/example_time_delta_sensor_async.py
[2022-12-12 10:21:43,340] {logging_mixin.py:115} INFO - [2022-12-12 10:21:43,340] {dag.py:2371} INFO - Sync 1 DAGs
[2022-12-12 10:21:43,460] {logging_mixin.py:115} INFO - [2022-12-12 10:21:43,460] {dag.py:2919} INFO - Setting next_dagrun for example_time_delta_sensor_async to None, run_after=None
[2022-12-12 10:21:43,468] {processor.py:161} INFO - Processing /home/airflow/.local/lib/python3.7/site-packages/airflow/example_dags/example_time_delta_sensor_async.py took 0.167 seconds
[2022-12-12 11:40:54,347] {processor.py:153} INFO - Started process (PID=72) to work on /home/airflow/.local/lib/python3.7/site-packages/airflow/example_dags/example_time_delta_sensor_async.py
[2022-12-12 11:40:54,348] {processor.py:641} INFO - Processing file /home/airflow/.local/lib/python3.7/site-packages/airflow/example_dags/example_time_delta_sensor_async.py for tasks to queue
[2022-12-12 11:40:54,348] {logging_mixin.py:115} INFO - [2022-12-12 11:40:54,348] {dagbag.py:507} INFO - Filling up the DagBag from /home/airflow/.local/lib/python3.7/site-packages/airflow/example_dags/example_time_delta_sensor_async.py
[2022-12-12 11:40:54,355] {processor.py:651} INFO - DAG(s) dict_keys(['example_time_delta_sensor_async']) retrieved from /home/airflow/.local/lib/python3.7/site-packages/airflow/example_dags/example_time_delta_sensor_async.py
[2022-12-12 11:40:54,386] {logging_mixin.py:115} INFO - [2022-12-12 11:40:54,385] {dag.py:2371} INFO - Sync 1 DAGs
[2022-12-12 11:40:54,541] {logging_mixin.py:115} INFO - [2022-12-12 11:40:54,541] {dag.py:2919} INFO - Setting next_dagrun for example_time_delta_sensor_async to None, run_after=None
[2022-12-12 11:40:54,555] {processor.py:161} INFO - Processing /home/airflow/.local/lib/python3.7/site-packages/airflow/example_dags/example_time_delta_sensor_async.py took 0.210 seconds
[2022-12-12 11:41:24,842] {processor.py:153} INFO - Started process (PID=126) to work on /home/airflow/.local/lib/python3.7/site-packages/airflow/example_dags/example_time_delta_sensor_async.py
[2022-12-12 11:41:24,843] {processor.py:641} INFO - Processing file /home/airflow/.local/lib/python3.7/site-packages/airflow/example_dags/example_time_delta_sensor_async.py for tasks to queue
[2022-12-12 11:41:24,844] {logging_mixin.py:115} INFO - [2022-12-12 11:41:24,844] {dagbag.py:507} INFO - Filling up the DagBag from /home/airflow/.local/lib/python3.7/site-packages/airflow/example_dags/example_time_delta_sensor_async.py
[2022-12-12 11:41:24,850] {processor.py:651} INFO - DAG(s) dict_keys(['example_time_delta_sensor_async']) retrieved from /home/airflow/.local/lib/python3.7/site-packages/airflow/example_dags/example_time_delta_sensor_async.py
[2022-12-12 11:41:24,884] {logging_mixin.py:115} INFO - [2022-12-12 11:41:24,884] {dag.py:2371} INFO - Sync 1 DAGs
[2022-12-12 11:41:24,995] {logging_mixin.py:115} INFO - [2022-12-12 11:41:24,995] {dag.py:2919} INFO - Setting next_dagrun for example_time_delta_sensor_async to None, run_after=None
[2022-12-12 11:41:25,005] {processor.py:161} INFO - Processing /home/airflow/.local/lib/python3.7/site-packages/airflow/example_dags/example_time_delta_sensor_async.py took 0.167 seconds
[2022-12-12 11:41:55,156] {processor.py:153} INFO - Started process (PID=189) to work on /home/airflow/.local/lib/python3.7/site-packages/airflow/example_dags/example_time_delta_sensor_async.py
[2022-12-12 11:41:55,157] {processor.py:641} INFO - Processing file /home/airflow/.local/lib/python3.7/site-packages/airflow/example_dags/example_time_delta_sensor_async.py for tasks to queue
[2022-12-12 11:41:55,157] {logging_mixin.py:115} INFO - [2022-12-12 11:41:55,157] {dagbag.py:507} INFO - Filling up the DagBag from /home/airflow/.local/lib/python3.7/site-packages/airflow/example_dags/example_time_delta_sensor_async.py
[2022-12-12 11:41:55,161] {processor.py:651} INFO - DAG(s) dict_keys(['example_time_delta_sensor_async']) retrieved from /home/airflow/.local/lib/python3.7/site-packages/airflow/example_dags/example_time_delta_sensor_async.py
[2022-12-12 11:41:55,189] {logging_mixin.py:115} INFO - [2022-12-12 11:41:55,189] {dag.py:2371} INFO - Sync 1 DAGs
[2022-12-12 11:41:55,289] {logging_mixin.py:115} INFO - [2022-12-12 11:41:55,289] {dag.py:2919} INFO - Setting next_dagrun for example_time_delta_sensor_async to None, run_after=None
[2022-12-12 11:41:55,372] {processor.py:161} INFO - Processing /home/airflow/.local/lib/python3.7/site-packages/airflow/example_dags/example_time_delta_sensor_async.py took 0.219 seconds
[2022-12-12 11:43:19,202] {processor.py:153} INFO - Started process (PID=71) to work on /home/airflow/.local/lib/python3.7/site-packages/airflow/example_dags/example_time_delta_sensor_async.py
[2022-12-12 11:43:19,203] {processor.py:641} INFO - Processing file /home/airflow/.local/lib/python3.7/site-packages/airflow/example_dags/example_time_delta_sensor_async.py for tasks to queue
[2022-12-12 11:43:19,203] {logging_mixin.py:115} INFO - [2022-12-12 11:43:19,203] {dagbag.py:507} INFO - Filling up the DagBag from /home/airflow/.local/lib/python3.7/site-packages/airflow/example_dags/example_time_delta_sensor_async.py
[2022-12-12 11:43:19,208] {processor.py:651} INFO - DAG(s) dict_keys(['example_time_delta_sensor_async']) retrieved from /home/airflow/.local/lib/python3.7/site-packages/airflow/example_dags/example_time_delta_sensor_async.py
[2022-12-12 11:43:19,245] {logging_mixin.py:115} INFO - [2022-12-12 11:43:19,244] {dag.py:2371} INFO - Sync 1 DAGs
[2022-12-12 11:43:19,379] {logging_mixin.py:115} INFO - [2022-12-12 11:43:19,379] {dag.py:2919} INFO - Setting next_dagrun for example_time_delta_sensor_async to None, run_after=None
[2022-12-12 11:43:19,434] {processor.py:161} INFO - Processing /home/airflow/.local/lib/python3.7/site-packages/airflow/example_dags/example_time_delta_sensor_async.py took 0.235 seconds
[2022-12-12 11:43:49,533] {processor.py:153} INFO - Started process (PID=125) to work on /home/airflow/.local/lib/python3.7/site-packages/airflow/example_dags/example_time_delta_sensor_async.py
[2022-12-12 11:43:49,534] {processor.py:641} INFO - Processing file /home/airflow/.local/lib/python3.7/site-packages/airflow/example_dags/example_time_delta_sensor_async.py for tasks to queue
[2022-12-12 11:43:49,534] {logging_mixin.py:115} INFO - [2022-12-12 11:43:49,534] {dagbag.py:507} INFO - Filling up the DagBag from /home/airflow/.local/lib/python3.7/site-packages/airflow/example_dags/example_time_delta_sensor_async.py
[2022-12-12 11:43:49,540] {processor.py:651} INFO - DAG(s) dict_keys(['example_time_delta_sensor_async']) retrieved from /home/airflow/.local/lib/python3.7/site-packages/airflow/example_dags/example_time_delta_sensor_async.py
[2022-12-12 11:43:49,571] {logging_mixin.py:115} INFO - [2022-12-12 11:43:49,571] {dag.py:2371} INFO - Sync 1 DAGs
[2022-12-12 11:43:49,679] {logging_mixin.py:115} INFO - [2022-12-12 11:43:49,679] {dag.py:2919} INFO - Setting next_dagrun for example_time_delta_sensor_async to None, run_after=None
[2022-12-12 11:43:49,686] {processor.py:161} INFO - Processing /home/airflow/.local/lib/python3.7/site-packages/airflow/example_dags/example_time_delta_sensor_async.py took 0.157 seconds
[2022-12-12 11:44:19,907] {processor.py:153} INFO - Started process (PID=189) to work on /home/airflow/.local/lib/python3.7/site-packages/airflow/example_dags/example_time_delta_sensor_async.py
[2022-12-12 11:44:19,908] {processor.py:641} INFO - Processing file /home/airflow/.local/lib/python3.7/site-packages/airflow/example_dags/example_time_delta_sensor_async.py for tasks to queue
[2022-12-12 11:44:19,908] {logging_mixin.py:115} INFO - [2022-12-12 11:44:19,908] {dagbag.py:507} INFO - Filling up the DagBag from /home/airflow/.local/lib/python3.7/site-packages/airflow/example_dags/example_time_delta_sensor_async.py
[2022-12-12 11:44:19,912] {processor.py:651} INFO - DAG(s) dict_keys(['example_time_delta_sensor_async']) retrieved from /home/airflow/.local/lib/python3.7/site-packages/airflow/example_dags/example_time_delta_sensor_async.py
[2022-12-12 11:44:19,939] {logging_mixin.py:115} INFO - [2022-12-12 11:44:19,939] {dag.py:2371} INFO - Sync 1 DAGs
[2022-12-12 11:44:20,043] {logging_mixin.py:115} INFO - [2022-12-12 11:44:20,043] {dag.py:2919} INFO - Setting next_dagrun for example_time_delta_sensor_async to None, run_after=None
[2022-12-12 11:44:20,052] {processor.py:161} INFO - Processing /home/airflow/.local/lib/python3.7/site-packages/airflow/example_dags/example_time_delta_sensor_async.py took 0.147 seconds
