[2022-12-12 10:15:02,453] {processor.py:153} INFO - Started process (PID=61) to work on /home/airflow/.local/lib/python3.7/site-packages/airflow/example_dags/tutorial_etl_dag.py
[2022-12-12 10:15:02,453] {processor.py:641} INFO - Processing file /home/airflow/.local/lib/python3.7/site-packages/airflow/example_dags/tutorial_etl_dag.py for tasks to queue
[2022-12-12 10:15:02,453] {logging_mixin.py:115} INFO - [2022-12-12 10:15:02,453] {dagbag.py:507} INFO - Filling up the DagBag from /home/airflow/.local/lib/python3.7/site-packages/airflow/example_dags/tutorial_etl_dag.py
[2022-12-12 10:15:02,461] {processor.py:651} INFO - DAG(s) dict_keys(['tutorial_etl_dag']) retrieved from /home/airflow/.local/lib/python3.7/site-packages/airflow/example_dags/tutorial_etl_dag.py
[2022-12-12 10:15:02,801] {logging_mixin.py:115} INFO - [2022-12-12 10:15:02,801] {manager.py:508} INFO - Created Permission View: can delete on DAG:tutorial_etl_dag
[2022-12-12 10:15:02,809] {logging_mixin.py:115} INFO - [2022-12-12 10:15:02,809] {manager.py:508} INFO - Created Permission View: can read on DAG:tutorial_etl_dag
[2022-12-12 10:15:02,816] {logging_mixin.py:115} INFO - [2022-12-12 10:15:02,816] {manager.py:508} INFO - Created Permission View: can edit on DAG:tutorial_etl_dag
[2022-12-12 10:15:02,816] {logging_mixin.py:115} INFO - [2022-12-12 10:15:02,816] {dag.py:2371} INFO - Sync 1 DAGs
[2022-12-12 10:15:02,826] {logging_mixin.py:115} INFO - [2022-12-12 10:15:02,826] {dag.py:2390} INFO - Creating ORM DAG for tutorial_etl_dag
[2022-12-12 10:15:02,839] {logging_mixin.py:115} INFO - [2022-12-12 10:15:02,839] {dag.py:2919} INFO - Setting next_dagrun for tutorial_etl_dag to None, run_after=None
[2022-12-12 10:15:02,855] {processor.py:161} INFO - Processing /home/airflow/.local/lib/python3.7/site-packages/airflow/example_dags/tutorial_etl_dag.py took 0.406 seconds
[2022-12-12 10:15:34,531] {processor.py:153} INFO - Started process (PID=113) to work on /home/airflow/.local/lib/python3.7/site-packages/airflow/example_dags/tutorial_etl_dag.py
[2022-12-12 10:15:34,532] {processor.py:641} INFO - Processing file /home/airflow/.local/lib/python3.7/site-packages/airflow/example_dags/tutorial_etl_dag.py for tasks to queue
[2022-12-12 10:15:34,532] {logging_mixin.py:115} INFO - [2022-12-12 10:15:34,532] {dagbag.py:507} INFO - Filling up the DagBag from /home/airflow/.local/lib/python3.7/site-packages/airflow/example_dags/tutorial_etl_dag.py
[2022-12-12 10:15:34,538] {processor.py:651} INFO - DAG(s) dict_keys(['tutorial_etl_dag']) retrieved from /home/airflow/.local/lib/python3.7/site-packages/airflow/example_dags/tutorial_etl_dag.py
[2022-12-12 10:15:34,559] {logging_mixin.py:115} INFO - [2022-12-12 10:15:34,559] {dag.py:2371} INFO - Sync 1 DAGs
[2022-12-12 10:15:34,668] {logging_mixin.py:115} INFO - [2022-12-12 10:15:34,667] {dag.py:2919} INFO - Setting next_dagrun for tutorial_etl_dag to None, run_after=None
[2022-12-12 10:15:34,675] {processor.py:161} INFO - Processing /home/airflow/.local/lib/python3.7/site-packages/airflow/example_dags/tutorial_etl_dag.py took 0.146 seconds
[2022-12-12 10:16:05,193] {processor.py:153} INFO - Started process (PID=176) to work on /home/airflow/.local/lib/python3.7/site-packages/airflow/example_dags/tutorial_etl_dag.py
[2022-12-12 10:16:05,194] {processor.py:641} INFO - Processing file /home/airflow/.local/lib/python3.7/site-packages/airflow/example_dags/tutorial_etl_dag.py for tasks to queue
[2022-12-12 10:16:05,194] {logging_mixin.py:115} INFO - [2022-12-12 10:16:05,194] {dagbag.py:507} INFO - Filling up the DagBag from /home/airflow/.local/lib/python3.7/site-packages/airflow/example_dags/tutorial_etl_dag.py
[2022-12-12 10:16:05,201] {processor.py:651} INFO - DAG(s) dict_keys(['tutorial_etl_dag']) retrieved from /home/airflow/.local/lib/python3.7/site-packages/airflow/example_dags/tutorial_etl_dag.py
[2022-12-12 10:16:05,222] {logging_mixin.py:115} INFO - [2022-12-12 10:16:05,222] {dag.py:2371} INFO - Sync 1 DAGs
[2022-12-12 10:16:05,318] {logging_mixin.py:115} INFO - [2022-12-12 10:16:05,318] {dag.py:2919} INFO - Setting next_dagrun for tutorial_etl_dag to None, run_after=None
[2022-12-12 10:16:05,327] {processor.py:161} INFO - Processing /home/airflow/.local/lib/python3.7/site-packages/airflow/example_dags/tutorial_etl_dag.py took 0.137 seconds
[2022-12-12 10:16:35,424] {processor.py:153} INFO - Started process (PID=238) to work on /home/airflow/.local/lib/python3.7/site-packages/airflow/example_dags/tutorial_etl_dag.py
[2022-12-12 10:16:35,425] {processor.py:641} INFO - Processing file /home/airflow/.local/lib/python3.7/site-packages/airflow/example_dags/tutorial_etl_dag.py for tasks to queue
[2022-12-12 10:16:35,425] {logging_mixin.py:115} INFO - [2022-12-12 10:16:35,425] {dagbag.py:507} INFO - Filling up the DagBag from /home/airflow/.local/lib/python3.7/site-packages/airflow/example_dags/tutorial_etl_dag.py
[2022-12-12 10:16:35,432] {processor.py:651} INFO - DAG(s) dict_keys(['tutorial_etl_dag']) retrieved from /home/airflow/.local/lib/python3.7/site-packages/airflow/example_dags/tutorial_etl_dag.py
[2022-12-12 10:16:35,452] {logging_mixin.py:115} INFO - [2022-12-12 10:16:35,452] {dag.py:2371} INFO - Sync 1 DAGs
[2022-12-12 10:16:35,553] {logging_mixin.py:115} INFO - [2022-12-12 10:16:35,553] {dag.py:2919} INFO - Setting next_dagrun for tutorial_etl_dag to None, run_after=None
[2022-12-12 10:16:35,561] {processor.py:161} INFO - Processing /home/airflow/.local/lib/python3.7/site-packages/airflow/example_dags/tutorial_etl_dag.py took 0.140 seconds
[2022-12-12 10:17:05,802] {processor.py:153} INFO - Started process (PID=301) to work on /home/airflow/.local/lib/python3.7/site-packages/airflow/example_dags/tutorial_etl_dag.py
[2022-12-12 10:17:05,803] {processor.py:641} INFO - Processing file /home/airflow/.local/lib/python3.7/site-packages/airflow/example_dags/tutorial_etl_dag.py for tasks to queue
[2022-12-12 10:17:05,803] {logging_mixin.py:115} INFO - [2022-12-12 10:17:05,803] {dagbag.py:507} INFO - Filling up the DagBag from /home/airflow/.local/lib/python3.7/site-packages/airflow/example_dags/tutorial_etl_dag.py
[2022-12-12 10:17:05,809] {processor.py:651} INFO - DAG(s) dict_keys(['tutorial_etl_dag']) retrieved from /home/airflow/.local/lib/python3.7/site-packages/airflow/example_dags/tutorial_etl_dag.py
[2022-12-12 10:17:05,830] {logging_mixin.py:115} INFO - [2022-12-12 10:17:05,830] {dag.py:2371} INFO - Sync 1 DAGs
[2022-12-12 10:17:05,938] {logging_mixin.py:115} INFO - [2022-12-12 10:17:05,938] {dag.py:2919} INFO - Setting next_dagrun for tutorial_etl_dag to None, run_after=None
[2022-12-12 10:17:05,946] {processor.py:161} INFO - Processing /home/airflow/.local/lib/python3.7/site-packages/airflow/example_dags/tutorial_etl_dag.py took 0.147 seconds
[2022-12-12 10:17:36,013] {processor.py:153} INFO - Started process (PID=353) to work on /home/airflow/.local/lib/python3.7/site-packages/airflow/example_dags/tutorial_etl_dag.py
[2022-12-12 10:17:36,014] {processor.py:641} INFO - Processing file /home/airflow/.local/lib/python3.7/site-packages/airflow/example_dags/tutorial_etl_dag.py for tasks to queue
[2022-12-12 10:17:36,014] {logging_mixin.py:115} INFO - [2022-12-12 10:17:36,014] {dagbag.py:507} INFO - Filling up the DagBag from /home/airflow/.local/lib/python3.7/site-packages/airflow/example_dags/tutorial_etl_dag.py
[2022-12-12 10:17:36,020] {processor.py:651} INFO - DAG(s) dict_keys(['tutorial_etl_dag']) retrieved from /home/airflow/.local/lib/python3.7/site-packages/airflow/example_dags/tutorial_etl_dag.py
[2022-12-12 10:17:36,041] {logging_mixin.py:115} INFO - [2022-12-12 10:17:36,040] {dag.py:2371} INFO - Sync 1 DAGs
[2022-12-12 10:17:36,163] {logging_mixin.py:115} INFO - [2022-12-12 10:17:36,163] {dag.py:2919} INFO - Setting next_dagrun for tutorial_etl_dag to None, run_after=None
[2022-12-12 10:17:36,171] {processor.py:161} INFO - Processing /home/airflow/.local/lib/python3.7/site-packages/airflow/example_dags/tutorial_etl_dag.py took 0.160 seconds
[2022-12-12 10:18:06,231] {processor.py:153} INFO - Started process (PID=416) to work on /home/airflow/.local/lib/python3.7/site-packages/airflow/example_dags/tutorial_etl_dag.py
[2022-12-12 10:18:06,232] {processor.py:641} INFO - Processing file /home/airflow/.local/lib/python3.7/site-packages/airflow/example_dags/tutorial_etl_dag.py for tasks to queue
[2022-12-12 10:18:06,232] {logging_mixin.py:115} INFO - [2022-12-12 10:18:06,232] {dagbag.py:507} INFO - Filling up the DagBag from /home/airflow/.local/lib/python3.7/site-packages/airflow/example_dags/tutorial_etl_dag.py
[2022-12-12 10:18:06,237] {processor.py:651} INFO - DAG(s) dict_keys(['tutorial_etl_dag']) retrieved from /home/airflow/.local/lib/python3.7/site-packages/airflow/example_dags/tutorial_etl_dag.py
[2022-12-12 10:18:06,259] {logging_mixin.py:115} INFO - [2022-12-12 10:18:06,259] {dag.py:2371} INFO - Sync 1 DAGs
[2022-12-12 10:18:06,355] {logging_mixin.py:115} INFO - [2022-12-12 10:18:06,355] {dag.py:2919} INFO - Setting next_dagrun for tutorial_etl_dag to None, run_after=None
[2022-12-12 10:18:06,364] {processor.py:161} INFO - Processing /home/airflow/.local/lib/python3.7/site-packages/airflow/example_dags/tutorial_etl_dag.py took 0.135 seconds
[2022-12-12 10:18:37,052] {processor.py:153} INFO - Started process (PID=480) to work on /home/airflow/.local/lib/python3.7/site-packages/airflow/example_dags/tutorial_etl_dag.py
[2022-12-12 10:18:37,053] {processor.py:641} INFO - Processing file /home/airflow/.local/lib/python3.7/site-packages/airflow/example_dags/tutorial_etl_dag.py for tasks to queue
[2022-12-12 10:18:37,053] {logging_mixin.py:115} INFO - [2022-12-12 10:18:37,053] {dagbag.py:507} INFO - Filling up the DagBag from /home/airflow/.local/lib/python3.7/site-packages/airflow/example_dags/tutorial_etl_dag.py
[2022-12-12 10:18:37,059] {processor.py:651} INFO - DAG(s) dict_keys(['tutorial_etl_dag']) retrieved from /home/airflow/.local/lib/python3.7/site-packages/airflow/example_dags/tutorial_etl_dag.py
[2022-12-12 10:18:37,079] {logging_mixin.py:115} INFO - [2022-12-12 10:18:37,079] {dag.py:2371} INFO - Sync 1 DAGs
[2022-12-12 10:18:37,179] {logging_mixin.py:115} INFO - [2022-12-12 10:18:37,179] {dag.py:2919} INFO - Setting next_dagrun for tutorial_etl_dag to None, run_after=None
[2022-12-12 10:18:37,187] {processor.py:161} INFO - Processing /home/airflow/.local/lib/python3.7/site-packages/airflow/example_dags/tutorial_etl_dag.py took 0.138 seconds
[2022-12-12 10:19:08,109] {processor.py:153} INFO - Started process (PID=544) to work on /home/airflow/.local/lib/python3.7/site-packages/airflow/example_dags/tutorial_etl_dag.py
[2022-12-12 10:19:08,110] {processor.py:641} INFO - Processing file /home/airflow/.local/lib/python3.7/site-packages/airflow/example_dags/tutorial_etl_dag.py for tasks to queue
[2022-12-12 10:19:08,110] {logging_mixin.py:115} INFO - [2022-12-12 10:19:08,110] {dagbag.py:507} INFO - Filling up the DagBag from /home/airflow/.local/lib/python3.7/site-packages/airflow/example_dags/tutorial_etl_dag.py
[2022-12-12 10:19:08,116] {processor.py:651} INFO - DAG(s) dict_keys(['tutorial_etl_dag']) retrieved from /home/airflow/.local/lib/python3.7/site-packages/airflow/example_dags/tutorial_etl_dag.py
[2022-12-12 10:19:08,135] {logging_mixin.py:115} INFO - [2022-12-12 10:19:08,135] {dag.py:2371} INFO - Sync 1 DAGs
[2022-12-12 10:19:08,255] {logging_mixin.py:115} INFO - [2022-12-12 10:19:08,255] {dag.py:2919} INFO - Setting next_dagrun for tutorial_etl_dag to None, run_after=None
[2022-12-12 10:19:08,264] {processor.py:161} INFO - Processing /home/airflow/.local/lib/python3.7/site-packages/airflow/example_dags/tutorial_etl_dag.py took 0.158 seconds
[2022-12-12 10:19:39,113] {processor.py:153} INFO - Started process (PID=597) to work on /home/airflow/.local/lib/python3.7/site-packages/airflow/example_dags/tutorial_etl_dag.py
[2022-12-12 10:19:39,114] {processor.py:641} INFO - Processing file /home/airflow/.local/lib/python3.7/site-packages/airflow/example_dags/tutorial_etl_dag.py for tasks to queue
[2022-12-12 10:19:39,115] {logging_mixin.py:115} INFO - [2022-12-12 10:19:39,114] {dagbag.py:507} INFO - Filling up the DagBag from /home/airflow/.local/lib/python3.7/site-packages/airflow/example_dags/tutorial_etl_dag.py
[2022-12-12 10:19:39,122] {processor.py:651} INFO - DAG(s) dict_keys(['tutorial_etl_dag']) retrieved from /home/airflow/.local/lib/python3.7/site-packages/airflow/example_dags/tutorial_etl_dag.py
[2022-12-12 10:19:39,145] {logging_mixin.py:115} INFO - [2022-12-12 10:19:39,145] {dag.py:2371} INFO - Sync 1 DAGs
[2022-12-12 10:19:39,279] {logging_mixin.py:115} INFO - [2022-12-12 10:19:39,279] {dag.py:2919} INFO - Setting next_dagrun for tutorial_etl_dag to None, run_after=None
[2022-12-12 10:19:39,288] {processor.py:161} INFO - Processing /home/airflow/.local/lib/python3.7/site-packages/airflow/example_dags/tutorial_etl_dag.py took 0.178 seconds
[2022-12-12 10:20:10,429] {processor.py:153} INFO - Started process (PID=661) to work on /home/airflow/.local/lib/python3.7/site-packages/airflow/example_dags/tutorial_etl_dag.py
[2022-12-12 10:20:10,430] {processor.py:641} INFO - Processing file /home/airflow/.local/lib/python3.7/site-packages/airflow/example_dags/tutorial_etl_dag.py for tasks to queue
[2022-12-12 10:20:10,431] {logging_mixin.py:115} INFO - [2022-12-12 10:20:10,431] {dagbag.py:507} INFO - Filling up the DagBag from /home/airflow/.local/lib/python3.7/site-packages/airflow/example_dags/tutorial_etl_dag.py
[2022-12-12 10:20:10,437] {processor.py:651} INFO - DAG(s) dict_keys(['tutorial_etl_dag']) retrieved from /home/airflow/.local/lib/python3.7/site-packages/airflow/example_dags/tutorial_etl_dag.py
[2022-12-12 10:20:10,461] {logging_mixin.py:115} INFO - [2022-12-12 10:20:10,461] {dag.py:2371} INFO - Sync 1 DAGs
[2022-12-12 10:20:10,589] {logging_mixin.py:115} INFO - [2022-12-12 10:20:10,589] {dag.py:2919} INFO - Setting next_dagrun for tutorial_etl_dag to None, run_after=None
[2022-12-12 10:20:10,600] {processor.py:161} INFO - Processing /home/airflow/.local/lib/python3.7/site-packages/airflow/example_dags/tutorial_etl_dag.py took 0.173 seconds
[2022-12-12 10:20:40,724] {processor.py:153} INFO - Started process (PID=722) to work on /home/airflow/.local/lib/python3.7/site-packages/airflow/example_dags/tutorial_etl_dag.py
[2022-12-12 10:20:40,726] {processor.py:641} INFO - Processing file /home/airflow/.local/lib/python3.7/site-packages/airflow/example_dags/tutorial_etl_dag.py for tasks to queue
[2022-12-12 10:20:40,726] {logging_mixin.py:115} INFO - [2022-12-12 10:20:40,726] {dagbag.py:507} INFO - Filling up the DagBag from /home/airflow/.local/lib/python3.7/site-packages/airflow/example_dags/tutorial_etl_dag.py
[2022-12-12 10:20:40,732] {processor.py:651} INFO - DAG(s) dict_keys(['tutorial_etl_dag']) retrieved from /home/airflow/.local/lib/python3.7/site-packages/airflow/example_dags/tutorial_etl_dag.py
[2022-12-12 10:20:40,757] {logging_mixin.py:115} INFO - [2022-12-12 10:20:40,757] {dag.py:2371} INFO - Sync 1 DAGs
[2022-12-12 10:20:40,880] {logging_mixin.py:115} INFO - [2022-12-12 10:20:40,880] {dag.py:2919} INFO - Setting next_dagrun for tutorial_etl_dag to None, run_after=None
[2022-12-12 10:20:40,892] {processor.py:161} INFO - Processing /home/airflow/.local/lib/python3.7/site-packages/airflow/example_dags/tutorial_etl_dag.py took 0.170 seconds
[2022-12-12 10:21:11,011] {processor.py:153} INFO - Started process (PID=784) to work on /home/airflow/.local/lib/python3.7/site-packages/airflow/example_dags/tutorial_etl_dag.py
[2022-12-12 10:21:11,012] {processor.py:641} INFO - Processing file /home/airflow/.local/lib/python3.7/site-packages/airflow/example_dags/tutorial_etl_dag.py for tasks to queue
[2022-12-12 10:21:11,013] {logging_mixin.py:115} INFO - [2022-12-12 10:21:11,013] {dagbag.py:507} INFO - Filling up the DagBag from /home/airflow/.local/lib/python3.7/site-packages/airflow/example_dags/tutorial_etl_dag.py
[2022-12-12 10:21:11,018] {processor.py:651} INFO - DAG(s) dict_keys(['tutorial_etl_dag']) retrieved from /home/airflow/.local/lib/python3.7/site-packages/airflow/example_dags/tutorial_etl_dag.py
[2022-12-12 10:21:11,043] {logging_mixin.py:115} INFO - [2022-12-12 10:21:11,043] {dag.py:2371} INFO - Sync 1 DAGs
[2022-12-12 10:21:11,150] {logging_mixin.py:115} INFO - [2022-12-12 10:21:11,150] {dag.py:2919} INFO - Setting next_dagrun for tutorial_etl_dag to None, run_after=None
[2022-12-12 10:21:11,159] {processor.py:161} INFO - Processing /home/airflow/.local/lib/python3.7/site-packages/airflow/example_dags/tutorial_etl_dag.py took 0.151 seconds
[2022-12-12 10:21:41,204] {processor.py:153} INFO - Started process (PID=836) to work on /home/airflow/.local/lib/python3.7/site-packages/airflow/example_dags/tutorial_etl_dag.py
[2022-12-12 10:21:41,205] {processor.py:641} INFO - Processing file /home/airflow/.local/lib/python3.7/site-packages/airflow/example_dags/tutorial_etl_dag.py for tasks to queue
[2022-12-12 10:21:41,205] {logging_mixin.py:115} INFO - [2022-12-12 10:21:41,205] {dagbag.py:507} INFO - Filling up the DagBag from /home/airflow/.local/lib/python3.7/site-packages/airflow/example_dags/tutorial_etl_dag.py
[2022-12-12 10:21:41,211] {processor.py:651} INFO - DAG(s) dict_keys(['tutorial_etl_dag']) retrieved from /home/airflow/.local/lib/python3.7/site-packages/airflow/example_dags/tutorial_etl_dag.py
[2022-12-12 10:21:41,234] {logging_mixin.py:115} INFO - [2022-12-12 10:21:41,234] {dag.py:2371} INFO - Sync 1 DAGs
[2022-12-12 10:21:41,340] {logging_mixin.py:115} INFO - [2022-12-12 10:21:41,340] {dag.py:2919} INFO - Setting next_dagrun for tutorial_etl_dag to None, run_after=None
[2022-12-12 10:21:41,351] {processor.py:161} INFO - Processing /home/airflow/.local/lib/python3.7/site-packages/airflow/example_dags/tutorial_etl_dag.py took 0.149 seconds
[2022-12-12 11:40:53,061] {processor.py:153} INFO - Started process (PID=51) to work on /home/airflow/.local/lib/python3.7/site-packages/airflow/example_dags/tutorial_etl_dag.py
[2022-12-12 11:40:53,062] {processor.py:641} INFO - Processing file /home/airflow/.local/lib/python3.7/site-packages/airflow/example_dags/tutorial_etl_dag.py for tasks to queue
[2022-12-12 11:40:53,062] {logging_mixin.py:115} INFO - [2022-12-12 11:40:53,062] {dagbag.py:507} INFO - Filling up the DagBag from /home/airflow/.local/lib/python3.7/site-packages/airflow/example_dags/tutorial_etl_dag.py
[2022-12-12 11:40:53,071] {processor.py:651} INFO - DAG(s) dict_keys(['tutorial_etl_dag']) retrieved from /home/airflow/.local/lib/python3.7/site-packages/airflow/example_dags/tutorial_etl_dag.py
[2022-12-12 11:40:53,093] {logging_mixin.py:115} INFO - [2022-12-12 11:40:53,093] {dag.py:2371} INFO - Sync 1 DAGs
[2022-12-12 11:40:53,231] {logging_mixin.py:115} INFO - [2022-12-12 11:40:53,231] {dag.py:2919} INFO - Setting next_dagrun for tutorial_etl_dag to None, run_after=None
[2022-12-12 11:40:53,244] {processor.py:161} INFO - Processing /home/airflow/.local/lib/python3.7/site-packages/airflow/example_dags/tutorial_etl_dag.py took 0.187 seconds
[2022-12-12 11:41:23,605] {processor.py:153} INFO - Started process (PID=115) to work on /home/airflow/.local/lib/python3.7/site-packages/airflow/example_dags/tutorial_etl_dag.py
[2022-12-12 11:41:23,606] {processor.py:641} INFO - Processing file /home/airflow/.local/lib/python3.7/site-packages/airflow/example_dags/tutorial_etl_dag.py for tasks to queue
[2022-12-12 11:41:23,607] {logging_mixin.py:115} INFO - [2022-12-12 11:41:23,607] {dagbag.py:507} INFO - Filling up the DagBag from /home/airflow/.local/lib/python3.7/site-packages/airflow/example_dags/tutorial_etl_dag.py
[2022-12-12 11:41:23,613] {processor.py:651} INFO - DAG(s) dict_keys(['tutorial_etl_dag']) retrieved from /home/airflow/.local/lib/python3.7/site-packages/airflow/example_dags/tutorial_etl_dag.py
[2022-12-12 11:41:23,635] {logging_mixin.py:115} INFO - [2022-12-12 11:41:23,635] {dag.py:2371} INFO - Sync 1 DAGs
[2022-12-12 11:41:23,740] {logging_mixin.py:115} INFO - [2022-12-12 11:41:23,740] {dag.py:2919} INFO - Setting next_dagrun for tutorial_etl_dag to None, run_after=None
[2022-12-12 11:41:23,760] {processor.py:161} INFO - Processing /home/airflow/.local/lib/python3.7/site-packages/airflow/example_dags/tutorial_etl_dag.py took 0.157 seconds
[2022-12-12 11:41:53,926] {processor.py:153} INFO - Started process (PID=178) to work on /home/airflow/.local/lib/python3.7/site-packages/airflow/example_dags/tutorial_etl_dag.py
[2022-12-12 11:41:53,990] {processor.py:641} INFO - Processing file /home/airflow/.local/lib/python3.7/site-packages/airflow/example_dags/tutorial_etl_dag.py for tasks to queue
[2022-12-12 11:41:53,990] {logging_mixin.py:115} INFO - [2022-12-12 11:41:53,990] {dagbag.py:507} INFO - Filling up the DagBag from /home/airflow/.local/lib/python3.7/site-packages/airflow/example_dags/tutorial_etl_dag.py
[2022-12-12 11:41:53,996] {processor.py:651} INFO - DAG(s) dict_keys(['tutorial_etl_dag']) retrieved from /home/airflow/.local/lib/python3.7/site-packages/airflow/example_dags/tutorial_etl_dag.py
[2022-12-12 11:41:54,018] {logging_mixin.py:115} INFO - [2022-12-12 11:41:54,018] {dag.py:2371} INFO - Sync 1 DAGs
[2022-12-12 11:41:54,129] {logging_mixin.py:115} INFO - [2022-12-12 11:41:54,128] {dag.py:2919} INFO - Setting next_dagrun for tutorial_etl_dag to None, run_after=None
[2022-12-12 11:41:54,140] {processor.py:161} INFO - Processing /home/airflow/.local/lib/python3.7/site-packages/airflow/example_dags/tutorial_etl_dag.py took 0.218 seconds
[2022-12-12 11:43:17,797] {processor.py:153} INFO - Started process (PID=60) to work on /home/airflow/.local/lib/python3.7/site-packages/airflow/example_dags/tutorial_etl_dag.py
[2022-12-12 11:43:17,798] {processor.py:641} INFO - Processing file /home/airflow/.local/lib/python3.7/site-packages/airflow/example_dags/tutorial_etl_dag.py for tasks to queue
[2022-12-12 11:43:17,799] {logging_mixin.py:115} INFO - [2022-12-12 11:43:17,798] {dagbag.py:507} INFO - Filling up the DagBag from /home/airflow/.local/lib/python3.7/site-packages/airflow/example_dags/tutorial_etl_dag.py
[2022-12-12 11:43:17,805] {processor.py:651} INFO - DAG(s) dict_keys(['tutorial_etl_dag']) retrieved from /home/airflow/.local/lib/python3.7/site-packages/airflow/example_dags/tutorial_etl_dag.py
[2022-12-12 11:43:17,825] {logging_mixin.py:115} INFO - [2022-12-12 11:43:17,825] {dag.py:2371} INFO - Sync 1 DAGs
[2022-12-12 11:43:17,963] {logging_mixin.py:115} INFO - [2022-12-12 11:43:17,963] {dag.py:2919} INFO - Setting next_dagrun for tutorial_etl_dag to None, run_after=None
[2022-12-12 11:43:18,047] {processor.py:161} INFO - Processing /home/airflow/.local/lib/python3.7/site-packages/airflow/example_dags/tutorial_etl_dag.py took 0.252 seconds
[2022-12-12 11:43:48,441] {processor.py:153} INFO - Started process (PID=114) to work on /home/airflow/.local/lib/python3.7/site-packages/airflow/example_dags/tutorial_etl_dag.py
[2022-12-12 11:43:48,441] {processor.py:641} INFO - Processing file /home/airflow/.local/lib/python3.7/site-packages/airflow/example_dags/tutorial_etl_dag.py for tasks to queue
[2022-12-12 11:43:48,442] {logging_mixin.py:115} INFO - [2022-12-12 11:43:48,442] {dagbag.py:507} INFO - Filling up the DagBag from /home/airflow/.local/lib/python3.7/site-packages/airflow/example_dags/tutorial_etl_dag.py
[2022-12-12 11:43:48,449] {processor.py:651} INFO - DAG(s) dict_keys(['tutorial_etl_dag']) retrieved from /home/airflow/.local/lib/python3.7/site-packages/airflow/example_dags/tutorial_etl_dag.py
[2022-12-12 11:43:48,468] {logging_mixin.py:115} INFO - [2022-12-12 11:43:48,468] {dag.py:2371} INFO - Sync 1 DAGs
[2022-12-12 11:43:48,568] {logging_mixin.py:115} INFO - [2022-12-12 11:43:48,567] {dag.py:2919} INFO - Setting next_dagrun for tutorial_etl_dag to None, run_after=None
[2022-12-12 11:43:48,576] {processor.py:161} INFO - Processing /home/airflow/.local/lib/python3.7/site-packages/airflow/example_dags/tutorial_etl_dag.py took 0.138 seconds
[2022-12-12 11:44:18,901] {processor.py:153} INFO - Started process (PID=178) to work on /home/airflow/.local/lib/python3.7/site-packages/airflow/example_dags/tutorial_etl_dag.py
[2022-12-12 11:44:18,902] {processor.py:641} INFO - Processing file /home/airflow/.local/lib/python3.7/site-packages/airflow/example_dags/tutorial_etl_dag.py for tasks to queue
[2022-12-12 11:44:18,902] {logging_mixin.py:115} INFO - [2022-12-12 11:44:18,902] {dagbag.py:507} INFO - Filling up the DagBag from /home/airflow/.local/lib/python3.7/site-packages/airflow/example_dags/tutorial_etl_dag.py
[2022-12-12 11:44:18,908] {processor.py:651} INFO - DAG(s) dict_keys(['tutorial_etl_dag']) retrieved from /home/airflow/.local/lib/python3.7/site-packages/airflow/example_dags/tutorial_etl_dag.py
[2022-12-12 11:44:18,928] {logging_mixin.py:115} INFO - [2022-12-12 11:44:18,928] {dag.py:2371} INFO - Sync 1 DAGs
[2022-12-12 11:44:19,033] {logging_mixin.py:115} INFO - [2022-12-12 11:44:19,033] {dag.py:2919} INFO - Setting next_dagrun for tutorial_etl_dag to None, run_after=None
[2022-12-12 11:44:19,043] {processor.py:161} INFO - Processing /home/airflow/.local/lib/python3.7/site-packages/airflow/example_dags/tutorial_etl_dag.py took 0.144 seconds
