[2022-12-19 17:13:25,058] {processor.py:153} INFO - Started process (PID=71) to work on /home/airflow/.local/lib/python3.7/site-packages/airflow/example_dags/example_sla_dag.py
[2022-12-19 17:13:25,059] {processor.py:641} INFO - Processing file /home/airflow/.local/lib/python3.7/site-packages/airflow/example_dags/example_sla_dag.py for tasks to queue
[2022-12-19 17:13:25,059] {logging_mixin.py:115} INFO - [2022-12-19 17:13:25,059] {dagbag.py:507} INFO - Filling up the DagBag from /home/airflow/.local/lib/python3.7/site-packages/airflow/example_dags/example_sla_dag.py
[2022-12-19 17:13:25,087] {processor.py:651} INFO - DAG(s) dict_keys(['example_sla_dag']) retrieved from /home/airflow/.local/lib/python3.7/site-packages/airflow/example_dags/example_sla_dag.py
[2022-12-19 17:13:25,317] {logging_mixin.py:115} INFO - [2022-12-19 17:13:25,317] {manager.py:508} INFO - Created Permission View: can delete on DAG:example_sla_dag
[2022-12-19 17:13:25,325] {logging_mixin.py:115} INFO - [2022-12-19 17:13:25,325] {manager.py:508} INFO - Created Permission View: can read on DAG:example_sla_dag
[2022-12-19 17:13:25,333] {logging_mixin.py:115} INFO - [2022-12-19 17:13:25,333] {manager.py:508} INFO - Created Permission View: can edit on DAG:example_sla_dag
[2022-12-19 17:13:25,333] {logging_mixin.py:115} INFO - [2022-12-19 17:13:25,333] {dag.py:2371} INFO - Sync 1 DAGs
[2022-12-19 17:13:25,341] {logging_mixin.py:115} INFO - [2022-12-19 17:13:25,341] {dag.py:2390} INFO - Creating ORM DAG for example_sla_dag
[2022-12-19 17:13:25,355] {logging_mixin.py:115} INFO - [2022-12-19 17:13:25,355] {dag.py:2919} INFO - Setting next_dagrun for example_sla_dag to 2022-12-19T17:10:00+00:00, run_after=2022-12-19T17:12:00+00:00
[2022-12-19 17:13:25,367] {processor.py:161} INFO - Processing /home/airflow/.local/lib/python3.7/site-packages/airflow/example_dags/example_sla_dag.py took 0.319 seconds
[2022-12-19 17:13:55,471] {processor.py:153} INFO - Started process (PID=134) to work on /home/airflow/.local/lib/python3.7/site-packages/airflow/example_dags/example_sla_dag.py
[2022-12-19 17:13:55,472] {processor.py:641} INFO - Processing file /home/airflow/.local/lib/python3.7/site-packages/airflow/example_dags/example_sla_dag.py for tasks to queue
[2022-12-19 17:13:55,472] {logging_mixin.py:115} INFO - [2022-12-19 17:13:55,472] {dagbag.py:507} INFO - Filling up the DagBag from /home/airflow/.local/lib/python3.7/site-packages/airflow/example_dags/example_sla_dag.py
[2022-12-19 17:13:55,484] {processor.py:651} INFO - DAG(s) dict_keys(['example_sla_dag']) retrieved from /home/airflow/.local/lib/python3.7/site-packages/airflow/example_dags/example_sla_dag.py
[2022-12-19 17:13:55,503] {logging_mixin.py:115} INFO - [2022-12-19 17:13:55,503] {dag.py:2371} INFO - Sync 1 DAGs
[2022-12-19 17:13:55,607] {logging_mixin.py:115} INFO - [2022-12-19 17:13:55,607] {dag.py:2919} INFO - Setting next_dagrun for example_sla_dag to 2022-12-19T17:10:00+00:00, run_after=2022-12-19T17:12:00+00:00
[2022-12-19 17:13:55,615] {processor.py:161} INFO - Processing /home/airflow/.local/lib/python3.7/site-packages/airflow/example_dags/example_sla_dag.py took 0.146 seconds
[2022-12-19 17:14:25,766] {processor.py:153} INFO - Started process (PID=193) to work on /home/airflow/.local/lib/python3.7/site-packages/airflow/example_dags/example_sla_dag.py
[2022-12-19 17:14:25,767] {processor.py:641} INFO - Processing file /home/airflow/.local/lib/python3.7/site-packages/airflow/example_dags/example_sla_dag.py for tasks to queue
[2022-12-19 17:14:25,768] {logging_mixin.py:115} INFO - [2022-12-19 17:14:25,767] {dagbag.py:507} INFO - Filling up the DagBag from /home/airflow/.local/lib/python3.7/site-packages/airflow/example_dags/example_sla_dag.py
[2022-12-19 17:14:25,780] {processor.py:651} INFO - DAG(s) dict_keys(['example_sla_dag']) retrieved from /home/airflow/.local/lib/python3.7/site-packages/airflow/example_dags/example_sla_dag.py
[2022-12-19 17:14:25,877] {logging_mixin.py:115} INFO - [2022-12-19 17:14:25,876] {dag.py:2371} INFO - Sync 1 DAGs
[2022-12-19 17:14:25,894] {logging_mixin.py:115} INFO - [2022-12-19 17:14:25,894] {dag.py:2919} INFO - Setting next_dagrun for example_sla_dag to 2022-12-19T17:12:00+00:00, run_after=2022-12-19T17:14:00+00:00
[2022-12-19 17:14:25,903] {processor.py:161} INFO - Processing /home/airflow/.local/lib/python3.7/site-packages/airflow/example_dags/example_sla_dag.py took 0.139 seconds
[2022-12-19 17:14:55,987] {processor.py:153} INFO - Started process (PID=259) to work on /home/airflow/.local/lib/python3.7/site-packages/airflow/example_dags/example_sla_dag.py
[2022-12-19 17:14:55,987] {processor.py:641} INFO - Processing file /home/airflow/.local/lib/python3.7/site-packages/airflow/example_dags/example_sla_dag.py for tasks to queue
[2022-12-19 17:14:55,988] {logging_mixin.py:115} INFO - [2022-12-19 17:14:55,987] {dagbag.py:507} INFO - Filling up the DagBag from /home/airflow/.local/lib/python3.7/site-packages/airflow/example_dags/example_sla_dag.py
[2022-12-19 17:14:55,998] {processor.py:651} INFO - DAG(s) dict_keys(['example_sla_dag']) retrieved from /home/airflow/.local/lib/python3.7/site-packages/airflow/example_dags/example_sla_dag.py
[2022-12-19 17:14:56,098] {logging_mixin.py:115} INFO - [2022-12-19 17:14:56,098] {dag.py:2371} INFO - Sync 1 DAGs
[2022-12-19 17:14:56,114] {logging_mixin.py:115} INFO - [2022-12-19 17:14:56,114] {dag.py:2919} INFO - Setting next_dagrun for example_sla_dag to 2022-12-19T17:12:00+00:00, run_after=2022-12-19T17:14:00+00:00
[2022-12-19 17:14:56,122] {processor.py:161} INFO - Processing /home/airflow/.local/lib/python3.7/site-packages/airflow/example_dags/example_sla_dag.py took 0.138 seconds
[2022-12-19 17:15:27,013] {processor.py:153} INFO - Started process (PID=325) to work on /home/airflow/.local/lib/python3.7/site-packages/airflow/example_dags/example_sla_dag.py
[2022-12-19 17:15:27,014] {processor.py:641} INFO - Processing file /home/airflow/.local/lib/python3.7/site-packages/airflow/example_dags/example_sla_dag.py for tasks to queue
[2022-12-19 17:15:27,015] {logging_mixin.py:115} INFO - [2022-12-19 17:15:27,015] {dagbag.py:507} INFO - Filling up the DagBag from /home/airflow/.local/lib/python3.7/site-packages/airflow/example_dags/example_sla_dag.py
[2022-12-19 17:15:27,029] {processor.py:651} INFO - DAG(s) dict_keys(['example_sla_dag']) retrieved from /home/airflow/.local/lib/python3.7/site-packages/airflow/example_dags/example_sla_dag.py
[2022-12-19 17:15:27,138] {logging_mixin.py:115} INFO - [2022-12-19 17:15:27,138] {dag.py:2371} INFO - Sync 1 DAGs
[2022-12-19 17:15:27,153] {logging_mixin.py:115} INFO - [2022-12-19 17:15:27,153] {dag.py:2919} INFO - Setting next_dagrun for example_sla_dag to 2022-12-19T17:12:00+00:00, run_after=2022-12-19T17:14:00+00:00
[2022-12-19 17:15:27,160] {processor.py:161} INFO - Processing /home/airflow/.local/lib/python3.7/site-packages/airflow/example_dags/example_sla_dag.py took 0.149 seconds
[2022-12-19 17:15:58,003] {processor.py:153} INFO - Started process (PID=391) to work on /home/airflow/.local/lib/python3.7/site-packages/airflow/example_dags/example_sla_dag.py
[2022-12-19 17:15:58,003] {processor.py:641} INFO - Processing file /home/airflow/.local/lib/python3.7/site-packages/airflow/example_dags/example_sla_dag.py for tasks to queue
[2022-12-19 17:15:58,004] {logging_mixin.py:115} INFO - [2022-12-19 17:15:58,004] {dagbag.py:507} INFO - Filling up the DagBag from /home/airflow/.local/lib/python3.7/site-packages/airflow/example_dags/example_sla_dag.py
[2022-12-19 17:15:58,016] {processor.py:651} INFO - DAG(s) dict_keys(['example_sla_dag']) retrieved from /home/airflow/.local/lib/python3.7/site-packages/airflow/example_dags/example_sla_dag.py
[2022-12-19 17:15:58,118] {logging_mixin.py:115} INFO - [2022-12-19 17:15:58,118] {dag.py:2371} INFO - Sync 1 DAGs
[2022-12-19 17:15:58,138] {logging_mixin.py:115} INFO - [2022-12-19 17:15:58,138] {dag.py:2919} INFO - Setting next_dagrun for example_sla_dag to 2022-12-19T17:12:00+00:00, run_after=2022-12-19T17:14:00+00:00
[2022-12-19 17:15:58,147] {processor.py:161} INFO - Processing /home/airflow/.local/lib/python3.7/site-packages/airflow/example_dags/example_sla_dag.py took 0.146 seconds
[2022-12-19 17:16:28,941] {processor.py:153} INFO - Started process (PID=464) to work on /home/airflow/.local/lib/python3.7/site-packages/airflow/example_dags/example_sla_dag.py
[2022-12-19 17:16:28,942] {processor.py:641} INFO - Processing file /home/airflow/.local/lib/python3.7/site-packages/airflow/example_dags/example_sla_dag.py for tasks to queue
[2022-12-19 17:16:28,942] {logging_mixin.py:115} INFO - [2022-12-19 17:16:28,942] {dagbag.py:507} INFO - Filling up the DagBag from /home/airflow/.local/lib/python3.7/site-packages/airflow/example_dags/example_sla_dag.py
[2022-12-19 17:16:28,955] {processor.py:651} INFO - DAG(s) dict_keys(['example_sla_dag']) retrieved from /home/airflow/.local/lib/python3.7/site-packages/airflow/example_dags/example_sla_dag.py
[2022-12-19 17:16:29,068] {logging_mixin.py:115} INFO - [2022-12-19 17:16:29,067] {dag.py:2371} INFO - Sync 1 DAGs
[2022-12-19 17:16:29,083] {logging_mixin.py:115} INFO - [2022-12-19 17:16:29,083] {dag.py:2919} INFO - Setting next_dagrun for example_sla_dag to 2022-12-19T17:14:00+00:00, run_after=2022-12-19T17:16:00+00:00
[2022-12-19 17:16:29,090] {processor.py:161} INFO - Processing /home/airflow/.local/lib/python3.7/site-packages/airflow/example_dags/example_sla_dag.py took 0.151 seconds
[2022-12-19 17:17:00,087] {processor.py:153} INFO - Started process (PID=531) to work on /home/airflow/.local/lib/python3.7/site-packages/airflow/example_dags/example_sla_dag.py
[2022-12-19 17:17:00,087] {processor.py:641} INFO - Processing file /home/airflow/.local/lib/python3.7/site-packages/airflow/example_dags/example_sla_dag.py for tasks to queue
[2022-12-19 17:17:00,087] {logging_mixin.py:115} INFO - [2022-12-19 17:17:00,087] {dagbag.py:507} INFO - Filling up the DagBag from /home/airflow/.local/lib/python3.7/site-packages/airflow/example_dags/example_sla_dag.py
[2022-12-19 17:17:00,099] {processor.py:651} INFO - DAG(s) dict_keys(['example_sla_dag']) retrieved from /home/airflow/.local/lib/python3.7/site-packages/airflow/example_dags/example_sla_dag.py
[2022-12-19 17:17:00,216] {logging_mixin.py:115} INFO - [2022-12-19 17:17:00,216] {dag.py:2371} INFO - Sync 1 DAGs
[2022-12-19 17:17:00,233] {logging_mixin.py:115} INFO - [2022-12-19 17:17:00,233] {dag.py:2919} INFO - Setting next_dagrun for example_sla_dag to 2022-12-19T17:14:00+00:00, run_after=2022-12-19T17:16:00+00:00
[2022-12-19 17:17:00,242] {processor.py:161} INFO - Processing /home/airflow/.local/lib/python3.7/site-packages/airflow/example_dags/example_sla_dag.py took 0.157 seconds
[2022-12-19 17:17:30,952] {processor.py:153} INFO - Started process (PID=598) to work on /home/airflow/.local/lib/python3.7/site-packages/airflow/example_dags/example_sla_dag.py
[2022-12-19 17:17:30,952] {processor.py:641} INFO - Processing file /home/airflow/.local/lib/python3.7/site-packages/airflow/example_dags/example_sla_dag.py for tasks to queue
[2022-12-19 17:17:30,952] {logging_mixin.py:115} INFO - [2022-12-19 17:17:30,952] {dagbag.py:507} INFO - Filling up the DagBag from /home/airflow/.local/lib/python3.7/site-packages/airflow/example_dags/example_sla_dag.py
[2022-12-19 17:17:30,963] {processor.py:651} INFO - DAG(s) dict_keys(['example_sla_dag']) retrieved from /home/airflow/.local/lib/python3.7/site-packages/airflow/example_dags/example_sla_dag.py
[2022-12-19 17:17:31,066] {logging_mixin.py:115} INFO - [2022-12-19 17:17:31,065] {dag.py:2371} INFO - Sync 1 DAGs
[2022-12-19 17:17:31,080] {logging_mixin.py:115} INFO - [2022-12-19 17:17:31,080] {dag.py:2919} INFO - Setting next_dagrun for example_sla_dag to 2022-12-19T17:14:00+00:00, run_after=2022-12-19T17:16:00+00:00
[2022-12-19 17:17:31,088] {processor.py:161} INFO - Processing /home/airflow/.local/lib/python3.7/site-packages/airflow/example_dags/example_sla_dag.py took 0.139 seconds
[2022-12-19 17:18:02,051] {processor.py:153} INFO - Started process (PID=663) to work on /home/airflow/.local/lib/python3.7/site-packages/airflow/example_dags/example_sla_dag.py
[2022-12-19 17:18:02,052] {processor.py:641} INFO - Processing file /home/airflow/.local/lib/python3.7/site-packages/airflow/example_dags/example_sla_dag.py for tasks to queue
[2022-12-19 17:18:02,052] {logging_mixin.py:115} INFO - [2022-12-19 17:18:02,052] {dagbag.py:507} INFO - Filling up the DagBag from /home/airflow/.local/lib/python3.7/site-packages/airflow/example_dags/example_sla_dag.py
[2022-12-19 17:18:02,063] {processor.py:651} INFO - DAG(s) dict_keys(['example_sla_dag']) retrieved from /home/airflow/.local/lib/python3.7/site-packages/airflow/example_dags/example_sla_dag.py
[2022-12-19 17:18:02,168] {logging_mixin.py:115} INFO - [2022-12-19 17:18:02,168] {dag.py:2371} INFO - Sync 1 DAGs
[2022-12-19 17:18:02,185] {logging_mixin.py:115} INFO - [2022-12-19 17:18:02,185] {dag.py:2919} INFO - Setting next_dagrun for example_sla_dag to 2022-12-19T17:16:00+00:00, run_after=2022-12-19T17:18:00+00:00
[2022-12-19 17:18:02,193] {processor.py:161} INFO - Processing /home/airflow/.local/lib/python3.7/site-packages/airflow/example_dags/example_sla_dag.py took 0.144 seconds
[2022-12-19 17:18:32,419] {processor.py:153} INFO - Started process (PID=728) to work on /home/airflow/.local/lib/python3.7/site-packages/airflow/example_dags/example_sla_dag.py
[2022-12-19 17:18:32,419] {processor.py:641} INFO - Processing file /home/airflow/.local/lib/python3.7/site-packages/airflow/example_dags/example_sla_dag.py for tasks to queue
[2022-12-19 17:18:32,419] {logging_mixin.py:115} INFO - [2022-12-19 17:18:32,419] {dagbag.py:507} INFO - Filling up the DagBag from /home/airflow/.local/lib/python3.7/site-packages/airflow/example_dags/example_sla_dag.py
[2022-12-19 17:18:32,436] {processor.py:651} INFO - DAG(s) dict_keys(['example_sla_dag']) retrieved from /home/airflow/.local/lib/python3.7/site-packages/airflow/example_dags/example_sla_dag.py
[2022-12-19 17:18:32,540] {logging_mixin.py:115} INFO - [2022-12-19 17:18:32,540] {dag.py:2371} INFO - Sync 1 DAGs
[2022-12-19 17:18:32,555] {logging_mixin.py:115} INFO - [2022-12-19 17:18:32,555] {dag.py:2919} INFO - Setting next_dagrun for example_sla_dag to 2022-12-19T17:16:00+00:00, run_after=2022-12-19T17:18:00+00:00
[2022-12-19 17:18:32,563] {processor.py:161} INFO - Processing /home/airflow/.local/lib/python3.7/site-packages/airflow/example_dags/example_sla_dag.py took 0.147 seconds
[2022-12-19 17:19:02,618] {processor.py:153} INFO - Started process (PID=787) to work on /home/airflow/.local/lib/python3.7/site-packages/airflow/example_dags/example_sla_dag.py
[2022-12-19 17:19:02,619] {processor.py:641} INFO - Processing file /home/airflow/.local/lib/python3.7/site-packages/airflow/example_dags/example_sla_dag.py for tasks to queue
[2022-12-19 17:19:02,619] {logging_mixin.py:115} INFO - [2022-12-19 17:19:02,619] {dagbag.py:507} INFO - Filling up the DagBag from /home/airflow/.local/lib/python3.7/site-packages/airflow/example_dags/example_sla_dag.py
[2022-12-19 17:19:02,632] {processor.py:651} INFO - DAG(s) dict_keys(['example_sla_dag']) retrieved from /home/airflow/.local/lib/python3.7/site-packages/airflow/example_dags/example_sla_dag.py
[2022-12-19 17:19:02,727] {logging_mixin.py:115} INFO - [2022-12-19 17:19:02,727] {dag.py:2371} INFO - Sync 1 DAGs
[2022-12-19 17:19:02,744] {logging_mixin.py:115} INFO - [2022-12-19 17:19:02,744] {dag.py:2919} INFO - Setting next_dagrun for example_sla_dag to 2022-12-19T17:16:00+00:00, run_after=2022-12-19T17:18:00+00:00
[2022-12-19 17:19:02,751] {processor.py:161} INFO - Processing /home/airflow/.local/lib/python3.7/site-packages/airflow/example_dags/example_sla_dag.py took 0.136 seconds
[2022-12-19 17:19:32,896] {processor.py:153} INFO - Started process (PID=853) to work on /home/airflow/.local/lib/python3.7/site-packages/airflow/example_dags/example_sla_dag.py
[2022-12-19 17:19:32,896] {processor.py:641} INFO - Processing file /home/airflow/.local/lib/python3.7/site-packages/airflow/example_dags/example_sla_dag.py for tasks to queue
[2022-12-19 17:19:32,896] {logging_mixin.py:115} INFO - [2022-12-19 17:19:32,896] {dagbag.py:507} INFO - Filling up the DagBag from /home/airflow/.local/lib/python3.7/site-packages/airflow/example_dags/example_sla_dag.py
[2022-12-19 17:19:32,910] {processor.py:651} INFO - DAG(s) dict_keys(['example_sla_dag']) retrieved from /home/airflow/.local/lib/python3.7/site-packages/airflow/example_dags/example_sla_dag.py
[2022-12-19 17:19:33,006] {logging_mixin.py:115} INFO - [2022-12-19 17:19:33,006] {dag.py:2371} INFO - Sync 1 DAGs
[2022-12-19 17:19:33,022] {logging_mixin.py:115} INFO - [2022-12-19 17:19:33,022] {dag.py:2919} INFO - Setting next_dagrun for example_sla_dag to 2022-12-19T17:16:00+00:00, run_after=2022-12-19T17:18:00+00:00
[2022-12-19 17:19:33,029] {processor.py:161} INFO - Processing /home/airflow/.local/lib/python3.7/site-packages/airflow/example_dags/example_sla_dag.py took 0.135 seconds
