[2022-12-19 17:13:26,000] {processor.py:153} INFO - Started process (PID=77) to work on /home/airflow/.local/lib/python3.7/site-packages/airflow/example_dags/example_branch_datetime_operator.py
[2022-12-19 17:13:26,001] {processor.py:641} INFO - Processing file /home/airflow/.local/lib/python3.7/site-packages/airflow/example_dags/example_branch_datetime_operator.py for tasks to queue
[2022-12-19 17:13:26,001] {logging_mixin.py:115} INFO - [2022-12-19 17:13:26,001] {dagbag.py:507} INFO - Filling up the DagBag from /home/airflow/.local/lib/python3.7/site-packages/airflow/example_dags/example_branch_datetime_operator.py
[2022-12-19 17:13:26,011] {processor.py:651} INFO - DAG(s) dict_keys(['example_branch_datetime_operator_2']) retrieved from /home/airflow/.local/lib/python3.7/site-packages/airflow/example_dags/example_branch_datetime_operator.py
[2022-12-19 17:13:26,167] {logging_mixin.py:115} INFO - [2022-12-19 17:13:26,167] {manager.py:508} INFO - Created Permission View: can delete on DAG:example_branch_datetime_operator_2
[2022-12-19 17:13:26,175] {logging_mixin.py:115} INFO - [2022-12-19 17:13:26,175] {manager.py:508} INFO - Created Permission View: can read on DAG:example_branch_datetime_operator_2
[2022-12-19 17:13:26,181] {logging_mixin.py:115} INFO - [2022-12-19 17:13:26,181] {manager.py:508} INFO - Created Permission View: can edit on DAG:example_branch_datetime_operator_2
[2022-12-19 17:13:26,181] {logging_mixin.py:115} INFO - [2022-12-19 17:13:26,181] {dag.py:2371} INFO - Sync 1 DAGs
[2022-12-19 17:13:26,189] {logging_mixin.py:115} INFO - [2022-12-19 17:13:26,189] {dag.py:2390} INFO - Creating ORM DAG for example_branch_datetime_operator_2
[2022-12-19 17:13:26,199] {logging_mixin.py:115} INFO - [2022-12-19 17:13:26,199] {dag.py:2919} INFO - Setting next_dagrun for example_branch_datetime_operator_2 to 2022-12-18T00:00:00+00:00, run_after=2022-12-19T00:00:00+00:00
[2022-12-19 17:13:26,211] {processor.py:161} INFO - Processing /home/airflow/.local/lib/python3.7/site-packages/airflow/example_dags/example_branch_datetime_operator.py took 0.213 seconds
[2022-12-19 17:13:56,333] {processor.py:153} INFO - Started process (PID=143) to work on /home/airflow/.local/lib/python3.7/site-packages/airflow/example_dags/example_branch_datetime_operator.py
[2022-12-19 17:13:56,334] {processor.py:641} INFO - Processing file /home/airflow/.local/lib/python3.7/site-packages/airflow/example_dags/example_branch_datetime_operator.py for tasks to queue
[2022-12-19 17:13:56,334] {logging_mixin.py:115} INFO - [2022-12-19 17:13:56,334] {dagbag.py:507} INFO - Filling up the DagBag from /home/airflow/.local/lib/python3.7/site-packages/airflow/example_dags/example_branch_datetime_operator.py
[2022-12-19 17:13:56,340] {processor.py:651} INFO - DAG(s) dict_keys(['example_branch_datetime_operator_2']) retrieved from /home/airflow/.local/lib/python3.7/site-packages/airflow/example_dags/example_branch_datetime_operator.py
[2022-12-19 17:13:56,357] {logging_mixin.py:115} INFO - [2022-12-19 17:13:56,357] {dag.py:2371} INFO - Sync 1 DAGs
[2022-12-19 17:13:56,454] {logging_mixin.py:115} INFO - [2022-12-19 17:13:56,454] {dag.py:2919} INFO - Setting next_dagrun for example_branch_datetime_operator_2 to 2022-12-18T00:00:00+00:00, run_after=2022-12-19T00:00:00+00:00
[2022-12-19 17:13:56,461] {processor.py:161} INFO - Processing /home/airflow/.local/lib/python3.7/site-packages/airflow/example_dags/example_branch_datetime_operator.py took 0.130 seconds
[2022-12-19 17:14:26,488] {processor.py:153} INFO - Started process (PID=199) to work on /home/airflow/.local/lib/python3.7/site-packages/airflow/example_dags/example_branch_datetime_operator.py
[2022-12-19 17:14:26,489] {processor.py:641} INFO - Processing file /home/airflow/.local/lib/python3.7/site-packages/airflow/example_dags/example_branch_datetime_operator.py for tasks to queue
[2022-12-19 17:14:26,490] {logging_mixin.py:115} INFO - [2022-12-19 17:14:26,490] {dagbag.py:507} INFO - Filling up the DagBag from /home/airflow/.local/lib/python3.7/site-packages/airflow/example_dags/example_branch_datetime_operator.py
[2022-12-19 17:14:26,497] {processor.py:651} INFO - DAG(s) dict_keys(['example_branch_datetime_operator_2']) retrieved from /home/airflow/.local/lib/python3.7/site-packages/airflow/example_dags/example_branch_datetime_operator.py
[2022-12-19 17:14:26,517] {logging_mixin.py:115} INFO - [2022-12-19 17:14:26,517] {dag.py:2371} INFO - Sync 1 DAGs
[2022-12-19 17:14:26,623] {logging_mixin.py:115} INFO - [2022-12-19 17:14:26,622] {dag.py:2919} INFO - Setting next_dagrun for example_branch_datetime_operator_2 to 2022-12-18T00:00:00+00:00, run_after=2022-12-19T00:00:00+00:00
[2022-12-19 17:14:26,632] {processor.py:161} INFO - Processing /home/airflow/.local/lib/python3.7/site-packages/airflow/example_dags/example_branch_datetime_operator.py took 0.146 seconds
[2022-12-19 17:14:56,704] {processor.py:153} INFO - Started process (PID=265) to work on /home/airflow/.local/lib/python3.7/site-packages/airflow/example_dags/example_branch_datetime_operator.py
[2022-12-19 17:14:56,704] {processor.py:641} INFO - Processing file /home/airflow/.local/lib/python3.7/site-packages/airflow/example_dags/example_branch_datetime_operator.py for tasks to queue
[2022-12-19 17:14:56,705] {logging_mixin.py:115} INFO - [2022-12-19 17:14:56,705] {dagbag.py:507} INFO - Filling up the DagBag from /home/airflow/.local/lib/python3.7/site-packages/airflow/example_dags/example_branch_datetime_operator.py
[2022-12-19 17:14:56,710] {processor.py:651} INFO - DAG(s) dict_keys(['example_branch_datetime_operator_2']) retrieved from /home/airflow/.local/lib/python3.7/site-packages/airflow/example_dags/example_branch_datetime_operator.py
[2022-12-19 17:14:56,726] {logging_mixin.py:115} INFO - [2022-12-19 17:14:56,726] {dag.py:2371} INFO - Sync 1 DAGs
[2022-12-19 17:14:56,816] {logging_mixin.py:115} INFO - [2022-12-19 17:14:56,815] {dag.py:2919} INFO - Setting next_dagrun for example_branch_datetime_operator_2 to 2022-12-18T00:00:00+00:00, run_after=2022-12-19T00:00:00+00:00
[2022-12-19 17:14:56,824] {processor.py:161} INFO - Processing /home/airflow/.local/lib/python3.7/site-packages/airflow/example_dags/example_branch_datetime_operator.py took 0.122 seconds
[2022-12-19 17:15:27,630] {processor.py:153} INFO - Started process (PID=331) to work on /home/airflow/.local/lib/python3.7/site-packages/airflow/example_dags/example_branch_datetime_operator.py
[2022-12-19 17:15:27,631] {processor.py:641} INFO - Processing file /home/airflow/.local/lib/python3.7/site-packages/airflow/example_dags/example_branch_datetime_operator.py for tasks to queue
[2022-12-19 17:15:27,632] {logging_mixin.py:115} INFO - [2022-12-19 17:15:27,632] {dagbag.py:507} INFO - Filling up the DagBag from /home/airflow/.local/lib/python3.7/site-packages/airflow/example_dags/example_branch_datetime_operator.py
[2022-12-19 17:15:27,637] {processor.py:651} INFO - DAG(s) dict_keys(['example_branch_datetime_operator_2']) retrieved from /home/airflow/.local/lib/python3.7/site-packages/airflow/example_dags/example_branch_datetime_operator.py
[2022-12-19 17:15:27,655] {logging_mixin.py:115} INFO - [2022-12-19 17:15:27,654] {dag.py:2371} INFO - Sync 1 DAGs
[2022-12-19 17:15:27,744] {logging_mixin.py:115} INFO - [2022-12-19 17:15:27,744] {dag.py:2919} INFO - Setting next_dagrun for example_branch_datetime_operator_2 to 2022-12-18T00:00:00+00:00, run_after=2022-12-19T00:00:00+00:00
[2022-12-19 17:15:27,751] {processor.py:161} INFO - Processing /home/airflow/.local/lib/python3.7/site-packages/airflow/example_dags/example_branch_datetime_operator.py took 0.123 seconds
[2022-12-19 17:15:58,524] {processor.py:153} INFO - Started process (PID=397) to work on /home/airflow/.local/lib/python3.7/site-packages/airflow/example_dags/example_branch_datetime_operator.py
[2022-12-19 17:15:58,524] {processor.py:641} INFO - Processing file /home/airflow/.local/lib/python3.7/site-packages/airflow/example_dags/example_branch_datetime_operator.py for tasks to queue
[2022-12-19 17:15:58,524] {logging_mixin.py:115} INFO - [2022-12-19 17:15:58,524] {dagbag.py:507} INFO - Filling up the DagBag from /home/airflow/.local/lib/python3.7/site-packages/airflow/example_dags/example_branch_datetime_operator.py
[2022-12-19 17:15:58,530] {processor.py:651} INFO - DAG(s) dict_keys(['example_branch_datetime_operator_2']) retrieved from /home/airflow/.local/lib/python3.7/site-packages/airflow/example_dags/example_branch_datetime_operator.py
[2022-12-19 17:15:58,551] {logging_mixin.py:115} INFO - [2022-12-19 17:15:58,551] {dag.py:2371} INFO - Sync 1 DAGs
[2022-12-19 17:15:58,658] {logging_mixin.py:115} INFO - [2022-12-19 17:15:58,658] {dag.py:2919} INFO - Setting next_dagrun for example_branch_datetime_operator_2 to 2022-12-18T00:00:00+00:00, run_after=2022-12-19T00:00:00+00:00
[2022-12-19 17:15:58,666] {processor.py:161} INFO - Processing /home/airflow/.local/lib/python3.7/site-packages/airflow/example_dags/example_branch_datetime_operator.py took 0.146 seconds
[2022-12-19 17:16:29,457] {processor.py:153} INFO - Started process (PID=470) to work on /home/airflow/.local/lib/python3.7/site-packages/airflow/example_dags/example_branch_datetime_operator.py
[2022-12-19 17:16:29,457] {processor.py:641} INFO - Processing file /home/airflow/.local/lib/python3.7/site-packages/airflow/example_dags/example_branch_datetime_operator.py for tasks to queue
[2022-12-19 17:16:29,458] {logging_mixin.py:115} INFO - [2022-12-19 17:16:29,458] {dagbag.py:507} INFO - Filling up the DagBag from /home/airflow/.local/lib/python3.7/site-packages/airflow/example_dags/example_branch_datetime_operator.py
[2022-12-19 17:16:29,464] {processor.py:651} INFO - DAG(s) dict_keys(['example_branch_datetime_operator_2']) retrieved from /home/airflow/.local/lib/python3.7/site-packages/airflow/example_dags/example_branch_datetime_operator.py
[2022-12-19 17:16:29,486] {logging_mixin.py:115} INFO - [2022-12-19 17:16:29,486] {dag.py:2371} INFO - Sync 1 DAGs
[2022-12-19 17:16:29,618] {logging_mixin.py:115} INFO - [2022-12-19 17:16:29,618] {dag.py:2919} INFO - Setting next_dagrun for example_branch_datetime_operator_2 to 2022-12-18T00:00:00+00:00, run_after=2022-12-19T00:00:00+00:00
[2022-12-19 17:16:29,627] {processor.py:161} INFO - Processing /home/airflow/.local/lib/python3.7/site-packages/airflow/example_dags/example_branch_datetime_operator.py took 0.173 seconds
[2022-12-19 17:17:00,563] {processor.py:153} INFO - Started process (PID=537) to work on /home/airflow/.local/lib/python3.7/site-packages/airflow/example_dags/example_branch_datetime_operator.py
[2022-12-19 17:17:00,564] {processor.py:641} INFO - Processing file /home/airflow/.local/lib/python3.7/site-packages/airflow/example_dags/example_branch_datetime_operator.py for tasks to queue
[2022-12-19 17:17:00,564] {logging_mixin.py:115} INFO - [2022-12-19 17:17:00,564] {dagbag.py:507} INFO - Filling up the DagBag from /home/airflow/.local/lib/python3.7/site-packages/airflow/example_dags/example_branch_datetime_operator.py
[2022-12-19 17:17:00,569] {processor.py:651} INFO - DAG(s) dict_keys(['example_branch_datetime_operator_2']) retrieved from /home/airflow/.local/lib/python3.7/site-packages/airflow/example_dags/example_branch_datetime_operator.py
[2022-12-19 17:17:00,587] {logging_mixin.py:115} INFO - [2022-12-19 17:17:00,587] {dag.py:2371} INFO - Sync 1 DAGs
[2022-12-19 17:17:00,683] {logging_mixin.py:115} INFO - [2022-12-19 17:17:00,683] {dag.py:2919} INFO - Setting next_dagrun for example_branch_datetime_operator_2 to 2022-12-18T00:00:00+00:00, run_after=2022-12-19T00:00:00+00:00
[2022-12-19 17:17:00,691] {processor.py:161} INFO - Processing /home/airflow/.local/lib/python3.7/site-packages/airflow/example_dags/example_branch_datetime_operator.py took 0.130 seconds
[2022-12-19 17:17:31,435] {processor.py:153} INFO - Started process (PID=604) to work on /home/airflow/.local/lib/python3.7/site-packages/airflow/example_dags/example_branch_datetime_operator.py
[2022-12-19 17:17:31,435] {processor.py:641} INFO - Processing file /home/airflow/.local/lib/python3.7/site-packages/airflow/example_dags/example_branch_datetime_operator.py for tasks to queue
[2022-12-19 17:17:31,435] {logging_mixin.py:115} INFO - [2022-12-19 17:17:31,435] {dagbag.py:507} INFO - Filling up the DagBag from /home/airflow/.local/lib/python3.7/site-packages/airflow/example_dags/example_branch_datetime_operator.py
[2022-12-19 17:17:31,440] {processor.py:651} INFO - DAG(s) dict_keys(['example_branch_datetime_operator_2']) retrieved from /home/airflow/.local/lib/python3.7/site-packages/airflow/example_dags/example_branch_datetime_operator.py
[2022-12-19 17:17:31,459] {logging_mixin.py:115} INFO - [2022-12-19 17:17:31,459] {dag.py:2371} INFO - Sync 1 DAGs
[2022-12-19 17:17:31,555] {logging_mixin.py:115} INFO - [2022-12-19 17:17:31,555] {dag.py:2919} INFO - Setting next_dagrun for example_branch_datetime_operator_2 to 2022-12-18T00:00:00+00:00, run_after=2022-12-19T00:00:00+00:00
[2022-12-19 17:17:31,563] {processor.py:161} INFO - Processing /home/airflow/.local/lib/python3.7/site-packages/airflow/example_dags/example_branch_datetime_operator.py took 0.130 seconds
[2022-12-19 17:18:02,552] {processor.py:153} INFO - Started process (PID=669) to work on /home/airflow/.local/lib/python3.7/site-packages/airflow/example_dags/example_branch_datetime_operator.py
[2022-12-19 17:18:02,553] {processor.py:641} INFO - Processing file /home/airflow/.local/lib/python3.7/site-packages/airflow/example_dags/example_branch_datetime_operator.py for tasks to queue
[2022-12-19 17:18:02,553] {logging_mixin.py:115} INFO - [2022-12-19 17:18:02,553] {dagbag.py:507} INFO - Filling up the DagBag from /home/airflow/.local/lib/python3.7/site-packages/airflow/example_dags/example_branch_datetime_operator.py
[2022-12-19 17:18:02,558] {processor.py:651} INFO - DAG(s) dict_keys(['example_branch_datetime_operator_2']) retrieved from /home/airflow/.local/lib/python3.7/site-packages/airflow/example_dags/example_branch_datetime_operator.py
[2022-12-19 17:18:02,575] {logging_mixin.py:115} INFO - [2022-12-19 17:18:02,575] {dag.py:2371} INFO - Sync 1 DAGs
[2022-12-19 17:18:02,677] {logging_mixin.py:115} INFO - [2022-12-19 17:18:02,677] {dag.py:2919} INFO - Setting next_dagrun for example_branch_datetime_operator_2 to 2022-12-18T00:00:00+00:00, run_after=2022-12-19T00:00:00+00:00
[2022-12-19 17:18:02,685] {processor.py:161} INFO - Processing /home/airflow/.local/lib/python3.7/site-packages/airflow/example_dags/example_branch_datetime_operator.py took 0.135 seconds
[2022-12-19 17:18:32,901] {processor.py:153} INFO - Started process (PID=734) to work on /home/airflow/.local/lib/python3.7/site-packages/airflow/example_dags/example_branch_datetime_operator.py
[2022-12-19 17:18:32,901] {processor.py:641} INFO - Processing file /home/airflow/.local/lib/python3.7/site-packages/airflow/example_dags/example_branch_datetime_operator.py for tasks to queue
[2022-12-19 17:18:32,902] {logging_mixin.py:115} INFO - [2022-12-19 17:18:32,902] {dagbag.py:507} INFO - Filling up the DagBag from /home/airflow/.local/lib/python3.7/site-packages/airflow/example_dags/example_branch_datetime_operator.py
[2022-12-19 17:18:32,907] {processor.py:651} INFO - DAG(s) dict_keys(['example_branch_datetime_operator_2']) retrieved from /home/airflow/.local/lib/python3.7/site-packages/airflow/example_dags/example_branch_datetime_operator.py
[2022-12-19 17:18:32,926] {logging_mixin.py:115} INFO - [2022-12-19 17:18:32,926] {dag.py:2371} INFO - Sync 1 DAGs
[2022-12-19 17:18:33,029] {logging_mixin.py:115} INFO - [2022-12-19 17:18:33,029] {dag.py:2919} INFO - Setting next_dagrun for example_branch_datetime_operator_2 to 2022-12-18T00:00:00+00:00, run_after=2022-12-19T00:00:00+00:00
[2022-12-19 17:18:33,037] {processor.py:161} INFO - Processing /home/airflow/.local/lib/python3.7/site-packages/airflow/example_dags/example_branch_datetime_operator.py took 0.138 seconds
[2022-12-19 17:19:03,279] {processor.py:153} INFO - Started process (PID=793) to work on /home/airflow/.local/lib/python3.7/site-packages/airflow/example_dags/example_branch_datetime_operator.py
[2022-12-19 17:19:03,280] {processor.py:641} INFO - Processing file /home/airflow/.local/lib/python3.7/site-packages/airflow/example_dags/example_branch_datetime_operator.py for tasks to queue
[2022-12-19 17:19:03,280] {logging_mixin.py:115} INFO - [2022-12-19 17:19:03,280] {dagbag.py:507} INFO - Filling up the DagBag from /home/airflow/.local/lib/python3.7/site-packages/airflow/example_dags/example_branch_datetime_operator.py
[2022-12-19 17:19:03,285] {processor.py:651} INFO - DAG(s) dict_keys(['example_branch_datetime_operator_2']) retrieved from /home/airflow/.local/lib/python3.7/site-packages/airflow/example_dags/example_branch_datetime_operator.py
[2022-12-19 17:19:03,305] {logging_mixin.py:115} INFO - [2022-12-19 17:19:03,305] {dag.py:2371} INFO - Sync 1 DAGs
[2022-12-19 17:19:03,402] {logging_mixin.py:115} INFO - [2022-12-19 17:19:03,402] {dag.py:2919} INFO - Setting next_dagrun for example_branch_datetime_operator_2 to 2022-12-18T00:00:00+00:00, run_after=2022-12-19T00:00:00+00:00
[2022-12-19 17:19:03,410] {processor.py:161} INFO - Processing /home/airflow/.local/lib/python3.7/site-packages/airflow/example_dags/example_branch_datetime_operator.py took 0.133 seconds
[2022-12-19 17:19:33,587] {processor.py:153} INFO - Started process (PID=859) to work on /home/airflow/.local/lib/python3.7/site-packages/airflow/example_dags/example_branch_datetime_operator.py
[2022-12-19 17:19:33,588] {processor.py:641} INFO - Processing file /home/airflow/.local/lib/python3.7/site-packages/airflow/example_dags/example_branch_datetime_operator.py for tasks to queue
[2022-12-19 17:19:33,588] {logging_mixin.py:115} INFO - [2022-12-19 17:19:33,588] {dagbag.py:507} INFO - Filling up the DagBag from /home/airflow/.local/lib/python3.7/site-packages/airflow/example_dags/example_branch_datetime_operator.py
[2022-12-19 17:19:33,594] {processor.py:651} INFO - DAG(s) dict_keys(['example_branch_datetime_operator_2']) retrieved from /home/airflow/.local/lib/python3.7/site-packages/airflow/example_dags/example_branch_datetime_operator.py
[2022-12-19 17:19:33,617] {logging_mixin.py:115} INFO - [2022-12-19 17:19:33,617] {dag.py:2371} INFO - Sync 1 DAGs
[2022-12-19 17:19:33,712] {logging_mixin.py:115} INFO - [2022-12-19 17:19:33,712] {dag.py:2919} INFO - Setting next_dagrun for example_branch_datetime_operator_2 to 2022-12-18T00:00:00+00:00, run_after=2022-12-19T00:00:00+00:00
[2022-12-19 17:19:33,719] {processor.py:161} INFO - Processing /home/airflow/.local/lib/python3.7/site-packages/airflow/example_dags/example_branch_datetime_operator.py took 0.135 seconds
