[2022-12-19 17:13:26,379] {processor.py:153} INFO - Started process (PID=80) to work on /home/airflow/.local/lib/python3.7/site-packages/airflow/example_dags/example_local_kubernetes_executor.py
[2022-12-19 17:13:26,379] {processor.py:641} INFO - Processing file /home/airflow/.local/lib/python3.7/site-packages/airflow/example_dags/example_local_kubernetes_executor.py for tasks to queue
[2022-12-19 17:13:26,380] {logging_mixin.py:115} INFO - [2022-12-19 17:13:26,380] {dagbag.py:507} INFO - Filling up the DagBag from /home/airflow/.local/lib/python3.7/site-packages/airflow/example_dags/example_local_kubernetes_executor.py
[2022-12-19 17:13:26,393] {processor.py:651} INFO - DAG(s) dict_keys(['example_local_kubernetes_executor']) retrieved from /home/airflow/.local/lib/python3.7/site-packages/airflow/example_dags/example_local_kubernetes_executor.py
[2022-12-19 17:13:26,534] {logging_mixin.py:115} INFO - [2022-12-19 17:13:26,533] {manager.py:508} INFO - Created Permission View: can delete on DAG:example_local_kubernetes_executor
[2022-12-19 17:13:26,542] {logging_mixin.py:115} INFO - [2022-12-19 17:13:26,542] {manager.py:508} INFO - Created Permission View: can read on DAG:example_local_kubernetes_executor
[2022-12-19 17:13:26,549] {logging_mixin.py:115} INFO - [2022-12-19 17:13:26,549] {manager.py:508} INFO - Created Permission View: can edit on DAG:example_local_kubernetes_executor
[2022-12-19 17:13:26,549] {logging_mixin.py:115} INFO - [2022-12-19 17:13:26,549] {dag.py:2371} INFO - Sync 1 DAGs
[2022-12-19 17:13:26,556] {logging_mixin.py:115} INFO - [2022-12-19 17:13:26,556] {dag.py:2390} INFO - Creating ORM DAG for example_local_kubernetes_executor
[2022-12-19 17:13:26,564] {logging_mixin.py:115} INFO - [2022-12-19 17:13:26,563] {dag.py:2919} INFO - Setting next_dagrun for example_local_kubernetes_executor to None, run_after=None
[2022-12-19 17:13:26,574] {processor.py:161} INFO - Processing /home/airflow/.local/lib/python3.7/site-packages/airflow/example_dags/example_local_kubernetes_executor.py took 0.197 seconds
[2022-12-19 17:13:56,622] {processor.py:153} INFO - Started process (PID=146) to work on /home/airflow/.local/lib/python3.7/site-packages/airflow/example_dags/example_local_kubernetes_executor.py
[2022-12-19 17:13:56,623] {processor.py:641} INFO - Processing file /home/airflow/.local/lib/python3.7/site-packages/airflow/example_dags/example_local_kubernetes_executor.py for tasks to queue
[2022-12-19 17:13:56,623] {logging_mixin.py:115} INFO - [2022-12-19 17:13:56,623] {dagbag.py:507} INFO - Filling up the DagBag from /home/airflow/.local/lib/python3.7/site-packages/airflow/example_dags/example_local_kubernetes_executor.py
[2022-12-19 17:13:56,634] {processor.py:651} INFO - DAG(s) dict_keys(['example_local_kubernetes_executor']) retrieved from /home/airflow/.local/lib/python3.7/site-packages/airflow/example_dags/example_local_kubernetes_executor.py
[2022-12-19 17:13:56,653] {logging_mixin.py:115} INFO - [2022-12-19 17:13:56,653] {dag.py:2371} INFO - Sync 1 DAGs
[2022-12-19 17:13:56,744] {logging_mixin.py:115} INFO - [2022-12-19 17:13:56,744] {dag.py:2919} INFO - Setting next_dagrun for example_local_kubernetes_executor to None, run_after=None
[2022-12-19 17:13:56,752] {processor.py:161} INFO - Processing /home/airflow/.local/lib/python3.7/site-packages/airflow/example_dags/example_local_kubernetes_executor.py took 0.132 seconds
[2022-12-19 17:14:26,800] {processor.py:153} INFO - Started process (PID=202) to work on /home/airflow/.local/lib/python3.7/site-packages/airflow/example_dags/example_local_kubernetes_executor.py
[2022-12-19 17:14:26,800] {processor.py:641} INFO - Processing file /home/airflow/.local/lib/python3.7/site-packages/airflow/example_dags/example_local_kubernetes_executor.py for tasks to queue
[2022-12-19 17:14:26,801] {logging_mixin.py:115} INFO - [2022-12-19 17:14:26,801] {dagbag.py:507} INFO - Filling up the DagBag from /home/airflow/.local/lib/python3.7/site-packages/airflow/example_dags/example_local_kubernetes_executor.py
[2022-12-19 17:14:26,812] {processor.py:651} INFO - DAG(s) dict_keys(['example_local_kubernetes_executor']) retrieved from /home/airflow/.local/lib/python3.7/site-packages/airflow/example_dags/example_local_kubernetes_executor.py
[2022-12-19 17:14:26,830] {logging_mixin.py:115} INFO - [2022-12-19 17:14:26,830] {dag.py:2371} INFO - Sync 1 DAGs
[2022-12-19 17:14:26,922] {logging_mixin.py:115} INFO - [2022-12-19 17:14:26,922] {dag.py:2919} INFO - Setting next_dagrun for example_local_kubernetes_executor to None, run_after=None
[2022-12-19 17:14:26,929] {processor.py:161} INFO - Processing /home/airflow/.local/lib/python3.7/site-packages/airflow/example_dags/example_local_kubernetes_executor.py took 0.132 seconds
[2022-12-19 17:14:56,977] {processor.py:153} INFO - Started process (PID=268) to work on /home/airflow/.local/lib/python3.7/site-packages/airflow/example_dags/example_local_kubernetes_executor.py
[2022-12-19 17:14:56,977] {processor.py:641} INFO - Processing file /home/airflow/.local/lib/python3.7/site-packages/airflow/example_dags/example_local_kubernetes_executor.py for tasks to queue
[2022-12-19 17:14:56,978] {logging_mixin.py:115} INFO - [2022-12-19 17:14:56,978] {dagbag.py:507} INFO - Filling up the DagBag from /home/airflow/.local/lib/python3.7/site-packages/airflow/example_dags/example_local_kubernetes_executor.py
[2022-12-19 17:14:56,988] {processor.py:651} INFO - DAG(s) dict_keys(['example_local_kubernetes_executor']) retrieved from /home/airflow/.local/lib/python3.7/site-packages/airflow/example_dags/example_local_kubernetes_executor.py
[2022-12-19 17:14:57,007] {logging_mixin.py:115} INFO - [2022-12-19 17:14:57,006] {dag.py:2371} INFO - Sync 1 DAGs
[2022-12-19 17:14:57,095] {logging_mixin.py:115} INFO - [2022-12-19 17:14:57,095] {dag.py:2919} INFO - Setting next_dagrun for example_local_kubernetes_executor to None, run_after=None
[2022-12-19 17:14:57,102] {processor.py:161} INFO - Processing /home/airflow/.local/lib/python3.7/site-packages/airflow/example_dags/example_local_kubernetes_executor.py took 0.128 seconds
[2022-12-19 17:15:27,923] {processor.py:153} INFO - Started process (PID=334) to work on /home/airflow/.local/lib/python3.7/site-packages/airflow/example_dags/example_local_kubernetes_executor.py
[2022-12-19 17:15:27,923] {processor.py:641} INFO - Processing file /home/airflow/.local/lib/python3.7/site-packages/airflow/example_dags/example_local_kubernetes_executor.py for tasks to queue
[2022-12-19 17:15:27,924] {logging_mixin.py:115} INFO - [2022-12-19 17:15:27,924] {dagbag.py:507} INFO - Filling up the DagBag from /home/airflow/.local/lib/python3.7/site-packages/airflow/example_dags/example_local_kubernetes_executor.py
[2022-12-19 17:15:27,936] {processor.py:651} INFO - DAG(s) dict_keys(['example_local_kubernetes_executor']) retrieved from /home/airflow/.local/lib/python3.7/site-packages/airflow/example_dags/example_local_kubernetes_executor.py
[2022-12-19 17:15:27,954] {logging_mixin.py:115} INFO - [2022-12-19 17:15:27,954] {dag.py:2371} INFO - Sync 1 DAGs
[2022-12-19 17:15:28,048] {logging_mixin.py:115} INFO - [2022-12-19 17:15:28,048] {dag.py:2919} INFO - Setting next_dagrun for example_local_kubernetes_executor to None, run_after=None
[2022-12-19 17:15:28,056] {processor.py:161} INFO - Processing /home/airflow/.local/lib/python3.7/site-packages/airflow/example_dags/example_local_kubernetes_executor.py took 0.136 seconds
[2022-12-19 17:15:58,801] {processor.py:153} INFO - Started process (PID=400) to work on /home/airflow/.local/lib/python3.7/site-packages/airflow/example_dags/example_local_kubernetes_executor.py
[2022-12-19 17:15:58,802] {processor.py:641} INFO - Processing file /home/airflow/.local/lib/python3.7/site-packages/airflow/example_dags/example_local_kubernetes_executor.py for tasks to queue
[2022-12-19 17:15:58,802] {logging_mixin.py:115} INFO - [2022-12-19 17:15:58,802] {dagbag.py:507} INFO - Filling up the DagBag from /home/airflow/.local/lib/python3.7/site-packages/airflow/example_dags/example_local_kubernetes_executor.py
[2022-12-19 17:15:58,813] {processor.py:651} INFO - DAG(s) dict_keys(['example_local_kubernetes_executor']) retrieved from /home/airflow/.local/lib/python3.7/site-packages/airflow/example_dags/example_local_kubernetes_executor.py
[2022-12-19 17:15:58,832] {logging_mixin.py:115} INFO - [2022-12-19 17:15:58,832] {dag.py:2371} INFO - Sync 1 DAGs
[2022-12-19 17:15:58,927] {logging_mixin.py:115} INFO - [2022-12-19 17:15:58,927] {dag.py:2919} INFO - Setting next_dagrun for example_local_kubernetes_executor to None, run_after=None
[2022-12-19 17:15:58,936] {processor.py:161} INFO - Processing /home/airflow/.local/lib/python3.7/site-packages/airflow/example_dags/example_local_kubernetes_executor.py took 0.137 seconds
[2022-12-19 17:16:29,779] {processor.py:153} INFO - Started process (PID=473) to work on /home/airflow/.local/lib/python3.7/site-packages/airflow/example_dags/example_local_kubernetes_executor.py
[2022-12-19 17:16:29,780] {processor.py:641} INFO - Processing file /home/airflow/.local/lib/python3.7/site-packages/airflow/example_dags/example_local_kubernetes_executor.py for tasks to queue
[2022-12-19 17:16:29,780] {logging_mixin.py:115} INFO - [2022-12-19 17:16:29,780] {dagbag.py:507} INFO - Filling up the DagBag from /home/airflow/.local/lib/python3.7/site-packages/airflow/example_dags/example_local_kubernetes_executor.py
[2022-12-19 17:16:29,792] {processor.py:651} INFO - DAG(s) dict_keys(['example_local_kubernetes_executor']) retrieved from /home/airflow/.local/lib/python3.7/site-packages/airflow/example_dags/example_local_kubernetes_executor.py
[2022-12-19 17:16:29,863] {logging_mixin.py:115} INFO - [2022-12-19 17:16:29,862] {dag.py:2371} INFO - Sync 1 DAGs
[2022-12-19 17:16:29,979] {logging_mixin.py:115} INFO - [2022-12-19 17:16:29,979] {dag.py:2919} INFO - Setting next_dagrun for example_local_kubernetes_executor to None, run_after=None
[2022-12-19 17:16:29,988] {processor.py:161} INFO - Processing /home/airflow/.local/lib/python3.7/site-packages/airflow/example_dags/example_local_kubernetes_executor.py took 0.212 seconds
[2022-12-19 17:17:00,754] {processor.py:153} INFO - Started process (PID=540) to work on /home/airflow/.local/lib/python3.7/site-packages/airflow/example_dags/example_local_kubernetes_executor.py
[2022-12-19 17:17:00,755] {processor.py:641} INFO - Processing file /home/airflow/.local/lib/python3.7/site-packages/airflow/example_dags/example_local_kubernetes_executor.py for tasks to queue
[2022-12-19 17:17:00,755] {logging_mixin.py:115} INFO - [2022-12-19 17:17:00,755] {dagbag.py:507} INFO - Filling up the DagBag from /home/airflow/.local/lib/python3.7/site-packages/airflow/example_dags/example_local_kubernetes_executor.py
[2022-12-19 17:17:00,766] {processor.py:651} INFO - DAG(s) dict_keys(['example_local_kubernetes_executor']) retrieved from /home/airflow/.local/lib/python3.7/site-packages/airflow/example_dags/example_local_kubernetes_executor.py
[2022-12-19 17:17:00,783] {logging_mixin.py:115} INFO - [2022-12-19 17:17:00,783] {dag.py:2371} INFO - Sync 1 DAGs
[2022-12-19 17:17:00,876] {logging_mixin.py:115} INFO - [2022-12-19 17:17:00,876] {dag.py:2919} INFO - Setting next_dagrun for example_local_kubernetes_executor to None, run_after=None
[2022-12-19 17:17:00,884] {processor.py:161} INFO - Processing /home/airflow/.local/lib/python3.7/site-packages/airflow/example_dags/example_local_kubernetes_executor.py took 0.132 seconds
[2022-12-19 17:17:31,723] {processor.py:153} INFO - Started process (PID=607) to work on /home/airflow/.local/lib/python3.7/site-packages/airflow/example_dags/example_local_kubernetes_executor.py
[2022-12-19 17:17:31,724] {processor.py:641} INFO - Processing file /home/airflow/.local/lib/python3.7/site-packages/airflow/example_dags/example_local_kubernetes_executor.py for tasks to queue
[2022-12-19 17:17:31,725] {logging_mixin.py:115} INFO - [2022-12-19 17:17:31,724] {dagbag.py:507} INFO - Filling up the DagBag from /home/airflow/.local/lib/python3.7/site-packages/airflow/example_dags/example_local_kubernetes_executor.py
[2022-12-19 17:17:31,736] {processor.py:651} INFO - DAG(s) dict_keys(['example_local_kubernetes_executor']) retrieved from /home/airflow/.local/lib/python3.7/site-packages/airflow/example_dags/example_local_kubernetes_executor.py
[2022-12-19 17:17:31,755] {logging_mixin.py:115} INFO - [2022-12-19 17:17:31,755] {dag.py:2371} INFO - Sync 1 DAGs
[2022-12-19 17:17:31,845] {logging_mixin.py:115} INFO - [2022-12-19 17:17:31,845] {dag.py:2919} INFO - Setting next_dagrun for example_local_kubernetes_executor to None, run_after=None
[2022-12-19 17:17:31,853] {processor.py:161} INFO - Processing /home/airflow/.local/lib/python3.7/site-packages/airflow/example_dags/example_local_kubernetes_executor.py took 0.132 seconds
[2022-12-19 17:18:02,849] {processor.py:153} INFO - Started process (PID=672) to work on /home/airflow/.local/lib/python3.7/site-packages/airflow/example_dags/example_local_kubernetes_executor.py
[2022-12-19 17:18:02,849] {processor.py:641} INFO - Processing file /home/airflow/.local/lib/python3.7/site-packages/airflow/example_dags/example_local_kubernetes_executor.py for tasks to queue
[2022-12-19 17:18:02,849] {logging_mixin.py:115} INFO - [2022-12-19 17:18:02,849] {dagbag.py:507} INFO - Filling up the DagBag from /home/airflow/.local/lib/python3.7/site-packages/airflow/example_dags/example_local_kubernetes_executor.py
[2022-12-19 17:18:02,861] {processor.py:651} INFO - DAG(s) dict_keys(['example_local_kubernetes_executor']) retrieved from /home/airflow/.local/lib/python3.7/site-packages/airflow/example_dags/example_local_kubernetes_executor.py
[2022-12-19 17:18:02,881] {logging_mixin.py:115} INFO - [2022-12-19 17:18:02,881] {dag.py:2371} INFO - Sync 1 DAGs
[2022-12-19 17:18:02,982] {logging_mixin.py:115} INFO - [2022-12-19 17:18:02,982] {dag.py:2919} INFO - Setting next_dagrun for example_local_kubernetes_executor to None, run_after=None
[2022-12-19 17:18:02,991] {processor.py:161} INFO - Processing /home/airflow/.local/lib/python3.7/site-packages/airflow/example_dags/example_local_kubernetes_executor.py took 0.144 seconds
[2022-12-19 17:18:33,203] {processor.py:153} INFO - Started process (PID=737) to work on /home/airflow/.local/lib/python3.7/site-packages/airflow/example_dags/example_local_kubernetes_executor.py
[2022-12-19 17:18:33,204] {processor.py:641} INFO - Processing file /home/airflow/.local/lib/python3.7/site-packages/airflow/example_dags/example_local_kubernetes_executor.py for tasks to queue
[2022-12-19 17:18:33,204] {logging_mixin.py:115} INFO - [2022-12-19 17:18:33,204] {dagbag.py:507} INFO - Filling up the DagBag from /home/airflow/.local/lib/python3.7/site-packages/airflow/example_dags/example_local_kubernetes_executor.py
[2022-12-19 17:18:33,218] {processor.py:651} INFO - DAG(s) dict_keys(['example_local_kubernetes_executor']) retrieved from /home/airflow/.local/lib/python3.7/site-packages/airflow/example_dags/example_local_kubernetes_executor.py
[2022-12-19 17:18:33,316] {logging_mixin.py:115} INFO - [2022-12-19 17:18:33,316] {dag.py:2371} INFO - Sync 1 DAGs
[2022-12-19 17:18:33,330] {logging_mixin.py:115} INFO - [2022-12-19 17:18:33,330] {dag.py:2919} INFO - Setting next_dagrun for example_local_kubernetes_executor to None, run_after=None
[2022-12-19 17:18:33,338] {processor.py:161} INFO - Processing /home/airflow/.local/lib/python3.7/site-packages/airflow/example_dags/example_local_kubernetes_executor.py took 0.137 seconds
[2022-12-19 17:19:03,593] {processor.py:153} INFO - Started process (PID=796) to work on /home/airflow/.local/lib/python3.7/site-packages/airflow/example_dags/example_local_kubernetes_executor.py
[2022-12-19 17:19:03,594] {processor.py:641} INFO - Processing file /home/airflow/.local/lib/python3.7/site-packages/airflow/example_dags/example_local_kubernetes_executor.py for tasks to queue
[2022-12-19 17:19:03,594] {logging_mixin.py:115} INFO - [2022-12-19 17:19:03,594] {dagbag.py:507} INFO - Filling up the DagBag from /home/airflow/.local/lib/python3.7/site-packages/airflow/example_dags/example_local_kubernetes_executor.py
[2022-12-19 17:19:03,609] {processor.py:651} INFO - DAG(s) dict_keys(['example_local_kubernetes_executor']) retrieved from /home/airflow/.local/lib/python3.7/site-packages/airflow/example_dags/example_local_kubernetes_executor.py
[2022-12-19 17:19:03,713] {logging_mixin.py:115} INFO - [2022-12-19 17:19:03,713] {dag.py:2371} INFO - Sync 1 DAGs
[2022-12-19 17:19:03,726] {logging_mixin.py:115} INFO - [2022-12-19 17:19:03,726] {dag.py:2919} INFO - Setting next_dagrun for example_local_kubernetes_executor to None, run_after=None
[2022-12-19 17:19:03,735] {processor.py:161} INFO - Processing /home/airflow/.local/lib/python3.7/site-packages/airflow/example_dags/example_local_kubernetes_executor.py took 0.144 seconds
[2022-12-19 17:19:33,917] {processor.py:153} INFO - Started process (PID=862) to work on /home/airflow/.local/lib/python3.7/site-packages/airflow/example_dags/example_local_kubernetes_executor.py
[2022-12-19 17:19:33,918] {processor.py:641} INFO - Processing file /home/airflow/.local/lib/python3.7/site-packages/airflow/example_dags/example_local_kubernetes_executor.py for tasks to queue
[2022-12-19 17:19:33,918] {logging_mixin.py:115} INFO - [2022-12-19 17:19:33,918] {dagbag.py:507} INFO - Filling up the DagBag from /home/airflow/.local/lib/python3.7/site-packages/airflow/example_dags/example_local_kubernetes_executor.py
[2022-12-19 17:19:33,933] {processor.py:651} INFO - DAG(s) dict_keys(['example_local_kubernetes_executor']) retrieved from /home/airflow/.local/lib/python3.7/site-packages/airflow/example_dags/example_local_kubernetes_executor.py
[2022-12-19 17:19:34,038] {logging_mixin.py:115} INFO - [2022-12-19 17:19:34,038] {dag.py:2371} INFO - Sync 1 DAGs
[2022-12-19 17:19:34,051] {logging_mixin.py:115} INFO - [2022-12-19 17:19:34,051] {dag.py:2919} INFO - Setting next_dagrun for example_local_kubernetes_executor to None, run_after=None
[2022-12-19 17:19:34,059] {processor.py:161} INFO - Processing /home/airflow/.local/lib/python3.7/site-packages/airflow/example_dags/example_local_kubernetes_executor.py took 0.144 seconds
