[2022-12-19 17:13:25,749] {processor.py:153} INFO - Started process (PID=75) to work on /home/airflow/.local/lib/python3.7/site-packages/airflow/example_dags/example_time_delta_sensor_async.py
[2022-12-19 17:13:25,750] {processor.py:641} INFO - Processing file /home/airflow/.local/lib/python3.7/site-packages/airflow/example_dags/example_time_delta_sensor_async.py for tasks to queue
[2022-12-19 17:13:25,750] {logging_mixin.py:115} INFO - [2022-12-19 17:13:25,750] {dagbag.py:507} INFO - Filling up the DagBag from /home/airflow/.local/lib/python3.7/site-packages/airflow/example_dags/example_time_delta_sensor_async.py
[2022-12-19 17:13:25,756] {processor.py:651} INFO - DAG(s) dict_keys(['example_time_delta_sensor_async']) retrieved from /home/airflow/.local/lib/python3.7/site-packages/airflow/example_dags/example_time_delta_sensor_async.py
[2022-12-19 17:13:25,933] {logging_mixin.py:115} INFO - [2022-12-19 17:13:25,933] {manager.py:508} INFO - Created Permission View: can delete on DAG:example_time_delta_sensor_async
[2022-12-19 17:13:25,942] {logging_mixin.py:115} INFO - [2022-12-19 17:13:25,942] {manager.py:508} INFO - Created Permission View: can read on DAG:example_time_delta_sensor_async
[2022-12-19 17:13:25,949] {logging_mixin.py:115} INFO - [2022-12-19 17:13:25,949] {manager.py:508} INFO - Created Permission View: can edit on DAG:example_time_delta_sensor_async
[2022-12-19 17:13:25,949] {logging_mixin.py:115} INFO - [2022-12-19 17:13:25,949] {dag.py:2371} INFO - Sync 1 DAGs
[2022-12-19 17:13:25,958] {logging_mixin.py:115} INFO - [2022-12-19 17:13:25,958] {dag.py:2390} INFO - Creating ORM DAG for example_time_delta_sensor_async
[2022-12-19 17:13:25,969] {logging_mixin.py:115} INFO - [2022-12-19 17:13:25,969] {dag.py:2919} INFO - Setting next_dagrun for example_time_delta_sensor_async to None, run_after=None
[2022-12-19 17:13:25,981] {processor.py:161} INFO - Processing /home/airflow/.local/lib/python3.7/site-packages/airflow/example_dags/example_time_delta_sensor_async.py took 0.234 seconds
[2022-12-19 17:13:56,017] {processor.py:153} INFO - Started process (PID=141) to work on /home/airflow/.local/lib/python3.7/site-packages/airflow/example_dags/example_time_delta_sensor_async.py
[2022-12-19 17:13:56,017] {processor.py:641} INFO - Processing file /home/airflow/.local/lib/python3.7/site-packages/airflow/example_dags/example_time_delta_sensor_async.py for tasks to queue
[2022-12-19 17:13:56,018] {logging_mixin.py:115} INFO - [2022-12-19 17:13:56,018] {dagbag.py:507} INFO - Filling up the DagBag from /home/airflow/.local/lib/python3.7/site-packages/airflow/example_dags/example_time_delta_sensor_async.py
[2022-12-19 17:13:56,022] {processor.py:651} INFO - DAG(s) dict_keys(['example_time_delta_sensor_async']) retrieved from /home/airflow/.local/lib/python3.7/site-packages/airflow/example_dags/example_time_delta_sensor_async.py
[2022-12-19 17:13:56,055] {logging_mixin.py:115} INFO - [2022-12-19 17:13:56,055] {dag.py:2371} INFO - Sync 1 DAGs
[2022-12-19 17:13:56,176] {logging_mixin.py:115} INFO - [2022-12-19 17:13:56,176] {dag.py:2919} INFO - Setting next_dagrun for example_time_delta_sensor_async to None, run_after=None
[2022-12-19 17:13:56,184] {processor.py:161} INFO - Processing /home/airflow/.local/lib/python3.7/site-packages/airflow/example_dags/example_time_delta_sensor_async.py took 0.170 seconds
[2022-12-19 17:14:26,204] {processor.py:153} INFO - Started process (PID=197) to work on /home/airflow/.local/lib/python3.7/site-packages/airflow/example_dags/example_time_delta_sensor_async.py
[2022-12-19 17:14:26,204] {processor.py:641} INFO - Processing file /home/airflow/.local/lib/python3.7/site-packages/airflow/example_dags/example_time_delta_sensor_async.py for tasks to queue
[2022-12-19 17:14:26,205] {logging_mixin.py:115} INFO - [2022-12-19 17:14:26,204] {dagbag.py:507} INFO - Filling up the DagBag from /home/airflow/.local/lib/python3.7/site-packages/airflow/example_dags/example_time_delta_sensor_async.py
[2022-12-19 17:14:26,208] {processor.py:651} INFO - DAG(s) dict_keys(['example_time_delta_sensor_async']) retrieved from /home/airflow/.local/lib/python3.7/site-packages/airflow/example_dags/example_time_delta_sensor_async.py
[2022-12-19 17:14:26,235] {logging_mixin.py:115} INFO - [2022-12-19 17:14:26,235] {dag.py:2371} INFO - Sync 1 DAGs
[2022-12-19 17:14:26,330] {logging_mixin.py:115} INFO - [2022-12-19 17:14:26,330] {dag.py:2919} INFO - Setting next_dagrun for example_time_delta_sensor_async to None, run_after=None
[2022-12-19 17:14:26,337] {processor.py:161} INFO - Processing /home/airflow/.local/lib/python3.7/site-packages/airflow/example_dags/example_time_delta_sensor_async.py took 0.135 seconds
[2022-12-19 17:14:56,425] {processor.py:153} INFO - Started process (PID=263) to work on /home/airflow/.local/lib/python3.7/site-packages/airflow/example_dags/example_time_delta_sensor_async.py
[2022-12-19 17:14:56,426] {processor.py:641} INFO - Processing file /home/airflow/.local/lib/python3.7/site-packages/airflow/example_dags/example_time_delta_sensor_async.py for tasks to queue
[2022-12-19 17:14:56,426] {logging_mixin.py:115} INFO - [2022-12-19 17:14:56,426] {dagbag.py:507} INFO - Filling up the DagBag from /home/airflow/.local/lib/python3.7/site-packages/airflow/example_dags/example_time_delta_sensor_async.py
[2022-12-19 17:14:56,431] {processor.py:651} INFO - DAG(s) dict_keys(['example_time_delta_sensor_async']) retrieved from /home/airflow/.local/lib/python3.7/site-packages/airflow/example_dags/example_time_delta_sensor_async.py
[2022-12-19 17:14:56,454] {logging_mixin.py:115} INFO - [2022-12-19 17:14:56,454] {dag.py:2371} INFO - Sync 1 DAGs
[2022-12-19 17:14:56,550] {logging_mixin.py:115} INFO - [2022-12-19 17:14:56,549] {dag.py:2919} INFO - Setting next_dagrun for example_time_delta_sensor_async to None, run_after=None
[2022-12-19 17:14:56,557] {processor.py:161} INFO - Processing /home/airflow/.local/lib/python3.7/site-packages/airflow/example_dags/example_time_delta_sensor_async.py took 0.134 seconds
[2022-12-19 17:15:27,480] {processor.py:153} INFO - Started process (PID=329) to work on /home/airflow/.local/lib/python3.7/site-packages/airflow/example_dags/example_time_delta_sensor_async.py
[2022-12-19 17:15:27,481] {processor.py:641} INFO - Processing file /home/airflow/.local/lib/python3.7/site-packages/airflow/example_dags/example_time_delta_sensor_async.py for tasks to queue
[2022-12-19 17:15:27,481] {logging_mixin.py:115} INFO - [2022-12-19 17:15:27,481] {dagbag.py:507} INFO - Filling up the DagBag from /home/airflow/.local/lib/python3.7/site-packages/airflow/example_dags/example_time_delta_sensor_async.py
[2022-12-19 17:15:27,485] {processor.py:651} INFO - DAG(s) dict_keys(['example_time_delta_sensor_async']) retrieved from /home/airflow/.local/lib/python3.7/site-packages/airflow/example_dags/example_time_delta_sensor_async.py
[2022-12-19 17:15:27,513] {logging_mixin.py:115} INFO - [2022-12-19 17:15:27,513] {dag.py:2371} INFO - Sync 1 DAGs
[2022-12-19 17:15:27,607] {logging_mixin.py:115} INFO - [2022-12-19 17:15:27,607] {dag.py:2919} INFO - Setting next_dagrun for example_time_delta_sensor_async to None, run_after=None
[2022-12-19 17:15:27,615] {processor.py:161} INFO - Processing /home/airflow/.local/lib/python3.7/site-packages/airflow/example_dags/example_time_delta_sensor_async.py took 0.137 seconds
[2022-12-19 17:15:58,323] {processor.py:153} INFO - Started process (PID=395) to work on /home/airflow/.local/lib/python3.7/site-packages/airflow/example_dags/example_time_delta_sensor_async.py
[2022-12-19 17:15:58,324] {processor.py:641} INFO - Processing file /home/airflow/.local/lib/python3.7/site-packages/airflow/example_dags/example_time_delta_sensor_async.py for tasks to queue
[2022-12-19 17:15:58,324] {logging_mixin.py:115} INFO - [2022-12-19 17:15:58,324] {dagbag.py:507} INFO - Filling up the DagBag from /home/airflow/.local/lib/python3.7/site-packages/airflow/example_dags/example_time_delta_sensor_async.py
[2022-12-19 17:15:58,328] {processor.py:651} INFO - DAG(s) dict_keys(['example_time_delta_sensor_async']) retrieved from /home/airflow/.local/lib/python3.7/site-packages/airflow/example_dags/example_time_delta_sensor_async.py
[2022-12-19 17:15:58,353] {logging_mixin.py:115} INFO - [2022-12-19 17:15:58,353] {dag.py:2371} INFO - Sync 1 DAGs
[2022-12-19 17:15:58,456] {logging_mixin.py:115} INFO - [2022-12-19 17:15:58,456] {dag.py:2919} INFO - Setting next_dagrun for example_time_delta_sensor_async to None, run_after=None
[2022-12-19 17:15:58,465] {processor.py:161} INFO - Processing /home/airflow/.local/lib/python3.7/site-packages/airflow/example_dags/example_time_delta_sensor_async.py took 0.143 seconds
[2022-12-19 17:16:29,293] {processor.py:153} INFO - Started process (PID=468) to work on /home/airflow/.local/lib/python3.7/site-packages/airflow/example_dags/example_time_delta_sensor_async.py
[2022-12-19 17:16:29,294] {processor.py:641} INFO - Processing file /home/airflow/.local/lib/python3.7/site-packages/airflow/example_dags/example_time_delta_sensor_async.py for tasks to queue
[2022-12-19 17:16:29,294] {logging_mixin.py:115} INFO - [2022-12-19 17:16:29,294] {dagbag.py:507} INFO - Filling up the DagBag from /home/airflow/.local/lib/python3.7/site-packages/airflow/example_dags/example_time_delta_sensor_async.py
[2022-12-19 17:16:29,298] {processor.py:651} INFO - DAG(s) dict_keys(['example_time_delta_sensor_async']) retrieved from /home/airflow/.local/lib/python3.7/site-packages/airflow/example_dags/example_time_delta_sensor_async.py
[2022-12-19 17:16:29,326] {logging_mixin.py:115} INFO - [2022-12-19 17:16:29,326] {dag.py:2371} INFO - Sync 1 DAGs
[2022-12-19 17:16:29,432] {logging_mixin.py:115} INFO - [2022-12-19 17:16:29,432] {dag.py:2919} INFO - Setting next_dagrun for example_time_delta_sensor_async to None, run_after=None
[2022-12-19 17:16:29,441] {processor.py:161} INFO - Processing /home/airflow/.local/lib/python3.7/site-packages/airflow/example_dags/example_time_delta_sensor_async.py took 0.151 seconds
[2022-12-19 17:17:00,414] {processor.py:153} INFO - Started process (PID=535) to work on /home/airflow/.local/lib/python3.7/site-packages/airflow/example_dags/example_time_delta_sensor_async.py
[2022-12-19 17:17:00,414] {processor.py:641} INFO - Processing file /home/airflow/.local/lib/python3.7/site-packages/airflow/example_dags/example_time_delta_sensor_async.py for tasks to queue
[2022-12-19 17:17:00,415] {logging_mixin.py:115} INFO - [2022-12-19 17:17:00,415] {dagbag.py:507} INFO - Filling up the DagBag from /home/airflow/.local/lib/python3.7/site-packages/airflow/example_dags/example_time_delta_sensor_async.py
[2022-12-19 17:17:00,418] {processor.py:651} INFO - DAG(s) dict_keys(['example_time_delta_sensor_async']) retrieved from /home/airflow/.local/lib/python3.7/site-packages/airflow/example_dags/example_time_delta_sensor_async.py
[2022-12-19 17:17:00,443] {logging_mixin.py:115} INFO - [2022-12-19 17:17:00,443] {dag.py:2371} INFO - Sync 1 DAGs
[2022-12-19 17:17:00,539] {logging_mixin.py:115} INFO - [2022-12-19 17:17:00,539] {dag.py:2919} INFO - Setting next_dagrun for example_time_delta_sensor_async to None, run_after=None
[2022-12-19 17:17:00,548] {processor.py:161} INFO - Processing /home/airflow/.local/lib/python3.7/site-packages/airflow/example_dags/example_time_delta_sensor_async.py took 0.136 seconds
[2022-12-19 17:17:31,270] {processor.py:153} INFO - Started process (PID=602) to work on /home/airflow/.local/lib/python3.7/site-packages/airflow/example_dags/example_time_delta_sensor_async.py
[2022-12-19 17:17:31,270] {processor.py:641} INFO - Processing file /home/airflow/.local/lib/python3.7/site-packages/airflow/example_dags/example_time_delta_sensor_async.py for tasks to queue
[2022-12-19 17:17:31,271] {logging_mixin.py:115} INFO - [2022-12-19 17:17:31,270] {dagbag.py:507} INFO - Filling up the DagBag from /home/airflow/.local/lib/python3.7/site-packages/airflow/example_dags/example_time_delta_sensor_async.py
[2022-12-19 17:17:31,274] {processor.py:651} INFO - DAG(s) dict_keys(['example_time_delta_sensor_async']) retrieved from /home/airflow/.local/lib/python3.7/site-packages/airflow/example_dags/example_time_delta_sensor_async.py
[2022-12-19 17:17:31,298] {logging_mixin.py:115} INFO - [2022-12-19 17:17:31,297] {dag.py:2371} INFO - Sync 1 DAGs
[2022-12-19 17:17:31,411] {logging_mixin.py:115} INFO - [2022-12-19 17:17:31,411] {dag.py:2919} INFO - Setting next_dagrun for example_time_delta_sensor_async to None, run_after=None
[2022-12-19 17:17:31,419] {processor.py:161} INFO - Processing /home/airflow/.local/lib/python3.7/site-packages/airflow/example_dags/example_time_delta_sensor_async.py took 0.152 seconds
[2022-12-19 17:18:02,397] {processor.py:153} INFO - Started process (PID=667) to work on /home/airflow/.local/lib/python3.7/site-packages/airflow/example_dags/example_time_delta_sensor_async.py
[2022-12-19 17:18:02,398] {processor.py:641} INFO - Processing file /home/airflow/.local/lib/python3.7/site-packages/airflow/example_dags/example_time_delta_sensor_async.py for tasks to queue
[2022-12-19 17:18:02,398] {logging_mixin.py:115} INFO - [2022-12-19 17:18:02,398] {dagbag.py:507} INFO - Filling up the DagBag from /home/airflow/.local/lib/python3.7/site-packages/airflow/example_dags/example_time_delta_sensor_async.py
[2022-12-19 17:18:02,401] {processor.py:651} INFO - DAG(s) dict_keys(['example_time_delta_sensor_async']) retrieved from /home/airflow/.local/lib/python3.7/site-packages/airflow/example_dags/example_time_delta_sensor_async.py
[2022-12-19 17:18:02,429] {logging_mixin.py:115} INFO - [2022-12-19 17:18:02,429] {dag.py:2371} INFO - Sync 1 DAGs
[2022-12-19 17:18:02,531] {logging_mixin.py:115} INFO - [2022-12-19 17:18:02,531] {dag.py:2919} INFO - Setting next_dagrun for example_time_delta_sensor_async to None, run_after=None
[2022-12-19 17:18:02,538] {processor.py:161} INFO - Processing /home/airflow/.local/lib/python3.7/site-packages/airflow/example_dags/example_time_delta_sensor_async.py took 0.143 seconds
[2022-12-19 17:18:32,745] {processor.py:153} INFO - Started process (PID=732) to work on /home/airflow/.local/lib/python3.7/site-packages/airflow/example_dags/example_time_delta_sensor_async.py
[2022-12-19 17:18:32,746] {processor.py:641} INFO - Processing file /home/airflow/.local/lib/python3.7/site-packages/airflow/example_dags/example_time_delta_sensor_async.py for tasks to queue
[2022-12-19 17:18:32,746] {logging_mixin.py:115} INFO - [2022-12-19 17:18:32,746] {dagbag.py:507} INFO - Filling up the DagBag from /home/airflow/.local/lib/python3.7/site-packages/airflow/example_dags/example_time_delta_sensor_async.py
[2022-12-19 17:18:32,750] {processor.py:651} INFO - DAG(s) dict_keys(['example_time_delta_sensor_async']) retrieved from /home/airflow/.local/lib/python3.7/site-packages/airflow/example_dags/example_time_delta_sensor_async.py
[2022-12-19 17:18:32,776] {logging_mixin.py:115} INFO - [2022-12-19 17:18:32,776] {dag.py:2371} INFO - Sync 1 DAGs
[2022-12-19 17:18:32,877] {logging_mixin.py:115} INFO - [2022-12-19 17:18:32,877] {dag.py:2919} INFO - Setting next_dagrun for example_time_delta_sensor_async to None, run_after=None
[2022-12-19 17:18:32,886] {processor.py:161} INFO - Processing /home/airflow/.local/lib/python3.7/site-packages/airflow/example_dags/example_time_delta_sensor_async.py took 0.143 seconds
[2022-12-19 17:19:03,126] {processor.py:153} INFO - Started process (PID=791) to work on /home/airflow/.local/lib/python3.7/site-packages/airflow/example_dags/example_time_delta_sensor_async.py
[2022-12-19 17:19:03,126] {processor.py:641} INFO - Processing file /home/airflow/.local/lib/python3.7/site-packages/airflow/example_dags/example_time_delta_sensor_async.py for tasks to queue
[2022-12-19 17:19:03,127] {logging_mixin.py:115} INFO - [2022-12-19 17:19:03,126] {dagbag.py:507} INFO - Filling up the DagBag from /home/airflow/.local/lib/python3.7/site-packages/airflow/example_dags/example_time_delta_sensor_async.py
[2022-12-19 17:19:03,130] {processor.py:651} INFO - DAG(s) dict_keys(['example_time_delta_sensor_async']) retrieved from /home/airflow/.local/lib/python3.7/site-packages/airflow/example_dags/example_time_delta_sensor_async.py
[2022-12-19 17:19:03,157] {logging_mixin.py:115} INFO - [2022-12-19 17:19:03,157] {dag.py:2371} INFO - Sync 1 DAGs
[2022-12-19 17:19:03,256] {logging_mixin.py:115} INFO - [2022-12-19 17:19:03,256] {dag.py:2919} INFO - Setting next_dagrun for example_time_delta_sensor_async to None, run_after=None
[2022-12-19 17:19:03,264] {processor.py:161} INFO - Processing /home/airflow/.local/lib/python3.7/site-packages/airflow/example_dags/example_time_delta_sensor_async.py took 0.141 seconds
[2022-12-19 17:19:33,293] {processor.py:153} INFO - Started process (PID=857) to work on /home/airflow/.local/lib/python3.7/site-packages/airflow/example_dags/example_time_delta_sensor_async.py
[2022-12-19 17:19:33,293] {processor.py:641} INFO - Processing file /home/airflow/.local/lib/python3.7/site-packages/airflow/example_dags/example_time_delta_sensor_async.py for tasks to queue
[2022-12-19 17:19:33,294] {logging_mixin.py:115} INFO - [2022-12-19 17:19:33,294] {dagbag.py:507} INFO - Filling up the DagBag from /home/airflow/.local/lib/python3.7/site-packages/airflow/example_dags/example_time_delta_sensor_async.py
[2022-12-19 17:19:33,297] {processor.py:651} INFO - DAG(s) dict_keys(['example_time_delta_sensor_async']) retrieved from /home/airflow/.local/lib/python3.7/site-packages/airflow/example_dags/example_time_delta_sensor_async.py
[2022-12-19 17:19:33,325] {logging_mixin.py:115} INFO - [2022-12-19 17:19:33,325] {dag.py:2371} INFO - Sync 1 DAGs
[2022-12-19 17:19:33,418] {logging_mixin.py:115} INFO - [2022-12-19 17:19:33,418] {dag.py:2919} INFO - Setting next_dagrun for example_time_delta_sensor_async to None, run_after=None
[2022-12-19 17:19:33,426] {processor.py:161} INFO - Processing /home/airflow/.local/lib/python3.7/site-packages/airflow/example_dags/example_time_delta_sensor_async.py took 0.135 seconds
