[2022-12-19 17:13:26,446] {processor.py:153} INFO - Started process (PID=81) to work on /home/airflow/.local/lib/python3.7/site-packages/airflow/example_dags/example_trigger_controller_dag.py
[2022-12-19 17:13:26,446] {processor.py:641} INFO - Processing file /home/airflow/.local/lib/python3.7/site-packages/airflow/example_dags/example_trigger_controller_dag.py for tasks to queue
[2022-12-19 17:13:26,446] {logging_mixin.py:115} INFO - [2022-12-19 17:13:26,446] {dagbag.py:507} INFO - Filling up the DagBag from /home/airflow/.local/lib/python3.7/site-packages/airflow/example_dags/example_trigger_controller_dag.py
[2022-12-19 17:13:26,449] {processor.py:651} INFO - DAG(s) dict_keys(['example_trigger_controller_dag']) retrieved from /home/airflow/.local/lib/python3.7/site-packages/airflow/example_dags/example_trigger_controller_dag.py
[2022-12-19 17:13:26,593] {logging_mixin.py:115} INFO - [2022-12-19 17:13:26,593] {manager.py:508} INFO - Created Permission View: can delete on DAG:example_trigger_controller_dag
[2022-12-19 17:13:26,600] {logging_mixin.py:115} INFO - [2022-12-19 17:13:26,600] {manager.py:508} INFO - Created Permission View: can read on DAG:example_trigger_controller_dag
[2022-12-19 17:13:26,605] {logging_mixin.py:115} INFO - [2022-12-19 17:13:26,605] {manager.py:508} INFO - Created Permission View: can edit on DAG:example_trigger_controller_dag
[2022-12-19 17:13:26,605] {logging_mixin.py:115} INFO - [2022-12-19 17:13:26,605] {dag.py:2371} INFO - Sync 1 DAGs
[2022-12-19 17:13:26,610] {logging_mixin.py:115} INFO - [2022-12-19 17:13:26,610] {dag.py:2390} INFO - Creating ORM DAG for example_trigger_controller_dag
[2022-12-19 17:13:26,618] {logging_mixin.py:115} INFO - [2022-12-19 17:13:26,618] {dag.py:2919} INFO - Setting next_dagrun for example_trigger_controller_dag to 2021-01-01T00:00:00+00:00, run_after=2021-01-01T00:00:00+00:00
[2022-12-19 17:13:26,629] {processor.py:161} INFO - Processing /home/airflow/.local/lib/python3.7/site-packages/airflow/example_dags/example_trigger_controller_dag.py took 0.185 seconds
[2022-12-19 17:13:56,655] {processor.py:153} INFO - Started process (PID=147) to work on /home/airflow/.local/lib/python3.7/site-packages/airflow/example_dags/example_trigger_controller_dag.py
[2022-12-19 17:13:56,656] {processor.py:641} INFO - Processing file /home/airflow/.local/lib/python3.7/site-packages/airflow/example_dags/example_trigger_controller_dag.py for tasks to queue
[2022-12-19 17:13:56,656] {logging_mixin.py:115} INFO - [2022-12-19 17:13:56,656] {dagbag.py:507} INFO - Filling up the DagBag from /home/airflow/.local/lib/python3.7/site-packages/airflow/example_dags/example_trigger_controller_dag.py
[2022-12-19 17:13:56,658] {processor.py:651} INFO - DAG(s) dict_keys(['example_trigger_controller_dag']) retrieved from /home/airflow/.local/lib/python3.7/site-packages/airflow/example_dags/example_trigger_controller_dag.py
[2022-12-19 17:13:56,675] {logging_mixin.py:115} INFO - [2022-12-19 17:13:56,675] {dag.py:2371} INFO - Sync 1 DAGs
[2022-12-19 17:13:56,767] {logging_mixin.py:115} INFO - [2022-12-19 17:13:56,767] {dag.py:2919} INFO - Setting next_dagrun for example_trigger_controller_dag to 2021-01-01T00:00:00+00:00, run_after=2021-01-01T00:00:00+00:00
[2022-12-19 17:13:56,774] {processor.py:161} INFO - Processing /home/airflow/.local/lib/python3.7/site-packages/airflow/example_dags/example_trigger_controller_dag.py took 0.121 seconds
[2022-12-19 17:14:26,943] {processor.py:153} INFO - Started process (PID=203) to work on /home/airflow/.local/lib/python3.7/site-packages/airflow/example_dags/example_trigger_controller_dag.py
[2022-12-19 17:14:26,943] {processor.py:641} INFO - Processing file /home/airflow/.local/lib/python3.7/site-packages/airflow/example_dags/example_trigger_controller_dag.py for tasks to queue
[2022-12-19 17:14:26,944] {logging_mixin.py:115} INFO - [2022-12-19 17:14:26,944] {dagbag.py:507} INFO - Filling up the DagBag from /home/airflow/.local/lib/python3.7/site-packages/airflow/example_dags/example_trigger_controller_dag.py
[2022-12-19 17:14:26,946] {processor.py:651} INFO - DAG(s) dict_keys(['example_trigger_controller_dag']) retrieved from /home/airflow/.local/lib/python3.7/site-packages/airflow/example_dags/example_trigger_controller_dag.py
[2022-12-19 17:14:26,962] {logging_mixin.py:115} INFO - [2022-12-19 17:14:26,962] {dag.py:2371} INFO - Sync 1 DAGs
[2022-12-19 17:14:27,054] {logging_mixin.py:115} INFO - [2022-12-19 17:14:27,053] {dag.py:2919} INFO - Setting next_dagrun for example_trigger_controller_dag to 2021-01-01T00:00:00+00:00, run_after=2021-01-01T00:00:00+00:00
[2022-12-19 17:14:27,061] {processor.py:161} INFO - Processing /home/airflow/.local/lib/python3.7/site-packages/airflow/example_dags/example_trigger_controller_dag.py took 0.120 seconds
[2022-12-19 17:14:57,116] {processor.py:153} INFO - Started process (PID=269) to work on /home/airflow/.local/lib/python3.7/site-packages/airflow/example_dags/example_trigger_controller_dag.py
[2022-12-19 17:14:57,117] {processor.py:641} INFO - Processing file /home/airflow/.local/lib/python3.7/site-packages/airflow/example_dags/example_trigger_controller_dag.py for tasks to queue
[2022-12-19 17:14:57,117] {logging_mixin.py:115} INFO - [2022-12-19 17:14:57,117] {dagbag.py:507} INFO - Filling up the DagBag from /home/airflow/.local/lib/python3.7/site-packages/airflow/example_dags/example_trigger_controller_dag.py
[2022-12-19 17:14:57,119] {processor.py:651} INFO - DAG(s) dict_keys(['example_trigger_controller_dag']) retrieved from /home/airflow/.local/lib/python3.7/site-packages/airflow/example_dags/example_trigger_controller_dag.py
[2022-12-19 17:14:57,138] {logging_mixin.py:115} INFO - [2022-12-19 17:14:57,137] {dag.py:2371} INFO - Sync 1 DAGs
[2022-12-19 17:14:57,231] {logging_mixin.py:115} INFO - [2022-12-19 17:14:57,231] {dag.py:2919} INFO - Setting next_dagrun for example_trigger_controller_dag to 2021-01-01T00:00:00+00:00, run_after=2021-01-01T00:00:00+00:00
[2022-12-19 17:14:57,238] {processor.py:161} INFO - Processing /home/airflow/.local/lib/python3.7/site-packages/airflow/example_dags/example_trigger_controller_dag.py took 0.124 seconds
[2022-12-19 17:15:27,957] {processor.py:153} INFO - Started process (PID=335) to work on /home/airflow/.local/lib/python3.7/site-packages/airflow/example_dags/example_trigger_controller_dag.py
[2022-12-19 17:15:27,958] {processor.py:641} INFO - Processing file /home/airflow/.local/lib/python3.7/site-packages/airflow/example_dags/example_trigger_controller_dag.py for tasks to queue
[2022-12-19 17:15:27,958] {logging_mixin.py:115} INFO - [2022-12-19 17:15:27,958] {dagbag.py:507} INFO - Filling up the DagBag from /home/airflow/.local/lib/python3.7/site-packages/airflow/example_dags/example_trigger_controller_dag.py
[2022-12-19 17:15:27,960] {processor.py:651} INFO - DAG(s) dict_keys(['example_trigger_controller_dag']) retrieved from /home/airflow/.local/lib/python3.7/site-packages/airflow/example_dags/example_trigger_controller_dag.py
[2022-12-19 17:15:27,979] {logging_mixin.py:115} INFO - [2022-12-19 17:15:27,979] {dag.py:2371} INFO - Sync 1 DAGs
[2022-12-19 17:15:28,075] {logging_mixin.py:115} INFO - [2022-12-19 17:15:28,075] {dag.py:2919} INFO - Setting next_dagrun for example_trigger_controller_dag to 2021-01-01T00:00:00+00:00, run_after=2021-01-01T00:00:00+00:00
[2022-12-19 17:15:28,082] {processor.py:161} INFO - Processing /home/airflow/.local/lib/python3.7/site-packages/airflow/example_dags/example_trigger_controller_dag.py took 0.127 seconds
[2022-12-19 17:15:58,837] {processor.py:153} INFO - Started process (PID=401) to work on /home/airflow/.local/lib/python3.7/site-packages/airflow/example_dags/example_trigger_controller_dag.py
[2022-12-19 17:15:58,838] {processor.py:641} INFO - Processing file /home/airflow/.local/lib/python3.7/site-packages/airflow/example_dags/example_trigger_controller_dag.py for tasks to queue
[2022-12-19 17:15:58,838] {logging_mixin.py:115} INFO - [2022-12-19 17:15:58,838] {dagbag.py:507} INFO - Filling up the DagBag from /home/airflow/.local/lib/python3.7/site-packages/airflow/example_dags/example_trigger_controller_dag.py
[2022-12-19 17:15:58,840] {processor.py:651} INFO - DAG(s) dict_keys(['example_trigger_controller_dag']) retrieved from /home/airflow/.local/lib/python3.7/site-packages/airflow/example_dags/example_trigger_controller_dag.py
[2022-12-19 17:15:58,858] {logging_mixin.py:115} INFO - [2022-12-19 17:15:58,858] {dag.py:2371} INFO - Sync 1 DAGs
[2022-12-19 17:15:58,956] {logging_mixin.py:115} INFO - [2022-12-19 17:15:58,956] {dag.py:2919} INFO - Setting next_dagrun for example_trigger_controller_dag to 2021-01-01T00:00:00+00:00, run_after=2021-01-01T00:00:00+00:00
[2022-12-19 17:15:58,963] {processor.py:161} INFO - Processing /home/airflow/.local/lib/python3.7/site-packages/airflow/example_dags/example_trigger_controller_dag.py took 0.128 seconds
[2022-12-19 17:16:29,794] {processor.py:153} INFO - Started process (PID=474) to work on /home/airflow/.local/lib/python3.7/site-packages/airflow/example_dags/example_trigger_controller_dag.py
[2022-12-19 17:16:29,795] {processor.py:641} INFO - Processing file /home/airflow/.local/lib/python3.7/site-packages/airflow/example_dags/example_trigger_controller_dag.py for tasks to queue
[2022-12-19 17:16:29,796] {logging_mixin.py:115} INFO - [2022-12-19 17:16:29,795] {dagbag.py:507} INFO - Filling up the DagBag from /home/airflow/.local/lib/python3.7/site-packages/airflow/example_dags/example_trigger_controller_dag.py
[2022-12-19 17:16:29,798] {processor.py:651} INFO - DAG(s) dict_keys(['example_trigger_controller_dag']) retrieved from /home/airflow/.local/lib/python3.7/site-packages/airflow/example_dags/example_trigger_controller_dag.py
[2022-12-19 17:16:29,862] {logging_mixin.py:115} INFO - [2022-12-19 17:16:29,862] {dag.py:2371} INFO - Sync 1 DAGs
[2022-12-19 17:16:29,978] {logging_mixin.py:115} INFO - [2022-12-19 17:16:29,978] {dag.py:2919} INFO - Setting next_dagrun for example_trigger_controller_dag to 2021-01-01T00:00:00+00:00, run_after=2021-01-01T00:00:00+00:00
[2022-12-19 17:16:29,987] {processor.py:161} INFO - Processing /home/airflow/.local/lib/python3.7/site-packages/airflow/example_dags/example_trigger_controller_dag.py took 0.195 seconds
[2022-12-19 17:17:00,848] {processor.py:153} INFO - Started process (PID=541) to work on /home/airflow/.local/lib/python3.7/site-packages/airflow/example_dags/example_trigger_controller_dag.py
[2022-12-19 17:17:00,848] {processor.py:641} INFO - Processing file /home/airflow/.local/lib/python3.7/site-packages/airflow/example_dags/example_trigger_controller_dag.py for tasks to queue
[2022-12-19 17:17:00,849] {logging_mixin.py:115} INFO - [2022-12-19 17:17:00,849] {dagbag.py:507} INFO - Filling up the DagBag from /home/airflow/.local/lib/python3.7/site-packages/airflow/example_dags/example_trigger_controller_dag.py
[2022-12-19 17:17:00,851] {processor.py:651} INFO - DAG(s) dict_keys(['example_trigger_controller_dag']) retrieved from /home/airflow/.local/lib/python3.7/site-packages/airflow/example_dags/example_trigger_controller_dag.py
[2022-12-19 17:17:00,867] {logging_mixin.py:115} INFO - [2022-12-19 17:17:00,867] {dag.py:2371} INFO - Sync 1 DAGs
[2022-12-19 17:17:00,967] {logging_mixin.py:115} INFO - [2022-12-19 17:17:00,967] {dag.py:2919} INFO - Setting next_dagrun for example_trigger_controller_dag to 2021-01-01T00:00:00+00:00, run_after=2021-01-01T00:00:00+00:00
[2022-12-19 17:17:00,975] {processor.py:161} INFO - Processing /home/airflow/.local/lib/python3.7/site-packages/airflow/example_dags/example_trigger_controller_dag.py took 0.129 seconds
[2022-12-19 17:17:31,748] {processor.py:153} INFO - Started process (PID=608) to work on /home/airflow/.local/lib/python3.7/site-packages/airflow/example_dags/example_trigger_controller_dag.py
[2022-12-19 17:17:31,749] {processor.py:641} INFO - Processing file /home/airflow/.local/lib/python3.7/site-packages/airflow/example_dags/example_trigger_controller_dag.py for tasks to queue
[2022-12-19 17:17:31,749] {logging_mixin.py:115} INFO - [2022-12-19 17:17:31,749] {dagbag.py:507} INFO - Filling up the DagBag from /home/airflow/.local/lib/python3.7/site-packages/airflow/example_dags/example_trigger_controller_dag.py
[2022-12-19 17:17:31,751] {processor.py:651} INFO - DAG(s) dict_keys(['example_trigger_controller_dag']) retrieved from /home/airflow/.local/lib/python3.7/site-packages/airflow/example_dags/example_trigger_controller_dag.py
[2022-12-19 17:17:31,768] {logging_mixin.py:115} INFO - [2022-12-19 17:17:31,768] {dag.py:2371} INFO - Sync 1 DAGs
[2022-12-19 17:17:31,878] {logging_mixin.py:115} INFO - [2022-12-19 17:17:31,878] {dag.py:2919} INFO - Setting next_dagrun for example_trigger_controller_dag to 2021-01-01T00:00:00+00:00, run_after=2021-01-01T00:00:00+00:00
[2022-12-19 17:17:31,887] {processor.py:161} INFO - Processing /home/airflow/.local/lib/python3.7/site-packages/airflow/example_dags/example_trigger_controller_dag.py took 0.141 seconds
[2022-12-19 17:18:03,006] {processor.py:153} INFO - Started process (PID=673) to work on /home/airflow/.local/lib/python3.7/site-packages/airflow/example_dags/example_trigger_controller_dag.py
[2022-12-19 17:18:03,006] {processor.py:641} INFO - Processing file /home/airflow/.local/lib/python3.7/site-packages/airflow/example_dags/example_trigger_controller_dag.py for tasks to queue
[2022-12-19 17:18:03,006] {logging_mixin.py:115} INFO - [2022-12-19 17:18:03,006] {dagbag.py:507} INFO - Filling up the DagBag from /home/airflow/.local/lib/python3.7/site-packages/airflow/example_dags/example_trigger_controller_dag.py
[2022-12-19 17:18:03,008] {processor.py:651} INFO - DAG(s) dict_keys(['example_trigger_controller_dag']) retrieved from /home/airflow/.local/lib/python3.7/site-packages/airflow/example_dags/example_trigger_controller_dag.py
[2022-12-19 17:18:03,027] {logging_mixin.py:115} INFO - [2022-12-19 17:18:03,027] {dag.py:2371} INFO - Sync 1 DAGs
[2022-12-19 17:18:03,128] {logging_mixin.py:115} INFO - [2022-12-19 17:18:03,128] {dag.py:2919} INFO - Setting next_dagrun for example_trigger_controller_dag to 2021-01-01T00:00:00+00:00, run_after=2021-01-01T00:00:00+00:00
[2022-12-19 17:18:03,136] {processor.py:161} INFO - Processing /home/airflow/.local/lib/python3.7/site-packages/airflow/example_dags/example_trigger_controller_dag.py took 0.133 seconds
[2022-12-19 17:18:33,220] {processor.py:153} INFO - Started process (PID=738) to work on /home/airflow/.local/lib/python3.7/site-packages/airflow/example_dags/example_trigger_controller_dag.py
[2022-12-19 17:18:33,221] {processor.py:641} INFO - Processing file /home/airflow/.local/lib/python3.7/site-packages/airflow/example_dags/example_trigger_controller_dag.py for tasks to queue
[2022-12-19 17:18:33,221] {logging_mixin.py:115} INFO - [2022-12-19 17:18:33,221] {dagbag.py:507} INFO - Filling up the DagBag from /home/airflow/.local/lib/python3.7/site-packages/airflow/example_dags/example_trigger_controller_dag.py
[2022-12-19 17:18:33,224] {processor.py:651} INFO - DAG(s) dict_keys(['example_trigger_controller_dag']) retrieved from /home/airflow/.local/lib/python3.7/site-packages/airflow/example_dags/example_trigger_controller_dag.py
[2022-12-19 17:18:33,246] {logging_mixin.py:115} INFO - [2022-12-19 17:18:33,246] {dag.py:2371} INFO - Sync 1 DAGs
[2022-12-19 17:18:33,338] {logging_mixin.py:115} INFO - [2022-12-19 17:18:33,338] {dag.py:2919} INFO - Setting next_dagrun for example_trigger_controller_dag to 2021-01-01T00:00:00+00:00, run_after=2021-01-01T00:00:00+00:00
[2022-12-19 17:18:33,346] {processor.py:161} INFO - Processing /home/airflow/.local/lib/python3.7/site-packages/airflow/example_dags/example_trigger_controller_dag.py took 0.128 seconds
[2022-12-19 17:19:03,750] {processor.py:153} INFO - Started process (PID=797) to work on /home/airflow/.local/lib/python3.7/site-packages/airflow/example_dags/example_trigger_controller_dag.py
[2022-12-19 17:19:03,751] {processor.py:641} INFO - Processing file /home/airflow/.local/lib/python3.7/site-packages/airflow/example_dags/example_trigger_controller_dag.py for tasks to queue
[2022-12-19 17:19:03,751] {logging_mixin.py:115} INFO - [2022-12-19 17:19:03,751] {dagbag.py:507} INFO - Filling up the DagBag from /home/airflow/.local/lib/python3.7/site-packages/airflow/example_dags/example_trigger_controller_dag.py
[2022-12-19 17:19:03,753] {processor.py:651} INFO - DAG(s) dict_keys(['example_trigger_controller_dag']) retrieved from /home/airflow/.local/lib/python3.7/site-packages/airflow/example_dags/example_trigger_controller_dag.py
[2022-12-19 17:19:03,773] {logging_mixin.py:115} INFO - [2022-12-19 17:19:03,773] {dag.py:2371} INFO - Sync 1 DAGs
[2022-12-19 17:19:03,877] {logging_mixin.py:115} INFO - [2022-12-19 17:19:03,877] {dag.py:2919} INFO - Setting next_dagrun for example_trigger_controller_dag to 2021-01-01T00:00:00+00:00, run_after=2021-01-01T00:00:00+00:00
[2022-12-19 17:19:03,889] {processor.py:161} INFO - Processing /home/airflow/.local/lib/python3.7/site-packages/airflow/example_dags/example_trigger_controller_dag.py took 0.141 seconds
[2022-12-19 17:19:34,070] {processor.py:153} INFO - Started process (PID=863) to work on /home/airflow/.local/lib/python3.7/site-packages/airflow/example_dags/example_trigger_controller_dag.py
[2022-12-19 17:19:34,070] {processor.py:641} INFO - Processing file /home/airflow/.local/lib/python3.7/site-packages/airflow/example_dags/example_trigger_controller_dag.py for tasks to queue
[2022-12-19 17:19:34,071] {logging_mixin.py:115} INFO - [2022-12-19 17:19:34,071] {dagbag.py:507} INFO - Filling up the DagBag from /home/airflow/.local/lib/python3.7/site-packages/airflow/example_dags/example_trigger_controller_dag.py
[2022-12-19 17:19:34,073] {processor.py:651} INFO - DAG(s) dict_keys(['example_trigger_controller_dag']) retrieved from /home/airflow/.local/lib/python3.7/site-packages/airflow/example_dags/example_trigger_controller_dag.py
[2022-12-19 17:19:34,092] {logging_mixin.py:115} INFO - [2022-12-19 17:19:34,092] {dag.py:2371} INFO - Sync 1 DAGs
[2022-12-19 17:19:34,182] {logging_mixin.py:115} INFO - [2022-12-19 17:19:34,182] {dag.py:2919} INFO - Setting next_dagrun for example_trigger_controller_dag to 2021-01-01T00:00:00+00:00, run_after=2021-01-01T00:00:00+00:00
[2022-12-19 17:19:34,189] {processor.py:161} INFO - Processing /home/airflow/.local/lib/python3.7/site-packages/airflow/example_dags/example_trigger_controller_dag.py took 0.121 seconds
