[2022-12-19 17:13:23,567] {processor.py:153} INFO - Started process (PID=64) to work on /home/airflow/.local/lib/python3.7/site-packages/airflow/example_dags/tutorial_etl_dag.py
[2022-12-19 17:13:23,567] {processor.py:641} INFO - Processing file /home/airflow/.local/lib/python3.7/site-packages/airflow/example_dags/tutorial_etl_dag.py for tasks to queue
[2022-12-19 17:13:23,568] {logging_mixin.py:115} INFO - [2022-12-19 17:13:23,568] {dagbag.py:507} INFO - Filling up the DagBag from /home/airflow/.local/lib/python3.7/site-packages/airflow/example_dags/tutorial_etl_dag.py
[2022-12-19 17:13:23,579] {processor.py:651} INFO - DAG(s) dict_keys(['tutorial_etl_dag']) retrieved from /home/airflow/.local/lib/python3.7/site-packages/airflow/example_dags/tutorial_etl_dag.py
[2022-12-19 17:13:23,908] {logging_mixin.py:115} INFO - [2022-12-19 17:13:23,908] {manager.py:508} INFO - Created Permission View: can delete on DAG:tutorial_etl_dag
[2022-12-19 17:13:23,919] {logging_mixin.py:115} INFO - [2022-12-19 17:13:23,918] {manager.py:508} INFO - Created Permission View: can read on DAG:tutorial_etl_dag
[2022-12-19 17:13:23,926] {logging_mixin.py:115} INFO - [2022-12-19 17:13:23,926] {manager.py:508} INFO - Created Permission View: can edit on DAG:tutorial_etl_dag
[2022-12-19 17:13:23,926] {logging_mixin.py:115} INFO - [2022-12-19 17:13:23,926] {dag.py:2371} INFO - Sync 1 DAGs
[2022-12-19 17:13:23,937] {logging_mixin.py:115} INFO - [2022-12-19 17:13:23,937] {dag.py:2390} INFO - Creating ORM DAG for tutorial_etl_dag
[2022-12-19 17:13:23,948] {logging_mixin.py:115} INFO - [2022-12-19 17:13:23,948] {dag.py:2919} INFO - Setting next_dagrun for tutorial_etl_dag to None, run_after=None
[2022-12-19 17:13:23,962] {processor.py:161} INFO - Processing /home/airflow/.local/lib/python3.7/site-packages/airflow/example_dags/tutorial_etl_dag.py took 0.404 seconds
[2022-12-19 17:13:54,668] {processor.py:153} INFO - Started process (PID=121) to work on /home/airflow/.local/lib/python3.7/site-packages/airflow/example_dags/tutorial_etl_dag.py
[2022-12-19 17:13:54,669] {processor.py:641} INFO - Processing file /home/airflow/.local/lib/python3.7/site-packages/airflow/example_dags/tutorial_etl_dag.py for tasks to queue
[2022-12-19 17:13:54,669] {logging_mixin.py:115} INFO - [2022-12-19 17:13:54,669] {dagbag.py:507} INFO - Filling up the DagBag from /home/airflow/.local/lib/python3.7/site-packages/airflow/example_dags/tutorial_etl_dag.py
[2022-12-19 17:13:54,674] {processor.py:651} INFO - DAG(s) dict_keys(['tutorial_etl_dag']) retrieved from /home/airflow/.local/lib/python3.7/site-packages/airflow/example_dags/tutorial_etl_dag.py
[2022-12-19 17:13:54,691] {logging_mixin.py:115} INFO - [2022-12-19 17:13:54,690] {dag.py:2371} INFO - Sync 1 DAGs
[2022-12-19 17:13:54,784] {logging_mixin.py:115} INFO - [2022-12-19 17:13:54,784] {dag.py:2919} INFO - Setting next_dagrun for tutorial_etl_dag to None, run_after=None
[2022-12-19 17:13:54,792] {processor.py:161} INFO - Processing /home/airflow/.local/lib/python3.7/site-packages/airflow/example_dags/tutorial_etl_dag.py took 0.126 seconds
[2022-12-19 17:14:25,308] {processor.py:153} INFO - Started process (PID=186) to work on /home/airflow/.local/lib/python3.7/site-packages/airflow/example_dags/tutorial_etl_dag.py
[2022-12-19 17:14:25,309] {processor.py:641} INFO - Processing file /home/airflow/.local/lib/python3.7/site-packages/airflow/example_dags/tutorial_etl_dag.py for tasks to queue
[2022-12-19 17:14:25,309] {logging_mixin.py:115} INFO - [2022-12-19 17:14:25,309] {dagbag.py:507} INFO - Filling up the DagBag from /home/airflow/.local/lib/python3.7/site-packages/airflow/example_dags/tutorial_etl_dag.py
[2022-12-19 17:14:25,314] {processor.py:651} INFO - DAG(s) dict_keys(['tutorial_etl_dag']) retrieved from /home/airflow/.local/lib/python3.7/site-packages/airflow/example_dags/tutorial_etl_dag.py
[2022-12-19 17:14:25,332] {logging_mixin.py:115} INFO - [2022-12-19 17:14:25,332] {dag.py:2371} INFO - Sync 1 DAGs
[2022-12-19 17:14:25,427] {logging_mixin.py:115} INFO - [2022-12-19 17:14:25,427] {dag.py:2919} INFO - Setting next_dagrun for tutorial_etl_dag to None, run_after=None
[2022-12-19 17:14:25,434] {processor.py:161} INFO - Processing /home/airflow/.local/lib/python3.7/site-packages/airflow/example_dags/tutorial_etl_dag.py took 0.128 seconds
[2022-12-19 17:14:55,536] {processor.py:153} INFO - Started process (PID=252) to work on /home/airflow/.local/lib/python3.7/site-packages/airflow/example_dags/tutorial_etl_dag.py
[2022-12-19 17:14:55,537] {processor.py:641} INFO - Processing file /home/airflow/.local/lib/python3.7/site-packages/airflow/example_dags/tutorial_etl_dag.py for tasks to queue
[2022-12-19 17:14:55,537] {logging_mixin.py:115} INFO - [2022-12-19 17:14:55,537] {dagbag.py:507} INFO - Filling up the DagBag from /home/airflow/.local/lib/python3.7/site-packages/airflow/example_dags/tutorial_etl_dag.py
[2022-12-19 17:14:55,542] {processor.py:651} INFO - DAG(s) dict_keys(['tutorial_etl_dag']) retrieved from /home/airflow/.local/lib/python3.7/site-packages/airflow/example_dags/tutorial_etl_dag.py
[2022-12-19 17:14:55,562] {logging_mixin.py:115} INFO - [2022-12-19 17:14:55,562] {dag.py:2371} INFO - Sync 1 DAGs
[2022-12-19 17:14:55,655] {logging_mixin.py:115} INFO - [2022-12-19 17:14:55,655] {dag.py:2919} INFO - Setting next_dagrun for tutorial_etl_dag to None, run_after=None
[2022-12-19 17:14:55,663] {processor.py:161} INFO - Processing /home/airflow/.local/lib/python3.7/site-packages/airflow/example_dags/tutorial_etl_dag.py took 0.130 seconds
[2022-12-19 17:15:26,546] {processor.py:153} INFO - Started process (PID=318) to work on /home/airflow/.local/lib/python3.7/site-packages/airflow/example_dags/tutorial_etl_dag.py
[2022-12-19 17:15:26,547] {processor.py:641} INFO - Processing file /home/airflow/.local/lib/python3.7/site-packages/airflow/example_dags/tutorial_etl_dag.py for tasks to queue
[2022-12-19 17:15:26,547] {logging_mixin.py:115} INFO - [2022-12-19 17:15:26,547] {dagbag.py:507} INFO - Filling up the DagBag from /home/airflow/.local/lib/python3.7/site-packages/airflow/example_dags/tutorial_etl_dag.py
[2022-12-19 17:15:26,552] {processor.py:651} INFO - DAG(s) dict_keys(['tutorial_etl_dag']) retrieved from /home/airflow/.local/lib/python3.7/site-packages/airflow/example_dags/tutorial_etl_dag.py
[2022-12-19 17:15:26,569] {logging_mixin.py:115} INFO - [2022-12-19 17:15:26,569] {dag.py:2371} INFO - Sync 1 DAGs
[2022-12-19 17:15:26,665] {logging_mixin.py:115} INFO - [2022-12-19 17:15:26,665] {dag.py:2919} INFO - Setting next_dagrun for tutorial_etl_dag to None, run_after=None
[2022-12-19 17:15:26,674] {processor.py:161} INFO - Processing /home/airflow/.local/lib/python3.7/site-packages/airflow/example_dags/tutorial_etl_dag.py took 0.130 seconds
[2022-12-19 17:15:57,483] {processor.py:153} INFO - Started process (PID=384) to work on /home/airflow/.local/lib/python3.7/site-packages/airflow/example_dags/tutorial_etl_dag.py
[2022-12-19 17:15:57,483] {processor.py:641} INFO - Processing file /home/airflow/.local/lib/python3.7/site-packages/airflow/example_dags/tutorial_etl_dag.py for tasks to queue
[2022-12-19 17:15:57,483] {logging_mixin.py:115} INFO - [2022-12-19 17:15:57,483] {dagbag.py:507} INFO - Filling up the DagBag from /home/airflow/.local/lib/python3.7/site-packages/airflow/example_dags/tutorial_etl_dag.py
[2022-12-19 17:15:57,488] {processor.py:651} INFO - DAG(s) dict_keys(['tutorial_etl_dag']) retrieved from /home/airflow/.local/lib/python3.7/site-packages/airflow/example_dags/tutorial_etl_dag.py
[2022-12-19 17:15:57,508] {logging_mixin.py:115} INFO - [2022-12-19 17:15:57,508] {dag.py:2371} INFO - Sync 1 DAGs
[2022-12-19 17:15:57,623] {logging_mixin.py:115} INFO - [2022-12-19 17:15:57,623] {dag.py:2919} INFO - Setting next_dagrun for tutorial_etl_dag to None, run_after=None
[2022-12-19 17:15:57,630] {processor.py:161} INFO - Processing /home/airflow/.local/lib/python3.7/site-packages/airflow/example_dags/tutorial_etl_dag.py took 0.150 seconds
[2022-12-19 17:16:28,465] {processor.py:153} INFO - Started process (PID=453) to work on /home/airflow/.local/lib/python3.7/site-packages/airflow/example_dags/tutorial_etl_dag.py
[2022-12-19 17:16:28,466] {processor.py:641} INFO - Processing file /home/airflow/.local/lib/python3.7/site-packages/airflow/example_dags/tutorial_etl_dag.py for tasks to queue
[2022-12-19 17:16:28,467] {logging_mixin.py:115} INFO - [2022-12-19 17:16:28,467] {dagbag.py:507} INFO - Filling up the DagBag from /home/airflow/.local/lib/python3.7/site-packages/airflow/example_dags/tutorial_etl_dag.py
[2022-12-19 17:16:28,472] {processor.py:651} INFO - DAG(s) dict_keys(['tutorial_etl_dag']) retrieved from /home/airflow/.local/lib/python3.7/site-packages/airflow/example_dags/tutorial_etl_dag.py
[2022-12-19 17:16:28,490] {logging_mixin.py:115} INFO - [2022-12-19 17:16:28,490] {dag.py:2371} INFO - Sync 1 DAGs
[2022-12-19 17:16:28,589] {logging_mixin.py:115} INFO - [2022-12-19 17:16:28,589] {dag.py:2919} INFO - Setting next_dagrun for tutorial_etl_dag to None, run_after=None
[2022-12-19 17:16:28,596] {processor.py:161} INFO - Processing /home/airflow/.local/lib/python3.7/site-packages/airflow/example_dags/tutorial_etl_dag.py took 0.132 seconds
[2022-12-19 17:16:59,430] {processor.py:153} INFO - Started process (PID=524) to work on /home/airflow/.local/lib/python3.7/site-packages/airflow/example_dags/tutorial_etl_dag.py
[2022-12-19 17:16:59,431] {processor.py:641} INFO - Processing file /home/airflow/.local/lib/python3.7/site-packages/airflow/example_dags/tutorial_etl_dag.py for tasks to queue
[2022-12-19 17:16:59,432] {logging_mixin.py:115} INFO - [2022-12-19 17:16:59,432] {dagbag.py:507} INFO - Filling up the DagBag from /home/airflow/.local/lib/python3.7/site-packages/airflow/example_dags/tutorial_etl_dag.py
[2022-12-19 17:16:59,438] {processor.py:651} INFO - DAG(s) dict_keys(['tutorial_etl_dag']) retrieved from /home/airflow/.local/lib/python3.7/site-packages/airflow/example_dags/tutorial_etl_dag.py
[2022-12-19 17:16:59,459] {logging_mixin.py:115} INFO - [2022-12-19 17:16:59,459] {dag.py:2371} INFO - Sync 1 DAGs
[2022-12-19 17:16:59,564] {logging_mixin.py:115} INFO - [2022-12-19 17:16:59,563] {dag.py:2919} INFO - Setting next_dagrun for tutorial_etl_dag to None, run_after=None
[2022-12-19 17:16:59,572] {processor.py:161} INFO - Processing /home/airflow/.local/lib/python3.7/site-packages/airflow/example_dags/tutorial_etl_dag.py took 0.143 seconds
[2022-12-19 17:17:30,463] {processor.py:153} INFO - Started process (PID=591) to work on /home/airflow/.local/lib/python3.7/site-packages/airflow/example_dags/tutorial_etl_dag.py
[2022-12-19 17:17:30,464] {processor.py:641} INFO - Processing file /home/airflow/.local/lib/python3.7/site-packages/airflow/example_dags/tutorial_etl_dag.py for tasks to queue
[2022-12-19 17:17:30,465] {logging_mixin.py:115} INFO - [2022-12-19 17:17:30,464] {dagbag.py:507} INFO - Filling up the DagBag from /home/airflow/.local/lib/python3.7/site-packages/airflow/example_dags/tutorial_etl_dag.py
[2022-12-19 17:17:30,469] {processor.py:651} INFO - DAG(s) dict_keys(['tutorial_etl_dag']) retrieved from /home/airflow/.local/lib/python3.7/site-packages/airflow/example_dags/tutorial_etl_dag.py
[2022-12-19 17:17:30,489] {logging_mixin.py:115} INFO - [2022-12-19 17:17:30,489] {dag.py:2371} INFO - Sync 1 DAGs
[2022-12-19 17:17:30,593] {logging_mixin.py:115} INFO - [2022-12-19 17:17:30,593] {dag.py:2919} INFO - Setting next_dagrun for tutorial_etl_dag to None, run_after=None
[2022-12-19 17:17:30,601] {processor.py:161} INFO - Processing /home/airflow/.local/lib/python3.7/site-packages/airflow/example_dags/tutorial_etl_dag.py took 0.139 seconds
[2022-12-19 17:18:01,462] {processor.py:153} INFO - Started process (PID=656) to work on /home/airflow/.local/lib/python3.7/site-packages/airflow/example_dags/tutorial_etl_dag.py
[2022-12-19 17:18:01,462] {processor.py:641} INFO - Processing file /home/airflow/.local/lib/python3.7/site-packages/airflow/example_dags/tutorial_etl_dag.py for tasks to queue
[2022-12-19 17:18:01,463] {logging_mixin.py:115} INFO - [2022-12-19 17:18:01,463] {dagbag.py:507} INFO - Filling up the DagBag from /home/airflow/.local/lib/python3.7/site-packages/airflow/example_dags/tutorial_etl_dag.py
[2022-12-19 17:18:01,468] {processor.py:651} INFO - DAG(s) dict_keys(['tutorial_etl_dag']) retrieved from /home/airflow/.local/lib/python3.7/site-packages/airflow/example_dags/tutorial_etl_dag.py
[2022-12-19 17:18:01,487] {logging_mixin.py:115} INFO - [2022-12-19 17:18:01,487] {dag.py:2371} INFO - Sync 1 DAGs
[2022-12-19 17:18:01,586] {logging_mixin.py:115} INFO - [2022-12-19 17:18:01,586] {dag.py:2919} INFO - Setting next_dagrun for tutorial_etl_dag to None, run_after=None
[2022-12-19 17:18:01,594] {processor.py:161} INFO - Processing /home/airflow/.local/lib/python3.7/site-packages/airflow/example_dags/tutorial_etl_dag.py took 0.134 seconds
[2022-12-19 17:18:31,760] {processor.py:153} INFO - Started process (PID=721) to work on /home/airflow/.local/lib/python3.7/site-packages/airflow/example_dags/tutorial_etl_dag.py
[2022-12-19 17:18:31,761] {processor.py:641} INFO - Processing file /home/airflow/.local/lib/python3.7/site-packages/airflow/example_dags/tutorial_etl_dag.py for tasks to queue
[2022-12-19 17:18:31,761] {logging_mixin.py:115} INFO - [2022-12-19 17:18:31,761] {dagbag.py:507} INFO - Filling up the DagBag from /home/airflow/.local/lib/python3.7/site-packages/airflow/example_dags/tutorial_etl_dag.py
[2022-12-19 17:18:31,766] {processor.py:651} INFO - DAG(s) dict_keys(['tutorial_etl_dag']) retrieved from /home/airflow/.local/lib/python3.7/site-packages/airflow/example_dags/tutorial_etl_dag.py
[2022-12-19 17:18:31,787] {logging_mixin.py:115} INFO - [2022-12-19 17:18:31,787] {dag.py:2371} INFO - Sync 1 DAGs
[2022-12-19 17:18:31,898] {logging_mixin.py:115} INFO - [2022-12-19 17:18:31,898] {dag.py:2919} INFO - Setting next_dagrun for tutorial_etl_dag to None, run_after=None
[2022-12-19 17:18:31,906] {processor.py:161} INFO - Processing /home/airflow/.local/lib/python3.7/site-packages/airflow/example_dags/tutorial_etl_dag.py took 0.147 seconds
[2022-12-19 17:19:02,046] {processor.py:153} INFO - Started process (PID=780) to work on /home/airflow/.local/lib/python3.7/site-packages/airflow/example_dags/tutorial_etl_dag.py
[2022-12-19 17:19:02,046] {processor.py:641} INFO - Processing file /home/airflow/.local/lib/python3.7/site-packages/airflow/example_dags/tutorial_etl_dag.py for tasks to queue
[2022-12-19 17:19:02,047] {logging_mixin.py:115} INFO - [2022-12-19 17:19:02,047] {dagbag.py:507} INFO - Filling up the DagBag from /home/airflow/.local/lib/python3.7/site-packages/airflow/example_dags/tutorial_etl_dag.py
[2022-12-19 17:19:02,051] {processor.py:651} INFO - DAG(s) dict_keys(['tutorial_etl_dag']) retrieved from /home/airflow/.local/lib/python3.7/site-packages/airflow/example_dags/tutorial_etl_dag.py
[2022-12-19 17:19:02,071] {logging_mixin.py:115} INFO - [2022-12-19 17:19:02,071] {dag.py:2371} INFO - Sync 1 DAGs
[2022-12-19 17:19:02,166] {logging_mixin.py:115} INFO - [2022-12-19 17:19:02,166] {dag.py:2919} INFO - Setting next_dagrun for tutorial_etl_dag to None, run_after=None
[2022-12-19 17:19:02,174] {processor.py:161} INFO - Processing /home/airflow/.local/lib/python3.7/site-packages/airflow/example_dags/tutorial_etl_dag.py took 0.130 seconds
[2022-12-19 17:19:32,410] {processor.py:153} INFO - Started process (PID=846) to work on /home/airflow/.local/lib/python3.7/site-packages/airflow/example_dags/tutorial_etl_dag.py
[2022-12-19 17:19:32,411] {processor.py:641} INFO - Processing file /home/airflow/.local/lib/python3.7/site-packages/airflow/example_dags/tutorial_etl_dag.py for tasks to queue
[2022-12-19 17:19:32,411] {logging_mixin.py:115} INFO - [2022-12-19 17:19:32,411] {dagbag.py:507} INFO - Filling up the DagBag from /home/airflow/.local/lib/python3.7/site-packages/airflow/example_dags/tutorial_etl_dag.py
[2022-12-19 17:19:32,416] {processor.py:651} INFO - DAG(s) dict_keys(['tutorial_etl_dag']) retrieved from /home/airflow/.local/lib/python3.7/site-packages/airflow/example_dags/tutorial_etl_dag.py
[2022-12-19 17:19:32,437] {logging_mixin.py:115} INFO - [2022-12-19 17:19:32,437] {dag.py:2371} INFO - Sync 1 DAGs
[2022-12-19 17:19:32,543] {logging_mixin.py:115} INFO - [2022-12-19 17:19:32,543] {dag.py:2919} INFO - Setting next_dagrun for tutorial_etl_dag to None, run_after=None
[2022-12-19 17:19:32,552] {processor.py:161} INFO - Processing /home/airflow/.local/lib/python3.7/site-packages/airflow/example_dags/tutorial_etl_dag.py took 0.143 seconds
