[2022-12-14 12:31:25,373] {taskinstance.py:1159} INFO - Dependencies all met for <TaskInstance: load_rates.dag4_load_to_google_storage scheduled__2022-12-13T12:13:10.766184+00:00 [queued]>
[2022-12-14 12:31:25,379] {taskinstance.py:1159} INFO - Dependencies all met for <TaskInstance: load_rates.dag4_load_to_google_storage scheduled__2022-12-13T12:13:10.766184+00:00 [queued]>
[2022-12-14 12:31:25,379] {taskinstance.py:1356} INFO - 
--------------------------------------------------------------------------------
[2022-12-14 12:31:25,379] {taskinstance.py:1357} INFO - Starting attempt 1 of 1
[2022-12-14 12:31:25,379] {taskinstance.py:1358} INFO - 
--------------------------------------------------------------------------------
[2022-12-14 12:31:25,387] {taskinstance.py:1377} INFO - Executing <Task(_PythonDecoratedOperator): dag4_load_to_google_storage> on 2022-12-13 12:13:10.766184+00:00
[2022-12-14 12:31:25,392] {standard_task_runner.py:52} INFO - Started process 7349 to run task
[2022-12-14 12:31:25,394] {standard_task_runner.py:79} INFO - Running: ['***', 'tasks', 'run', 'load_rates', 'dag4_load_to_google_storage', 'scheduled__2022-12-13T12:13:10.766184+00:00', '--job-id', '83', '--raw', '--subdir', 'DAGS_FOLDER/extract_data.py', '--cfg-path', '/tmp/tmpi520k272', '--error-file', '/tmp/tmp_wpehe4z']
[2022-12-14 12:31:25,394] {standard_task_runner.py:80} INFO - Job 83: Subtask dag4_load_to_google_storage
[2022-12-14 12:31:25,428] {task_command.py:369} INFO - Running <TaskInstance: load_rates.dag4_load_to_google_storage scheduled__2022-12-13T12:13:10.766184+00:00 [running]> on host a25e5c0223cd
[2022-12-14 12:31:25,473] {taskinstance.py:1571} INFO - Exporting the following env vars:
AIRFLOW_CTX_DAG_OWNER=***
AIRFLOW_CTX_DAG_ID=load_rates
AIRFLOW_CTX_TASK_ID=dag4_load_to_google_storage
AIRFLOW_CTX_EXECUTION_DATE=2022-12-13T12:13:10.766184+00:00
AIRFLOW_CTX_TRY_NUMBER=1
AIRFLOW_CTX_DAG_RUN_ID=scheduled__2022-12-13T12:13:10.766184+00:00
[2022-12-14 12:31:26,246] {python.py:173} INFO - Done. Returned value was: None
[2022-12-14 12:31:26,255] {taskinstance.py:1400} INFO - Marking task as SUCCESS. dag_id=load_rates, task_id=dag4_load_to_google_storage, execution_date=20221213T121310, start_date=20221214T123125, end_date=20221214T123126
[2022-12-14 12:31:26,287] {local_task_job.py:156} INFO - Task exited with return code 0
[2022-12-14 12:31:26,373] {local_task_job.py:273} INFO - 0 downstream tasks scheduled from follow-on schedule check
