[2022-12-14 10:43:16,329] {taskinstance.py:1159} INFO - Dependencies all met for <TaskInstance: load_rates.dag4_load_to_google_storage manual__2022-12-14T10:40:49.914551+00:00 [failed]>
[2022-12-14 10:43:16,329] {taskinstance.py:1159} INFO - Dependencies all met for <TaskInstance: load_rates.dag4_load_to_google_storage manual__2022-12-14T10:40:49.914551+00:00 [failed]>
[2022-12-14 10:43:16,329] {taskinstance.py:1356} INFO - 
--------------------------------------------------------------------------------
[2022-12-14 10:43:16,329] {taskinstance.py:1357} INFO - Starting attempt 2 of 1
[2022-12-14 10:43:16,329] {taskinstance.py:1358} INFO - 
--------------------------------------------------------------------------------
[2022-12-14 10:43:16,340] {taskinstance.py:1377} INFO - Executing <Task(_PythonDecoratedOperator): dag4_load_to_google_storage> on 2022-12-14 10:40:49.914551+00:00
[2022-12-14 10:43:16,344] {standard_task_runner.py:52} INFO - Started process 3364 to run task
[2022-12-14 10:43:16,347] {standard_task_runner.py:79} INFO - Running: ['***', 'tasks', 'run', 'load_rates', 'dag4_load_to_google_storage', 'manual__2022-12-14T10:40:49.914551+00:00', '--job-id', '79', '--pool', 'default_pool', '--raw', '--subdir', 'DAGS_FOLDER/extract_data.py', '--cfg-path', '/tmp/tmpikp3ei4o', '--error-file', '/tmp/tmp2kfb7gc6']
[2022-12-14 10:43:16,347] {standard_task_runner.py:80} INFO - Job 79: Subtask dag4_load_to_google_storage
[2022-12-14 10:43:16,387] {task_command.py:369} INFO - Running <TaskInstance: load_rates.dag4_load_to_google_storage manual__2022-12-14T10:40:49.914551+00:00 [running]> on host a25e5c0223cd
[2022-12-14 10:43:16,438] {taskinstance.py:1571} INFO - Exporting the following env vars:
AIRFLOW_CTX_DAG_OWNER=***
AIRFLOW_CTX_DAG_ID=load_rates
AIRFLOW_CTX_TASK_ID=dag4_load_to_google_storage
AIRFLOW_CTX_EXECUTION_DATE=2022-12-14T10:40:49.914551+00:00
AIRFLOW_CTX_TRY_NUMBER=2
AIRFLOW_CTX_DAG_RUN_ID=manual__2022-12-14T10:40:49.914551+00:00
[2022-12-14 10:43:17,167] {python.py:173} INFO - Done. Returned value was: None
[2022-12-14 10:43:17,178] {taskinstance.py:1400} INFO - Marking task as SUCCESS. dag_id=load_rates, task_id=dag4_load_to_google_storage, execution_date=20221214T104049, start_date=20221214T104316, end_date=20221214T104317
[2022-12-14 10:43:17,202] {local_task_job.py:156} INFO - Task exited with return code 0
[2022-12-14 10:43:17,221] {local_task_job.py:273} INFO - 0 downstream tasks scheduled from follow-on schedule check
