[2022-12-12 16:23:32,898] {taskinstance.py:1159} INFO - Dependencies all met for <TaskInstance: load_rates.load_to_google_storage manual__2022-12-12T16:23:29.227731+00:00 [queued]>
[2022-12-12 16:23:32,905] {taskinstance.py:1159} INFO - Dependencies all met for <TaskInstance: load_rates.load_to_google_storage manual__2022-12-12T16:23:29.227731+00:00 [queued]>
[2022-12-12 16:23:32,905] {taskinstance.py:1356} INFO - 
--------------------------------------------------------------------------------
[2022-12-12 16:23:32,905] {taskinstance.py:1357} INFO - Starting attempt 1 of 1
[2022-12-12 16:23:32,905] {taskinstance.py:1358} INFO - 
--------------------------------------------------------------------------------
[2022-12-12 16:23:32,914] {taskinstance.py:1377} INFO - Executing <Task(_PythonDecoratedOperator): load_to_google_storage> on 2022-12-12 16:23:29.227731+00:00
[2022-12-12 16:23:32,920] {standard_task_runner.py:52} INFO - Started process 11143 to run task
[2022-12-12 16:23:32,922] {standard_task_runner.py:79} INFO - Running: ['***', 'tasks', 'run', 'load_rates', 'load_to_google_storage', 'manual__2022-12-12T16:23:29.227731+00:00', '--job-id', '61', '--raw', '--subdir', 'DAGS_FOLDER/extract_data.py', '--cfg-path', '/tmp/tmp1vtexka_', '--error-file', '/tmp/tmpsg7xin3q']
[2022-12-12 16:23:32,923] {standard_task_runner.py:80} INFO - Job 61: Subtask load_to_google_storage
[2022-12-12 16:23:32,961] {task_command.py:369} INFO - Running <TaskInstance: load_rates.load_to_google_storage manual__2022-12-12T16:23:29.227731+00:00 [running]> on host 58259600a754
[2022-12-12 16:23:33,013] {taskinstance.py:1571} INFO - Exporting the following env vars:
AIRFLOW_CTX_DAG_OWNER=***
AIRFLOW_CTX_DAG_ID=load_rates
AIRFLOW_CTX_TASK_ID=load_to_google_storage
AIRFLOW_CTX_EXECUTION_DATE=2022-12-12T16:23:29.227731+00:00
AIRFLOW_CTX_TRY_NUMBER=1
AIRFLOW_CTX_DAG_RUN_ID=manual__2022-12-12T16:23:29.227731+00:00
[2022-12-12 16:23:33,671] {python.py:173} INFO - Done. Returned value was: None
[2022-12-12 16:23:33,682] {taskinstance.py:1400} INFO - Marking task as SUCCESS. dag_id=load_rates, task_id=load_to_google_storage, execution_date=20221212T162329, start_date=20221212T162332, end_date=20221212T162333
[2022-12-12 16:23:33,737] {local_task_job.py:156} INFO - Task exited with return code 0
[2022-12-12 16:23:33,762] {local_task_job.py:273} INFO - 0 downstream tasks scheduled from follow-on schedule check
