[2023-01-01 11:53:00,000] {taskinstance.py:1159} INFO - Dependencies all met for <TaskInstance: populating_platform.dag3_create_dataframe manual__2023-01-01T11:52:54.189604+00:00 [queued]>
[2023-01-01 11:53:00,006] {taskinstance.py:1159} INFO - Dependencies all met for <TaskInstance: populating_platform.dag3_create_dataframe manual__2023-01-01T11:52:54.189604+00:00 [queued]>
[2023-01-01 11:53:00,007] {taskinstance.py:1356} INFO - 
--------------------------------------------------------------------------------
[2023-01-01 11:53:00,007] {taskinstance.py:1357} INFO - Starting attempt 1 of 1
[2023-01-01 11:53:00,007] {taskinstance.py:1358} INFO - 
--------------------------------------------------------------------------------
[2023-01-01 11:53:00,104] {taskinstance.py:1377} INFO - Executing <Task(_PythonDecoratedOperator): dag3_create_dataframe> on 2023-01-01 11:52:54.189604+00:00
[2023-01-01 11:53:00,109] {standard_task_runner.py:52} INFO - Started process 4511 to run task
[2023-01-01 11:53:00,111] {standard_task_runner.py:79} INFO - Running: ['***', 'tasks', 'run', 'populating_platform', 'dag3_create_dataframe', 'manual__2023-01-01T11:52:54.189604+00:00', '--job-id', '11', '--raw', '--subdir', 'DAGS_FOLDER/populating_platform.py', '--cfg-path', '/tmp/tmp7pcazy5g', '--error-file', '/tmp/tmpg4hj3vmu']
[2023-01-01 11:53:00,112] {standard_task_runner.py:80} INFO - Job 11: Subtask dag3_create_dataframe
[2023-01-01 11:53:00,150] {task_command.py:369} INFO - Running <TaskInstance: populating_platform.dag3_create_dataframe manual__2023-01-01T11:52:54.189604+00:00 [running]> on host fd91d50c498d
[2023-01-01 11:53:00,257] {taskinstance.py:1571} INFO - Exporting the following env vars:
AIRFLOW_CTX_DAG_OWNER=***
AIRFLOW_CTX_DAG_ID=populating_platform
AIRFLOW_CTX_TASK_ID=dag3_create_dataframe
AIRFLOW_CTX_EXECUTION_DATE=2023-01-01T11:52:54.189604+00:00
AIRFLOW_CTX_TRY_NUMBER=1
AIRFLOW_CTX_DAG_RUN_ID=manual__2023-01-01T11:52:54.189604+00:00
[2023-01-01 11:53:00,309] {python.py:173} INFO - Done. Returned value was: None
[2023-01-01 11:53:00,319] {taskinstance.py:1400} INFO - Marking task as SUCCESS. dag_id=populating_platform, task_id=dag3_create_dataframe, execution_date=20230101T115254, start_date=20230101T115300, end_date=20230101T115300
[2023-01-01 11:53:00,363] {local_task_job.py:156} INFO - Task exited with return code 0
[2023-01-01 11:53:00,395] {local_task_job.py:273} INFO - 2 downstream tasks scheduled from follow-on schedule check
