[2022-12-14 09:39:14,391] {processor.py:153} INFO - Started process (PID=42) to work on /opt/airflow/dags/python/Helper.py
[2022-12-14 09:39:14,391] {processor.py:641} INFO - Processing file /opt/airflow/dags/python/Helper.py for tasks to queue
[2022-12-14 09:39:14,392] {logging_mixin.py:115} INFO - [2022-12-14 09:39:14,391] {dagbag.py:507} INFO - Filling up the DagBag from /opt/airflow/dags/python/Helper.py
[2022-12-14 09:39:15,134] {processor.py:653} WARNING - No viable dags retrieved from /opt/airflow/dags/python/Helper.py
[2022-12-14 09:39:15,142] {processor.py:161} INFO - Processing /opt/airflow/dags/python/Helper.py took 0.754 seconds
[2022-12-14 09:39:45,622] {processor.py:153} INFO - Started process (PID=109) to work on /opt/airflow/dags/python/Helper.py
[2022-12-14 09:39:45,623] {processor.py:641} INFO - Processing file /opt/airflow/dags/python/Helper.py for tasks to queue
[2022-12-14 09:39:45,623] {logging_mixin.py:115} INFO - [2022-12-14 09:39:45,623] {dagbag.py:507} INFO - Filling up the DagBag from /opt/airflow/dags/python/Helper.py
[2022-12-14 09:39:45,850] {processor.py:653} WARNING - No viable dags retrieved from /opt/airflow/dags/python/Helper.py
[2022-12-14 09:39:45,858] {processor.py:161} INFO - Processing /opt/airflow/dags/python/Helper.py took 0.237 seconds
[2022-12-14 09:40:15,961] {processor.py:153} INFO - Started process (PID=167) to work on /opt/airflow/dags/python/Helper.py
[2022-12-14 09:40:15,962] {processor.py:641} INFO - Processing file /opt/airflow/dags/python/Helper.py for tasks to queue
[2022-12-14 09:40:15,962] {logging_mixin.py:115} INFO - [2022-12-14 09:40:15,962] {dagbag.py:507} INFO - Filling up the DagBag from /opt/airflow/dags/python/Helper.py
[2022-12-14 09:40:16,186] {processor.py:653} WARNING - No viable dags retrieved from /opt/airflow/dags/python/Helper.py
[2022-12-14 09:40:16,194] {processor.py:161} INFO - Processing /opt/airflow/dags/python/Helper.py took 0.234 seconds
[2022-12-14 09:40:46,646] {processor.py:153} INFO - Started process (PID=233) to work on /opt/airflow/dags/python/Helper.py
[2022-12-14 09:40:46,646] {processor.py:641} INFO - Processing file /opt/airflow/dags/python/Helper.py for tasks to queue
[2022-12-14 09:40:46,646] {logging_mixin.py:115} INFO - [2022-12-14 09:40:46,646] {dagbag.py:507} INFO - Filling up the DagBag from /opt/airflow/dags/python/Helper.py
[2022-12-14 09:40:46,872] {processor.py:653} WARNING - No viable dags retrieved from /opt/airflow/dags/python/Helper.py
[2022-12-14 09:40:46,881] {processor.py:161} INFO - Processing /opt/airflow/dags/python/Helper.py took 0.238 seconds
[2022-12-14 09:41:16,993] {processor.py:153} INFO - Started process (PID=303) to work on /opt/airflow/dags/python/Helper.py
[2022-12-14 09:41:16,994] {processor.py:641} INFO - Processing file /opt/airflow/dags/python/Helper.py for tasks to queue
[2022-12-14 09:41:16,994] {logging_mixin.py:115} INFO - [2022-12-14 09:41:16,994] {dagbag.py:507} INFO - Filling up the DagBag from /opt/airflow/dags/python/Helper.py
[2022-12-14 09:41:17,216] {processor.py:653} WARNING - No viable dags retrieved from /opt/airflow/dags/python/Helper.py
[2022-12-14 09:41:17,224] {processor.py:161} INFO - Processing /opt/airflow/dags/python/Helper.py took 0.233 seconds
[2022-12-14 09:41:47,634] {processor.py:153} INFO - Started process (PID=368) to work on /opt/airflow/dags/python/Helper.py
[2022-12-14 09:41:47,635] {processor.py:641} INFO - Processing file /opt/airflow/dags/python/Helper.py for tasks to queue
[2022-12-14 09:41:47,635] {logging_mixin.py:115} INFO - [2022-12-14 09:41:47,635] {dagbag.py:507} INFO - Filling up the DagBag from /opt/airflow/dags/python/Helper.py
[2022-12-14 09:41:47,856] {processor.py:653} WARNING - No viable dags retrieved from /opt/airflow/dags/python/Helper.py
[2022-12-14 09:41:47,863] {processor.py:161} INFO - Processing /opt/airflow/dags/python/Helper.py took 0.230 seconds
[2022-12-14 09:42:18,353] {processor.py:153} INFO - Started process (PID=434) to work on /opt/airflow/dags/python/Helper.py
[2022-12-14 09:42:18,354] {processor.py:641} INFO - Processing file /opt/airflow/dags/python/Helper.py for tasks to queue
[2022-12-14 09:42:18,355] {logging_mixin.py:115} INFO - [2022-12-14 09:42:18,355] {dagbag.py:507} INFO - Filling up the DagBag from /opt/airflow/dags/python/Helper.py
[2022-12-14 09:42:18,617] {processor.py:653} WARNING - No viable dags retrieved from /opt/airflow/dags/python/Helper.py
[2022-12-14 09:42:18,673] {processor.py:161} INFO - Processing /opt/airflow/dags/python/Helper.py took 0.322 seconds
[2022-12-14 09:42:48,962] {processor.py:153} INFO - Started process (PID=490) to work on /opt/airflow/dags/python/Helper.py
[2022-12-14 09:42:48,963] {processor.py:641} INFO - Processing file /opt/airflow/dags/python/Helper.py for tasks to queue
[2022-12-14 09:42:48,963] {logging_mixin.py:115} INFO - [2022-12-14 09:42:48,963] {dagbag.py:507} INFO - Filling up the DagBag from /opt/airflow/dags/python/Helper.py
[2022-12-14 09:42:49,208] {processor.py:653} WARNING - No viable dags retrieved from /opt/airflow/dags/python/Helper.py
[2022-12-14 09:42:49,215] {processor.py:161} INFO - Processing /opt/airflow/dags/python/Helper.py took 0.255 seconds
[2022-12-14 09:43:19,725] {processor.py:153} INFO - Started process (PID=557) to work on /opt/airflow/dags/python/Helper.py
[2022-12-14 09:43:19,725] {processor.py:641} INFO - Processing file /opt/airflow/dags/python/Helper.py for tasks to queue
[2022-12-14 09:43:19,726] {logging_mixin.py:115} INFO - [2022-12-14 09:43:19,726] {dagbag.py:507} INFO - Filling up the DagBag from /opt/airflow/dags/python/Helper.py
[2022-12-14 09:43:19,955] {processor.py:653} WARNING - No viable dags retrieved from /opt/airflow/dags/python/Helper.py
[2022-12-14 09:43:19,963] {processor.py:161} INFO - Processing /opt/airflow/dags/python/Helper.py took 0.240 seconds
[2022-12-14 09:43:50,557] {processor.py:153} INFO - Started process (PID=622) to work on /opt/airflow/dags/python/Helper.py
[2022-12-14 09:43:50,557] {processor.py:641} INFO - Processing file /opt/airflow/dags/python/Helper.py for tasks to queue
[2022-12-14 09:43:50,558] {logging_mixin.py:115} INFO - [2022-12-14 09:43:50,558] {dagbag.py:507} INFO - Filling up the DagBag from /opt/airflow/dags/python/Helper.py
[2022-12-14 09:43:50,770] {processor.py:653} WARNING - No viable dags retrieved from /opt/airflow/dags/python/Helper.py
[2022-12-14 09:43:50,782] {processor.py:161} INFO - Processing /opt/airflow/dags/python/Helper.py took 0.227 seconds
[2022-12-14 09:44:21,110] {processor.py:153} INFO - Started process (PID=687) to work on /opt/airflow/dags/python/Helper.py
[2022-12-14 09:44:21,110] {processor.py:641} INFO - Processing file /opt/airflow/dags/python/Helper.py for tasks to queue
[2022-12-14 09:44:21,111] {logging_mixin.py:115} INFO - [2022-12-14 09:44:21,111] {dagbag.py:507} INFO - Filling up the DagBag from /opt/airflow/dags/python/Helper.py
[2022-12-14 09:44:21,338] {processor.py:653} WARNING - No viable dags retrieved from /opt/airflow/dags/python/Helper.py
[2022-12-14 09:44:21,346] {processor.py:161} INFO - Processing /opt/airflow/dags/python/Helper.py took 0.238 seconds
[2022-12-14 09:44:51,860] {processor.py:153} INFO - Started process (PID=745) to work on /opt/airflow/dags/python/Helper.py
[2022-12-14 09:44:51,861] {processor.py:641} INFO - Processing file /opt/airflow/dags/python/Helper.py for tasks to queue
[2022-12-14 09:44:51,861] {logging_mixin.py:115} INFO - [2022-12-14 09:44:51,861] {dagbag.py:507} INFO - Filling up the DagBag from /opt/airflow/dags/python/Helper.py
[2022-12-14 09:44:52,101] {processor.py:653} WARNING - No viable dags retrieved from /opt/airflow/dags/python/Helper.py
[2022-12-14 09:44:52,109] {processor.py:161} INFO - Processing /opt/airflow/dags/python/Helper.py took 0.252 seconds
[2022-12-14 09:45:22,466] {processor.py:153} INFO - Started process (PID=812) to work on /opt/airflow/dags/python/Helper.py
[2022-12-14 09:45:22,467] {processor.py:641} INFO - Processing file /opt/airflow/dags/python/Helper.py for tasks to queue
[2022-12-14 09:45:22,467] {logging_mixin.py:115} INFO - [2022-12-14 09:45:22,467] {dagbag.py:507} INFO - Filling up the DagBag from /opt/airflow/dags/python/Helper.py
[2022-12-14 09:45:22,690] {processor.py:653} WARNING - No viable dags retrieved from /opt/airflow/dags/python/Helper.py
[2022-12-14 09:45:22,698] {processor.py:161} INFO - Processing /opt/airflow/dags/python/Helper.py took 0.234 seconds
[2022-12-14 09:45:53,000] {processor.py:153} INFO - Started process (PID=878) to work on /opt/airflow/dags/python/Helper.py
[2022-12-14 09:45:53,001] {processor.py:641} INFO - Processing file /opt/airflow/dags/python/Helper.py for tasks to queue
[2022-12-14 09:45:53,001] {logging_mixin.py:115} INFO - [2022-12-14 09:45:53,001] {dagbag.py:507} INFO - Filling up the DagBag from /opt/airflow/dags/python/Helper.py
[2022-12-14 09:45:53,225] {processor.py:653} WARNING - No viable dags retrieved from /opt/airflow/dags/python/Helper.py
[2022-12-14 09:45:53,232] {processor.py:161} INFO - Processing /opt/airflow/dags/python/Helper.py took 0.235 seconds
[2022-12-14 09:46:23,446] {processor.py:153} INFO - Started process (PID=944) to work on /opt/airflow/dags/python/Helper.py
[2022-12-14 09:46:23,446] {processor.py:641} INFO - Processing file /opt/airflow/dags/python/Helper.py for tasks to queue
[2022-12-14 09:46:23,446] {logging_mixin.py:115} INFO - [2022-12-14 09:46:23,446] {dagbag.py:507} INFO - Filling up the DagBag from /opt/airflow/dags/python/Helper.py
[2022-12-14 09:46:23,678] {processor.py:653} WARNING - No viable dags retrieved from /opt/airflow/dags/python/Helper.py
[2022-12-14 09:46:23,686] {processor.py:161} INFO - Processing /opt/airflow/dags/python/Helper.py took 0.242 seconds
[2022-12-14 09:46:53,954] {processor.py:153} INFO - Started process (PID=1010) to work on /opt/airflow/dags/python/Helper.py
[2022-12-14 09:46:53,955] {processor.py:641} INFO - Processing file /opt/airflow/dags/python/Helper.py for tasks to queue
[2022-12-14 09:46:53,955] {logging_mixin.py:115} INFO - [2022-12-14 09:46:53,955] {dagbag.py:507} INFO - Filling up the DagBag from /opt/airflow/dags/python/Helper.py
[2022-12-14 09:46:54,194] {processor.py:653} WARNING - No viable dags retrieved from /opt/airflow/dags/python/Helper.py
[2022-12-14 09:46:54,203] {processor.py:161} INFO - Processing /opt/airflow/dags/python/Helper.py took 0.251 seconds
[2022-12-14 09:47:24,505] {processor.py:153} INFO - Started process (PID=1066) to work on /opt/airflow/dags/python/Helper.py
[2022-12-14 09:47:24,505] {processor.py:641} INFO - Processing file /opt/airflow/dags/python/Helper.py for tasks to queue
[2022-12-14 09:47:24,505] {logging_mixin.py:115} INFO - [2022-12-14 09:47:24,505] {dagbag.py:507} INFO - Filling up the DagBag from /opt/airflow/dags/python/Helper.py
[2022-12-14 09:47:24,718] {processor.py:653} WARNING - No viable dags retrieved from /opt/airflow/dags/python/Helper.py
[2022-12-14 09:47:24,726] {processor.py:161} INFO - Processing /opt/airflow/dags/python/Helper.py took 0.223 seconds
[2022-12-14 09:47:55,068] {processor.py:153} INFO - Started process (PID=1133) to work on /opt/airflow/dags/python/Helper.py
[2022-12-14 09:47:55,069] {processor.py:641} INFO - Processing file /opt/airflow/dags/python/Helper.py for tasks to queue
[2022-12-14 09:47:55,069] {logging_mixin.py:115} INFO - [2022-12-14 09:47:55,069] {dagbag.py:507} INFO - Filling up the DagBag from /opt/airflow/dags/python/Helper.py
[2022-12-14 09:47:55,293] {processor.py:653} WARNING - No viable dags retrieved from /opt/airflow/dags/python/Helper.py
[2022-12-14 09:47:55,299] {processor.py:161} INFO - Processing /opt/airflow/dags/python/Helper.py took 0.233 seconds
[2022-12-14 09:48:25,623] {processor.py:153} INFO - Started process (PID=1199) to work on /opt/airflow/dags/python/Helper.py
[2022-12-14 09:48:25,624] {processor.py:641} INFO - Processing file /opt/airflow/dags/python/Helper.py for tasks to queue
[2022-12-14 09:48:25,624] {logging_mixin.py:115} INFO - [2022-12-14 09:48:25,624] {dagbag.py:507} INFO - Filling up the DagBag from /opt/airflow/dags/python/Helper.py
[2022-12-14 09:48:25,848] {processor.py:653} WARNING - No viable dags retrieved from /opt/airflow/dags/python/Helper.py
[2022-12-14 09:48:25,855] {processor.py:161} INFO - Processing /opt/airflow/dags/python/Helper.py took 0.234 seconds
[2022-12-14 09:48:56,170] {processor.py:153} INFO - Started process (PID=1265) to work on /opt/airflow/dags/python/Helper.py
[2022-12-14 09:48:56,170] {processor.py:641} INFO - Processing file /opt/airflow/dags/python/Helper.py for tasks to queue
[2022-12-14 09:48:56,171] {logging_mixin.py:115} INFO - [2022-12-14 09:48:56,171] {dagbag.py:507} INFO - Filling up the DagBag from /opt/airflow/dags/python/Helper.py
[2022-12-14 09:48:56,391] {processor.py:653} WARNING - No viable dags retrieved from /opt/airflow/dags/python/Helper.py
[2022-12-14 09:48:56,399] {processor.py:161} INFO - Processing /opt/airflow/dags/python/Helper.py took 0.231 seconds
[2022-12-14 09:49:26,809] {processor.py:153} INFO - Started process (PID=1322) to work on /opt/airflow/dags/python/Helper.py
[2022-12-14 09:49:26,809] {processor.py:641} INFO - Processing file /opt/airflow/dags/python/Helper.py for tasks to queue
[2022-12-14 09:49:26,810] {logging_mixin.py:115} INFO - [2022-12-14 09:49:26,810] {dagbag.py:507} INFO - Filling up the DagBag from /opt/airflow/dags/python/Helper.py
[2022-12-14 09:49:27,027] {processor.py:653} WARNING - No viable dags retrieved from /opt/airflow/dags/python/Helper.py
[2022-12-14 09:49:27,035] {processor.py:161} INFO - Processing /opt/airflow/dags/python/Helper.py took 0.228 seconds
[2022-12-14 09:49:57,346] {processor.py:153} INFO - Started process (PID=1388) to work on /opt/airflow/dags/python/Helper.py
[2022-12-14 09:49:57,346] {processor.py:641} INFO - Processing file /opt/airflow/dags/python/Helper.py for tasks to queue
[2022-12-14 09:49:57,347] {logging_mixin.py:115} INFO - [2022-12-14 09:49:57,347] {dagbag.py:507} INFO - Filling up the DagBag from /opt/airflow/dags/python/Helper.py
[2022-12-14 09:49:57,555] {processor.py:653} WARNING - No viable dags retrieved from /opt/airflow/dags/python/Helper.py
[2022-12-14 09:49:57,562] {processor.py:161} INFO - Processing /opt/airflow/dags/python/Helper.py took 0.218 seconds
[2022-12-14 09:50:28,031] {processor.py:153} INFO - Started process (PID=1458) to work on /opt/airflow/dags/python/Helper.py
[2022-12-14 09:50:28,032] {processor.py:641} INFO - Processing file /opt/airflow/dags/python/Helper.py for tasks to queue
[2022-12-14 09:50:28,032] {logging_mixin.py:115} INFO - [2022-12-14 09:50:28,032] {dagbag.py:507} INFO - Filling up the DagBag from /opt/airflow/dags/python/Helper.py
[2022-12-14 09:50:28,245] {processor.py:653} WARNING - No viable dags retrieved from /opt/airflow/dags/python/Helper.py
[2022-12-14 09:50:28,251] {processor.py:161} INFO - Processing /opt/airflow/dags/python/Helper.py took 0.222 seconds
[2022-12-14 09:50:58,440] {processor.py:153} INFO - Started process (PID=1523) to work on /opt/airflow/dags/python/Helper.py
[2022-12-14 09:50:58,441] {processor.py:641} INFO - Processing file /opt/airflow/dags/python/Helper.py for tasks to queue
[2022-12-14 09:50:58,441] {logging_mixin.py:115} INFO - [2022-12-14 09:50:58,441] {dagbag.py:507} INFO - Filling up the DagBag from /opt/airflow/dags/python/Helper.py
[2022-12-14 09:50:58,666] {processor.py:653} WARNING - No viable dags retrieved from /opt/airflow/dags/python/Helper.py
[2022-12-14 09:50:58,674] {processor.py:161} INFO - Processing /opt/airflow/dags/python/Helper.py took 0.235 seconds
[2022-12-14 09:51:28,775] {processor.py:153} INFO - Started process (PID=1580) to work on /opt/airflow/dags/python/Helper.py
[2022-12-14 09:51:28,775] {processor.py:641} INFO - Processing file /opt/airflow/dags/python/Helper.py for tasks to queue
[2022-12-14 09:51:28,775] {logging_mixin.py:115} INFO - [2022-12-14 09:51:28,775] {dagbag.py:507} INFO - Filling up the DagBag from /opt/airflow/dags/python/Helper.py
[2022-12-14 09:51:29,003] {processor.py:653} WARNING - No viable dags retrieved from /opt/airflow/dags/python/Helper.py
[2022-12-14 09:51:29,011] {processor.py:161} INFO - Processing /opt/airflow/dags/python/Helper.py took 0.238 seconds
[2022-12-14 09:51:59,231] {processor.py:153} INFO - Started process (PID=1647) to work on /opt/airflow/dags/python/Helper.py
[2022-12-14 09:51:59,232] {processor.py:641} INFO - Processing file /opt/airflow/dags/python/Helper.py for tasks to queue
[2022-12-14 09:51:59,232] {logging_mixin.py:115} INFO - [2022-12-14 09:51:59,232] {dagbag.py:507} INFO - Filling up the DagBag from /opt/airflow/dags/python/Helper.py
[2022-12-14 09:51:59,443] {processor.py:653} WARNING - No viable dags retrieved from /opt/airflow/dags/python/Helper.py
[2022-12-14 09:51:59,450] {processor.py:161} INFO - Processing /opt/airflow/dags/python/Helper.py took 0.221 seconds
[2022-12-14 09:52:29,674] {processor.py:153} INFO - Started process (PID=1714) to work on /opt/airflow/dags/python/Helper.py
[2022-12-14 09:52:29,674] {processor.py:641} INFO - Processing file /opt/airflow/dags/python/Helper.py for tasks to queue
[2022-12-14 09:52:29,675] {logging_mixin.py:115} INFO - [2022-12-14 09:52:29,675] {dagbag.py:507} INFO - Filling up the DagBag from /opt/airflow/dags/python/Helper.py
[2022-12-14 09:52:29,977] {processor.py:653} WARNING - No viable dags retrieved from /opt/airflow/dags/python/Helper.py
[2022-12-14 09:52:29,985] {processor.py:161} INFO - Processing /opt/airflow/dags/python/Helper.py took 0.313 seconds
[2022-12-14 09:53:00,057] {processor.py:153} INFO - Started process (PID=1781) to work on /opt/airflow/dags/python/Helper.py
[2022-12-14 09:53:00,058] {processor.py:641} INFO - Processing file /opt/airflow/dags/python/Helper.py for tasks to queue
[2022-12-14 09:53:00,058] {logging_mixin.py:115} INFO - [2022-12-14 09:53:00,058] {dagbag.py:507} INFO - Filling up the DagBag from /opt/airflow/dags/python/Helper.py
[2022-12-14 09:53:00,265] {processor.py:653} WARNING - No viable dags retrieved from /opt/airflow/dags/python/Helper.py
[2022-12-14 09:53:00,272] {processor.py:161} INFO - Processing /opt/airflow/dags/python/Helper.py took 0.216 seconds
[2022-12-14 09:53:30,413] {processor.py:153} INFO - Started process (PID=1846) to work on /opt/airflow/dags/python/Helper.py
[2022-12-14 09:53:30,413] {processor.py:641} INFO - Processing file /opt/airflow/dags/python/Helper.py for tasks to queue
[2022-12-14 09:53:30,414] {logging_mixin.py:115} INFO - [2022-12-14 09:53:30,414] {dagbag.py:507} INFO - Filling up the DagBag from /opt/airflow/dags/python/Helper.py
[2022-12-14 09:53:30,695] {processor.py:653} WARNING - No viable dags retrieved from /opt/airflow/dags/python/Helper.py
[2022-12-14 09:53:30,702] {processor.py:161} INFO - Processing /opt/airflow/dags/python/Helper.py took 0.291 seconds
[2022-12-14 09:54:00,849] {processor.py:153} INFO - Started process (PID=1903) to work on /opt/airflow/dags/python/Helper.py
[2022-12-14 09:54:00,850] {processor.py:641} INFO - Processing file /opt/airflow/dags/python/Helper.py for tasks to queue
[2022-12-14 09:54:00,850] {logging_mixin.py:115} INFO - [2022-12-14 09:54:00,850] {dagbag.py:507} INFO - Filling up the DagBag from /opt/airflow/dags/python/Helper.py
[2022-12-14 09:54:01,063] {processor.py:653} WARNING - No viable dags retrieved from /opt/airflow/dags/python/Helper.py
[2022-12-14 09:54:01,071] {processor.py:161} INFO - Processing /opt/airflow/dags/python/Helper.py took 0.224 seconds
[2022-12-14 09:54:31,169] {processor.py:153} INFO - Started process (PID=1971) to work on /opt/airflow/dags/python/Helper.py
[2022-12-14 09:54:31,170] {processor.py:641} INFO - Processing file /opt/airflow/dags/python/Helper.py for tasks to queue
[2022-12-14 09:54:31,170] {logging_mixin.py:115} INFO - [2022-12-14 09:54:31,170] {dagbag.py:507} INFO - Filling up the DagBag from /opt/airflow/dags/python/Helper.py
[2022-12-14 09:54:31,381] {processor.py:653} WARNING - No viable dags retrieved from /opt/airflow/dags/python/Helper.py
[2022-12-14 09:54:31,388] {processor.py:161} INFO - Processing /opt/airflow/dags/python/Helper.py took 0.221 seconds
[2022-12-14 09:55:01,852] {processor.py:153} INFO - Started process (PID=2037) to work on /opt/airflow/dags/python/Helper.py
[2022-12-14 09:55:01,853] {processor.py:641} INFO - Processing file /opt/airflow/dags/python/Helper.py for tasks to queue
[2022-12-14 09:55:01,853] {logging_mixin.py:115} INFO - [2022-12-14 09:55:01,853] {dagbag.py:507} INFO - Filling up the DagBag from /opt/airflow/dags/python/Helper.py
[2022-12-14 09:55:02,110] {processor.py:653} WARNING - No viable dags retrieved from /opt/airflow/dags/python/Helper.py
[2022-12-14 09:55:02,117] {processor.py:161} INFO - Processing /opt/airflow/dags/python/Helper.py took 0.267 seconds
[2022-12-14 09:55:32,272] {processor.py:153} INFO - Started process (PID=2105) to work on /opt/airflow/dags/python/Helper.py
[2022-12-14 09:55:32,273] {processor.py:641} INFO - Processing file /opt/airflow/dags/python/Helper.py for tasks to queue
[2022-12-14 09:55:32,273] {logging_mixin.py:115} INFO - [2022-12-14 09:55:32,273] {dagbag.py:507} INFO - Filling up the DagBag from /opt/airflow/dags/python/Helper.py
[2022-12-14 09:55:32,494] {processor.py:653} WARNING - No viable dags retrieved from /opt/airflow/dags/python/Helper.py
[2022-12-14 09:55:32,502] {processor.py:161} INFO - Processing /opt/airflow/dags/python/Helper.py took 0.232 seconds
[2022-12-14 09:56:02,730] {processor.py:153} INFO - Started process (PID=2161) to work on /opt/airflow/dags/python/Helper.py
[2022-12-14 09:56:02,730] {processor.py:641} INFO - Processing file /opt/airflow/dags/python/Helper.py for tasks to queue
[2022-12-14 09:56:02,731] {logging_mixin.py:115} INFO - [2022-12-14 09:56:02,731] {dagbag.py:507} INFO - Filling up the DagBag from /opt/airflow/dags/python/Helper.py
[2022-12-14 09:56:02,954] {processor.py:653} WARNING - No viable dags retrieved from /opt/airflow/dags/python/Helper.py
[2022-12-14 09:56:02,961] {processor.py:161} INFO - Processing /opt/airflow/dags/python/Helper.py took 0.233 seconds
[2022-12-14 09:56:33,503] {processor.py:153} INFO - Started process (PID=2229) to work on /opt/airflow/dags/python/Helper.py
[2022-12-14 09:56:33,503] {processor.py:641} INFO - Processing file /opt/airflow/dags/python/Helper.py for tasks to queue
[2022-12-14 09:56:33,503] {logging_mixin.py:115} INFO - [2022-12-14 09:56:33,503] {dagbag.py:507} INFO - Filling up the DagBag from /opt/airflow/dags/python/Helper.py
[2022-12-14 09:56:33,737] {processor.py:653} WARNING - No viable dags retrieved from /opt/airflow/dags/python/Helper.py
[2022-12-14 09:56:33,744] {processor.py:161} INFO - Processing /opt/airflow/dags/python/Helper.py took 0.244 seconds
[2022-12-14 09:57:04,004] {processor.py:153} INFO - Started process (PID=2295) to work on /opt/airflow/dags/python/Helper.py
[2022-12-14 09:57:04,005] {processor.py:641} INFO - Processing file /opt/airflow/dags/python/Helper.py for tasks to queue
[2022-12-14 09:57:04,005] {logging_mixin.py:115} INFO - [2022-12-14 09:57:04,005] {dagbag.py:507} INFO - Filling up the DagBag from /opt/airflow/dags/python/Helper.py
[2022-12-14 09:57:04,255] {processor.py:653} WARNING - No viable dags retrieved from /opt/airflow/dags/python/Helper.py
[2022-12-14 09:57:04,263] {processor.py:161} INFO - Processing /opt/airflow/dags/python/Helper.py took 0.261 seconds
[2022-12-14 09:57:34,611] {processor.py:153} INFO - Started process (PID=2360) to work on /opt/airflow/dags/python/Helper.py
[2022-12-14 09:57:34,612] {processor.py:641} INFO - Processing file /opt/airflow/dags/python/Helper.py for tasks to queue
[2022-12-14 09:57:34,612] {logging_mixin.py:115} INFO - [2022-12-14 09:57:34,612] {dagbag.py:507} INFO - Filling up the DagBag from /opt/airflow/dags/python/Helper.py
[2022-12-14 09:57:34,839] {processor.py:653} WARNING - No viable dags retrieved from /opt/airflow/dags/python/Helper.py
[2022-12-14 09:57:34,847] {processor.py:161} INFO - Processing /opt/airflow/dags/python/Helper.py took 0.238 seconds
[2022-12-14 09:58:04,984] {processor.py:153} INFO - Started process (PID=2427) to work on /opt/airflow/dags/python/Helper.py
[2022-12-14 09:58:04,985] {processor.py:641} INFO - Processing file /opt/airflow/dags/python/Helper.py for tasks to queue
[2022-12-14 09:58:04,985] {logging_mixin.py:115} INFO - [2022-12-14 09:58:04,985] {dagbag.py:507} INFO - Filling up the DagBag from /opt/airflow/dags/python/Helper.py
[2022-12-14 09:58:05,229] {processor.py:653} WARNING - No viable dags retrieved from /opt/airflow/dags/python/Helper.py
[2022-12-14 09:58:05,238] {processor.py:161} INFO - Processing /opt/airflow/dags/python/Helper.py took 0.257 seconds
[2022-12-14 09:58:35,656] {processor.py:153} INFO - Started process (PID=2485) to work on /opt/airflow/dags/python/Helper.py
[2022-12-14 09:58:35,657] {processor.py:641} INFO - Processing file /opt/airflow/dags/python/Helper.py for tasks to queue
[2022-12-14 09:58:35,657] {logging_mixin.py:115} INFO - [2022-12-14 09:58:35,657] {dagbag.py:507} INFO - Filling up the DagBag from /opt/airflow/dags/python/Helper.py
[2022-12-14 09:58:35,879] {processor.py:653} WARNING - No viable dags retrieved from /opt/airflow/dags/python/Helper.py
[2022-12-14 09:58:35,886] {processor.py:161} INFO - Processing /opt/airflow/dags/python/Helper.py took 0.232 seconds
[2022-12-14 09:59:06,446] {processor.py:153} INFO - Started process (PID=2551) to work on /opt/airflow/dags/python/Helper.py
[2022-12-14 09:59:06,447] {processor.py:641} INFO - Processing file /opt/airflow/dags/python/Helper.py for tasks to queue
[2022-12-14 09:59:06,447] {logging_mixin.py:115} INFO - [2022-12-14 09:59:06,447] {dagbag.py:507} INFO - Filling up the DagBag from /opt/airflow/dags/python/Helper.py
[2022-12-14 09:59:06,702] {processor.py:653} WARNING - No viable dags retrieved from /opt/airflow/dags/python/Helper.py
[2022-12-14 09:59:06,711] {processor.py:161} INFO - Processing /opt/airflow/dags/python/Helper.py took 0.267 seconds
[2022-12-14 09:59:37,090] {processor.py:153} INFO - Started process (PID=2617) to work on /opt/airflow/dags/python/Helper.py
[2022-12-14 09:59:37,090] {processor.py:641} INFO - Processing file /opt/airflow/dags/python/Helper.py for tasks to queue
[2022-12-14 09:59:37,090] {logging_mixin.py:115} INFO - [2022-12-14 09:59:37,090] {dagbag.py:507} INFO - Filling up the DagBag from /opt/airflow/dags/python/Helper.py
[2022-12-14 09:59:37,247] {processor.py:653} WARNING - No viable dags retrieved from /opt/airflow/dags/python/Helper.py
[2022-12-14 09:59:37,257] {processor.py:161} INFO - Processing /opt/airflow/dags/python/Helper.py took 0.169 seconds
[2022-12-14 10:00:07,506] {processor.py:153} INFO - Started process (PID=2684) to work on /opt/airflow/dags/python/Helper.py
[2022-12-14 10:00:07,507] {processor.py:641} INFO - Processing file /opt/airflow/dags/python/Helper.py for tasks to queue
[2022-12-14 10:00:07,508] {logging_mixin.py:115} INFO - [2022-12-14 10:00:07,508] {dagbag.py:507} INFO - Filling up the DagBag from /opt/airflow/dags/python/Helper.py
[2022-12-14 10:00:07,655] {processor.py:653} WARNING - No viable dags retrieved from /opt/airflow/dags/python/Helper.py
[2022-12-14 10:00:07,662] {processor.py:161} INFO - Processing /opt/airflow/dags/python/Helper.py took 0.158 seconds
[2022-12-14 10:00:37,807] {processor.py:153} INFO - Started process (PID=2741) to work on /opt/airflow/dags/python/Helper.py
[2022-12-14 10:00:37,808] {processor.py:641} INFO - Processing file /opt/airflow/dags/python/Helper.py for tasks to queue
[2022-12-14 10:00:37,808] {logging_mixin.py:115} INFO - [2022-12-14 10:00:37,808] {dagbag.py:507} INFO - Filling up the DagBag from /opt/airflow/dags/python/Helper.py
[2022-12-14 10:00:37,963] {processor.py:653} WARNING - No viable dags retrieved from /opt/airflow/dags/python/Helper.py
[2022-12-14 10:00:37,972] {processor.py:161} INFO - Processing /opt/airflow/dags/python/Helper.py took 0.166 seconds
[2022-12-14 10:01:08,079] {processor.py:153} INFO - Started process (PID=2808) to work on /opt/airflow/dags/python/Helper.py
[2022-12-14 10:01:08,080] {processor.py:641} INFO - Processing file /opt/airflow/dags/python/Helper.py for tasks to queue
[2022-12-14 10:01:08,080] {logging_mixin.py:115} INFO - [2022-12-14 10:01:08,080] {dagbag.py:507} INFO - Filling up the DagBag from /opt/airflow/dags/python/Helper.py
[2022-12-14 10:01:08,235] {processor.py:653} WARNING - No viable dags retrieved from /opt/airflow/dags/python/Helper.py
[2022-12-14 10:01:08,245] {processor.py:161} INFO - Processing /opt/airflow/dags/python/Helper.py took 0.168 seconds
[2022-12-14 10:01:38,530] {processor.py:153} INFO - Started process (PID=2876) to work on /opt/airflow/dags/python/Helper.py
[2022-12-14 10:01:38,530] {processor.py:641} INFO - Processing file /opt/airflow/dags/python/Helper.py for tasks to queue
[2022-12-14 10:01:38,531] {logging_mixin.py:115} INFO - [2022-12-14 10:01:38,531] {dagbag.py:507} INFO - Filling up the DagBag from /opt/airflow/dags/python/Helper.py
[2022-12-14 10:01:38,679] {processor.py:653} WARNING - No viable dags retrieved from /opt/airflow/dags/python/Helper.py
[2022-12-14 10:01:38,688] {processor.py:161} INFO - Processing /opt/airflow/dags/python/Helper.py took 0.160 seconds
[2022-12-14 10:02:08,820] {processor.py:153} INFO - Started process (PID=2944) to work on /opt/airflow/dags/python/Helper.py
[2022-12-14 10:02:08,821] {processor.py:641} INFO - Processing file /opt/airflow/dags/python/Helper.py for tasks to queue
[2022-12-14 10:02:08,821] {logging_mixin.py:115} INFO - [2022-12-14 10:02:08,821] {dagbag.py:507} INFO - Filling up the DagBag from /opt/airflow/dags/python/Helper.py
[2022-12-14 10:02:08,977] {processor.py:653} WARNING - No viable dags retrieved from /opt/airflow/dags/python/Helper.py
[2022-12-14 10:02:08,986] {processor.py:161} INFO - Processing /opt/airflow/dags/python/Helper.py took 0.168 seconds
[2022-12-14 10:02:39,008] {processor.py:153} INFO - Started process (PID=3000) to work on /opt/airflow/dags/python/Helper.py
[2022-12-14 10:02:39,008] {processor.py:641} INFO - Processing file /opt/airflow/dags/python/Helper.py for tasks to queue
[2022-12-14 10:02:39,008] {logging_mixin.py:115} INFO - [2022-12-14 10:02:39,008] {dagbag.py:507} INFO - Filling up the DagBag from /opt/airflow/dags/python/Helper.py
[2022-12-14 10:02:39,217] {processor.py:653} WARNING - No viable dags retrieved from /opt/airflow/dags/python/Helper.py
[2022-12-14 10:02:39,226] {processor.py:161} INFO - Processing /opt/airflow/dags/python/Helper.py took 0.222 seconds
[2022-12-14 10:03:09,420] {processor.py:153} INFO - Started process (PID=3065) to work on /opt/airflow/dags/python/Helper.py
[2022-12-14 10:03:09,421] {processor.py:641} INFO - Processing file /opt/airflow/dags/python/Helper.py for tasks to queue
[2022-12-14 10:03:09,421] {logging_mixin.py:115} INFO - [2022-12-14 10:03:09,421] {dagbag.py:507} INFO - Filling up the DagBag from /opt/airflow/dags/python/Helper.py
[2022-12-14 10:03:09,588] {processor.py:653} WARNING - No viable dags retrieved from /opt/airflow/dags/python/Helper.py
[2022-12-14 10:03:09,597] {processor.py:161} INFO - Processing /opt/airflow/dags/python/Helper.py took 0.179 seconds
[2022-12-14 10:03:39,744] {processor.py:153} INFO - Started process (PID=3131) to work on /opt/airflow/dags/python/Helper.py
[2022-12-14 10:03:39,745] {processor.py:641} INFO - Processing file /opt/airflow/dags/python/Helper.py for tasks to queue
[2022-12-14 10:03:39,745] {logging_mixin.py:115} INFO - [2022-12-14 10:03:39,745] {dagbag.py:507} INFO - Filling up the DagBag from /opt/airflow/dags/python/Helper.py
[2022-12-14 10:03:39,894] {processor.py:653} WARNING - No viable dags retrieved from /opt/airflow/dags/python/Helper.py
[2022-12-14 10:03:39,903] {processor.py:161} INFO - Processing /opt/airflow/dags/python/Helper.py took 0.161 seconds
[2022-12-14 10:04:10,085] {processor.py:153} INFO - Started process (PID=3198) to work on /opt/airflow/dags/python/Helper.py
[2022-12-14 10:04:10,085] {processor.py:641} INFO - Processing file /opt/airflow/dags/python/Helper.py for tasks to queue
[2022-12-14 10:04:10,086] {logging_mixin.py:115} INFO - [2022-12-14 10:04:10,086] {dagbag.py:507} INFO - Filling up the DagBag from /opt/airflow/dags/python/Helper.py
[2022-12-14 10:04:10,240] {processor.py:653} WARNING - No viable dags retrieved from /opt/airflow/dags/python/Helper.py
[2022-12-14 10:04:10,249] {processor.py:161} INFO - Processing /opt/airflow/dags/python/Helper.py took 0.167 seconds
[2022-12-14 10:04:36,393] {processor.py:153} INFO - Started process (PID=3255) to work on /opt/airflow/dags/python/Helper.py
[2022-12-14 10:04:36,393] {processor.py:641} INFO - Processing file /opt/airflow/dags/python/Helper.py for tasks to queue
[2022-12-14 10:04:36,394] {logging_mixin.py:115} INFO - [2022-12-14 10:04:36,394] {dagbag.py:507} INFO - Filling up the DagBag from /opt/airflow/dags/python/Helper.py
[2022-12-14 10:04:36,555] {processor.py:653} WARNING - No viable dags retrieved from /opt/airflow/dags/python/Helper.py
[2022-12-14 10:04:36,564] {processor.py:161} INFO - Processing /opt/airflow/dags/python/Helper.py took 0.173 seconds
[2022-12-14 10:05:06,590] {processor.py:153} INFO - Started process (PID=3321) to work on /opt/airflow/dags/python/Helper.py
[2022-12-14 10:05:06,591] {processor.py:641} INFO - Processing file /opt/airflow/dags/python/Helper.py for tasks to queue
[2022-12-14 10:05:06,591] {logging_mixin.py:115} INFO - [2022-12-14 10:05:06,591] {dagbag.py:507} INFO - Filling up the DagBag from /opt/airflow/dags/python/Helper.py
[2022-12-14 10:05:06,726] {processor.py:653} WARNING - No viable dags retrieved from /opt/airflow/dags/python/Helper.py
[2022-12-14 10:05:06,734] {processor.py:161} INFO - Processing /opt/airflow/dags/python/Helper.py took 0.145 seconds
[2022-12-14 10:05:36,880] {processor.py:153} INFO - Started process (PID=3388) to work on /opt/airflow/dags/python/Helper.py
[2022-12-14 10:05:36,880] {processor.py:641} INFO - Processing file /opt/airflow/dags/python/Helper.py for tasks to queue
[2022-12-14 10:05:36,881] {logging_mixin.py:115} INFO - [2022-12-14 10:05:36,881] {dagbag.py:507} INFO - Filling up the DagBag from /opt/airflow/dags/python/Helper.py
[2022-12-14 10:05:37,034] {processor.py:653} WARNING - No viable dags retrieved from /opt/airflow/dags/python/Helper.py
[2022-12-14 10:05:37,044] {processor.py:161} INFO - Processing /opt/airflow/dags/python/Helper.py took 0.166 seconds
[2022-12-14 10:06:07,067] {processor.py:153} INFO - Started process (PID=3445) to work on /opt/airflow/dags/python/Helper.py
[2022-12-14 10:06:07,067] {processor.py:641} INFO - Processing file /opt/airflow/dags/python/Helper.py for tasks to queue
[2022-12-14 10:06:07,068] {logging_mixin.py:115} INFO - [2022-12-14 10:06:07,068] {dagbag.py:507} INFO - Filling up the DagBag from /opt/airflow/dags/python/Helper.py
[2022-12-14 10:06:07,224] {processor.py:653} WARNING - No viable dags retrieved from /opt/airflow/dags/python/Helper.py
[2022-12-14 10:06:07,233] {processor.py:161} INFO - Processing /opt/airflow/dags/python/Helper.py took 0.168 seconds
[2022-12-14 10:06:37,380] {processor.py:153} INFO - Started process (PID=3512) to work on /opt/airflow/dags/python/Helper.py
[2022-12-14 10:06:37,380] {processor.py:641} INFO - Processing file /opt/airflow/dags/python/Helper.py for tasks to queue
[2022-12-14 10:06:37,381] {logging_mixin.py:115} INFO - [2022-12-14 10:06:37,381] {dagbag.py:507} INFO - Filling up the DagBag from /opt/airflow/dags/python/Helper.py
[2022-12-14 10:06:37,519] {processor.py:653} WARNING - No viable dags retrieved from /opt/airflow/dags/python/Helper.py
[2022-12-14 10:06:37,527] {processor.py:161} INFO - Processing /opt/airflow/dags/python/Helper.py took 0.149 seconds
[2022-12-14 10:07:07,677] {processor.py:153} INFO - Started process (PID=3580) to work on /opt/airflow/dags/python/Helper.py
[2022-12-14 10:07:07,677] {processor.py:641} INFO - Processing file /opt/airflow/dags/python/Helper.py for tasks to queue
[2022-12-14 10:07:07,678] {logging_mixin.py:115} INFO - [2022-12-14 10:07:07,678] {dagbag.py:507} INFO - Filling up the DagBag from /opt/airflow/dags/python/Helper.py
[2022-12-14 10:07:07,828] {processor.py:653} WARNING - No viable dags retrieved from /opt/airflow/dags/python/Helper.py
[2022-12-14 10:07:07,836] {processor.py:161} INFO - Processing /opt/airflow/dags/python/Helper.py took 0.162 seconds
[2022-12-14 10:07:23,245] {processor.py:153} INFO - Started process (PID=3628) to work on /opt/airflow/dags/python/Helper.py
[2022-12-14 10:07:23,245] {processor.py:641} INFO - Processing file /opt/airflow/dags/python/Helper.py for tasks to queue
[2022-12-14 10:07:23,246] {logging_mixin.py:115} INFO - [2022-12-14 10:07:23,246] {dagbag.py:507} INFO - Filling up the DagBag from /opt/airflow/dags/python/Helper.py
[2022-12-14 10:07:23,407] {processor.py:653} WARNING - No viable dags retrieved from /opt/airflow/dags/python/Helper.py
[2022-12-14 10:07:23,416] {processor.py:161} INFO - Processing /opt/airflow/dags/python/Helper.py took 0.173 seconds
[2022-12-14 10:07:53,487] {processor.py:153} INFO - Started process (PID=3695) to work on /opt/airflow/dags/python/Helper.py
[2022-12-14 10:07:53,488] {processor.py:641} INFO - Processing file /opt/airflow/dags/python/Helper.py for tasks to queue
[2022-12-14 10:07:53,488] {logging_mixin.py:115} INFO - [2022-12-14 10:07:53,488] {dagbag.py:507} INFO - Filling up the DagBag from /opt/airflow/dags/python/Helper.py
[2022-12-14 10:07:53,626] {processor.py:653} WARNING - No viable dags retrieved from /opt/airflow/dags/python/Helper.py
[2022-12-14 10:07:53,637] {processor.py:161} INFO - Processing /opt/airflow/dags/python/Helper.py took 0.153 seconds
[2022-12-14 10:08:03,524] {processor.py:153} INFO - Started process (PID=3707) to work on /opt/airflow/dags/python/Helper.py
[2022-12-14 10:08:03,524] {processor.py:641} INFO - Processing file /opt/airflow/dags/python/Helper.py for tasks to queue
[2022-12-14 10:08:03,524] {logging_mixin.py:115} INFO - [2022-12-14 10:08:03,524] {dagbag.py:507} INFO - Filling up the DagBag from /opt/airflow/dags/python/Helper.py
[2022-12-14 10:08:03,672] {processor.py:653} WARNING - No viable dags retrieved from /opt/airflow/dags/python/Helper.py
[2022-12-14 10:08:03,681] {processor.py:161} INFO - Processing /opt/airflow/dags/python/Helper.py took 0.160 seconds
[2022-12-14 10:08:33,875] {processor.py:153} INFO - Started process (PID=3773) to work on /opt/airflow/dags/python/Helper.py
[2022-12-14 10:08:33,875] {processor.py:641} INFO - Processing file /opt/airflow/dags/python/Helper.py for tasks to queue
[2022-12-14 10:08:33,876] {logging_mixin.py:115} INFO - [2022-12-14 10:08:33,876] {dagbag.py:507} INFO - Filling up the DagBag from /opt/airflow/dags/python/Helper.py
[2022-12-14 10:08:34,023] {processor.py:653} WARNING - No viable dags retrieved from /opt/airflow/dags/python/Helper.py
[2022-12-14 10:08:34,031] {processor.py:161} INFO - Processing /opt/airflow/dags/python/Helper.py took 0.158 seconds
[2022-12-14 10:09:04,196] {processor.py:153} INFO - Started process (PID=3829) to work on /opt/airflow/dags/python/Helper.py
[2022-12-14 10:09:04,197] {processor.py:641} INFO - Processing file /opt/airflow/dags/python/Helper.py for tasks to queue
[2022-12-14 10:09:04,197] {logging_mixin.py:115} INFO - [2022-12-14 10:09:04,197] {dagbag.py:507} INFO - Filling up the DagBag from /opt/airflow/dags/python/Helper.py
[2022-12-14 10:09:04,338] {processor.py:653} WARNING - No viable dags retrieved from /opt/airflow/dags/python/Helper.py
[2022-12-14 10:09:04,347] {processor.py:161} INFO - Processing /opt/airflow/dags/python/Helper.py took 0.152 seconds
[2022-12-14 10:09:34,557] {processor.py:153} INFO - Started process (PID=3895) to work on /opt/airflow/dags/python/Helper.py
[2022-12-14 10:09:34,558] {processor.py:641} INFO - Processing file /opt/airflow/dags/python/Helper.py for tasks to queue
[2022-12-14 10:09:34,559] {logging_mixin.py:115} INFO - [2022-12-14 10:09:34,559] {dagbag.py:507} INFO - Filling up the DagBag from /opt/airflow/dags/python/Helper.py
[2022-12-14 10:09:34,702] {processor.py:653} WARNING - No viable dags retrieved from /opt/airflow/dags/python/Helper.py
[2022-12-14 10:09:34,711] {processor.py:161} INFO - Processing /opt/airflow/dags/python/Helper.py took 0.156 seconds
[2022-12-14 10:10:04,772] {processor.py:153} INFO - Started process (PID=3962) to work on /opt/airflow/dags/python/Helper.py
[2022-12-14 10:10:04,772] {processor.py:641} INFO - Processing file /opt/airflow/dags/python/Helper.py for tasks to queue
[2022-12-14 10:10:04,772] {logging_mixin.py:115} INFO - [2022-12-14 10:10:04,772] {dagbag.py:507} INFO - Filling up the DagBag from /opt/airflow/dags/python/Helper.py
[2022-12-14 10:10:04,911] {processor.py:653} WARNING - No viable dags retrieved from /opt/airflow/dags/python/Helper.py
[2022-12-14 10:10:04,919] {processor.py:161} INFO - Processing /opt/airflow/dags/python/Helper.py took 0.150 seconds
[2022-12-14 10:10:34,999] {processor.py:153} INFO - Started process (PID=4028) to work on /opt/airflow/dags/python/Helper.py
[2022-12-14 10:10:34,999] {processor.py:641} INFO - Processing file /opt/airflow/dags/python/Helper.py for tasks to queue
[2022-12-14 10:10:35,000] {logging_mixin.py:115} INFO - [2022-12-14 10:10:35,000] {dagbag.py:507} INFO - Filling up the DagBag from /opt/airflow/dags/python/Helper.py
[2022-12-14 10:10:35,138] {processor.py:653} WARNING - No viable dags retrieved from /opt/airflow/dags/python/Helper.py
[2022-12-14 10:10:35,145] {processor.py:161} INFO - Processing /opt/airflow/dags/python/Helper.py took 0.150 seconds
[2022-12-14 10:11:05,339] {processor.py:153} INFO - Started process (PID=4085) to work on /opt/airflow/dags/python/Helper.py
[2022-12-14 10:11:05,339] {processor.py:641} INFO - Processing file /opt/airflow/dags/python/Helper.py for tasks to queue
[2022-12-14 10:11:05,340] {logging_mixin.py:115} INFO - [2022-12-14 10:11:05,340] {dagbag.py:507} INFO - Filling up the DagBag from /opt/airflow/dags/python/Helper.py
[2022-12-14 10:11:05,481] {processor.py:653} WARNING - No viable dags retrieved from /opt/airflow/dags/python/Helper.py
[2022-12-14 10:11:05,491] {processor.py:161} INFO - Processing /opt/airflow/dags/python/Helper.py took 0.153 seconds
[2022-12-14 10:11:35,596] {processor.py:153} INFO - Started process (PID=4153) to work on /opt/airflow/dags/python/Helper.py
[2022-12-14 10:11:35,596] {processor.py:641} INFO - Processing file /opt/airflow/dags/python/Helper.py for tasks to queue
[2022-12-14 10:11:35,597] {logging_mixin.py:115} INFO - [2022-12-14 10:11:35,597] {dagbag.py:507} INFO - Filling up the DagBag from /opt/airflow/dags/python/Helper.py
[2022-12-14 10:11:35,733] {processor.py:653} WARNING - No viable dags retrieved from /opt/airflow/dags/python/Helper.py
[2022-12-14 10:11:35,742] {processor.py:161} INFO - Processing /opt/airflow/dags/python/Helper.py took 0.148 seconds
[2022-12-14 10:12:05,924] {processor.py:153} INFO - Started process (PID=4220) to work on /opt/airflow/dags/python/Helper.py
[2022-12-14 10:12:05,924] {processor.py:641} INFO - Processing file /opt/airflow/dags/python/Helper.py for tasks to queue
[2022-12-14 10:12:05,925] {logging_mixin.py:115} INFO - [2022-12-14 10:12:05,924] {dagbag.py:507} INFO - Filling up the DagBag from /opt/airflow/dags/python/Helper.py
[2022-12-14 10:12:06,061] {processor.py:653} WARNING - No viable dags retrieved from /opt/airflow/dags/python/Helper.py
[2022-12-14 10:12:06,069] {processor.py:161} INFO - Processing /opt/airflow/dags/python/Helper.py took 0.147 seconds
[2022-12-14 10:12:36,229] {processor.py:153} INFO - Started process (PID=4287) to work on /opt/airflow/dags/python/Helper.py
[2022-12-14 10:12:36,229] {processor.py:641} INFO - Processing file /opt/airflow/dags/python/Helper.py for tasks to queue
[2022-12-14 10:12:36,230] {logging_mixin.py:115} INFO - [2022-12-14 10:12:36,230] {dagbag.py:507} INFO - Filling up the DagBag from /opt/airflow/dags/python/Helper.py
[2022-12-14 10:12:36,385] {processor.py:653} WARNING - No viable dags retrieved from /opt/airflow/dags/python/Helper.py
[2022-12-14 10:12:36,395] {processor.py:161} INFO - Processing /opt/airflow/dags/python/Helper.py took 0.169 seconds
[2022-12-14 10:13:06,612] {processor.py:153} INFO - Started process (PID=4344) to work on /opt/airflow/dags/python/Helper.py
[2022-12-14 10:13:06,612] {processor.py:641} INFO - Processing file /opt/airflow/dags/python/Helper.py for tasks to queue
[2022-12-14 10:13:06,612] {logging_mixin.py:115} INFO - [2022-12-14 10:13:06,612] {dagbag.py:507} INFO - Filling up the DagBag from /opt/airflow/dags/python/Helper.py
[2022-12-14 10:13:06,759] {processor.py:653} WARNING - No viable dags retrieved from /opt/airflow/dags/python/Helper.py
[2022-12-14 10:13:06,771] {processor.py:161} INFO - Processing /opt/airflow/dags/python/Helper.py took 0.161 seconds
[2022-12-14 10:13:36,863] {processor.py:153} INFO - Started process (PID=4411) to work on /opt/airflow/dags/python/Helper.py
[2022-12-14 10:13:36,863] {processor.py:641} INFO - Processing file /opt/airflow/dags/python/Helper.py for tasks to queue
[2022-12-14 10:13:36,863] {logging_mixin.py:115} INFO - [2022-12-14 10:13:36,863] {dagbag.py:507} INFO - Filling up the DagBag from /opt/airflow/dags/python/Helper.py
[2022-12-14 10:13:37,010] {processor.py:653} WARNING - No viable dags retrieved from /opt/airflow/dags/python/Helper.py
[2022-12-14 10:13:37,019] {processor.py:161} INFO - Processing /opt/airflow/dags/python/Helper.py took 0.158 seconds
[2022-12-14 10:14:07,072] {processor.py:153} INFO - Started process (PID=4478) to work on /opt/airflow/dags/python/Helper.py
[2022-12-14 10:14:07,073] {processor.py:641} INFO - Processing file /opt/airflow/dags/python/Helper.py for tasks to queue
[2022-12-14 10:14:07,073] {logging_mixin.py:115} INFO - [2022-12-14 10:14:07,073] {dagbag.py:507} INFO - Filling up the DagBag from /opt/airflow/dags/python/Helper.py
[2022-12-14 10:14:07,214] {processor.py:653} WARNING - No viable dags retrieved from /opt/airflow/dags/python/Helper.py
[2022-12-14 10:14:07,221] {processor.py:161} INFO - Processing /opt/airflow/dags/python/Helper.py took 0.151 seconds
[2022-12-14 10:14:37,271] {processor.py:153} INFO - Started process (PID=4545) to work on /opt/airflow/dags/python/Helper.py
[2022-12-14 10:14:37,272] {processor.py:641} INFO - Processing file /opt/airflow/dags/python/Helper.py for tasks to queue
[2022-12-14 10:14:37,272] {logging_mixin.py:115} INFO - [2022-12-14 10:14:37,272] {dagbag.py:507} INFO - Filling up the DagBag from /opt/airflow/dags/python/Helper.py
[2022-12-14 10:14:37,446] {processor.py:653} WARNING - No viable dags retrieved from /opt/airflow/dags/python/Helper.py
[2022-12-14 10:14:37,457] {processor.py:161} INFO - Processing /opt/airflow/dags/python/Helper.py took 0.188 seconds
[2022-12-14 10:15:07,638] {processor.py:153} INFO - Started process (PID=4601) to work on /opt/airflow/dags/python/Helper.py
[2022-12-14 10:15:07,638] {processor.py:641} INFO - Processing file /opt/airflow/dags/python/Helper.py for tasks to queue
[2022-12-14 10:15:07,639] {logging_mixin.py:115} INFO - [2022-12-14 10:15:07,639] {dagbag.py:507} INFO - Filling up the DagBag from /opt/airflow/dags/python/Helper.py
[2022-12-14 10:15:07,777] {processor.py:653} WARNING - No viable dags retrieved from /opt/airflow/dags/python/Helper.py
[2022-12-14 10:15:07,785] {processor.py:161} INFO - Processing /opt/airflow/dags/python/Helper.py took 0.149 seconds
[2022-12-14 10:15:38,021] {processor.py:153} INFO - Started process (PID=4666) to work on /opt/airflow/dags/python/Helper.py
[2022-12-14 10:15:38,022] {processor.py:641} INFO - Processing file /opt/airflow/dags/python/Helper.py for tasks to queue
[2022-12-14 10:15:38,022] {logging_mixin.py:115} INFO - [2022-12-14 10:15:38,022] {dagbag.py:507} INFO - Filling up the DagBag from /opt/airflow/dags/python/Helper.py
[2022-12-14 10:15:38,170] {processor.py:653} WARNING - No viable dags retrieved from /opt/airflow/dags/python/Helper.py
[2022-12-14 10:15:38,180] {processor.py:161} INFO - Processing /opt/airflow/dags/python/Helper.py took 0.160 seconds
[2022-12-14 10:16:08,396] {processor.py:153} INFO - Started process (PID=4733) to work on /opt/airflow/dags/python/Helper.py
[2022-12-14 10:16:08,397] {processor.py:641} INFO - Processing file /opt/airflow/dags/python/Helper.py for tasks to queue
[2022-12-14 10:16:08,397] {logging_mixin.py:115} INFO - [2022-12-14 10:16:08,397] {dagbag.py:507} INFO - Filling up the DagBag from /opt/airflow/dags/python/Helper.py
[2022-12-14 10:16:08,535] {processor.py:653} WARNING - No viable dags retrieved from /opt/airflow/dags/python/Helper.py
[2022-12-14 10:16:08,544] {processor.py:161} INFO - Processing /opt/airflow/dags/python/Helper.py took 0.150 seconds
[2022-12-14 10:16:38,676] {processor.py:153} INFO - Started process (PID=4798) to work on /opt/airflow/dags/python/Helper.py
[2022-12-14 10:16:38,677] {processor.py:641} INFO - Processing file /opt/airflow/dags/python/Helper.py for tasks to queue
[2022-12-14 10:16:38,677] {logging_mixin.py:115} INFO - [2022-12-14 10:16:38,677] {dagbag.py:507} INFO - Filling up the DagBag from /opt/airflow/dags/python/Helper.py
[2022-12-14 10:16:38,823] {processor.py:653} WARNING - No viable dags retrieved from /opt/airflow/dags/python/Helper.py
[2022-12-14 10:16:38,832] {processor.py:161} INFO - Processing /opt/airflow/dags/python/Helper.py took 0.158 seconds
[2022-12-14 10:17:08,896] {processor.py:153} INFO - Started process (PID=4855) to work on /opt/airflow/dags/python/Helper.py
[2022-12-14 10:17:08,896] {processor.py:641} INFO - Processing file /opt/airflow/dags/python/Helper.py for tasks to queue
[2022-12-14 10:17:08,896] {logging_mixin.py:115} INFO - [2022-12-14 10:17:08,896] {dagbag.py:507} INFO - Filling up the DagBag from /opt/airflow/dags/python/Helper.py
[2022-12-14 10:17:09,035] {processor.py:653} WARNING - No viable dags retrieved from /opt/airflow/dags/python/Helper.py
[2022-12-14 10:17:09,043] {processor.py:161} INFO - Processing /opt/airflow/dags/python/Helper.py took 0.149 seconds
[2022-12-14 10:17:39,197] {processor.py:153} INFO - Started process (PID=4923) to work on /opt/airflow/dags/python/Helper.py
[2022-12-14 10:17:39,198] {processor.py:641} INFO - Processing file /opt/airflow/dags/python/Helper.py for tasks to queue
[2022-12-14 10:17:39,198] {logging_mixin.py:115} INFO - [2022-12-14 10:17:39,198] {dagbag.py:507} INFO - Filling up the DagBag from /opt/airflow/dags/python/Helper.py
[2022-12-14 10:17:39,332] {processor.py:653} WARNING - No viable dags retrieved from /opt/airflow/dags/python/Helper.py
[2022-12-14 10:17:39,340] {processor.py:161} INFO - Processing /opt/airflow/dags/python/Helper.py took 0.145 seconds
[2022-12-14 10:18:09,517] {processor.py:153} INFO - Started process (PID=4990) to work on /opt/airflow/dags/python/Helper.py
[2022-12-14 10:18:09,517] {processor.py:641} INFO - Processing file /opt/airflow/dags/python/Helper.py for tasks to queue
[2022-12-14 10:18:09,518] {logging_mixin.py:115} INFO - [2022-12-14 10:18:09,518] {dagbag.py:507} INFO - Filling up the DagBag from /opt/airflow/dags/python/Helper.py
[2022-12-14 10:18:09,654] {processor.py:653} WARNING - No viable dags retrieved from /opt/airflow/dags/python/Helper.py
[2022-12-14 10:18:09,662] {processor.py:161} INFO - Processing /opt/airflow/dags/python/Helper.py took 0.148 seconds
[2022-12-14 10:18:39,877] {processor.py:153} INFO - Started process (PID=5055) to work on /opt/airflow/dags/python/Helper.py
[2022-12-14 10:18:39,879] {processor.py:641} INFO - Processing file /opt/airflow/dags/python/Helper.py for tasks to queue
[2022-12-14 10:18:39,879] {logging_mixin.py:115} INFO - [2022-12-14 10:18:39,879] {dagbag.py:507} INFO - Filling up the DagBag from /opt/airflow/dags/python/Helper.py
[2022-12-14 10:18:40,046] {processor.py:653} WARNING - No viable dags retrieved from /opt/airflow/dags/python/Helper.py
[2022-12-14 10:18:40,054] {processor.py:161} INFO - Processing /opt/airflow/dags/python/Helper.py took 0.180 seconds
[2022-12-14 10:19:10,125] {processor.py:153} INFO - Started process (PID=5112) to work on /opt/airflow/dags/python/Helper.py
[2022-12-14 10:19:10,125] {processor.py:641} INFO - Processing file /opt/airflow/dags/python/Helper.py for tasks to queue
[2022-12-14 10:19:10,126] {logging_mixin.py:115} INFO - [2022-12-14 10:19:10,126] {dagbag.py:507} INFO - Filling up the DagBag from /opt/airflow/dags/python/Helper.py
[2022-12-14 10:19:10,267] {processor.py:653} WARNING - No viable dags retrieved from /opt/airflow/dags/python/Helper.py
[2022-12-14 10:19:10,275] {processor.py:161} INFO - Processing /opt/airflow/dags/python/Helper.py took 0.152 seconds
[2022-12-14 10:19:40,482] {processor.py:153} INFO - Started process (PID=5179) to work on /opt/airflow/dags/python/Helper.py
[2022-12-14 10:19:40,483] {processor.py:641} INFO - Processing file /opt/airflow/dags/python/Helper.py for tasks to queue
[2022-12-14 10:19:40,483] {logging_mixin.py:115} INFO - [2022-12-14 10:19:40,483] {dagbag.py:507} INFO - Filling up the DagBag from /opt/airflow/dags/python/Helper.py
[2022-12-14 10:19:40,623] {processor.py:653} WARNING - No viable dags retrieved from /opt/airflow/dags/python/Helper.py
[2022-12-14 10:19:40,633] {processor.py:161} INFO - Processing /opt/airflow/dags/python/Helper.py took 0.153 seconds
[2022-12-14 10:20:10,818] {processor.py:153} INFO - Started process (PID=5245) to work on /opt/airflow/dags/python/Helper.py
[2022-12-14 10:20:10,818] {processor.py:641} INFO - Processing file /opt/airflow/dags/python/Helper.py for tasks to queue
[2022-12-14 10:20:10,819] {logging_mixin.py:115} INFO - [2022-12-14 10:20:10,819] {dagbag.py:507} INFO - Filling up the DagBag from /opt/airflow/dags/python/Helper.py
[2022-12-14 10:20:10,953] {processor.py:653} WARNING - No viable dags retrieved from /opt/airflow/dags/python/Helper.py
[2022-12-14 10:20:10,962] {processor.py:161} INFO - Processing /opt/airflow/dags/python/Helper.py took 0.146 seconds
[2022-12-14 10:20:41,091] {processor.py:153} INFO - Started process (PID=5311) to work on /opt/airflow/dags/python/Helper.py
[2022-12-14 10:20:41,092] {processor.py:641} INFO - Processing file /opt/airflow/dags/python/Helper.py for tasks to queue
[2022-12-14 10:20:41,092] {logging_mixin.py:115} INFO - [2022-12-14 10:20:41,092] {dagbag.py:507} INFO - Filling up the DagBag from /opt/airflow/dags/python/Helper.py
[2022-12-14 10:20:41,262] {processor.py:653} WARNING - No viable dags retrieved from /opt/airflow/dags/python/Helper.py
[2022-12-14 10:20:41,273] {processor.py:161} INFO - Processing /opt/airflow/dags/python/Helper.py took 0.185 seconds
[2022-12-14 10:21:11,491] {processor.py:153} INFO - Started process (PID=5369) to work on /opt/airflow/dags/python/Helper.py
[2022-12-14 10:21:11,491] {processor.py:641} INFO - Processing file /opt/airflow/dags/python/Helper.py for tasks to queue
[2022-12-14 10:21:11,492] {logging_mixin.py:115} INFO - [2022-12-14 10:21:11,491] {dagbag.py:507} INFO - Filling up the DagBag from /opt/airflow/dags/python/Helper.py
[2022-12-14 10:21:11,637] {processor.py:653} WARNING - No viable dags retrieved from /opt/airflow/dags/python/Helper.py
[2022-12-14 10:21:11,645] {processor.py:161} INFO - Processing /opt/airflow/dags/python/Helper.py took 0.157 seconds
[2022-12-14 10:21:41,816] {processor.py:153} INFO - Started process (PID=5435) to work on /opt/airflow/dags/python/Helper.py
[2022-12-14 10:21:41,817] {processor.py:641} INFO - Processing file /opt/airflow/dags/python/Helper.py for tasks to queue
[2022-12-14 10:21:41,817] {logging_mixin.py:115} INFO - [2022-12-14 10:21:41,817] {dagbag.py:507} INFO - Filling up the DagBag from /opt/airflow/dags/python/Helper.py
[2022-12-14 10:21:41,968] {processor.py:653} WARNING - No viable dags retrieved from /opt/airflow/dags/python/Helper.py
[2022-12-14 10:21:41,976] {processor.py:161} INFO - Processing /opt/airflow/dags/python/Helper.py took 0.163 seconds
[2022-12-14 10:22:12,269] {processor.py:153} INFO - Started process (PID=5502) to work on /opt/airflow/dags/python/Helper.py
[2022-12-14 10:22:12,269] {processor.py:641} INFO - Processing file /opt/airflow/dags/python/Helper.py for tasks to queue
[2022-12-14 10:22:12,270] {logging_mixin.py:115} INFO - [2022-12-14 10:22:12,270] {dagbag.py:507} INFO - Filling up the DagBag from /opt/airflow/dags/python/Helper.py
[2022-12-14 10:22:12,408] {processor.py:653} WARNING - No viable dags retrieved from /opt/airflow/dags/python/Helper.py
[2022-12-14 10:22:12,417] {processor.py:161} INFO - Processing /opt/airflow/dags/python/Helper.py took 0.150 seconds
[2022-12-14 10:22:42,541] {processor.py:153} INFO - Started process (PID=5570) to work on /opt/airflow/dags/python/Helper.py
[2022-12-14 10:22:42,542] {processor.py:641} INFO - Processing file /opt/airflow/dags/python/Helper.py for tasks to queue
[2022-12-14 10:22:42,542] {logging_mixin.py:115} INFO - [2022-12-14 10:22:42,542] {dagbag.py:507} INFO - Filling up the DagBag from /opt/airflow/dags/python/Helper.py
[2022-12-14 10:22:42,686] {processor.py:653} WARNING - No viable dags retrieved from /opt/airflow/dags/python/Helper.py
[2022-12-14 10:22:42,695] {processor.py:161} INFO - Processing /opt/airflow/dags/python/Helper.py took 0.155 seconds
[2022-12-14 10:23:12,765] {processor.py:153} INFO - Started process (PID=5626) to work on /opt/airflow/dags/python/Helper.py
[2022-12-14 10:23:12,766] {processor.py:641} INFO - Processing file /opt/airflow/dags/python/Helper.py for tasks to queue
[2022-12-14 10:23:12,766] {logging_mixin.py:115} INFO - [2022-12-14 10:23:12,766] {dagbag.py:507} INFO - Filling up the DagBag from /opt/airflow/dags/python/Helper.py
[2022-12-14 10:23:12,913] {processor.py:653} WARNING - No viable dags retrieved from /opt/airflow/dags/python/Helper.py
[2022-12-14 10:23:12,922] {processor.py:161} INFO - Processing /opt/airflow/dags/python/Helper.py took 0.160 seconds
[2022-12-14 10:23:43,102] {processor.py:153} INFO - Started process (PID=5693) to work on /opt/airflow/dags/python/Helper.py
[2022-12-14 10:23:43,103] {processor.py:641} INFO - Processing file /opt/airflow/dags/python/Helper.py for tasks to queue
[2022-12-14 10:23:43,103] {logging_mixin.py:115} INFO - [2022-12-14 10:23:43,103] {dagbag.py:507} INFO - Filling up the DagBag from /opt/airflow/dags/python/Helper.py
[2022-12-14 10:23:43,239] {processor.py:653} WARNING - No viable dags retrieved from /opt/airflow/dags/python/Helper.py
[2022-12-14 10:23:43,247] {processor.py:161} INFO - Processing /opt/airflow/dags/python/Helper.py took 0.148 seconds
[2022-12-14 10:24:13,353] {processor.py:153} INFO - Started process (PID=5759) to work on /opt/airflow/dags/python/Helper.py
[2022-12-14 10:24:13,353] {processor.py:641} INFO - Processing file /opt/airflow/dags/python/Helper.py for tasks to queue
[2022-12-14 10:24:13,353] {logging_mixin.py:115} INFO - [2022-12-14 10:24:13,353] {dagbag.py:507} INFO - Filling up the DagBag from /opt/airflow/dags/python/Helper.py
[2022-12-14 10:24:13,499] {processor.py:653} WARNING - No viable dags retrieved from /opt/airflow/dags/python/Helper.py
[2022-12-14 10:24:13,507] {processor.py:161} INFO - Processing /opt/airflow/dags/python/Helper.py took 0.157 seconds
[2022-12-14 10:24:43,775] {processor.py:153} INFO - Started process (PID=5826) to work on /opt/airflow/dags/python/Helper.py
[2022-12-14 10:24:43,776] {processor.py:641} INFO - Processing file /opt/airflow/dags/python/Helper.py for tasks to queue
[2022-12-14 10:24:43,776] {logging_mixin.py:115} INFO - [2022-12-14 10:24:43,776] {dagbag.py:507} INFO - Filling up the DagBag from /opt/airflow/dags/python/Helper.py
[2022-12-14 10:24:43,920] {processor.py:653} WARNING - No viable dags retrieved from /opt/airflow/dags/python/Helper.py
[2022-12-14 10:24:43,942] {processor.py:161} INFO - Processing /opt/airflow/dags/python/Helper.py took 0.169 seconds
[2022-12-14 10:25:14,140] {processor.py:153} INFO - Started process (PID=5882) to work on /opt/airflow/dags/python/Helper.py
[2022-12-14 10:25:14,140] {processor.py:641} INFO - Processing file /opt/airflow/dags/python/Helper.py for tasks to queue
[2022-12-14 10:25:14,140] {logging_mixin.py:115} INFO - [2022-12-14 10:25:14,140] {dagbag.py:507} INFO - Filling up the DagBag from /opt/airflow/dags/python/Helper.py
[2022-12-14 10:25:14,288] {processor.py:653} WARNING - No viable dags retrieved from /opt/airflow/dags/python/Helper.py
[2022-12-14 10:25:14,298] {processor.py:161} INFO - Processing /opt/airflow/dags/python/Helper.py took 0.160 seconds
[2022-12-14 10:25:44,459] {processor.py:153} INFO - Started process (PID=5948) to work on /opt/airflow/dags/python/Helper.py
[2022-12-14 10:25:44,461] {processor.py:641} INFO - Processing file /opt/airflow/dags/python/Helper.py for tasks to queue
[2022-12-14 10:25:44,461] {logging_mixin.py:115} INFO - [2022-12-14 10:25:44,461] {dagbag.py:507} INFO - Filling up the DagBag from /opt/airflow/dags/python/Helper.py
[2022-12-14 10:25:44,605] {processor.py:653} WARNING - No viable dags retrieved from /opt/airflow/dags/python/Helper.py
[2022-12-14 10:25:44,617] {processor.py:161} INFO - Processing /opt/airflow/dags/python/Helper.py took 0.160 seconds
[2022-12-14 10:26:14,724] {processor.py:153} INFO - Started process (PID=6015) to work on /opt/airflow/dags/python/Helper.py
[2022-12-14 10:26:14,725] {processor.py:641} INFO - Processing file /opt/airflow/dags/python/Helper.py for tasks to queue
[2022-12-14 10:26:14,725] {logging_mixin.py:115} INFO - [2022-12-14 10:26:14,725] {dagbag.py:507} INFO - Filling up the DagBag from /opt/airflow/dags/python/Helper.py
[2022-12-14 10:26:14,869] {processor.py:653} WARNING - No viable dags retrieved from /opt/airflow/dags/python/Helper.py
[2022-12-14 10:26:14,879] {processor.py:161} INFO - Processing /opt/airflow/dags/python/Helper.py took 0.156 seconds
[2022-12-14 10:26:45,182] {processor.py:153} INFO - Started process (PID=6082) to work on /opt/airflow/dags/python/Helper.py
[2022-12-14 10:26:45,183] {processor.py:641} INFO - Processing file /opt/airflow/dags/python/Helper.py for tasks to queue
[2022-12-14 10:26:45,183] {logging_mixin.py:115} INFO - [2022-12-14 10:26:45,183] {dagbag.py:507} INFO - Filling up the DagBag from /opt/airflow/dags/python/Helper.py
[2022-12-14 10:26:45,325] {processor.py:653} WARNING - No viable dags retrieved from /opt/airflow/dags/python/Helper.py
[2022-12-14 10:26:45,334] {processor.py:161} INFO - Processing /opt/airflow/dags/python/Helper.py took 0.154 seconds
[2022-12-14 10:27:15,438] {processor.py:153} INFO - Started process (PID=6138) to work on /opt/airflow/dags/python/Helper.py
[2022-12-14 10:27:15,438] {processor.py:641} INFO - Processing file /opt/airflow/dags/python/Helper.py for tasks to queue
[2022-12-14 10:27:15,438] {logging_mixin.py:115} INFO - [2022-12-14 10:27:15,438] {dagbag.py:507} INFO - Filling up the DagBag from /opt/airflow/dags/python/Helper.py
[2022-12-14 10:27:15,578] {processor.py:653} WARNING - No viable dags retrieved from /opt/airflow/dags/python/Helper.py
[2022-12-14 10:27:15,586] {processor.py:161} INFO - Processing /opt/airflow/dags/python/Helper.py took 0.151 seconds
[2022-12-14 10:27:45,811] {processor.py:153} INFO - Started process (PID=6203) to work on /opt/airflow/dags/python/Helper.py
[2022-12-14 10:27:45,812] {processor.py:641} INFO - Processing file /opt/airflow/dags/python/Helper.py for tasks to queue
[2022-12-14 10:27:45,812] {logging_mixin.py:115} INFO - [2022-12-14 10:27:45,812] {dagbag.py:507} INFO - Filling up the DagBag from /opt/airflow/dags/python/Helper.py
[2022-12-14 10:27:45,954] {processor.py:653} WARNING - No viable dags retrieved from /opt/airflow/dags/python/Helper.py
[2022-12-14 10:27:45,963] {processor.py:161} INFO - Processing /opt/airflow/dags/python/Helper.py took 0.154 seconds
[2022-12-14 10:28:16,178] {processor.py:153} INFO - Started process (PID=6268) to work on /opt/airflow/dags/python/Helper.py
[2022-12-14 10:28:16,178] {processor.py:641} INFO - Processing file /opt/airflow/dags/python/Helper.py for tasks to queue
[2022-12-14 10:28:16,178] {logging_mixin.py:115} INFO - [2022-12-14 10:28:16,178] {dagbag.py:507} INFO - Filling up the DagBag from /opt/airflow/dags/python/Helper.py
[2022-12-14 10:28:16,319] {processor.py:653} WARNING - No viable dags retrieved from /opt/airflow/dags/python/Helper.py
[2022-12-14 10:28:16,327] {processor.py:161} INFO - Processing /opt/airflow/dags/python/Helper.py took 0.151 seconds
[2022-12-14 10:28:46,486] {processor.py:153} INFO - Started process (PID=6336) to work on /opt/airflow/dags/python/Helper.py
[2022-12-14 10:28:46,487] {processor.py:641} INFO - Processing file /opt/airflow/dags/python/Helper.py for tasks to queue
[2022-12-14 10:28:46,488] {logging_mixin.py:115} INFO - [2022-12-14 10:28:46,488] {dagbag.py:507} INFO - Filling up the DagBag from /opt/airflow/dags/python/Helper.py
[2022-12-14 10:28:46,626] {processor.py:653} WARNING - No viable dags retrieved from /opt/airflow/dags/python/Helper.py
[2022-12-14 10:28:46,634] {processor.py:161} INFO - Processing /opt/airflow/dags/python/Helper.py took 0.150 seconds
[2022-12-14 10:29:16,819] {processor.py:153} INFO - Started process (PID=6393) to work on /opt/airflow/dags/python/Helper.py
[2022-12-14 10:29:16,819] {processor.py:641} INFO - Processing file /opt/airflow/dags/python/Helper.py for tasks to queue
[2022-12-14 10:29:16,820] {logging_mixin.py:115} INFO - [2022-12-14 10:29:16,820] {dagbag.py:507} INFO - Filling up the DagBag from /opt/airflow/dags/python/Helper.py
[2022-12-14 10:29:16,966] {processor.py:653} WARNING - No viable dags retrieved from /opt/airflow/dags/python/Helper.py
[2022-12-14 10:29:16,978] {processor.py:161} INFO - Processing /opt/airflow/dags/python/Helper.py took 0.161 seconds
[2022-12-14 10:29:47,257] {processor.py:153} INFO - Started process (PID=6460) to work on /opt/airflow/dags/python/Helper.py
[2022-12-14 10:29:47,259] {processor.py:641} INFO - Processing file /opt/airflow/dags/python/Helper.py for tasks to queue
[2022-12-14 10:29:47,259] {logging_mixin.py:115} INFO - [2022-12-14 10:29:47,259] {dagbag.py:507} INFO - Filling up the DagBag from /opt/airflow/dags/python/Helper.py
[2022-12-14 10:29:47,401] {processor.py:653} WARNING - No viable dags retrieved from /opt/airflow/dags/python/Helper.py
[2022-12-14 10:29:47,410] {processor.py:161} INFO - Processing /opt/airflow/dags/python/Helper.py took 0.155 seconds
[2022-12-14 10:30:17,573] {processor.py:153} INFO - Started process (PID=6526) to work on /opt/airflow/dags/python/Helper.py
[2022-12-14 10:30:17,574] {processor.py:641} INFO - Processing file /opt/airflow/dags/python/Helper.py for tasks to queue
[2022-12-14 10:30:17,574] {logging_mixin.py:115} INFO - [2022-12-14 10:30:17,574] {dagbag.py:507} INFO - Filling up the DagBag from /opt/airflow/dags/python/Helper.py
[2022-12-14 10:30:17,716] {processor.py:653} WARNING - No viable dags retrieved from /opt/airflow/dags/python/Helper.py
[2022-12-14 10:30:17,726] {processor.py:161} INFO - Processing /opt/airflow/dags/python/Helper.py took 0.155 seconds
[2022-12-14 10:30:47,962] {processor.py:153} INFO - Started process (PID=6591) to work on /opt/airflow/dags/python/Helper.py
[2022-12-14 10:30:47,963] {processor.py:641} INFO - Processing file /opt/airflow/dags/python/Helper.py for tasks to queue
[2022-12-14 10:30:47,963] {logging_mixin.py:115} INFO - [2022-12-14 10:30:47,963] {dagbag.py:507} INFO - Filling up the DagBag from /opt/airflow/dags/python/Helper.py
[2022-12-14 10:30:48,108] {processor.py:653} WARNING - No viable dags retrieved from /opt/airflow/dags/python/Helper.py
[2022-12-14 10:30:48,116] {processor.py:161} INFO - Processing /opt/airflow/dags/python/Helper.py took 0.157 seconds
[2022-12-14 10:31:18,265] {processor.py:153} INFO - Started process (PID=6649) to work on /opt/airflow/dags/python/Helper.py
[2022-12-14 10:31:18,265] {processor.py:641} INFO - Processing file /opt/airflow/dags/python/Helper.py for tasks to queue
[2022-12-14 10:31:18,265] {logging_mixin.py:115} INFO - [2022-12-14 10:31:18,265] {dagbag.py:507} INFO - Filling up the DagBag from /opt/airflow/dags/python/Helper.py
[2022-12-14 10:31:18,400] {processor.py:653} WARNING - No viable dags retrieved from /opt/airflow/dags/python/Helper.py
[2022-12-14 10:31:18,408] {processor.py:161} INFO - Processing /opt/airflow/dags/python/Helper.py took 0.146 seconds
[2022-12-14 10:31:48,566] {processor.py:153} INFO - Started process (PID=6716) to work on /opt/airflow/dags/python/Helper.py
[2022-12-14 10:31:48,567] {processor.py:641} INFO - Processing file /opt/airflow/dags/python/Helper.py for tasks to queue
[2022-12-14 10:31:48,567] {logging_mixin.py:115} INFO - [2022-12-14 10:31:48,567] {dagbag.py:507} INFO - Filling up the DagBag from /opt/airflow/dags/python/Helper.py
[2022-12-14 10:31:48,708] {processor.py:653} WARNING - No viable dags retrieved from /opt/airflow/dags/python/Helper.py
[2022-12-14 10:31:48,717] {processor.py:161} INFO - Processing /opt/airflow/dags/python/Helper.py took 0.153 seconds
[2022-12-14 10:32:18,906] {processor.py:153} INFO - Started process (PID=6783) to work on /opt/airflow/dags/python/Helper.py
[2022-12-14 10:32:18,906] {processor.py:641} INFO - Processing file /opt/airflow/dags/python/Helper.py for tasks to queue
[2022-12-14 10:32:18,906] {logging_mixin.py:115} INFO - [2022-12-14 10:32:18,906] {dagbag.py:507} INFO - Filling up the DagBag from /opt/airflow/dags/python/Helper.py
[2022-12-14 10:32:19,051] {processor.py:653} WARNING - No viable dags retrieved from /opt/airflow/dags/python/Helper.py
[2022-12-14 10:32:19,060] {processor.py:161} INFO - Processing /opt/airflow/dags/python/Helper.py took 0.157 seconds
[2022-12-14 10:32:49,216] {processor.py:153} INFO - Started process (PID=6850) to work on /opt/airflow/dags/python/Helper.py
[2022-12-14 10:32:49,217] {processor.py:641} INFO - Processing file /opt/airflow/dags/python/Helper.py for tasks to queue
[2022-12-14 10:32:49,217] {logging_mixin.py:115} INFO - [2022-12-14 10:32:49,217] {dagbag.py:507} INFO - Filling up the DagBag from /opt/airflow/dags/python/Helper.py
[2022-12-14 10:32:49,357] {processor.py:653} WARNING - No viable dags retrieved from /opt/airflow/dags/python/Helper.py
[2022-12-14 10:32:49,365] {processor.py:161} INFO - Processing /opt/airflow/dags/python/Helper.py took 0.152 seconds
[2022-12-14 10:33:19,458] {processor.py:153} INFO - Started process (PID=6907) to work on /opt/airflow/dags/python/Helper.py
[2022-12-14 10:33:19,458] {processor.py:641} INFO - Processing file /opt/airflow/dags/python/Helper.py for tasks to queue
[2022-12-14 10:33:19,459] {logging_mixin.py:115} INFO - [2022-12-14 10:33:19,459] {dagbag.py:507} INFO - Filling up the DagBag from /opt/airflow/dags/python/Helper.py
[2022-12-14 10:33:19,605] {processor.py:653} WARNING - No viable dags retrieved from /opt/airflow/dags/python/Helper.py
[2022-12-14 10:33:19,613] {processor.py:161} INFO - Processing /opt/airflow/dags/python/Helper.py took 0.158 seconds
[2022-12-14 10:33:49,777] {processor.py:153} INFO - Started process (PID=6974) to work on /opt/airflow/dags/python/Helper.py
[2022-12-14 10:33:49,778] {processor.py:641} INFO - Processing file /opt/airflow/dags/python/Helper.py for tasks to queue
[2022-12-14 10:33:49,778] {logging_mixin.py:115} INFO - [2022-12-14 10:33:49,778] {dagbag.py:507} INFO - Filling up the DagBag from /opt/airflow/dags/python/Helper.py
[2022-12-14 10:33:49,926] {processor.py:653} WARNING - No viable dags retrieved from /opt/airflow/dags/python/Helper.py
[2022-12-14 10:33:49,975] {processor.py:161} INFO - Processing /opt/airflow/dags/python/Helper.py took 0.200 seconds
[2022-12-14 10:34:20,010] {processor.py:153} INFO - Started process (PID=7039) to work on /opt/airflow/dags/python/Helper.py
[2022-12-14 10:34:20,011] {processor.py:641} INFO - Processing file /opt/airflow/dags/python/Helper.py for tasks to queue
[2022-12-14 10:34:20,011] {logging_mixin.py:115} INFO - [2022-12-14 10:34:20,011] {dagbag.py:507} INFO - Filling up the DagBag from /opt/airflow/dags/python/Helper.py
[2022-12-14 10:34:20,162] {processor.py:653} WARNING - No viable dags retrieved from /opt/airflow/dags/python/Helper.py
[2022-12-14 10:34:20,171] {processor.py:161} INFO - Processing /opt/airflow/dags/python/Helper.py took 0.163 seconds
[2022-12-14 10:34:50,349] {processor.py:153} INFO - Started process (PID=7105) to work on /opt/airflow/dags/python/Helper.py
[2022-12-14 10:34:50,350] {processor.py:641} INFO - Processing file /opt/airflow/dags/python/Helper.py for tasks to queue
[2022-12-14 10:34:50,350] {logging_mixin.py:115} INFO - [2022-12-14 10:34:50,350] {dagbag.py:507} INFO - Filling up the DagBag from /opt/airflow/dags/python/Helper.py
[2022-12-14 10:34:50,498] {processor.py:653} WARNING - No viable dags retrieved from /opt/airflow/dags/python/Helper.py
[2022-12-14 10:34:50,507] {processor.py:161} INFO - Processing /opt/airflow/dags/python/Helper.py took 0.160 seconds
[2022-12-14 10:35:20,815] {processor.py:153} INFO - Started process (PID=7163) to work on /opt/airflow/dags/python/Helper.py
[2022-12-14 10:35:20,815] {processor.py:641} INFO - Processing file /opt/airflow/dags/python/Helper.py for tasks to queue
[2022-12-14 10:35:20,816] {logging_mixin.py:115} INFO - [2022-12-14 10:35:20,816] {dagbag.py:507} INFO - Filling up the DagBag from /opt/airflow/dags/python/Helper.py
[2022-12-14 10:35:20,953] {processor.py:653} WARNING - No viable dags retrieved from /opt/airflow/dags/python/Helper.py
[2022-12-14 10:35:20,961] {processor.py:161} INFO - Processing /opt/airflow/dags/python/Helper.py took 0.149 seconds
[2022-12-14 10:35:51,086] {processor.py:153} INFO - Started process (PID=7229) to work on /opt/airflow/dags/python/Helper.py
[2022-12-14 10:35:51,086] {processor.py:641} INFO - Processing file /opt/airflow/dags/python/Helper.py for tasks to queue
[2022-12-14 10:35:51,086] {logging_mixin.py:115} INFO - [2022-12-14 10:35:51,086] {dagbag.py:507} INFO - Filling up the DagBag from /opt/airflow/dags/python/Helper.py
[2022-12-14 10:35:51,226] {processor.py:653} WARNING - No viable dags retrieved from /opt/airflow/dags/python/Helper.py
[2022-12-14 10:35:51,235] {processor.py:161} INFO - Processing /opt/airflow/dags/python/Helper.py took 0.151 seconds
[2022-12-14 10:36:21,423] {processor.py:153} INFO - Started process (PID=7295) to work on /opt/airflow/dags/python/Helper.py
[2022-12-14 10:36:21,424] {processor.py:641} INFO - Processing file /opt/airflow/dags/python/Helper.py for tasks to queue
[2022-12-14 10:36:21,424] {logging_mixin.py:115} INFO - [2022-12-14 10:36:21,424] {dagbag.py:507} INFO - Filling up the DagBag from /opt/airflow/dags/python/Helper.py
[2022-12-14 10:36:21,569] {processor.py:653} WARNING - No viable dags retrieved from /opt/airflow/dags/python/Helper.py
[2022-12-14 10:36:21,577] {processor.py:161} INFO - Processing /opt/airflow/dags/python/Helper.py took 0.156 seconds
[2022-12-14 10:36:51,772] {processor.py:153} INFO - Started process (PID=7362) to work on /opt/airflow/dags/python/Helper.py
[2022-12-14 10:36:51,773] {processor.py:641} INFO - Processing file /opt/airflow/dags/python/Helper.py for tasks to queue
[2022-12-14 10:36:51,773] {logging_mixin.py:115} INFO - [2022-12-14 10:36:51,773] {dagbag.py:507} INFO - Filling up the DagBag from /opt/airflow/dags/python/Helper.py
[2022-12-14 10:36:51,917] {processor.py:653} WARNING - No viable dags retrieved from /opt/airflow/dags/python/Helper.py
[2022-12-14 10:36:51,926] {processor.py:161} INFO - Processing /opt/airflow/dags/python/Helper.py took 0.155 seconds
[2022-12-14 10:37:22,171] {processor.py:153} INFO - Started process (PID=7419) to work on /opt/airflow/dags/python/Helper.py
[2022-12-14 10:37:22,172] {processor.py:641} INFO - Processing file /opt/airflow/dags/python/Helper.py for tasks to queue
[2022-12-14 10:37:22,172] {logging_mixin.py:115} INFO - [2022-12-14 10:37:22,172] {dagbag.py:507} INFO - Filling up the DagBag from /opt/airflow/dags/python/Helper.py
[2022-12-14 10:37:22,317] {processor.py:653} WARNING - No viable dags retrieved from /opt/airflow/dags/python/Helper.py
[2022-12-14 10:37:22,325] {processor.py:161} INFO - Processing /opt/airflow/dags/python/Helper.py took 0.156 seconds
[2022-12-14 10:37:52,406] {processor.py:153} INFO - Started process (PID=7486) to work on /opt/airflow/dags/python/Helper.py
[2022-12-14 10:37:52,407] {processor.py:641} INFO - Processing file /opt/airflow/dags/python/Helper.py for tasks to queue
[2022-12-14 10:37:52,407] {logging_mixin.py:115} INFO - [2022-12-14 10:37:52,407] {dagbag.py:507} INFO - Filling up the DagBag from /opt/airflow/dags/python/Helper.py
[2022-12-14 10:37:52,546] {processor.py:653} WARNING - No viable dags retrieved from /opt/airflow/dags/python/Helper.py
[2022-12-14 10:37:52,553] {processor.py:161} INFO - Processing /opt/airflow/dags/python/Helper.py took 0.150 seconds
[2022-12-14 10:38:22,729] {processor.py:153} INFO - Started process (PID=7553) to work on /opt/airflow/dags/python/Helper.py
[2022-12-14 10:38:22,730] {processor.py:641} INFO - Processing file /opt/airflow/dags/python/Helper.py for tasks to queue
[2022-12-14 10:38:22,730] {logging_mixin.py:115} INFO - [2022-12-14 10:38:22,730] {dagbag.py:507} INFO - Filling up the DagBag from /opt/airflow/dags/python/Helper.py
[2022-12-14 10:38:22,877] {processor.py:653} WARNING - No viable dags retrieved from /opt/airflow/dags/python/Helper.py
[2022-12-14 10:38:22,886] {processor.py:161} INFO - Processing /opt/airflow/dags/python/Helper.py took 0.159 seconds
[2022-12-14 10:38:53,094] {processor.py:153} INFO - Started process (PID=7618) to work on /opt/airflow/dags/python/Helper.py
[2022-12-14 10:38:53,094] {processor.py:641} INFO - Processing file /opt/airflow/dags/python/Helper.py for tasks to queue
[2022-12-14 10:38:53,095] {logging_mixin.py:115} INFO - [2022-12-14 10:38:53,095] {dagbag.py:507} INFO - Filling up the DagBag from /opt/airflow/dags/python/Helper.py
[2022-12-14 10:38:53,254] {processor.py:653} WARNING - No viable dags retrieved from /opt/airflow/dags/python/Helper.py
[2022-12-14 10:38:53,266] {processor.py:161} INFO - Processing /opt/airflow/dags/python/Helper.py took 0.175 seconds
[2022-12-14 10:39:23,296] {processor.py:153} INFO - Started process (PID=7674) to work on /opt/airflow/dags/python/Helper.py
[2022-12-14 10:39:23,296] {processor.py:641} INFO - Processing file /opt/airflow/dags/python/Helper.py for tasks to queue
[2022-12-14 10:39:23,297] {logging_mixin.py:115} INFO - [2022-12-14 10:39:23,297] {dagbag.py:507} INFO - Filling up the DagBag from /opt/airflow/dags/python/Helper.py
[2022-12-14 10:39:23,444] {processor.py:653} WARNING - No viable dags retrieved from /opt/airflow/dags/python/Helper.py
[2022-12-14 10:39:23,451] {processor.py:161} INFO - Processing /opt/airflow/dags/python/Helper.py took 0.158 seconds
[2022-12-14 10:39:53,661] {processor.py:153} INFO - Started process (PID=7741) to work on /opt/airflow/dags/python/Helper.py
[2022-12-14 10:39:53,662] {processor.py:641} INFO - Processing file /opt/airflow/dags/python/Helper.py for tasks to queue
[2022-12-14 10:39:53,662] {logging_mixin.py:115} INFO - [2022-12-14 10:39:53,662] {dagbag.py:507} INFO - Filling up the DagBag from /opt/airflow/dags/python/Helper.py
[2022-12-14 10:39:53,837] {processor.py:653} WARNING - No viable dags retrieved from /opt/airflow/dags/python/Helper.py
[2022-12-14 10:39:53,846] {processor.py:161} INFO - Processing /opt/airflow/dags/python/Helper.py took 0.186 seconds
[2022-12-14 10:40:24,036] {processor.py:153} INFO - Started process (PID=7806) to work on /opt/airflow/dags/python/Helper.py
[2022-12-14 10:40:24,037] {processor.py:641} INFO - Processing file /opt/airflow/dags/python/Helper.py for tasks to queue
[2022-12-14 10:40:24,037] {logging_mixin.py:115} INFO - [2022-12-14 10:40:24,037] {dagbag.py:507} INFO - Filling up the DagBag from /opt/airflow/dags/python/Helper.py
[2022-12-14 10:40:24,178] {processor.py:653} WARNING - No viable dags retrieved from /opt/airflow/dags/python/Helper.py
[2022-12-14 10:40:24,187] {processor.py:161} INFO - Processing /opt/airflow/dags/python/Helper.py took 0.153 seconds
[2022-12-14 10:40:54,346] {processor.py:153} INFO - Started process (PID=7872) to work on /opt/airflow/dags/python/Helper.py
[2022-12-14 10:40:54,347] {processor.py:641} INFO - Processing file /opt/airflow/dags/python/Helper.py for tasks to queue
[2022-12-14 10:40:54,347] {logging_mixin.py:115} INFO - [2022-12-14 10:40:54,347] {dagbag.py:507} INFO - Filling up the DagBag from /opt/airflow/dags/python/Helper.py
[2022-12-14 10:40:54,505] {processor.py:653} WARNING - No viable dags retrieved from /opt/airflow/dags/python/Helper.py
[2022-12-14 10:40:54,513] {processor.py:161} INFO - Processing /opt/airflow/dags/python/Helper.py took 0.169 seconds
[2022-12-14 10:41:24,718] {processor.py:153} INFO - Started process (PID=7929) to work on /opt/airflow/dags/python/Helper.py
[2022-12-14 10:41:24,718] {processor.py:641} INFO - Processing file /opt/airflow/dags/python/Helper.py for tasks to queue
[2022-12-14 10:41:24,719] {logging_mixin.py:115} INFO - [2022-12-14 10:41:24,719] {dagbag.py:507} INFO - Filling up the DagBag from /opt/airflow/dags/python/Helper.py
[2022-12-14 10:41:24,862] {processor.py:653} WARNING - No viable dags retrieved from /opt/airflow/dags/python/Helper.py
[2022-12-14 10:41:24,870] {processor.py:161} INFO - Processing /opt/airflow/dags/python/Helper.py took 0.155 seconds
[2022-12-14 10:41:55,156] {processor.py:153} INFO - Started process (PID=7996) to work on /opt/airflow/dags/python/Helper.py
[2022-12-14 10:41:55,156] {processor.py:641} INFO - Processing file /opt/airflow/dags/python/Helper.py for tasks to queue
[2022-12-14 10:41:55,156] {logging_mixin.py:115} INFO - [2022-12-14 10:41:55,156] {dagbag.py:507} INFO - Filling up the DagBag from /opt/airflow/dags/python/Helper.py
[2022-12-14 10:41:55,304] {processor.py:653} WARNING - No viable dags retrieved from /opt/airflow/dags/python/Helper.py
[2022-12-14 10:41:55,313] {processor.py:161} INFO - Processing /opt/airflow/dags/python/Helper.py took 0.159 seconds
[2022-12-14 10:42:25,555] {processor.py:153} INFO - Started process (PID=8064) to work on /opt/airflow/dags/python/Helper.py
[2022-12-14 10:42:25,555] {processor.py:641} INFO - Processing file /opt/airflow/dags/python/Helper.py for tasks to queue
[2022-12-14 10:42:25,556] {logging_mixin.py:115} INFO - [2022-12-14 10:42:25,556] {dagbag.py:507} INFO - Filling up the DagBag from /opt/airflow/dags/python/Helper.py
[2022-12-14 10:42:25,699] {processor.py:653} WARNING - No viable dags retrieved from /opt/airflow/dags/python/Helper.py
[2022-12-14 10:42:25,707] {processor.py:161} INFO - Processing /opt/airflow/dags/python/Helper.py took 0.155 seconds
[2022-12-14 10:42:30,585] {processor.py:153} INFO - Started process (PID=8066) to work on /opt/airflow/dags/python/Helper.py
[2022-12-14 10:42:30,585] {processor.py:641} INFO - Processing file /opt/airflow/dags/python/Helper.py for tasks to queue
[2022-12-14 10:42:30,585] {logging_mixin.py:115} INFO - [2022-12-14 10:42:30,585] {dagbag.py:507} INFO - Filling up the DagBag from /opt/airflow/dags/python/Helper.py
[2022-12-14 10:42:30,731] {processor.py:653} WARNING - No viable dags retrieved from /opt/airflow/dags/python/Helper.py
[2022-12-14 10:42:30,740] {processor.py:161} INFO - Processing /opt/airflow/dags/python/Helper.py took 0.158 seconds
[2022-12-14 10:43:00,948] {processor.py:153} INFO - Started process (PID=8133) to work on /opt/airflow/dags/python/Helper.py
[2022-12-14 10:43:00,949] {processor.py:641} INFO - Processing file /opt/airflow/dags/python/Helper.py for tasks to queue
[2022-12-14 10:43:00,949] {logging_mixin.py:115} INFO - [2022-12-14 10:43:00,949] {dagbag.py:507} INFO - Filling up the DagBag from /opt/airflow/dags/python/Helper.py
[2022-12-14 10:43:01,099] {processor.py:653} WARNING - No viable dags retrieved from /opt/airflow/dags/python/Helper.py
[2022-12-14 10:43:01,109] {processor.py:161} INFO - Processing /opt/airflow/dags/python/Helper.py took 0.163 seconds
[2022-12-14 10:43:31,305] {processor.py:153} INFO - Started process (PID=8200) to work on /opt/airflow/dags/python/Helper.py
[2022-12-14 10:43:31,305] {processor.py:641} INFO - Processing file /opt/airflow/dags/python/Helper.py for tasks to queue
[2022-12-14 10:43:31,306] {logging_mixin.py:115} INFO - [2022-12-14 10:43:31,306] {dagbag.py:507} INFO - Filling up the DagBag from /opt/airflow/dags/python/Helper.py
[2022-12-14 10:43:31,455] {processor.py:653} WARNING - No viable dags retrieved from /opt/airflow/dags/python/Helper.py
[2022-12-14 10:43:31,464] {processor.py:161} INFO - Processing /opt/airflow/dags/python/Helper.py took 0.161 seconds
[2022-12-14 10:44:01,659] {processor.py:153} INFO - Started process (PID=8268) to work on /opt/airflow/dags/python/Helper.py
[2022-12-14 10:44:01,660] {processor.py:641} INFO - Processing file /opt/airflow/dags/python/Helper.py for tasks to queue
[2022-12-14 10:44:01,661] {logging_mixin.py:115} INFO - [2022-12-14 10:44:01,661] {dagbag.py:507} INFO - Filling up the DagBag from /opt/airflow/dags/python/Helper.py
[2022-12-14 10:44:01,803] {processor.py:653} WARNING - No viable dags retrieved from /opt/airflow/dags/python/Helper.py
[2022-12-14 10:44:01,813] {processor.py:161} INFO - Processing /opt/airflow/dags/python/Helper.py took 0.157 seconds
[2022-12-14 10:44:13,967] {processor.py:153} INFO - Started process (PID=8316) to work on /opt/airflow/dags/python/Helper.py
[2022-12-14 10:44:13,967] {processor.py:641} INFO - Processing file /opt/airflow/dags/python/Helper.py for tasks to queue
[2022-12-14 10:44:13,967] {logging_mixin.py:115} INFO - [2022-12-14 10:44:13,967] {dagbag.py:507} INFO - Filling up the DagBag from /opt/airflow/dags/python/Helper.py
[2022-12-14 10:44:14,113] {processor.py:653} WARNING - No viable dags retrieved from /opt/airflow/dags/python/Helper.py
[2022-12-14 10:44:14,122] {processor.py:161} INFO - Processing /opt/airflow/dags/python/Helper.py took 0.158 seconds
[2022-12-14 10:44:44,430] {processor.py:153} INFO - Started process (PID=8381) to work on /opt/airflow/dags/python/Helper.py
[2022-12-14 10:44:44,431] {processor.py:641} INFO - Processing file /opt/airflow/dags/python/Helper.py for tasks to queue
[2022-12-14 10:44:44,431] {logging_mixin.py:115} INFO - [2022-12-14 10:44:44,431] {dagbag.py:507} INFO - Filling up the DagBag from /opt/airflow/dags/python/Helper.py
[2022-12-14 10:44:44,602] {processor.py:653} WARNING - No viable dags retrieved from /opt/airflow/dags/python/Helper.py
[2022-12-14 10:44:44,611] {processor.py:161} INFO - Processing /opt/airflow/dags/python/Helper.py took 0.182 seconds
