[2022-12-19 17:19:30,488] {taskinstance.py:1159} INFO - Dependencies all met for <TaskInstance: load_rates.dag5_load_to_google_storage manual__2022-12-19T17:19:12.086464+00:00 [queued]>
[2022-12-19 17:19:30,497] {taskinstance.py:1159} INFO - Dependencies all met for <TaskInstance: load_rates.dag5_load_to_google_storage manual__2022-12-19T17:19:12.086464+00:00 [queued]>
[2022-12-19 17:19:30,497] {taskinstance.py:1356} INFO - 
--------------------------------------------------------------------------------
[2022-12-19 17:19:30,497] {taskinstance.py:1357} INFO - Starting attempt 1 of 1
[2022-12-19 17:19:30,497] {taskinstance.py:1358} INFO - 
--------------------------------------------------------------------------------
[2022-12-19 17:19:30,508] {taskinstance.py:1377} INFO - Executing <Task(_PythonDecoratedOperator): dag5_load_to_google_storage> on 2022-12-19 17:19:12.086464+00:00
[2022-12-19 17:19:30,514] {standard_task_runner.py:52} INFO - Started process 407 to run task
[2022-12-19 17:19:30,516] {standard_task_runner.py:79} INFO - Running: ['***', 'tasks', 'run', 'load_rates', 'dag5_load_to_google_storage', 'manual__2022-12-19T17:19:12.086464+00:00', '--job-id', '15', '--raw', '--subdir', 'DAGS_FOLDER/extract_data.py', '--cfg-path', '/tmp/tmp730e8ojv', '--error-file', '/tmp/tmpndc9i1kl']
[2022-12-19 17:19:30,517] {standard_task_runner.py:80} INFO - Job 15: Subtask dag5_load_to_google_storage
[2022-12-19 17:19:30,553] {task_command.py:369} INFO - Running <TaskInstance: load_rates.dag5_load_to_google_storage manual__2022-12-19T17:19:12.086464+00:00 [running]> on host 9dc57627dd68
[2022-12-19 17:19:30,610] {taskinstance.py:1571} INFO - Exporting the following env vars:
AIRFLOW_CTX_DAG_OWNER=***
AIRFLOW_CTX_DAG_ID=load_rates
AIRFLOW_CTX_TASK_ID=dag5_load_to_google_storage
AIRFLOW_CTX_EXECUTION_DATE=2022-12-19T17:19:12.086464+00:00
AIRFLOW_CTX_TRY_NUMBER=1
AIRFLOW_CTX_DAG_RUN_ID=manual__2022-12-19T17:19:12.086464+00:00
[2022-12-19 17:19:31,466] {python.py:173} INFO - Done. Returned value was: None
[2022-12-19 17:19:31,478] {taskinstance.py:1400} INFO - Marking task as SUCCESS. dag_id=load_rates, task_id=dag5_load_to_google_storage, execution_date=20221219T171912, start_date=20221219T171930, end_date=20221219T171931
[2022-12-19 17:19:31,531] {local_task_job.py:156} INFO - Task exited with return code 0
[2022-12-19 17:19:31,554] {local_task_job.py:273} INFO - 0 downstream tasks scheduled from follow-on schedule check
