[2022-12-29 16:39:28,453] {taskinstance.py:1159} INFO - Dependencies all met for <TaskInstance: load_rates.dag4_load_to_google_storage manual__2022-12-29T16:39:19.249478+00:00 [queued]>
[2022-12-29 16:39:28,459] {taskinstance.py:1159} INFO - Dependencies all met for <TaskInstance: load_rates.dag4_load_to_google_storage manual__2022-12-29T16:39:19.249478+00:00 [queued]>
[2022-12-29 16:39:28,459] {taskinstance.py:1356} INFO - 
--------------------------------------------------------------------------------
[2022-12-29 16:39:28,459] {taskinstance.py:1357} INFO - Starting attempt 1 of 1
[2022-12-29 16:39:28,459] {taskinstance.py:1358} INFO - 
--------------------------------------------------------------------------------
[2022-12-29 16:39:28,470] {taskinstance.py:1377} INFO - Executing <Task(_PythonDecoratedOperator): dag4_load_to_google_storage> on 2022-12-29 16:39:19.249478+00:00
[2022-12-29 16:39:28,474] {standard_task_runner.py:52} INFO - Started process 15321 to run task
[2022-12-29 16:39:28,477] {standard_task_runner.py:79} INFO - Running: ['***', 'tasks', 'run', 'load_rates', 'dag4_load_to_google_storage', 'manual__2022-12-29T16:39:19.249478+00:00', '--job-id', '52', '--raw', '--subdir', 'DAGS_FOLDER/extract_data.py', '--cfg-path', '/tmp/tmpuj5hvxs5', '--error-file', '/tmp/tmpe9r_wp13']
[2022-12-29 16:39:28,477] {standard_task_runner.py:80} INFO - Job 52: Subtask dag4_load_to_google_storage
[2022-12-29 16:39:28,517] {task_command.py:369} INFO - Running <TaskInstance: load_rates.dag4_load_to_google_storage manual__2022-12-29T16:39:19.249478+00:00 [running]> on host 99c1092660ad
[2022-12-29 16:39:28,568] {taskinstance.py:1571} INFO - Exporting the following env vars:
AIRFLOW_CTX_DAG_OWNER=***
AIRFLOW_CTX_DAG_ID=load_rates
AIRFLOW_CTX_TASK_ID=dag4_load_to_google_storage
AIRFLOW_CTX_EXECUTION_DATE=2022-12-29T16:39:19.249478+00:00
AIRFLOW_CTX_TRY_NUMBER=1
AIRFLOW_CTX_DAG_RUN_ID=manual__2022-12-29T16:39:19.249478+00:00
[2022-12-29 16:39:29,628] {python.py:173} INFO - Done. Returned value was: None
[2022-12-29 16:39:29,638] {taskinstance.py:1400} INFO - Marking task as SUCCESS. dag_id=load_rates, task_id=dag4_load_to_google_storage, execution_date=20221229T163919, start_date=20221229T163928, end_date=20221229T163929
[2022-12-29 16:39:29,693] {local_task_job.py:156} INFO - Task exited with return code 0
[2022-12-29 16:39:29,719] {local_task_job.py:273} INFO - 1 downstream tasks scheduled from follow-on schedule check
