[2022-12-19 17:19:28,276] {taskinstance.py:1159} INFO - Dependencies all met for <TaskInstance: load_rates.dag3_create_dataframe manual__2022-12-19T17:19:12.086464+00:00 [queued]>
[2022-12-19 17:19:28,283] {taskinstance.py:1159} INFO - Dependencies all met for <TaskInstance: load_rates.dag3_create_dataframe manual__2022-12-19T17:19:12.086464+00:00 [queued]>
[2022-12-19 17:19:28,283] {taskinstance.py:1356} INFO - 
--------------------------------------------------------------------------------
[2022-12-19 17:19:28,283] {taskinstance.py:1357} INFO - Starting attempt 1 of 1
[2022-12-19 17:19:28,283] {taskinstance.py:1358} INFO - 
--------------------------------------------------------------------------------
[2022-12-19 17:19:28,294] {taskinstance.py:1377} INFO - Executing <Task(_PythonDecoratedOperator): dag3_create_dataframe> on 2022-12-19 17:19:12.086464+00:00
[2022-12-19 17:19:28,300] {standard_task_runner.py:52} INFO - Started process 401 to run task
[2022-12-19 17:19:28,302] {standard_task_runner.py:79} INFO - Running: ['***', 'tasks', 'run', 'load_rates', 'dag3_create_dataframe', 'manual__2022-12-19T17:19:12.086464+00:00', '--job-id', '13', '--raw', '--subdir', 'DAGS_FOLDER/extract_data.py', '--cfg-path', '/tmp/tmpo6fcb7fu', '--error-file', '/tmp/tmpssub0kjv']
[2022-12-19 17:19:28,302] {standard_task_runner.py:80} INFO - Job 13: Subtask dag3_create_dataframe
[2022-12-19 17:19:28,341] {task_command.py:369} INFO - Running <TaskInstance: load_rates.dag3_create_dataframe manual__2022-12-19T17:19:12.086464+00:00 [running]> on host 9dc57627dd68
[2022-12-19 17:19:28,410] {taskinstance.py:1571} INFO - Exporting the following env vars:
AIRFLOW_CTX_DAG_OWNER=***
AIRFLOW_CTX_DAG_ID=load_rates
AIRFLOW_CTX_TASK_ID=dag3_create_dataframe
AIRFLOW_CTX_EXECUTION_DATE=2022-12-19T17:19:12.086464+00:00
AIRFLOW_CTX_TRY_NUMBER=1
AIRFLOW_CTX_DAG_RUN_ID=manual__2022-12-19T17:19:12.086464+00:00
[2022-12-19 17:19:28,420] {python.py:173} INFO - Done. Returned value was: None
[2022-12-19 17:19:28,473] {taskinstance.py:1400} INFO - Marking task as SUCCESS. dag_id=load_rates, task_id=dag3_create_dataframe, execution_date=20221219T171912, start_date=20221219T171928, end_date=20221219T171928
[2022-12-19 17:19:28,514] {local_task_job.py:156} INFO - Task exited with return code 0
[2022-12-19 17:19:28,549] {local_task_job.py:273} INFO - 1 downstream tasks scheduled from follow-on schedule check
