[2022-12-14 10:40:54,211] {taskinstance.py:1159} INFO - Dependencies all met for <TaskInstance: load_rates.dag3_create_dataframe manual__2022-12-14T10:40:49.914551+00:00 [queued]>
[2022-12-14 10:40:54,217] {taskinstance.py:1159} INFO - Dependencies all met for <TaskInstance: load_rates.dag3_create_dataframe manual__2022-12-14T10:40:49.914551+00:00 [queued]>
[2022-12-14 10:40:54,217] {taskinstance.py:1356} INFO - 
--------------------------------------------------------------------------------
[2022-12-14 10:40:54,217] {taskinstance.py:1357} INFO - Starting attempt 1 of 1
[2022-12-14 10:40:54,217] {taskinstance.py:1358} INFO - 
--------------------------------------------------------------------------------
[2022-12-14 10:40:54,225] {taskinstance.py:1377} INFO - Executing <Task(_PythonDecoratedOperator): dag3_create_dataframe> on 2022-12-14 10:40:49.914551+00:00
[2022-12-14 10:40:54,229] {standard_task_runner.py:52} INFO - Started process 3235 to run task
[2022-12-14 10:40:54,231] {standard_task_runner.py:79} INFO - Running: ['***', 'tasks', 'run', 'load_rates', 'dag3_create_dataframe', 'manual__2022-12-14T10:40:49.914551+00:00', '--job-id', '77', '--raw', '--subdir', 'DAGS_FOLDER/extract_data.py', '--cfg-path', '/tmp/tmphz18ohzg', '--error-file', '/tmp/tmp9ixji5nv']
[2022-12-14 10:40:54,232] {standard_task_runner.py:80} INFO - Job 77: Subtask dag3_create_dataframe
[2022-12-14 10:40:54,269] {task_command.py:369} INFO - Running <TaskInstance: load_rates.dag3_create_dataframe manual__2022-12-14T10:40:49.914551+00:00 [running]> on host a25e5c0223cd
[2022-12-14 10:40:54,325] {taskinstance.py:1571} INFO - Exporting the following env vars:
AIRFLOW_CTX_DAG_OWNER=***
AIRFLOW_CTX_DAG_ID=load_rates
AIRFLOW_CTX_TASK_ID=dag3_create_dataframe
AIRFLOW_CTX_EXECUTION_DATE=2022-12-14T10:40:49.914551+00:00
AIRFLOW_CTX_TRY_NUMBER=1
AIRFLOW_CTX_DAG_RUN_ID=manual__2022-12-14T10:40:49.914551+00:00
[2022-12-14 10:40:54,335] {python.py:173} INFO - Done. Returned value was: None
[2022-12-14 10:40:54,343] {taskinstance.py:1400} INFO - Marking task as SUCCESS. dag_id=load_rates, task_id=dag3_create_dataframe, execution_date=20221214T104049, start_date=20221214T104054, end_date=20221214T104054
[2022-12-14 10:40:54,363] {local_task_job.py:156} INFO - Task exited with return code 0
[2022-12-14 10:40:54,387] {local_task_job.py:273} INFO - 1 downstream tasks scheduled from follow-on schedule check
