[2022-12-29 16:39:28,362] {taskinstance.py:1159} INFO - Dependencies all met for <TaskInstance: load_rates.dag5_process_rates manual__2022-12-29T16:39:19.249478+00:00 [queued]>
[2022-12-29 16:39:28,369] {taskinstance.py:1159} INFO - Dependencies all met for <TaskInstance: load_rates.dag5_process_rates manual__2022-12-29T16:39:19.249478+00:00 [queued]>
[2022-12-29 16:39:28,370] {taskinstance.py:1356} INFO - 
--------------------------------------------------------------------------------
[2022-12-29 16:39:28,370] {taskinstance.py:1357} INFO - Starting attempt 1 of 1
[2022-12-29 16:39:28,370] {taskinstance.py:1358} INFO - 
--------------------------------------------------------------------------------
[2022-12-29 16:39:28,380] {taskinstance.py:1377} INFO - Executing <Task(_PythonDecoratedOperator): dag5_process_rates> on 2022-12-29 16:39:19.249478+00:00
[2022-12-29 16:39:28,384] {standard_task_runner.py:52} INFO - Started process 15320 to run task
[2022-12-29 16:39:28,386] {standard_task_runner.py:79} INFO - Running: ['***', 'tasks', 'run', 'load_rates', 'dag5_process_rates', 'manual__2022-12-29T16:39:19.249478+00:00', '--job-id', '51', '--raw', '--subdir', 'DAGS_FOLDER/extract_data.py', '--cfg-path', '/tmp/tmphc4ryzzs', '--error-file', '/tmp/tmpvo1vizag']
[2022-12-29 16:39:28,387] {standard_task_runner.py:80} INFO - Job 51: Subtask dag5_process_rates
[2022-12-29 16:39:28,427] {task_command.py:369} INFO - Running <TaskInstance: load_rates.dag5_process_rates manual__2022-12-29T16:39:19.249478+00:00 [running]> on host 99c1092660ad
[2022-12-29 16:39:28,479] {taskinstance.py:1571} INFO - Exporting the following env vars:
AIRFLOW_CTX_DAG_OWNER=***
AIRFLOW_CTX_DAG_ID=load_rates
AIRFLOW_CTX_TASK_ID=dag5_process_rates
AIRFLOW_CTX_EXECUTION_DATE=2022-12-29T16:39:19.249478+00:00
AIRFLOW_CTX_TRY_NUMBER=1
AIRFLOW_CTX_DAG_RUN_ID=manual__2022-12-29T16:39:19.249478+00:00
[2022-12-29 16:39:28,547] {python.py:173} INFO - Done. Returned value was: None
[2022-12-29 16:39:28,556] {taskinstance.py:1400} INFO - Marking task as SUCCESS. dag_id=load_rates, task_id=dag5_process_rates, execution_date=20221229T163919, start_date=20221229T163928, end_date=20221229T163928
[2022-12-29 16:39:28,599] {local_task_job.py:156} INFO - Task exited with return code 0
[2022-12-29 16:39:28,624] {local_task_job.py:273} INFO - 0 downstream tasks scheduled from follow-on schedule check
