[2022-12-12 11:40:51,894] {processor.py:153} INFO - Started process (PID=41) to work on /opt/airflow/dags/load_rates.py
[2022-12-12 11:40:51,895] {processor.py:641} INFO - Processing file /opt/airflow/dags/load_rates.py for tasks to queue
[2022-12-12 11:40:51,895] {logging_mixin.py:115} INFO - [2022-12-12 11:40:51,895] {dagbag.py:507} INFO - Filling up the DagBag from /opt/airflow/dags/load_rates.py
[2022-12-12 11:40:51,898] {processor.py:653} WARNING - No viable dags retrieved from /opt/airflow/dags/load_rates.py
[2022-12-12 11:40:51,914] {processor.py:161} INFO - Processing /opt/airflow/dags/load_rates.py took 0.022 seconds
[2022-12-12 11:41:22,853] {processor.py:153} INFO - Started process (PID=105) to work on /opt/airflow/dags/load_rates.py
[2022-12-12 11:41:22,854] {processor.py:641} INFO - Processing file /opt/airflow/dags/load_rates.py for tasks to queue
[2022-12-12 11:41:22,855] {logging_mixin.py:115} INFO - [2022-12-12 11:41:22,854] {dagbag.py:507} INFO - Filling up the DagBag from /opt/airflow/dags/load_rates.py
[2022-12-12 11:41:22,857] {processor.py:653} WARNING - No viable dags retrieved from /opt/airflow/dags/load_rates.py
[2022-12-12 11:41:22,870] {processor.py:161} INFO - Processing /opt/airflow/dags/load_rates.py took 0.020 seconds
[2022-12-12 11:41:53,199] {processor.py:153} INFO - Started process (PID=168) to work on /opt/airflow/dags/load_rates.py
[2022-12-12 11:41:53,199] {processor.py:641} INFO - Processing file /opt/airflow/dags/load_rates.py for tasks to queue
[2022-12-12 11:41:53,200] {logging_mixin.py:115} INFO - [2022-12-12 11:41:53,200] {dagbag.py:507} INFO - Filling up the DagBag from /opt/airflow/dags/load_rates.py
[2022-12-12 11:41:53,202] {processor.py:653} WARNING - No viable dags retrieved from /opt/airflow/dags/load_rates.py
[2022-12-12 11:41:53,214] {processor.py:161} INFO - Processing /opt/airflow/dags/load_rates.py took 0.019 seconds
[2022-12-12 11:43:16,199] {processor.py:153} INFO - Started process (PID=41) to work on /opt/airflow/dags/load_rates.py
[2022-12-12 11:43:16,200] {processor.py:641} INFO - Processing file /opt/airflow/dags/load_rates.py for tasks to queue
[2022-12-12 11:43:16,200] {logging_mixin.py:115} INFO - [2022-12-12 11:43:16,200] {dagbag.py:507} INFO - Filling up the DagBag from /opt/airflow/dags/load_rates.py
[2022-12-12 11:43:16,203] {processor.py:653} WARNING - No viable dags retrieved from /opt/airflow/dags/load_rates.py
[2022-12-12 11:43:16,217] {processor.py:161} INFO - Processing /opt/airflow/dags/load_rates.py took 0.021 seconds
[2022-12-12 11:43:45,575] {processor.py:153} INFO - Started process (PID=104) to work on /opt/airflow/dags/load_rates.py
[2022-12-12 11:43:45,576] {processor.py:641} INFO - Processing file /opt/airflow/dags/load_rates.py for tasks to queue
[2022-12-12 11:43:45,576] {logging_mixin.py:115} INFO - [2022-12-12 11:43:45,576] {dagbag.py:507} INFO - Filling up the DagBag from /opt/airflow/dags/load_rates.py
[2022-12-12 11:43:45,579] {processor.py:651} INFO - DAG(s) dict_keys(['load_rates']) retrieved from /opt/airflow/dags/load_rates.py
[2022-12-12 11:43:45,735] {logging_mixin.py:115} INFO - [2022-12-12 11:43:45,735] {manager.py:508} INFO - Created Permission View: can read on DAG:load_rates
[2022-12-12 11:43:45,743] {logging_mixin.py:115} INFO - [2022-12-12 11:43:45,743] {manager.py:508} INFO - Created Permission View: can delete on DAG:load_rates
[2022-12-12 11:43:45,747] {logging_mixin.py:115} INFO - [2022-12-12 11:43:45,747] {manager.py:508} INFO - Created Permission View: can edit on DAG:load_rates
[2022-12-12 11:43:45,747] {logging_mixin.py:115} INFO - [2022-12-12 11:43:45,747] {dag.py:2371} INFO - Sync 1 DAGs
[2022-12-12 11:43:45,753] {logging_mixin.py:115} INFO - [2022-12-12 11:43:45,753] {dag.py:2390} INFO - Creating ORM DAG for load_rates
[2022-12-12 11:43:45,760] {logging_mixin.py:115} INFO - [2022-12-12 11:43:45,760] {dag.py:2919} INFO - Setting next_dagrun for load_rates to 2022-12-11T11:43:45.760344+00:00, run_after=2022-12-12T11:43:45.760344+00:00
[2022-12-12 11:43:45,769] {processor.py:161} INFO - Processing /opt/airflow/dags/load_rates.py took 0.196 seconds
[2022-12-12 11:44:15,902] {processor.py:153} INFO - Started process (PID=158) to work on /opt/airflow/dags/load_rates.py
[2022-12-12 11:44:15,903] {processor.py:641} INFO - Processing file /opt/airflow/dags/load_rates.py for tasks to queue
[2022-12-12 11:44:15,903] {logging_mixin.py:115} INFO - [2022-12-12 11:44:15,903] {dagbag.py:507} INFO - Filling up the DagBag from /opt/airflow/dags/load_rates.py
[2022-12-12 11:44:15,905] {processor.py:651} INFO - DAG(s) dict_keys(['load_rates']) retrieved from /opt/airflow/dags/load_rates.py
[2022-12-12 11:44:15,926] {logging_mixin.py:115} INFO - [2022-12-12 11:44:15,926] {dag.py:2371} INFO - Sync 1 DAGs
[2022-12-12 11:44:16,021] {logging_mixin.py:115} INFO - [2022-12-12 11:44:16,020] {dag.py:2919} INFO - Setting next_dagrun for load_rates to 2022-12-11T11:44:16.020805+00:00, run_after=2022-12-12T11:44:16.020805+00:00
[2022-12-12 11:44:16,029] {processor.py:161} INFO - Processing /opt/airflow/dags/load_rates.py took 0.130 seconds
