[2022-12-30 14:15:42,924] {taskinstance.py:1159} INFO - Dependencies all met for <TaskInstance: insert_new_rates.dag4_process_EOD_rates manual__2022-12-30T14:01:30.148908+00:00 [queued]>
[2022-12-30 14:15:42,930] {taskinstance.py:1159} INFO - Dependencies all met for <TaskInstance: insert_new_rates.dag4_process_EOD_rates manual__2022-12-30T14:01:30.148908+00:00 [queued]>
[2022-12-30 14:15:42,930] {taskinstance.py:1356} INFO - 
--------------------------------------------------------------------------------
[2022-12-30 14:15:42,930] {taskinstance.py:1357} INFO - Starting attempt 5 of 5
[2022-12-30 14:15:42,931] {taskinstance.py:1358} INFO - 
--------------------------------------------------------------------------------
[2022-12-30 14:15:42,941] {taskinstance.py:1377} INFO - Executing <Task(_PythonDecoratedOperator): dag4_process_EOD_rates> on 2022-12-30 14:01:30.148908+00:00
[2022-12-30 14:15:42,946] {standard_task_runner.py:52} INFO - Started process 8286 to run task
[2022-12-30 14:15:42,948] {standard_task_runner.py:79} INFO - Running: ['***', 'tasks', 'run', 'insert_new_rates', 'dag4_process_EOD_rates', 'manual__2022-12-30T14:01:30.148908+00:00', '--job-id', '80', '--raw', '--subdir', 'DAGS_FOLDER/insert_new_rates.py', '--cfg-path', '/tmp/tmpugojw5fk', '--error-file', '/tmp/tmp98yntllw']
[2022-12-30 14:15:42,949] {standard_task_runner.py:80} INFO - Job 80: Subtask dag4_process_EOD_rates
[2022-12-30 14:15:42,992] {task_command.py:369} INFO - Running <TaskInstance: insert_new_rates.dag4_process_EOD_rates manual__2022-12-30T14:01:30.148908+00:00 [running]> on host 99c1092660ad
[2022-12-30 14:15:43,055] {taskinstance.py:1571} INFO - Exporting the following env vars:
AIRFLOW_CTX_DAG_OWNER=***
AIRFLOW_CTX_DAG_ID=insert_new_rates
AIRFLOW_CTX_TASK_ID=dag4_process_EOD_rates
AIRFLOW_CTX_EXECUTION_DATE=2022-12-30T14:01:30.148908+00:00
AIRFLOW_CTX_TRY_NUMBER=5
AIRFLOW_CTX_DAG_RUN_ID=manual__2022-12-30T14:01:30.148908+00:00
[2022-12-30 14:15:43,068] {python.py:173} INFO - Done. Returned value was: None
[2022-12-30 14:15:43,077] {taskinstance.py:1400} INFO - Marking task as SUCCESS. dag_id=insert_new_rates, task_id=dag4_process_EOD_rates, execution_date=20221230T140130, start_date=20221230T141542, end_date=20221230T141543
[2022-12-30 14:15:43,120] {local_task_job.py:156} INFO - Task exited with return code 0
[2022-12-30 14:15:43,149] {local_task_job.py:273} INFO - 1 downstream tasks scheduled from follow-on schedule check
